[2018-01-20T23:04:24.278] [INFO] ICC - [BACKEND]-[WEBSERVICES] init on port:[3000]
[2018-01-20T23:04:27.747] [INFO] ICC - RID:[1516511067746]-[REQUEST]-[START]:[/addCotizacion]
[2018-01-20T23:04:27.749] [INFO] ICC - RID:[1516511067746]-[FREE-DML]-[START]
[2018-01-20T23:04:27.750] [DEBUG] DCC - RID:[1516511067746]-[FREE-DML]-[DML]:[ INSERT INTO [dbo].[SLOAA_TR_SERVICIO_COTIZACION]
           (
            [ID_ORDEN_SERVICIO]
           ,[ID_TIPO_SERVICIO]
           ,[ID_SERVICIO]
           ,[ID_UNIDAD]
		   
		   
           ,[PRECIO_UNITARIO]
           ,[CANTIDAD]
           ,[COTIZACION]
		   
           ,[DEDUCCION]
           ,[DEDUCCION_JUSTIFICACION]
           ,[PRECIO_SERVICIO_FINAL]
           ,[VALIDA_DISPONIBILIDAD]
		   )
     VALUES
           (
		   2,
		    2,
		    2001,
		    11,
		   
		    780,
		    2,
		    15600,
		   
		   
		   
		    0,
		   ' ',
		    0,
		    0
		   )]
[2018-01-20T23:04:34.621] [INFO] ICC - RID:[1516511067746]-[FREE-DML]-[END]:[OK]
[2018-01-20T23:04:34.623] [INFO] ICC - RID:[1516511067746]-[REQUEST]-[END]:[/addCotizacion]
[2018-01-20T23:06:24.222] [INFO] ICC - RID:[1516511184222]-[REQUEST]-[START]:[/addCotizacion]
[2018-01-20T23:06:24.223] [INFO] ICC - RID:[1516511184222]-[FREE-DML]-[START]
[2018-01-20T23:06:24.223] [DEBUG] DCC - RID:[1516511184222]-[FREE-DML]-[DML]:[ INSERT INTO [dbo].[SLOAA_TR_SERVICIO_COTIZACION]
           (
            [ID_ORDEN_SERVICIO]
           ,[ID_TIPO_SERVICIO]
           ,[ID_SERVICIO]
           ,[ID_UNIDAD]
		   
		   
           ,[PRECIO_UNITARIO]
           ,[CANTIDAD]
           ,[COTIZACION]
		   
           ,[DEDUCCION]
           ,[DEDUCCION_JUSTIFICACION]
           ,[PRECIO_SERVICIO_FINAL]
           ,[VALIDA_DISPONIBILIDAD]
		   )
     VALUES
           (
		   14,
		    1,
		    1001,
		    11,
		   
		    780,
		    2,
		    1560,
		   
		   
		   
		    0,
		   ' ',
		    0,
		    0
		   )]
[2018-01-20T23:06:31.039] [INFO] ICC - RID:[1516511184222]-[FREE-DML]-[END]:[OK]
[2018-01-20T23:06:31.041] [INFO] ICC - RID:[1516511184222]-[REQUEST]-[END]:[/addCotizacion]
[2018-01-20T23:07:31.009] [INFO] ICC - RID:[1516511251008]-[REQUEST]-[START]:[/addCotizacion]
[2018-01-20T23:07:31.009] [DEBUG] DCC - {"missing":[{"requiredFieldName":"idOrdenServicio","requiredFieldType":"string"}],"extra":[{"inputFieldName":"idServicioCotizacion","inputFieldType":"string"}]}
[2018-01-20T23:07:31.010] [ERROR] ECC - RID:[1516511251008]-[REQUEST]-[ERROR]:[Input parameter problem.]:[/addCotizacion]
