[2018-02-07T11:03:50.064] [INFO] ICC - [BACKEND]-[WEBSERVICES] init on port:[3000]
[2018-02-07T11:03:54.817] [INFO] ICC - RID:[1518023034817]-[REQUEST]-[START]:[/defaultSelect]
[2018-02-07T11:03:54.818] [INFO] ICC - RID:[1518023034817]-[SELECT]-[START]
[2018-02-07T11:03:54.818] [DEBUG] DCC - RID:[1518023034817]-[SELECT]-[QUERY]:[SELECT [CRED].[ID_CREDENCIAL]
      ,[CRED].[NOMBRE]
      ,[CRED].[USUARIO_NOMBRE]
      ,[CRED].[ID_AUTORIDAD]
	  ,[AUTH].[NOMBRE_AUTORIDAD]
	  ,[AUTH].[ID_ZONA]
         ,[CRED].[ID_ROL]
	  ,[ROL].[NOMBRE_ROL]
	  ,[ROL].[PRIVILEGIOS]
      ,[CRED].[ID_CREDENCIAL_SUPERIOR]
  FROM [dbo].[SLOAA_TR_CREDENCIAL] [CRED]
  LEFT JOIN  [dbo].[SLOAA_TC_AUTORIDAD] [AUTH] ON [CRED].[ID_AUTORIDAD]=[AUTH].[ID_AUTORIDAD]
  LEFT JOIN  [dbo].[SLOAA_TS_ROL] [ROL] ON [CRED].[ID_ROL]=[ROL].[ID_ROL]
  
  WHERE 
	            [CRED].[USUARIO_NOMBRE]='carlos.palacios'
		AND [CRED].[USUARIO_PASSWORD]='12345']
[2018-02-07T11:03:54.865] [INFO] ICC - RID:[1518023034817]-[SELECT]-[END]:[OK]
[2018-02-07T11:03:54.866] [INFO] ICC - RID:[1518023034817]-[REQUEST]-[END]:[/defaultSelect]
[2018-02-07T11:03:55.081] [INFO] ICC - RID:[1518023035081]-[REQUEST]-[START]:[/getAllOrdenServicio]
[2018-02-07T11:03:55.082] [INFO] ICC - RID:[1518023035081]-[SELECT]-[START]
[2018-02-07T11:03:55.082] [DEBUG] DCC - RID:[1518023035081]-[SELECT]-[QUERY]:[SELECT  
	    [ORD].[ID_ORDEN_SERVICIO]
      ,[ORD].[NUM_ORDEN]
      ,[ORD].[FECHA_SOLICITUD]
      ,[ORD].[DOMICILIO]
      ,[ORD].[FIRMA1_USER1]
      ,[ORD].[FIRMA1_USER2]
      ,[ORD].[FIRMA2_USER1]
      ,[ORD].[FIRMA2_USER2]
      ,[ORD].[ID_STATUS]
      ,[ORD].[METAINFO_FECHA_CREACION]
      ,[ORD].[METAINFO_IP]
      ,[ORD].[METAINFO_MAC_ADRR]
      ,[ORD].[LLAVE_SISTEMA]
      ,[ORD].[CIERRE_TOTAL]
	  
	   ,[CRED].[ID_CREDENCIAL]
      ,[CRED].[NOMBRE]
      ,[CRED].[CARGO]
      ,[CRED].[TELEFONO]
      ,[CRED].[EXT]
      ,[CRED].[EMAIL]
      ,[CRED].[PTT]
      ,[CRED].[MOVIL]
      ,[CRED].[USUARIO_NOMBRE]
      ,[CRED].[USUARIO_PASSWORD]
      ,[CRED].[ID_ROL]
      ,[CRED].[ID_CREDENCIAL_SUPERIOR]

	   ,[AUTH].[ID_AUTORIDAD]
      ,[AUTH].[NOMBRE_AUTORIDAD]
      ,[AUTH].[ESTADO]
      ,[AUTH].[NIVEL]
      ,[AUTH].[SERVICIO]
      ,[AUTH].[ID_ZONA] 
             ,[STATUS].[NOMBRE_STATUS]
  FROM 
  [SLOAA_TR_ORDEN_SERVICIO] [ORD]
 LEFT JOIN [SLOAA_TR_CREDENCIAL] [CRED] ON  [CRED].[ID_CREDENCIAL]=[ORD].[ID_CREDENCIAL]
 LEFT JOIN [SLOAA_TC_AUTORIDAD] [AUTH] ON  [AUTH].[ID_AUTORIDAD]=[CRED].[ID_AUTORIDAD]
 LEFT JOIN [dbo].[SLOAA_TC_STATUS] [STATUS] ON  [ORD].[ID_STATUS]=[STATUS].[ID_STATUS]
  WHERE
  1=1
 ]
[2018-02-07T11:03:55.108] [INFO] ICC - RID:[1518023035081]-[SELECT]-[END]:[OK]
[2018-02-07T11:03:55.109] [INFO] ICC - RID:[1518023035081]-[REQUEST]-[END]:[/getAllOrdenServicio]
[2018-02-07T11:03:58.725] [INFO] ICC - RID:[1518023038725]-[REQUEST]-[START]:[/getAllCotizacionXOrden]
[2018-02-07T11:03:58.726] [INFO] ICC - RID:[1518023038725]-[SELECT]-[START]
[2018-02-07T11:03:58.726] [DEBUG] DCC - RID:[1518023038725]-[SELECT]-[QUERY]:[SELECT COT.ID_SERVICIO_COTIZACION, COT.ID_ORDEN_SERVICIO, COT.PRECIO_UNITARIO, COT.CANTIDAD, COT.COTIZACION, COT.DEDUCCION, COT.DEDUCCION_JUSTIFICACION, COT.PRECIO_SERVICIO_FINAL, SERV.NOMBRE_SERVICIO, TIPO.TIPO, PRES.NOMBRE, SUBZ.SUBZONA, ZONA.ZONA FROM SLOAA_TR_SERVICIO_COTIZACION COT INNER JOIN SLOAA_TR_PRECIO_UNITARIO UNIT ON COT.ID_TIPO_SERVICIO = UNIT.ID_TIPO_SERVICIO AND COT.ID_SERVICIO = UNIT.ID_SERVICIO AND COT.ID_UNIDAD = UNIT.ID_UNIDAD INNER JOIN SLOAA_TC_SERVICIO SERV ON SERV.ID_SERVICIO = UNIT.ID_SERVICIO AND SERV.ID_SERVICIO = UNIT.ID_SERVICIO INNER JOIN SLOAA_TC_TIPO_SERVICIO TIPO ON TIPO.ID_TIPO_SERVICIO = SERV.ID_TIPO_SERVICIO INNER JOIN SLOAA_TC_PRESTADOR_SERVICIOS_X_SERVICIO PRESERV ON PRESERV.ID_PRESTADOR_SERVICIO = COT.ID_PRESTADOR_SERVICIO AND PRESERV.ID_TIPO_SERVICIO = COT.ID_TIPO_SERVICIO AND PRESERV.ID_SERVICIO = COT.ID_SERVICIO INNER JOIN SLOAA_TC_PRESTADOR_SERVICIOS PRES ON PRES.ID_PRESTADOR_SERVICIO = PRESERV.ID_PRESTADOR_SERVICIO AND PRES.ID_ZONA = PRESERV.ID_ZONA AND PRES.ID_SUBZONA = PRESERV.ID_SUBZONA INNER JOIN SLOAA_TC_SUBZONA SUBZ ON SUBZ.ID_ZONA = PRES.ID_ZONA AND SUBZ.ID_SUBZONA = PRES.ID_SUBZONA INNER JOIN SLOAA_TC_ZONA ZONA ON ZONA.ID_ZONA = SUBZ.ID_ZONA 
                        WHERE ID_ORDEN_SERVICIO =245]
[2018-02-07T11:03:58.766] [INFO] ICC - RID:[1518023038725]-[SELECT]-[END]:[OK]
[2018-02-07T11:03:58.767] [INFO] ICC - RID:[1518023038725]-[REQUEST]-[END]:[/getAllCotizacionXOrden]
[2018-02-07T11:08:23.592] [INFO] ICC - RID:[1518023303592]-[REQUEST]-[START]:[/getAllOrdenServicio]
[2018-02-07T11:08:23.592] [INFO] ICC - RID:[1518023303592]-[SELECT]-[START]
[2018-02-07T11:08:23.592] [DEBUG] DCC - RID:[1518023303592]-[SELECT]-[QUERY]:[SELECT  
	    [ORD].[ID_ORDEN_SERVICIO]
      ,[ORD].[NUM_ORDEN]
      ,[ORD].[FECHA_SOLICITUD]
      ,[ORD].[DOMICILIO]
      ,[ORD].[FIRMA1_USER1]
      ,[ORD].[FIRMA1_USER2]
      ,[ORD].[FIRMA2_USER1]
      ,[ORD].[FIRMA2_USER2]
      ,[ORD].[ID_STATUS]
      ,[ORD].[METAINFO_FECHA_CREACION]
      ,[ORD].[METAINFO_IP]
      ,[ORD].[METAINFO_MAC_ADRR]
      ,[ORD].[LLAVE_SISTEMA]
      ,[ORD].[CIERRE_TOTAL]
	  
	   ,[CRED].[ID_CREDENCIAL]
      ,[CRED].[NOMBRE]
      ,[CRED].[CARGO]
      ,[CRED].[TELEFONO]
      ,[CRED].[EXT]
      ,[CRED].[EMAIL]
      ,[CRED].[PTT]
      ,[CRED].[MOVIL]
      ,[CRED].[USUARIO_NOMBRE]
      ,[CRED].[USUARIO_PASSWORD]
      ,[CRED].[ID_ROL]
      ,[CRED].[ID_CREDENCIAL_SUPERIOR]

	   ,[AUTH].[ID_AUTORIDAD]
      ,[AUTH].[NOMBRE_AUTORIDAD]
      ,[AUTH].[ESTADO]
      ,[AUTH].[NIVEL]
      ,[AUTH].[SERVICIO]
      ,[AUTH].[ID_ZONA] 
             ,[STATUS].[NOMBRE_STATUS]
  FROM 
  [SLOAA_TR_ORDEN_SERVICIO] [ORD]
 LEFT JOIN [SLOAA_TR_CREDENCIAL] [CRED] ON  [CRED].[ID_CREDENCIAL]=[ORD].[ID_CREDENCIAL]
 LEFT JOIN [SLOAA_TC_AUTORIDAD] [AUTH] ON  [AUTH].[ID_AUTORIDAD]=[CRED].[ID_AUTORIDAD]
 LEFT JOIN [dbo].[SLOAA_TC_STATUS] [STATUS] ON  [ORD].[ID_STATUS]=[STATUS].[ID_STATUS]
  WHERE
  1=1
 ]
[2018-02-07T11:08:23.617] [INFO] ICC - RID:[1518023303592]-[SELECT]-[END]:[OK]
[2018-02-07T11:08:23.617] [INFO] ICC - RID:[1518023303592]-[REQUEST]-[END]:[/getAllOrdenServicio]
[2018-02-07T11:08:26.520] [INFO] ICC - RID:[1518023306520]-[REQUEST]-[START]:[/createOrdenServicio]
[2018-02-07T11:08:26.521] [INFO] ICC - RID:[1518023306520]-[SELECT]-[START]
[2018-02-07T11:08:26.521] [DEBUG] DCC - RID:[1518023306520]-[SELECT]-[QUERY]:[SELECT [ID_AUTORIDAD]
      ,[NOMBRE_AUTORIDAD]
      ,[ESTADO]
      ,[NIVEL]
      ,[SERVICIO]
      ,[ID_ZONA]
  FROM [SOA_db].[dbo].[SLOAA_TC_AUTORIDAD]
  WHERE  [ID_AUTORIDAD]=103]
[2018-02-07T11:08:26.539] [INFO] ICC - RID:[1518023306520]-[SELECT]-[END]:[OK]
[2018-02-07T11:08:26.540] [INFO] ICC - RID:[1518023306520]-[SELECT]-[START]
[2018-02-07T11:08:26.540] [DEBUG] DCC - RID:[1518023306520]-[SELECT]-[QUERY]:[SELECT
	CASE
	WHEN  MAX([ORD].[NUM_ORDEN]) IS NULL THEN 1
	ELSE MAX([ORD].[NUM_ORDEN])+1
	END  NEW_ORDEN
      
  FROM [dbo].[SLOAA_TR_ORDEN_SERVICIO] [ORD]
  LEFT JOIN [dbo].[SLOAA_TR_CREDENCIAL] [CRED] ON [ORD].[ID_CREDENCIAL]=[CRED].[ID_CREDENCIAL]
  WHERE
  1=1
	AND YEAR([ORD].[METAINFO_FECHA_CREACION])= YEAR(GetDate()) 
	AND [CRED].[ID_AUTORIDAD]=103]
[2018-02-07T11:08:26.554] [INFO] ICC - RID:[1518023306520]-[SELECT]-[END]:[OK]
[2018-02-07T11:08:26.555] [INFO] ICC - RID:[1518023306520]-[FREE-DML]-[START]
[2018-02-07T11:08:26.555] [DEBUG] DCC - RID:[1518023306520]-[FREE-DML]-[DML]:[INSERT INTO [dbo].[SLOAA_TR_ORDEN_SERVICIO]
  (
		
       [ORD].[NUM_ORDEN]
      ,[ORD].[FECHA_SOLICITUD]
      ,[ORD].[ID_CREDENCIAL]
      ,[ORD].[DOMICILIO]
      ,[ORD].[ID_STATUS]
      ,[ORD].[METAINFO_FECHA_CREACION]
      ,[ORD].[METAINFO_IP]
      ,[ORD].[METAINFO_MAC_ADRR]
      ,[ORD].[LLAVE_SISTEMA]
	  )
	  VALUES
	  (
	    42,
		'2018-02-07T17:08:00.000Z',
		1,
		'test',
		1,
		'2018-02-07T17:08:26.521Z',
		'::1',
		' ????????',
		'TNRS-Ciudad de México -AORS 6 Ciudad de México -2018-42'
	  )]
[2018-02-07T11:08:26.642] [INFO] ICC - RID:[1518023306520]-[FREE-DML]-[END]:[OK]
[2018-02-07T11:08:26.643] [INFO] ICC - RID:[1518023306520]-[SELECT]-[START]
[2018-02-07T11:08:26.643] [DEBUG] DCC - RID:[1518023306520]-[SELECT]-[QUERY]:[SELECT 
       [ID_ORDEN_SERVICIO]
      ,[NUM_ORDEN]
      ,[FECHA_SOLICITUD]
      ,[ID_CREDENCIAL]
      ,[DOMICILIO]
      ,[FIRMA1_USER1]
      ,[FIRMA1_USER2]
      ,[FIRMA2_USER1]
      ,[FIRMA2_USER2]
      ,[ID_STATUS]
      ,[METAINFO_FECHA_CREACION]
      ,[METAINFO_IP]
      ,[METAINFO_MAC_ADRR]
      ,[LLAVE_SISTEMA]
  FROM [SOA_db].[dbo].[SLOAA_TR_ORDEN_SERVICIO]
  WHERE [METAINFO_FECHA_CREACION]='2018-02-07T17:08:26.521Z']
[2018-02-07T11:08:26.661] [INFO] ICC - RID:[1518023306520]-[SELECT]-[END]:[OK]
[2018-02-07T11:08:26.661] [INFO] ICC - RID:[1518023306520]-[REQUEST]-[END]:[/createOrdenServicio]
[2018-02-07T11:08:27.019] [INFO] ICC - RID:[1518023307019]-[REQUEST]-[START]:[/getAllCotizacionXOrden]
[2018-02-07T11:08:27.020] [DEBUG] DCC - {"missing":[{"requiredFieldName":"idOrdenServicio","requiredFieldType":"string"}]}
[2018-02-07T11:08:27.020] [ERROR] ECC - RID:[1518023307019]-[REQUEST]-[ERROR]:[Input parameter problem.]:[/getAllCotizacionXOrden]
[2018-02-07T11:08:27.805] [INFO] ICC - RID:[1518023307805]-[REQUEST]-[START]:[/getAllTipoServicio]
[2018-02-07T11:08:27.805] [INFO] ICC - RID:[1518023307805]-[SELECT]-[START]
[2018-02-07T11:08:27.805] [DEBUG] DCC - RID:[1518023307805]-[SELECT]-[QUERY]:[SELECT 
 DISTINCT([SEL].[ID_TIPO_SERVICIO]),
		  [SEL].[TIPO]
 FROM  (
		SELECT [PSXS].[ID_PRESTADOR_SERVICIO]
			  ,[PSXS].[ID_ZONA]
			  ,[PSXS].[ID_SUBZONA]
			  ,[PSXS].[ID_TIPO_SERVICIO]
			  ,[TS].[TIPO]
			  ,[PSXS].[ID_SERVICIO]
		  FROM [SLOAA_TC_PRESTADOR_SERVICIOS_X_SERVICIO] [PSXS]
		  LEFT JOIN [SLOAA_TC_TIPO_SERVICIO] [TS] ON [PSXS].[ID_TIPO_SERVICIO]=[TS].[ID_TIPO_SERVICIO]
		  WHERE 
		  1=1
		  AND [PSXS].[ID_ZONA]=3
  )[SEL] ]
[2018-02-07T11:08:27.826] [INFO] ICC - RID:[1518023307805]-[SELECT]-[END]:[OK]
[2018-02-07T11:08:27.826] [INFO] ICC - RID:[1518023307805]-[REQUEST]-[END]:[/getAllTipoServicio]
[2018-02-07T11:08:29.486] [INFO] ICC - RID:[1518023309486]-[REQUEST]-[START]:[/getAllSubZona]
[2018-02-07T11:08:29.487] [INFO] ICC - RID:[1518023309486]-[SELECT]-[START]
[2018-02-07T11:08:29.487] [DEBUG] DCC - RID:[1518023309486]-[SELECT]-[QUERY]:[SELECT [ID_SUBZONA],[SUBZONA] FROM [SLOAA_TC_SUBZONA] WHERE 1=1 AND [ID_ZONA]=3]
[2018-02-07T11:08:29.506] [INFO] ICC - RID:[1518023309486]-[SELECT]-[END]:[OK]
[2018-02-07T11:08:29.507] [INFO] ICC - RID:[1518023309486]-[REQUEST]-[END]:[/getAllSubZona]
[2018-02-07T11:08:29.796] [INFO] ICC - RID:[1518023309796]-[REQUEST]-[START]:[/getAllServicios]
[2018-02-07T11:08:29.797] [INFO] ICC - RID:[1518023309796]-[SELECT]-[START]
[2018-02-07T11:08:29.797] [DEBUG] DCC - RID:[1518023309796]-[SELECT]-[QUERY]:[SELECT 
 DISTINCT([SEL].[ID_SERVICIO]),
		  [SEL].[NOMBRE_SERVICIO]
 FROM  (
		SELECT [PSXS].[ID_PRESTADOR_SERVICIO]
			  ,[PSXS].[ID_ZONA]
			  ,[PSXS].[ID_SUBZONA]
			  ,[PSXS].[ID_TIPO_SERVICIO]
			  ,[PSXS].[ID_SERVICIO]
			  ,[SERV].[NOMBRE_SERVICIO]
		  FROM [SLOAA_TC_PRESTADOR_SERVICIOS_X_SERVICIO] [PSXS]
		  LEFT JOIN [SLOAA_TC_SERVICIO] [SERV] ON [PSXS].[ID_SERVICIO]=[SERV].[ID_SERVICIO]
		  WHERE 
		  1=1
		  AND [PSXS].[ID_ZONA]=3
		  AND [PSXS].[ID_SUBZONA]=1
		  AND [PSXS].[ID_TIPO_SERVICIO]=1
  )[SEL]]
[2018-02-07T11:08:29.818] [INFO] ICC - RID:[1518023309796]-[SELECT]-[END]:[OK]
[2018-02-07T11:08:29.819] [INFO] ICC - RID:[1518023309796]-[REQUEST]-[END]:[/getAllServicios]
[2018-02-07T11:08:30.080] [INFO] ICC - RID:[1518023310080]-[REQUEST]-[START]:[/getAllProvedores]
[2018-02-07T11:08:30.080] [INFO] ICC - RID:[1518023310080]-[SELECT]-[START]
[2018-02-07T11:08:30.081] [DEBUG] DCC - RID:[1518023310080]-[SELECT]-[QUERY]:[SELECT 
 DISTINCT([SEL].[ID_PRESTADOR_SERVICIO]),
		  [SEL].[NOMBRE]
 FROM  (
		SELECT [PSXS].[ID_PRESTADOR_SERVICIO]
			  ,[PSXS].[ID_ZONA]
			  ,[PSXS].[ID_SUBZONA]
			  ,[PSXS].[ID_TIPO_SERVICIO]
			  ,[PSXS].[ID_SERVICIO]
			  ,[PS].[NOMBRE]
			  ,[PS].[CORREO_ELECTRONICO]
		  FROM [SLOAA_TC_PRESTADOR_SERVICIOS_X_SERVICIO] [PSXS]
		  LEFT JOIN [SLOAA_TC_PRESTADOR_SERVICIOS] [PS] ON [PSXS].[ID_PRESTADOR_SERVICIO]=[PS].[ID_PRESTADOR_SERVICIO]
		  WHERE 
		  1=1
		  AND [PSXS].[ID_ZONA]=3
		  AND [PSXS].[ID_SUBZONA]=1
		  AND [PSXS].[ID_TIPO_SERVICIO]=1
		  AND [PSXS].[ID_SERVICIO]=1001
  )[SEL]]
[2018-02-07T11:08:30.098] [INFO] ICC - RID:[1518023310080]-[SELECT]-[END]:[OK]
[2018-02-07T11:08:30.099] [INFO] ICC - RID:[1518023310080]-[REQUEST]-[END]:[/getAllProvedores]
[2018-02-07T11:08:30.451] [INFO] ICC - RID:[1518023310451]-[REQUEST]-[START]:[/getUnidadYPrecioUnitarioXServicio]
[2018-02-07T11:08:30.451] [INFO] ICC - RID:[1518023310451]-[SELECT]-[START]
[2018-02-07T11:08:30.452] [DEBUG] DCC - RID:[1518023310451]-[SELECT]-[QUERY]:[SELECT [QRY].*,
	  [UNI].[UNIDAD]
	   FROM
(
  SELECT 
      DISTINCT([PU].[ID_UNIDAD]),
	  [PU].[PRECIO_UNITARIO]
  FROM [dbo].[SLOAA_TR_PRECIO_UNITARIO] [PU]
  WHERE 1=1 
  AND [PU].[ID_TIPO_SERVICIO]=1
  AND  [PU].[ID_SERVICIO]=1001
)[QRY]
LEFT JOIN [dbo].[SLOAA_TC_UNIDAD] [UNI] ON [QRY].[ID_UNIDAD]=[UNI].[ID_UNIDAD]]
[2018-02-07T11:08:30.473] [INFO] ICC - RID:[1518023310451]-[SELECT]-[END]:[OK]
[2018-02-07T11:08:30.473] [INFO] ICC - RID:[1518023310451]-[REQUEST]-[END]:[/getUnidadYPrecioUnitarioXServicio]
[2018-02-07T11:08:31.462] [INFO] ICC - RID:[1518023311462]-[REQUEST]-[START]:[/addCotizacion]
[2018-02-07T11:08:31.462] [INFO] ICC - RID:[1518023311462]-[FREE-DML]-[START]
[2018-02-07T11:08:31.463] [DEBUG] DCC - RID:[1518023311462]-[FREE-DML]-[DML]:[ INSERT INTO [dbo].[SLOAA_TR_SERVICIO_COTIZACION]
           (
            [ID_ORDEN_SERVICIO]
           ,[ID_TIPO_SERVICIO]
           ,[ID_SERVICIO]
           ,[ID_UNIDAD]
		   
		   
           ,[PRECIO_UNITARIO]
           ,[CANTIDAD]
           ,[COTIZACION]
		   
           ,[DEDUCCION_CANTIDAD]
           ,[DEDUCCION_TIEMPO]
           ,[CANCELACION]
           ,[DEDUCCION]
           ,[DEDUCCION_JUSTIFICACION]
           ,[PRECIO_SERVICIO_FINAL]
           ,[VALIDA_DISPONIBILIDAD]
           ,[ID_ZONA]
           ,[ID_SUBZONA]
           ,[ID_PRESTADOR_SERVICIO]
		   )
     VALUES
           (
		   246 
		   , 1 
		   , 1001 
		   , 1 
		   
		   , 1 
		   , 1 
		   , 1 
		   
		   
		   
		   , 0 
		   , 0 
		   , 0 
		   , 0 
		   , '' 
		   , 0 
		   , 0 
		   , 3
		   , 1
		   , 1
		   )]
[2018-02-07T11:08:31.485] [INFO] ICC - RID:[1518023311462]-[FREE-DML]-[END]:[OK]
[2018-02-07T11:08:31.486] [INFO] ICC - RID:[1518023311462]-[REQUEST]-[END]:[/addCotizacion]
[2018-02-07T11:08:31.574] [INFO] ICC - RID:[1518023311574]-[REQUEST]-[START]:[/getAllCotizacionXOrden]
[2018-02-07T11:08:31.575] [INFO] ICC - RID:[1518023311574]-[SELECT]-[START]
[2018-02-07T11:08:31.575] [DEBUG] DCC - RID:[1518023311574]-[SELECT]-[QUERY]:[SELECT COT.ID_SERVICIO_COTIZACION, COT.ID_ORDEN_SERVICIO, COT.PRECIO_UNITARIO, COT.CANTIDAD, COT.COTIZACION, COT.DEDUCCION, COT.DEDUCCION_JUSTIFICACION, COT.PRECIO_SERVICIO_FINAL, SERV.NOMBRE_SERVICIO, TIPO.TIPO, PRES.NOMBRE, SUBZ.SUBZONA, ZONA.ZONA FROM SLOAA_TR_SERVICIO_COTIZACION COT INNER JOIN SLOAA_TR_PRECIO_UNITARIO UNIT ON COT.ID_TIPO_SERVICIO = UNIT.ID_TIPO_SERVICIO AND COT.ID_SERVICIO = UNIT.ID_SERVICIO AND COT.ID_UNIDAD = UNIT.ID_UNIDAD INNER JOIN SLOAA_TC_SERVICIO SERV ON SERV.ID_SERVICIO = UNIT.ID_SERVICIO AND SERV.ID_SERVICIO = UNIT.ID_SERVICIO INNER JOIN SLOAA_TC_TIPO_SERVICIO TIPO ON TIPO.ID_TIPO_SERVICIO = SERV.ID_TIPO_SERVICIO INNER JOIN SLOAA_TC_PRESTADOR_SERVICIOS_X_SERVICIO PRESERV ON PRESERV.ID_PRESTADOR_SERVICIO = COT.ID_PRESTADOR_SERVICIO AND PRESERV.ID_TIPO_SERVICIO = COT.ID_TIPO_SERVICIO AND PRESERV.ID_SERVICIO = COT.ID_SERVICIO INNER JOIN SLOAA_TC_PRESTADOR_SERVICIOS PRES ON PRES.ID_PRESTADOR_SERVICIO = PRESERV.ID_PRESTADOR_SERVICIO AND PRES.ID_ZONA = PRESERV.ID_ZONA AND PRES.ID_SUBZONA = PRESERV.ID_SUBZONA INNER JOIN SLOAA_TC_SUBZONA SUBZ ON SUBZ.ID_ZONA = PRES.ID_ZONA AND SUBZ.ID_SUBZONA = PRES.ID_SUBZONA INNER JOIN SLOAA_TC_ZONA ZONA ON ZONA.ID_ZONA = SUBZ.ID_ZONA 
                        WHERE ID_ORDEN_SERVICIO =246]
[2018-02-07T11:08:31.614] [INFO] ICC - RID:[1518023311574]-[SELECT]-[END]:[OK]
[2018-02-07T11:08:31.614] [INFO] ICC - RID:[1518023311574]-[REQUEST]-[END]:[/getAllCotizacionXOrden]
[2018-02-07T11:08:33.768] [INFO] ICC - RID:[1518023313768]-[REQUEST]-[START]:[/getAllTipoServicio]
[2018-02-07T11:08:33.768] [INFO] ICC - RID:[1518023313768]-[SELECT]-[START]
[2018-02-07T11:08:33.768] [DEBUG] DCC - RID:[1518023313768]-[SELECT]-[QUERY]:[SELECT 
 DISTINCT([SEL].[ID_TIPO_SERVICIO]),
		  [SEL].[TIPO]
 FROM  (
		SELECT [PSXS].[ID_PRESTADOR_SERVICIO]
			  ,[PSXS].[ID_ZONA]
			  ,[PSXS].[ID_SUBZONA]
			  ,[PSXS].[ID_TIPO_SERVICIO]
			  ,[TS].[TIPO]
			  ,[PSXS].[ID_SERVICIO]
		  FROM [SLOAA_TC_PRESTADOR_SERVICIOS_X_SERVICIO] [PSXS]
		  LEFT JOIN [SLOAA_TC_TIPO_SERVICIO] [TS] ON [PSXS].[ID_TIPO_SERVICIO]=[TS].[ID_TIPO_SERVICIO]
		  WHERE 
		  1=1
		  AND [PSXS].[ID_ZONA]=3
  )[SEL] ]
[2018-02-07T11:08:33.782] [INFO] ICC - RID:[1518023313768]-[SELECT]-[END]:[OK]
[2018-02-07T11:08:33.782] [INFO] ICC - RID:[1518023313768]-[REQUEST]-[END]:[/getAllTipoServicio]
[2018-02-07T11:08:33.801] [INFO] ICC - RID:[1518023313801]-[REQUEST]-[START]:[/getAllSubZona]
[2018-02-07T11:08:33.801] [INFO] ICC - RID:[1518023313801]-[SELECT]-[START]
[2018-02-07T11:08:33.802] [DEBUG] DCC - RID:[1518023313801]-[SELECT]-[QUERY]:[SELECT [ID_SUBZONA],[SUBZONA] FROM [SLOAA_TC_SUBZONA] WHERE 1=1 AND [ID_ZONA]=3]
[2018-02-07T11:08:33.813] [INFO] ICC - RID:[1518023313801]-[SELECT]-[END]:[OK]
[2018-02-07T11:08:33.813] [INFO] ICC - RID:[1518023313801]-[REQUEST]-[END]:[/getAllSubZona]
[2018-02-07T11:08:33.860] [INFO] ICC - RID:[1518023313860]-[REQUEST]-[START]:[/getAllServicios]
[2018-02-07T11:08:33.860] [INFO] ICC - RID:[1518023313860]-[SELECT]-[START]
[2018-02-07T11:08:33.860] [DEBUG] DCC - RID:[1518023313860]-[SELECT]-[QUERY]:[SELECT 
 DISTINCT([SEL].[ID_SERVICIO]),
		  [SEL].[NOMBRE_SERVICIO]
 FROM  (
		SELECT [PSXS].[ID_PRESTADOR_SERVICIO]
			  ,[PSXS].[ID_ZONA]
			  ,[PSXS].[ID_SUBZONA]
			  ,[PSXS].[ID_TIPO_SERVICIO]
			  ,[PSXS].[ID_SERVICIO]
			  ,[SERV].[NOMBRE_SERVICIO]
		  FROM [SLOAA_TC_PRESTADOR_SERVICIOS_X_SERVICIO] [PSXS]
		  LEFT JOIN [SLOAA_TC_SERVICIO] [SERV] ON [PSXS].[ID_SERVICIO]=[SERV].[ID_SERVICIO]
		  WHERE 
		  1=1
		  AND [PSXS].[ID_ZONA]=3
		  AND [PSXS].[ID_SUBZONA]=
		  AND [PSXS].[ID_TIPO_SERVICIO]=
  )[SEL]]
[2018-02-07T11:08:33.884] [ERROR] ECC - RID:[1518023313860]-[SELECT]-[END]:[FAIL]:[Incorrect syntax near the keyword 'AND'.]
[2018-02-07T11:08:33.884] [ERROR] ECC - RID:[1518023313860]-[REQUEST]-[ERROR]:[Incorrect syntax near the keyword 'AND'.]:[/getAllServicios]
[2018-02-07T11:08:33.899] [INFO] ICC - RID:[1518023313899]-[REQUEST]-[START]:[/getAllProvedores]
[2018-02-07T11:08:33.899] [INFO] ICC - RID:[1518023313899]-[SELECT]-[START]
[2018-02-07T11:08:33.899] [DEBUG] DCC - RID:[1518023313899]-[SELECT]-[QUERY]:[SELECT 
 DISTINCT([SEL].[ID_PRESTADOR_SERVICIO]),
		  [SEL].[NOMBRE]
 FROM  (
		SELECT [PSXS].[ID_PRESTADOR_SERVICIO]
			  ,[PSXS].[ID_ZONA]
			  ,[PSXS].[ID_SUBZONA]
			  ,[PSXS].[ID_TIPO_SERVICIO]
			  ,[PSXS].[ID_SERVICIO]
			  ,[PS].[NOMBRE]
			  ,[PS].[CORREO_ELECTRONICO]
		  FROM [SLOAA_TC_PRESTADOR_SERVICIOS_X_SERVICIO] [PSXS]
		  LEFT JOIN [SLOAA_TC_PRESTADOR_SERVICIOS] [PS] ON [PSXS].[ID_PRESTADOR_SERVICIO]=[PS].[ID_PRESTADOR_SERVICIO]
		  WHERE 
		  1=1
		  AND [PSXS].[ID_ZONA]=3
		  AND [PSXS].[ID_SUBZONA]=
		  AND [PSXS].[ID_TIPO_SERVICIO]=
		  AND [PSXS].[ID_SERVICIO]=
  )[SEL]]
[2018-02-07T11:08:33.912] [ERROR] ECC - RID:[1518023313899]-[SELECT]-[END]:[FAIL]:[Incorrect syntax near the keyword 'AND'.]
[2018-02-07T11:08:33.912] [ERROR] ECC - RID:[1518023313899]-[REQUEST]-[ERROR]:[Incorrect syntax near the keyword 'AND'.]:[/getAllProvedores]
[2018-02-07T11:08:33.952] [INFO] ICC - RID:[1518023313952]-[REQUEST]-[START]:[/getUnidadYPrecioUnitarioXServicio]
[2018-02-07T11:08:33.952] [INFO] ICC - RID:[1518023313952]-[SELECT]-[START]
[2018-02-07T11:08:33.952] [DEBUG] DCC - RID:[1518023313952]-[SELECT]-[QUERY]:[SELECT [QRY].*,
	  [UNI].[UNIDAD]
	   FROM
(
  SELECT 
      DISTINCT([PU].[ID_UNIDAD]),
	  [PU].[PRECIO_UNITARIO]
  FROM [dbo].[SLOAA_TR_PRECIO_UNITARIO] [PU]
  WHERE 1=1 
  AND [PU].[ID_TIPO_SERVICIO]=
  AND  [PU].[ID_SERVICIO]=
)[QRY]
LEFT JOIN [dbo].[SLOAA_TC_UNIDAD] [UNI] ON [QRY].[ID_UNIDAD]=[UNI].[ID_UNIDAD]]
[2018-02-07T11:08:33.963] [ERROR] ECC - RID:[1518023313952]-[SELECT]-[END]:[FAIL]:[Incorrect syntax near the keyword 'AND'.]
[2018-02-07T11:08:33.963] [ERROR] ECC - RID:[1518023313952]-[REQUEST]-[ERROR]:[Incorrect syntax near the keyword 'AND'.]:[/getUnidadYPrecioUnitarioXServicio]
