[2018-02-07T11:03:50.064] [INFO] ICC - [BACKEND]-[WEBSERVICES] init on port:[3000]
[2018-02-07T11:03:54.817] [INFO] ICC - RID:[1518023034817]-[REQUEST]-[START]:[/defaultSelect]
[2018-02-07T11:03:54.818] [INFO] ICC - RID:[1518023034817]-[SELECT]-[START]
[2018-02-07T11:03:54.865] [INFO] ICC - RID:[1518023034817]-[SELECT]-[END]:[OK]
[2018-02-07T11:03:54.866] [INFO] ICC - RID:[1518023034817]-[REQUEST]-[END]:[/defaultSelect]
[2018-02-07T11:03:55.081] [INFO] ICC - RID:[1518023035081]-[REQUEST]-[START]:[/getAllOrdenServicio]
[2018-02-07T11:03:55.082] [INFO] ICC - RID:[1518023035081]-[SELECT]-[START]
[2018-02-07T11:03:55.108] [INFO] ICC - RID:[1518023035081]-[SELECT]-[END]:[OK]
[2018-02-07T11:03:55.109] [INFO] ICC - RID:[1518023035081]-[REQUEST]-[END]:[/getAllOrdenServicio]
[2018-02-07T11:03:58.725] [INFO] ICC - RID:[1518023038725]-[REQUEST]-[START]:[/getAllCotizacionXOrden]
[2018-02-07T11:03:58.726] [INFO] ICC - RID:[1518023038725]-[SELECT]-[START]
[2018-02-07T11:03:58.766] [INFO] ICC - RID:[1518023038725]-[SELECT]-[END]:[OK]
[2018-02-07T11:03:58.767] [INFO] ICC - RID:[1518023038725]-[REQUEST]-[END]:[/getAllCotizacionXOrden]
[2018-02-07T11:08:23.592] [INFO] ICC - RID:[1518023303592]-[REQUEST]-[START]:[/getAllOrdenServicio]
[2018-02-07T11:08:23.592] [INFO] ICC - RID:[1518023303592]-[SELECT]-[START]
[2018-02-07T11:08:23.617] [INFO] ICC - RID:[1518023303592]-[SELECT]-[END]:[OK]
[2018-02-07T11:08:23.617] [INFO] ICC - RID:[1518023303592]-[REQUEST]-[END]:[/getAllOrdenServicio]
[2018-02-07T11:08:26.520] [INFO] ICC - RID:[1518023306520]-[REQUEST]-[START]:[/createOrdenServicio]
[2018-02-07T11:08:26.521] [INFO] ICC - RID:[1518023306520]-[SELECT]-[START]
[2018-02-07T11:08:26.539] [INFO] ICC - RID:[1518023306520]-[SELECT]-[END]:[OK]
[2018-02-07T11:08:26.540] [INFO] ICC - RID:[1518023306520]-[SELECT]-[START]
[2018-02-07T11:08:26.554] [INFO] ICC - RID:[1518023306520]-[SELECT]-[END]:[OK]
[2018-02-07T11:08:26.555] [INFO] ICC - RID:[1518023306520]-[FREE-DML]-[START]
[2018-02-07T11:08:26.642] [INFO] ICC - RID:[1518023306520]-[FREE-DML]-[END]:[OK]
[2018-02-07T11:08:26.643] [INFO] ICC - RID:[1518023306520]-[SELECT]-[START]
[2018-02-07T11:08:26.661] [INFO] ICC - RID:[1518023306520]-[SELECT]-[END]:[OK]
[2018-02-07T11:08:26.661] [INFO] ICC - RID:[1518023306520]-[REQUEST]-[END]:[/createOrdenServicio]
[2018-02-07T11:08:27.019] [INFO] ICC - RID:[1518023307019]-[REQUEST]-[START]:[/getAllCotizacionXOrden]
[2018-02-07T11:08:27.020] [ERROR] ECC - RID:[1518023307019]-[REQUEST]-[ERROR]:[Input parameter problem.]:[/getAllCotizacionXOrden]
[2018-02-07T11:08:27.805] [INFO] ICC - RID:[1518023307805]-[REQUEST]-[START]:[/getAllTipoServicio]
[2018-02-07T11:08:27.805] [INFO] ICC - RID:[1518023307805]-[SELECT]-[START]
[2018-02-07T11:08:27.826] [INFO] ICC - RID:[1518023307805]-[SELECT]-[END]:[OK]
[2018-02-07T11:08:27.826] [INFO] ICC - RID:[1518023307805]-[REQUEST]-[END]:[/getAllTipoServicio]
[2018-02-07T11:08:29.486] [INFO] ICC - RID:[1518023309486]-[REQUEST]-[START]:[/getAllSubZona]
[2018-02-07T11:08:29.487] [INFO] ICC - RID:[1518023309486]-[SELECT]-[START]
[2018-02-07T11:08:29.506] [INFO] ICC - RID:[1518023309486]-[SELECT]-[END]:[OK]
[2018-02-07T11:08:29.507] [INFO] ICC - RID:[1518023309486]-[REQUEST]-[END]:[/getAllSubZona]
[2018-02-07T11:08:29.796] [INFO] ICC - RID:[1518023309796]-[REQUEST]-[START]:[/getAllServicios]
[2018-02-07T11:08:29.797] [INFO] ICC - RID:[1518023309796]-[SELECT]-[START]
[2018-02-07T11:08:29.818] [INFO] ICC - RID:[1518023309796]-[SELECT]-[END]:[OK]
[2018-02-07T11:08:29.819] [INFO] ICC - RID:[1518023309796]-[REQUEST]-[END]:[/getAllServicios]
[2018-02-07T11:08:30.080] [INFO] ICC - RID:[1518023310080]-[REQUEST]-[START]:[/getAllProvedores]
[2018-02-07T11:08:30.080] [INFO] ICC - RID:[1518023310080]-[SELECT]-[START]
[2018-02-07T11:08:30.098] [INFO] ICC - RID:[1518023310080]-[SELECT]-[END]:[OK]
[2018-02-07T11:08:30.099] [INFO] ICC - RID:[1518023310080]-[REQUEST]-[END]:[/getAllProvedores]
[2018-02-07T11:08:30.451] [INFO] ICC - RID:[1518023310451]-[REQUEST]-[START]:[/getUnidadYPrecioUnitarioXServicio]
[2018-02-07T11:08:30.451] [INFO] ICC - RID:[1518023310451]-[SELECT]-[START]
[2018-02-07T11:08:30.473] [INFO] ICC - RID:[1518023310451]-[SELECT]-[END]:[OK]
[2018-02-07T11:08:30.473] [INFO] ICC - RID:[1518023310451]-[REQUEST]-[END]:[/getUnidadYPrecioUnitarioXServicio]
[2018-02-07T11:08:31.462] [INFO] ICC - RID:[1518023311462]-[REQUEST]-[START]:[/addCotizacion]
[2018-02-07T11:08:31.462] [INFO] ICC - RID:[1518023311462]-[FREE-DML]-[START]
[2018-02-07T11:08:31.485] [INFO] ICC - RID:[1518023311462]-[FREE-DML]-[END]:[OK]
[2018-02-07T11:08:31.486] [INFO] ICC - RID:[1518023311462]-[REQUEST]-[END]:[/addCotizacion]
[2018-02-07T11:08:31.574] [INFO] ICC - RID:[1518023311574]-[REQUEST]-[START]:[/getAllCotizacionXOrden]
[2018-02-07T11:08:31.575] [INFO] ICC - RID:[1518023311574]-[SELECT]-[START]
[2018-02-07T11:08:31.614] [INFO] ICC - RID:[1518023311574]-[SELECT]-[END]:[OK]
[2018-02-07T11:08:31.614] [INFO] ICC - RID:[1518023311574]-[REQUEST]-[END]:[/getAllCotizacionXOrden]
[2018-02-07T11:08:33.768] [INFO] ICC - RID:[1518023313768]-[REQUEST]-[START]:[/getAllTipoServicio]
[2018-02-07T11:08:33.768] [INFO] ICC - RID:[1518023313768]-[SELECT]-[START]
[2018-02-07T11:08:33.782] [INFO] ICC - RID:[1518023313768]-[SELECT]-[END]:[OK]
[2018-02-07T11:08:33.782] [INFO] ICC - RID:[1518023313768]-[REQUEST]-[END]:[/getAllTipoServicio]
[2018-02-07T11:08:33.801] [INFO] ICC - RID:[1518023313801]-[REQUEST]-[START]:[/getAllSubZona]
[2018-02-07T11:08:33.801] [INFO] ICC - RID:[1518023313801]-[SELECT]-[START]
[2018-02-07T11:08:33.813] [INFO] ICC - RID:[1518023313801]-[SELECT]-[END]:[OK]
[2018-02-07T11:08:33.813] [INFO] ICC - RID:[1518023313801]-[REQUEST]-[END]:[/getAllSubZona]
[2018-02-07T11:08:33.860] [INFO] ICC - RID:[1518023313860]-[REQUEST]-[START]:[/getAllServicios]
[2018-02-07T11:08:33.860] [INFO] ICC - RID:[1518023313860]-[SELECT]-[START]
[2018-02-07T11:08:33.884] [ERROR] ECC - RID:[1518023313860]-[SELECT]-[END]:[FAIL]:[Incorrect syntax near the keyword 'AND'.]
[2018-02-07T11:08:33.884] [ERROR] ECC - RID:[1518023313860]-[REQUEST]-[ERROR]:[Incorrect syntax near the keyword 'AND'.]:[/getAllServicios]
[2018-02-07T11:08:33.899] [INFO] ICC - RID:[1518023313899]-[REQUEST]-[START]:[/getAllProvedores]
[2018-02-07T11:08:33.899] [INFO] ICC - RID:[1518023313899]-[SELECT]-[START]
[2018-02-07T11:08:33.912] [ERROR] ECC - RID:[1518023313899]-[SELECT]-[END]:[FAIL]:[Incorrect syntax near the keyword 'AND'.]
[2018-02-07T11:08:33.912] [ERROR] ECC - RID:[1518023313899]-[REQUEST]-[ERROR]:[Incorrect syntax near the keyword 'AND'.]:[/getAllProvedores]
[2018-02-07T11:08:33.952] [INFO] ICC - RID:[1518023313952]-[REQUEST]-[START]:[/getUnidadYPrecioUnitarioXServicio]
[2018-02-07T11:08:33.952] [INFO] ICC - RID:[1518023313952]-[SELECT]-[START]
[2018-02-07T11:08:33.963] [ERROR] ECC - RID:[1518023313952]-[SELECT]-[END]:[FAIL]:[Incorrect syntax near the keyword 'AND'.]
[2018-02-07T11:08:33.963] [ERROR] ECC - RID:[1518023313952]-[REQUEST]-[ERROR]:[Incorrect syntax near the keyword 'AND'.]:[/getUnidadYPrecioUnitarioXServicio]
