[2018-01-29T16:05:27.428] [INFO] ICC - RID:[1517263527428]-[REQUEST]-[START]:[/defaultSelect]
[2018-01-29T16:05:27.430] [INFO] ICC - RID:[1517263527428]-[SELECT]-[START]
[2018-01-29T16:05:27.465] [INFO] ICC - RID:[1517263527428]-[SELECT]-[END]:[OK]
[2018-01-29T16:05:27.466] [INFO] ICC - RID:[1517263527428]-[REQUEST]-[END]:[/defaultSelect]
[2018-01-29T16:05:27.675] [INFO] ICC - RID:[1517263527675]-[REQUEST]-[START]:[/getAllOrdenServicio]
[2018-01-29T16:05:27.675] [INFO] ICC - RID:[1517263527675]-[SELECT]-[START]
[2018-01-29T16:05:27.702] [INFO] ICC - RID:[1517263527675]-[SELECT]-[END]:[OK]
[2018-01-29T16:05:27.702] [INFO] ICC - RID:[1517263527675]-[REQUEST]-[END]:[/getAllOrdenServicio]
[2018-01-29T16:05:28.944] [INFO] ICC - RID:[1517263528944]-[REQUEST]-[START]:[/getAllCotizacionXOrden]
[2018-01-29T16:05:28.944] [ERROR] ECC - RID:[1517263528944]-[REQUEST]-[ERROR]:[Input parameter problem.]:[/getAllCotizacionXOrden]
[2018-01-29T16:05:28.945] [INFO] ICC - RID:[1517263528945]-[REQUEST]-[START]:[/getAllOrdenServicio]
[2018-01-29T16:05:28.946] [ERROR] ECC - RID:[1517263528945]-[REQUEST]-[ERROR]:[Input parameter problem.]:[/getAllOrdenServicio]
[2018-01-29T16:05:28.958] [INFO] ICC - RID:[1517263528958]-[REQUEST]-[START]:[/getAllCotizacionXOrden]
[2018-01-29T16:05:28.958] [ERROR] ECC - RID:[1517263528958]-[REQUEST]-[ERROR]:[Input parameter problem.]:[/getAllCotizacionXOrden]
[2018-01-29T16:05:39.278] [INFO] ICC - RID:[1517263539278]-[REQUEST]-[START]:[/defaultSelect]
[2018-01-29T16:05:39.279] [INFO] ICC - RID:[1517263539278]-[SELECT]-[START]
[2018-01-29T16:05:39.304] [INFO] ICC - RID:[1517263539278]-[SELECT]-[END]:[OK]
[2018-01-29T16:05:39.304] [INFO] ICC - RID:[1517263539278]-[REQUEST]-[END]:[/defaultSelect]
[2018-01-29T16:05:39.545] [INFO] ICC - RID:[1517263539545]-[REQUEST]-[START]:[/getAllOrdenServicio]
[2018-01-29T16:05:39.546] [INFO] ICC - RID:[1517263539545]-[SELECT]-[START]
[2018-01-29T16:05:39.572] [INFO] ICC - RID:[1517263539545]-[SELECT]-[END]:[OK]
[2018-01-29T16:05:39.572] [INFO] ICC - RID:[1517263539545]-[REQUEST]-[END]:[/getAllOrdenServicio]
[2018-01-29T16:05:40.489] [INFO] ICC - RID:[1517263540489]-[REQUEST]-[START]:[/getAllCotizacionXOrden]
[2018-01-29T16:05:40.490] [ERROR] ECC - RID:[1517263540489]-[REQUEST]-[ERROR]:[Input parameter problem.]:[/getAllCotizacionXOrden]
[2018-01-29T16:05:40.492] [INFO] ICC - RID:[1517263540492]-[REQUEST]-[START]:[/getAllOrdenServicio]
[2018-01-29T16:05:40.493] [ERROR] ECC - RID:[1517263540492]-[REQUEST]-[ERROR]:[Input parameter problem.]:[/getAllOrdenServicio]
[2018-01-29T16:05:40.503] [INFO] ICC - RID:[1517263540503]-[REQUEST]-[START]:[/getAllCotizacionXOrden]
[2018-01-29T16:05:40.504] [ERROR] ECC - RID:[1517263540503]-[REQUEST]-[ERROR]:[Input parameter problem.]:[/getAllCotizacionXOrden]
[2018-01-29T16:05:42.466] [INFO] ICC - RID:[1517263542466]-[REQUEST]-[START]:[/createOrdenServicio]
[2018-01-29T16:05:42.467] [INFO] ICC - RID:[1517263542466]-[SELECT]-[START]
[2018-01-29T16:05:42.485] [INFO] ICC - RID:[1517263542466]-[SELECT]-[END]:[OK]
[2018-01-29T16:05:42.485] [INFO] ICC - RID:[1517263542466]-[SELECT]-[START]
[2018-01-29T16:05:42.512] [INFO] ICC - RID:[1517263542466]-[SELECT]-[END]:[OK]
[2018-01-29T16:05:42.512] [INFO] ICC - RID:[1517263542466]-[FREE-DML]-[START]
[2018-01-29T16:05:42.534] [INFO] ICC - RID:[1517263542466]-[FREE-DML]-[END]:[OK]
[2018-01-29T16:05:42.534] [INFO] ICC - RID:[1517263542466]-[SELECT]-[START]
[2018-01-29T16:05:42.572] [INFO] ICC - RID:[1517263542466]-[SELECT]-[END]:[OK]
[2018-01-29T16:05:42.572] [INFO] ICC - RID:[1517263542466]-[REQUEST]-[END]:[/createOrdenServicio]
[2018-01-29T16:05:43.339] [INFO] ICC - RID:[1517263543339]-[REQUEST]-[START]:[/getAllTipoServicio]
[2018-01-29T16:05:43.339] [INFO] ICC - RID:[1517263543339]-[SELECT]-[START]
[2018-01-29T16:05:43.364] [INFO] ICC - RID:[1517263543339]-[SELECT]-[END]:[OK]
[2018-01-29T16:05:43.364] [INFO] ICC - RID:[1517263543339]-[REQUEST]-[END]:[/getAllTipoServicio]
[2018-01-29T16:05:44.581] [INFO] ICC - RID:[1517263544581]-[REQUEST]-[START]:[/getAllSubZona]
[2018-01-29T16:05:44.581] [INFO] ICC - RID:[1517263544581]-[SELECT]-[START]
[2018-01-29T16:05:44.599] [INFO] ICC - RID:[1517263544581]-[SELECT]-[END]:[OK]
[2018-01-29T16:05:44.600] [INFO] ICC - RID:[1517263544581]-[REQUEST]-[END]:[/getAllSubZona]
[2018-01-29T16:05:45.633] [INFO] ICC - RID:[1517263545633]-[REQUEST]-[START]:[/getAllServicios]
[2018-01-29T16:05:45.634] [INFO] ICC - RID:[1517263545633]-[SELECT]-[START]
[2018-01-29T16:05:45.661] [INFO] ICC - RID:[1517263545633]-[SELECT]-[END]:[OK]
[2018-01-29T16:05:45.661] [INFO] ICC - RID:[1517263545633]-[REQUEST]-[END]:[/getAllServicios]
[2018-01-29T16:05:46.163] [INFO] ICC - RID:[1517263546163]-[REQUEST]-[START]:[/getAllProvedores]
[2018-01-29T16:05:46.164] [INFO] ICC - RID:[1517263546163]-[SELECT]-[START]
[2018-01-29T16:05:46.187] [INFO] ICC - RID:[1517263546163]-[SELECT]-[END]:[OK]
[2018-01-29T16:05:46.187] [INFO] ICC - RID:[1517263546163]-[REQUEST]-[END]:[/getAllProvedores]
[2018-01-29T16:05:46.726] [INFO] ICC - RID:[1517263546725]-[REQUEST]-[START]:[/getUnidadYPrecioUnitarioXServicio]
[2018-01-29T16:05:46.726] [INFO] ICC - RID:[1517263546725]-[SELECT]-[START]
[2018-01-29T16:05:46.747] [INFO] ICC - RID:[1517263546725]-[SELECT]-[END]:[OK]
[2018-01-29T16:05:46.747] [INFO] ICC - RID:[1517263546725]-[REQUEST]-[END]:[/getUnidadYPrecioUnitarioXServicio]
[2018-01-29T16:05:48.432] [INFO] ICC - RID:[1517263548432]-[REQUEST]-[START]:[/addCotizacion]
[2018-01-29T16:05:48.433] [INFO] ICC - RID:[1517263548432]-[FREE-DML]-[START]
[2018-01-29T16:05:48.469] [INFO] ICC - RID:[1517263548432]-[FREE-DML]-[END]:[OK]
[2018-01-29T16:05:48.469] [INFO] ICC - RID:[1517263548432]-[REQUEST]-[END]:[/addCotizacion]
[2018-01-29T16:05:48.563] [INFO] ICC - RID:[1517263548563]-[REQUEST]-[START]:[/getAllCotizacionXOrden]
[2018-01-29T16:05:48.563] [INFO] ICC - RID:[1517263548563]-[SELECT]-[START]
[2018-01-29T16:05:48.580] [INFO] ICC - RID:[1517263548563]-[SELECT]-[END]:[OK]
[2018-01-29T16:05:48.580] [INFO] ICC - RID:[1517263548563]-[REQUEST]-[END]:[/getAllCotizacionXOrden]
[2018-01-29T16:05:59.969] [INFO] ICC - RID:[1517263559969]-[REQUEST]-[START]:[/firma1OrdenServicioGenerador]
[2018-01-29T16:05:59.969] [INFO] ICC - RID:[1517263559969]-[FREE-DML]-[START]
[2018-01-29T16:06:00.006] [INFO] ICC - RID:[1517263559969]-[FREE-DML]-[END]:[OK]
[2018-01-29T16:06:00.006] [INFO] ICC - RID:[1517263559969]-[REQUEST]-[END]:[/firma1OrdenServicioGenerador]
[2018-01-29T16:06:00.031] [INFO] ICC - RID:[1517263560031]-[REQUEST]-[START]:[/getAllOrdenServicio]
[2018-01-29T16:06:00.031] [INFO] ICC - RID:[1517263560031]-[SELECT]-[START]
[2018-01-29T16:06:00.050] [INFO] ICC - RID:[1517263560031]-[SELECT]-[END]:[OK]
[2018-01-29T16:06:00.050] [INFO] ICC - RID:[1517263560031]-[REQUEST]-[END]:[/getAllOrdenServicio]
[2018-01-29T16:06:41.494] [INFO] ICC - RID:[1517263601494]-[REQUEST]-[START]:[/firma1OrdenServicioSupervisor]
[2018-01-29T16:06:41.495] [INFO] ICC - RID:[1517263601494]-[FREE-DML]-[START]
[2018-01-29T16:06:41.514] [INFO] ICC - RID:[1517263601494]-[FREE-DML]-[END]:[OK]
[2018-01-29T16:06:41.514] [INFO] ICC - RID:[1517263601494]-[REQUEST]-[END]:[/firma1OrdenServicioSupervisor]
[2018-01-29T16:06:41.555] [INFO] ICC - RID:[1517263601555]-[REQUEST]-[START]:[/getAllOrdenServicio]
[2018-01-29T16:06:41.556] [INFO] ICC - RID:[1517263601555]-[SELECT]-[START]
[2018-01-29T16:06:41.578] [INFO] ICC - RID:[1517263601555]-[SELECT]-[END]:[OK]
[2018-01-29T16:06:41.578] [INFO] ICC - RID:[1517263601555]-[REQUEST]-[END]:[/getAllOrdenServicio]
[2018-01-29T16:07:16.878] [INFO] ICC - RID:[1517263636878]-[REQUEST]-[START]:[/defaultSelect]
[2018-01-29T16:07:16.878] [INFO] ICC - RID:[1517263636878]-[SELECT]-[START]
[2018-01-29T16:07:16.904] [INFO] ICC - RID:[1517263636878]-[SELECT]-[END]:[OK]
[2018-01-29T16:07:16.904] [INFO] ICC - RID:[1517263636878]-[REQUEST]-[END]:[/defaultSelect]
[2018-01-29T16:07:17.143] [INFO] ICC - RID:[1517263637143]-[REQUEST]-[START]:[/getAllOrdenServicio]
[2018-01-29T16:07:17.144] [INFO] ICC - RID:[1517263637143]-[SELECT]-[START]
[2018-01-29T16:07:17.171] [INFO] ICC - RID:[1517263637143]-[SELECT]-[END]:[OK]
[2018-01-29T16:07:17.172] [INFO] ICC - RID:[1517263637143]-[REQUEST]-[END]:[/getAllOrdenServicio]
[2018-01-29T16:07:18.258] [INFO] ICC - RID:[1517263638258]-[REQUEST]-[START]:[/getAllCotizacionXOrden]
[2018-01-29T16:07:18.258] [ERROR] ECC - RID:[1517263638258]-[REQUEST]-[ERROR]:[Input parameter problem.]:[/getAllCotizacionXOrden]
[2018-01-29T16:07:18.261] [INFO] ICC - RID:[1517263638261]-[REQUEST]-[START]:[/getAllOrdenServicio]
[2018-01-29T16:07:18.261] [ERROR] ECC - RID:[1517263638261]-[REQUEST]-[ERROR]:[Input parameter problem.]:[/getAllOrdenServicio]
[2018-01-29T16:07:18.273] [INFO] ICC - RID:[1517263638272]-[REQUEST]-[START]:[/getAllCotizacionXOrden]
[2018-01-29T16:07:18.273] [ERROR] ECC - RID:[1517263638272]-[REQUEST]-[ERROR]:[Input parameter problem.]:[/getAllCotizacionXOrden]
[2018-01-29T16:07:22.437] [INFO] ICC - RID:[1517263642437]-[REQUEST]-[START]:[/createOrdenServicio]
[2018-01-29T16:07:22.437] [INFO] ICC - RID:[1517263642437]-[SELECT]-[START]
[2018-01-29T16:07:22.473] [INFO] ICC - RID:[1517263642437]-[SELECT]-[END]:[OK]
[2018-01-29T16:07:22.474] [INFO] ICC - RID:[1517263642437]-[SELECT]-[START]
[2018-01-29T16:07:22.499] [INFO] ICC - RID:[1517263642437]-[SELECT]-[END]:[OK]
[2018-01-29T16:07:22.500] [INFO] ICC - RID:[1517263642437]-[FREE-DML]-[START]
[2018-01-29T16:07:22.529] [INFO] ICC - RID:[1517263642437]-[FREE-DML]-[END]:[OK]
[2018-01-29T16:07:22.529] [INFO] ICC - RID:[1517263642437]-[SELECT]-[START]
[2018-01-29T16:07:22.547] [INFO] ICC - RID:[1517263642437]-[SELECT]-[END]:[OK]
[2018-01-29T16:07:22.548] [INFO] ICC - RID:[1517263642437]-[REQUEST]-[END]:[/createOrdenServicio]
[2018-01-29T16:07:26.760] [INFO] ICC - RID:[1517263646760]-[REQUEST]-[START]:[/getAllTipoServicio]
[2018-01-29T16:07:26.760] [INFO] ICC - RID:[1517263646760]-[SELECT]-[START]
[2018-01-29T16:07:26.782] [INFO] ICC - RID:[1517263646760]-[SELECT]-[END]:[OK]
[2018-01-29T16:07:26.782] [INFO] ICC - RID:[1517263646760]-[REQUEST]-[END]:[/getAllTipoServicio]
[2018-01-29T16:07:27.946] [INFO] ICC - RID:[1517263647946]-[REQUEST]-[START]:[/getAllSubZona]
[2018-01-29T16:07:27.947] [INFO] ICC - RID:[1517263647946]-[SELECT]-[START]
[2018-01-29T16:07:27.966] [INFO] ICC - RID:[1517263647946]-[SELECT]-[END]:[OK]
[2018-01-29T16:07:27.967] [INFO] ICC - RID:[1517263647946]-[REQUEST]-[END]:[/getAllSubZona]
[2018-01-29T16:07:28.603] [INFO] ICC - RID:[1517263648603]-[REQUEST]-[START]:[/getAllServicios]
[2018-01-29T16:07:28.604] [INFO] ICC - RID:[1517263648603]-[SELECT]-[START]
[2018-01-29T16:07:28.631] [INFO] ICC - RID:[1517263648603]-[SELECT]-[END]:[OK]
[2018-01-29T16:07:28.631] [INFO] ICC - RID:[1517263648603]-[REQUEST]-[END]:[/getAllServicios]
[2018-01-29T16:07:29.173] [INFO] ICC - RID:[1517263649173]-[REQUEST]-[START]:[/getAllProvedores]
[2018-01-29T16:07:29.173] [INFO] ICC - RID:[1517263649173]-[SELECT]-[START]
[2018-01-29T16:07:29.198] [INFO] ICC - RID:[1517263649173]-[SELECT]-[END]:[OK]
[2018-01-29T16:07:29.199] [INFO] ICC - RID:[1517263649173]-[REQUEST]-[END]:[/getAllProvedores]
[2018-01-29T16:07:29.975] [INFO] ICC - RID:[1517263649974]-[REQUEST]-[START]:[/getUnidadYPrecioUnitarioXServicio]
[2018-01-29T16:07:29.975] [INFO] ICC - RID:[1517263649974]-[SELECT]-[START]
[2018-01-29T16:07:29.999] [INFO] ICC - RID:[1517263649974]-[SELECT]-[END]:[OK]
[2018-01-29T16:07:29.999] [INFO] ICC - RID:[1517263649974]-[REQUEST]-[END]:[/getUnidadYPrecioUnitarioXServicio]
[2018-01-29T16:07:31.180] [INFO] ICC - RID:[1517263651180]-[REQUEST]-[START]:[/addCotizacion]
[2018-01-29T16:07:31.181] [INFO] ICC - RID:[1517263651180]-[FREE-DML]-[START]
[2018-01-29T16:07:31.217] [INFO] ICC - RID:[1517263651180]-[FREE-DML]-[END]:[OK]
[2018-01-29T16:07:31.217] [INFO] ICC - RID:[1517263651180]-[REQUEST]-[END]:[/addCotizacion]
[2018-01-29T16:07:31.288] [INFO] ICC - RID:[1517263651288]-[REQUEST]-[START]:[/getAllCotizacionXOrden]
[2018-01-29T16:07:31.289] [INFO] ICC - RID:[1517263651288]-[SELECT]-[START]
[2018-01-29T16:07:31.320] [INFO] ICC - RID:[1517263651288]-[SELECT]-[END]:[OK]
[2018-01-29T16:07:31.320] [INFO] ICC - RID:[1517263651288]-[REQUEST]-[END]:[/getAllCotizacionXOrden]
[2018-01-29T16:07:49.089] [INFO] ICC - RID:[1517263669089]-[REQUEST]-[START]:[/firma1OrdenServicioGenerador]
[2018-01-29T16:07:49.089] [INFO] ICC - RID:[1517263669089]-[FREE-DML]-[START]
[2018-01-29T16:07:49.111] [INFO] ICC - RID:[1517263669089]-[FREE-DML]-[END]:[OK]
[2018-01-29T16:07:49.111] [INFO] ICC - RID:[1517263669089]-[REQUEST]-[END]:[/firma1OrdenServicioGenerador]
[2018-01-29T16:07:49.155] [INFO] ICC - RID:[1517263669155]-[REQUEST]-[START]:[/getAllOrdenServicio]
[2018-01-29T16:07:49.155] [INFO] ICC - RID:[1517263669155]-[SELECT]-[START]
[2018-01-29T16:07:49.190] [INFO] ICC - RID:[1517263669155]-[SELECT]-[END]:[OK]
[2018-01-29T16:07:49.190] [INFO] ICC - RID:[1517263669155]-[REQUEST]-[END]:[/getAllOrdenServicio]
[2018-01-29T16:07:56.727] [INFO] ICC - RID:[1517263676727]-[REQUEST]-[START]:[/firma1OrdenServicioSupervisor]
[2018-01-29T16:07:56.727] [INFO] ICC - RID:[1517263676727]-[FREE-DML]-[START]
[2018-01-29T16:07:56.763] [INFO] ICC - RID:[1517263676727]-[FREE-DML]-[END]:[OK]
[2018-01-29T16:07:56.764] [INFO] ICC - RID:[1517263676727]-[REQUEST]-[END]:[/firma1OrdenServicioSupervisor]
[2018-01-29T16:07:56.877] [INFO] ICC - RID:[1517263676877]-[REQUEST]-[START]:[/getAllOrdenServicio]
[2018-01-29T16:07:56.878] [INFO] ICC - RID:[1517263676877]-[SELECT]-[START]
[2018-01-29T16:07:56.899] [INFO] ICC - RID:[1517263676877]-[SELECT]-[END]:[OK]
[2018-01-29T16:07:56.900] [INFO] ICC - RID:[1517263676877]-[REQUEST]-[END]:[/getAllOrdenServicio]
[2018-01-29T16:08:49.022] [INFO] ICC - RID:[1517263729022]-[REQUEST]-[START]:[/defaultSelect]
[2018-01-29T16:08:49.022] [INFO] ICC - RID:[1517263729022]-[SELECT]-[START]
[2018-01-29T16:08:49.051] [INFO] ICC - RID:[1517263729022]-[SELECT]-[END]:[OK]
[2018-01-29T16:08:49.051] [INFO] ICC - RID:[1517263729022]-[REQUEST]-[END]:[/defaultSelect]
[2018-01-29T16:08:49.272] [INFO] ICC - RID:[1517263729272]-[REQUEST]-[START]:[/getAllOrdenServicio]
[2018-01-29T16:08:49.272] [INFO] ICC - RID:[1517263729272]-[SELECT]-[START]
[2018-01-29T16:08:49.301] [INFO] ICC - RID:[1517263729272]-[SELECT]-[END]:[OK]
[2018-01-29T16:08:49.301] [INFO] ICC - RID:[1517263729272]-[REQUEST]-[END]:[/getAllOrdenServicio]
[2018-01-29T16:08:50.325] [INFO] ICC - RID:[1517263730325]-[REQUEST]-[START]:[/getAllCotizacionXOrden]
[2018-01-29T16:08:50.326] [ERROR] ECC - RID:[1517263730325]-[REQUEST]-[ERROR]:[Input parameter problem.]:[/getAllCotizacionXOrden]
[2018-01-29T16:08:50.328] [INFO] ICC - RID:[1517263730328]-[REQUEST]-[START]:[/getAllOrdenServicio]
[2018-01-29T16:08:50.329] [ERROR] ECC - RID:[1517263730328]-[REQUEST]-[ERROR]:[Input parameter problem.]:[/getAllOrdenServicio]
[2018-01-29T16:08:50.339] [INFO] ICC - RID:[1517263730339]-[REQUEST]-[START]:[/getAllCotizacionXOrden]
[2018-01-29T16:08:50.339] [ERROR] ECC - RID:[1517263730339]-[REQUEST]-[ERROR]:[Input parameter problem.]:[/getAllCotizacionXOrden]
[2018-01-29T16:08:52.481] [INFO] ICC - RID:[1517263732481]-[REQUEST]-[START]:[/createOrdenServicio]
[2018-01-29T16:08:52.482] [INFO] ICC - RID:[1517263732481]-[SELECT]-[START]
[2018-01-29T16:08:52.498] [INFO] ICC - RID:[1517263732481]-[SELECT]-[END]:[OK]
[2018-01-29T16:08:52.499] [INFO] ICC - RID:[1517263732481]-[SELECT]-[START]
[2018-01-29T16:08:52.519] [INFO] ICC - RID:[1517263732481]-[SELECT]-[END]:[OK]
[2018-01-29T16:08:52.519] [INFO] ICC - RID:[1517263732481]-[FREE-DML]-[START]
[2018-01-29T16:08:52.543] [INFO] ICC - RID:[1517263732481]-[FREE-DML]-[END]:[OK]
[2018-01-29T16:08:52.543] [INFO] ICC - RID:[1517263732481]-[SELECT]-[START]
[2018-01-29T16:08:52.585] [INFO] ICC - RID:[1517263732481]-[SELECT]-[END]:[OK]
[2018-01-29T16:08:52.585] [INFO] ICC - RID:[1517263732481]-[REQUEST]-[END]:[/createOrdenServicio]
[2018-01-29T16:09:00.595] [INFO] ICC - RID:[1517263740595]-[REQUEST]-[START]:[/getAllTipoServicio]
[2018-01-29T16:09:00.595] [INFO] ICC - RID:[1517263740595]-[SELECT]-[START]
[2018-01-29T16:09:00.624] [INFO] ICC - RID:[1517263740595]-[SELECT]-[END]:[OK]
[2018-01-29T16:09:00.624] [INFO] ICC - RID:[1517263740595]-[REQUEST]-[END]:[/getAllTipoServicio]
[2018-01-29T16:09:01.819] [INFO] ICC - RID:[1517263741819]-[REQUEST]-[START]:[/getAllSubZona]
[2018-01-29T16:09:01.819] [INFO] ICC - RID:[1517263741819]-[SELECT]-[START]
[2018-01-29T16:09:01.840] [INFO] ICC - RID:[1517263741819]-[SELECT]-[END]:[OK]
[2018-01-29T16:09:01.840] [INFO] ICC - RID:[1517263741819]-[REQUEST]-[END]:[/getAllSubZona]
[2018-01-29T16:09:02.385] [INFO] ICC - RID:[1517263742385]-[REQUEST]-[START]:[/getAllServicios]
[2018-01-29T16:09:02.385] [INFO] ICC - RID:[1517263742385]-[SELECT]-[START]
[2018-01-29T16:09:02.409] [INFO] ICC - RID:[1517263742385]-[SELECT]-[END]:[OK]
[2018-01-29T16:09:02.409] [INFO] ICC - RID:[1517263742385]-[REQUEST]-[END]:[/getAllServicios]
[2018-01-29T16:09:03.000] [INFO] ICC - RID:[1517263743000]-[REQUEST]-[START]:[/getAllProvedores]
[2018-01-29T16:09:03.000] [INFO] ICC - RID:[1517263743000]-[SELECT]-[START]
[2018-01-29T16:09:03.024] [INFO] ICC - RID:[1517263743000]-[SELECT]-[END]:[OK]
[2018-01-29T16:09:03.025] [INFO] ICC - RID:[1517263743000]-[REQUEST]-[END]:[/getAllProvedores]
[2018-01-29T16:09:03.604] [INFO] ICC - RID:[1517263743604]-[REQUEST]-[START]:[/getUnidadYPrecioUnitarioXServicio]
[2018-01-29T16:09:03.604] [INFO] ICC - RID:[1517263743604]-[SELECT]-[START]
[2018-01-29T16:09:03.625] [INFO] ICC - RID:[1517263743604]-[SELECT]-[END]:[OK]
[2018-01-29T16:09:03.625] [INFO] ICC - RID:[1517263743604]-[REQUEST]-[END]:[/getUnidadYPrecioUnitarioXServicio]
[2018-01-29T16:09:07.382] [INFO] ICC - RID:[1517263747382]-[REQUEST]-[START]:[/addCotizacion]
[2018-01-29T16:09:07.382] [INFO] ICC - RID:[1517263747382]-[FREE-DML]-[START]
[2018-01-29T16:09:07.421] [INFO] ICC - RID:[1517263747382]-[FREE-DML]-[END]:[OK]
[2018-01-29T16:09:07.421] [INFO] ICC - RID:[1517263747382]-[REQUEST]-[END]:[/addCotizacion]
[2018-01-29T16:09:07.550] [INFO] ICC - RID:[1517263747550]-[REQUEST]-[START]:[/getAllCotizacionXOrden]
[2018-01-29T16:09:07.550] [INFO] ICC - RID:[1517263747550]-[SELECT]-[START]
[2018-01-29T16:09:07.569] [INFO] ICC - RID:[1517263747550]-[SELECT]-[END]:[OK]
[2018-01-29T16:09:07.569] [INFO] ICC - RID:[1517263747550]-[REQUEST]-[END]:[/getAllCotizacionXOrden]
[2018-01-29T16:09:19.092] [INFO] ICC - RID:[1517263759092]-[REQUEST]-[START]:[/firma1OrdenServicioGenerador]
[2018-01-29T16:09:19.092] [INFO] ICC - RID:[1517263759092]-[FREE-DML]-[START]
[2018-01-29T16:09:19.118] [INFO] ICC - RID:[1517263759092]-[FREE-DML]-[END]:[OK]
[2018-01-29T16:09:19.118] [INFO] ICC - RID:[1517263759092]-[REQUEST]-[END]:[/firma1OrdenServicioGenerador]
[2018-01-29T16:09:19.136] [INFO] ICC - RID:[1517263759136]-[REQUEST]-[START]:[/getAllOrdenServicio]
[2018-01-29T16:09:19.136] [INFO] ICC - RID:[1517263759136]-[SELECT]-[START]
[2018-01-29T16:09:19.155] [INFO] ICC - RID:[1517263759136]-[SELECT]-[END]:[OK]
[2018-01-29T16:09:19.156] [INFO] ICC - RID:[1517263759136]-[REQUEST]-[END]:[/getAllOrdenServicio]
[2018-01-29T16:10:12.797] [INFO] ICC - RID:[1517263812797]-[REQUEST]-[START]:[/getAllCotizacionXOrden]
[2018-01-29T16:10:12.798] [ERROR] ECC - RID:[1517263812797]-[REQUEST]-[ERROR]:[Input parameter problem.]:[/getAllCotizacionXOrden]
[2018-01-29T16:14:16.449] [INFO] ICC - RID:[1517264056449]-[REQUEST]-[START]:[/defaultSelect]
[2018-01-29T16:14:16.449] [INFO] ICC - RID:[1517264056449]-[SELECT]-[START]
[2018-01-29T16:14:16.480] [INFO] ICC - RID:[1517264056449]-[SELECT]-[END]:[OK]
[2018-01-29T16:14:16.480] [INFO] ICC - RID:[1517264056449]-[REQUEST]-[END]:[/defaultSelect]
[2018-01-29T16:14:16.748] [INFO] ICC - RID:[1517264056748]-[REQUEST]-[START]:[/getAllOrdenServicio]
[2018-01-29T16:14:16.748] [INFO] ICC - RID:[1517264056748]-[SELECT]-[START]
[2018-01-29T16:14:16.775] [INFO] ICC - RID:[1517264056748]-[SELECT]-[END]:[OK]
[2018-01-29T16:14:16.775] [INFO] ICC - RID:[1517264056748]-[REQUEST]-[END]:[/getAllOrdenServicio]
[2018-01-29T16:14:17.832] [INFO] ICC - RID:[1517264057832]-[REQUEST]-[START]:[/getAllCotizacionXOrden]
[2018-01-29T16:14:17.833] [ERROR] ECC - RID:[1517264057832]-[REQUEST]-[ERROR]:[Input parameter problem.]:[/getAllCotizacionXOrden]
[2018-01-29T16:14:17.834] [INFO] ICC - RID:[1517264057834]-[REQUEST]-[START]:[/getAllOrdenServicio]
[2018-01-29T16:14:17.835] [ERROR] ECC - RID:[1517264057834]-[REQUEST]-[ERROR]:[Input parameter problem.]:[/getAllOrdenServicio]
[2018-01-29T16:14:17.848] [INFO] ICC - RID:[1517264057847]-[REQUEST]-[START]:[/getAllCotizacionXOrden]
[2018-01-29T16:14:17.848] [ERROR] ECC - RID:[1517264057847]-[REQUEST]-[ERROR]:[Input parameter problem.]:[/getAllCotizacionXOrden]
[2018-01-29T16:14:20.911] [INFO] ICC - RID:[1517264060911]-[REQUEST]-[START]:[/createOrdenServicio]
[2018-01-29T16:14:20.912] [INFO] ICC - RID:[1517264060911]-[SELECT]-[START]
[2018-01-29T16:14:20.930] [INFO] ICC - RID:[1517264060911]-[SELECT]-[END]:[OK]
[2018-01-29T16:14:20.930] [INFO] ICC - RID:[1517264060911]-[SELECT]-[START]
[2018-01-29T16:14:20.954] [INFO] ICC - RID:[1517264060911]-[SELECT]-[END]:[OK]
[2018-01-29T16:14:20.954] [INFO] ICC - RID:[1517264060911]-[FREE-DML]-[START]
[2018-01-29T16:14:20.980] [INFO] ICC - RID:[1517264060911]-[FREE-DML]-[END]:[OK]
[2018-01-29T16:14:20.980] [INFO] ICC - RID:[1517264060911]-[SELECT]-[START]
[2018-01-29T16:14:21.011] [INFO] ICC - RID:[1517264060911]-[SELECT]-[END]:[OK]
[2018-01-29T16:14:21.011] [INFO] ICC - RID:[1517264060911]-[REQUEST]-[END]:[/createOrdenServicio]
[2018-01-29T16:14:22.106] [INFO] ICC - RID:[1517264062106]-[REQUEST]-[START]:[/getAllTipoServicio]
[2018-01-29T16:14:22.106] [INFO] ICC - RID:[1517264062106]-[SELECT]-[START]
[2018-01-29T16:14:22.130] [INFO] ICC - RID:[1517264062106]-[SELECT]-[END]:[OK]
[2018-01-29T16:14:22.130] [INFO] ICC - RID:[1517264062106]-[REQUEST]-[END]:[/getAllTipoServicio]
[2018-01-29T16:14:23.246] [INFO] ICC - RID:[1517264063246]-[REQUEST]-[START]:[/getAllSubZona]
[2018-01-29T16:14:23.246] [INFO] ICC - RID:[1517264063246]-[SELECT]-[START]
[2018-01-29T16:14:23.267] [INFO] ICC - RID:[1517264063246]-[SELECT]-[END]:[OK]
[2018-01-29T16:14:23.267] [INFO] ICC - RID:[1517264063246]-[REQUEST]-[END]:[/getAllSubZona]
[2018-01-29T16:14:23.967] [INFO] ICC - RID:[1517264063967]-[REQUEST]-[START]:[/getAllServicios]
[2018-01-29T16:14:23.967] [INFO] ICC - RID:[1517264063967]-[SELECT]-[START]
[2018-01-29T16:14:23.994] [INFO] ICC - RID:[1517264063967]-[SELECT]-[END]:[OK]
[2018-01-29T16:14:23.994] [INFO] ICC - RID:[1517264063967]-[REQUEST]-[END]:[/getAllServicios]
[2018-01-29T16:14:24.656] [INFO] ICC - RID:[1517264064656]-[REQUEST]-[START]:[/getAllProvedores]
[2018-01-29T16:14:24.656] [INFO] ICC - RID:[1517264064656]-[SELECT]-[START]
[2018-01-29T16:14:24.681] [INFO] ICC - RID:[1517264064656]-[SELECT]-[END]:[OK]
[2018-01-29T16:14:24.681] [INFO] ICC - RID:[1517264064656]-[REQUEST]-[END]:[/getAllProvedores]
[2018-01-29T16:14:25.387] [INFO] ICC - RID:[1517264065387]-[REQUEST]-[START]:[/getUnidadYPrecioUnitarioXServicio]
[2018-01-29T16:14:25.387] [INFO] ICC - RID:[1517264065387]-[SELECT]-[START]
[2018-01-29T16:14:25.410] [INFO] ICC - RID:[1517264065387]-[SELECT]-[END]:[OK]
[2018-01-29T16:14:25.411] [INFO] ICC - RID:[1517264065387]-[REQUEST]-[END]:[/getUnidadYPrecioUnitarioXServicio]
[2018-01-29T16:14:27.666] [INFO] ICC - RID:[1517264067666]-[REQUEST]-[START]:[/addCotizacion]
[2018-01-29T16:14:27.667] [INFO] ICC - RID:[1517264067666]-[FREE-DML]-[START]
[2018-01-29T16:14:27.690] [INFO] ICC - RID:[1517264067666]-[FREE-DML]-[END]:[OK]
[2018-01-29T16:14:27.690] [INFO] ICC - RID:[1517264067666]-[REQUEST]-[END]:[/addCotizacion]
[2018-01-29T16:14:27.792] [INFO] ICC - RID:[1517264067792]-[REQUEST]-[START]:[/getAllCotizacionXOrden]
[2018-01-29T16:14:27.793] [INFO] ICC - RID:[1517264067792]-[SELECT]-[START]
[2018-01-29T16:14:27.827] [INFO] ICC - RID:[1517264067792]-[SELECT]-[END]:[OK]
[2018-01-29T16:14:27.828] [INFO] ICC - RID:[1517264067792]-[REQUEST]-[END]:[/getAllCotizacionXOrden]
[2018-01-29T16:14:49.654] [INFO] ICC - RID:[1517264089654]-[REQUEST]-[START]:[/firma1OrdenServicioGenerador]
[2018-01-29T16:14:49.654] [INFO] ICC - RID:[1517264089654]-[FREE-DML]-[START]
[2018-01-29T16:14:49.676] [INFO] ICC - RID:[1517264089654]-[FREE-DML]-[END]:[OK]
[2018-01-29T16:14:49.676] [INFO] ICC - RID:[1517264089654]-[REQUEST]-[END]:[/firma1OrdenServicioGenerador]
[2018-01-29T16:14:49.694] [INFO] ICC - RID:[1517264089693]-[REQUEST]-[START]:[/getAllOrdenServicio]
[2018-01-29T16:14:49.694] [INFO] ICC - RID:[1517264089693]-[SELECT]-[START]
[2018-01-29T16:14:49.713] [INFO] ICC - RID:[1517264089693]-[SELECT]-[END]:[OK]
[2018-01-29T16:14:49.713] [INFO] ICC - RID:[1517264089693]-[REQUEST]-[END]:[/getAllOrdenServicio]
[2018-01-29T16:15:30.036] [INFO] ICC - RID:[1517264130036]-[REQUEST]-[START]:[/defaultSelect]
[2018-01-29T16:15:30.036] [INFO] ICC - RID:[1517264130036]-[SELECT]-[START]
[2018-01-29T16:15:30.056] [INFO] ICC - RID:[1517264130036]-[SELECT]-[END]:[OK]
[2018-01-29T16:15:30.056] [INFO] ICC - RID:[1517264130036]-[REQUEST]-[END]:[/defaultSelect]
[2018-01-29T16:15:30.298] [INFO] ICC - RID:[1517264130298]-[REQUEST]-[START]:[/getAllOrdenServicio]
[2018-01-29T16:15:30.299] [INFO] ICC - RID:[1517264130298]-[SELECT]-[START]
[2018-01-29T16:15:30.320] [INFO] ICC - RID:[1517264130298]-[SELECT]-[END]:[OK]
[2018-01-29T16:15:30.320] [INFO] ICC - RID:[1517264130298]-[REQUEST]-[END]:[/getAllOrdenServicio]
[2018-01-29T16:17:10.778] [INFO] ICC - RID:[1517264230778]-[REQUEST]-[START]:[/defaultSelect]
[2018-01-29T16:17:10.778] [INFO] ICC - RID:[1517264230778]-[SELECT]-[START]
[2018-01-29T16:17:10.797] [INFO] ICC - RID:[1517264230778]-[SELECT]-[END]:[OK]
[2018-01-29T16:17:10.797] [INFO] ICC - RID:[1517264230778]-[REQUEST]-[END]:[/defaultSelect]
[2018-01-29T16:17:10.988] [INFO] ICC - RID:[1517264230988]-[REQUEST]-[START]:[/getAllOrdenServicio]
[2018-01-29T16:17:10.989] [INFO] ICC - RID:[1517264230988]-[SELECT]-[START]
[2018-01-29T16:17:11.012] [INFO] ICC - RID:[1517264230988]-[SELECT]-[END]:[OK]
[2018-01-29T16:17:11.012] [INFO] ICC - RID:[1517264230988]-[REQUEST]-[END]:[/getAllOrdenServicio]
[2018-01-29T16:17:12.586] [INFO] ICC - RID:[1517264232586]-[REQUEST]-[START]:[/getAllCotizacionXOrden]
[2018-01-29T16:17:12.586] [ERROR] ECC - RID:[1517264232586]-[REQUEST]-[ERROR]:[Input parameter problem.]:[/getAllCotizacionXOrden]
[2018-01-29T16:17:12.589] [INFO] ICC - RID:[1517264232589]-[REQUEST]-[START]:[/getAllOrdenServicio]
[2018-01-29T16:17:12.589] [ERROR] ECC - RID:[1517264232589]-[REQUEST]-[ERROR]:[Input parameter problem.]:[/getAllOrdenServicio]
[2018-01-29T16:17:12.600] [INFO] ICC - RID:[1517264232600]-[REQUEST]-[START]:[/getAllCotizacionXOrden]
[2018-01-29T16:17:12.601] [ERROR] ECC - RID:[1517264232600]-[REQUEST]-[ERROR]:[Input parameter problem.]:[/getAllCotizacionXOrden]
[2018-01-29T16:17:14.272] [INFO] ICC - RID:[1517264234272]-[REQUEST]-[START]:[/createOrdenServicio]
[2018-01-29T16:17:14.272] [INFO] ICC - RID:[1517264234272]-[SELECT]-[START]
[2018-01-29T16:17:14.290] [INFO] ICC - RID:[1517264234272]-[SELECT]-[END]:[OK]
[2018-01-29T16:17:14.291] [INFO] ICC - RID:[1517264234272]-[SELECT]-[START]
[2018-01-29T16:17:14.308] [INFO] ICC - RID:[1517264234272]-[SELECT]-[END]:[OK]
[2018-01-29T16:17:14.308] [INFO] ICC - RID:[1517264234272]-[FREE-DML]-[START]
[2018-01-29T16:17:14.325] [INFO] ICC - RID:[1517264234272]-[FREE-DML]-[END]:[OK]
[2018-01-29T16:17:14.325] [INFO] ICC - RID:[1517264234272]-[SELECT]-[START]
[2018-01-29T16:17:14.358] [INFO] ICC - RID:[1517264234272]-[SELECT]-[END]:[OK]
[2018-01-29T16:17:14.359] [INFO] ICC - RID:[1517264234272]-[REQUEST]-[END]:[/createOrdenServicio]
[2018-01-29T16:17:15.034] [INFO] ICC - RID:[1517264235034]-[REQUEST]-[START]:[/getAllTipoServicio]
[2018-01-29T16:17:15.035] [INFO] ICC - RID:[1517264235034]-[SELECT]-[START]
[2018-01-29T16:17:15.056] [INFO] ICC - RID:[1517264235034]-[SELECT]-[END]:[OK]
[2018-01-29T16:17:15.056] [INFO] ICC - RID:[1517264235034]-[REQUEST]-[END]:[/getAllTipoServicio]
[2018-01-29T16:17:16.042] [INFO] ICC - RID:[1517264236042]-[REQUEST]-[START]:[/getAllSubZona]
[2018-01-29T16:17:16.042] [INFO] ICC - RID:[1517264236042]-[SELECT]-[START]
[2018-01-29T16:17:16.059] [INFO] ICC - RID:[1517264236042]-[SELECT]-[END]:[OK]
[2018-01-29T16:17:16.060] [INFO] ICC - RID:[1517264236042]-[REQUEST]-[END]:[/getAllSubZona]
[2018-01-29T16:17:16.673] [INFO] ICC - RID:[1517264236673]-[REQUEST]-[START]:[/getAllServicios]
[2018-01-29T16:17:16.673] [INFO] ICC - RID:[1517264236673]-[SELECT]-[START]
[2018-01-29T16:17:16.694] [INFO] ICC - RID:[1517264236673]-[SELECT]-[END]:[OK]
[2018-01-29T16:17:16.694] [INFO] ICC - RID:[1517264236673]-[REQUEST]-[END]:[/getAllServicios]
[2018-01-29T16:17:17.246] [INFO] ICC - RID:[1517264237246]-[REQUEST]-[START]:[/getAllProvedores]
[2018-01-29T16:17:17.246] [INFO] ICC - RID:[1517264237246]-[SELECT]-[START]
[2018-01-29T16:17:17.271] [INFO] ICC - RID:[1517264237246]-[SELECT]-[END]:[OK]
[2018-01-29T16:17:17.271] [INFO] ICC - RID:[1517264237246]-[REQUEST]-[END]:[/getAllProvedores]
[2018-01-29T16:17:17.903] [INFO] ICC - RID:[1517264237903]-[REQUEST]-[START]:[/getUnidadYPrecioUnitarioXServicio]
[2018-01-29T16:17:17.904] [INFO] ICC - RID:[1517264237903]-[SELECT]-[START]
[2018-01-29T16:17:17.921] [INFO] ICC - RID:[1517264237903]-[SELECT]-[END]:[OK]
[2018-01-29T16:17:17.922] [INFO] ICC - RID:[1517264237903]-[REQUEST]-[END]:[/getUnidadYPrecioUnitarioXServicio]
[2018-01-29T16:17:19.816] [INFO] ICC - RID:[1517264239816]-[REQUEST]-[START]:[/addCotizacion]
[2018-01-29T16:17:19.817] [INFO] ICC - RID:[1517264239816]-[FREE-DML]-[START]
[2018-01-29T16:17:19.834] [INFO] ICC - RID:[1517264239816]-[FREE-DML]-[END]:[OK]
[2018-01-29T16:17:19.834] [INFO] ICC - RID:[1517264239816]-[REQUEST]-[END]:[/addCotizacion]
[2018-01-29T16:17:19.852] [INFO] ICC - RID:[1517264239852]-[REQUEST]-[START]:[/getAllCotizacionXOrden]
[2018-01-29T16:17:19.852] [INFO] ICC - RID:[1517264239852]-[SELECT]-[START]
[2018-01-29T16:17:19.873] [INFO] ICC - RID:[1517264239852]-[SELECT]-[END]:[OK]
[2018-01-29T16:17:19.873] [INFO] ICC - RID:[1517264239852]-[REQUEST]-[END]:[/getAllCotizacionXOrden]
[2018-01-29T16:17:34.594] [INFO] ICC - RID:[1517264254594]-[REQUEST]-[START]:[/firma1OrdenServicioGenerador]
[2018-01-29T16:17:34.594] [INFO] ICC - RID:[1517264254594]-[FREE-DML]-[START]
[2018-01-29T16:17:34.642] [INFO] ICC - RID:[1517264254594]-[FREE-DML]-[END]:[OK]
[2018-01-29T16:17:34.643] [INFO] ICC - RID:[1517264254594]-[REQUEST]-[END]:[/firma1OrdenServicioGenerador]
[2018-01-29T16:17:34.731] [INFO] ICC - RID:[1517264254731]-[REQUEST]-[START]:[/getAllOrdenServicio]
[2018-01-29T16:17:34.731] [INFO] ICC - RID:[1517264254731]-[SELECT]-[START]
[2018-01-29T16:17:34.732] [INFO] ICC - RID:[1517264254732]-[REQUEST]-[START]:[/getAllCotizacionXOrden]
[2018-01-29T16:17:34.733] [INFO] ICC - RID:[1517264254732]-[SELECT]-[START]
[2018-01-29T16:17:34.748] [INFO] ICC - RID:[1517264254732]-[SELECT]-[END]:[OK]
[2018-01-29T16:17:34.749] [INFO] ICC - RID:[1517264254732]-[REQUEST]-[END]:[/getAllCotizacionXOrden]
[2018-01-29T16:19:32.384] [INFO] ICC - RID:[1517264372383]-[REQUEST]-[START]:[/sendMailConfirmacionProvedor]
[2018-01-29T16:19:32.384] [ERROR] ECC - RID:[1517264372383]-[REQUEST]-[ERROR]:[Input parameter problem.]:[/sendMailConfirmacionProvedor]
[2018-01-29T16:19:34.743] [INFO] ICC - RID:[1517264374743]-[REQUEST]-[START]:[/getAllOrdenServicio]
[2018-01-29T16:19:34.744] [INFO] ICC - RID:[1517264374743]-[SELECT]-[START]
[2018-01-29T16:19:34.812] [INFO] ICC - RID:[1517264374743]-[SELECT]-[END]:[OK]
[2018-01-29T16:19:34.812] [INFO] ICC - RID:[1517264374743]-[REQUEST]-[END]:[/getAllOrdenServicio]
[2018-01-29T16:20:52.693] [INFO] ICC - RID:[1517264452693]-[REQUEST]-[START]:[/defaultSelect]
[2018-01-29T16:20:52.693] [INFO] ICC - RID:[1517264452693]-[SELECT]-[START]
[2018-01-29T16:20:52.717] [INFO] ICC - RID:[1517264452693]-[SELECT]-[END]:[OK]
[2018-01-29T16:20:52.717] [INFO] ICC - RID:[1517264452693]-[REQUEST]-[END]:[/defaultSelect]
[2018-01-29T16:20:52.961] [INFO] ICC - RID:[1517264452961]-[REQUEST]-[START]:[/getAllOrdenServicio]
[2018-01-29T16:20:52.961] [INFO] ICC - RID:[1517264452961]-[SELECT]-[START]
[2018-01-29T16:20:52.989] [INFO] ICC - RID:[1517264452961]-[SELECT]-[END]:[OK]
[2018-01-29T16:20:52.989] [INFO] ICC - RID:[1517264452961]-[REQUEST]-[END]:[/getAllOrdenServicio]
[2018-01-29T16:20:58.061] [INFO] ICC - RID:[1517264458061]-[REQUEST]-[START]:[/getAllCotizacionXOrden]
[2018-01-29T16:20:58.061] [ERROR] ECC - RID:[1517264458061]-[REQUEST]-[ERROR]:[Input parameter problem.]:[/getAllCotizacionXOrden]
[2018-01-29T16:20:58.063] [INFO] ICC - RID:[1517264458063]-[REQUEST]-[START]:[/getAllOrdenServicio]
[2018-01-29T16:20:58.063] [ERROR] ECC - RID:[1517264458063]-[REQUEST]-[ERROR]:[Input parameter problem.]:[/getAllOrdenServicio]
[2018-01-29T16:20:58.080] [INFO] ICC - RID:[1517264458080]-[REQUEST]-[START]:[/getAllCotizacionXOrden]
[2018-01-29T16:20:58.081] [ERROR] ECC - RID:[1517264458080]-[REQUEST]-[ERROR]:[Input parameter problem.]:[/getAllCotizacionXOrden]
[2018-01-29T16:21:00.061] [INFO] ICC - RID:[1517264460061]-[REQUEST]-[START]:[/createOrdenServicio]
[2018-01-29T16:21:00.061] [INFO] ICC - RID:[1517264460061]-[SELECT]-[START]
[2018-01-29T16:21:00.078] [INFO] ICC - RID:[1517264460061]-[SELECT]-[END]:[OK]
[2018-01-29T16:21:00.079] [INFO] ICC - RID:[1517264460061]-[SELECT]-[START]
[2018-01-29T16:21:00.097] [INFO] ICC - RID:[1517264460061]-[SELECT]-[END]:[OK]
[2018-01-29T16:21:00.098] [INFO] ICC - RID:[1517264460061]-[FREE-DML]-[START]
[2018-01-29T16:21:00.120] [INFO] ICC - RID:[1517264460061]-[FREE-DML]-[END]:[OK]
[2018-01-29T16:21:00.120] [INFO] ICC - RID:[1517264460061]-[SELECT]-[START]
[2018-01-29T16:21:00.192] [INFO] ICC - RID:[1517264460061]-[SELECT]-[END]:[OK]
[2018-01-29T16:21:00.192] [INFO] ICC - RID:[1517264460061]-[REQUEST]-[END]:[/createOrdenServicio]
[2018-01-29T16:21:00.760] [INFO] ICC - RID:[1517264460760]-[REQUEST]-[START]:[/createOrdenServicio]
[2018-01-29T16:21:00.760] [INFO] ICC - RID:[1517264460760]-[SELECT]-[START]
[2018-01-29T16:21:00.773] [INFO] ICC - RID:[1517264460760]-[SELECT]-[END]:[OK]
[2018-01-29T16:21:00.773] [INFO] ICC - RID:[1517264460760]-[SELECT]-[START]
[2018-01-29T16:21:00.790] [INFO] ICC - RID:[1517264460760]-[SELECT]-[END]:[OK]
[2018-01-29T16:21:00.790] [INFO] ICC - RID:[1517264460760]-[FREE-DML]-[START]
[2018-01-29T16:21:00.854] [INFO] ICC - RID:[1517264460760]-[FREE-DML]-[END]:[OK]
[2018-01-29T16:21:00.854] [INFO] ICC - RID:[1517264460760]-[SELECT]-[START]
[2018-01-29T16:21:00.901] [INFO] ICC - RID:[1517264460760]-[SELECT]-[END]:[OK]
[2018-01-29T16:21:00.901] [INFO] ICC - RID:[1517264460760]-[REQUEST]-[END]:[/createOrdenServicio]
[2018-01-29T16:21:03.149] [INFO] ICC - RID:[1517264463149]-[REQUEST]-[START]:[/getAllTipoServicio]
[2018-01-29T16:21:03.149] [INFO] ICC - RID:[1517264463149]-[SELECT]-[START]
[2018-01-29T16:21:03.168] [INFO] ICC - RID:[1517264463149]-[SELECT]-[END]:[OK]
[2018-01-29T16:21:03.168] [INFO] ICC - RID:[1517264463149]-[REQUEST]-[END]:[/getAllTipoServicio]
[2018-01-29T16:21:04.015] [INFO] ICC - RID:[1517264464015]-[REQUEST]-[START]:[/getAllSubZona]
[2018-01-29T16:21:04.015] [INFO] ICC - RID:[1517264464015]-[SELECT]-[START]
[2018-01-29T16:21:04.031] [INFO] ICC - RID:[1517264464015]-[SELECT]-[END]:[OK]
[2018-01-29T16:21:04.032] [INFO] ICC - RID:[1517264464015]-[REQUEST]-[END]:[/getAllSubZona]
[2018-01-29T16:21:04.720] [INFO] ICC - RID:[1517264464720]-[REQUEST]-[START]:[/getAllServicios]
[2018-01-29T16:21:04.720] [INFO] ICC - RID:[1517264464720]-[SELECT]-[START]
[2018-01-29T16:21:04.738] [INFO] ICC - RID:[1517264464720]-[SELECT]-[END]:[OK]
[2018-01-29T16:21:04.739] [INFO] ICC - RID:[1517264464720]-[REQUEST]-[END]:[/getAllServicios]
[2018-01-29T16:21:05.403] [INFO] ICC - RID:[1517264465403]-[REQUEST]-[START]:[/getAllProvedores]
[2018-01-29T16:21:05.403] [INFO] ICC - RID:[1517264465403]-[SELECT]-[START]
[2018-01-29T16:21:05.475] [INFO] ICC - RID:[1517264465403]-[SELECT]-[END]:[OK]
[2018-01-29T16:21:05.476] [INFO] ICC - RID:[1517264465403]-[REQUEST]-[END]:[/getAllProvedores]
[2018-01-29T16:21:06.061] [INFO] ICC - RID:[1517264466061]-[REQUEST]-[START]:[/getUnidadYPrecioUnitarioXServicio]
[2018-01-29T16:21:06.061] [INFO] ICC - RID:[1517264466061]-[SELECT]-[START]
[2018-01-29T16:21:06.082] [INFO] ICC - RID:[1517264466061]-[SELECT]-[END]:[OK]
[2018-01-29T16:21:06.082] [INFO] ICC - RID:[1517264466061]-[REQUEST]-[END]:[/getUnidadYPrecioUnitarioXServicio]
[2018-01-29T16:21:08.036] [INFO] ICC - RID:[1517264468036]-[REQUEST]-[START]:[/addCotizacion]
[2018-01-29T16:21:08.037] [INFO] ICC - RID:[1517264468036]-[FREE-DML]-[START]
[2018-01-29T16:21:08.057] [INFO] ICC - RID:[1517264468036]-[FREE-DML]-[END]:[OK]
[2018-01-29T16:21:08.057] [INFO] ICC - RID:[1517264468036]-[REQUEST]-[END]:[/addCotizacion]
[2018-01-29T16:21:08.072] [INFO] ICC - RID:[1517264468072]-[REQUEST]-[START]:[/getAllCotizacionXOrden]
[2018-01-29T16:21:08.073] [INFO] ICC - RID:[1517264468072]-[SELECT]-[START]
[2018-01-29T16:21:08.093] [INFO] ICC - RID:[1517264468072]-[SELECT]-[END]:[OK]
[2018-01-29T16:21:08.093] [INFO] ICC - RID:[1517264468072]-[REQUEST]-[END]:[/getAllCotizacionXOrden]
[2018-01-29T16:21:18.123] [INFO] ICC - RID:[1517264478123]-[REQUEST]-[START]:[/firma1OrdenServicioGenerador]
[2018-01-29T16:21:18.124] [INFO] ICC - RID:[1517264478123]-[FREE-DML]-[START]
[2018-01-29T16:21:18.182] [INFO] ICC - RID:[1517264478123]-[FREE-DML]-[END]:[OK]
[2018-01-29T16:21:18.182] [INFO] ICC - RID:[1517264478123]-[REQUEST]-[END]:[/firma1OrdenServicioGenerador]
[2018-01-29T16:21:18.267] [INFO] ICC - RID:[1517264478267]-[REQUEST]-[START]:[/getAllOrdenServicio]
[2018-01-29T16:21:18.267] [INFO] ICC - RID:[1517264478267]-[SELECT]-[START]
[2018-01-29T16:21:18.286] [INFO] ICC - RID:[1517264478267]-[SELECT]-[END]:[OK]
[2018-01-29T16:21:18.286] [INFO] ICC - RID:[1517264478267]-[REQUEST]-[END]:[/getAllOrdenServicio]
[2018-01-29T16:21:23.571] [INFO] ICC - RID:[1517264483571]-[REQUEST]-[START]:[/firma1OrdenServicioSupervisor]
[2018-01-29T16:21:23.571] [INFO] ICC - RID:[1517264483571]-[FREE-DML]-[START]
[2018-01-29T16:21:23.589] [INFO] ICC - RID:[1517264483571]-[FREE-DML]-[END]:[OK]
[2018-01-29T16:21:23.589] [INFO] ICC - RID:[1517264483571]-[REQUEST]-[END]:[/firma1OrdenServicioSupervisor]
[2018-01-29T16:21:23.607] [INFO] ICC - RID:[1517264483607]-[REQUEST]-[START]:[/getAllOrdenServicio]
[2018-01-29T16:21:23.607] [INFO] ICC - RID:[1517264483607]-[SELECT]-[START]
[2018-01-29T16:21:23.623] [INFO] ICC - RID:[1517264483607]-[SELECT]-[END]:[OK]
[2018-01-29T16:21:23.623] [INFO] ICC - RID:[1517264483607]-[REQUEST]-[END]:[/getAllOrdenServicio]
[2018-01-29T16:21:29.540] [INFO] ICC - RID:[1517264489540]-[REQUEST]-[START]:[/sendMailConfirmacionProvedor]
[2018-01-29T16:21:29.540] [ERROR] ECC - RID:[1517264489540]-[REQUEST]-[ERROR]:[Input parameter problem.]:[/sendMailConfirmacionProvedor]
