[2018-02-02T09:43:22.224] [INFO] ICC - [BACKEND]-[WEBSERVICES] init on port:[3000]
[2018-02-02T09:43:38.521] [INFO] ICC - RID:[1517586218520]-[REQUEST]-[START]:[/getPrefacturaMensual]
[2018-02-02T09:43:38.521] [DEBUG] DCC - {"missing":[{"requiredFieldName":"idAutoridad","requiredFieldType":"string"},{"requiredFieldName":"idOrden","requiredFieldType":"string"},{"requiredFieldName":"mensual","requiredFieldType":"string"}]}
[2018-02-02T09:43:38.522] [ERROR] ECC - RID:[1517586218520]-[REQUEST]-[ERROR]:[Input parameter problem.]:[/getReport]
[2018-02-02T09:44:33.965] [INFO] ICC - RID:[1517586273965]-[REQUEST]-[START]:[/getPrefacturaMensual]
[2018-02-02T09:44:33.966] [INFO] ICC - RID:[1517586273965]-[SELECT]-[START]
[2018-02-02T09:44:33.966] [DEBUG] DCC - RID:[1517586273965]-[SELECT]-[QUERY]:[SELECT 
	  [SERV].*
	, [ORD].* 
	, [UNI].* 
	, [SS].* 
	, [CRED].* 
	, [AUTH].* 
FROM [SLOAA_TR_SERVICIO_COTIZACION] [SERV]
LEFT JOIN [SLOAA_TR_ORDEN_SERVICIO] [ORD] ON  [SERV].[ID_ORDEN_SERVICIO]=[ORD].[ID_ORDEN_SERVICIO]
LEFT JOIN [SLOAA_TC_UNIDAD] [UNI] ON  [SERV].[ID_UNIDAD]=[UNI].[ID_UNIDAD]
LEFT JOIN [SLOAA_TC_SERVICIO] [SS] ON  [SERV].[ID_SERVICIO]=[SS].[ID_SERVICIO] and [SERV].[ID_TIPO_SERVICIO]=[SS].[ID_TIPO_SERVICIO]
LEFT JOIN [SLOAA_TR_CREDENCIAL] [CRED] ON  [CRED].[ID_CREDENCIAL]=[ORD].[ID_CREDENCIAL]
LEFT JOIN [SLOAA_TC_AUTORIDAD] [AUTH] ON  [AUTH].[ID_AUTORIDAD]=[CRED].[ID_AUTORIDAD]

WHERE 
1=1
AND [ORD].[ID_STATUS]=7 
 AND MONTH([ORD].[FECHA_SOLICITUD])=MONTH(GetDate()) 
 AND [AUTH].[ID_AUTORIDAD]=1 
 AND [ORD].[ID_ORDEN_SERVICIO]=1 

ORDER BY
[ORD].[FECHA_SOLICITUD],
[ORD].[ID_ORDEN_SERVICIO],
[SERV].[ID_SERVICIO]]
[2018-02-02T09:44:34.098] [INFO] ICC - RID:[1517586273965]-[SELECT]-[END]:[OK]
[2018-02-02T09:44:34.102] [ERROR] ECC - RID:[1517586273965]-[REQUEST]-[ERROR]:[db is not defined]:[/getReport]
[2018-02-02T09:44:51.530] [INFO] ICC - RID:[1517586291530]-[REQUEST]-[START]:[/getPrefacturaMensual]
[2018-02-02T09:44:51.530] [INFO] ICC - RID:[1517586291530]-[SELECT]-[START]
[2018-02-02T09:44:51.530] [DEBUG] DCC - RID:[1517586291530]-[SELECT]-[QUERY]:[SELECT 
	  [SERV].*
	, [ORD].* 
	, [UNI].* 
	, [SS].* 
	, [CRED].* 
	, [AUTH].* 
FROM [SLOAA_TR_SERVICIO_COTIZACION] [SERV]
LEFT JOIN [SLOAA_TR_ORDEN_SERVICIO] [ORD] ON  [SERV].[ID_ORDEN_SERVICIO]=[ORD].[ID_ORDEN_SERVICIO]
LEFT JOIN [SLOAA_TC_UNIDAD] [UNI] ON  [SERV].[ID_UNIDAD]=[UNI].[ID_UNIDAD]
LEFT JOIN [SLOAA_TC_SERVICIO] [SS] ON  [SERV].[ID_SERVICIO]=[SS].[ID_SERVICIO] and [SERV].[ID_TIPO_SERVICIO]=[SS].[ID_TIPO_SERVICIO]
LEFT JOIN [SLOAA_TR_CREDENCIAL] [CRED] ON  [CRED].[ID_CREDENCIAL]=[ORD].[ID_CREDENCIAL]
LEFT JOIN [SLOAA_TC_AUTORIDAD] [AUTH] ON  [AUTH].[ID_AUTORIDAD]=[CRED].[ID_AUTORIDAD]

WHERE 
1=1
AND [ORD].[ID_STATUS]=7 
 AND MONTH([ORD].[FECHA_SOLICITUD])=MONTH(GetDate()) 
 AND [AUTH].[ID_AUTORIDAD]=1 
 AND [ORD].[ID_ORDEN_SERVICIO]=1 

ORDER BY
[ORD].[FECHA_SOLICITUD],
[ORD].[ID_ORDEN_SERVICIO],
[SERV].[ID_SERVICIO]]
[2018-02-02T09:44:51.571] [INFO] ICC - RID:[1517586291530]-[SELECT]-[END]:[OK]
[2018-02-02T09:44:51.572] [ERROR] ECC - RID:[1517586291530]-[REQUEST]-[ERROR]:[db is not defined]:[/getReport]
