[2018-02-07T11:10:31.783] [INFO] ICC - [BACKEND]-[WEBSERVICES] init on port:[3000]
[2018-02-07T11:10:57.938] [INFO] ICC - RID:[1518023457938]-[REQUEST]-[START]:[/defaultSelect]
[2018-02-07T11:10:57.939] [INFO] ICC - RID:[1518023457938]-[SELECT]-[START]
[2018-02-07T11:10:57.940] [DEBUG] DCC - RID:[1518023457938]-[SELECT]-[QUERY]:[SELECT [CRED].[ID_CREDENCIAL]
      ,[CRED].[NOMBRE]
      ,[CRED].[USUARIO_NOMBRE]
      ,[CRED].[ID_AUTORIDAD]
	  ,[AUTH].[NOMBRE_AUTORIDAD]
	  ,[AUTH].[ID_ZONA]
         ,[CRED].[ID_ROL]
	  ,[ROL].[NOMBRE_ROL]
	  ,[ROL].[PRIVILEGIOS]
      ,[CRED].[ID_CREDENCIAL_SUPERIOR]
  FROM [dbo].[SLOAA_TR_CREDENCIAL] [CRED]
  LEFT JOIN  [dbo].[SLOAA_TC_AUTORIDAD] [AUTH] ON [CRED].[ID_AUTORIDAD]=[AUTH].[ID_AUTORIDAD]
  LEFT JOIN  [dbo].[SLOAA_TS_ROL] [ROL] ON [CRED].[ID_ROL]=[ROL].[ID_ROL]
  
  WHERE 
	            [CRED].[USUARIO_NOMBRE]='carlos.palacios'
		AND [CRED].[USUARIO_PASSWORD]='12345']
[2018-02-07T11:10:57.997] [INFO] ICC - RID:[1518023457938]-[SELECT]-[END]:[OK]
[2018-02-07T11:10:57.997] [INFO] ICC - RID:[1518023457938]-[REQUEST]-[END]:[/defaultSelect]
[2018-02-07T11:10:58.237] [INFO] ICC - RID:[1518023458237]-[REQUEST]-[START]:[/getAllOrdenServicio]
[2018-02-07T11:10:58.237] [INFO] ICC - RID:[1518023458237]-[SELECT]-[START]
[2018-02-07T11:10:58.237] [DEBUG] DCC - RID:[1518023458237]-[SELECT]-[QUERY]:[SELECT  
	    [ORD].[ID_ORDEN_SERVICIO]
      ,[ORD].[NUM_ORDEN]
      ,[ORD].[FECHA_SOLICITUD]
      ,[ORD].[DOMICILIO]
      ,[ORD].[FIRMA1_USER1]
      ,[ORD].[FIRMA1_USER2]
      ,[ORD].[FIRMA2_USER1]
      ,[ORD].[FIRMA2_USER2]
      ,[ORD].[ID_STATUS]
      ,[ORD].[METAINFO_FECHA_CREACION]
      ,[ORD].[METAINFO_IP]
      ,[ORD].[METAINFO_MAC_ADRR]
      ,[ORD].[LLAVE_SISTEMA]
      ,[ORD].[CIERRE_TOTAL]
	  
	   ,[CRED].[ID_CREDENCIAL]
      ,[CRED].[NOMBRE]
      ,[CRED].[CARGO]
      ,[CRED].[TELEFONO]
      ,[CRED].[EXT]
      ,[CRED].[EMAIL]
      ,[CRED].[PTT]
      ,[CRED].[MOVIL]
      ,[CRED].[USUARIO_NOMBRE]
      ,[CRED].[USUARIO_PASSWORD]
      ,[CRED].[ID_ROL]
      ,[CRED].[ID_CREDENCIAL_SUPERIOR]

	   ,[AUTH].[ID_AUTORIDAD]
      ,[AUTH].[NOMBRE_AUTORIDAD]
      ,[AUTH].[ESTADO]
      ,[AUTH].[NIVEL]
      ,[AUTH].[SERVICIO]
      ,[AUTH].[ID_ZONA] 
             ,[STATUS].[NOMBRE_STATUS]
  FROM 
  [SLOAA_TR_ORDEN_SERVICIO] [ORD]
 LEFT JOIN [SLOAA_TR_CREDENCIAL] [CRED] ON  [CRED].[ID_CREDENCIAL]=[ORD].[ID_CREDENCIAL]
 LEFT JOIN [SLOAA_TC_AUTORIDAD] [AUTH] ON  [AUTH].[ID_AUTORIDAD]=[CRED].[ID_AUTORIDAD]
 LEFT JOIN [dbo].[SLOAA_TC_STATUS] [STATUS] ON  [ORD].[ID_STATUS]=[STATUS].[ID_STATUS]
  WHERE
  1=1
 ]
[2018-02-07T11:10:58.267] [INFO] ICC - RID:[1518023458237]-[SELECT]-[END]:[OK]
[2018-02-07T11:10:58.268] [INFO] ICC - RID:[1518023458237]-[REQUEST]-[END]:[/getAllOrdenServicio]
[2018-02-07T11:11:00.894] [INFO] ICC - RID:[1518023460894]-[REQUEST]-[START]:[/getAllCotizacionXOrden]
[2018-02-07T11:11:00.895] [INFO] ICC - RID:[1518023460894]-[SELECT]-[START]
[2018-02-07T11:11:00.895] [DEBUG] DCC - RID:[1518023460894]-[SELECT]-[QUERY]:[SELECT COT.ID_SERVICIO_COTIZACION, COT.ID_ORDEN_SERVICIO, COT.ID_SERVICIO, COT.ID_TIPO_SERVICIO, COT.PRECIO_UNITARIO, COT.CANTIDAD, COT.COTIZACION, COT.DEDUCCION, COT.DEDUCCION_JUSTIFICACION, COT.PRECIO_SERVICIO_FINAL, SERV.NOMBRE_SERVICIO, TIPO.TIPO, PRES.NOMBRE, SUBZ.SUBZONA, ZONA.ZONA FROM SLOAA_TR_SERVICIO_COTIZACION COT INNER JOIN SLOAA_TR_PRECIO_UNITARIO UNIT ON COT.ID_TIPO_SERVICIO = UNIT.ID_TIPO_SERVICIO AND COT.ID_SERVICIO = UNIT.ID_SERVICIO AND COT.ID_UNIDAD = UNIT.ID_UNIDAD INNER JOIN SLOAA_TC_SERVICIO SERV ON SERV.ID_SERVICIO = UNIT.ID_SERVICIO AND SERV.ID_SERVICIO = UNIT.ID_SERVICIO INNER JOIN SLOAA_TC_TIPO_SERVICIO TIPO ON TIPO.ID_TIPO_SERVICIO = SERV.ID_TIPO_SERVICIO INNER JOIN SLOAA_TC_PRESTADOR_SERVICIOS_X_SERVICIO PRESERV ON PRESERV.ID_PRESTADOR_SERVICIO = COT.ID_PRESTADOR_SERVICIO AND PRESERV.ID_TIPO_SERVICIO = COT.ID_TIPO_SERVICIO AND PRESERV.ID_SERVICIO = COT.ID_SERVICIO INNER JOIN SLOAA_TC_PRESTADOR_SERVICIOS PRES ON PRES.ID_PRESTADOR_SERVICIO = PRESERV.ID_PRESTADOR_SERVICIO AND PRES.ID_ZONA = PRESERV.ID_ZONA AND PRES.ID_SUBZONA = PRESERV.ID_SUBZONA INNER JOIN SLOAA_TC_SUBZONA SUBZ ON SUBZ.ID_ZONA = PRES.ID_ZONA AND SUBZ.ID_SUBZONA = PRES.ID_SUBZONA INNER JOIN SLOAA_TC_ZONA ZONA ON ZONA.ID_ZONA = SUBZ.ID_ZONA 
                        WHERE ID_ORDEN_SERVICIO =246]
[2018-02-07T11:11:00.930] [INFO] ICC - RID:[1518023460894]-[SELECT]-[END]:[OK]
[2018-02-07T11:11:00.931] [INFO] ICC - RID:[1518023460894]-[REQUEST]-[END]:[/getAllCotizacionXOrden]
[2018-02-07T11:11:01.970] [INFO] ICC - RID:[1518023461969]-[REQUEST]-[START]:[/getAllTipoServicio]
[2018-02-07T11:11:01.970] [INFO] ICC - RID:[1518023461969]-[SELECT]-[START]
[2018-02-07T11:11:01.970] [DEBUG] DCC - RID:[1518023461969]-[SELECT]-[QUERY]:[SELECT 
 DISTINCT([SEL].[ID_TIPO_SERVICIO]),
		  [SEL].[TIPO]
 FROM  (
		SELECT [PSXS].[ID_PRESTADOR_SERVICIO]
			  ,[PSXS].[ID_ZONA]
			  ,[PSXS].[ID_SUBZONA]
			  ,[PSXS].[ID_TIPO_SERVICIO]
			  ,[TS].[TIPO]
			  ,[PSXS].[ID_SERVICIO]
		  FROM [SLOAA_TC_PRESTADOR_SERVICIOS_X_SERVICIO] [PSXS]
		  LEFT JOIN [SLOAA_TC_TIPO_SERVICIO] [TS] ON [PSXS].[ID_TIPO_SERVICIO]=[TS].[ID_TIPO_SERVICIO]
		  WHERE 
		  1=1
		  AND [PSXS].[ID_ZONA]=3
  )[SEL] ]
[2018-02-07T11:11:01.982] [INFO] ICC - RID:[1518023461969]-[SELECT]-[END]:[OK]
[2018-02-07T11:11:01.982] [INFO] ICC - RID:[1518023461969]-[REQUEST]-[END]:[/getAllTipoServicio]
[2018-02-07T11:11:02.050] [INFO] ICC - RID:[1518023462050]-[REQUEST]-[START]:[/getAllSubZona]
[2018-02-07T11:11:02.051] [INFO] ICC - RID:[1518023462050]-[SELECT]-[START]
[2018-02-07T11:11:02.051] [DEBUG] DCC - RID:[1518023462050]-[SELECT]-[QUERY]:[SELECT [ID_SUBZONA],[SUBZONA] FROM [SLOAA_TC_SUBZONA] WHERE 1=1 AND [ID_ZONA]=3]
[2018-02-07T11:11:02.064] [INFO] ICC - RID:[1518023462050]-[SELECT]-[END]:[OK]
[2018-02-07T11:11:02.064] [INFO] ICC - RID:[1518023462050]-[REQUEST]-[END]:[/getAllSubZona]
[2018-02-07T11:11:02.074] [INFO] ICC - RID:[1518023462073]-[REQUEST]-[START]:[/getAllServicios]
[2018-02-07T11:11:02.074] [DEBUG] DCC - {"missing":[{"requiredFieldName":"idZona","requiredFieldType":"string"},{"requiredFieldName":"idSubZona","requiredFieldType":"string"},{"requiredFieldName":"idTipoServicio","requiredFieldType":"string"}]}
[2018-02-07T11:11:02.074] [ERROR] ECC - RID:[1518023462073]-[REQUEST]-[ERROR]:[Input parameter problem.]:[/getAllServicios]
[2018-02-07T11:11:02.137] [INFO] ICC - RID:[1518023462137]-[REQUEST]-[START]:[/getAllProvedores]
[2018-02-07T11:11:02.137] [INFO] ICC - RID:[1518023462137]-[SELECT]-[START]
[2018-02-07T11:11:02.138] [DEBUG] DCC - RID:[1518023462137]-[SELECT]-[QUERY]:[SELECT 
 DISTINCT([SEL].[ID_PRESTADOR_SERVICIO]),
		  [SEL].[NOMBRE]
 FROM  (
		SELECT [PSXS].[ID_PRESTADOR_SERVICIO]
			  ,[PSXS].[ID_ZONA]
			  ,[PSXS].[ID_SUBZONA]
			  ,[PSXS].[ID_TIPO_SERVICIO]
			  ,[PSXS].[ID_SERVICIO]
			  ,[PS].[NOMBRE]
			  ,[PS].[CORREO_ELECTRONICO]
		  FROM [SLOAA_TC_PRESTADOR_SERVICIOS_X_SERVICIO] [PSXS]
		  LEFT JOIN [SLOAA_TC_PRESTADOR_SERVICIOS] [PS] ON [PSXS].[ID_PRESTADOR_SERVICIO]=[PS].[ID_PRESTADOR_SERVICIO]
		  WHERE 
		  1=1
		  AND [PSXS].[ID_ZONA]=3
		  AND [PSXS].[ID_SUBZONA]=
		  AND [PSXS].[ID_TIPO_SERVICIO]=1
		  AND [PSXS].[ID_SERVICIO]=1001
  )[SEL]]
[2018-02-07T11:11:02.160] [ERROR] ECC - RID:[1518023462137]-[SELECT]-[END]:[FAIL]:[Incorrect syntax near the keyword 'AND'.]
[2018-02-07T11:11:02.161] [ERROR] ECC - RID:[1518023462137]-[REQUEST]-[ERROR]:[Incorrect syntax near the keyword 'AND'.]:[/getAllProvedores]
[2018-02-07T11:11:02.169] [INFO] ICC - RID:[1518023462169]-[REQUEST]-[START]:[/getUnidadYPrecioUnitarioXServicio]
[2018-02-07T11:11:02.169] [DEBUG] DCC - {"missing":[{"requiredFieldName":"idTipoServicio","requiredFieldType":"string"},{"requiredFieldName":"idServicio","requiredFieldType":"string"}]}
[2018-02-07T11:11:02.170] [ERROR] ECC - RID:[1518023462169]-[REQUEST]-[ERROR]:[Input parameter problem.]:[/getUnidadYPrecioUnitarioXServicio]
