[2018-02-07T11:10:31.783] [INFO] ICC - [BACKEND]-[WEBSERVICES] init on port:[3000]
[2018-02-07T11:10:57.938] [INFO] ICC - RID:[1518023457938]-[REQUEST]-[START]:[/defaultSelect]
[2018-02-07T11:10:57.939] [INFO] ICC - RID:[1518023457938]-[SELECT]-[START]
[2018-02-07T11:10:57.997] [INFO] ICC - RID:[1518023457938]-[SELECT]-[END]:[OK]
[2018-02-07T11:10:57.997] [INFO] ICC - RID:[1518023457938]-[REQUEST]-[END]:[/defaultSelect]
[2018-02-07T11:10:58.237] [INFO] ICC - RID:[1518023458237]-[REQUEST]-[START]:[/getAllOrdenServicio]
[2018-02-07T11:10:58.237] [INFO] ICC - RID:[1518023458237]-[SELECT]-[START]
[2018-02-07T11:10:58.267] [INFO] ICC - RID:[1518023458237]-[SELECT]-[END]:[OK]
[2018-02-07T11:10:58.268] [INFO] ICC - RID:[1518023458237]-[REQUEST]-[END]:[/getAllOrdenServicio]
[2018-02-07T11:11:00.894] [INFO] ICC - RID:[1518023460894]-[REQUEST]-[START]:[/getAllCotizacionXOrden]
[2018-02-07T11:11:00.895] [INFO] ICC - RID:[1518023460894]-[SELECT]-[START]
[2018-02-07T11:11:00.930] [INFO] ICC - RID:[1518023460894]-[SELECT]-[END]:[OK]
[2018-02-07T11:11:00.931] [INFO] ICC - RID:[1518023460894]-[REQUEST]-[END]:[/getAllCotizacionXOrden]
[2018-02-07T11:11:01.970] [INFO] ICC - RID:[1518023461969]-[REQUEST]-[START]:[/getAllTipoServicio]
[2018-02-07T11:11:01.970] [INFO] ICC - RID:[1518023461969]-[SELECT]-[START]
[2018-02-07T11:11:01.982] [INFO] ICC - RID:[1518023461969]-[SELECT]-[END]:[OK]
[2018-02-07T11:11:01.982] [INFO] ICC - RID:[1518023461969]-[REQUEST]-[END]:[/getAllTipoServicio]
[2018-02-07T11:11:02.050] [INFO] ICC - RID:[1518023462050]-[REQUEST]-[START]:[/getAllSubZona]
[2018-02-07T11:11:02.051] [INFO] ICC - RID:[1518023462050]-[SELECT]-[START]
[2018-02-07T11:11:02.064] [INFO] ICC - RID:[1518023462050]-[SELECT]-[END]:[OK]
[2018-02-07T11:11:02.064] [INFO] ICC - RID:[1518023462050]-[REQUEST]-[END]:[/getAllSubZona]
[2018-02-07T11:11:02.074] [INFO] ICC - RID:[1518023462073]-[REQUEST]-[START]:[/getAllServicios]
[2018-02-07T11:11:02.074] [ERROR] ECC - RID:[1518023462073]-[REQUEST]-[ERROR]:[Input parameter problem.]:[/getAllServicios]
[2018-02-07T11:11:02.137] [INFO] ICC - RID:[1518023462137]-[REQUEST]-[START]:[/getAllProvedores]
[2018-02-07T11:11:02.137] [INFO] ICC - RID:[1518023462137]-[SELECT]-[START]
[2018-02-07T11:11:02.160] [ERROR] ECC - RID:[1518023462137]-[SELECT]-[END]:[FAIL]:[Incorrect syntax near the keyword 'AND'.]
[2018-02-07T11:11:02.161] [ERROR] ECC - RID:[1518023462137]-[REQUEST]-[ERROR]:[Incorrect syntax near the keyword 'AND'.]:[/getAllProvedores]
[2018-02-07T11:11:02.169] [INFO] ICC - RID:[1518023462169]-[REQUEST]-[START]:[/getUnidadYPrecioUnitarioXServicio]
[2018-02-07T11:11:02.170] [ERROR] ECC - RID:[1518023462169]-[REQUEST]-[ERROR]:[Input parameter problem.]:[/getUnidadYPrecioUnitarioXServicio]
