[2018-02-06T16:00:23.424] [INFO] ICC - RID:[1517954423424]-[REQUEST]-[START]:[/defaultSelect]
[2018-02-06T16:00:23.425] [INFO] ICC - RID:[1517954423424]-[SELECT]-[START]
[2018-02-06T16:00:23.478] [INFO] ICC - RID:[1517954423424]-[SELECT]-[END]:[OK]
[2018-02-06T16:00:23.478] [INFO] ICC - RID:[1517954423424]-[REQUEST]-[END]:[/defaultSelect]
[2018-02-06T16:00:23.701] [INFO] ICC - RID:[1517954423701]-[REQUEST]-[START]:[/getAllOrdenServicio]
[2018-02-06T16:00:23.701] [INFO] ICC - RID:[1517954423701]-[SELECT]-[START]
[2018-02-06T16:00:23.780] [INFO] ICC - RID:[1517954423701]-[SELECT]-[END]:[OK]
[2018-02-06T16:00:23.780] [INFO] ICC - RID:[1517954423701]-[REQUEST]-[END]:[/getAllOrdenServicio]
[2018-02-06T16:00:31.277] [INFO] ICC - RID:[1517954431276]-[REQUEST]-[START]:[/getAllCotizacionXOrden]
[2018-02-06T16:00:31.277] [INFO] ICC - RID:[1517954431276]-[SELECT]-[START]
[2018-02-06T16:00:31.341] [INFO] ICC - RID:[1517954431276]-[SELECT]-[END]:[OK]
[2018-02-06T16:00:31.341] [INFO] ICC - RID:[1517954431276]-[REQUEST]-[END]:[/getAllCotizacionXOrden]
[2018-02-06T16:00:35.322] [INFO] ICC - RID:[1517954435321]-[REQUEST]-[START]:[/getAllTipoServicio]
[2018-02-06T16:00:35.322] [INFO] ICC - RID:[1517954435321]-[SELECT]-[START]
[2018-02-06T16:00:35.387] [INFO] ICC - RID:[1517954435321]-[SELECT]-[END]:[OK]
[2018-02-06T16:00:35.388] [INFO] ICC - RID:[1517954435321]-[REQUEST]-[END]:[/getAllTipoServicio]
[2018-02-06T16:00:39.374] [INFO] ICC - RID:[1517954439373]-[REQUEST]-[START]:[/getAllSubZona]
[2018-02-06T16:00:39.374] [INFO] ICC - RID:[1517954439373]-[SELECT]-[START]
[2018-02-06T16:00:39.570] [INFO] ICC - RID:[1517954439373]-[SELECT]-[END]:[OK]
[2018-02-06T16:00:39.571] [INFO] ICC - RID:[1517954439373]-[REQUEST]-[END]:[/getAllSubZona]
[2018-02-06T16:01:33.894] [INFO] ICC - RID:[1517954493894]-[REQUEST]-[START]:[/defaultSelect]
[2018-02-06T16:01:33.894] [INFO] ICC - RID:[1517954493894]-[SELECT]-[START]
[2018-02-06T16:01:33.922] [INFO] ICC - RID:[1517954493894]-[SELECT]-[END]:[OK]
[2018-02-06T16:01:33.923] [INFO] ICC - RID:[1517954493894]-[REQUEST]-[END]:[/defaultSelect]
[2018-02-06T16:01:34.138] [INFO] ICC - RID:[1517954494138]-[REQUEST]-[START]:[/getAllOrdenServicio]
[2018-02-06T16:01:34.139] [INFO] ICC - RID:[1517954494138]-[SELECT]-[START]
[2018-02-06T16:01:34.177] [INFO] ICC - RID:[1517954494138]-[SELECT]-[END]:[OK]
[2018-02-06T16:01:34.177] [INFO] ICC - RID:[1517954494138]-[REQUEST]-[END]:[/getAllOrdenServicio]
[2018-02-06T16:01:38.187] [INFO] ICC - RID:[1517954498187]-[REQUEST]-[START]:[/getAllCotizacionXOrden]
[2018-02-06T16:01:38.188] [INFO] ICC - RID:[1517954498187]-[SELECT]-[START]
[2018-02-06T16:01:38.222] [INFO] ICC - RID:[1517954498187]-[SELECT]-[END]:[OK]
[2018-02-06T16:01:38.222] [INFO] ICC - RID:[1517954498187]-[REQUEST]-[END]:[/getAllCotizacionXOrden]
[2018-02-06T16:02:03.524] [INFO] ICC - RID:[1517954523524]-[REQUEST]-[START]:[/getAllTipoServicio]
[2018-02-06T16:02:03.524] [ERROR] ECC - RID:[1517954523524]-[REQUEST]-[ERROR]:[Input parameter problem.]:[/getAllTipoServicio]
[2018-02-06T16:02:06.085] [INFO] ICC - RID:[1517954526085]-[REQUEST]-[START]:[/getAllTipoServicio]
[2018-02-06T16:02:06.085] [INFO] ICC - RID:[1517954526085]-[SELECT]-[START]
[2018-02-06T16:02:06.105] [INFO] ICC - RID:[1517954526085]-[SELECT]-[END]:[OK]
[2018-02-06T16:02:06.105] [INFO] ICC - RID:[1517954526085]-[REQUEST]-[END]:[/getAllTipoServicio]
[2018-02-06T16:02:31.643] [INFO] ICC - RID:[1517954551643]-[REQUEST]-[START]:[/getAllTipoServicio]
[2018-02-06T16:02:31.643] [INFO] ICC - RID:[1517954551643]-[SELECT]-[START]
[2018-02-06T16:02:31.661] [INFO] ICC - RID:[1517954551643]-[SELECT]-[END]:[OK]
[2018-02-06T16:02:31.661] [INFO] ICC - RID:[1517954551643]-[REQUEST]-[END]:[/getAllTipoServicio]
[2018-02-06T16:02:40.348] [INFO] ICC - RID:[1517954560348]-[REQUEST]-[START]:[/getAllTipoServicio]
[2018-02-06T16:02:40.348] [INFO] ICC - RID:[1517954560348]-[SELECT]-[START]
[2018-02-06T16:02:40.365] [INFO] ICC - RID:[1517954560348]-[SELECT]-[END]:[OK]
[2018-02-06T16:02:40.365] [INFO] ICC - RID:[1517954560348]-[REQUEST]-[END]:[/getAllTipoServicio]
[2018-02-06T16:02:49.709] [INFO] ICC - RID:[1517954569709]-[REQUEST]-[START]:[/getAllTipoServicio]
[2018-02-06T16:02:49.710] [INFO] ICC - RID:[1517954569709]-[SELECT]-[START]
[2018-02-06T16:02:49.732] [INFO] ICC - RID:[1517954569709]-[SELECT]-[END]:[OK]
[2018-02-06T16:02:49.732] [INFO] ICC - RID:[1517954569709]-[REQUEST]-[END]:[/getAllTipoServicio]
[2018-02-06T16:07:01.763] [INFO] ICC - RID:[1517954821763]-[REQUEST]-[START]:[/getAllTipoServicio]
[2018-02-06T16:07:01.763] [INFO] ICC - RID:[1517954821763]-[SELECT]-[START]
[2018-02-06T16:07:01.780] [INFO] ICC - RID:[1517954821763]-[SELECT]-[END]:[OK]
[2018-02-06T16:07:01.780] [INFO] ICC - RID:[1517954821763]-[REQUEST]-[END]:[/getAllTipoServicio]
[2018-02-06T16:08:31.739] [INFO] ICC - RID:[1517954911739]-[REQUEST]-[START]:[/defaultSelect]
[2018-02-06T16:08:31.739] [INFO] ICC - RID:[1517954911739]-[SELECT]-[START]
[2018-02-06T16:08:31.758] [INFO] ICC - RID:[1517954911739]-[SELECT]-[END]:[OK]
[2018-02-06T16:08:31.758] [INFO] ICC - RID:[1517954911739]-[REQUEST]-[END]:[/defaultSelect]
[2018-02-06T16:08:31.986] [INFO] ICC - RID:[1517954911985]-[REQUEST]-[START]:[/getAllOrdenServicio]
[2018-02-06T16:08:31.986] [INFO] ICC - RID:[1517954911985]-[SELECT]-[START]
[2018-02-06T16:08:32.007] [INFO] ICC - RID:[1517954911985]-[SELECT]-[END]:[OK]
[2018-02-06T16:08:32.007] [INFO] ICC - RID:[1517954911985]-[REQUEST]-[END]:[/getAllOrdenServicio]
[2018-02-06T16:08:34.293] [INFO] ICC - RID:[1517954914293]-[REQUEST]-[START]:[/getAllCotizacionXOrden]
[2018-02-06T16:08:34.293] [INFO] ICC - RID:[1517954914293]-[SELECT]-[START]
[2018-02-06T16:08:34.312] [INFO] ICC - RID:[1517954914293]-[SELECT]-[END]:[OK]
[2018-02-06T16:08:34.313] [INFO] ICC - RID:[1517954914293]-[REQUEST]-[END]:[/getAllCotizacionXOrden]
[2018-02-06T16:08:35.328] [INFO] ICC - RID:[1517954915328]-[REQUEST]-[START]:[/getAllTipoServicio]
[2018-02-06T16:08:35.328] [ERROR] ECC - RID:[1517954915328]-[REQUEST]-[ERROR]:[Input parameter problem.]:[/getAllTipoServicio]
[2018-02-06T16:08:35.330] [INFO] ICC - RID:[1517954915330]-[REQUEST]-[START]:[/getAllSubZona]
[2018-02-06T16:08:35.331] [ERROR] ECC - RID:[1517954915330]-[REQUEST]-[ERROR]:[Input parameter problem.]:[/getAllSubZona]
[2018-02-06T16:08:35.335] [INFO] ICC - RID:[1517954915335]-[REQUEST]-[START]:[/getAllServicios]
[2018-02-06T16:08:35.336] [ERROR] ECC - RID:[1517954915335]-[REQUEST]-[ERROR]:[Input parameter problem.]:[/getAllServicios]
[2018-02-06T16:08:35.337] [INFO] ICC - RID:[1517954915337]-[REQUEST]-[START]:[/getAllProvedores]
[2018-02-06T16:08:35.338] [ERROR] ECC - RID:[1517954915337]-[REQUEST]-[ERROR]:[Input parameter problem.]:[/getAllProvedores]
[2018-02-06T16:08:35.347] [INFO] ICC - RID:[1517954915347]-[REQUEST]-[START]:[/getUnidadYPrecioUnitarioXServicio]
[2018-02-06T16:08:35.348] [ERROR] ECC - RID:[1517954915347]-[REQUEST]-[ERROR]:[Input parameter problem.]:[/getUnidadYPrecioUnitarioXServicio]
[2018-02-06T16:08:51.217] [INFO] ICC - RID:[1517954931217]-[REQUEST]-[START]:[/getAllTipoServicio]
[2018-02-06T16:08:51.217] [INFO] ICC - RID:[1517954931217]-[SELECT]-[START]
[2018-02-06T16:08:51.237] [INFO] ICC - RID:[1517954931217]-[SELECT]-[END]:[OK]
[2018-02-06T16:08:51.238] [INFO] ICC - RID:[1517954931217]-[REQUEST]-[END]:[/getAllTipoServicio]
[2018-02-06T16:09:17.699] [INFO] ICC - RID:[1517954957699]-[REQUEST]-[START]:[/defaultSelect]
[2018-02-06T16:09:17.699] [INFO] ICC - RID:[1517954957699]-[SELECT]-[START]
[2018-02-06T16:09:17.715] [INFO] ICC - RID:[1517954957699]-[SELECT]-[END]:[OK]
[2018-02-06T16:09:17.715] [INFO] ICC - RID:[1517954957699]-[REQUEST]-[END]:[/defaultSelect]
[2018-02-06T16:09:17.931] [INFO] ICC - RID:[1517954957931]-[REQUEST]-[START]:[/getAllOrdenServicio]
[2018-02-06T16:09:17.931] [INFO] ICC - RID:[1517954957931]-[SELECT]-[START]
[2018-02-06T16:09:17.977] [INFO] ICC - RID:[1517954957931]-[SELECT]-[END]:[OK]
[2018-02-06T16:09:17.978] [INFO] ICC - RID:[1517954957931]-[REQUEST]-[END]:[/getAllOrdenServicio]
[2018-02-06T16:09:20.096] [INFO] ICC - RID:[1517954960096]-[REQUEST]-[START]:[/getAllCotizacionXOrden]
[2018-02-06T16:09:20.097] [INFO] ICC - RID:[1517954960096]-[SELECT]-[START]
[2018-02-06T16:09:20.143] [INFO] ICC - RID:[1517954960096]-[SELECT]-[END]:[OK]
[2018-02-06T16:09:20.144] [INFO] ICC - RID:[1517954960096]-[REQUEST]-[END]:[/getAllCotizacionXOrden]
[2018-02-06T16:09:21.513] [INFO] ICC - RID:[1517954961513]-[REQUEST]-[START]:[/getAllTipoServicio]
[2018-02-06T16:09:21.513] [ERROR] ECC - RID:[1517954961513]-[REQUEST]-[ERROR]:[Input parameter problem.]:[/getAllTipoServicio]
[2018-02-06T16:09:21.517] [INFO] ICC - RID:[1517954961517]-[REQUEST]-[START]:[/getAllSubZona]
[2018-02-06T16:09:21.517] [ERROR] ECC - RID:[1517954961517]-[REQUEST]-[ERROR]:[Input parameter problem.]:[/getAllSubZona]
[2018-02-06T16:09:21.551] [INFO] ICC - RID:[1517954961551]-[REQUEST]-[START]:[/getAllServicios]
[2018-02-06T16:09:21.551] [ERROR] ECC - RID:[1517954961551]-[REQUEST]-[ERROR]:[Input parameter problem.]:[/getAllServicios]
[2018-02-06T16:09:21.553] [INFO] ICC - RID:[1517954961553]-[REQUEST]-[START]:[/getAllProvedores]
[2018-02-06T16:09:21.554] [ERROR] ECC - RID:[1517954961553]-[REQUEST]-[ERROR]:[Input parameter problem.]:[/getAllProvedores]
[2018-02-06T16:09:21.555] [INFO] ICC - RID:[1517954961555]-[REQUEST]-[START]:[/getUnidadYPrecioUnitarioXServicio]
[2018-02-06T16:09:21.555] [ERROR] ECC - RID:[1517954961555]-[REQUEST]-[ERROR]:[Input parameter problem.]:[/getUnidadYPrecioUnitarioXServicio]
[2018-02-06T16:11:23.920] [INFO] ICC - RID:[1517955083920]-[REQUEST]-[START]:[/defaultSelect]
[2018-02-06T16:11:23.920] [INFO] ICC - RID:[1517955083920]-[SELECT]-[START]
[2018-02-06T16:11:23.937] [INFO] ICC - RID:[1517955083920]-[SELECT]-[END]:[OK]
[2018-02-06T16:11:23.938] [INFO] ICC - RID:[1517955083920]-[REQUEST]-[END]:[/defaultSelect]
[2018-02-06T16:11:24.159] [INFO] ICC - RID:[1517955084159]-[REQUEST]-[START]:[/getAllOrdenServicio]
[2018-02-06T16:11:24.159] [INFO] ICC - RID:[1517955084159]-[SELECT]-[START]
[2018-02-06T16:11:24.235] [INFO] ICC - RID:[1517955084159]-[SELECT]-[END]:[OK]
[2018-02-06T16:11:24.235] [INFO] ICC - RID:[1517955084159]-[REQUEST]-[END]:[/getAllOrdenServicio]
[2018-02-06T16:11:27.400] [INFO] ICC - RID:[1517955087400]-[REQUEST]-[START]:[/getAllCotizacionXOrden]
[2018-02-06T16:11:27.400] [INFO] ICC - RID:[1517955087400]-[SELECT]-[START]
[2018-02-06T16:11:27.449] [INFO] ICC - RID:[1517955087400]-[SELECT]-[END]:[OK]
[2018-02-06T16:11:27.449] [INFO] ICC - RID:[1517955087400]-[REQUEST]-[END]:[/getAllCotizacionXOrden]
[2018-02-06T16:11:30.410] [INFO] ICC - RID:[1517955090410]-[REQUEST]-[START]:[/getAllTipoServicio]
[2018-02-06T16:11:30.411] [ERROR] ECC - RID:[1517955090410]-[REQUEST]-[ERROR]:[Input parameter problem.]:[/getAllTipoServicio]
[2018-02-06T16:11:30.426] [INFO] ICC - RID:[1517955090426]-[REQUEST]-[START]:[/getAllSubZona]
[2018-02-06T16:11:30.427] [ERROR] ECC - RID:[1517955090426]-[REQUEST]-[ERROR]:[Input parameter problem.]:[/getAllSubZona]
[2018-02-06T16:11:30.429] [INFO] ICC - RID:[1517955090429]-[REQUEST]-[START]:[/getAllServicios]
[2018-02-06T16:11:30.429] [ERROR] ECC - RID:[1517955090429]-[REQUEST]-[ERROR]:[Input parameter problem.]:[/getAllServicios]
[2018-02-06T16:11:30.514] [INFO] ICC - RID:[1517955090514]-[REQUEST]-[START]:[/getAllProvedores]
[2018-02-06T16:11:30.515] [ERROR] ECC - RID:[1517955090514]-[REQUEST]-[ERROR]:[Input parameter problem.]:[/getAllProvedores]
[2018-02-06T16:11:30.516] [INFO] ICC - RID:[1517955090516]-[REQUEST]-[START]:[/getUnidadYPrecioUnitarioXServicio]
[2018-02-06T16:11:30.517] [ERROR] ECC - RID:[1517955090516]-[REQUEST]-[ERROR]:[Input parameter problem.]:[/getUnidadYPrecioUnitarioXServicio]
[2018-02-06T16:11:41.445] [INFO] ICC - RID:[1517955101445]-[REQUEST]-[START]:[/getAllTipoServicio]
[2018-02-06T16:11:41.446] [INFO] ICC - RID:[1517955101445]-[SELECT]-[START]
[2018-02-06T16:11:41.462] [INFO] ICC - RID:[1517955101445]-[SELECT]-[END]:[OK]
[2018-02-06T16:11:41.462] [INFO] ICC - RID:[1517955101445]-[REQUEST]-[END]:[/getAllTipoServicio]
[2018-02-06T16:15:32.289] [INFO] ICC - RID:[1517955332289]-[REQUEST]-[START]:[/defaultSelect]
[2018-02-06T16:15:32.290] [INFO] ICC - RID:[1517955332289]-[SELECT]-[START]
[2018-02-06T16:15:32.306] [INFO] ICC - RID:[1517955332289]-[SELECT]-[END]:[OK]
[2018-02-06T16:15:32.306] [INFO] ICC - RID:[1517955332289]-[REQUEST]-[END]:[/defaultSelect]
[2018-02-06T16:15:32.534] [INFO] ICC - RID:[1517955332534]-[REQUEST]-[START]:[/getAllOrdenServicio]
[2018-02-06T16:15:32.535] [INFO] ICC - RID:[1517955332534]-[SELECT]-[START]
[2018-02-06T16:15:32.556] [INFO] ICC - RID:[1517955332534]-[SELECT]-[END]:[OK]
[2018-02-06T16:15:32.557] [INFO] ICC - RID:[1517955332534]-[REQUEST]-[END]:[/getAllOrdenServicio]
[2018-02-06T16:15:36.125] [INFO] ICC - RID:[1517955336125]-[REQUEST]-[START]:[/getAllCotizacionXOrden]
[2018-02-06T16:15:36.125] [INFO] ICC - RID:[1517955336125]-[SELECT]-[START]
[2018-02-06T16:15:36.157] [INFO] ICC - RID:[1517955336125]-[SELECT]-[END]:[OK]
[2018-02-06T16:15:36.157] [INFO] ICC - RID:[1517955336125]-[REQUEST]-[END]:[/getAllCotizacionXOrden]
[2018-02-06T16:15:37.037] [INFO] ICC - RID:[1517955337037]-[REQUEST]-[START]:[/getAllTipoServicio]
[2018-02-06T16:15:37.038] [ERROR] ECC - RID:[1517955337037]-[REQUEST]-[ERROR]:[Input parameter problem.]:[/getAllTipoServicio]
[2018-02-06T16:15:37.053] [INFO] ICC - RID:[1517955337053]-[REQUEST]-[START]:[/getAllSubZona]
[2018-02-06T16:15:37.053] [ERROR] ECC - RID:[1517955337053]-[REQUEST]-[ERROR]:[Input parameter problem.]:[/getAllSubZona]
[2018-02-06T16:15:37.056] [INFO] ICC - RID:[1517955337055]-[REQUEST]-[START]:[/getAllServicios]
[2018-02-06T16:15:37.056] [ERROR] ECC - RID:[1517955337055]-[REQUEST]-[ERROR]:[Input parameter problem.]:[/getAllServicios]
[2018-02-06T16:15:37.057] [INFO] ICC - RID:[1517955337057]-[REQUEST]-[START]:[/getAllProvedores]
[2018-02-06T16:15:37.058] [ERROR] ECC - RID:[1517955337057]-[REQUEST]-[ERROR]:[Input parameter problem.]:[/getAllProvedores]
[2018-02-06T16:15:37.066] [INFO] ICC - RID:[1517955337066]-[REQUEST]-[START]:[/getUnidadYPrecioUnitarioXServicio]
[2018-02-06T16:15:37.066] [ERROR] ECC - RID:[1517955337066]-[REQUEST]-[ERROR]:[Input parameter problem.]:[/getUnidadYPrecioUnitarioXServicio]
[2018-02-06T16:15:43.810] [INFO] ICC - RID:[1517955343810]-[REQUEST]-[START]:[/getAllTipoServicio]
[2018-02-06T16:15:43.811] [ERROR] ECC - RID:[1517955343810]-[REQUEST]-[ERROR]:[Input parameter problem.]:[/getAllTipoServicio]
[2018-02-06T16:15:43.813] [INFO] ICC - RID:[1517955343813]-[REQUEST]-[START]:[/getAllSubZona]
[2018-02-06T16:15:43.813] [ERROR] ECC - RID:[1517955343813]-[REQUEST]-[ERROR]:[Input parameter problem.]:[/getAllSubZona]
[2018-02-06T16:15:43.818] [INFO] ICC - RID:[1517955343818]-[REQUEST]-[START]:[/getAllServicios]
[2018-02-06T16:15:43.818] [ERROR] ECC - RID:[1517955343818]-[REQUEST]-[ERROR]:[Input parameter problem.]:[/getAllServicios]
[2018-02-06T16:15:43.820] [INFO] ICC - RID:[1517955343820]-[REQUEST]-[START]:[/getAllProvedores]
[2018-02-06T16:15:43.820] [ERROR] ECC - RID:[1517955343820]-[REQUEST]-[ERROR]:[Input parameter problem.]:[/getAllProvedores]
[2018-02-06T16:15:43.822] [INFO] ICC - RID:[1517955343821]-[REQUEST]-[START]:[/getUnidadYPrecioUnitarioXServicio]
[2018-02-06T16:15:43.822] [ERROR] ECC - RID:[1517955343821]-[REQUEST]-[ERROR]:[Input parameter problem.]:[/getUnidadYPrecioUnitarioXServicio]
[2018-02-06T16:15:45.034] [INFO] ICC - RID:[1517955345034]-[REQUEST]-[START]:[/getAllTipoServicio]
[2018-02-06T16:15:45.035] [ERROR] ECC - RID:[1517955345034]-[REQUEST]-[ERROR]:[Input parameter problem.]:[/getAllTipoServicio]
[2018-02-06T16:15:45.037] [INFO] ICC - RID:[1517955345037]-[REQUEST]-[START]:[/getAllSubZona]
[2018-02-06T16:15:45.037] [ERROR] ECC - RID:[1517955345037]-[REQUEST]-[ERROR]:[Input parameter problem.]:[/getAllSubZona]
[2018-02-06T16:15:45.041] [INFO] ICC - RID:[1517955345041]-[REQUEST]-[START]:[/getAllServicios]
[2018-02-06T16:15:45.042] [ERROR] ECC - RID:[1517955345041]-[REQUEST]-[ERROR]:[Input parameter problem.]:[/getAllServicios]
[2018-02-06T16:15:45.043] [INFO] ICC - RID:[1517955345043]-[REQUEST]-[START]:[/getAllProvedores]
[2018-02-06T16:15:45.044] [ERROR] ECC - RID:[1517955345043]-[REQUEST]-[ERROR]:[Input parameter problem.]:[/getAllProvedores]
[2018-02-06T16:15:45.050] [INFO] ICC - RID:[1517955345050]-[REQUEST]-[START]:[/getUnidadYPrecioUnitarioXServicio]
[2018-02-06T16:15:45.050] [ERROR] ECC - RID:[1517955345050]-[REQUEST]-[ERROR]:[Input parameter problem.]:[/getUnidadYPrecioUnitarioXServicio]
[2018-02-06T16:17:14.721] [INFO] ICC - RID:[1517955434721]-[REQUEST]-[START]:[/getAllTipoServicio]
[2018-02-06T16:17:14.721] [ERROR] ECC - RID:[1517955434721]-[REQUEST]-[ERROR]:[Input parameter problem.]:[/getAllTipoServicio]
[2018-02-06T16:17:14.723] [INFO] ICC - RID:[1517955434723]-[REQUEST]-[START]:[/getAllSubZona]
[2018-02-06T16:17:14.723] [ERROR] ECC - RID:[1517955434723]-[REQUEST]-[ERROR]:[Input parameter problem.]:[/getAllSubZona]
[2018-02-06T16:17:14.725] [INFO] ICC - RID:[1517955434725]-[REQUEST]-[START]:[/getAllServicios]
[2018-02-06T16:17:14.725] [ERROR] ECC - RID:[1517955434725]-[REQUEST]-[ERROR]:[Input parameter problem.]:[/getAllServicios]
[2018-02-06T16:17:14.729] [INFO] ICC - RID:[1517955434729]-[REQUEST]-[START]:[/getAllProvedores]
[2018-02-06T16:17:14.729] [ERROR] ECC - RID:[1517955434729]-[REQUEST]-[ERROR]:[Input parameter problem.]:[/getAllProvedores]
[2018-02-06T16:17:14.733] [INFO] ICC - RID:[1517955434733]-[REQUEST]-[START]:[/getUnidadYPrecioUnitarioXServicio]
[2018-02-06T16:17:14.733] [ERROR] ECC - RID:[1517955434733]-[REQUEST]-[ERROR]:[Input parameter problem.]:[/getUnidadYPrecioUnitarioXServicio]
[2018-02-06T16:18:01.329] [INFO] ICC - RID:[1517955481329]-[REQUEST]-[START]:[/defaultSelect]
[2018-02-06T16:18:01.329] [INFO] ICC - RID:[1517955481329]-[SELECT]-[START]
[2018-02-06T16:18:01.356] [INFO] ICC - RID:[1517955481329]-[SELECT]-[END]:[OK]
[2018-02-06T16:18:01.356] [INFO] ICC - RID:[1517955481329]-[REQUEST]-[END]:[/defaultSelect]
[2018-02-06T16:18:01.560] [INFO] ICC - RID:[1517955481560]-[REQUEST]-[START]:[/getAllOrdenServicio]
[2018-02-06T16:18:01.560] [INFO] ICC - RID:[1517955481560]-[SELECT]-[START]
[2018-02-06T16:18:01.584] [INFO] ICC - RID:[1517955481560]-[SELECT]-[END]:[OK]
[2018-02-06T16:18:01.584] [INFO] ICC - RID:[1517955481560]-[REQUEST]-[END]:[/getAllOrdenServicio]
[2018-02-06T16:18:05.012] [INFO] ICC - RID:[1517955485012]-[REQUEST]-[START]:[/getAllCotizacionXOrden]
[2018-02-06T16:18:05.012] [INFO] ICC - RID:[1517955485012]-[SELECT]-[START]
[2018-02-06T16:18:05.033] [INFO] ICC - RID:[1517955485012]-[SELECT]-[END]:[OK]
[2018-02-06T16:18:05.034] [INFO] ICC - RID:[1517955485012]-[REQUEST]-[END]:[/getAllCotizacionXOrden]
[2018-02-06T16:18:15.289] [INFO] ICC - RID:[1517955495289]-[REQUEST]-[START]:[/getAllOrdenServicio]
[2018-02-06T16:18:15.289] [INFO] ICC - RID:[1517955495289]-[SELECT]-[START]
[2018-02-06T16:18:15.350] [INFO] ICC - RID:[1517955495289]-[SELECT]-[END]:[OK]
[2018-02-06T16:18:15.350] [INFO] ICC - RID:[1517955495289]-[REQUEST]-[END]:[/getAllOrdenServicio]
[2018-02-06T16:18:18.303] [INFO] ICC - RID:[1517955498303]-[REQUEST]-[START]:[/getAllCotizacionXOrden]
[2018-02-06T16:18:18.303] [INFO] ICC - RID:[1517955498303]-[SELECT]-[START]
[2018-02-06T16:18:18.323] [INFO] ICC - RID:[1517955498303]-[SELECT]-[END]:[OK]
[2018-02-06T16:18:18.323] [INFO] ICC - RID:[1517955498303]-[REQUEST]-[END]:[/getAllCotizacionXOrden]
[2018-02-06T16:18:18.872] [INFO] ICC - RID:[1517955498872]-[REQUEST]-[START]:[/getAllTipoServicio]
[2018-02-06T16:18:18.873] [INFO] ICC - RID:[1517955498872]-[SELECT]-[START]
[2018-02-06T16:18:18.895] [INFO] ICC - RID:[1517955498872]-[SELECT]-[END]:[OK]
[2018-02-06T16:18:18.895] [INFO] ICC - RID:[1517955498872]-[REQUEST]-[END]:[/getAllTipoServicio]
[2018-02-06T16:18:19.758] [INFO] ICC - RID:[1517955499758]-[REQUEST]-[START]:[/getAllSubZona]
[2018-02-06T16:18:19.758] [INFO] ICC - RID:[1517955499758]-[SELECT]-[START]
[2018-02-06T16:18:19.778] [INFO] ICC - RID:[1517955499758]-[SELECT]-[END]:[OK]
[2018-02-06T16:18:19.778] [INFO] ICC - RID:[1517955499758]-[REQUEST]-[END]:[/getAllSubZona]
[2018-02-06T16:18:20.086] [INFO] ICC - RID:[1517955500086]-[REQUEST]-[START]:[/getAllServicios]
[2018-02-06T16:18:20.087] [INFO] ICC - RID:[1517955500086]-[SELECT]-[START]
[2018-02-06T16:18:20.197] [INFO] ICC - RID:[1517955500086]-[SELECT]-[END]:[OK]
[2018-02-06T16:18:20.197] [INFO] ICC - RID:[1517955500086]-[REQUEST]-[END]:[/getAllServicios]
[2018-02-06T16:18:20.736] [INFO] ICC - RID:[1517955500736]-[REQUEST]-[START]:[/getAllProvedores]
[2018-02-06T16:18:20.736] [INFO] ICC - RID:[1517955500736]-[SELECT]-[START]
[2018-02-06T16:18:20.771] [INFO] ICC - RID:[1517955500736]-[SELECT]-[END]:[OK]
[2018-02-06T16:18:20.771] [INFO] ICC - RID:[1517955500736]-[REQUEST]-[END]:[/getAllProvedores]
[2018-02-06T16:18:21.536] [INFO] ICC - RID:[1517955501536]-[REQUEST]-[START]:[/getUnidadYPrecioUnitarioXServicio]
[2018-02-06T16:18:21.536] [INFO] ICC - RID:[1517955501536]-[SELECT]-[START]
[2018-02-06T16:18:21.560] [INFO] ICC - RID:[1517955501536]-[SELECT]-[END]:[OK]
[2018-02-06T16:18:21.560] [INFO] ICC - RID:[1517955501536]-[REQUEST]-[END]:[/getUnidadYPrecioUnitarioXServicio]
[2018-02-06T16:18:22.958] [INFO] ICC - RID:[1517955502958]-[REQUEST]-[START]:[/addCotizacion]
[2018-02-06T16:18:22.958] [INFO] ICC - RID:[1517955502958]-[FREE-DML]-[START]
[2018-02-06T16:18:23.280] [INFO] ICC - RID:[1517955502958]-[FREE-DML]-[END]:[OK]
[2018-02-06T16:18:23.281] [INFO] ICC - RID:[1517955502958]-[REQUEST]-[END]:[/addCotizacion]
[2018-02-06T16:18:23.386] [INFO] ICC - RID:[1517955503386]-[REQUEST]-[START]:[/getAllCotizacionXOrden]
[2018-02-06T16:18:23.386] [INFO] ICC - RID:[1517955503386]-[SELECT]-[START]
[2018-02-06T16:18:23.444] [INFO] ICC - RID:[1517955503386]-[SELECT]-[END]:[OK]
[2018-02-06T16:18:23.444] [INFO] ICC - RID:[1517955503386]-[REQUEST]-[END]:[/getAllCotizacionXOrden]
[2018-02-06T16:18:49.385] [INFO] ICC - RID:[1517955529385]-[REQUEST]-[START]:[/getAllCotizacionXOrden]
[2018-02-06T16:18:49.385] [INFO] ICC - RID:[1517955529385]-[SELECT]-[START]
[2018-02-06T16:18:49.402] [INFO] ICC - RID:[1517955529385]-[SELECT]-[END]:[OK]
[2018-02-06T16:18:49.402] [INFO] ICC - RID:[1517955529385]-[REQUEST]-[END]:[/getAllCotizacionXOrden]
[2018-02-06T16:18:57.940] [INFO] ICC - RID:[1517955537940]-[REQUEST]-[START]:[/getAllOrdenServicio]
[2018-02-06T16:18:57.940] [INFO] ICC - RID:[1517955537940]-[SELECT]-[START]
[2018-02-06T16:18:58.003] [INFO] ICC - RID:[1517955537940]-[SELECT]-[END]:[OK]
[2018-02-06T16:18:58.003] [INFO] ICC - RID:[1517955537940]-[REQUEST]-[END]:[/getAllOrdenServicio]
[2018-02-06T16:19:00.564] [INFO] ICC - RID:[1517955540564]-[REQUEST]-[START]:[/getAllCotizacionXOrden]
[2018-02-06T16:19:00.565] [INFO] ICC - RID:[1517955540564]-[SELECT]-[START]
[2018-02-06T16:19:00.584] [INFO] ICC - RID:[1517955540564]-[SELECT]-[END]:[OK]
[2018-02-06T16:19:00.584] [INFO] ICC - RID:[1517955540564]-[REQUEST]-[END]:[/getAllCotizacionXOrden]
[2018-02-06T16:19:14.737] [INFO] ICC - RID:[1517955554737]-[REQUEST]-[START]:[/getAllTipoServicio]
[2018-02-06T16:19:14.737] [INFO] ICC - RID:[1517955554737]-[SELECT]-[START]
[2018-02-06T16:19:14.782] [INFO] ICC - RID:[1517955554737]-[SELECT]-[END]:[OK]
[2018-02-06T16:19:14.782] [INFO] ICC - RID:[1517955554737]-[REQUEST]-[END]:[/getAllTipoServicio]
[2018-02-06T16:20:45.873] [INFO] ICC - RID:[1517955645873]-[REQUEST]-[START]:[/defaultSelect]
[2018-02-06T16:20:45.874] [INFO] ICC - RID:[1517955645873]-[SELECT]-[START]
[2018-02-06T16:20:45.893] [INFO] ICC - RID:[1517955645873]-[SELECT]-[END]:[OK]
[2018-02-06T16:20:45.893] [INFO] ICC - RID:[1517955645873]-[REQUEST]-[END]:[/defaultSelect]
[2018-02-06T16:20:46.105] [INFO] ICC - RID:[1517955646105]-[REQUEST]-[START]:[/getAllOrdenServicio]
[2018-02-06T16:20:46.105] [INFO] ICC - RID:[1517955646105]-[SELECT]-[START]
[2018-02-06T16:20:46.151] [INFO] ICC - RID:[1517955646105]-[SELECT]-[END]:[OK]
[2018-02-06T16:20:46.151] [INFO] ICC - RID:[1517955646105]-[REQUEST]-[END]:[/getAllOrdenServicio]
[2018-02-06T16:20:48.478] [INFO] ICC - RID:[1517955648478]-[REQUEST]-[START]:[/getAllCotizacionXOrden]
[2018-02-06T16:20:48.478] [INFO] ICC - RID:[1517955648478]-[SELECT]-[START]
[2018-02-06T16:20:48.510] [INFO] ICC - RID:[1517955648478]-[SELECT]-[END]:[OK]
[2018-02-06T16:20:48.510] [INFO] ICC - RID:[1517955648478]-[REQUEST]-[END]:[/getAllCotizacionXOrden]
[2018-02-06T16:20:49.550] [INFO] ICC - RID:[1517955649550]-[REQUEST]-[START]:[/getAllTipoServicio]
[2018-02-06T16:20:49.550] [ERROR] ECC - RID:[1517955649550]-[REQUEST]-[ERROR]:[Input parameter problem.]:[/getAllTipoServicio]
[2018-02-06T16:20:58.866] [INFO] ICC - RID:[1517955658866]-[REQUEST]-[START]:[/getAllTipoServicio]
[2018-02-06T16:20:58.867] [INFO] ICC - RID:[1517955658866]-[SELECT]-[START]
[2018-02-06T16:20:58.880] [INFO] ICC - RID:[1517955658866]-[SELECT]-[END]:[OK]
[2018-02-06T16:20:58.880] [INFO] ICC - RID:[1517955658866]-[REQUEST]-[END]:[/getAllTipoServicio]
[2018-02-06T16:21:25.460] [INFO] ICC - RID:[1517955685460]-[REQUEST]-[START]:[/defaultSelect]
[2018-02-06T16:21:25.460] [INFO] ICC - RID:[1517955685460]-[SELECT]-[START]
[2018-02-06T16:21:25.490] [INFO] ICC - RID:[1517955685460]-[SELECT]-[END]:[OK]
[2018-02-06T16:21:25.490] [INFO] ICC - RID:[1517955685460]-[REQUEST]-[END]:[/defaultSelect]
[2018-02-06T16:21:25.702] [INFO] ICC - RID:[1517955685702]-[REQUEST]-[START]:[/getAllOrdenServicio]
[2018-02-06T16:21:25.702] [INFO] ICC - RID:[1517955685702]-[SELECT]-[START]
[2018-02-06T16:21:25.750] [INFO] ICC - RID:[1517955685702]-[SELECT]-[END]:[OK]
[2018-02-06T16:21:25.750] [INFO] ICC - RID:[1517955685702]-[REQUEST]-[END]:[/getAllOrdenServicio]
[2018-02-06T16:21:28.779] [INFO] ICC - RID:[1517955688779]-[REQUEST]-[START]:[/getAllCotizacionXOrden]
[2018-02-06T16:21:28.779] [INFO] ICC - RID:[1517955688779]-[SELECT]-[START]
[2018-02-06T16:21:28.797] [INFO] ICC - RID:[1517955688779]-[SELECT]-[END]:[OK]
[2018-02-06T16:21:28.797] [INFO] ICC - RID:[1517955688779]-[REQUEST]-[END]:[/getAllCotizacionXOrden]
[2018-02-06T16:21:29.898] [INFO] ICC - RID:[1517955689898]-[REQUEST]-[START]:[/getAllTipoServicio]
[2018-02-06T16:21:29.899] [ERROR] ECC - RID:[1517955689898]-[REQUEST]-[ERROR]:[Input parameter problem.]:[/getAllTipoServicio]
[2018-02-06T16:22:18.486] [INFO] ICC - RID:[1517955738485]-[REQUEST]-[START]:[/defaultSelect]
[2018-02-06T16:22:18.486] [INFO] ICC - RID:[1517955738485]-[SELECT]-[START]
[2018-02-06T16:22:18.506] [INFO] ICC - RID:[1517955738485]-[SELECT]-[END]:[OK]
[2018-02-06T16:22:18.506] [INFO] ICC - RID:[1517955738485]-[REQUEST]-[END]:[/defaultSelect]
[2018-02-06T16:22:18.739] [INFO] ICC - RID:[1517955738739]-[REQUEST]-[START]:[/getAllOrdenServicio]
[2018-02-06T16:22:18.739] [INFO] ICC - RID:[1517955738739]-[SELECT]-[START]
[2018-02-06T16:22:18.759] [INFO] ICC - RID:[1517955738739]-[SELECT]-[END]:[OK]
[2018-02-06T16:22:18.759] [INFO] ICC - RID:[1517955738739]-[REQUEST]-[END]:[/getAllOrdenServicio]
[2018-02-06T16:22:22.647] [INFO] ICC - RID:[1517955742647]-[REQUEST]-[START]:[/getAllCotizacionXOrden]
[2018-02-06T16:22:22.647] [INFO] ICC - RID:[1517955742647]-[SELECT]-[START]
[2018-02-06T16:22:22.666] [INFO] ICC - RID:[1517955742647]-[SELECT]-[END]:[OK]
[2018-02-06T16:22:22.666] [INFO] ICC - RID:[1517955742647]-[REQUEST]-[END]:[/getAllCotizacionXOrden]
[2018-02-06T16:22:24.854] [INFO] ICC - RID:[1517955744854]-[REQUEST]-[START]:[/getAllTipoServicio]
[2018-02-06T16:22:24.854] [ERROR] ECC - RID:[1517955744854]-[REQUEST]-[ERROR]:[Input parameter problem.]:[/getAllTipoServicio]
[2018-02-06T16:23:04.447] [INFO] ICC - RID:[1517955784447]-[REQUEST]-[START]:[/getAllTipoServicio]
[2018-02-06T16:23:04.448] [ERROR] ECC - RID:[1517955784447]-[REQUEST]-[ERROR]:[Input parameter problem.]:[/getAllTipoServicio]
