[2018-02-06T16:02:03.524] [ERROR] ECC - RID:[1517954523524]-[REQUEST]-[ERROR]:[Input parameter problem.]:[/getAllTipoServicio]
[2018-02-06T16:08:35.328] [ERROR] ECC - RID:[1517954915328]-[REQUEST]-[ERROR]:[Input parameter problem.]:[/getAllTipoServicio]
[2018-02-06T16:08:35.331] [ERROR] ECC - RID:[1517954915330]-[REQUEST]-[ERROR]:[Input parameter problem.]:[/getAllSubZona]
[2018-02-06T16:08:35.336] [ERROR] ECC - RID:[1517954915335]-[REQUEST]-[ERROR]:[Input parameter problem.]:[/getAllServicios]
[2018-02-06T16:08:35.338] [ERROR] ECC - RID:[1517954915337]-[REQUEST]-[ERROR]:[Input parameter problem.]:[/getAllProvedores]
[2018-02-06T16:08:35.348] [ERROR] ECC - RID:[1517954915347]-[REQUEST]-[ERROR]:[Input parameter problem.]:[/getUnidadYPrecioUnitarioXServicio]
[2018-02-06T16:09:21.513] [ERROR] ECC - RID:[1517954961513]-[REQUEST]-[ERROR]:[Input parameter problem.]:[/getAllTipoServicio]
[2018-02-06T16:09:21.517] [ERROR] ECC - RID:[1517954961517]-[REQUEST]-[ERROR]:[Input parameter problem.]:[/getAllSubZona]
[2018-02-06T16:09:21.551] [ERROR] ECC - RID:[1517954961551]-[REQUEST]-[ERROR]:[Input parameter problem.]:[/getAllServicios]
[2018-02-06T16:09:21.554] [ERROR] ECC - RID:[1517954961553]-[REQUEST]-[ERROR]:[Input parameter problem.]:[/getAllProvedores]
[2018-02-06T16:09:21.555] [ERROR] ECC - RID:[1517954961555]-[REQUEST]-[ERROR]:[Input parameter problem.]:[/getUnidadYPrecioUnitarioXServicio]
[2018-02-06T16:11:30.411] [ERROR] ECC - RID:[1517955090410]-[REQUEST]-[ERROR]:[Input parameter problem.]:[/getAllTipoServicio]
[2018-02-06T16:11:30.427] [ERROR] ECC - RID:[1517955090426]-[REQUEST]-[ERROR]:[Input parameter problem.]:[/getAllSubZona]
[2018-02-06T16:11:30.429] [ERROR] ECC - RID:[1517955090429]-[REQUEST]-[ERROR]:[Input parameter problem.]:[/getAllServicios]
[2018-02-06T16:11:30.515] [ERROR] ECC - RID:[1517955090514]-[REQUEST]-[ERROR]:[Input parameter problem.]:[/getAllProvedores]
[2018-02-06T16:11:30.517] [ERROR] ECC - RID:[1517955090516]-[REQUEST]-[ERROR]:[Input parameter problem.]:[/getUnidadYPrecioUnitarioXServicio]
[2018-02-06T16:15:37.038] [ERROR] ECC - RID:[1517955337037]-[REQUEST]-[ERROR]:[Input parameter problem.]:[/getAllTipoServicio]
[2018-02-06T16:15:37.053] [ERROR] ECC - RID:[1517955337053]-[REQUEST]-[ERROR]:[Input parameter problem.]:[/getAllSubZona]
[2018-02-06T16:15:37.056] [ERROR] ECC - RID:[1517955337055]-[REQUEST]-[ERROR]:[Input parameter problem.]:[/getAllServicios]
[2018-02-06T16:15:37.058] [ERROR] ECC - RID:[1517955337057]-[REQUEST]-[ERROR]:[Input parameter problem.]:[/getAllProvedores]
[2018-02-06T16:15:37.066] [ERROR] ECC - RID:[1517955337066]-[REQUEST]-[ERROR]:[Input parameter problem.]:[/getUnidadYPrecioUnitarioXServicio]
[2018-02-06T16:15:43.811] [ERROR] ECC - RID:[1517955343810]-[REQUEST]-[ERROR]:[Input parameter problem.]:[/getAllTipoServicio]
[2018-02-06T16:15:43.813] [ERROR] ECC - RID:[1517955343813]-[REQUEST]-[ERROR]:[Input parameter problem.]:[/getAllSubZona]
[2018-02-06T16:15:43.818] [ERROR] ECC - RID:[1517955343818]-[REQUEST]-[ERROR]:[Input parameter problem.]:[/getAllServicios]
[2018-02-06T16:15:43.820] [ERROR] ECC - RID:[1517955343820]-[REQUEST]-[ERROR]:[Input parameter problem.]:[/getAllProvedores]
[2018-02-06T16:15:43.822] [ERROR] ECC - RID:[1517955343821]-[REQUEST]-[ERROR]:[Input parameter problem.]:[/getUnidadYPrecioUnitarioXServicio]
[2018-02-06T16:15:45.035] [ERROR] ECC - RID:[1517955345034]-[REQUEST]-[ERROR]:[Input parameter problem.]:[/getAllTipoServicio]
[2018-02-06T16:15:45.037] [ERROR] ECC - RID:[1517955345037]-[REQUEST]-[ERROR]:[Input parameter problem.]:[/getAllSubZona]
[2018-02-06T16:15:45.042] [ERROR] ECC - RID:[1517955345041]-[REQUEST]-[ERROR]:[Input parameter problem.]:[/getAllServicios]
[2018-02-06T16:15:45.044] [ERROR] ECC - RID:[1517955345043]-[REQUEST]-[ERROR]:[Input parameter problem.]:[/getAllProvedores]
[2018-02-06T16:15:45.050] [ERROR] ECC - RID:[1517955345050]-[REQUEST]-[ERROR]:[Input parameter problem.]:[/getUnidadYPrecioUnitarioXServicio]
[2018-02-06T16:17:14.721] [ERROR] ECC - RID:[1517955434721]-[REQUEST]-[ERROR]:[Input parameter problem.]:[/getAllTipoServicio]
[2018-02-06T16:17:14.723] [ERROR] ECC - RID:[1517955434723]-[REQUEST]-[ERROR]:[Input parameter problem.]:[/getAllSubZona]
[2018-02-06T16:17:14.725] [ERROR] ECC - RID:[1517955434725]-[REQUEST]-[ERROR]:[Input parameter problem.]:[/getAllServicios]
[2018-02-06T16:17:14.729] [ERROR] ECC - RID:[1517955434729]-[REQUEST]-[ERROR]:[Input parameter problem.]:[/getAllProvedores]
[2018-02-06T16:17:14.733] [ERROR] ECC - RID:[1517955434733]-[REQUEST]-[ERROR]:[Input parameter problem.]:[/getUnidadYPrecioUnitarioXServicio]
[2018-02-06T16:20:49.550] [ERROR] ECC - RID:[1517955649550]-[REQUEST]-[ERROR]:[Input parameter problem.]:[/getAllTipoServicio]
[2018-02-06T16:21:29.899] [ERROR] ECC - RID:[1517955689898]-[REQUEST]-[ERROR]:[Input parameter problem.]:[/getAllTipoServicio]
[2018-02-06T16:22:24.854] [ERROR] ECC - RID:[1517955744854]-[REQUEST]-[ERROR]:[Input parameter problem.]:[/getAllTipoServicio]
[2018-02-06T16:23:04.448] [ERROR] ECC - RID:[1517955784447]-[REQUEST]-[ERROR]:[Input parameter problem.]:[/getAllTipoServicio]
