[2018-02-01T08:43:01.959] [INFO] ICC - [BACKEND]-[WEBSERVICES] init on port:[3000]
[2018-02-01T08:43:03.324] [INFO] ICC - RID:[1517496183324]-[REQUEST]-[START]:[/getStatusValues]
[2018-02-01T08:43:03.325] [INFO] ICC - RID:[1517496183324]-[SELECT]-[START]
[2018-02-01T08:43:03.389] [INFO] ICC - RID:[1517496183324]-[SELECT]-[END]:[OK]
[2018-02-01T08:43:03.389] [INFO] ICC - RID:[1517496183324]-[REQUEST]-[END]:[/getStatusValues]
[2018-02-01T08:46:41.059] [INFO] ICC - RID:[1517496401059]-[REQUEST]-[START]:[/defaultSelect]
[2018-02-01T08:46:41.060] [INFO] ICC - RID:[1517496401059]-[SELECT]-[START]
[2018-02-01T08:46:41.086] [INFO] ICC - RID:[1517496401059]-[SELECT]-[END]:[OK]
[2018-02-01T08:46:41.087] [INFO] ICC - RID:[1517496401059]-[REQUEST]-[END]:[/defaultSelect]
[2018-02-01T08:46:41.289] [INFO] ICC - RID:[1517496401289]-[REQUEST]-[START]:[/getAllOrdenServicio]
[2018-02-01T08:46:41.290] [INFO] ICC - RID:[1517496401289]-[SELECT]-[START]
[2018-02-01T08:46:41.321] [INFO] ICC - RID:[1517496401289]-[SELECT]-[END]:[OK]
[2018-02-01T08:46:41.322] [INFO] ICC - RID:[1517496401289]-[REQUEST]-[END]:[/getAllOrdenServicio]
[2018-02-01T08:51:25.484] [INFO] ICC - RID:[1517496685484]-[REQUEST]-[START]:[/defaultSelect]
[2018-02-01T08:51:25.484] [INFO] ICC - RID:[1517496685484]-[SELECT]-[START]
[2018-02-01T08:51:25.511] [INFO] ICC - RID:[1517496685484]-[SELECT]-[END]:[OK]
[2018-02-01T08:51:25.511] [INFO] ICC - RID:[1517496685484]-[REQUEST]-[END]:[/defaultSelect]
[2018-02-01T08:51:25.728] [INFO] ICC - RID:[1517496685728]-[REQUEST]-[START]:[/getAllOrdenServicio]
[2018-02-01T08:51:25.729] [INFO] ICC - RID:[1517496685728]-[SELECT]-[START]
[2018-02-01T08:51:25.879] [INFO] ICC - RID:[1517496685728]-[SELECT]-[END]:[OK]
[2018-02-01T08:51:25.879] [INFO] ICC - RID:[1517496685728]-[REQUEST]-[END]:[/getAllOrdenServicio]
