[2018-01-29T09:16:54.369] [INFO] ICC - [BACKEND]-[WEBSERVICES] init on port:[3000]
[2018-01-29T09:16:57.417] [INFO] ICC - RID:[1517239017417]-[REQUEST]-[START]:[/defaultSelect]
[2018-01-29T09:16:57.418] [INFO] ICC - RID:[1517239017417]-[SELECT]-[START]
[2018-01-29T09:16:57.418] [DEBUG] DCC - RID:[1517239017417]-[SELECT]-[QUERY]:[SELECT [CRED].[ID_CREDENCIAL]
      ,[CRED].[NOMBRE]
      ,[CRED].[USUARIO_NOMBRE]
      ,[CRED].[ID_AUTORIDAD]
	  ,[AUTH].[NOMBRE_AUTORIDAD]
	  ,[AUTH].[ID_ZONA]
         ,[CRED].[ID_ROL]
	  ,[ROL].[NOMBRE_ROL]
	  ,[ROL].[PRIVILEGIOS]
      ,[CRED].[ID_CREDENCIAL_SUPERIOR]
  FROM [dbo].[SLOAA_TR_CREDENCIAL] [CRED]
  LEFT JOIN  [dbo].[SLOAA_TC_AUTORIDAD] [AUTH] ON [CRED].[ID_AUTORIDAD]=[AUTH].[ID_AUTORIDAD]
  LEFT JOIN  [dbo].[SLOAA_TS_ROL] [ROL] ON [CRED].[ID_ROL]=[ROL].[ID_ROL]
  
  WHERE 
	            [CRED].[USUARIO_NOMBRE]='carlos.palacios'
		AND [CRED].[USUARIO_PASSWORD]='12345']
[2018-01-29T09:16:57.484] [INFO] ICC - RID:[1517239017417]-[SELECT]-[END]:[OK]
[2018-01-29T09:16:57.484] [INFO] ICC - RID:[1517239017417]-[REQUEST]-[END]:[/defaultSelect]
[2018-01-29T09:16:57.706] [INFO] ICC - RID:[1517239017706]-[REQUEST]-[START]:[/getAllOrdenServicio]
[2018-01-29T09:16:57.707] [INFO] ICC - RID:[1517239017706]-[SELECT]-[START]
[2018-01-29T09:16:57.707] [DEBUG] DCC - RID:[1517239017706]-[SELECT]-[QUERY]:[SELECT  
	    [ORD].[ID_ORDEN_SERVICIO]
      ,[ORD].[NUM_ORDEN]
      ,[ORD].[FECHA_SOLICITUD]
      ,[ORD].[DOMICILIO]
      ,[ORD].[FIRMA1_USER1]
      ,[ORD].[FIRMA1_USER2]
      ,[ORD].[FIRMA2_USER1]
      ,[ORD].[FIRMA2_USER2]
      ,[ORD].[ID_STATUS]
      ,[ORD].[METAINFO_FECHA_CREACION]
      ,[ORD].[METAINFO_IP]
      ,[ORD].[METAINFO_MAC_ADRR]
      ,[ORD].[LLAVE_SISTEMA]
      ,[ORD].[CIERRE_TOTAL]
	  
	   ,[CRED].[ID_CREDENCIAL]
      ,[CRED].[NOMBRE]
      ,[CRED].[CARGO]
      ,[CRED].[TELEFONO]
      ,[CRED].[EXT]
      ,[CRED].[EMAIL]
      ,[CRED].[PTT]
      ,[CRED].[MOVIL]
      ,[CRED].[USUARIO_NOMBRE]
      ,[CRED].[USUARIO_PASSWORD]
      ,[CRED].[ID_ROL]
      ,[CRED].[ID_CREDENCIAL_SUPERIOR]

	   ,[AUTH].[ID_AUTORIDAD]
      ,[AUTH].[NOMBRE_AUTORIDAD]
      ,[AUTH].[ESTADO]
      ,[AUTH].[NIVEL]
      ,[AUTH].[SERVICIO]
      ,[AUTH].[ID_ZONA] 
         FROM 
  [SLOAA_TR_ORDEN_SERVICIO] [ORD]
 LEFT JOIN [SLOAA_TR_CREDENCIAL] [CRED] ON  [CRED].[ID_CREDENCIAL]=[ORD].[ID_CREDENCIAL]
 LEFT JOIN [SLOAA_TC_AUTORIDAD] [AUTH] ON  [AUTH].[ID_AUTORIDAD]=[CRED].[ID_AUTORIDAD]
  WHERE
  1=1
 ]
[2018-01-29T09:16:57.736] [INFO] ICC - RID:[1517239017706]-[SELECT]-[END]:[OK]
[2018-01-29T09:16:57.737] [INFO] ICC - RID:[1517239017706]-[REQUEST]-[END]:[/getAllOrdenServicio]
[2018-01-29T09:16:58.911] [INFO] ICC - RID:[1517239018911]-[REQUEST]-[START]:[/getAllCotizacionXOrden]
[2018-01-29T09:16:58.911] [DEBUG] DCC - {"missing":[{"requiredFieldName":"idOrdenServicio","requiredFieldType":"string"}],"extra":[{"inputFieldName":"_dc","inputFieldType":"string"},{"inputFieldName":"uno","inputFieldType":"string"},{"inputFieldName":"page","inputFieldType":"string"},{"inputFieldName":"start","inputFieldType":"string"},{"inputFieldName":"limit","inputFieldType":"string"},{"inputFieldName":"callback","inputFieldType":"string"}]}
[2018-01-29T09:16:58.912] [ERROR] ECC - RID:[1517239018911]-[REQUEST]-[ERROR]:[Input parameter problem.]:[/getAllCotizacionXOrden]
[2018-01-29T09:16:58.917] [INFO] ICC - RID:[1517239018917]-[REQUEST]-[START]:[/getAllCotizacionXOrden]
[2018-01-29T09:16:58.918] [DEBUG] DCC - {"missing":[{"requiredFieldName":"idOrdenServicio","requiredFieldType":"string"}],"extra":[{"inputFieldName":"_dc","inputFieldType":"string"},{"inputFieldName":"uno","inputFieldType":"string"},{"inputFieldName":"page","inputFieldType":"string"},{"inputFieldName":"start","inputFieldType":"string"},{"inputFieldName":"limit","inputFieldType":"string"},{"inputFieldName":"callback","inputFieldType":"string"}]}
[2018-01-29T09:16:58.918] [ERROR] ECC - RID:[1517239018917]-[REQUEST]-[ERROR]:[Input parameter problem.]:[/getAllCotizacionXOrden]
[2018-01-29T09:17:03.822] [INFO] ICC - RID:[1517239023821]-[REQUEST]-[START]:[/createOrdenServicio]
[2018-01-29T09:17:03.822] [INFO] ICC - RID:[1517239023821]-[SELECT]-[START]
[2018-01-29T09:17:03.822] [DEBUG] DCC - RID:[1517239023821]-[SELECT]-[QUERY]:[SELECT [ID_AUTORIDAD]
      ,[NOMBRE_AUTORIDAD]
      ,[ESTADO]
      ,[NIVEL]
      ,[SERVICIO]
      ,[ID_ZONA]
  FROM [SOA_db].[dbo].[SLOAA_TC_AUTORIDAD]
  WHERE  [ID_AUTORIDAD]=1]
[2018-01-29T09:17:03.893] [INFO] ICC - RID:[1517239023821]-[SELECT]-[END]:[OK]
[2018-01-29T09:17:03.894] [INFO] ICC - RID:[1517239023821]-[SELECT]-[START]
[2018-01-29T09:17:03.894] [DEBUG] DCC - RID:[1517239023821]-[SELECT]-[QUERY]:[SELECT
	CASE
	WHEN  MAX([ORD].[NUM_ORDEN]) IS NULL THEN 1
	ELSE MAX([ORD].[NUM_ORDEN])+1
	END  NEW_ORDEN
      
  FROM [dbo].[SLOAA_TR_ORDEN_SERVICIO] [ORD]
  LEFT JOIN [dbo].[SLOAA_TR_CREDENCIAL] [CRED] ON [ORD].[ID_CREDENCIAL]=[CRED].[ID_CREDENCIAL]
  WHERE
  1=1
	AND YEAR([ORD].[METAINFO_FECHA_CREACION])= YEAR(GetDate()) 
	AND [CRED].[ID_AUTORIDAD]=1]
[2018-01-29T09:17:03.944] [INFO] ICC - RID:[1517239023821]-[SELECT]-[END]:[OK]
[2018-01-29T09:17:03.945] [INFO] ICC - RID:[1517239023821]-[FREE-DML]-[START]
[2018-01-29T09:17:03.945] [DEBUG] DCC - RID:[1517239023821]-[FREE-DML]-[DML]:[INSERT INTO [dbo].[SLOAA_TR_ORDEN_SERVICIO]
  (
		
       [ORD].[NUM_ORDEN]
      ,[ORD].[FECHA_SOLICITUD]
      ,[ORD].[ID_CREDENCIAL]
      ,[ORD].[DOMICILIO]
      ,[ORD].[ID_STATUS]
      ,[ORD].[METAINFO_FECHA_CREACION]
      ,[ORD].[METAINFO_IP]
      ,[ORD].[METAINFO_MAC_ADRR]
      ,[ORD].[LLAVE_SISTEMA]
	  )
	  VALUES
	  (
	    42,
		'2018-01-29T15:16:00.000Z',
		1,
		'test_a',
		1,
		'2018-01-29T15:17:03.822Z',
		'::ffff:127.0.0.1',
		' ????????',
		'TNRS-Acapulco -SRyS Acapulco -2018-42'
	  )]
[2018-01-29T09:17:04.009] [INFO] ICC - RID:[1517239023821]-[FREE-DML]-[END]:[OK]
[2018-01-29T09:17:04.010] [INFO] ICC - RID:[1517239023821]-[SELECT]-[START]
[2018-01-29T09:17:04.010] [DEBUG] DCC - RID:[1517239023821]-[SELECT]-[QUERY]:[SELECT 
       [NUM_ORDEN]
      ,[FECHA_SOLICITUD]
      ,[ID_CREDENCIAL]
      ,[DOMICILIO]
      ,[FIRMA1_USER1]
      ,[FIRMA1_USER2]
      ,[FIRMA2_USER1]
      ,[FIRMA2_USER2]
      ,[ID_STATUS]
      ,[METAINFO_FECHA_CREACION]
      ,[METAINFO_IP]
      ,[METAINFO_MAC_ADRR]
      ,[LLAVE_SISTEMA]
  FROM [SOA_db].[dbo].[SLOAA_TR_ORDEN_SERVICIO]
  WHERE [METAINFO_FECHA_CREACION]='2018-01-29T15:17:03.822Z']
[2018-01-29T09:17:04.027] [INFO] ICC - RID:[1517239023821]-[SELECT]-[END]:[OK]
[2018-01-29T09:17:04.027] [INFO] ICC - RID:[1517239023821]-[REQUEST]-[END]:[/createOrdenServicio]
[2018-01-29T09:20:37.187] [INFO] ICC - RID:[1517239237187]-[REQUEST]-[START]:[/getAllTipoServicio]
[2018-01-29T09:20:37.188] [DEBUG] DCC - {"extra":[{"inputFieldName":"_dc","inputFieldType":"string"},{"inputFieldName":"query","inputFieldType":"string"},{"inputFieldName":"page","inputFieldType":"string"},{"inputFieldName":"start","inputFieldType":"string"},{"inputFieldName":"limit","inputFieldType":"string"},{"inputFieldName":"callback","inputFieldType":"string"}]}
[2018-01-29T09:20:37.188] [ERROR] ECC - RID:[1517239237187]-[REQUEST]-[ERROR]:[Input parameter problem.]:[/getAllTipoServicio]
