[2018-01-29T09:16:54.369] [INFO] ICC - [BACKEND]-[WEBSERVICES] init on port:[3000]
[2018-01-29T09:16:57.417] [INFO] ICC - RID:[1517239017417]-[REQUEST]-[START]:[/defaultSelect]
[2018-01-29T09:16:57.418] [INFO] ICC - RID:[1517239017417]-[SELECT]-[START]
[2018-01-29T09:16:57.484] [INFO] ICC - RID:[1517239017417]-[SELECT]-[END]:[OK]
[2018-01-29T09:16:57.484] [INFO] ICC - RID:[1517239017417]-[REQUEST]-[END]:[/defaultSelect]
[2018-01-29T09:16:57.706] [INFO] ICC - RID:[1517239017706]-[REQUEST]-[START]:[/getAllOrdenServicio]
[2018-01-29T09:16:57.707] [INFO] ICC - RID:[1517239017706]-[SELECT]-[START]
[2018-01-29T09:16:57.736] [INFO] ICC - RID:[1517239017706]-[SELECT]-[END]:[OK]
[2018-01-29T09:16:57.737] [INFO] ICC - RID:[1517239017706]-[REQUEST]-[END]:[/getAllOrdenServicio]
[2018-01-29T09:16:58.911] [INFO] ICC - RID:[1517239018911]-[REQUEST]-[START]:[/getAllCotizacionXOrden]
[2018-01-29T09:16:58.912] [ERROR] ECC - RID:[1517239018911]-[REQUEST]-[ERROR]:[Input parameter problem.]:[/getAllCotizacionXOrden]
[2018-01-29T09:16:58.917] [INFO] ICC - RID:[1517239018917]-[REQUEST]-[START]:[/getAllCotizacionXOrden]
[2018-01-29T09:16:58.918] [ERROR] ECC - RID:[1517239018917]-[REQUEST]-[ERROR]:[Input parameter problem.]:[/getAllCotizacionXOrden]
[2018-01-29T09:17:03.822] [INFO] ICC - RID:[1517239023821]-[REQUEST]-[START]:[/createOrdenServicio]
[2018-01-29T09:17:03.822] [INFO] ICC - RID:[1517239023821]-[SELECT]-[START]
[2018-01-29T09:17:03.893] [INFO] ICC - RID:[1517239023821]-[SELECT]-[END]:[OK]
[2018-01-29T09:17:03.894] [INFO] ICC - RID:[1517239023821]-[SELECT]-[START]
[2018-01-29T09:17:03.944] [INFO] ICC - RID:[1517239023821]-[SELECT]-[END]:[OK]
[2018-01-29T09:17:03.945] [INFO] ICC - RID:[1517239023821]-[FREE-DML]-[START]
[2018-01-29T09:17:04.009] [INFO] ICC - RID:[1517239023821]-[FREE-DML]-[END]:[OK]
[2018-01-29T09:17:04.010] [INFO] ICC - RID:[1517239023821]-[SELECT]-[START]
[2018-01-29T09:17:04.027] [INFO] ICC - RID:[1517239023821]-[SELECT]-[END]:[OK]
[2018-01-29T09:17:04.027] [INFO] ICC - RID:[1517239023821]-[REQUEST]-[END]:[/createOrdenServicio]
[2018-01-29T09:20:37.187] [INFO] ICC - RID:[1517239237187]-[REQUEST]-[START]:[/getAllTipoServicio]
[2018-01-29T09:20:37.188] [ERROR] ECC - RID:[1517239237187]-[REQUEST]-[ERROR]:[Input parameter problem.]:[/getAllTipoServicio]
