[2018-01-29T11:02:08.101] [INFO] ICC - RID:[1517245328101]-[REQUEST]-[START]:[/defaultSelect]
[2018-01-29T11:02:08.102] [INFO] ICC - RID:[1517245328101]-[SELECT]-[START]
[2018-01-29T11:02:08.136] [INFO] ICC - RID:[1517245328101]-[SELECT]-[END]:[OK]
[2018-01-29T11:02:08.136] [INFO] ICC - RID:[1517245328101]-[REQUEST]-[END]:[/defaultSelect]
[2018-01-29T11:02:08.323] [INFO] ICC - RID:[1517245328323]-[REQUEST]-[START]:[/getAllOrdenServicio]
[2018-01-29T11:02:08.323] [INFO] ICC - RID:[1517245328323]-[SELECT]-[START]
[2018-01-29T11:02:08.343] [INFO] ICC - RID:[1517245328323]-[SELECT]-[END]:[OK]
[2018-01-29T11:02:08.343] [INFO] ICC - RID:[1517245328323]-[REQUEST]-[END]:[/getAllOrdenServicio]
[2018-01-29T11:02:09.728] [INFO] ICC - RID:[1517245329728]-[REQUEST]-[START]:[/getAllCotizacionXOrden]
[2018-01-29T11:02:09.728] [ERROR] ECC - RID:[1517245329728]-[REQUEST]-[ERROR]:[Input parameter problem.]:[/getAllCotizacionXOrden]
[2018-01-29T11:02:09.742] [INFO] ICC - RID:[1517245329742]-[REQUEST]-[START]:[/getAllCotizacionXOrden]
[2018-01-29T11:02:09.743] [ERROR] ECC - RID:[1517245329742]-[REQUEST]-[ERROR]:[Input parameter problem.]:[/getAllCotizacionXOrden]
[2018-01-29T11:04:09.309] [INFO] ICC - RID:[1517245449309]-[REQUEST]-[START]:[/defaultSelect]
[2018-01-29T11:04:09.310] [INFO] ICC - RID:[1517245449309]-[SELECT]-[START]
[2018-01-29T11:04:09.329] [INFO] ICC - RID:[1517245449309]-[SELECT]-[END]:[OK]
[2018-01-29T11:04:09.330] [INFO] ICC - RID:[1517245449309]-[REQUEST]-[END]:[/defaultSelect]
[2018-01-29T11:04:09.523] [INFO] ICC - RID:[1517245449523]-[REQUEST]-[START]:[/getAllOrdenServicio]
[2018-01-29T11:04:09.523] [INFO] ICC - RID:[1517245449523]-[SELECT]-[START]
[2018-01-29T11:04:09.547] [INFO] ICC - RID:[1517245449523]-[SELECT]-[END]:[OK]
[2018-01-29T11:04:09.547] [INFO] ICC - RID:[1517245449523]-[REQUEST]-[END]:[/getAllOrdenServicio]
[2018-01-29T11:04:10.863] [INFO] ICC - RID:[1517245450863]-[REQUEST]-[START]:[/getAllCotizacionXOrden]
[2018-01-29T11:04:10.863] [ERROR] ECC - RID:[1517245450863]-[REQUEST]-[ERROR]:[Input parameter problem.]:[/getAllCotizacionXOrden]
[2018-01-29T11:04:10.875] [INFO] ICC - RID:[1517245450875]-[REQUEST]-[START]:[/getAllCotizacionXOrden]
[2018-01-29T11:04:10.875] [ERROR] ECC - RID:[1517245450875]-[REQUEST]-[ERROR]:[Input parameter problem.]:[/getAllCotizacionXOrden]
[2018-01-29T11:04:12.558] [INFO] ICC - RID:[1517245452557]-[REQUEST]-[START]:[/getAllTipoServicio]
[2018-01-29T11:04:12.558] [INFO] ICC - RID:[1517245452557]-[SELECT]-[START]
[2018-01-29T11:04:12.577] [INFO] ICC - RID:[1517245452557]-[SELECT]-[END]:[OK]
[2018-01-29T11:04:12.577] [INFO] ICC - RID:[1517245452557]-[REQUEST]-[END]:[/getAllTipoServicio]
[2018-01-29T11:04:13.613] [INFO] ICC - RID:[1517245453613]-[REQUEST]-[START]:[/getAllServicios]
[2018-01-29T11:04:13.613] [INFO] ICC - RID:[1517245453613]-[SELECT]-[START]
[2018-01-29T11:04:13.632] [INFO] ICC - RID:[1517245453613]-[SELECT]-[END]:[OK]
[2018-01-29T11:04:13.632] [INFO] ICC - RID:[1517245453613]-[REQUEST]-[END]:[/getAllServicios]
[2018-01-29T11:04:14.850] [INFO] ICC - RID:[1517245454850]-[REQUEST]-[START]:[/getAllProvedores]
[2018-01-29T11:04:14.851] [INFO] ICC - RID:[1517245454850]-[SELECT]-[START]
[2018-01-29T11:04:14.871] [INFO] ICC - RID:[1517245454850]-[SELECT]-[END]:[OK]
[2018-01-29T11:04:14.871] [INFO] ICC - RID:[1517245454850]-[REQUEST]-[END]:[/getAllProvedores]
[2018-01-29T11:04:16.678] [INFO] ICC - RID:[1517245456678]-[REQUEST]-[START]:[/getUnidadYPrecioUnitarioXServicio]
[2018-01-29T11:04:16.679] [INFO] ICC - RID:[1517245456678]-[SELECT]-[START]
[2018-01-29T11:04:16.694] [INFO] ICC - RID:[1517245456678]-[SELECT]-[END]:[OK]
[2018-01-29T11:04:16.694] [INFO] ICC - RID:[1517245456678]-[REQUEST]-[END]:[/getUnidadYPrecioUnitarioXServicio]
