[2018-01-29T09:15:11.385] [INFO] ICC - [BACKEND]-[WEBSERVICES] init on port:[3000]
[2018-01-29T09:15:13.269] [INFO] ICC - RID:[1517238913269]-[REQUEST]-[START]:[/defaultSelect]
[2018-01-29T09:15:13.270] [INFO] ICC - RID:[1517238913269]-[SELECT]-[START]
[2018-01-29T09:15:13.270] [DEBUG] DCC - RID:[1517238913269]-[SELECT]-[QUERY]:[SELECT [CRED].[ID_CREDENCIAL]
      ,[CRED].[NOMBRE]
      ,[CRED].[USUARIO_NOMBRE]
      ,[CRED].[ID_AUTORIDAD]
	  ,[AUTH].[NOMBRE_AUTORIDAD]
	  ,[AUTH].[ID_ZONA]
         ,[CRED].[ID_ROL]
	  ,[ROL].[NOMBRE_ROL]
	  ,[ROL].[PRIVILEGIOS]
      ,[CRED].[ID_CREDENCIAL_SUPERIOR]
  FROM [dbo].[SLOAA_TR_CREDENCIAL] [CRED]
  LEFT JOIN  [dbo].[SLOAA_TC_AUTORIDAD] [AUTH] ON [CRED].[ID_AUTORIDAD]=[AUTH].[ID_AUTORIDAD]
  LEFT JOIN  [dbo].[SLOAA_TS_ROL] [ROL] ON [CRED].[ID_ROL]=[ROL].[ID_ROL]
  
  WHERE 
	            [CRED].[USUARIO_NOMBRE]='carlos.palacios'
		AND [CRED].[USUARIO_PASSWORD]='12345']
[2018-01-29T09:15:13.332] [INFO] ICC - RID:[1517238913269]-[SELECT]-[END]:[OK]
[2018-01-29T09:15:13.332] [INFO] ICC - RID:[1517238913269]-[REQUEST]-[END]:[/defaultSelect]
[2018-01-29T09:15:13.506] [INFO] ICC - RID:[1517238913506]-[REQUEST]-[START]:[/getAllOrdenServicio]
[2018-01-29T09:15:13.507] [INFO] ICC - RID:[1517238913506]-[SELECT]-[START]
[2018-01-29T09:15:13.507] [DEBUG] DCC - RID:[1517238913506]-[SELECT]-[QUERY]:[SELECT  
	    [ORD].[ID_ORDEN_SERVICIO]
      ,[ORD].[NUM_ORDEN]
      ,[ORD].[FECHA_SOLICITUD]
      ,[ORD].[DOMICILIO]
      ,[ORD].[FIRMA1_USER1]
      ,[ORD].[FIRMA1_USER2]
      ,[ORD].[FIRMA2_USER1]
      ,[ORD].[FIRMA2_USER2]
      ,[ORD].[ID_STATUS]
      ,[ORD].[METAINFO_FECHA_CREACION]
      ,[ORD].[METAINFO_IP]
      ,[ORD].[METAINFO_MAC_ADRR]
      ,[ORD].[LLAVE_SISTEMA]
      ,[ORD].[CIERRE_TOTAL]
	  
	   ,[CRED].[ID_CREDENCIAL]
      ,[CRED].[NOMBRE]
      ,[CRED].[CARGO]
      ,[CRED].[TELEFONO]
      ,[CRED].[EXT]
      ,[CRED].[EMAIL]
      ,[CRED].[PTT]
      ,[CRED].[MOVIL]
      ,[CRED].[USUARIO_NOMBRE]
      ,[CRED].[USUARIO_PASSWORD]
      ,[CRED].[ID_ROL]
      ,[CRED].[ID_CREDENCIAL_SUPERIOR]

	   ,[AUTH].[ID_AUTORIDAD]
      ,[AUTH].[NOMBRE_AUTORIDAD]
      ,[AUTH].[ESTADO]
      ,[AUTH].[NIVEL]
      ,[AUTH].[SERVICIO]
      ,[AUTH].[ID_ZONA] 
         FROM 
  [SLOAA_TR_ORDEN_SERVICIO] [ORD]
 LEFT JOIN [SLOAA_TR_CREDENCIAL] [CRED] ON  [CRED].[ID_CREDENCIAL]=[ORD].[ID_CREDENCIAL]
 LEFT JOIN [SLOAA_TC_AUTORIDAD] [AUTH] ON  [AUTH].[ID_AUTORIDAD]=[CRED].[ID_AUTORIDAD]
  WHERE
  1=1
 ]
[2018-01-29T09:15:13.535] [INFO] ICC - RID:[1517238913506]-[SELECT]-[END]:[OK]
[2018-01-29T09:15:13.535] [INFO] ICC - RID:[1517238913506]-[REQUEST]-[END]:[/getAllOrdenServicio]
[2018-01-29T09:15:14.844] [INFO] ICC - RID:[1517238914844]-[REQUEST]-[START]:[/getAllCotizacionXOrden]
[2018-01-29T09:15:14.845] [DEBUG] DCC - {"missing":[{"requiredFieldName":"idOrdenServicio","requiredFieldType":"string"}],"extra":[{"inputFieldName":"_dc","inputFieldType":"string"},{"inputFieldName":"uno","inputFieldType":"string"},{"inputFieldName":"page","inputFieldType":"string"},{"inputFieldName":"start","inputFieldType":"string"},{"inputFieldName":"limit","inputFieldType":"string"},{"inputFieldName":"callback","inputFieldType":"string"}]}
[2018-01-29T09:15:14.845] [ERROR] ECC - RID:[1517238914844]-[REQUEST]-[ERROR]:[Input parameter problem.]:[/getAllCotizacionXOrden]
[2018-01-29T09:15:14.858] [INFO] ICC - RID:[1517238914858]-[REQUEST]-[START]:[/getAllCotizacionXOrden]
[2018-01-29T09:15:14.858] [DEBUG] DCC - {"missing":[{"requiredFieldName":"idOrdenServicio","requiredFieldType":"string"}],"extra":[{"inputFieldName":"_dc","inputFieldType":"string"},{"inputFieldName":"uno","inputFieldType":"string"},{"inputFieldName":"page","inputFieldType":"string"},{"inputFieldName":"start","inputFieldType":"string"},{"inputFieldName":"limit","inputFieldType":"string"},{"inputFieldName":"callback","inputFieldType":"string"}]}
[2018-01-29T09:15:14.859] [ERROR] ECC - RID:[1517238914858]-[REQUEST]-[ERROR]:[Input parameter problem.]:[/getAllCotizacionXOrden]
[2018-01-29T09:15:19.370] [INFO] ICC - RID:[1517238919370]-[REQUEST]-[START]:[/createOrdenServicio]
[2018-01-29T09:15:19.371] [INFO] ICC - RID:[1517238919370]-[SELECT]-[START]
[2018-01-29T09:15:19.371] [DEBUG] DCC - RID:[1517238919370]-[SELECT]-[QUERY]:[SELECT [ID_AUTORIDAD]
      ,[NOMBRE_AUTORIDAD]
      ,[ESTADO]
      ,[NIVEL]
      ,[SERVICIO]
      ,[ZONA]
  FROM [SOA_db].[dbo].[SLOAA_TC_AUTORIDAD]
  WHERE  [ID_AUTORIDAD]=1]
[2018-01-29T09:15:19.436] [ERROR] ECC - RID:[1517238919370]-[SELECT]-[END]:[FAIL]:[Invalid column name 'ZONA'.]
[2018-01-29T09:15:19.437] [ERROR] ECC - RID:[1517238919370]-[REQUEST]-[ERROR]:[Invalid column name 'ZONA'.]:[/createOrdenServicio]
