[2018-02-02T09:06:42.895] [INFO] ICC - RID:[1517584002895]-[REQUEST]-[START]:[/createOrdenServicio]
[2018-02-02T09:06:42.896] [INFO] ICC - RID:[1517584002895]-[SELECT]-[START]
[2018-02-02T09:06:42.896] [DEBUG] DCC - RID:[1517584002895]-[SELECT]-[QUERY]:[SELECT [ID_AUTORIDAD]
      ,[NOMBRE_AUTORIDAD]
      ,[ESTADO]
      ,[NIVEL]
      ,[SERVICIO]
      ,[ID_ZONA]
  FROM [SOA_db].[dbo].[SLOAA_TC_AUTORIDAD]
  WHERE  [ID_AUTORIDAD]=1]
[2018-02-02T09:06:43.530] [INFO] ICC - RID:[1517584002895]-[SELECT]-[END]:[OK]
[2018-02-02T09:06:43.531] [INFO] ICC - RID:[1517584002895]-[SELECT]-[START]
[2018-02-02T09:06:43.532] [DEBUG] DCC - RID:[1517584002895]-[SELECT]-[QUERY]:[SELECT
	CASE
	WHEN  MAX([ORD].[NUM_ORDEN]) IS NULL THEN 1
	ELSE MAX([ORD].[NUM_ORDEN])+1
	END  NEW_ORDEN
      
  FROM [dbo].[SLOAA_TR_ORDEN_SERVICIO] [ORD]
  LEFT JOIN [dbo].[SLOAA_TR_CREDENCIAL] [CRED] ON [ORD].[ID_CREDENCIAL]=[CRED].[ID_CREDENCIAL]
  WHERE
  1=1
	AND YEAR([ORD].[METAINFO_FECHA_CREACION])= YEAR(GetDate()) 
	AND [CRED].[ID_AUTORIDAD]=1]
[2018-02-02T09:06:43.931] [INFO] ICC - RID:[1517584002895]-[SELECT]-[END]:[OK]
[2018-02-02T09:06:43.932] [INFO] ICC - RID:[1517584002895]-[FREE-DML]-[START]
[2018-02-02T09:06:43.933] [DEBUG] DCC - RID:[1517584002895]-[FREE-DML]-[DML]:[INSERT INTO [dbo].[SLOAA_TR_ORDEN_SERVICIO]
  (
		
       [ORD].[NUM_ORDEN]
      ,[ORD].[FECHA_SOLICITUD]
      ,[ORD].[ID_CREDENCIAL]
      ,[ORD].[DOMICILIO]
      ,[ORD].[ID_STATUS]
      ,[ORD].[METAINFO_FECHA_CREACION]
      ,[ORD].[METAINFO_IP]
      ,[ORD].[METAINFO_MAC_ADRR]
      ,[ORD].[LLAVE_SISTEMA]
	  )
	  VALUES
	  (
	    42,
		'2018-02-02T15:06:00.000Z',
		1,
		'test',
		1,
		'2018-02-02T15:06:42.896Z',
		'::1',
		' ????????',
		'TNRS-Acapulco -SRyS Acapulco -2018-42'
	  )]
[2018-02-02T09:06:44.860] [INFO] ICC - RID:[1517584004860]-[REQUEST]-[START]:[/createOrdenServicio]
[2018-02-02T09:06:44.860] [INFO] ICC - RID:[1517584004860]-[SELECT]-[START]
[2018-02-02T09:06:44.860] [DEBUG] DCC - RID:[1517584004860]-[SELECT]-[QUERY]:[SELECT [ID_AUTORIDAD]
      ,[NOMBRE_AUTORIDAD]
      ,[ESTADO]
      ,[NIVEL]
      ,[SERVICIO]
      ,[ID_ZONA]
  FROM [SOA_db].[dbo].[SLOAA_TC_AUTORIDAD]
  WHERE  [ID_AUTORIDAD]=1]
