[2018-02-01T09:40:44.217] [INFO] ICC - [BACKEND]-[WEBSERVICES] init on port:[3000]
[2018-02-01T09:44:57.213] [INFO] ICC - RID:[1517499897213]-[REQUEST]-[START]:[/defaultSelect]
[2018-02-01T09:44:57.214] [INFO] ICC - RID:[1517499897213]-[SELECT]-[START]
[2018-02-01T09:44:57.214] [DEBUG] DCC - RID:[1517499897213]-[SELECT]-[QUERY]:[SELECT [CRED].[ID_CREDENCIAL]
      ,[CRED].[NOMBRE]
      ,[CRED].[USUARIO_NOMBRE]
      ,[CRED].[ID_AUTORIDAD]
	  ,[AUTH].[NOMBRE_AUTORIDAD]
	  ,[AUTH].[ID_ZONA]
         ,[CRED].[ID_ROL]
	  ,[ROL].[NOMBRE_ROL]
	  ,[ROL].[PRIVILEGIOS]
      ,[CRED].[ID_CREDENCIAL_SUPERIOR]
      ,[STATUS].[NOMBRE_STATUS]
  FROM [dbo].[SLOAA_TR_CREDENCIAL] [CRED]
  LEFT JOIN  [dbo].[SLOAA_TC_AUTORIDAD] [AUTH] ON [CRED].[ID_AUTORIDAD]=[AUTH].[ID_AUTORIDAD]
  LEFT JOIN  [dbo].[SLOAA_TS_ROL] [ROL] ON [CRED].[ID_ROL]=[ROL].[ID_ROL]
  LEFT JOIN [dbo].[SLOAA_TC_STATUS] [STATUS] ON  [ORD].[ID_STATUS]=[STATUS].[ID_STATUS]
  
  WHERE 
	            [CRED].[USUARIO_NOMBRE]='carlos.palacios'
		AND [CRED].[USUARIO_PASSWORD]='12345']
[2018-02-01T09:44:57.332] [ERROR] ECC - RID:[1517499897213]-[SELECT]-[END]:[FAIL]:[The multi-part identifier "ORD.ID_STATUS" could not be bound.]
[2018-02-01T09:44:57.333] [ERROR] ECC - RID:[1517499897213]-[REQUEST]-[ERROR]:[The multi-part identifier "ORD.ID_STATUS" could not be bound.]:[/defaultSelect]
[2018-02-01T09:45:24.013] [INFO] ICC - RID:[1517499924012]-[REQUEST]-[START]:[/defaultSelect]
[2018-02-01T09:45:24.013] [INFO] ICC - RID:[1517499924012]-[SELECT]-[START]
[2018-02-01T09:45:24.013] [DEBUG] DCC - RID:[1517499924012]-[SELECT]-[QUERY]:[SELECT [CRED].[ID_CREDENCIAL]
      ,[CRED].[NOMBRE]
      ,[CRED].[USUARIO_NOMBRE]
      ,[CRED].[ID_AUTORIDAD]
	  ,[AUTH].[NOMBRE_AUTORIDAD]
	  ,[AUTH].[ID_ZONA]
         ,[CRED].[ID_ROL]
	  ,[ROL].[NOMBRE_ROL]
	  ,[ROL].[PRIVILEGIOS]
      ,[CRED].[ID_CREDENCIAL_SUPERIOR]
      ,[STATUS].[NOMBRE_STATUS]
  FROM [dbo].[SLOAA_TR_CREDENCIAL] [CRED]
  LEFT JOIN  [dbo].[SLOAA_TC_AUTORIDAD] [AUTH] ON [CRED].[ID_AUTORIDAD]=[AUTH].[ID_AUTORIDAD]
  LEFT JOIN  [dbo].[SLOAA_TS_ROL] [ROL] ON [CRED].[ID_ROL]=[ROL].[ID_ROL]
  LEFT JOIN [dbo].[SLOAA_TC_STATUS] [STATUS] ON  [ORD].[ID_STATUS]=[STATUS].[ID_STATUS]
  
  WHERE 
	            [CRED].[USUARIO_NOMBRE]='carlos.palacios'
		AND [CRED].[USUARIO_PASSWORD]='12345']
[2018-02-01T09:45:24.033] [ERROR] ECC - RID:[1517499924012]-[SELECT]-[END]:[FAIL]:[The multi-part identifier "ORD.ID_STATUS" could not be bound.]
[2018-02-01T09:45:24.033] [ERROR] ECC - RID:[1517499924012]-[REQUEST]-[ERROR]:[The multi-part identifier "ORD.ID_STATUS" could not be bound.]:[/defaultSelect]
