[2018-01-20T01:28:48.285] [INFO] ICC - [BACKEND]-[WEBSERVICES] init on port:[3000]
[2018-01-20T01:29:45.588] [INFO] ICC - RID:[1516433385587]-[REQUEST]-[START]:[/createOrdenServicio]
[2018-01-20T01:29:45.590] [INFO] ICC - RID:[1516433385587]-[SELECT]-[START]
[2018-01-20T01:29:45.590] [DEBUG] DCC - RID:[1516433385587]-[SELECT]-[QUERY]:[SELECT
	CASE
	WHEN  MAX([ORD].[NUM_ORDEN]) IS NULL THEN 1
	ELSE MAX([ORD].[NUM_ORDEN])+1
	END  NEW_ORDEN
      
  FROM [dbo].[SLOAA_TR_ORDEN_SERVICIO] [ORD]
  LEFT JOIN [dbo].[SLOAA_TR_CREDENCIAL] [CRED] ON [ORD].[ID_CREDENCIAL]=[CRED].[ID_CREDENCIAL]
  WHERE
  1=1
	AND MONTH([ORD].[METAINFO_FECHA_CREACION])= MONTH(GetDate()) 
	AND YEAR([ORD].[METAINFO_FECHA_CREACION])= YEAR(GetDate()) 
	AND [CRED].[ID_AUTORIDAD]=1]
[2018-01-20T01:29:52.497] [INFO] ICC - RID:[1516433385587]-[SELECT]-[END]:[OK]
[2018-01-20T01:29:52.501] [INFO] ICC - RID:[1516433385587]-[FREE-DML]-[START]
[2018-01-20T01:29:52.501] [DEBUG] DCC - RID:[1516433385587]-[FREE-DML]-[DML]:[INSERT INTO [dbo].[SLOAA_TR_ORDEN_SERVICIO]
  (
		
       [ORD].[NUM_ORDEN]
      ,[ORD].[FECHA_SOLICITUD]
      ,[ORD].[ID_CREDENCIAL]
      ,[ORD].[DOMICILIO]
      ,[ORD].[ID_STATUS]
      ,[ORD].[METAINFO_FECHA_CREACION]
      ,[ORD].[METAINFO_IP]
      ,[ORD].[METAINFO_MAC_ADRR]
      ,[ORD].[LLAVE_SISTEMA]
	  )
	  VALUES
	  (
	    36,
		'2012-06-18T10:34:09',
		1,
		'otro lugar',
		1,
		'2018-01-20T07:29:45.589Z',
		'::1',
		' 00:00:00:a1:2b:cc',
		'332132132131ds'
	  )]
[2018-01-20T01:29:59.321] [INFO] ICC - RID:[1516433385587]-[FREE-DML]-[END]:[OK]
[2018-01-20T01:29:59.323] [INFO] ICC - RID:[1516433385587]-[SELECT]-[START]
[2018-01-20T01:29:59.324] [DEBUG] DCC - RID:[1516433385587]-[SELECT]-[QUERY]:[SELECT 
       [NUM_ORDEN]
      ,[FECHA_SOLICITUD]
      ,[ID_CREDENCIAL]
      ,[DOMICILIO]
      ,[FIRMA1_USER1]
      ,[FIRMA1_USER2]
      ,[FIRMA2_USER1]
      ,[FIRMA2_USER2]
      ,[ID_STATUS]
      ,[METAINFO_FECHA_CREACION]
      ,[METAINFO_IP]
      ,[METAINFO_MAC_ADRR]
      ,[LLAVE_SISTEMA]
  FROM [SOA_db].[dbo].[SLOAA_TR_ORDEN_SERVICIO]
  WHERE [METAINFO_FECHA_CREACION]='2018-01-20T07:29:45.589Z']
[2018-01-20T01:30:06.216] [INFO] ICC - RID:[1516433385587]-[SELECT]-[END]:[OK]
[2018-01-20T01:30:06.217] [INFO] ICC - RID:[1516433385587]-[REQUEST]-[END]:[/createOrdenServicio]
