[2018-01-19T21:52:04.168] [INFO] ICC - [BACKEND]-[WEBSERVICES] init on port:[3000]
[2018-01-19T21:53:10.652] [INFO] ICC - RID:[1516420390650]-[REQUEST]-[START]:[/defaultSelect]
[2018-01-19T21:53:10.653] [DEBUG] DCC - {"missing":[{"requiredFieldName":"user","requiredFieldType":"string"},{"requiredFieldName":"password","requiredFieldType":"string"}]}
[2018-01-19T21:53:10.653] [ERROR] ECC - RID:[1516420390650]-[REQUEST]-[ERROR]:[Input parameter problem.]:[/defaultSelect]
[2018-01-19T21:55:45.796] [INFO] ICC - RID:[1516420545795]-[REQUEST]-[START]:[/defaultSelect]
[2018-01-19T21:55:45.797] [INFO] ICC - RID:[1516420545795]-[SELECT]-[START]
[2018-01-19T21:55:45.797] [DEBUG] DCC - RID:[1516420545795]-[SELECT]-[QUERY]:[SELECT [CRED].[ID_CREDENCIAL]
      ,[CRED].[NOMBRE]
      ,[CRED].[USUARIO_NOMBRE]
      ,[CRED].[ID_AUTORIDAD]
	  ,[AUTH].[NOMBRE_AUTORIDAD]
      ,[CRED].[ID_ROL]
	  ,[ROL].[NOMBRE_ROL]
	  ,[ROL].[PRIVILEGIOS]
      ,[CRED].[ID_CREDENCIAL_SUPERIOR]
  FROM [dbo].[SLOAA_TR_CREDENCIAL] [CRED]
  LEFT JOIN  [dbo].[SLOAA_TC_AUTORIDAD] [AUTH] ON [CRED].[ID_AUTORIDAD]=[AUTH].[ID_AUTORIDAD]
  LEFT JOIN  [dbo].[SLOAA_TS_ROL] [ROL] ON [CRED].[ID_ROL]=[ROL].[ID_ROL]
  
  WHERE 
	            [CRED].[USUARIO_NOMBRE]='oscar.avilaper'
		AND [CRED].[USUARIO_PASSWORD]='54321']
[2018-01-19T21:55:52.757] [INFO] ICC - RID:[1516420545795]-[SELECT]-[END]:[OK]
[2018-01-19T21:55:52.759] [INFO] ICC - RID:[1516420545795]-[REQUEST]-[END]:[/defaultSelect]
