[2018-01-29T13:38:56.472] [INFO] ICC - [BACKEND]-[WEBSERVICES] init on port:[3000]
[2018-01-29T13:38:58.930] [INFO] ICC - RID:[1517254738930]-[REQUEST]-[START]:[/defaultSelect]
[2018-01-29T13:38:58.931] [INFO] ICC - RID:[1517254738930]-[SELECT]-[START]
[2018-01-29T13:38:58.932] [DEBUG] DCC - RID:[1517254738930]-[SELECT]-[QUERY]:[SELECT [CRED].[ID_CREDENCIAL]
      ,[CRED].[NOMBRE]
      ,[CRED].[USUARIO_NOMBRE]
      ,[CRED].[ID_AUTORIDAD]
	  ,[AUTH].[NOMBRE_AUTORIDAD]
	  ,[AUTH].[ID_ZONA]
         ,[CRED].[ID_ROL]
	  ,[ROL].[NOMBRE_ROL]
	  ,[ROL].[PRIVILEGIOS]
      ,[CRED].[ID_CREDENCIAL_SUPERIOR]
  FROM [dbo].[SLOAA_TR_CREDENCIAL] [CRED]
  LEFT JOIN  [dbo].[SLOAA_TC_AUTORIDAD] [AUTH] ON [CRED].[ID_AUTORIDAD]=[AUTH].[ID_AUTORIDAD]
  LEFT JOIN  [dbo].[SLOAA_TS_ROL] [ROL] ON [CRED].[ID_ROL]=[ROL].[ID_ROL]
  
  WHERE 
	            [CRED].[USUARIO_NOMBRE]='carlos.palacios'
		AND [CRED].[USUARIO_PASSWORD]='12345']
[2018-01-29T13:38:58.983] [INFO] ICC - RID:[1517254738930]-[SELECT]-[END]:[OK]
[2018-01-29T13:38:58.983] [INFO] ICC - RID:[1517254738930]-[REQUEST]-[END]:[/defaultSelect]
[2018-01-29T13:38:59.202] [INFO] ICC - RID:[1517254739202]-[REQUEST]-[START]:[/getAllOrdenServicio]
[2018-01-29T13:38:59.203] [INFO] ICC - RID:[1517254739202]-[SELECT]-[START]
[2018-01-29T13:38:59.203] [DEBUG] DCC - RID:[1517254739202]-[SELECT]-[QUERY]:[SELECT  
	    [ORD].[ID_ORDEN_SERVICIO]
      ,[ORD].[NUM_ORDEN]
      ,[ORD].[FECHA_SOLICITUD]
      ,[ORD].[DOMICILIO]
      ,[ORD].[FIRMA1_USER1]
      ,[ORD].[FIRMA1_USER2]
      ,[ORD].[FIRMA2_USER1]
      ,[ORD].[FIRMA2_USER2]
      ,[ORD].[ID_STATUS]
      ,[ORD].[METAINFO_FECHA_CREACION]
      ,[ORD].[METAINFO_IP]
      ,[ORD].[METAINFO_MAC_ADRR]
      ,[ORD].[LLAVE_SISTEMA]
      ,[ORD].[CIERRE_TOTAL]
	  
	   ,[CRED].[ID_CREDENCIAL]
      ,[CRED].[NOMBRE]
      ,[CRED].[CARGO]
      ,[CRED].[TELEFONO]
      ,[CRED].[EXT]
      ,[CRED].[EMAIL]
      ,[CRED].[PTT]
      ,[CRED].[MOVIL]
      ,[CRED].[USUARIO_NOMBRE]
      ,[CRED].[USUARIO_PASSWORD]
      ,[CRED].[ID_ROL]
      ,[CRED].[ID_CREDENCIAL_SUPERIOR]

	   ,[AUTH].[ID_AUTORIDAD]
      ,[AUTH].[NOMBRE_AUTORIDAD]
      ,[AUTH].[ESTADO]
      ,[AUTH].[NIVEL]
      ,[AUTH].[SERVICIO]
      ,[AUTH].[ID_ZONA] 
         FROM 
  [SLOAA_TR_ORDEN_SERVICIO] [ORD]
 LEFT JOIN [SLOAA_TR_CREDENCIAL] [CRED] ON  [CRED].[ID_CREDENCIAL]=[ORD].[ID_CREDENCIAL]
 LEFT JOIN [SLOAA_TC_AUTORIDAD] [AUTH] ON  [AUTH].[ID_AUTORIDAD]=[CRED].[ID_AUTORIDAD]
  WHERE
  1=1
 ]
[2018-01-29T13:38:59.226] [INFO] ICC - RID:[1517254739202]-[SELECT]-[END]:[OK]
[2018-01-29T13:38:59.226] [INFO] ICC - RID:[1517254739202]-[REQUEST]-[END]:[/getAllOrdenServicio]
[2018-01-29T13:39:00.115] [INFO] ICC - RID:[1517254740115]-[REQUEST]-[START]:[/getAllCotizacionXOrden]
[2018-01-29T13:39:00.116] [DEBUG] DCC - {"missing":[{"requiredFieldName":"idOrdenServicio","requiredFieldType":"string"},{"requiredFieldName":"idOrdenServicio","requiredFieldType":"string"}]}
[2018-01-29T13:39:00.116] [ERROR] ECC - RID:[1517254740115]-[REQUEST]-[ERROR]:[Input parameter problem.]:[/getAllCotizacionXOrden]
[2018-01-29T13:39:00.139] [INFO] ICC - RID:[1517254740139]-[REQUEST]-[START]:[/getAllCotizacionXOrden]
[2018-01-29T13:39:00.139] [DEBUG] DCC - {"missing":[{"requiredFieldName":"idOrdenServicio","requiredFieldType":"string"},{"requiredFieldName":"idOrdenServicio","requiredFieldType":"string"}],"extra":[{"inputFieldName":"uno","inputFieldType":"string"}]}
[2018-01-29T13:39:00.139] [ERROR] ECC - RID:[1517254740139]-[REQUEST]-[ERROR]:[Input parameter problem.]:[/getAllCotizacionXOrden]
[2018-01-29T13:39:08.344] [INFO] ICC - RID:[1517254748344]-[REQUEST]-[START]:[/createOrdenServicio]
[2018-01-29T13:39:08.344] [INFO] ICC - RID:[1517254748344]-[SELECT]-[START]
[2018-01-29T13:39:08.344] [DEBUG] DCC - RID:[1517254748344]-[SELECT]-[QUERY]:[SELECT [ID_AUTORIDAD]
      ,[NOMBRE_AUTORIDAD]
      ,[ESTADO]
      ,[NIVEL]
      ,[SERVICIO]
      ,[ID_ZONA]
  FROM [SOA_db].[dbo].[SLOAA_TC_AUTORIDAD]
  WHERE  [ID_AUTORIDAD]=1]
[2018-01-29T13:39:08.359] [INFO] ICC - RID:[1517254748344]-[SELECT]-[END]:[OK]
[2018-01-29T13:39:08.360] [INFO] ICC - RID:[1517254748344]-[SELECT]-[START]
[2018-01-29T13:39:08.360] [DEBUG] DCC - RID:[1517254748344]-[SELECT]-[QUERY]:[SELECT
	CASE
	WHEN  MAX([ORD].[NUM_ORDEN]) IS NULL THEN 1
	ELSE MAX([ORD].[NUM_ORDEN])+1
	END  NEW_ORDEN
      
  FROM [dbo].[SLOAA_TR_ORDEN_SERVICIO] [ORD]
  LEFT JOIN [dbo].[SLOAA_TR_CREDENCIAL] [CRED] ON [ORD].[ID_CREDENCIAL]=[CRED].[ID_CREDENCIAL]
  WHERE
  1=1
	AND YEAR([ORD].[METAINFO_FECHA_CREACION])= YEAR(GetDate()) 
	AND [CRED].[ID_AUTORIDAD]=1]
[2018-01-29T13:39:08.371] [INFO] ICC - RID:[1517254748344]-[SELECT]-[END]:[OK]
[2018-01-29T13:39:08.371] [INFO] ICC - RID:[1517254748344]-[FREE-DML]-[START]
[2018-01-29T13:39:08.371] [DEBUG] DCC - RID:[1517254748344]-[FREE-DML]-[DML]:[INSERT INTO [dbo].[SLOAA_TR_ORDEN_SERVICIO]
  (
		
       [ORD].[NUM_ORDEN]
      ,[ORD].[FECHA_SOLICITUD]
      ,[ORD].[ID_CREDENCIAL]
      ,[ORD].[DOMICILIO]
      ,[ORD].[ID_STATUS]
      ,[ORD].[METAINFO_FECHA_CREACION]
      ,[ORD].[METAINFO_IP]
      ,[ORD].[METAINFO_MAC_ADRR]
      ,[ORD].[LLAVE_SISTEMA]
	  )
	  VALUES
	  (
	    43,
		'2018-01-29T19:38:00.000Z',
		1,
		'testa',
		1,
		'2018-01-29T19:39:08.344Z',
		'::1',
		' ????????',
		'TNRS-Acapulco -SRyS Acapulco -2018-43'
	  )]
[2018-01-29T13:39:08.385] [INFO] ICC - RID:[1517254748344]-[FREE-DML]-[END]:[OK]
[2018-01-29T13:39:08.386] [INFO] ICC - RID:[1517254748344]-[SELECT]-[START]
[2018-01-29T13:39:08.386] [DEBUG] DCC - RID:[1517254748344]-[SELECT]-[QUERY]:[SELECT 
       [ID_ORDEN_SERVICIO]
      ,[NUM_ORDEN]
      ,[FECHA_SOLICITUD]
      ,[ID_CREDENCIAL]
      ,[DOMICILIO]
      ,[FIRMA1_USER1]
      ,[FIRMA1_USER2]
      ,[FIRMA2_USER1]
      ,[FIRMA2_USER2]
      ,[ID_STATUS]
      ,[METAINFO_FECHA_CREACION]
      ,[METAINFO_IP]
      ,[METAINFO_MAC_ADRR]
      ,[LLAVE_SISTEMA]
  FROM [SOA_db].[dbo].[SLOAA_TR_ORDEN_SERVICIO]
  WHERE [METAINFO_FECHA_CREACION]='2018-01-29T19:39:08.344Z']
[2018-01-29T13:39:08.426] [INFO] ICC - RID:[1517254748344]-[SELECT]-[END]:[OK]
[2018-01-29T13:39:08.426] [INFO] ICC - RID:[1517254748344]-[REQUEST]-[END]:[/createOrdenServicio]
[2018-01-29T13:39:10.084] [INFO] ICC - RID:[1517254750083]-[REQUEST]-[START]:[/getAllTipoServicio]
[2018-01-29T13:39:10.084] [INFO] ICC - RID:[1517254750083]-[SELECT]-[START]
[2018-01-29T13:39:10.084] [DEBUG] DCC - RID:[1517254750083]-[SELECT]-[QUERY]:[SELECT 
 DISTINCT([SEL].[ID_TIPO_SERVICIO]),
		  [SEL].[TIPO]
 FROM  (
		SELECT [PSXS].[ID_PRESTADOR_SERVICIO]
			  ,[PSXS].[ID_ZONA]
			  ,[PSXS].[ID_SUBZONA]
			  ,[PSXS].[ID_TIPO_SERVICIO]
			  ,[TS].[TIPO]
			  ,[PSXS].[ID_SERVICIO]
		  FROM [SLOAA_TC_PRESTADOR_SERVICIOS_X_SERVICIO] [PSXS]
		  LEFT JOIN [SLOAA_TC_TIPO_SERVICIO] [TS] ON [PSXS].[ID_TIPO_SERVICIO]=[TS].[ID_TIPO_SERVICIO]
		  WHERE 
		  1=1
		  AND [PSXS].[ID_ZONA]=3
  )[SEL] ]
[2018-01-29T13:39:10.107] [INFO] ICC - RID:[1517254750083]-[SELECT]-[END]:[OK]
[2018-01-29T13:39:10.107] [INFO] ICC - RID:[1517254750083]-[REQUEST]-[END]:[/getAllTipoServicio]
[2018-01-29T13:39:11.486] [INFO] ICC - RID:[1517254751486]-[REQUEST]-[START]:[/getAllSubZona]
[2018-01-29T13:39:11.487] [INFO] ICC - RID:[1517254751486]-[SELECT]-[START]
[2018-01-29T13:39:11.487] [DEBUG] DCC - RID:[1517254751486]-[SELECT]-[QUERY]:[SELECT [ID_SUBZONA],[SUBZONA] FROM [SLOAA_TC_SUBZONA] WHERE 1=1 AND [ID_ZONA]=3]
[2018-01-29T13:39:11.501] [INFO] ICC - RID:[1517254751486]-[SELECT]-[END]:[OK]
[2018-01-29T13:39:11.501] [INFO] ICC - RID:[1517254751486]-[REQUEST]-[END]:[/getAllSubZona]
[2018-01-29T13:39:12.556] [INFO] ICC - RID:[1517254752556]-[REQUEST]-[START]:[/getAllServicios]
[2018-01-29T13:39:12.556] [INFO] ICC - RID:[1517254752556]-[SELECT]-[START]
[2018-01-29T13:39:12.556] [DEBUG] DCC - RID:[1517254752556]-[SELECT]-[QUERY]:[SELECT 
 DISTINCT([SEL].[ID_SERVICIO]),
		  [SEL].[NOMBRE_SERVICIO]
 FROM  (
		SELECT [PSXS].[ID_PRESTADOR_SERVICIO]
			  ,[PSXS].[ID_ZONA]
			  ,[PSXS].[ID_SUBZONA]
			  ,[PSXS].[ID_TIPO_SERVICIO]
			  ,[PSXS].[ID_SERVICIO]
			  ,[SERV].[NOMBRE_SERVICIO]
		  FROM [SLOAA_TC_PRESTADOR_SERVICIOS_X_SERVICIO] [PSXS]
		  LEFT JOIN [SLOAA_TC_SERVICIO] [SERV] ON [PSXS].[ID_SERVICIO]=[SERV].[ID_SERVICIO]
		  WHERE 
		  1=1
		  AND [PSXS].[ID_ZONA]=3
		  AND [PSXS].[ID_SUBZONA]=1
		  AND [PSXS].[ID_TIPO_SERVICIO]=1
  )[SEL]]
[2018-01-29T13:39:12.570] [INFO] ICC - RID:[1517254752556]-[SELECT]-[END]:[OK]
[2018-01-29T13:39:12.570] [INFO] ICC - RID:[1517254752556]-[REQUEST]-[END]:[/getAllServicios]
[2018-01-29T13:39:14.921] [INFO] ICC - RID:[1517254754921]-[REQUEST]-[START]:[/getAllProvedores]
[2018-01-29T13:39:14.922] [INFO] ICC - RID:[1517254754921]-[SELECT]-[START]
[2018-01-29T13:39:14.922] [DEBUG] DCC - RID:[1517254754921]-[SELECT]-[QUERY]:[SELECT 
 DISTINCT([SEL].[ID_PRESTADOR_SERVICIO]),
		  [SEL].[NOMBRE]
 FROM  (
		SELECT [PSXS].[ID_PRESTADOR_SERVICIO]
			  ,[PSXS].[ID_ZONA]
			  ,[PSXS].[ID_SUBZONA]
			  ,[PSXS].[ID_TIPO_SERVICIO]
			  ,[PSXS].[ID_SERVICIO]
			  ,[PS].[NOMBRE]
			  ,[PS].[CORREO_ELECTRONICO]
		  FROM [SLOAA_TC_PRESTADOR_SERVICIOS_X_SERVICIO] [PSXS]
		  LEFT JOIN [SLOAA_TC_PRESTADOR_SERVICIOS] [PS] ON [PSXS].[ID_PRESTADOR_SERVICIO]=[PS].[ID_PRESTADOR_SERVICIO]
		  WHERE 
		  1=1
		  AND [PSXS].[ID_ZONA]=3
		  AND [PSXS].[ID_SUBZONA]=1
		  AND [PSXS].[ID_TIPO_SERVICIO]=1
		  AND [PSXS].[ID_SERVICIO]=1001
  )[SEL]]
[2018-01-29T13:39:14.945] [INFO] ICC - RID:[1517254754921]-[SELECT]-[END]:[OK]
[2018-01-29T13:39:14.945] [INFO] ICC - RID:[1517254754921]-[REQUEST]-[END]:[/getAllProvedores]
[2018-01-29T13:39:16.254] [INFO] ICC - RID:[1517254756254]-[REQUEST]-[START]:[/getUnidadYPrecioUnitarioXServicio]
[2018-01-29T13:39:16.255] [INFO] ICC - RID:[1517254756254]-[SELECT]-[START]
[2018-01-29T13:39:16.255] [DEBUG] DCC - RID:[1517254756254]-[SELECT]-[QUERY]:[SELECT [QRY].*,
	  [UNI].[UNIDAD]
	   FROM
(
  SELECT 
      DISTINCT([PU].[ID_UNIDAD]),
	  [PU].[PRECIO_UNITARIO]
  FROM [dbo].[SLOAA_TR_PRECIO_UNITARIO] [PU]
  WHERE 1=1 
  AND [PU].[ID_TIPO_SERVICIO]=1
  AND  [PU].[ID_SERVICIO]=1001
)[QRY]
LEFT JOIN [dbo].[SLOAA_TC_UNIDAD] [UNI] ON [QRY].[ID_UNIDAD]=[UNI].[ID_UNIDAD]]
[2018-01-29T13:39:16.274] [INFO] ICC - RID:[1517254756254]-[SELECT]-[END]:[OK]
[2018-01-29T13:39:16.274] [INFO] ICC - RID:[1517254756254]-[REQUEST]-[END]:[/getUnidadYPrecioUnitarioXServicio]
[2018-01-29T13:39:18.270] [INFO] ICC - RID:[1517254758270]-[REQUEST]-[START]:[/addCotizacion]
[2018-01-29T13:39:18.270] [INFO] ICC - RID:[1517254758270]-[FREE-DML]-[START]
[2018-01-29T13:39:18.270] [DEBUG] DCC - RID:[1517254758270]-[FREE-DML]-[DML]:[ INSERT INTO [dbo].[SLOAA_TR_SERVICIO_COTIZACION]
           (
            [ID_ORDEN_SERVICIO]
           ,[ID_TIPO_SERVICIO]
           ,[ID_SERVICIO]
           ,[ID_UNIDAD]
		   
		   
           ,[PRECIO_UNITARIO]
           ,[CANTIDAD]
           ,[COTIZACION]
		   
           ,[DEDUCCION_CANTIDAD]
           ,[DEDUCCION_TIEMPO]
           ,[CANCELACION]
           ,[DEDUCCION]
           ,[DEDUCCION_JUSTIFICACION]
           ,[PRECIO_SERVICIO_FINAL]
           ,[VALIDA_DISPONIBILIDAD]
           ,[ID_ZONA]
           ,[ID_SUBZONA]
           ,[ID_PRESTADOR_SERVICIO]
		   )
     VALUES
           (
		   22 
		   , 1 
		   , 1001 
		   , 1 
		   
		   , 1 
		   , 1 
		   , 1 
		   
		   
		   
		   , 0 
		   , 0 
		   , 0 
		   , 0 
		   , '' 
		   , 0 
		   , 0 
		   , 3
		   , 1
		   , 1
		   )]
[2018-01-29T13:39:18.309] [INFO] ICC - RID:[1517254758270]-[FREE-DML]-[END]:[OK]
[2018-01-29T13:39:18.309] [INFO] ICC - RID:[1517254758270]-[REQUEST]-[END]:[/addCotizacion]
[2018-01-29T13:39:18.378] [INFO] ICC - RID:[1517254758378]-[REQUEST]-[START]:[/getAllCotizacionXOrden]
[2018-01-29T13:39:18.379] [INFO] ICC - RID:[1517254758378]-[SELECT]-[START]
[2018-01-29T13:39:18.379] [DEBUG] DCC - RID:[1517254758378]-[SELECT]-[QUERY]:[ SELECT [COT].* FROM [dbo].[SLOAA_TR_SERVICIO_COTIZACION] [COT]
 WHERE [COT].[ID_ORDEN_SERVICIO]=22]
[2018-01-29T13:39:18.413] [INFO] ICC - RID:[1517254758378]-[SELECT]-[END]:[OK]
[2018-01-29T13:39:18.414] [INFO] ICC - RID:[1517254758378]-[REQUEST]-[END]:[/getAllCotizacionXOrden]
[2018-01-29T13:40:25.651] [INFO] ICC - RID:[1517254825651]-[REQUEST]-[START]:[/defaultSelect]
[2018-01-29T13:40:25.651] [INFO] ICC - RID:[1517254825651]-[SELECT]-[START]
[2018-01-29T13:40:25.652] [DEBUG] DCC - RID:[1517254825651]-[SELECT]-[QUERY]:[SELECT [CRED].[ID_CREDENCIAL]
      ,[CRED].[NOMBRE]
      ,[CRED].[USUARIO_NOMBRE]
      ,[CRED].[ID_AUTORIDAD]
	  ,[AUTH].[NOMBRE_AUTORIDAD]
	  ,[AUTH].[ID_ZONA]
         ,[CRED].[ID_ROL]
	  ,[ROL].[NOMBRE_ROL]
	  ,[ROL].[PRIVILEGIOS]
      ,[CRED].[ID_CREDENCIAL_SUPERIOR]
  FROM [dbo].[SLOAA_TR_CREDENCIAL] [CRED]
  LEFT JOIN  [dbo].[SLOAA_TC_AUTORIDAD] [AUTH] ON [CRED].[ID_AUTORIDAD]=[AUTH].[ID_AUTORIDAD]
  LEFT JOIN  [dbo].[SLOAA_TS_ROL] [ROL] ON [CRED].[ID_ROL]=[ROL].[ID_ROL]
  
  WHERE 
	            [CRED].[USUARIO_NOMBRE]='carlos.palacios'
		AND [CRED].[USUARIO_PASSWORD]='12345']
[2018-01-29T13:40:25.691] [INFO] ICC - RID:[1517254825651]-[SELECT]-[END]:[OK]
[2018-01-29T13:40:25.691] [INFO] ICC - RID:[1517254825651]-[REQUEST]-[END]:[/defaultSelect]
[2018-01-29T13:40:25.961] [INFO] ICC - RID:[1517254825961]-[REQUEST]-[START]:[/getAllOrdenServicio]
[2018-01-29T13:40:25.962] [INFO] ICC - RID:[1517254825961]-[SELECT]-[START]
[2018-01-29T13:40:25.962] [DEBUG] DCC - RID:[1517254825961]-[SELECT]-[QUERY]:[SELECT  
	    [ORD].[ID_ORDEN_SERVICIO]
      ,[ORD].[NUM_ORDEN]
      ,[ORD].[FECHA_SOLICITUD]
      ,[ORD].[DOMICILIO]
      ,[ORD].[FIRMA1_USER1]
      ,[ORD].[FIRMA1_USER2]
      ,[ORD].[FIRMA2_USER1]
      ,[ORD].[FIRMA2_USER2]
      ,[ORD].[ID_STATUS]
      ,[ORD].[METAINFO_FECHA_CREACION]
      ,[ORD].[METAINFO_IP]
      ,[ORD].[METAINFO_MAC_ADRR]
      ,[ORD].[LLAVE_SISTEMA]
      ,[ORD].[CIERRE_TOTAL]
	  
	   ,[CRED].[ID_CREDENCIAL]
      ,[CRED].[NOMBRE]
      ,[CRED].[CARGO]
      ,[CRED].[TELEFONO]
      ,[CRED].[EXT]
      ,[CRED].[EMAIL]
      ,[CRED].[PTT]
      ,[CRED].[MOVIL]
      ,[CRED].[USUARIO_NOMBRE]
      ,[CRED].[USUARIO_PASSWORD]
      ,[CRED].[ID_ROL]
      ,[CRED].[ID_CREDENCIAL_SUPERIOR]

	   ,[AUTH].[ID_AUTORIDAD]
      ,[AUTH].[NOMBRE_AUTORIDAD]
      ,[AUTH].[ESTADO]
      ,[AUTH].[NIVEL]
      ,[AUTH].[SERVICIO]
      ,[AUTH].[ID_ZONA] 
         FROM 
  [SLOAA_TR_ORDEN_SERVICIO] [ORD]
 LEFT JOIN [SLOAA_TR_CREDENCIAL] [CRED] ON  [CRED].[ID_CREDENCIAL]=[ORD].[ID_CREDENCIAL]
 LEFT JOIN [SLOAA_TC_AUTORIDAD] [AUTH] ON  [AUTH].[ID_AUTORIDAD]=[CRED].[ID_AUTORIDAD]
  WHERE
  1=1
 ]
[2018-01-29T13:40:25.986] [INFO] ICC - RID:[1517254825961]-[SELECT]-[END]:[OK]
[2018-01-29T13:40:25.986] [INFO] ICC - RID:[1517254825961]-[REQUEST]-[END]:[/getAllOrdenServicio]
[2018-01-29T13:40:26.899] [INFO] ICC - RID:[1517254826899]-[REQUEST]-[START]:[/getAllCotizacionXOrden]
[2018-01-29T13:40:26.899] [DEBUG] DCC - {"missing":[{"requiredFieldName":"idOrdenServicio","requiredFieldType":"string"},{"requiredFieldName":"idOrdenServicio","requiredFieldType":"string"}]}
[2018-01-29T13:40:26.899] [ERROR] ECC - RID:[1517254826899]-[REQUEST]-[ERROR]:[Input parameter problem.]:[/getAllCotizacionXOrden]
[2018-01-29T13:40:26.915] [INFO] ICC - RID:[1517254826915]-[REQUEST]-[START]:[/getAllCotizacionXOrden]
[2018-01-29T13:40:26.916] [DEBUG] DCC - {"missing":[{"requiredFieldName":"idOrdenServicio","requiredFieldType":"string"},{"requiredFieldName":"idOrdenServicio","requiredFieldType":"string"}],"extra":[{"inputFieldName":"uno","inputFieldType":"string"}]}
[2018-01-29T13:40:26.916] [ERROR] ECC - RID:[1517254826915]-[REQUEST]-[ERROR]:[Input parameter problem.]:[/getAllCotizacionXOrden]
