[2018-01-29T13:38:56.472] [INFO] ICC - [BACKEND]-[WEBSERVICES] init on port:[3000]
[2018-01-29T13:38:58.930] [INFO] ICC - RID:[1517254738930]-[REQUEST]-[START]:[/defaultSelect]
[2018-01-29T13:38:58.931] [INFO] ICC - RID:[1517254738930]-[SELECT]-[START]
[2018-01-29T13:38:58.983] [INFO] ICC - RID:[1517254738930]-[SELECT]-[END]:[OK]
[2018-01-29T13:38:58.983] [INFO] ICC - RID:[1517254738930]-[REQUEST]-[END]:[/defaultSelect]
[2018-01-29T13:38:59.202] [INFO] ICC - RID:[1517254739202]-[REQUEST]-[START]:[/getAllOrdenServicio]
[2018-01-29T13:38:59.203] [INFO] ICC - RID:[1517254739202]-[SELECT]-[START]
[2018-01-29T13:38:59.226] [INFO] ICC - RID:[1517254739202]-[SELECT]-[END]:[OK]
[2018-01-29T13:38:59.226] [INFO] ICC - RID:[1517254739202]-[REQUEST]-[END]:[/getAllOrdenServicio]
[2018-01-29T13:39:00.115] [INFO] ICC - RID:[1517254740115]-[REQUEST]-[START]:[/getAllCotizacionXOrden]
[2018-01-29T13:39:00.116] [ERROR] ECC - RID:[1517254740115]-[REQUEST]-[ERROR]:[Input parameter problem.]:[/getAllCotizacionXOrden]
[2018-01-29T13:39:00.139] [INFO] ICC - RID:[1517254740139]-[REQUEST]-[START]:[/getAllCotizacionXOrden]
[2018-01-29T13:39:00.139] [ERROR] ECC - RID:[1517254740139]-[REQUEST]-[ERROR]:[Input parameter problem.]:[/getAllCotizacionXOrden]
[2018-01-29T13:39:08.344] [INFO] ICC - RID:[1517254748344]-[REQUEST]-[START]:[/createOrdenServicio]
[2018-01-29T13:39:08.344] [INFO] ICC - RID:[1517254748344]-[SELECT]-[START]
[2018-01-29T13:39:08.359] [INFO] ICC - RID:[1517254748344]-[SELECT]-[END]:[OK]
[2018-01-29T13:39:08.360] [INFO] ICC - RID:[1517254748344]-[SELECT]-[START]
[2018-01-29T13:39:08.371] [INFO] ICC - RID:[1517254748344]-[SELECT]-[END]:[OK]
[2018-01-29T13:39:08.371] [INFO] ICC - RID:[1517254748344]-[FREE-DML]-[START]
[2018-01-29T13:39:08.385] [INFO] ICC - RID:[1517254748344]-[FREE-DML]-[END]:[OK]
[2018-01-29T13:39:08.386] [INFO] ICC - RID:[1517254748344]-[SELECT]-[START]
[2018-01-29T13:39:08.426] [INFO] ICC - RID:[1517254748344]-[SELECT]-[END]:[OK]
[2018-01-29T13:39:08.426] [INFO] ICC - RID:[1517254748344]-[REQUEST]-[END]:[/createOrdenServicio]
[2018-01-29T13:39:10.084] [INFO] ICC - RID:[1517254750083]-[REQUEST]-[START]:[/getAllTipoServicio]
[2018-01-29T13:39:10.084] [INFO] ICC - RID:[1517254750083]-[SELECT]-[START]
[2018-01-29T13:39:10.107] [INFO] ICC - RID:[1517254750083]-[SELECT]-[END]:[OK]
[2018-01-29T13:39:10.107] [INFO] ICC - RID:[1517254750083]-[REQUEST]-[END]:[/getAllTipoServicio]
[2018-01-29T13:39:11.486] [INFO] ICC - RID:[1517254751486]-[REQUEST]-[START]:[/getAllSubZona]
[2018-01-29T13:39:11.487] [INFO] ICC - RID:[1517254751486]-[SELECT]-[START]
[2018-01-29T13:39:11.501] [INFO] ICC - RID:[1517254751486]-[SELECT]-[END]:[OK]
[2018-01-29T13:39:11.501] [INFO] ICC - RID:[1517254751486]-[REQUEST]-[END]:[/getAllSubZona]
[2018-01-29T13:39:12.556] [INFO] ICC - RID:[1517254752556]-[REQUEST]-[START]:[/getAllServicios]
[2018-01-29T13:39:12.556] [INFO] ICC - RID:[1517254752556]-[SELECT]-[START]
[2018-01-29T13:39:12.570] [INFO] ICC - RID:[1517254752556]-[SELECT]-[END]:[OK]
[2018-01-29T13:39:12.570] [INFO] ICC - RID:[1517254752556]-[REQUEST]-[END]:[/getAllServicios]
[2018-01-29T13:39:14.921] [INFO] ICC - RID:[1517254754921]-[REQUEST]-[START]:[/getAllProvedores]
[2018-01-29T13:39:14.922] [INFO] ICC - RID:[1517254754921]-[SELECT]-[START]
[2018-01-29T13:39:14.945] [INFO] ICC - RID:[1517254754921]-[SELECT]-[END]:[OK]
[2018-01-29T13:39:14.945] [INFO] ICC - RID:[1517254754921]-[REQUEST]-[END]:[/getAllProvedores]
[2018-01-29T13:39:16.254] [INFO] ICC - RID:[1517254756254]-[REQUEST]-[START]:[/getUnidadYPrecioUnitarioXServicio]
[2018-01-29T13:39:16.255] [INFO] ICC - RID:[1517254756254]-[SELECT]-[START]
[2018-01-29T13:39:16.274] [INFO] ICC - RID:[1517254756254]-[SELECT]-[END]:[OK]
[2018-01-29T13:39:16.274] [INFO] ICC - RID:[1517254756254]-[REQUEST]-[END]:[/getUnidadYPrecioUnitarioXServicio]
[2018-01-29T13:39:18.270] [INFO] ICC - RID:[1517254758270]-[REQUEST]-[START]:[/addCotizacion]
[2018-01-29T13:39:18.270] [INFO] ICC - RID:[1517254758270]-[FREE-DML]-[START]
[2018-01-29T13:39:18.309] [INFO] ICC - RID:[1517254758270]-[FREE-DML]-[END]:[OK]
[2018-01-29T13:39:18.309] [INFO] ICC - RID:[1517254758270]-[REQUEST]-[END]:[/addCotizacion]
[2018-01-29T13:39:18.378] [INFO] ICC - RID:[1517254758378]-[REQUEST]-[START]:[/getAllCotizacionXOrden]
[2018-01-29T13:39:18.379] [INFO] ICC - RID:[1517254758378]-[SELECT]-[START]
[2018-01-29T13:39:18.413] [INFO] ICC - RID:[1517254758378]-[SELECT]-[END]:[OK]
[2018-01-29T13:39:18.414] [INFO] ICC - RID:[1517254758378]-[REQUEST]-[END]:[/getAllCotizacionXOrden]
[2018-01-29T13:40:25.651] [INFO] ICC - RID:[1517254825651]-[REQUEST]-[START]:[/defaultSelect]
[2018-01-29T13:40:25.651] [INFO] ICC - RID:[1517254825651]-[SELECT]-[START]
[2018-01-29T13:40:25.691] [INFO] ICC - RID:[1517254825651]-[SELECT]-[END]:[OK]
[2018-01-29T13:40:25.691] [INFO] ICC - RID:[1517254825651]-[REQUEST]-[END]:[/defaultSelect]
[2018-01-29T13:40:25.961] [INFO] ICC - RID:[1517254825961]-[REQUEST]-[START]:[/getAllOrdenServicio]
[2018-01-29T13:40:25.962] [INFO] ICC - RID:[1517254825961]-[SELECT]-[START]
[2018-01-29T13:40:25.986] [INFO] ICC - RID:[1517254825961]-[SELECT]-[END]:[OK]
[2018-01-29T13:40:25.986] [INFO] ICC - RID:[1517254825961]-[REQUEST]-[END]:[/getAllOrdenServicio]
[2018-01-29T13:40:26.899] [INFO] ICC - RID:[1517254826899]-[REQUEST]-[START]:[/getAllCotizacionXOrden]
[2018-01-29T13:40:26.899] [ERROR] ECC - RID:[1517254826899]-[REQUEST]-[ERROR]:[Input parameter problem.]:[/getAllCotizacionXOrden]
[2018-01-29T13:40:26.915] [INFO] ICC - RID:[1517254826915]-[REQUEST]-[START]:[/getAllCotizacionXOrden]
[2018-01-29T13:40:26.916] [ERROR] ECC - RID:[1517254826915]-[REQUEST]-[ERROR]:[Input parameter problem.]:[/getAllCotizacionXOrden]
