[2018-02-09T09:59:29.973] [INFO] ICC - [BACKEND]-[WEBSERVICES] init on port:[3000]
[2018-02-09T09:59:55.845] [INFO] ICC - RID:[1518191995845]-[REQUEST]-[START]:[/defaultSelect]
[2018-02-09T09:59:55.846] [INFO] ICC - RID:[1518191995845]-[SELECT]-[START]
[2018-02-09T09:59:55.846] [DEBUG] DCC - RID:[1518191995845]-[SELECT]-[QUERY]:[SELECT [CRED].[ID_CREDENCIAL]
      ,[CRED].[NOMBRE]
      ,[CRED].[USUARIO_NOMBRE]
      ,[CRED].[ID_AUTORIDAD]
	  ,[AUTH].[NOMBRE_AUTORIDAD]
	  ,[AUTH].[ID_ZONA]
         ,[CRED].[ID_ROL]
	  ,[ROL].[NOMBRE_ROL]
	  ,[ROL].[PRIVILEGIOS]
      ,[CRED].[ID_CREDENCIAL_SUPERIOR]
  FROM [dbo].[SLOAA_TR_CREDENCIAL] [CRED]
  LEFT JOIN  [dbo].[SLOAA_TC_AUTORIDAD] [AUTH] ON [CRED].[ID_AUTORIDAD]=[AUTH].[ID_AUTORIDAD]
  LEFT JOIN  [dbo].[SLOAA_TS_ROL] [ROL] ON [CRED].[ID_ROL]=[ROL].[ID_ROL]
  
  WHERE 
	            [CRED].[USUARIO_NOMBRE]='carlos.palacios'
		AND [CRED].[USUARIO_PASSWORD]='qwe321']
[2018-02-09T09:59:56.858] [ERROR] ECC - RID:[1518191995845]-[SELECT]-[END]:[FAIL]:[Failed to connect to 10.15.17.158:1433 - connect ECONNREFUSED 10.15.17.158:1433]
[2018-02-09T09:59:56.860] [ERROR] ECC - RID:[1518191995845]-[REQUEST]-[ERROR]:[Failed to connect to 10.15.17.158:1433 - connect ECONNREFUSED 10.15.17.158:1433]:[/defaultSelect]
