[2018-01-29T09:03:16.372] [INFO] ICC - [BACKEND]-[WEBSERVICES] init on port:[3000]
[2018-01-29T09:03:19.900] [INFO] ICC - RID:[1517238199900]-[REQUEST]-[START]:[/defaultSelect]
[2018-01-29T09:03:19.901] [INFO] ICC - RID:[1517238199900]-[SELECT]-[START]
[2018-01-29T09:03:19.901] [DEBUG] DCC - RID:[1517238199900]-[SELECT]-[QUERY]:[SELECT [CRED].[ID_CREDENCIAL]
      ,[CRED].[NOMBRE]
      ,[CRED].[USUARIO_NOMBRE]
      ,[CRED].[ID_AUTORIDAD]
	  ,[AUTH].[NOMBRE_AUTORIDAD]
	  ,[AUTH].[ID_ZONA]
         ,[CRED].[ID_ROL]
	  ,[ROL].[NOMBRE_ROL]
	  ,[ROL].[PRIVILEGIOS]
      ,[CRED].[ID_CREDENCIAL_SUPERIOR]
  FROM [dbo].[SLOAA_TR_CREDENCIAL] [CRED]
  LEFT JOIN  [dbo].[SLOAA_TC_AUTORIDAD] [AUTH] ON [CRED].[ID_AUTORIDAD]=[AUTH].[ID_AUTORIDAD]
  LEFT JOIN  [dbo].[SLOAA_TS_ROL] [ROL] ON [CRED].[ID_ROL]=[ROL].[ID_ROL]
  
  WHERE 
	            [CRED].[USUARIO_NOMBRE]='carlos.palacios'
		AND [CRED].[USUARIO_PASSWORD]='12345']
[2018-01-29T09:03:20.009] [INFO] ICC - RID:[1517238199900]-[SELECT]-[END]:[OK]
[2018-01-29T09:03:20.009] [INFO] ICC - RID:[1517238199900]-[REQUEST]-[END]:[/defaultSelect]
[2018-01-29T09:03:20.236] [INFO] ICC - RID:[1517238200236]-[REQUEST]-[START]:[/getAllOrdenServicio]
[2018-01-29T09:03:20.236] [DEBUG] DCC - {"missing":[{"requiredFieldName":"idRol","requiredFieldType":"string"},{"requiredFieldName":"idAutoridad","requiredFieldType":"string"}],"extra":[{"inputFieldName":"_dc","inputFieldType":"string"},{"inputFieldName":"page","inputFieldType":"string"},{"inputFieldName":"start","inputFieldType":"string"},{"inputFieldName":"limit","inputFieldType":"string"},{"inputFieldName":"callback","inputFieldType":"string"}]}
[2018-01-29T09:03:20.236] [ERROR] ECC - RID:[1517238200236]-[REQUEST]-[ERROR]:[Input parameter problem.]:[/getAllOrdenServicio]
[2018-01-29T09:03:40.028] [INFO] ICC - RID:[1517238220028]-[REQUEST]-[START]:[/defaultSelect]
[2018-01-29T09:03:40.029] [INFO] ICC - RID:[1517238220028]-[SELECT]-[START]
[2018-01-29T09:03:40.029] [DEBUG] DCC - RID:[1517238220028]-[SELECT]-[QUERY]:[SELECT [CRED].[ID_CREDENCIAL]
      ,[CRED].[NOMBRE]
      ,[CRED].[USUARIO_NOMBRE]
      ,[CRED].[ID_AUTORIDAD]
	  ,[AUTH].[NOMBRE_AUTORIDAD]
	  ,[AUTH].[ID_ZONA]
         ,[CRED].[ID_ROL]
	  ,[ROL].[NOMBRE_ROL]
	  ,[ROL].[PRIVILEGIOS]
      ,[CRED].[ID_CREDENCIAL_SUPERIOR]
  FROM [dbo].[SLOAA_TR_CREDENCIAL] [CRED]
  LEFT JOIN  [dbo].[SLOAA_TC_AUTORIDAD] [AUTH] ON [CRED].[ID_AUTORIDAD]=[AUTH].[ID_AUTORIDAD]
  LEFT JOIN  [dbo].[SLOAA_TS_ROL] [ROL] ON [CRED].[ID_ROL]=[ROL].[ID_ROL]
  
  WHERE 
	            [CRED].[USUARIO_NOMBRE]='carlos.palacios'
		AND [CRED].[USUARIO_PASSWORD]='12345']
[2018-01-29T09:03:40.047] [INFO] ICC - RID:[1517238220028]-[SELECT]-[END]:[OK]
[2018-01-29T09:03:40.047] [INFO] ICC - RID:[1517238220028]-[REQUEST]-[END]:[/defaultSelect]
[2018-01-29T09:03:40.267] [INFO] ICC - RID:[1517238220267]-[REQUEST]-[START]:[/getAllOrdenServicio]
[2018-01-29T09:03:40.267] [DEBUG] DCC - {"missing":[{"requiredFieldName":"idRol","requiredFieldType":"string"},{"requiredFieldName":"idAutoridad","requiredFieldType":"string"}],"extra":[{"inputFieldName":"_dc","inputFieldType":"string"},{"inputFieldName":"page","inputFieldType":"string"},{"inputFieldName":"start","inputFieldType":"string"},{"inputFieldName":"limit","inputFieldType":"string"},{"inputFieldName":"callback","inputFieldType":"string"}]}
[2018-01-29T09:03:40.267] [ERROR] ECC - RID:[1517238220267]-[REQUEST]-[ERROR]:[Input parameter problem.]:[/getAllOrdenServicio]
