[2018-02-06T09:22:48.516] [INFO] ICC - RID:[1517930568516]-[REQUEST]-[START]:[/getAllOrdenServicio]
[2018-02-06T09:22:48.518] [INFO] ICC - RID:[1517930568516]-[SELECT]-[START]
[2018-02-06T09:22:48.518] [DEBUG] DCC - RID:[1517930568516]-[SELECT]-[QUERY]:[SELECT  
	    [ORD].[ID_ORDEN_SERVICIO]
      ,[ORD].[NUM_ORDEN]
      ,[ORD].[FECHA_SOLICITUD]
      ,[ORD].[DOMICILIO]
      ,[ORD].[FIRMA1_USER1]
      ,[ORD].[FIRMA1_USER2]
      ,[ORD].[FIRMA2_USER1]
      ,[ORD].[FIRMA2_USER2]
      ,[ORD].[ID_STATUS]
      ,[ORD].[METAINFO_FECHA_CREACION]
      ,[ORD].[METAINFO_IP]
      ,[ORD].[METAINFO_MAC_ADRR]
      ,[ORD].[LLAVE_SISTEMA]
      ,[ORD].[CIERRE_TOTAL]
	  
	   ,[CRED].[ID_CREDENCIAL]
      ,[CRED].[NOMBRE]
      ,[CRED].[CARGO]
      ,[CRED].[TELEFONO]
      ,[CRED].[EXT]
      ,[CRED].[EMAIL]
      ,[CRED].[PTT]
      ,[CRED].[MOVIL]
      ,[CRED].[USUARIO_NOMBRE]
      ,[CRED].[USUARIO_PASSWORD]
      ,[CRED].[ID_ROL]
      ,[CRED].[ID_CREDENCIAL_SUPERIOR]

	   ,[AUTH].[ID_AUTORIDAD]
      ,[AUTH].[NOMBRE_AUTORIDAD]
      ,[AUTH].[ESTADO]
      ,[AUTH].[NIVEL]
      ,[AUTH].[SERVICIO]
      ,[AUTH].[ID_ZONA] 
             ,[STATUS].[NOMBRE_STATUS]
  FROM 
  [SLOAA_TR_ORDEN_SERVICIO] [ORD]
 LEFT JOIN [SLOAA_TR_CREDENCIAL] [CRED] ON  [CRED].[ID_CREDENCIAL]=[ORD].[ID_CREDENCIAL]
 LEFT JOIN [SLOAA_TC_AUTORIDAD] [AUTH] ON  [AUTH].[ID_AUTORIDAD]=[CRED].[ID_AUTORIDAD]
 LEFT JOIN [dbo].[SLOAA_TC_STATUS] [STATUS] ON  [ORD].[ID_STATUS]=[STATUS].[ID_STATUS]
  WHERE
  1=1
 ]
[2018-02-06T09:22:48.542] [INFO] ICC - RID:[1517930568516]-[SELECT]-[END]:[OK]
[2018-02-06T09:22:48.543] [INFO] ICC - RID:[1517930568516]-[REQUEST]-[END]:[/getAllOrdenServicio]
[2018-02-06T09:22:50.599] [INFO] ICC - RID:[1517930570599]-[REQUEST]-[START]:[/getAllOrdenServicio]
[2018-02-06T09:22:50.599] [INFO] ICC - RID:[1517930570599]-[SELECT]-[START]
[2018-02-06T09:22:50.599] [DEBUG] DCC - RID:[1517930570599]-[SELECT]-[QUERY]:[SELECT  
	    [ORD].[ID_ORDEN_SERVICIO]
      ,[ORD].[NUM_ORDEN]
      ,[ORD].[FECHA_SOLICITUD]
      ,[ORD].[DOMICILIO]
      ,[ORD].[FIRMA1_USER1]
      ,[ORD].[FIRMA1_USER2]
      ,[ORD].[FIRMA2_USER1]
      ,[ORD].[FIRMA2_USER2]
      ,[ORD].[ID_STATUS]
      ,[ORD].[METAINFO_FECHA_CREACION]
      ,[ORD].[METAINFO_IP]
      ,[ORD].[METAINFO_MAC_ADRR]
      ,[ORD].[LLAVE_SISTEMA]
      ,[ORD].[CIERRE_TOTAL]
	  
	   ,[CRED].[ID_CREDENCIAL]
      ,[CRED].[NOMBRE]
      ,[CRED].[CARGO]
      ,[CRED].[TELEFONO]
      ,[CRED].[EXT]
      ,[CRED].[EMAIL]
      ,[CRED].[PTT]
      ,[CRED].[MOVIL]
      ,[CRED].[USUARIO_NOMBRE]
      ,[CRED].[USUARIO_PASSWORD]
      ,[CRED].[ID_ROL]
      ,[CRED].[ID_CREDENCIAL_SUPERIOR]

	   ,[AUTH].[ID_AUTORIDAD]
      ,[AUTH].[NOMBRE_AUTORIDAD]
      ,[AUTH].[ESTADO]
      ,[AUTH].[NIVEL]
      ,[AUTH].[SERVICIO]
      ,[AUTH].[ID_ZONA] 
             ,[STATUS].[NOMBRE_STATUS]
  FROM 
  [SLOAA_TR_ORDEN_SERVICIO] [ORD]
 LEFT JOIN [SLOAA_TR_CREDENCIAL] [CRED] ON  [CRED].[ID_CREDENCIAL]=[ORD].[ID_CREDENCIAL]
 LEFT JOIN [SLOAA_TC_AUTORIDAD] [AUTH] ON  [AUTH].[ID_AUTORIDAD]=[CRED].[ID_AUTORIDAD]
 LEFT JOIN [dbo].[SLOAA_TC_STATUS] [STATUS] ON  [ORD].[ID_STATUS]=[STATUS].[ID_STATUS]
  WHERE
  1=1
 ]
[2018-02-06T09:22:50.616] [INFO] ICC - RID:[1517930570599]-[SELECT]-[END]:[OK]
[2018-02-06T09:22:50.617] [INFO] ICC - RID:[1517930570599]-[REQUEST]-[END]:[/getAllOrdenServicio]
[2018-02-06T09:22:51.085] [INFO] ICC - RID:[1517930571085]-[REQUEST]-[START]:[/getAllOrdenServicio]
[2018-02-06T09:22:51.085] [INFO] ICC - RID:[1517930571085]-[SELECT]-[START]
[2018-02-06T09:22:51.085] [DEBUG] DCC - RID:[1517930571085]-[SELECT]-[QUERY]:[SELECT  
	    [ORD].[ID_ORDEN_SERVICIO]
      ,[ORD].[NUM_ORDEN]
      ,[ORD].[FECHA_SOLICITUD]
      ,[ORD].[DOMICILIO]
      ,[ORD].[FIRMA1_USER1]
      ,[ORD].[FIRMA1_USER2]
      ,[ORD].[FIRMA2_USER1]
      ,[ORD].[FIRMA2_USER2]
      ,[ORD].[ID_STATUS]
      ,[ORD].[METAINFO_FECHA_CREACION]
      ,[ORD].[METAINFO_IP]
      ,[ORD].[METAINFO_MAC_ADRR]
      ,[ORD].[LLAVE_SISTEMA]
      ,[ORD].[CIERRE_TOTAL]
	  
	   ,[CRED].[ID_CREDENCIAL]
      ,[CRED].[NOMBRE]
      ,[CRED].[CARGO]
      ,[CRED].[TELEFONO]
      ,[CRED].[EXT]
      ,[CRED].[EMAIL]
      ,[CRED].[PTT]
      ,[CRED].[MOVIL]
      ,[CRED].[USUARIO_NOMBRE]
      ,[CRED].[USUARIO_PASSWORD]
      ,[CRED].[ID_ROL]
      ,[CRED].[ID_CREDENCIAL_SUPERIOR]

	   ,[AUTH].[ID_AUTORIDAD]
      ,[AUTH].[NOMBRE_AUTORIDAD]
      ,[AUTH].[ESTADO]
      ,[AUTH].[NIVEL]
      ,[AUTH].[SERVICIO]
      ,[AUTH].[ID_ZONA] 
             ,[STATUS].[NOMBRE_STATUS]
  FROM 
  [SLOAA_TR_ORDEN_SERVICIO] [ORD]
 LEFT JOIN [SLOAA_TR_CREDENCIAL] [CRED] ON  [CRED].[ID_CREDENCIAL]=[ORD].[ID_CREDENCIAL]
 LEFT JOIN [SLOAA_TC_AUTORIDAD] [AUTH] ON  [AUTH].[ID_AUTORIDAD]=[CRED].[ID_AUTORIDAD]
 LEFT JOIN [dbo].[SLOAA_TC_STATUS] [STATUS] ON  [ORD].[ID_STATUS]=[STATUS].[ID_STATUS]
  WHERE
  1=1
 ]
[2018-02-06T09:22:51.101] [INFO] ICC - RID:[1517930571085]-[SELECT]-[END]:[OK]
[2018-02-06T09:22:51.102] [INFO] ICC - RID:[1517930571085]-[REQUEST]-[END]:[/getAllOrdenServicio]
[2018-02-06T09:22:51.398] [INFO] ICC - RID:[1517930571398]-[REQUEST]-[START]:[/getAllOrdenServicio]
[2018-02-06T09:22:51.398] [INFO] ICC - RID:[1517930571398]-[SELECT]-[START]
[2018-02-06T09:22:51.398] [DEBUG] DCC - RID:[1517930571398]-[SELECT]-[QUERY]:[SELECT  
	    [ORD].[ID_ORDEN_SERVICIO]
      ,[ORD].[NUM_ORDEN]
      ,[ORD].[FECHA_SOLICITUD]
      ,[ORD].[DOMICILIO]
      ,[ORD].[FIRMA1_USER1]
      ,[ORD].[FIRMA1_USER2]
      ,[ORD].[FIRMA2_USER1]
      ,[ORD].[FIRMA2_USER2]
      ,[ORD].[ID_STATUS]
      ,[ORD].[METAINFO_FECHA_CREACION]
      ,[ORD].[METAINFO_IP]
      ,[ORD].[METAINFO_MAC_ADRR]
      ,[ORD].[LLAVE_SISTEMA]
      ,[ORD].[CIERRE_TOTAL]
	  
	   ,[CRED].[ID_CREDENCIAL]
      ,[CRED].[NOMBRE]
      ,[CRED].[CARGO]
      ,[CRED].[TELEFONO]
      ,[CRED].[EXT]
      ,[CRED].[EMAIL]
      ,[CRED].[PTT]
      ,[CRED].[MOVIL]
      ,[CRED].[USUARIO_NOMBRE]
      ,[CRED].[USUARIO_PASSWORD]
      ,[CRED].[ID_ROL]
      ,[CRED].[ID_CREDENCIAL_SUPERIOR]

	   ,[AUTH].[ID_AUTORIDAD]
      ,[AUTH].[NOMBRE_AUTORIDAD]
      ,[AUTH].[ESTADO]
      ,[AUTH].[NIVEL]
      ,[AUTH].[SERVICIO]
      ,[AUTH].[ID_ZONA] 
             ,[STATUS].[NOMBRE_STATUS]
  FROM 
  [SLOAA_TR_ORDEN_SERVICIO] [ORD]
 LEFT JOIN [SLOAA_TR_CREDENCIAL] [CRED] ON  [CRED].[ID_CREDENCIAL]=[ORD].[ID_CREDENCIAL]
 LEFT JOIN [SLOAA_TC_AUTORIDAD] [AUTH] ON  [AUTH].[ID_AUTORIDAD]=[CRED].[ID_AUTORIDAD]
 LEFT JOIN [dbo].[SLOAA_TC_STATUS] [STATUS] ON  [ORD].[ID_STATUS]=[STATUS].[ID_STATUS]
  WHERE
  1=1
 ]
[2018-02-06T09:22:51.416] [INFO] ICC - RID:[1517930571398]-[SELECT]-[END]:[OK]
[2018-02-06T09:22:51.416] [INFO] ICC - RID:[1517930571398]-[REQUEST]-[END]:[/getAllOrdenServicio]
[2018-02-06T09:22:51.638] [INFO] ICC - RID:[1517930571638]-[REQUEST]-[START]:[/getAllOrdenServicio]
[2018-02-06T09:22:51.638] [INFO] ICC - RID:[1517930571638]-[SELECT]-[START]
[2018-02-06T09:22:51.638] [DEBUG] DCC - RID:[1517930571638]-[SELECT]-[QUERY]:[SELECT  
	    [ORD].[ID_ORDEN_SERVICIO]
      ,[ORD].[NUM_ORDEN]
      ,[ORD].[FECHA_SOLICITUD]
      ,[ORD].[DOMICILIO]
      ,[ORD].[FIRMA1_USER1]
      ,[ORD].[FIRMA1_USER2]
      ,[ORD].[FIRMA2_USER1]
      ,[ORD].[FIRMA2_USER2]
      ,[ORD].[ID_STATUS]
      ,[ORD].[METAINFO_FECHA_CREACION]
      ,[ORD].[METAINFO_IP]
      ,[ORD].[METAINFO_MAC_ADRR]
      ,[ORD].[LLAVE_SISTEMA]
      ,[ORD].[CIERRE_TOTAL]
	  
	   ,[CRED].[ID_CREDENCIAL]
      ,[CRED].[NOMBRE]
      ,[CRED].[CARGO]
      ,[CRED].[TELEFONO]
      ,[CRED].[EXT]
      ,[CRED].[EMAIL]
      ,[CRED].[PTT]
      ,[CRED].[MOVIL]
      ,[CRED].[USUARIO_NOMBRE]
      ,[CRED].[USUARIO_PASSWORD]
      ,[CRED].[ID_ROL]
      ,[CRED].[ID_CREDENCIAL_SUPERIOR]

	   ,[AUTH].[ID_AUTORIDAD]
      ,[AUTH].[NOMBRE_AUTORIDAD]
      ,[AUTH].[ESTADO]
      ,[AUTH].[NIVEL]
      ,[AUTH].[SERVICIO]
      ,[AUTH].[ID_ZONA] 
             ,[STATUS].[NOMBRE_STATUS]
  FROM 
  [SLOAA_TR_ORDEN_SERVICIO] [ORD]
 LEFT JOIN [SLOAA_TR_CREDENCIAL] [CRED] ON  [CRED].[ID_CREDENCIAL]=[ORD].[ID_CREDENCIAL]
 LEFT JOIN [SLOAA_TC_AUTORIDAD] [AUTH] ON  [AUTH].[ID_AUTORIDAD]=[CRED].[ID_AUTORIDAD]
 LEFT JOIN [dbo].[SLOAA_TC_STATUS] [STATUS] ON  [ORD].[ID_STATUS]=[STATUS].[ID_STATUS]
  WHERE
  1=1
 ]
[2018-02-06T09:22:51.657] [INFO] ICC - RID:[1517930571638]-[SELECT]-[END]:[OK]
[2018-02-06T09:22:51.658] [INFO] ICC - RID:[1517930571638]-[REQUEST]-[END]:[/getAllOrdenServicio]
[2018-02-06T09:22:51.832] [INFO] ICC - RID:[1517930571832]-[REQUEST]-[START]:[/getAllOrdenServicio]
[2018-02-06T09:22:51.832] [INFO] ICC - RID:[1517930571832]-[SELECT]-[START]
[2018-02-06T09:22:51.832] [DEBUG] DCC - RID:[1517930571832]-[SELECT]-[QUERY]:[SELECT  
	    [ORD].[ID_ORDEN_SERVICIO]
      ,[ORD].[NUM_ORDEN]
      ,[ORD].[FECHA_SOLICITUD]
      ,[ORD].[DOMICILIO]
      ,[ORD].[FIRMA1_USER1]
      ,[ORD].[FIRMA1_USER2]
      ,[ORD].[FIRMA2_USER1]
      ,[ORD].[FIRMA2_USER2]
      ,[ORD].[ID_STATUS]
      ,[ORD].[METAINFO_FECHA_CREACION]
      ,[ORD].[METAINFO_IP]
      ,[ORD].[METAINFO_MAC_ADRR]
      ,[ORD].[LLAVE_SISTEMA]
      ,[ORD].[CIERRE_TOTAL]
	  
	   ,[CRED].[ID_CREDENCIAL]
      ,[CRED].[NOMBRE]
      ,[CRED].[CARGO]
      ,[CRED].[TELEFONO]
      ,[CRED].[EXT]
      ,[CRED].[EMAIL]
      ,[CRED].[PTT]
      ,[CRED].[MOVIL]
      ,[CRED].[USUARIO_NOMBRE]
      ,[CRED].[USUARIO_PASSWORD]
      ,[CRED].[ID_ROL]
      ,[CRED].[ID_CREDENCIAL_SUPERIOR]

	   ,[AUTH].[ID_AUTORIDAD]
      ,[AUTH].[NOMBRE_AUTORIDAD]
      ,[AUTH].[ESTADO]
      ,[AUTH].[NIVEL]
      ,[AUTH].[SERVICIO]
      ,[AUTH].[ID_ZONA] 
             ,[STATUS].[NOMBRE_STATUS]
  FROM 
  [SLOAA_TR_ORDEN_SERVICIO] [ORD]
 LEFT JOIN [SLOAA_TR_CREDENCIAL] [CRED] ON  [CRED].[ID_CREDENCIAL]=[ORD].[ID_CREDENCIAL]
 LEFT JOIN [SLOAA_TC_AUTORIDAD] [AUTH] ON  [AUTH].[ID_AUTORIDAD]=[CRED].[ID_AUTORIDAD]
 LEFT JOIN [dbo].[SLOAA_TC_STATUS] [STATUS] ON  [ORD].[ID_STATUS]=[STATUS].[ID_STATUS]
  WHERE
  1=1
 ]
[2018-02-06T09:22:51.848] [INFO] ICC - RID:[1517930571832]-[SELECT]-[END]:[OK]
[2018-02-06T09:22:51.849] [INFO] ICC - RID:[1517930571832]-[REQUEST]-[END]:[/getAllOrdenServicio]
[2018-02-06T09:22:52.005] [INFO] ICC - RID:[1517930572005]-[REQUEST]-[START]:[/getAllOrdenServicio]
[2018-02-06T09:22:52.005] [INFO] ICC - RID:[1517930572005]-[SELECT]-[START]
[2018-02-06T09:22:52.005] [DEBUG] DCC - RID:[1517930572005]-[SELECT]-[QUERY]:[SELECT  
	    [ORD].[ID_ORDEN_SERVICIO]
      ,[ORD].[NUM_ORDEN]
      ,[ORD].[FECHA_SOLICITUD]
      ,[ORD].[DOMICILIO]
      ,[ORD].[FIRMA1_USER1]
      ,[ORD].[FIRMA1_USER2]
      ,[ORD].[FIRMA2_USER1]
      ,[ORD].[FIRMA2_USER2]
      ,[ORD].[ID_STATUS]
      ,[ORD].[METAINFO_FECHA_CREACION]
      ,[ORD].[METAINFO_IP]
      ,[ORD].[METAINFO_MAC_ADRR]
      ,[ORD].[LLAVE_SISTEMA]
      ,[ORD].[CIERRE_TOTAL]
	  
	   ,[CRED].[ID_CREDENCIAL]
      ,[CRED].[NOMBRE]
      ,[CRED].[CARGO]
      ,[CRED].[TELEFONO]
      ,[CRED].[EXT]
      ,[CRED].[EMAIL]
      ,[CRED].[PTT]
      ,[CRED].[MOVIL]
      ,[CRED].[USUARIO_NOMBRE]
      ,[CRED].[USUARIO_PASSWORD]
      ,[CRED].[ID_ROL]
      ,[CRED].[ID_CREDENCIAL_SUPERIOR]

	   ,[AUTH].[ID_AUTORIDAD]
      ,[AUTH].[NOMBRE_AUTORIDAD]
      ,[AUTH].[ESTADO]
      ,[AUTH].[NIVEL]
      ,[AUTH].[SERVICIO]
      ,[AUTH].[ID_ZONA] 
             ,[STATUS].[NOMBRE_STATUS]
  FROM 
  [SLOAA_TR_ORDEN_SERVICIO] [ORD]
 LEFT JOIN [SLOAA_TR_CREDENCIAL] [CRED] ON  [CRED].[ID_CREDENCIAL]=[ORD].[ID_CREDENCIAL]
 LEFT JOIN [SLOAA_TC_AUTORIDAD] [AUTH] ON  [AUTH].[ID_AUTORIDAD]=[CRED].[ID_AUTORIDAD]
 LEFT JOIN [dbo].[SLOAA_TC_STATUS] [STATUS] ON  [ORD].[ID_STATUS]=[STATUS].[ID_STATUS]
  WHERE
  1=1
 ]
[2018-02-06T09:22:52.026] [INFO] ICC - RID:[1517930572005]-[SELECT]-[END]:[OK]
[2018-02-06T09:22:52.026] [INFO] ICC - RID:[1517930572005]-[REQUEST]-[END]:[/getAllOrdenServicio]
[2018-02-06T09:22:52.174] [INFO] ICC - RID:[1517930572174]-[REQUEST]-[START]:[/getAllOrdenServicio]
[2018-02-06T09:22:52.175] [INFO] ICC - RID:[1517930572174]-[SELECT]-[START]
[2018-02-06T09:22:52.175] [DEBUG] DCC - RID:[1517930572174]-[SELECT]-[QUERY]:[SELECT  
	    [ORD].[ID_ORDEN_SERVICIO]
      ,[ORD].[NUM_ORDEN]
      ,[ORD].[FECHA_SOLICITUD]
      ,[ORD].[DOMICILIO]
      ,[ORD].[FIRMA1_USER1]
      ,[ORD].[FIRMA1_USER2]
      ,[ORD].[FIRMA2_USER1]
      ,[ORD].[FIRMA2_USER2]
      ,[ORD].[ID_STATUS]
      ,[ORD].[METAINFO_FECHA_CREACION]
      ,[ORD].[METAINFO_IP]
      ,[ORD].[METAINFO_MAC_ADRR]
      ,[ORD].[LLAVE_SISTEMA]
      ,[ORD].[CIERRE_TOTAL]
	  
	   ,[CRED].[ID_CREDENCIAL]
      ,[CRED].[NOMBRE]
      ,[CRED].[CARGO]
      ,[CRED].[TELEFONO]
      ,[CRED].[EXT]
      ,[CRED].[EMAIL]
      ,[CRED].[PTT]
      ,[CRED].[MOVIL]
      ,[CRED].[USUARIO_NOMBRE]
      ,[CRED].[USUARIO_PASSWORD]
      ,[CRED].[ID_ROL]
      ,[CRED].[ID_CREDENCIAL_SUPERIOR]

	   ,[AUTH].[ID_AUTORIDAD]
      ,[AUTH].[NOMBRE_AUTORIDAD]
      ,[AUTH].[ESTADO]
      ,[AUTH].[NIVEL]
      ,[AUTH].[SERVICIO]
      ,[AUTH].[ID_ZONA] 
             ,[STATUS].[NOMBRE_STATUS]
  FROM 
  [SLOAA_TR_ORDEN_SERVICIO] [ORD]
 LEFT JOIN [SLOAA_TR_CREDENCIAL] [CRED] ON  [CRED].[ID_CREDENCIAL]=[ORD].[ID_CREDENCIAL]
 LEFT JOIN [SLOAA_TC_AUTORIDAD] [AUTH] ON  [AUTH].[ID_AUTORIDAD]=[CRED].[ID_AUTORIDAD]
 LEFT JOIN [dbo].[SLOAA_TC_STATUS] [STATUS] ON  [ORD].[ID_STATUS]=[STATUS].[ID_STATUS]
  WHERE
  1=1
 ]
[2018-02-06T09:22:52.191] [INFO] ICC - RID:[1517930572174]-[SELECT]-[END]:[OK]
[2018-02-06T09:22:52.191] [INFO] ICC - RID:[1517930572174]-[REQUEST]-[END]:[/getAllOrdenServicio]
[2018-02-06T09:22:52.355] [INFO] ICC - RID:[1517930572355]-[REQUEST]-[START]:[/getAllOrdenServicio]
[2018-02-06T09:22:52.355] [INFO] ICC - RID:[1517930572355]-[SELECT]-[START]
[2018-02-06T09:22:52.355] [DEBUG] DCC - RID:[1517930572355]-[SELECT]-[QUERY]:[SELECT  
	    [ORD].[ID_ORDEN_SERVICIO]
      ,[ORD].[NUM_ORDEN]
      ,[ORD].[FECHA_SOLICITUD]
      ,[ORD].[DOMICILIO]
      ,[ORD].[FIRMA1_USER1]
      ,[ORD].[FIRMA1_USER2]
      ,[ORD].[FIRMA2_USER1]
      ,[ORD].[FIRMA2_USER2]
      ,[ORD].[ID_STATUS]
      ,[ORD].[METAINFO_FECHA_CREACION]
      ,[ORD].[METAINFO_IP]
      ,[ORD].[METAINFO_MAC_ADRR]
      ,[ORD].[LLAVE_SISTEMA]
      ,[ORD].[CIERRE_TOTAL]
	  
	   ,[CRED].[ID_CREDENCIAL]
      ,[CRED].[NOMBRE]
      ,[CRED].[CARGO]
      ,[CRED].[TELEFONO]
      ,[CRED].[EXT]
      ,[CRED].[EMAIL]
      ,[CRED].[PTT]
      ,[CRED].[MOVIL]
      ,[CRED].[USUARIO_NOMBRE]
      ,[CRED].[USUARIO_PASSWORD]
      ,[CRED].[ID_ROL]
      ,[CRED].[ID_CREDENCIAL_SUPERIOR]

	   ,[AUTH].[ID_AUTORIDAD]
      ,[AUTH].[NOMBRE_AUTORIDAD]
      ,[AUTH].[ESTADO]
      ,[AUTH].[NIVEL]
      ,[AUTH].[SERVICIO]
      ,[AUTH].[ID_ZONA] 
             ,[STATUS].[NOMBRE_STATUS]
  FROM 
  [SLOAA_TR_ORDEN_SERVICIO] [ORD]
 LEFT JOIN [SLOAA_TR_CREDENCIAL] [CRED] ON  [CRED].[ID_CREDENCIAL]=[ORD].[ID_CREDENCIAL]
 LEFT JOIN [SLOAA_TC_AUTORIDAD] [AUTH] ON  [AUTH].[ID_AUTORIDAD]=[CRED].[ID_AUTORIDAD]
 LEFT JOIN [dbo].[SLOAA_TC_STATUS] [STATUS] ON  [ORD].[ID_STATUS]=[STATUS].[ID_STATUS]
  WHERE
  1=1
 ]
[2018-02-06T09:22:52.371] [INFO] ICC - RID:[1517930572355]-[SELECT]-[END]:[OK]
[2018-02-06T09:22:52.371] [INFO] ICC - RID:[1517930572355]-[REQUEST]-[END]:[/getAllOrdenServicio]
[2018-02-06T09:22:52.550] [INFO] ICC - RID:[1517930572550]-[REQUEST]-[START]:[/getAllOrdenServicio]
[2018-02-06T09:22:52.550] [INFO] ICC - RID:[1517930572550]-[SELECT]-[START]
[2018-02-06T09:22:52.550] [DEBUG] DCC - RID:[1517930572550]-[SELECT]-[QUERY]:[SELECT  
	    [ORD].[ID_ORDEN_SERVICIO]
      ,[ORD].[NUM_ORDEN]
      ,[ORD].[FECHA_SOLICITUD]
      ,[ORD].[DOMICILIO]
      ,[ORD].[FIRMA1_USER1]
      ,[ORD].[FIRMA1_USER2]
      ,[ORD].[FIRMA2_USER1]
      ,[ORD].[FIRMA2_USER2]
      ,[ORD].[ID_STATUS]
      ,[ORD].[METAINFO_FECHA_CREACION]
      ,[ORD].[METAINFO_IP]
      ,[ORD].[METAINFO_MAC_ADRR]
      ,[ORD].[LLAVE_SISTEMA]
      ,[ORD].[CIERRE_TOTAL]
	  
	   ,[CRED].[ID_CREDENCIAL]
      ,[CRED].[NOMBRE]
      ,[CRED].[CARGO]
      ,[CRED].[TELEFONO]
      ,[CRED].[EXT]
      ,[CRED].[EMAIL]
      ,[CRED].[PTT]
      ,[CRED].[MOVIL]
      ,[CRED].[USUARIO_NOMBRE]
      ,[CRED].[USUARIO_PASSWORD]
      ,[CRED].[ID_ROL]
      ,[CRED].[ID_CREDENCIAL_SUPERIOR]

	   ,[AUTH].[ID_AUTORIDAD]
      ,[AUTH].[NOMBRE_AUTORIDAD]
      ,[AUTH].[ESTADO]
      ,[AUTH].[NIVEL]
      ,[AUTH].[SERVICIO]
      ,[AUTH].[ID_ZONA] 
             ,[STATUS].[NOMBRE_STATUS]
  FROM 
  [SLOAA_TR_ORDEN_SERVICIO] [ORD]
 LEFT JOIN [SLOAA_TR_CREDENCIAL] [CRED] ON  [CRED].[ID_CREDENCIAL]=[ORD].[ID_CREDENCIAL]
 LEFT JOIN [SLOAA_TC_AUTORIDAD] [AUTH] ON  [AUTH].[ID_AUTORIDAD]=[CRED].[ID_AUTORIDAD]
 LEFT JOIN [dbo].[SLOAA_TC_STATUS] [STATUS] ON  [ORD].[ID_STATUS]=[STATUS].[ID_STATUS]
  WHERE
  1=1
 ]
[2018-02-06T09:22:52.567] [INFO] ICC - RID:[1517930572550]-[SELECT]-[END]:[OK]
[2018-02-06T09:22:52.567] [INFO] ICC - RID:[1517930572550]-[REQUEST]-[END]:[/getAllOrdenServicio]
[2018-02-06T09:22:52.733] [INFO] ICC - RID:[1517930572733]-[REQUEST]-[START]:[/getAllOrdenServicio]
[2018-02-06T09:22:52.733] [INFO] ICC - RID:[1517930572733]-[SELECT]-[START]
[2018-02-06T09:22:52.733] [DEBUG] DCC - RID:[1517930572733]-[SELECT]-[QUERY]:[SELECT  
	    [ORD].[ID_ORDEN_SERVICIO]
      ,[ORD].[NUM_ORDEN]
      ,[ORD].[FECHA_SOLICITUD]
      ,[ORD].[DOMICILIO]
      ,[ORD].[FIRMA1_USER1]
      ,[ORD].[FIRMA1_USER2]
      ,[ORD].[FIRMA2_USER1]
      ,[ORD].[FIRMA2_USER2]
      ,[ORD].[ID_STATUS]
      ,[ORD].[METAINFO_FECHA_CREACION]
      ,[ORD].[METAINFO_IP]
      ,[ORD].[METAINFO_MAC_ADRR]
      ,[ORD].[LLAVE_SISTEMA]
      ,[ORD].[CIERRE_TOTAL]
	  
	   ,[CRED].[ID_CREDENCIAL]
      ,[CRED].[NOMBRE]
      ,[CRED].[CARGO]
      ,[CRED].[TELEFONO]
      ,[CRED].[EXT]
      ,[CRED].[EMAIL]
      ,[CRED].[PTT]
      ,[CRED].[MOVIL]
      ,[CRED].[USUARIO_NOMBRE]
      ,[CRED].[USUARIO_PASSWORD]
      ,[CRED].[ID_ROL]
      ,[CRED].[ID_CREDENCIAL_SUPERIOR]

	   ,[AUTH].[ID_AUTORIDAD]
      ,[AUTH].[NOMBRE_AUTORIDAD]
      ,[AUTH].[ESTADO]
      ,[AUTH].[NIVEL]
      ,[AUTH].[SERVICIO]
      ,[AUTH].[ID_ZONA] 
             ,[STATUS].[NOMBRE_STATUS]
  FROM 
  [SLOAA_TR_ORDEN_SERVICIO] [ORD]
 LEFT JOIN [SLOAA_TR_CREDENCIAL] [CRED] ON  [CRED].[ID_CREDENCIAL]=[ORD].[ID_CREDENCIAL]
 LEFT JOIN [SLOAA_TC_AUTORIDAD] [AUTH] ON  [AUTH].[ID_AUTORIDAD]=[CRED].[ID_AUTORIDAD]
 LEFT JOIN [dbo].[SLOAA_TC_STATUS] [STATUS] ON  [ORD].[ID_STATUS]=[STATUS].[ID_STATUS]
  WHERE
  1=1
 ]
[2018-02-06T09:22:52.750] [INFO] ICC - RID:[1517930572733]-[SELECT]-[END]:[OK]
[2018-02-06T09:22:52.750] [INFO] ICC - RID:[1517930572733]-[REQUEST]-[END]:[/getAllOrdenServicio]
[2018-02-06T09:22:56.956] [INFO] ICC - RID:[1517930576955]-[REQUEST]-[START]:[/getAllOrdenServicio]
[2018-02-06T09:22:56.956] [INFO] ICC - RID:[1517930576955]-[SELECT]-[START]
[2018-02-06T09:22:56.956] [DEBUG] DCC - RID:[1517930576955]-[SELECT]-[QUERY]:[SELECT  
	    [ORD].[ID_ORDEN_SERVICIO]
      ,[ORD].[NUM_ORDEN]
      ,[ORD].[FECHA_SOLICITUD]
      ,[ORD].[DOMICILIO]
      ,[ORD].[FIRMA1_USER1]
      ,[ORD].[FIRMA1_USER2]
      ,[ORD].[FIRMA2_USER1]
      ,[ORD].[FIRMA2_USER2]
      ,[ORD].[ID_STATUS]
      ,[ORD].[METAINFO_FECHA_CREACION]
      ,[ORD].[METAINFO_IP]
      ,[ORD].[METAINFO_MAC_ADRR]
      ,[ORD].[LLAVE_SISTEMA]
      ,[ORD].[CIERRE_TOTAL]
	  
	   ,[CRED].[ID_CREDENCIAL]
      ,[CRED].[NOMBRE]
      ,[CRED].[CARGO]
      ,[CRED].[TELEFONO]
      ,[CRED].[EXT]
      ,[CRED].[EMAIL]
      ,[CRED].[PTT]
      ,[CRED].[MOVIL]
      ,[CRED].[USUARIO_NOMBRE]
      ,[CRED].[USUARIO_PASSWORD]
      ,[CRED].[ID_ROL]
      ,[CRED].[ID_CREDENCIAL_SUPERIOR]

	   ,[AUTH].[ID_AUTORIDAD]
      ,[AUTH].[NOMBRE_AUTORIDAD]
      ,[AUTH].[ESTADO]
      ,[AUTH].[NIVEL]
      ,[AUTH].[SERVICIO]
      ,[AUTH].[ID_ZONA] 
             ,[STATUS].[NOMBRE_STATUS]
  FROM 
  [SLOAA_TR_ORDEN_SERVICIO] [ORD]
 LEFT JOIN [SLOAA_TR_CREDENCIAL] [CRED] ON  [CRED].[ID_CREDENCIAL]=[ORD].[ID_CREDENCIAL]
 LEFT JOIN [SLOAA_TC_AUTORIDAD] [AUTH] ON  [AUTH].[ID_AUTORIDAD]=[CRED].[ID_AUTORIDAD]
 LEFT JOIN [dbo].[SLOAA_TC_STATUS] [STATUS] ON  [ORD].[ID_STATUS]=[STATUS].[ID_STATUS]
  WHERE
  1=1
 ]
[2018-02-06T09:22:56.972] [INFO] ICC - RID:[1517930576955]-[SELECT]-[END]:[OK]
[2018-02-06T09:22:56.972] [INFO] ICC - RID:[1517930576955]-[REQUEST]-[END]:[/getAllOrdenServicio]
[2018-02-06T09:22:57.449] [INFO] ICC - RID:[1517930577449]-[REQUEST]-[START]:[/getAllOrdenServicio]
[2018-02-06T09:22:57.450] [INFO] ICC - RID:[1517930577449]-[SELECT]-[START]
[2018-02-06T09:22:57.450] [DEBUG] DCC - RID:[1517930577449]-[SELECT]-[QUERY]:[SELECT  
	    [ORD].[ID_ORDEN_SERVICIO]
      ,[ORD].[NUM_ORDEN]
      ,[ORD].[FECHA_SOLICITUD]
      ,[ORD].[DOMICILIO]
      ,[ORD].[FIRMA1_USER1]
      ,[ORD].[FIRMA1_USER2]
      ,[ORD].[FIRMA2_USER1]
      ,[ORD].[FIRMA2_USER2]
      ,[ORD].[ID_STATUS]
      ,[ORD].[METAINFO_FECHA_CREACION]
      ,[ORD].[METAINFO_IP]
      ,[ORD].[METAINFO_MAC_ADRR]
      ,[ORD].[LLAVE_SISTEMA]
      ,[ORD].[CIERRE_TOTAL]
	  
	   ,[CRED].[ID_CREDENCIAL]
      ,[CRED].[NOMBRE]
      ,[CRED].[CARGO]
      ,[CRED].[TELEFONO]
      ,[CRED].[EXT]
      ,[CRED].[EMAIL]
      ,[CRED].[PTT]
      ,[CRED].[MOVIL]
      ,[CRED].[USUARIO_NOMBRE]
      ,[CRED].[USUARIO_PASSWORD]
      ,[CRED].[ID_ROL]
      ,[CRED].[ID_CREDENCIAL_SUPERIOR]

	   ,[AUTH].[ID_AUTORIDAD]
      ,[AUTH].[NOMBRE_AUTORIDAD]
      ,[AUTH].[ESTADO]
      ,[AUTH].[NIVEL]
      ,[AUTH].[SERVICIO]
      ,[AUTH].[ID_ZONA] 
             ,[STATUS].[NOMBRE_STATUS]
  FROM 
  [SLOAA_TR_ORDEN_SERVICIO] [ORD]
 LEFT JOIN [SLOAA_TR_CREDENCIAL] [CRED] ON  [CRED].[ID_CREDENCIAL]=[ORD].[ID_CREDENCIAL]
 LEFT JOIN [SLOAA_TC_AUTORIDAD] [AUTH] ON  [AUTH].[ID_AUTORIDAD]=[CRED].[ID_AUTORIDAD]
 LEFT JOIN [dbo].[SLOAA_TC_STATUS] [STATUS] ON  [ORD].[ID_STATUS]=[STATUS].[ID_STATUS]
  WHERE
  1=1
 ]
[2018-02-06T09:22:57.465] [INFO] ICC - RID:[1517930577449]-[SELECT]-[END]:[OK]
[2018-02-06T09:22:57.465] [INFO] ICC - RID:[1517930577449]-[REQUEST]-[END]:[/getAllOrdenServicio]
[2018-02-06T09:22:57.641] [INFO] ICC - RID:[1517930577641]-[REQUEST]-[START]:[/getAllOrdenServicio]
[2018-02-06T09:22:57.641] [INFO] ICC - RID:[1517930577641]-[SELECT]-[START]
[2018-02-06T09:22:57.641] [DEBUG] DCC - RID:[1517930577641]-[SELECT]-[QUERY]:[SELECT  
	    [ORD].[ID_ORDEN_SERVICIO]
      ,[ORD].[NUM_ORDEN]
      ,[ORD].[FECHA_SOLICITUD]
      ,[ORD].[DOMICILIO]
      ,[ORD].[FIRMA1_USER1]
      ,[ORD].[FIRMA1_USER2]
      ,[ORD].[FIRMA2_USER1]
      ,[ORD].[FIRMA2_USER2]
      ,[ORD].[ID_STATUS]
      ,[ORD].[METAINFO_FECHA_CREACION]
      ,[ORD].[METAINFO_IP]
      ,[ORD].[METAINFO_MAC_ADRR]
      ,[ORD].[LLAVE_SISTEMA]
      ,[ORD].[CIERRE_TOTAL]
	  
	   ,[CRED].[ID_CREDENCIAL]
      ,[CRED].[NOMBRE]
      ,[CRED].[CARGO]
      ,[CRED].[TELEFONO]
      ,[CRED].[EXT]
      ,[CRED].[EMAIL]
      ,[CRED].[PTT]
      ,[CRED].[MOVIL]
      ,[CRED].[USUARIO_NOMBRE]
      ,[CRED].[USUARIO_PASSWORD]
      ,[CRED].[ID_ROL]
      ,[CRED].[ID_CREDENCIAL_SUPERIOR]

	   ,[AUTH].[ID_AUTORIDAD]
      ,[AUTH].[NOMBRE_AUTORIDAD]
      ,[AUTH].[ESTADO]
      ,[AUTH].[NIVEL]
      ,[AUTH].[SERVICIO]
      ,[AUTH].[ID_ZONA] 
             ,[STATUS].[NOMBRE_STATUS]
  FROM 
  [SLOAA_TR_ORDEN_SERVICIO] [ORD]
 LEFT JOIN [SLOAA_TR_CREDENCIAL] [CRED] ON  [CRED].[ID_CREDENCIAL]=[ORD].[ID_CREDENCIAL]
 LEFT JOIN [SLOAA_TC_AUTORIDAD] [AUTH] ON  [AUTH].[ID_AUTORIDAD]=[CRED].[ID_AUTORIDAD]
 LEFT JOIN [dbo].[SLOAA_TC_STATUS] [STATUS] ON  [ORD].[ID_STATUS]=[STATUS].[ID_STATUS]
  WHERE
  1=1
 ]
[2018-02-06T09:22:57.656] [INFO] ICC - RID:[1517930577641]-[SELECT]-[END]:[OK]
[2018-02-06T09:22:57.656] [INFO] ICC - RID:[1517930577641]-[REQUEST]-[END]:[/getAllOrdenServicio]
[2018-02-06T09:22:57.854] [INFO] ICC - RID:[1517930577854]-[REQUEST]-[START]:[/getAllOrdenServicio]
[2018-02-06T09:22:57.854] [INFO] ICC - RID:[1517930577854]-[SELECT]-[START]
[2018-02-06T09:22:57.854] [DEBUG] DCC - RID:[1517930577854]-[SELECT]-[QUERY]:[SELECT  
	    [ORD].[ID_ORDEN_SERVICIO]
      ,[ORD].[NUM_ORDEN]
      ,[ORD].[FECHA_SOLICITUD]
      ,[ORD].[DOMICILIO]
      ,[ORD].[FIRMA1_USER1]
      ,[ORD].[FIRMA1_USER2]
      ,[ORD].[FIRMA2_USER1]
      ,[ORD].[FIRMA2_USER2]
      ,[ORD].[ID_STATUS]
      ,[ORD].[METAINFO_FECHA_CREACION]
      ,[ORD].[METAINFO_IP]
      ,[ORD].[METAINFO_MAC_ADRR]
      ,[ORD].[LLAVE_SISTEMA]
      ,[ORD].[CIERRE_TOTAL]
	  
	   ,[CRED].[ID_CREDENCIAL]
      ,[CRED].[NOMBRE]
      ,[CRED].[CARGO]
      ,[CRED].[TELEFONO]
      ,[CRED].[EXT]
      ,[CRED].[EMAIL]
      ,[CRED].[PTT]
      ,[CRED].[MOVIL]
      ,[CRED].[USUARIO_NOMBRE]
      ,[CRED].[USUARIO_PASSWORD]
      ,[CRED].[ID_ROL]
      ,[CRED].[ID_CREDENCIAL_SUPERIOR]

	   ,[AUTH].[ID_AUTORIDAD]
      ,[AUTH].[NOMBRE_AUTORIDAD]
      ,[AUTH].[ESTADO]
      ,[AUTH].[NIVEL]
      ,[AUTH].[SERVICIO]
      ,[AUTH].[ID_ZONA] 
             ,[STATUS].[NOMBRE_STATUS]
  FROM 
  [SLOAA_TR_ORDEN_SERVICIO] [ORD]
 LEFT JOIN [SLOAA_TR_CREDENCIAL] [CRED] ON  [CRED].[ID_CREDENCIAL]=[ORD].[ID_CREDENCIAL]
 LEFT JOIN [SLOAA_TC_AUTORIDAD] [AUTH] ON  [AUTH].[ID_AUTORIDAD]=[CRED].[ID_AUTORIDAD]
 LEFT JOIN [dbo].[SLOAA_TC_STATUS] [STATUS] ON  [ORD].[ID_STATUS]=[STATUS].[ID_STATUS]
  WHERE
  1=1
 ]
[2018-02-06T09:22:57.869] [INFO] ICC - RID:[1517930577854]-[SELECT]-[END]:[OK]
[2018-02-06T09:22:57.869] [INFO] ICC - RID:[1517930577854]-[REQUEST]-[END]:[/getAllOrdenServicio]
[2018-02-06T09:22:58.411] [INFO] ICC - RID:[1517930578411]-[REQUEST]-[START]:[/getAllOrdenServicio]
[2018-02-06T09:22:58.411] [INFO] ICC - RID:[1517930578411]-[SELECT]-[START]
[2018-02-06T09:22:58.411] [DEBUG] DCC - RID:[1517930578411]-[SELECT]-[QUERY]:[SELECT  
	    [ORD].[ID_ORDEN_SERVICIO]
      ,[ORD].[NUM_ORDEN]
      ,[ORD].[FECHA_SOLICITUD]
      ,[ORD].[DOMICILIO]
      ,[ORD].[FIRMA1_USER1]
      ,[ORD].[FIRMA1_USER2]
      ,[ORD].[FIRMA2_USER1]
      ,[ORD].[FIRMA2_USER2]
      ,[ORD].[ID_STATUS]
      ,[ORD].[METAINFO_FECHA_CREACION]
      ,[ORD].[METAINFO_IP]
      ,[ORD].[METAINFO_MAC_ADRR]
      ,[ORD].[LLAVE_SISTEMA]
      ,[ORD].[CIERRE_TOTAL]
	  
	   ,[CRED].[ID_CREDENCIAL]
      ,[CRED].[NOMBRE]
      ,[CRED].[CARGO]
      ,[CRED].[TELEFONO]
      ,[CRED].[EXT]
      ,[CRED].[EMAIL]
      ,[CRED].[PTT]
      ,[CRED].[MOVIL]
      ,[CRED].[USUARIO_NOMBRE]
      ,[CRED].[USUARIO_PASSWORD]
      ,[CRED].[ID_ROL]
      ,[CRED].[ID_CREDENCIAL_SUPERIOR]

	   ,[AUTH].[ID_AUTORIDAD]
      ,[AUTH].[NOMBRE_AUTORIDAD]
      ,[AUTH].[ESTADO]
      ,[AUTH].[NIVEL]
      ,[AUTH].[SERVICIO]
      ,[AUTH].[ID_ZONA] 
             ,[STATUS].[NOMBRE_STATUS]
  FROM 
  [SLOAA_TR_ORDEN_SERVICIO] [ORD]
 LEFT JOIN [SLOAA_TR_CREDENCIAL] [CRED] ON  [CRED].[ID_CREDENCIAL]=[ORD].[ID_CREDENCIAL]
 LEFT JOIN [SLOAA_TC_AUTORIDAD] [AUTH] ON  [AUTH].[ID_AUTORIDAD]=[CRED].[ID_AUTORIDAD]
 LEFT JOIN [dbo].[SLOAA_TC_STATUS] [STATUS] ON  [ORD].[ID_STATUS]=[STATUS].[ID_STATUS]
  WHERE
  1=1
 ]
[2018-02-06T09:22:58.431] [INFO] ICC - RID:[1517930578411]-[SELECT]-[END]:[OK]
[2018-02-06T09:22:58.431] [INFO] ICC - RID:[1517930578411]-[REQUEST]-[END]:[/getAllOrdenServicio]
[2018-02-06T09:22:58.623] [INFO] ICC - RID:[1517930578623]-[REQUEST]-[START]:[/getAllOrdenServicio]
[2018-02-06T09:22:58.623] [INFO] ICC - RID:[1517930578623]-[SELECT]-[START]
[2018-02-06T09:22:58.623] [DEBUG] DCC - RID:[1517930578623]-[SELECT]-[QUERY]:[SELECT  
	    [ORD].[ID_ORDEN_SERVICIO]
      ,[ORD].[NUM_ORDEN]
      ,[ORD].[FECHA_SOLICITUD]
      ,[ORD].[DOMICILIO]
      ,[ORD].[FIRMA1_USER1]
      ,[ORD].[FIRMA1_USER2]
      ,[ORD].[FIRMA2_USER1]
      ,[ORD].[FIRMA2_USER2]
      ,[ORD].[ID_STATUS]
      ,[ORD].[METAINFO_FECHA_CREACION]
      ,[ORD].[METAINFO_IP]
      ,[ORD].[METAINFO_MAC_ADRR]
      ,[ORD].[LLAVE_SISTEMA]
      ,[ORD].[CIERRE_TOTAL]
	  
	   ,[CRED].[ID_CREDENCIAL]
      ,[CRED].[NOMBRE]
      ,[CRED].[CARGO]
      ,[CRED].[TELEFONO]
      ,[CRED].[EXT]
      ,[CRED].[EMAIL]
      ,[CRED].[PTT]
      ,[CRED].[MOVIL]
      ,[CRED].[USUARIO_NOMBRE]
      ,[CRED].[USUARIO_PASSWORD]
      ,[CRED].[ID_ROL]
      ,[CRED].[ID_CREDENCIAL_SUPERIOR]

	   ,[AUTH].[ID_AUTORIDAD]
      ,[AUTH].[NOMBRE_AUTORIDAD]
      ,[AUTH].[ESTADO]
      ,[AUTH].[NIVEL]
      ,[AUTH].[SERVICIO]
      ,[AUTH].[ID_ZONA] 
             ,[STATUS].[NOMBRE_STATUS]
  FROM 
  [SLOAA_TR_ORDEN_SERVICIO] [ORD]
 LEFT JOIN [SLOAA_TR_CREDENCIAL] [CRED] ON  [CRED].[ID_CREDENCIAL]=[ORD].[ID_CREDENCIAL]
 LEFT JOIN [SLOAA_TC_AUTORIDAD] [AUTH] ON  [AUTH].[ID_AUTORIDAD]=[CRED].[ID_AUTORIDAD]
 LEFT JOIN [dbo].[SLOAA_TC_STATUS] [STATUS] ON  [ORD].[ID_STATUS]=[STATUS].[ID_STATUS]
  WHERE
  1=1
 ]
[2018-02-06T09:22:58.637] [INFO] ICC - RID:[1517930578623]-[SELECT]-[END]:[OK]
[2018-02-06T09:22:58.637] [INFO] ICC - RID:[1517930578623]-[REQUEST]-[END]:[/getAllOrdenServicio]
[2018-02-06T09:22:58.795] [INFO] ICC - RID:[1517930578795]-[REQUEST]-[START]:[/getAllOrdenServicio]
[2018-02-06T09:22:58.795] [INFO] ICC - RID:[1517930578795]-[SELECT]-[START]
[2018-02-06T09:22:58.795] [DEBUG] DCC - RID:[1517930578795]-[SELECT]-[QUERY]:[SELECT  
	    [ORD].[ID_ORDEN_SERVICIO]
      ,[ORD].[NUM_ORDEN]
      ,[ORD].[FECHA_SOLICITUD]
      ,[ORD].[DOMICILIO]
      ,[ORD].[FIRMA1_USER1]
      ,[ORD].[FIRMA1_USER2]
      ,[ORD].[FIRMA2_USER1]
      ,[ORD].[FIRMA2_USER2]
      ,[ORD].[ID_STATUS]
      ,[ORD].[METAINFO_FECHA_CREACION]
      ,[ORD].[METAINFO_IP]
      ,[ORD].[METAINFO_MAC_ADRR]
      ,[ORD].[LLAVE_SISTEMA]
      ,[ORD].[CIERRE_TOTAL]
	  
	   ,[CRED].[ID_CREDENCIAL]
      ,[CRED].[NOMBRE]
      ,[CRED].[CARGO]
      ,[CRED].[TELEFONO]
      ,[CRED].[EXT]
      ,[CRED].[EMAIL]
      ,[CRED].[PTT]
      ,[CRED].[MOVIL]
      ,[CRED].[USUARIO_NOMBRE]
      ,[CRED].[USUARIO_PASSWORD]
      ,[CRED].[ID_ROL]
      ,[CRED].[ID_CREDENCIAL_SUPERIOR]

	   ,[AUTH].[ID_AUTORIDAD]
      ,[AUTH].[NOMBRE_AUTORIDAD]
      ,[AUTH].[ESTADO]
      ,[AUTH].[NIVEL]
      ,[AUTH].[SERVICIO]
      ,[AUTH].[ID_ZONA] 
             ,[STATUS].[NOMBRE_STATUS]
  FROM 
  [SLOAA_TR_ORDEN_SERVICIO] [ORD]
 LEFT JOIN [SLOAA_TR_CREDENCIAL] [CRED] ON  [CRED].[ID_CREDENCIAL]=[ORD].[ID_CREDENCIAL]
 LEFT JOIN [SLOAA_TC_AUTORIDAD] [AUTH] ON  [AUTH].[ID_AUTORIDAD]=[CRED].[ID_AUTORIDAD]
 LEFT JOIN [dbo].[SLOAA_TC_STATUS] [STATUS] ON  [ORD].[ID_STATUS]=[STATUS].[ID_STATUS]
  WHERE
  1=1
 ]
[2018-02-06T09:22:58.811] [INFO] ICC - RID:[1517930578795]-[SELECT]-[END]:[OK]
[2018-02-06T09:22:58.812] [INFO] ICC - RID:[1517930578795]-[REQUEST]-[END]:[/getAllOrdenServicio]
[2018-02-06T09:23:48.465] [INFO] ICC - RID:[1517930628465]-[REQUEST]-[START]:[/getAllOrdenServicio]
[2018-02-06T09:23:48.466] [INFO] ICC - RID:[1517930628465]-[SELECT]-[START]
[2018-02-06T09:23:48.466] [DEBUG] DCC - RID:[1517930628465]-[SELECT]-[QUERY]:[SELECT  
	    [ORD].[ID_ORDEN_SERVICIO]
      ,[ORD].[NUM_ORDEN]
      ,[ORD].[FECHA_SOLICITUD]
      ,[ORD].[DOMICILIO]
      ,[ORD].[FIRMA1_USER1]
      ,[ORD].[FIRMA1_USER2]
      ,[ORD].[FIRMA2_USER1]
      ,[ORD].[FIRMA2_USER2]
      ,[ORD].[ID_STATUS]
      ,[ORD].[METAINFO_FECHA_CREACION]
      ,[ORD].[METAINFO_IP]
      ,[ORD].[METAINFO_MAC_ADRR]
      ,[ORD].[LLAVE_SISTEMA]
      ,[ORD].[CIERRE_TOTAL]
	  
	   ,[CRED].[ID_CREDENCIAL]
      ,[CRED].[NOMBRE]
      ,[CRED].[CARGO]
      ,[CRED].[TELEFONO]
      ,[CRED].[EXT]
      ,[CRED].[EMAIL]
      ,[CRED].[PTT]
      ,[CRED].[MOVIL]
      ,[CRED].[USUARIO_NOMBRE]
      ,[CRED].[USUARIO_PASSWORD]
      ,[CRED].[ID_ROL]
      ,[CRED].[ID_CREDENCIAL_SUPERIOR]

	   ,[AUTH].[ID_AUTORIDAD]
      ,[AUTH].[NOMBRE_AUTORIDAD]
      ,[AUTH].[ESTADO]
      ,[AUTH].[NIVEL]
      ,[AUTH].[SERVICIO]
      ,[AUTH].[ID_ZONA] 
             ,[STATUS].[NOMBRE_STATUS]
  FROM 
  [SLOAA_TR_ORDEN_SERVICIO] [ORD]
 LEFT JOIN [SLOAA_TR_CREDENCIAL] [CRED] ON  [CRED].[ID_CREDENCIAL]=[ORD].[ID_CREDENCIAL]
 LEFT JOIN [SLOAA_TC_AUTORIDAD] [AUTH] ON  [AUTH].[ID_AUTORIDAD]=[CRED].[ID_AUTORIDAD]
 LEFT JOIN [dbo].[SLOAA_TC_STATUS] [STATUS] ON  [ORD].[ID_STATUS]=[STATUS].[ID_STATUS]
  WHERE
  1=1
 ]
[2018-02-06T09:23:48.483] [INFO] ICC - RID:[1517930628465]-[SELECT]-[END]:[OK]
[2018-02-06T09:23:48.483] [INFO] ICC - RID:[1517930628465]-[REQUEST]-[END]:[/getAllOrdenServicio]
[2018-02-06T09:24:50.931] [INFO] ICC - RID:[1517930690931]-[REQUEST]-[START]:[/createOrdenServicio]
[2018-02-06T09:24:50.931] [INFO] ICC - RID:[1517930690931]-[SELECT]-[START]
[2018-02-06T09:24:50.932] [DEBUG] DCC - RID:[1517930690931]-[SELECT]-[QUERY]:[SELECT [ID_AUTORIDAD]
      ,[NOMBRE_AUTORIDAD]
      ,[ESTADO]
      ,[NIVEL]
      ,[SERVICIO]
      ,[ID_ZONA]
  FROM [SOA_db].[dbo].[SLOAA_TC_AUTORIDAD]
  WHERE  [ID_AUTORIDAD]=103]
[2018-02-06T09:24:50.943] [INFO] ICC - RID:[1517930690931]-[SELECT]-[END]:[OK]
[2018-02-06T09:24:50.943] [INFO] ICC - RID:[1517930690931]-[SELECT]-[START]
[2018-02-06T09:24:50.943] [DEBUG] DCC - RID:[1517930690931]-[SELECT]-[QUERY]:[SELECT
	CASE
	WHEN  MAX([ORD].[NUM_ORDEN]) IS NULL THEN 1
	ELSE MAX([ORD].[NUM_ORDEN])+1
	END  NEW_ORDEN
      
  FROM [dbo].[SLOAA_TR_ORDEN_SERVICIO] [ORD]
  LEFT JOIN [dbo].[SLOAA_TR_CREDENCIAL] [CRED] ON [ORD].[ID_CREDENCIAL]=[CRED].[ID_CREDENCIAL]
  WHERE
  1=1
	AND YEAR([ORD].[METAINFO_FECHA_CREACION])= YEAR(GetDate()) 
	AND [CRED].[ID_AUTORIDAD]=103]
[2018-02-06T09:24:50.961] [INFO] ICC - RID:[1517930690931]-[SELECT]-[END]:[OK]
[2018-02-06T09:24:50.962] [INFO] ICC - RID:[1517930690931]-[FREE-DML]-[START]
[2018-02-06T09:24:50.962] [DEBUG] DCC - RID:[1517930690931]-[FREE-DML]-[DML]:[INSERT INTO [dbo].[SLOAA_TR_ORDEN_SERVICIO]
  (
		
       [ORD].[NUM_ORDEN]
      ,[ORD].[FECHA_SOLICITUD]
      ,[ORD].[ID_CREDENCIAL]
      ,[ORD].[DOMICILIO]
      ,[ORD].[ID_STATUS]
      ,[ORD].[METAINFO_FECHA_CREACION]
      ,[ORD].[METAINFO_IP]
      ,[ORD].[METAINFO_MAC_ADRR]
      ,[ORD].[LLAVE_SISTEMA]
	  )
	  VALUES
	  (
	    41,
		'2018-02-06T15:24:00.000Z',
		1,
		'test',
		1,
		'2018-02-06T15:24:50.931Z',
		'::1',
		' ????????',
		'TNRS-Ciudad de México -AORS 6 Ciudad de México -2018-41'
	  )]
[2018-02-06T09:24:50.979] [INFO] ICC - RID:[1517930690931]-[FREE-DML]-[END]:[OK]
[2018-02-06T09:24:50.980] [INFO] ICC - RID:[1517930690931]-[SELECT]-[START]
[2018-02-06T09:24:50.980] [DEBUG] DCC - RID:[1517930690931]-[SELECT]-[QUERY]:[SELECT 
       [ID_ORDEN_SERVICIO]
      ,[NUM_ORDEN]
      ,[FECHA_SOLICITUD]
      ,[ID_CREDENCIAL]
      ,[DOMICILIO]
      ,[FIRMA1_USER1]
      ,[FIRMA1_USER2]
      ,[FIRMA2_USER1]
      ,[FIRMA2_USER2]
      ,[ID_STATUS]
      ,[METAINFO_FECHA_CREACION]
      ,[METAINFO_IP]
      ,[METAINFO_MAC_ADRR]
      ,[LLAVE_SISTEMA]
  FROM [SOA_db].[dbo].[SLOAA_TR_ORDEN_SERVICIO]
  WHERE [METAINFO_FECHA_CREACION]='2018-02-06T15:24:50.931Z']
[2018-02-06T09:24:50.992] [INFO] ICC - RID:[1517930690931]-[SELECT]-[END]:[OK]
[2018-02-06T09:24:50.992] [INFO] ICC - RID:[1517930690931]-[REQUEST]-[END]:[/createOrdenServicio]
[2018-02-06T09:24:51.334] [INFO] ICC - RID:[1517930691334]-[REQUEST]-[START]:[/getAllCotizacionXOrden]
[2018-02-06T09:24:51.334] [DEBUG] DCC - {"missing":[{"requiredFieldName":"idOrdenServicio","requiredFieldType":"string"}]}
[2018-02-06T09:24:51.334] [ERROR] ECC - RID:[1517930691334]-[REQUEST]-[ERROR]:[Input parameter problem.]:[/getAllCotizacionXOrden]
[2018-02-06T09:24:52.231] [INFO] ICC - RID:[1517930692231]-[REQUEST]-[START]:[/getAllOrdenServicio]
[2018-02-06T09:24:52.231] [INFO] ICC - RID:[1517930692231]-[SELECT]-[START]
[2018-02-06T09:24:52.231] [DEBUG] DCC - RID:[1517930692231]-[SELECT]-[QUERY]:[SELECT  
	    [ORD].[ID_ORDEN_SERVICIO]
      ,[ORD].[NUM_ORDEN]
      ,[ORD].[FECHA_SOLICITUD]
      ,[ORD].[DOMICILIO]
      ,[ORD].[FIRMA1_USER1]
      ,[ORD].[FIRMA1_USER2]
      ,[ORD].[FIRMA2_USER1]
      ,[ORD].[FIRMA2_USER2]
      ,[ORD].[ID_STATUS]
      ,[ORD].[METAINFO_FECHA_CREACION]
      ,[ORD].[METAINFO_IP]
      ,[ORD].[METAINFO_MAC_ADRR]
      ,[ORD].[LLAVE_SISTEMA]
      ,[ORD].[CIERRE_TOTAL]
	  
	   ,[CRED].[ID_CREDENCIAL]
      ,[CRED].[NOMBRE]
      ,[CRED].[CARGO]
      ,[CRED].[TELEFONO]
      ,[CRED].[EXT]
      ,[CRED].[EMAIL]
      ,[CRED].[PTT]
      ,[CRED].[MOVIL]
      ,[CRED].[USUARIO_NOMBRE]
      ,[CRED].[USUARIO_PASSWORD]
      ,[CRED].[ID_ROL]
      ,[CRED].[ID_CREDENCIAL_SUPERIOR]

	   ,[AUTH].[ID_AUTORIDAD]
      ,[AUTH].[NOMBRE_AUTORIDAD]
      ,[AUTH].[ESTADO]
      ,[AUTH].[NIVEL]
      ,[AUTH].[SERVICIO]
      ,[AUTH].[ID_ZONA] 
             ,[STATUS].[NOMBRE_STATUS]
  FROM 
  [SLOAA_TR_ORDEN_SERVICIO] [ORD]
 LEFT JOIN [SLOAA_TR_CREDENCIAL] [CRED] ON  [CRED].[ID_CREDENCIAL]=[ORD].[ID_CREDENCIAL]
 LEFT JOIN [SLOAA_TC_AUTORIDAD] [AUTH] ON  [AUTH].[ID_AUTORIDAD]=[CRED].[ID_AUTORIDAD]
 LEFT JOIN [dbo].[SLOAA_TC_STATUS] [STATUS] ON  [ORD].[ID_STATUS]=[STATUS].[ID_STATUS]
  WHERE
  1=1
 ]
[2018-02-06T09:24:52.245] [INFO] ICC - RID:[1517930692231]-[SELECT]-[END]:[OK]
[2018-02-06T09:24:52.245] [INFO] ICC - RID:[1517930692231]-[REQUEST]-[END]:[/getAllOrdenServicio]
[2018-02-06T09:24:55.601] [INFO] ICC - RID:[1517930695601]-[REQUEST]-[START]:[/getAllCotizacionXOrden]
[2018-02-06T09:24:55.602] [INFO] ICC - RID:[1517930695601]-[SELECT]-[START]
[2018-02-06T09:24:55.602] [DEBUG] DCC - RID:[1517930695601]-[SELECT]-[QUERY]:[ SELECT [COT].* FROM [dbo].[SLOAA_TR_SERVICIO_COTIZACION] [COT]
 WHERE [COT].[ID_ORDEN_SERVICIO]=230]
[2018-02-06T09:24:55.617] [INFO] ICC - RID:[1517930695601]-[SELECT]-[END]:[OK]
[2018-02-06T09:24:55.617] [INFO] ICC - RID:[1517930695601]-[REQUEST]-[END]:[/getAllCotizacionXOrden]
[2018-02-06T09:24:57.724] [INFO] ICC - RID:[1517930697724]-[REQUEST]-[START]:[/getAllTipoServicio]
[2018-02-06T09:24:57.725] [INFO] ICC - RID:[1517930697724]-[SELECT]-[START]
[2018-02-06T09:24:57.725] [DEBUG] DCC - RID:[1517930697724]-[SELECT]-[QUERY]:[SELECT 
 DISTINCT([SEL].[ID_TIPO_SERVICIO]),
		  [SEL].[TIPO]
 FROM  (
		SELECT [PSXS].[ID_PRESTADOR_SERVICIO]
			  ,[PSXS].[ID_ZONA]
			  ,[PSXS].[ID_SUBZONA]
			  ,[PSXS].[ID_TIPO_SERVICIO]
			  ,[TS].[TIPO]
			  ,[PSXS].[ID_SERVICIO]
		  FROM [SLOAA_TC_PRESTADOR_SERVICIOS_X_SERVICIO] [PSXS]
		  LEFT JOIN [SLOAA_TC_TIPO_SERVICIO] [TS] ON [PSXS].[ID_TIPO_SERVICIO]=[TS].[ID_TIPO_SERVICIO]
		  WHERE 
		  1=1
		  AND [PSXS].[ID_ZONA]=3
  )[SEL] ]
[2018-02-06T09:24:57.764] [INFO] ICC - RID:[1517930697724]-[SELECT]-[END]:[OK]
[2018-02-06T09:24:57.764] [INFO] ICC - RID:[1517930697724]-[REQUEST]-[END]:[/getAllTipoServicio]
[2018-02-06T09:24:59.424] [INFO] ICC - RID:[1517930699424]-[REQUEST]-[START]:[/getAllSubZona]
[2018-02-06T09:24:59.424] [INFO] ICC - RID:[1517930699424]-[SELECT]-[START]
[2018-02-06T09:24:59.424] [DEBUG] DCC - RID:[1517930699424]-[SELECT]-[QUERY]:[SELECT [ID_SUBZONA],[SUBZONA] FROM [SLOAA_TC_SUBZONA] WHERE 1=1 AND [ID_ZONA]=3]
[2018-02-06T09:24:59.438] [INFO] ICC - RID:[1517930699424]-[SELECT]-[END]:[OK]
[2018-02-06T09:24:59.438] [INFO] ICC - RID:[1517930699424]-[REQUEST]-[END]:[/getAllSubZona]
[2018-02-06T09:24:59.910] [INFO] ICC - RID:[1517930699910]-[REQUEST]-[START]:[/getAllServicios]
[2018-02-06T09:24:59.911] [INFO] ICC - RID:[1517930699910]-[SELECT]-[START]
[2018-02-06T09:24:59.911] [DEBUG] DCC - RID:[1517930699910]-[SELECT]-[QUERY]:[SELECT 
 DISTINCT([SEL].[ID_SERVICIO]),
		  [SEL].[NOMBRE_SERVICIO]
 FROM  (
		SELECT [PSXS].[ID_PRESTADOR_SERVICIO]
			  ,[PSXS].[ID_ZONA]
			  ,[PSXS].[ID_SUBZONA]
			  ,[PSXS].[ID_TIPO_SERVICIO]
			  ,[PSXS].[ID_SERVICIO]
			  ,[SERV].[NOMBRE_SERVICIO]
		  FROM [SLOAA_TC_PRESTADOR_SERVICIOS_X_SERVICIO] [PSXS]
		  LEFT JOIN [SLOAA_TC_SERVICIO] [SERV] ON [PSXS].[ID_SERVICIO]=[SERV].[ID_SERVICIO]
		  WHERE 
		  1=1
		  AND [PSXS].[ID_ZONA]=3
		  AND [PSXS].[ID_SUBZONA]=1
		  AND [PSXS].[ID_TIPO_SERVICIO]=1
  )[SEL]]
[2018-02-06T09:24:59.933] [INFO] ICC - RID:[1517930699910]-[SELECT]-[END]:[OK]
[2018-02-06T09:24:59.933] [INFO] ICC - RID:[1517930699910]-[REQUEST]-[END]:[/getAllServicios]
[2018-02-06T09:25:00.303] [INFO] ICC - RID:[1517930700303]-[REQUEST]-[START]:[/getAllProvedores]
[2018-02-06T09:25:00.304] [INFO] ICC - RID:[1517930700303]-[SELECT]-[START]
[2018-02-06T09:25:00.304] [DEBUG] DCC - RID:[1517930700303]-[SELECT]-[QUERY]:[SELECT 
 DISTINCT([SEL].[ID_PRESTADOR_SERVICIO]),
		  [SEL].[NOMBRE]
 FROM  (
		SELECT [PSXS].[ID_PRESTADOR_SERVICIO]
			  ,[PSXS].[ID_ZONA]
			  ,[PSXS].[ID_SUBZONA]
			  ,[PSXS].[ID_TIPO_SERVICIO]
			  ,[PSXS].[ID_SERVICIO]
			  ,[PS].[NOMBRE]
			  ,[PS].[CORREO_ELECTRONICO]
		  FROM [SLOAA_TC_PRESTADOR_SERVICIOS_X_SERVICIO] [PSXS]
		  LEFT JOIN [SLOAA_TC_PRESTADOR_SERVICIOS] [PS] ON [PSXS].[ID_PRESTADOR_SERVICIO]=[PS].[ID_PRESTADOR_SERVICIO]
		  WHERE 
		  1=1
		  AND [PSXS].[ID_ZONA]=3
		  AND [PSXS].[ID_SUBZONA]=1
		  AND [PSXS].[ID_TIPO_SERVICIO]=1
		  AND [PSXS].[ID_SERVICIO]=1001
  )[SEL]]
[2018-02-06T09:25:00.323] [INFO] ICC - RID:[1517930700303]-[SELECT]-[END]:[OK]
[2018-02-06T09:25:00.323] [INFO] ICC - RID:[1517930700303]-[REQUEST]-[END]:[/getAllProvedores]
[2018-02-06T09:25:00.759] [INFO] ICC - RID:[1517930700759]-[REQUEST]-[START]:[/getUnidadYPrecioUnitarioXServicio]
[2018-02-06T09:25:00.760] [INFO] ICC - RID:[1517930700759]-[SELECT]-[START]
[2018-02-06T09:25:00.760] [DEBUG] DCC - RID:[1517930700759]-[SELECT]-[QUERY]:[SELECT [QRY].*,
	  [UNI].[UNIDAD]
	   FROM
(
  SELECT 
      DISTINCT([PU].[ID_UNIDAD]),
	  [PU].[PRECIO_UNITARIO]
  FROM [dbo].[SLOAA_TR_PRECIO_UNITARIO] [PU]
  WHERE 1=1 
  AND [PU].[ID_TIPO_SERVICIO]=1
  AND  [PU].[ID_SERVICIO]=1001
)[QRY]
LEFT JOIN [dbo].[SLOAA_TC_UNIDAD] [UNI] ON [QRY].[ID_UNIDAD]=[UNI].[ID_UNIDAD]]
[2018-02-06T09:25:00.790] [INFO] ICC - RID:[1517930700759]-[SELECT]-[END]:[OK]
[2018-02-06T09:25:00.790] [INFO] ICC - RID:[1517930700759]-[REQUEST]-[END]:[/getUnidadYPrecioUnitarioXServicio]
[2018-02-06T09:25:02.333] [INFO] ICC - RID:[1517930702333]-[REQUEST]-[START]:[/addCotizacion]
[2018-02-06T09:25:02.333] [INFO] ICC - RID:[1517930702333]-[FREE-DML]-[START]
[2018-02-06T09:25:02.333] [DEBUG] DCC - RID:[1517930702333]-[FREE-DML]-[DML]:[ INSERT INTO [dbo].[SLOAA_TR_SERVICIO_COTIZACION]
           (
            [ID_ORDEN_SERVICIO]
           ,[ID_TIPO_SERVICIO]
           ,[ID_SERVICIO]
           ,[ID_UNIDAD]
		   
		   
           ,[PRECIO_UNITARIO]
           ,[CANTIDAD]
           ,[COTIZACION]
		   
           ,[DEDUCCION_CANTIDAD]
           ,[DEDUCCION_TIEMPO]
           ,[CANCELACION]
           ,[DEDUCCION]
           ,[DEDUCCION_JUSTIFICACION]
           ,[PRECIO_SERVICIO_FINAL]
           ,[VALIDA_DISPONIBILIDAD]
           ,[ID_ZONA]
           ,[ID_SUBZONA]
           ,[ID_PRESTADOR_SERVICIO]
		   )
     VALUES
           (
		   230 
		   , 1 
		   , 1001 
		   , 1 
		   
		   , 1 
		   , 1 
		   , 1 
		   
		   
		   
		   , 0 
		   , 0 
		   , 0 
		   , 0 
		   , '' 
		   , 0 
		   , 0 
		   , 3
		   , 1
		   , 1
		   )]
[2018-02-06T09:25:02.379] [INFO] ICC - RID:[1517930702333]-[FREE-DML]-[END]:[OK]
[2018-02-06T09:25:02.379] [INFO] ICC - RID:[1517930702333]-[REQUEST]-[END]:[/addCotizacion]
[2018-02-06T09:25:02.389] [INFO] ICC - RID:[1517930702389]-[REQUEST]-[START]:[/getAllCotizacionXOrden]
[2018-02-06T09:25:02.390] [INFO] ICC - RID:[1517930702389]-[SELECT]-[START]
[2018-02-06T09:25:02.390] [DEBUG] DCC - RID:[1517930702389]-[SELECT]-[QUERY]:[ SELECT [COT].* FROM [dbo].[SLOAA_TR_SERVICIO_COTIZACION] [COT]
 WHERE [COT].[ID_ORDEN_SERVICIO]=230]
[2018-02-06T09:25:02.402] [INFO] ICC - RID:[1517930702389]-[SELECT]-[END]:[OK]
[2018-02-06T09:25:02.403] [INFO] ICC - RID:[1517930702389]-[REQUEST]-[END]:[/getAllCotizacionXOrden]
[2018-02-06T09:25:03.970] [INFO] ICC - RID:[1517930703970]-[REQUEST]-[START]:[/setStatusOrdenServicio]
[2018-02-06T09:25:03.971] [INFO] ICC - RID:[1517930703970]-[FREE-DML]-[START]
[2018-02-06T09:25:03.971] [DEBUG] DCC - RID:[1517930703970]-[FREE-DML]-[DML]:[ UPDATE [dbo].[SLOAA_TR_ORDEN_SERVICIO] SET
            [ID_STATUS]='2'
WHERE [ID_ORDEN_SERVICIO]=230]
[2018-02-06T09:25:03.985] [INFO] ICC - RID:[1517930703970]-[FREE-DML]-[END]:[OK]
[2018-02-06T09:25:03.985] [INFO] ICC - RID:[1517930703970]-[REQUEST]-[END]:[/setStatusOrdenServicio]
[2018-02-06T09:25:04.340] [INFO] ICC - RID:[1517930704340]-[REQUEST]-[START]:[/getAllOrdenServicio]
[2018-02-06T09:25:04.340] [INFO] ICC - RID:[1517930704340]-[SELECT]-[START]
[2018-02-06T09:25:04.340] [DEBUG] DCC - RID:[1517930704340]-[SELECT]-[QUERY]:[SELECT  
[ORD].[FIRMA1_USERNAME1],[ORD].[FIRMA1_USERNAME2],[ORD].[FIRMA2_USERNAME1],[ORD].[FIRMA2_USERNAME2]  FROM 
  [SLOAA_TR_ORDEN_SERVICIO] [ORD]
 LEFT JOIN [SLOAA_TR_CREDENCIAL] [CRED] ON  [CRED].[ID_CREDENCIAL]=[ORD].[ID_CREDENCIAL]
 LEFT JOIN [SLOAA_TC_AUTORIDAD] [AUTH] ON  [AUTH].[ID_AUTORIDAD]=[CRED].[ID_AUTORIDAD]
  WHERE
  1=1 AND [ORD].[ID_ORDEN_SERVICIO]=230   AND  [AUTH].[ID_AUTORIDAD]=1
    AND  ([CRED].[ID_CREDENCIAL]=1   OR  [CRED].[ID_CREDENCIAL_SUPERIOR]=1    )
 ]
[2018-02-06T09:25:04.356] [INFO] ICC - RID:[1517930704340]-[SELECT]-[END]:[OK]
[2018-02-06T09:25:04.356] [INFO] ICC - RID:[1517930704340]-[REQUEST]-[END]:[/getAllOrdenServicio]
[2018-02-06T09:25:05.717] [INFO] ICC - RID:[1517930705717]-[REQUEST]-[START]:[/getAllOrdenServicio]
[2018-02-06T09:25:05.717] [INFO] ICC - RID:[1517930705717]-[SELECT]-[START]
[2018-02-06T09:25:05.717] [DEBUG] DCC - RID:[1517930705717]-[SELECT]-[QUERY]:[SELECT  
	    [ORD].[ID_ORDEN_SERVICIO]
      ,[ORD].[NUM_ORDEN]
      ,[ORD].[FECHA_SOLICITUD]
      ,[ORD].[DOMICILIO]
      ,[ORD].[FIRMA1_USER1]
      ,[ORD].[FIRMA1_USER2]
      ,[ORD].[FIRMA2_USER1]
      ,[ORD].[FIRMA2_USER2]
      ,[ORD].[ID_STATUS]
      ,[ORD].[METAINFO_FECHA_CREACION]
      ,[ORD].[METAINFO_IP]
      ,[ORD].[METAINFO_MAC_ADRR]
      ,[ORD].[LLAVE_SISTEMA]
      ,[ORD].[CIERRE_TOTAL]
	  
	   ,[CRED].[ID_CREDENCIAL]
      ,[CRED].[NOMBRE]
      ,[CRED].[CARGO]
      ,[CRED].[TELEFONO]
      ,[CRED].[EXT]
      ,[CRED].[EMAIL]
      ,[CRED].[PTT]
      ,[CRED].[MOVIL]
      ,[CRED].[USUARIO_NOMBRE]
      ,[CRED].[USUARIO_PASSWORD]
      ,[CRED].[ID_ROL]
      ,[CRED].[ID_CREDENCIAL_SUPERIOR]

	   ,[AUTH].[ID_AUTORIDAD]
      ,[AUTH].[NOMBRE_AUTORIDAD]
      ,[AUTH].[ESTADO]
      ,[AUTH].[NIVEL]
      ,[AUTH].[SERVICIO]
      ,[AUTH].[ID_ZONA] 
             ,[STATUS].[NOMBRE_STATUS]
  FROM 
  [SLOAA_TR_ORDEN_SERVICIO] [ORD]
 LEFT JOIN [SLOAA_TR_CREDENCIAL] [CRED] ON  [CRED].[ID_CREDENCIAL]=[ORD].[ID_CREDENCIAL]
 LEFT JOIN [SLOAA_TC_AUTORIDAD] [AUTH] ON  [AUTH].[ID_AUTORIDAD]=[CRED].[ID_AUTORIDAD]
 LEFT JOIN [dbo].[SLOAA_TC_STATUS] [STATUS] ON  [ORD].[ID_STATUS]=[STATUS].[ID_STATUS]
  WHERE
  1=1
 ]
[2018-02-06T09:25:05.732] [INFO] ICC - RID:[1517930705717]-[SELECT]-[END]:[OK]
[2018-02-06T09:25:05.732] [INFO] ICC - RID:[1517930705717]-[REQUEST]-[END]:[/getAllOrdenServicio]
[2018-02-06T09:25:08.591] [INFO] ICC - RID:[1517930708591]-[REQUEST]-[START]:[/getAllCotizacionXOrden]
[2018-02-06T09:25:08.591] [INFO] ICC - RID:[1517930708591]-[SELECT]-[START]
[2018-02-06T09:25:08.591] [DEBUG] DCC - RID:[1517930708591]-[SELECT]-[QUERY]:[ SELECT [COT].* FROM [dbo].[SLOAA_TR_SERVICIO_COTIZACION] [COT]
 WHERE [COT].[ID_ORDEN_SERVICIO]=230]
[2018-02-06T09:25:08.606] [INFO] ICC - RID:[1517930708591]-[SELECT]-[END]:[OK]
[2018-02-06T09:25:08.606] [INFO] ICC - RID:[1517930708591]-[REQUEST]-[END]:[/getAllCotizacionXOrden]
[2018-02-06T09:27:14.120] [INFO] ICC - RID:[1517930834120]-[REQUEST]-[START]:[/getAllOrdenServicio]
[2018-02-06T09:27:14.121] [INFO] ICC - RID:[1517930834120]-[SELECT]-[START]
[2018-02-06T09:27:14.121] [DEBUG] DCC - RID:[1517930834120]-[SELECT]-[QUERY]:[SELECT  
	    [ORD].[ID_ORDEN_SERVICIO]
      ,[ORD].[NUM_ORDEN]
      ,[ORD].[FECHA_SOLICITUD]
      ,[ORD].[DOMICILIO]
      ,[ORD].[FIRMA1_USER1]
      ,[ORD].[FIRMA1_USER2]
      ,[ORD].[FIRMA2_USER1]
      ,[ORD].[FIRMA2_USER2]
      ,[ORD].[ID_STATUS]
      ,[ORD].[METAINFO_FECHA_CREACION]
      ,[ORD].[METAINFO_IP]
      ,[ORD].[METAINFO_MAC_ADRR]
      ,[ORD].[LLAVE_SISTEMA]
      ,[ORD].[CIERRE_TOTAL]
	  
	   ,[CRED].[ID_CREDENCIAL]
      ,[CRED].[NOMBRE]
      ,[CRED].[CARGO]
      ,[CRED].[TELEFONO]
      ,[CRED].[EXT]
      ,[CRED].[EMAIL]
      ,[CRED].[PTT]
      ,[CRED].[MOVIL]
      ,[CRED].[USUARIO_NOMBRE]
      ,[CRED].[USUARIO_PASSWORD]
      ,[CRED].[ID_ROL]
      ,[CRED].[ID_CREDENCIAL_SUPERIOR]

	   ,[AUTH].[ID_AUTORIDAD]
      ,[AUTH].[NOMBRE_AUTORIDAD]
      ,[AUTH].[ESTADO]
      ,[AUTH].[NIVEL]
      ,[AUTH].[SERVICIO]
      ,[AUTH].[ID_ZONA] 
             ,[STATUS].[NOMBRE_STATUS]
  FROM 
  [SLOAA_TR_ORDEN_SERVICIO] [ORD]
 LEFT JOIN [SLOAA_TR_CREDENCIAL] [CRED] ON  [CRED].[ID_CREDENCIAL]=[ORD].[ID_CREDENCIAL]
 LEFT JOIN [SLOAA_TC_AUTORIDAD] [AUTH] ON  [AUTH].[ID_AUTORIDAD]=[CRED].[ID_AUTORIDAD]
 LEFT JOIN [dbo].[SLOAA_TC_STATUS] [STATUS] ON  [ORD].[ID_STATUS]=[STATUS].[ID_STATUS]
  WHERE
  1=1
 ]
[2018-02-06T09:27:14.139] [INFO] ICC - RID:[1517930834120]-[SELECT]-[END]:[OK]
[2018-02-06T09:27:14.139] [INFO] ICC - RID:[1517930834120]-[REQUEST]-[END]:[/getAllOrdenServicio]
[2018-02-06T09:27:36.574] [INFO] ICC - RID:[1517930856574]-[REQUEST]-[START]:[/getAllCotizacionXOrden]
[2018-02-06T09:27:36.574] [INFO] ICC - RID:[1517930856574]-[SELECT]-[START]
[2018-02-06T09:27:36.574] [DEBUG] DCC - RID:[1517930856574]-[SELECT]-[QUERY]:[ SELECT [COT].* FROM [dbo].[SLOAA_TR_SERVICIO_COTIZACION] [COT]
 WHERE [COT].[ID_ORDEN_SERVICIO]=230]
[2018-02-06T09:27:36.588] [INFO] ICC - RID:[1517930856574]-[SELECT]-[END]:[OK]
[2018-02-06T09:27:36.588] [INFO] ICC - RID:[1517930856574]-[REQUEST]-[END]:[/getAllCotizacionXOrden]
[2018-02-06T09:29:04.773] [INFO] ICC - RID:[1517930944773]-[REQUEST]-[START]:[/getAllCotizacionXOrden]
[2018-02-06T09:29:04.774] [INFO] ICC - RID:[1517930944773]-[SELECT]-[START]
[2018-02-06T09:29:04.774] [DEBUG] DCC - RID:[1517930944773]-[SELECT]-[QUERY]:[ SELECT [COT].* FROM [dbo].[SLOAA_TR_SERVICIO_COTIZACION] [COT]
 WHERE [COT].[ID_ORDEN_SERVICIO]=230]
[2018-02-06T09:29:04.789] [INFO] ICC - RID:[1517930944773]-[SELECT]-[END]:[OK]
[2018-02-06T09:29:04.789] [INFO] ICC - RID:[1517930944773]-[REQUEST]-[END]:[/getAllCotizacionXOrden]
[2018-02-06T09:29:06.142] [INFO] ICC - RID:[1517930946142]-[REQUEST]-[START]:[/getAllOrdenServicio]
[2018-02-06T09:29:06.142] [INFO] ICC - RID:[1517930946142]-[SELECT]-[START]
[2018-02-06T09:29:06.142] [DEBUG] DCC - RID:[1517930946142]-[SELECT]-[QUERY]:[SELECT  
	    [ORD].[ID_ORDEN_SERVICIO]
      ,[ORD].[NUM_ORDEN]
      ,[ORD].[FECHA_SOLICITUD]
      ,[ORD].[DOMICILIO]
      ,[ORD].[FIRMA1_USER1]
      ,[ORD].[FIRMA1_USER2]
      ,[ORD].[FIRMA2_USER1]
      ,[ORD].[FIRMA2_USER2]
      ,[ORD].[ID_STATUS]
      ,[ORD].[METAINFO_FECHA_CREACION]
      ,[ORD].[METAINFO_IP]
      ,[ORD].[METAINFO_MAC_ADRR]
      ,[ORD].[LLAVE_SISTEMA]
      ,[ORD].[CIERRE_TOTAL]
	  
	   ,[CRED].[ID_CREDENCIAL]
      ,[CRED].[NOMBRE]
      ,[CRED].[CARGO]
      ,[CRED].[TELEFONO]
      ,[CRED].[EXT]
      ,[CRED].[EMAIL]
      ,[CRED].[PTT]
      ,[CRED].[MOVIL]
      ,[CRED].[USUARIO_NOMBRE]
      ,[CRED].[USUARIO_PASSWORD]
      ,[CRED].[ID_ROL]
      ,[CRED].[ID_CREDENCIAL_SUPERIOR]

	   ,[AUTH].[ID_AUTORIDAD]
      ,[AUTH].[NOMBRE_AUTORIDAD]
      ,[AUTH].[ESTADO]
      ,[AUTH].[NIVEL]
      ,[AUTH].[SERVICIO]
      ,[AUTH].[ID_ZONA] 
             ,[STATUS].[NOMBRE_STATUS]
  FROM 
  [SLOAA_TR_ORDEN_SERVICIO] [ORD]
 LEFT JOIN [SLOAA_TR_CREDENCIAL] [CRED] ON  [CRED].[ID_CREDENCIAL]=[ORD].[ID_CREDENCIAL]
 LEFT JOIN [SLOAA_TC_AUTORIDAD] [AUTH] ON  [AUTH].[ID_AUTORIDAD]=[CRED].[ID_AUTORIDAD]
 LEFT JOIN [dbo].[SLOAA_TC_STATUS] [STATUS] ON  [ORD].[ID_STATUS]=[STATUS].[ID_STATUS]
  WHERE
  1=1
 ]
[2018-02-06T09:29:06.157] [INFO] ICC - RID:[1517930946142]-[SELECT]-[END]:[OK]
[2018-02-06T09:29:06.157] [INFO] ICC - RID:[1517930946142]-[REQUEST]-[END]:[/getAllOrdenServicio]
[2018-02-06T09:29:54.153] [INFO] ICC - RID:[1517930994153]-[REQUEST]-[START]:[/getAllCotizacionXOrden]
[2018-02-06T09:29:54.153] [INFO] ICC - RID:[1517930994153]-[SELECT]-[START]
[2018-02-06T09:29:54.153] [DEBUG] DCC - RID:[1517930994153]-[SELECT]-[QUERY]:[ SELECT [COT].* FROM [dbo].[SLOAA_TR_SERVICIO_COTIZACION] [COT]
 WHERE [COT].[ID_ORDEN_SERVICIO]=230]
[2018-02-06T09:29:54.170] [INFO] ICC - RID:[1517930994153]-[SELECT]-[END]:[OK]
[2018-02-06T09:29:54.170] [INFO] ICC - RID:[1517930994153]-[REQUEST]-[END]:[/getAllCotizacionXOrden]
[2018-02-06T09:29:56.858] [INFO] ICC - RID:[1517930996858]-[REQUEST]-[START]:[/getAllOrdenServicio]
[2018-02-06T09:29:56.858] [INFO] ICC - RID:[1517930996858]-[SELECT]-[START]
[2018-02-06T09:29:56.858] [DEBUG] DCC - RID:[1517930996858]-[SELECT]-[QUERY]:[SELECT  
[ORD].[FIRMA1_USERNAME1],[ORD].[FIRMA1_USERNAME2],[ORD].[FIRMA2_USERNAME1],[ORD].[FIRMA2_USERNAME2]  FROM 
  [SLOAA_TR_ORDEN_SERVICIO] [ORD]
 LEFT JOIN [SLOAA_TR_CREDENCIAL] [CRED] ON  [CRED].[ID_CREDENCIAL]=[ORD].[ID_CREDENCIAL]
 LEFT JOIN [SLOAA_TC_AUTORIDAD] [AUTH] ON  [AUTH].[ID_AUTORIDAD]=[CRED].[ID_AUTORIDAD]
  WHERE
  1=1 AND [ORD].[ID_ORDEN_SERVICIO]=230   AND  [AUTH].[ID_AUTORIDAD]=1
    AND  ([CRED].[ID_CREDENCIAL]=1   OR  [CRED].[ID_CREDENCIAL_SUPERIOR]=1    )
 ]
[2018-02-06T09:29:56.874] [INFO] ICC - RID:[1517930996858]-[SELECT]-[END]:[OK]
[2018-02-06T09:29:56.874] [INFO] ICC - RID:[1517930996858]-[REQUEST]-[END]:[/getAllOrdenServicio]
[2018-02-06T09:30:06.478] [INFO] ICC - RID:[1517931006478]-[REQUEST]-[START]:[/firma1OrdenServicioGenerador]
[2018-02-06T09:30:06.478] [INFO] ICC - RID:[1517931006478]-[FREE-DML]-[START]
[2018-02-06T09:30:06.478] [DEBUG] DCC - RID:[1517931006478]-[FREE-DML]-[DML]:[ UPDATE [dbo].[SLOAA_TR_ORDEN_SERVICIO] SET
            [FIRMA1_USER1]='j4oE9r6FLNxyAQfx7eBjbQfuS0YUy1xNhzo0Zj2wi5Xxt/VA8w1AZtp3o5YGfWVSFVSouBQ8bu55wMYhjGeDv8ix4in/cAN7B0CrGODCHXSDZNkj4oTK1is1lWUcZMPIAwKdyw2QYAo2gnerpnVGzuPKWCnT6bfj0YlikI61wXDx7ds3Kk00FtsVWVfJskvlmOJ6MhAamxRn0RDhnV4jduDgNfSpgdCOm2nNuG/mHnL+hTwo/HDP263iRepVEedTHMNkssfXqCUeSsStfI/pQisifme/D06VS3g6QNwrRDn2L0qG9Fm4GBS6b7wGdbJehGdhpwdOeML5iGpLS6aI9w=='
            ,[FIRMA1_USERNAME1]='carlos.palacios'
WHERE [ID_ORDEN_SERVICIO]=230]
[2018-02-06T09:30:06.495] [INFO] ICC - RID:[1517931006478]-[FREE-DML]-[END]:[OK]
[2018-02-06T09:30:06.496] [INFO] ICC - RID:[1517931006478]-[REQUEST]-[END]:[/firma1OrdenServicioGenerador]
[2018-02-06T09:30:06.525] [INFO] ICC - RID:[1517931006525]-[REQUEST]-[START]:[/getAllOrdenServicio]
[2018-02-06T09:30:06.525] [INFO] ICC - RID:[1517931006525]-[SELECT]-[START]
[2018-02-06T09:30:06.525] [DEBUG] DCC - RID:[1517931006525]-[SELECT]-[QUERY]:[SELECT  
[ORD].[FIRMA1_USERNAME1],[ORD].[FIRMA1_USERNAME2],[ORD].[FIRMA2_USERNAME1],[ORD].[FIRMA2_USERNAME2]  FROM 
  [SLOAA_TR_ORDEN_SERVICIO] [ORD]
 LEFT JOIN [SLOAA_TR_CREDENCIAL] [CRED] ON  [CRED].[ID_CREDENCIAL]=[ORD].[ID_CREDENCIAL]
 LEFT JOIN [SLOAA_TC_AUTORIDAD] [AUTH] ON  [AUTH].[ID_AUTORIDAD]=[CRED].[ID_AUTORIDAD]
  WHERE
  1=1 AND [ORD].[ID_ORDEN_SERVICIO]=230]
[2018-02-06T09:30:06.542] [INFO] ICC - RID:[1517931006525]-[SELECT]-[END]:[OK]
[2018-02-06T09:30:06.542] [INFO] ICC - RID:[1517931006525]-[REQUEST]-[END]:[/getAllOrdenServicio]
[2018-02-06T09:30:12.410] [INFO] ICC - RID:[1517931012410]-[REQUEST]-[START]:[/firma1OrdenServicioSupervisor]
[2018-02-06T09:30:12.411] [INFO] ICC - RID:[1517931012410]-[FREE-DML]-[START]
[2018-02-06T09:30:12.411] [DEBUG] DCC - RID:[1517931012410]-[FREE-DML]-[DML]:[ UPDATE [dbo].[SLOAA_TR_ORDEN_SERVICIO] SET
            [FIRMA1_USER2]='j4oE9r6FLNxyAQfx7eBjbQfuS0YUy1xNhzo0Zj2wi5Xxt/VA8w1AZtp3o5YGfWVSFVSouBQ8bu55wMYhjGeDv8ix4in/cAN7B0CrGODCHXSDZNkj4oTK1is1lWUcZMPIAwKdyw2QYAo2gnerpnVGzuPKWCnT6bfj0YlikI61wXDx7ds3Kk00FtsVWVfJskvlmOJ6MhAamxRn0RDhnV4jduDgNfSpgdCOm2nNuG/mHnL+hTwo/HDP263iRepVEedTHMNkssfXqCUeSsStfI/pQisifme/D06VS3g6QNwrRDn2L0qG9Fm4GBS6b7wGdbJehGdhpwdOeML5iGpLS6aI9w=='
            ,[FIRMA1_USERNAME2]='carlos.palacios'
WHERE [ID_ORDEN_SERVICIO]=230]
[2018-02-06T09:30:12.428] [INFO] ICC - RID:[1517931012410]-[FREE-DML]-[END]:[OK]
[2018-02-06T09:30:12.428] [INFO] ICC - RID:[1517931012410]-[REQUEST]-[END]:[/firma1OrdenServicioSupervisor]
[2018-02-06T09:30:12.475] [INFO] ICC - RID:[1517931012475]-[REQUEST]-[START]:[/getAllOrdenServicio]
[2018-02-06T09:30:12.475] [INFO] ICC - RID:[1517931012475]-[SELECT]-[START]
[2018-02-06T09:30:12.475] [DEBUG] DCC - RID:[1517931012475]-[SELECT]-[QUERY]:[SELECT  
[ORD].[FIRMA1_USERNAME1],[ORD].[FIRMA1_USERNAME2],[ORD].[FIRMA2_USERNAME1],[ORD].[FIRMA2_USERNAME2]  FROM 
  [SLOAA_TR_ORDEN_SERVICIO] [ORD]
 LEFT JOIN [SLOAA_TR_CREDENCIAL] [CRED] ON  [CRED].[ID_CREDENCIAL]=[ORD].[ID_CREDENCIAL]
 LEFT JOIN [SLOAA_TC_AUTORIDAD] [AUTH] ON  [AUTH].[ID_AUTORIDAD]=[CRED].[ID_AUTORIDAD]
  WHERE
  1=1 AND [ORD].[ID_ORDEN_SERVICIO]=230]
[2018-02-06T09:30:12.488] [INFO] ICC - RID:[1517931012475]-[SELECT]-[END]:[OK]
[2018-02-06T09:30:12.488] [INFO] ICC - RID:[1517931012475]-[REQUEST]-[END]:[/getAllOrdenServicio]
[2018-02-06T09:30:13.934] [INFO] ICC - RID:[1517931013934]-[REQUEST]-[START]:[/setStatusOrdenServicio]
[2018-02-06T09:30:13.934] [INFO] ICC - RID:[1517931013934]-[FREE-DML]-[START]
[2018-02-06T09:30:13.934] [DEBUG] DCC - RID:[1517931013934]-[FREE-DML]-[DML]:[ UPDATE [dbo].[SLOAA_TR_ORDEN_SERVICIO] SET
            [ID_STATUS]='3'
WHERE [ID_ORDEN_SERVICIO]=230]
[2018-02-06T09:30:13.946] [INFO] ICC - RID:[1517931013934]-[FREE-DML]-[END]:[OK]
[2018-02-06T09:30:13.947] [INFO] ICC - RID:[1517931013934]-[REQUEST]-[END]:[/setStatusOrdenServicio]
[2018-02-06T09:30:14.307] [INFO] ICC - RID:[1517931014307]-[REQUEST]-[START]:[/getAllCotizacionXOrden]
[2018-02-06T09:30:14.307] [INFO] ICC - RID:[1517931014307]-[SELECT]-[START]
[2018-02-06T09:30:14.307] [DEBUG] DCC - RID:[1517931014307]-[SELECT]-[QUERY]:[ SELECT [COT].* FROM [dbo].[SLOAA_TR_SERVICIO_COTIZACION] [COT]
 WHERE [COT].[ID_ORDEN_SERVICIO]=230]
[2018-02-06T09:30:14.322] [INFO] ICC - RID:[1517931014307]-[SELECT]-[END]:[OK]
[2018-02-06T09:30:14.323] [INFO] ICC - RID:[1517931014307]-[REQUEST]-[END]:[/getAllCotizacionXOrden]
[2018-02-06T09:30:16.356] [INFO] ICC - RID:[1517931016355]-[REQUEST]-[START]:[/getAllOrdenServicio]
[2018-02-06T09:30:16.356] [INFO] ICC - RID:[1517931016355]-[SELECT]-[START]
[2018-02-06T09:30:16.356] [DEBUG] DCC - RID:[1517931016355]-[SELECT]-[QUERY]:[SELECT  
[ORD].[FIRMA1_USERNAME1],[ORD].[FIRMA1_USERNAME2],[ORD].[FIRMA2_USERNAME1],[ORD].[FIRMA2_USERNAME2]  FROM 
  [SLOAA_TR_ORDEN_SERVICIO] [ORD]
 LEFT JOIN [SLOAA_TR_CREDENCIAL] [CRED] ON  [CRED].[ID_CREDENCIAL]=[ORD].[ID_CREDENCIAL]
 LEFT JOIN [SLOAA_TC_AUTORIDAD] [AUTH] ON  [AUTH].[ID_AUTORIDAD]=[CRED].[ID_AUTORIDAD]
  WHERE
  1=1 AND [ORD].[ID_ORDEN_SERVICIO]=230   AND  [AUTH].[ID_AUTORIDAD]=1
    AND  ([CRED].[ID_CREDENCIAL]=1   OR  [CRED].[ID_CREDENCIAL_SUPERIOR]=1    )
 ]
[2018-02-06T09:30:16.372] [INFO] ICC - RID:[1517931016355]-[SELECT]-[END]:[OK]
[2018-02-06T09:30:16.372] [INFO] ICC - RID:[1517931016355]-[REQUEST]-[END]:[/getAllOrdenServicio]
[2018-02-06T09:30:17.215] [INFO] ICC - RID:[1517931017215]-[REQUEST]-[START]:[/getAllOrdenServicio]
[2018-02-06T09:30:17.215] [INFO] ICC - RID:[1517931017215]-[SELECT]-[START]
[2018-02-06T09:30:17.215] [DEBUG] DCC - RID:[1517931017215]-[SELECT]-[QUERY]:[SELECT  
	    [ORD].[ID_ORDEN_SERVICIO]
      ,[ORD].[NUM_ORDEN]
      ,[ORD].[FECHA_SOLICITUD]
      ,[ORD].[DOMICILIO]
      ,[ORD].[FIRMA1_USER1]
      ,[ORD].[FIRMA1_USER2]
      ,[ORD].[FIRMA2_USER1]
      ,[ORD].[FIRMA2_USER2]
      ,[ORD].[ID_STATUS]
      ,[ORD].[METAINFO_FECHA_CREACION]
      ,[ORD].[METAINFO_IP]
      ,[ORD].[METAINFO_MAC_ADRR]
      ,[ORD].[LLAVE_SISTEMA]
      ,[ORD].[CIERRE_TOTAL]
	  
	   ,[CRED].[ID_CREDENCIAL]
      ,[CRED].[NOMBRE]
      ,[CRED].[CARGO]
      ,[CRED].[TELEFONO]
      ,[CRED].[EXT]
      ,[CRED].[EMAIL]
      ,[CRED].[PTT]
      ,[CRED].[MOVIL]
      ,[CRED].[USUARIO_NOMBRE]
      ,[CRED].[USUARIO_PASSWORD]
      ,[CRED].[ID_ROL]
      ,[CRED].[ID_CREDENCIAL_SUPERIOR]

	   ,[AUTH].[ID_AUTORIDAD]
      ,[AUTH].[NOMBRE_AUTORIDAD]
      ,[AUTH].[ESTADO]
      ,[AUTH].[NIVEL]
      ,[AUTH].[SERVICIO]
      ,[AUTH].[ID_ZONA] 
             ,[STATUS].[NOMBRE_STATUS]
  FROM 
  [SLOAA_TR_ORDEN_SERVICIO] [ORD]
 LEFT JOIN [SLOAA_TR_CREDENCIAL] [CRED] ON  [CRED].[ID_CREDENCIAL]=[ORD].[ID_CREDENCIAL]
 LEFT JOIN [SLOAA_TC_AUTORIDAD] [AUTH] ON  [AUTH].[ID_AUTORIDAD]=[CRED].[ID_AUTORIDAD]
 LEFT JOIN [dbo].[SLOAA_TC_STATUS] [STATUS] ON  [ORD].[ID_STATUS]=[STATUS].[ID_STATUS]
  WHERE
  1=1
 ]
[2018-02-06T09:30:17.229] [INFO] ICC - RID:[1517931017215]-[SELECT]-[END]:[OK]
[2018-02-06T09:30:17.229] [INFO] ICC - RID:[1517931017215]-[REQUEST]-[END]:[/getAllOrdenServicio]
[2018-02-06T09:30:20.802] [INFO] ICC - RID:[1517931020802]-[REQUEST]-[START]:[/getAllOrdenServicio]
[2018-02-06T09:30:20.802] [INFO] ICC - RID:[1517931020802]-[SELECT]-[START]
[2018-02-06T09:30:20.802] [DEBUG] DCC - RID:[1517931020802]-[SELECT]-[QUERY]:[SELECT  
[ORD].[FIRMA1_USERNAME1],[ORD].[FIRMA1_USERNAME2],[ORD].[FIRMA2_USERNAME1],[ORD].[FIRMA2_USERNAME2]  FROM 
  [SLOAA_TR_ORDEN_SERVICIO] [ORD]
 LEFT JOIN [SLOAA_TR_CREDENCIAL] [CRED] ON  [CRED].[ID_CREDENCIAL]=[ORD].[ID_CREDENCIAL]
 LEFT JOIN [SLOAA_TC_AUTORIDAD] [AUTH] ON  [AUTH].[ID_AUTORIDAD]=[CRED].[ID_AUTORIDAD]
  WHERE
  1=1 AND [ORD].[ID_ORDEN_SERVICIO]=230   AND  [AUTH].[ID_AUTORIDAD]=1
    AND  ([CRED].[ID_CREDENCIAL]=1   OR  [CRED].[ID_CREDENCIAL_SUPERIOR]=1    )
 ]
[2018-02-06T09:30:20.813] [INFO] ICC - RID:[1517931020802]-[SELECT]-[END]:[OK]
[2018-02-06T09:30:20.813] [INFO] ICC - RID:[1517931020802]-[REQUEST]-[END]:[/getAllOrdenServicio]
