[2018-02-06T09:22:48.516] [INFO] ICC - RID:[1517930568516]-[REQUEST]-[START]:[/getAllOrdenServicio]
[2018-02-06T09:22:48.518] [INFO] ICC - RID:[1517930568516]-[SELECT]-[START]
[2018-02-06T09:22:48.542] [INFO] ICC - RID:[1517930568516]-[SELECT]-[END]:[OK]
[2018-02-06T09:22:48.543] [INFO] ICC - RID:[1517930568516]-[REQUEST]-[END]:[/getAllOrdenServicio]
[2018-02-06T09:22:50.599] [INFO] ICC - RID:[1517930570599]-[REQUEST]-[START]:[/getAllOrdenServicio]
[2018-02-06T09:22:50.599] [INFO] ICC - RID:[1517930570599]-[SELECT]-[START]
[2018-02-06T09:22:50.616] [INFO] ICC - RID:[1517930570599]-[SELECT]-[END]:[OK]
[2018-02-06T09:22:50.617] [INFO] ICC - RID:[1517930570599]-[REQUEST]-[END]:[/getAllOrdenServicio]
[2018-02-06T09:22:51.085] [INFO] ICC - RID:[1517930571085]-[REQUEST]-[START]:[/getAllOrdenServicio]
[2018-02-06T09:22:51.085] [INFO] ICC - RID:[1517930571085]-[SELECT]-[START]
[2018-02-06T09:22:51.101] [INFO] ICC - RID:[1517930571085]-[SELECT]-[END]:[OK]
[2018-02-06T09:22:51.102] [INFO] ICC - RID:[1517930571085]-[REQUEST]-[END]:[/getAllOrdenServicio]
[2018-02-06T09:22:51.398] [INFO] ICC - RID:[1517930571398]-[REQUEST]-[START]:[/getAllOrdenServicio]
[2018-02-06T09:22:51.398] [INFO] ICC - RID:[1517930571398]-[SELECT]-[START]
[2018-02-06T09:22:51.416] [INFO] ICC - RID:[1517930571398]-[SELECT]-[END]:[OK]
[2018-02-06T09:22:51.416] [INFO] ICC - RID:[1517930571398]-[REQUEST]-[END]:[/getAllOrdenServicio]
[2018-02-06T09:22:51.638] [INFO] ICC - RID:[1517930571638]-[REQUEST]-[START]:[/getAllOrdenServicio]
[2018-02-06T09:22:51.638] [INFO] ICC - RID:[1517930571638]-[SELECT]-[START]
[2018-02-06T09:22:51.657] [INFO] ICC - RID:[1517930571638]-[SELECT]-[END]:[OK]
[2018-02-06T09:22:51.658] [INFO] ICC - RID:[1517930571638]-[REQUEST]-[END]:[/getAllOrdenServicio]
[2018-02-06T09:22:51.832] [INFO] ICC - RID:[1517930571832]-[REQUEST]-[START]:[/getAllOrdenServicio]
[2018-02-06T09:22:51.832] [INFO] ICC - RID:[1517930571832]-[SELECT]-[START]
[2018-02-06T09:22:51.848] [INFO] ICC - RID:[1517930571832]-[SELECT]-[END]:[OK]
[2018-02-06T09:22:51.849] [INFO] ICC - RID:[1517930571832]-[REQUEST]-[END]:[/getAllOrdenServicio]
[2018-02-06T09:22:52.005] [INFO] ICC - RID:[1517930572005]-[REQUEST]-[START]:[/getAllOrdenServicio]
[2018-02-06T09:22:52.005] [INFO] ICC - RID:[1517930572005]-[SELECT]-[START]
[2018-02-06T09:22:52.026] [INFO] ICC - RID:[1517930572005]-[SELECT]-[END]:[OK]
[2018-02-06T09:22:52.026] [INFO] ICC - RID:[1517930572005]-[REQUEST]-[END]:[/getAllOrdenServicio]
[2018-02-06T09:22:52.174] [INFO] ICC - RID:[1517930572174]-[REQUEST]-[START]:[/getAllOrdenServicio]
[2018-02-06T09:22:52.175] [INFO] ICC - RID:[1517930572174]-[SELECT]-[START]
[2018-02-06T09:22:52.191] [INFO] ICC - RID:[1517930572174]-[SELECT]-[END]:[OK]
[2018-02-06T09:22:52.191] [INFO] ICC - RID:[1517930572174]-[REQUEST]-[END]:[/getAllOrdenServicio]
[2018-02-06T09:22:52.355] [INFO] ICC - RID:[1517930572355]-[REQUEST]-[START]:[/getAllOrdenServicio]
[2018-02-06T09:22:52.355] [INFO] ICC - RID:[1517930572355]-[SELECT]-[START]
[2018-02-06T09:22:52.371] [INFO] ICC - RID:[1517930572355]-[SELECT]-[END]:[OK]
[2018-02-06T09:22:52.371] [INFO] ICC - RID:[1517930572355]-[REQUEST]-[END]:[/getAllOrdenServicio]
[2018-02-06T09:22:52.550] [INFO] ICC - RID:[1517930572550]-[REQUEST]-[START]:[/getAllOrdenServicio]
[2018-02-06T09:22:52.550] [INFO] ICC - RID:[1517930572550]-[SELECT]-[START]
[2018-02-06T09:22:52.567] [INFO] ICC - RID:[1517930572550]-[SELECT]-[END]:[OK]
[2018-02-06T09:22:52.567] [INFO] ICC - RID:[1517930572550]-[REQUEST]-[END]:[/getAllOrdenServicio]
[2018-02-06T09:22:52.733] [INFO] ICC - RID:[1517930572733]-[REQUEST]-[START]:[/getAllOrdenServicio]
[2018-02-06T09:22:52.733] [INFO] ICC - RID:[1517930572733]-[SELECT]-[START]
[2018-02-06T09:22:52.750] [INFO] ICC - RID:[1517930572733]-[SELECT]-[END]:[OK]
[2018-02-06T09:22:52.750] [INFO] ICC - RID:[1517930572733]-[REQUEST]-[END]:[/getAllOrdenServicio]
[2018-02-06T09:22:56.956] [INFO] ICC - RID:[1517930576955]-[REQUEST]-[START]:[/getAllOrdenServicio]
[2018-02-06T09:22:56.956] [INFO] ICC - RID:[1517930576955]-[SELECT]-[START]
[2018-02-06T09:22:56.972] [INFO] ICC - RID:[1517930576955]-[SELECT]-[END]:[OK]
[2018-02-06T09:22:56.972] [INFO] ICC - RID:[1517930576955]-[REQUEST]-[END]:[/getAllOrdenServicio]
[2018-02-06T09:22:57.449] [INFO] ICC - RID:[1517930577449]-[REQUEST]-[START]:[/getAllOrdenServicio]
[2018-02-06T09:22:57.450] [INFO] ICC - RID:[1517930577449]-[SELECT]-[START]
[2018-02-06T09:22:57.465] [INFO] ICC - RID:[1517930577449]-[SELECT]-[END]:[OK]
[2018-02-06T09:22:57.465] [INFO] ICC - RID:[1517930577449]-[REQUEST]-[END]:[/getAllOrdenServicio]
[2018-02-06T09:22:57.641] [INFO] ICC - RID:[1517930577641]-[REQUEST]-[START]:[/getAllOrdenServicio]
[2018-02-06T09:22:57.641] [INFO] ICC - RID:[1517930577641]-[SELECT]-[START]
[2018-02-06T09:22:57.656] [INFO] ICC - RID:[1517930577641]-[SELECT]-[END]:[OK]
[2018-02-06T09:22:57.656] [INFO] ICC - RID:[1517930577641]-[REQUEST]-[END]:[/getAllOrdenServicio]
[2018-02-06T09:22:57.854] [INFO] ICC - RID:[1517930577854]-[REQUEST]-[START]:[/getAllOrdenServicio]
[2018-02-06T09:22:57.854] [INFO] ICC - RID:[1517930577854]-[SELECT]-[START]
[2018-02-06T09:22:57.869] [INFO] ICC - RID:[1517930577854]-[SELECT]-[END]:[OK]
[2018-02-06T09:22:57.869] [INFO] ICC - RID:[1517930577854]-[REQUEST]-[END]:[/getAllOrdenServicio]
[2018-02-06T09:22:58.411] [INFO] ICC - RID:[1517930578411]-[REQUEST]-[START]:[/getAllOrdenServicio]
[2018-02-06T09:22:58.411] [INFO] ICC - RID:[1517930578411]-[SELECT]-[START]
[2018-02-06T09:22:58.431] [INFO] ICC - RID:[1517930578411]-[SELECT]-[END]:[OK]
[2018-02-06T09:22:58.431] [INFO] ICC - RID:[1517930578411]-[REQUEST]-[END]:[/getAllOrdenServicio]
[2018-02-06T09:22:58.623] [INFO] ICC - RID:[1517930578623]-[REQUEST]-[START]:[/getAllOrdenServicio]
[2018-02-06T09:22:58.623] [INFO] ICC - RID:[1517930578623]-[SELECT]-[START]
[2018-02-06T09:22:58.637] [INFO] ICC - RID:[1517930578623]-[SELECT]-[END]:[OK]
[2018-02-06T09:22:58.637] [INFO] ICC - RID:[1517930578623]-[REQUEST]-[END]:[/getAllOrdenServicio]
[2018-02-06T09:22:58.795] [INFO] ICC - RID:[1517930578795]-[REQUEST]-[START]:[/getAllOrdenServicio]
[2018-02-06T09:22:58.795] [INFO] ICC - RID:[1517930578795]-[SELECT]-[START]
[2018-02-06T09:22:58.811] [INFO] ICC - RID:[1517930578795]-[SELECT]-[END]:[OK]
[2018-02-06T09:22:58.812] [INFO] ICC - RID:[1517930578795]-[REQUEST]-[END]:[/getAllOrdenServicio]
[2018-02-06T09:23:48.465] [INFO] ICC - RID:[1517930628465]-[REQUEST]-[START]:[/getAllOrdenServicio]
[2018-02-06T09:23:48.466] [INFO] ICC - RID:[1517930628465]-[SELECT]-[START]
[2018-02-06T09:23:48.483] [INFO] ICC - RID:[1517930628465]-[SELECT]-[END]:[OK]
[2018-02-06T09:23:48.483] [INFO] ICC - RID:[1517930628465]-[REQUEST]-[END]:[/getAllOrdenServicio]
[2018-02-06T09:24:50.931] [INFO] ICC - RID:[1517930690931]-[REQUEST]-[START]:[/createOrdenServicio]
[2018-02-06T09:24:50.931] [INFO] ICC - RID:[1517930690931]-[SELECT]-[START]
[2018-02-06T09:24:50.943] [INFO] ICC - RID:[1517930690931]-[SELECT]-[END]:[OK]
[2018-02-06T09:24:50.943] [INFO] ICC - RID:[1517930690931]-[SELECT]-[START]
[2018-02-06T09:24:50.961] [INFO] ICC - RID:[1517930690931]-[SELECT]-[END]:[OK]
[2018-02-06T09:24:50.962] [INFO] ICC - RID:[1517930690931]-[FREE-DML]-[START]
[2018-02-06T09:24:50.979] [INFO] ICC - RID:[1517930690931]-[FREE-DML]-[END]:[OK]
[2018-02-06T09:24:50.980] [INFO] ICC - RID:[1517930690931]-[SELECT]-[START]
[2018-02-06T09:24:50.992] [INFO] ICC - RID:[1517930690931]-[SELECT]-[END]:[OK]
[2018-02-06T09:24:50.992] [INFO] ICC - RID:[1517930690931]-[REQUEST]-[END]:[/createOrdenServicio]
[2018-02-06T09:24:51.334] [INFO] ICC - RID:[1517930691334]-[REQUEST]-[START]:[/getAllCotizacionXOrden]
[2018-02-06T09:24:51.334] [ERROR] ECC - RID:[1517930691334]-[REQUEST]-[ERROR]:[Input parameter problem.]:[/getAllCotizacionXOrden]
[2018-02-06T09:24:52.231] [INFO] ICC - RID:[1517930692231]-[REQUEST]-[START]:[/getAllOrdenServicio]
[2018-02-06T09:24:52.231] [INFO] ICC - RID:[1517930692231]-[SELECT]-[START]
[2018-02-06T09:24:52.245] [INFO] ICC - RID:[1517930692231]-[SELECT]-[END]:[OK]
[2018-02-06T09:24:52.245] [INFO] ICC - RID:[1517930692231]-[REQUEST]-[END]:[/getAllOrdenServicio]
[2018-02-06T09:24:55.601] [INFO] ICC - RID:[1517930695601]-[REQUEST]-[START]:[/getAllCotizacionXOrden]
[2018-02-06T09:24:55.602] [INFO] ICC - RID:[1517930695601]-[SELECT]-[START]
[2018-02-06T09:24:55.617] [INFO] ICC - RID:[1517930695601]-[SELECT]-[END]:[OK]
[2018-02-06T09:24:55.617] [INFO] ICC - RID:[1517930695601]-[REQUEST]-[END]:[/getAllCotizacionXOrden]
[2018-02-06T09:24:57.724] [INFO] ICC - RID:[1517930697724]-[REQUEST]-[START]:[/getAllTipoServicio]
[2018-02-06T09:24:57.725] [INFO] ICC - RID:[1517930697724]-[SELECT]-[START]
[2018-02-06T09:24:57.764] [INFO] ICC - RID:[1517930697724]-[SELECT]-[END]:[OK]
[2018-02-06T09:24:57.764] [INFO] ICC - RID:[1517930697724]-[REQUEST]-[END]:[/getAllTipoServicio]
[2018-02-06T09:24:59.424] [INFO] ICC - RID:[1517930699424]-[REQUEST]-[START]:[/getAllSubZona]
[2018-02-06T09:24:59.424] [INFO] ICC - RID:[1517930699424]-[SELECT]-[START]
[2018-02-06T09:24:59.438] [INFO] ICC - RID:[1517930699424]-[SELECT]-[END]:[OK]
[2018-02-06T09:24:59.438] [INFO] ICC - RID:[1517930699424]-[REQUEST]-[END]:[/getAllSubZona]
[2018-02-06T09:24:59.910] [INFO] ICC - RID:[1517930699910]-[REQUEST]-[START]:[/getAllServicios]
[2018-02-06T09:24:59.911] [INFO] ICC - RID:[1517930699910]-[SELECT]-[START]
[2018-02-06T09:24:59.933] [INFO] ICC - RID:[1517930699910]-[SELECT]-[END]:[OK]
[2018-02-06T09:24:59.933] [INFO] ICC - RID:[1517930699910]-[REQUEST]-[END]:[/getAllServicios]
[2018-02-06T09:25:00.303] [INFO] ICC - RID:[1517930700303]-[REQUEST]-[START]:[/getAllProvedores]
[2018-02-06T09:25:00.304] [INFO] ICC - RID:[1517930700303]-[SELECT]-[START]
[2018-02-06T09:25:00.323] [INFO] ICC - RID:[1517930700303]-[SELECT]-[END]:[OK]
[2018-02-06T09:25:00.323] [INFO] ICC - RID:[1517930700303]-[REQUEST]-[END]:[/getAllProvedores]
[2018-02-06T09:25:00.759] [INFO] ICC - RID:[1517930700759]-[REQUEST]-[START]:[/getUnidadYPrecioUnitarioXServicio]
[2018-02-06T09:25:00.760] [INFO] ICC - RID:[1517930700759]-[SELECT]-[START]
[2018-02-06T09:25:00.790] [INFO] ICC - RID:[1517930700759]-[SELECT]-[END]:[OK]
[2018-02-06T09:25:00.790] [INFO] ICC - RID:[1517930700759]-[REQUEST]-[END]:[/getUnidadYPrecioUnitarioXServicio]
[2018-02-06T09:25:02.333] [INFO] ICC - RID:[1517930702333]-[REQUEST]-[START]:[/addCotizacion]
[2018-02-06T09:25:02.333] [INFO] ICC - RID:[1517930702333]-[FREE-DML]-[START]
[2018-02-06T09:25:02.379] [INFO] ICC - RID:[1517930702333]-[FREE-DML]-[END]:[OK]
[2018-02-06T09:25:02.379] [INFO] ICC - RID:[1517930702333]-[REQUEST]-[END]:[/addCotizacion]
[2018-02-06T09:25:02.389] [INFO] ICC - RID:[1517930702389]-[REQUEST]-[START]:[/getAllCotizacionXOrden]
[2018-02-06T09:25:02.390] [INFO] ICC - RID:[1517930702389]-[SELECT]-[START]
[2018-02-06T09:25:02.402] [INFO] ICC - RID:[1517930702389]-[SELECT]-[END]:[OK]
[2018-02-06T09:25:02.403] [INFO] ICC - RID:[1517930702389]-[REQUEST]-[END]:[/getAllCotizacionXOrden]
[2018-02-06T09:25:03.970] [INFO] ICC - RID:[1517930703970]-[REQUEST]-[START]:[/setStatusOrdenServicio]
[2018-02-06T09:25:03.971] [INFO] ICC - RID:[1517930703970]-[FREE-DML]-[START]
[2018-02-06T09:25:03.985] [INFO] ICC - RID:[1517930703970]-[FREE-DML]-[END]:[OK]
[2018-02-06T09:25:03.985] [INFO] ICC - RID:[1517930703970]-[REQUEST]-[END]:[/setStatusOrdenServicio]
[2018-02-06T09:25:04.340] [INFO] ICC - RID:[1517930704340]-[REQUEST]-[START]:[/getAllOrdenServicio]
[2018-02-06T09:25:04.340] [INFO] ICC - RID:[1517930704340]-[SELECT]-[START]
[2018-02-06T09:25:04.356] [INFO] ICC - RID:[1517930704340]-[SELECT]-[END]:[OK]
[2018-02-06T09:25:04.356] [INFO] ICC - RID:[1517930704340]-[REQUEST]-[END]:[/getAllOrdenServicio]
[2018-02-06T09:25:05.717] [INFO] ICC - RID:[1517930705717]-[REQUEST]-[START]:[/getAllOrdenServicio]
[2018-02-06T09:25:05.717] [INFO] ICC - RID:[1517930705717]-[SELECT]-[START]
[2018-02-06T09:25:05.732] [INFO] ICC - RID:[1517930705717]-[SELECT]-[END]:[OK]
[2018-02-06T09:25:05.732] [INFO] ICC - RID:[1517930705717]-[REQUEST]-[END]:[/getAllOrdenServicio]
[2018-02-06T09:25:08.591] [INFO] ICC - RID:[1517930708591]-[REQUEST]-[START]:[/getAllCotizacionXOrden]
[2018-02-06T09:25:08.591] [INFO] ICC - RID:[1517930708591]-[SELECT]-[START]
[2018-02-06T09:25:08.606] [INFO] ICC - RID:[1517930708591]-[SELECT]-[END]:[OK]
[2018-02-06T09:25:08.606] [INFO] ICC - RID:[1517930708591]-[REQUEST]-[END]:[/getAllCotizacionXOrden]
[2018-02-06T09:27:14.120] [INFO] ICC - RID:[1517930834120]-[REQUEST]-[START]:[/getAllOrdenServicio]
[2018-02-06T09:27:14.121] [INFO] ICC - RID:[1517930834120]-[SELECT]-[START]
[2018-02-06T09:27:14.139] [INFO] ICC - RID:[1517930834120]-[SELECT]-[END]:[OK]
[2018-02-06T09:27:14.139] [INFO] ICC - RID:[1517930834120]-[REQUEST]-[END]:[/getAllOrdenServicio]
[2018-02-06T09:27:36.574] [INFO] ICC - RID:[1517930856574]-[REQUEST]-[START]:[/getAllCotizacionXOrden]
[2018-02-06T09:27:36.574] [INFO] ICC - RID:[1517930856574]-[SELECT]-[START]
[2018-02-06T09:27:36.588] [INFO] ICC - RID:[1517930856574]-[SELECT]-[END]:[OK]
[2018-02-06T09:27:36.588] [INFO] ICC - RID:[1517930856574]-[REQUEST]-[END]:[/getAllCotizacionXOrden]
[2018-02-06T09:29:04.773] [INFO] ICC - RID:[1517930944773]-[REQUEST]-[START]:[/getAllCotizacionXOrden]
[2018-02-06T09:29:04.774] [INFO] ICC - RID:[1517930944773]-[SELECT]-[START]
[2018-02-06T09:29:04.789] [INFO] ICC - RID:[1517930944773]-[SELECT]-[END]:[OK]
[2018-02-06T09:29:04.789] [INFO] ICC - RID:[1517930944773]-[REQUEST]-[END]:[/getAllCotizacionXOrden]
[2018-02-06T09:29:06.142] [INFO] ICC - RID:[1517930946142]-[REQUEST]-[START]:[/getAllOrdenServicio]
[2018-02-06T09:29:06.142] [INFO] ICC - RID:[1517930946142]-[SELECT]-[START]
[2018-02-06T09:29:06.157] [INFO] ICC - RID:[1517930946142]-[SELECT]-[END]:[OK]
[2018-02-06T09:29:06.157] [INFO] ICC - RID:[1517930946142]-[REQUEST]-[END]:[/getAllOrdenServicio]
[2018-02-06T09:29:54.153] [INFO] ICC - RID:[1517930994153]-[REQUEST]-[START]:[/getAllCotizacionXOrden]
[2018-02-06T09:29:54.153] [INFO] ICC - RID:[1517930994153]-[SELECT]-[START]
[2018-02-06T09:29:54.170] [INFO] ICC - RID:[1517930994153]-[SELECT]-[END]:[OK]
[2018-02-06T09:29:54.170] [INFO] ICC - RID:[1517930994153]-[REQUEST]-[END]:[/getAllCotizacionXOrden]
[2018-02-06T09:29:56.858] [INFO] ICC - RID:[1517930996858]-[REQUEST]-[START]:[/getAllOrdenServicio]
[2018-02-06T09:29:56.858] [INFO] ICC - RID:[1517930996858]-[SELECT]-[START]
[2018-02-06T09:29:56.874] [INFO] ICC - RID:[1517930996858]-[SELECT]-[END]:[OK]
[2018-02-06T09:29:56.874] [INFO] ICC - RID:[1517930996858]-[REQUEST]-[END]:[/getAllOrdenServicio]
[2018-02-06T09:30:06.478] [INFO] ICC - RID:[1517931006478]-[REQUEST]-[START]:[/firma1OrdenServicioGenerador]
[2018-02-06T09:30:06.478] [INFO] ICC - RID:[1517931006478]-[FREE-DML]-[START]
[2018-02-06T09:30:06.495] [INFO] ICC - RID:[1517931006478]-[FREE-DML]-[END]:[OK]
[2018-02-06T09:30:06.496] [INFO] ICC - RID:[1517931006478]-[REQUEST]-[END]:[/firma1OrdenServicioGenerador]
[2018-02-06T09:30:06.525] [INFO] ICC - RID:[1517931006525]-[REQUEST]-[START]:[/getAllOrdenServicio]
[2018-02-06T09:30:06.525] [INFO] ICC - RID:[1517931006525]-[SELECT]-[START]
[2018-02-06T09:30:06.542] [INFO] ICC - RID:[1517931006525]-[SELECT]-[END]:[OK]
[2018-02-06T09:30:06.542] [INFO] ICC - RID:[1517931006525]-[REQUEST]-[END]:[/getAllOrdenServicio]
[2018-02-06T09:30:12.410] [INFO] ICC - RID:[1517931012410]-[REQUEST]-[START]:[/firma1OrdenServicioSupervisor]
[2018-02-06T09:30:12.411] [INFO] ICC - RID:[1517931012410]-[FREE-DML]-[START]
[2018-02-06T09:30:12.428] [INFO] ICC - RID:[1517931012410]-[FREE-DML]-[END]:[OK]
[2018-02-06T09:30:12.428] [INFO] ICC - RID:[1517931012410]-[REQUEST]-[END]:[/firma1OrdenServicioSupervisor]
[2018-02-06T09:30:12.475] [INFO] ICC - RID:[1517931012475]-[REQUEST]-[START]:[/getAllOrdenServicio]
[2018-02-06T09:30:12.475] [INFO] ICC - RID:[1517931012475]-[SELECT]-[START]
[2018-02-06T09:30:12.488] [INFO] ICC - RID:[1517931012475]-[SELECT]-[END]:[OK]
[2018-02-06T09:30:12.488] [INFO] ICC - RID:[1517931012475]-[REQUEST]-[END]:[/getAllOrdenServicio]
[2018-02-06T09:30:13.934] [INFO] ICC - RID:[1517931013934]-[REQUEST]-[START]:[/setStatusOrdenServicio]
[2018-02-06T09:30:13.934] [INFO] ICC - RID:[1517931013934]-[FREE-DML]-[START]
[2018-02-06T09:30:13.946] [INFO] ICC - RID:[1517931013934]-[FREE-DML]-[END]:[OK]
[2018-02-06T09:30:13.947] [INFO] ICC - RID:[1517931013934]-[REQUEST]-[END]:[/setStatusOrdenServicio]
[2018-02-06T09:30:14.307] [INFO] ICC - RID:[1517931014307]-[REQUEST]-[START]:[/getAllCotizacionXOrden]
[2018-02-06T09:30:14.307] [INFO] ICC - RID:[1517931014307]-[SELECT]-[START]
[2018-02-06T09:30:14.322] [INFO] ICC - RID:[1517931014307]-[SELECT]-[END]:[OK]
[2018-02-06T09:30:14.323] [INFO] ICC - RID:[1517931014307]-[REQUEST]-[END]:[/getAllCotizacionXOrden]
[2018-02-06T09:30:16.356] [INFO] ICC - RID:[1517931016355]-[REQUEST]-[START]:[/getAllOrdenServicio]
[2018-02-06T09:30:16.356] [INFO] ICC - RID:[1517931016355]-[SELECT]-[START]
[2018-02-06T09:30:16.372] [INFO] ICC - RID:[1517931016355]-[SELECT]-[END]:[OK]
[2018-02-06T09:30:16.372] [INFO] ICC - RID:[1517931016355]-[REQUEST]-[END]:[/getAllOrdenServicio]
[2018-02-06T09:30:17.215] [INFO] ICC - RID:[1517931017215]-[REQUEST]-[START]:[/getAllOrdenServicio]
[2018-02-06T09:30:17.215] [INFO] ICC - RID:[1517931017215]-[SELECT]-[START]
[2018-02-06T09:30:17.229] [INFO] ICC - RID:[1517931017215]-[SELECT]-[END]:[OK]
[2018-02-06T09:30:17.229] [INFO] ICC - RID:[1517931017215]-[REQUEST]-[END]:[/getAllOrdenServicio]
[2018-02-06T09:30:20.802] [INFO] ICC - RID:[1517931020802]-[REQUEST]-[START]:[/getAllOrdenServicio]
[2018-02-06T09:30:20.802] [INFO] ICC - RID:[1517931020802]-[SELECT]-[START]
[2018-02-06T09:30:20.813] [INFO] ICC - RID:[1517931020802]-[SELECT]-[END]:[OK]
[2018-02-06T09:30:20.813] [INFO] ICC - RID:[1517931020802]-[REQUEST]-[END]:[/getAllOrdenServicio]
