[2018-01-29T12:40:44.066] [INFO] ICC - [BACKEND]-[WEBSERVICES] init on port:[3000]
[2018-01-29T12:40:45.119] [INFO] ICC - RID:[1517251245119]-[REQUEST]-[START]:[/getAllSubZona]
[2018-01-29T12:40:45.120] [INFO] ICC - RID:[1517251245119]-[SELECT]-[START]
[2018-01-29T12:40:45.172] [INFO] ICC - RID:[1517251245119]-[SELECT]-[END]:[OK]
[2018-01-29T12:40:45.173] [INFO] ICC - RID:[1517251245119]-[REQUEST]-[END]:[/getAllSubZona]
[2018-01-29T12:47:57.181] [INFO] ICC - RID:[1517251677180]-[REQUEST]-[START]:[/defaultSelect]
[2018-01-29T12:47:57.181] [INFO] ICC - RID:[1517251677180]-[SELECT]-[START]
[2018-01-29T12:47:57.200] [INFO] ICC - RID:[1517251677180]-[SELECT]-[END]:[OK]
[2018-01-29T12:47:57.201] [INFO] ICC - RID:[1517251677180]-[REQUEST]-[END]:[/defaultSelect]
[2018-01-29T12:47:57.421] [INFO] ICC - RID:[1517251677421]-[REQUEST]-[START]:[/getAllOrdenServicio]
[2018-01-29T12:47:57.421] [INFO] ICC - RID:[1517251677421]-[SELECT]-[START]
[2018-01-29T12:47:57.445] [INFO] ICC - RID:[1517251677421]-[SELECT]-[END]:[OK]
[2018-01-29T12:47:57.446] [INFO] ICC - RID:[1517251677421]-[REQUEST]-[END]:[/getAllOrdenServicio]
[2018-01-29T12:47:58.434] [INFO] ICC - RID:[1517251678434]-[REQUEST]-[START]:[/getAllCotizacionXOrden]
[2018-01-29T12:47:58.435] [ERROR] ECC - RID:[1517251678434]-[REQUEST]-[ERROR]:[Input parameter problem.]:[/getAllCotizacionXOrden]
[2018-01-29T12:47:58.447] [INFO] ICC - RID:[1517251678447]-[REQUEST]-[START]:[/getAllCotizacionXOrden]
[2018-01-29T12:47:58.448] [ERROR] ECC - RID:[1517251678447]-[REQUEST]-[ERROR]:[Input parameter problem.]:[/getAllCotizacionXOrden]
[2018-01-29T12:48:00.552] [INFO] ICC - RID:[1517251680552]-[REQUEST]-[START]:[/getAllTipoServicio]
[2018-01-29T12:48:00.553] [INFO] ICC - RID:[1517251680552]-[SELECT]-[START]
[2018-01-29T12:48:00.571] [INFO] ICC - RID:[1517251680552]-[SELECT]-[END]:[OK]
[2018-01-29T12:48:00.571] [INFO] ICC - RID:[1517251680552]-[REQUEST]-[END]:[/getAllTipoServicio]
[2018-01-29T12:48:50.615] [INFO] ICC - RID:[1517251730615]-[REQUEST]-[START]:[/defaultSelect]
[2018-01-29T12:48:50.616] [INFO] ICC - RID:[1517251730615]-[SELECT]-[START]
[2018-01-29T12:48:50.637] [INFO] ICC - RID:[1517251730615]-[SELECT]-[END]:[OK]
[2018-01-29T12:48:50.638] [INFO] ICC - RID:[1517251730615]-[REQUEST]-[END]:[/defaultSelect]
[2018-01-29T12:48:50.948] [INFO] ICC - RID:[1517251730948]-[REQUEST]-[START]:[/getAllOrdenServicio]
[2018-01-29T12:48:50.949] [INFO] ICC - RID:[1517251730948]-[SELECT]-[START]
[2018-01-29T12:48:50.977] [INFO] ICC - RID:[1517251730948]-[SELECT]-[END]:[OK]
[2018-01-29T12:48:50.978] [INFO] ICC - RID:[1517251730948]-[REQUEST]-[END]:[/getAllOrdenServicio]
[2018-01-29T12:48:52.557] [INFO] ICC - RID:[1517251732557]-[REQUEST]-[START]:[/getAllCotizacionXOrden]
[2018-01-29T12:48:52.557] [ERROR] ECC - RID:[1517251732557]-[REQUEST]-[ERROR]:[Input parameter problem.]:[/getAllCotizacionXOrden]
[2018-01-29T12:48:52.570] [INFO] ICC - RID:[1517251732570]-[REQUEST]-[START]:[/getAllCotizacionXOrden]
[2018-01-29T12:48:52.570] [ERROR] ECC - RID:[1517251732570]-[REQUEST]-[ERROR]:[Input parameter problem.]:[/getAllCotizacionXOrden]
[2018-01-29T12:48:54.371] [INFO] ICC - RID:[1517251734371]-[REQUEST]-[START]:[/getAllTipoServicio]
[2018-01-29T12:48:54.371] [INFO] ICC - RID:[1517251734371]-[SELECT]-[START]
[2018-01-29T12:48:54.387] [INFO] ICC - RID:[1517251734371]-[SELECT]-[END]:[OK]
[2018-01-29T12:48:54.387] [INFO] ICC - RID:[1517251734371]-[REQUEST]-[END]:[/getAllTipoServicio]
[2018-01-29T12:49:54.214] [INFO] ICC - RID:[1517251794214]-[REQUEST]-[START]:[/defaultSelect]
[2018-01-29T12:49:54.214] [INFO] ICC - RID:[1517251794214]-[SELECT]-[START]
[2018-01-29T12:49:54.237] [INFO] ICC - RID:[1517251794214]-[SELECT]-[END]:[OK]
[2018-01-29T12:49:54.237] [INFO] ICC - RID:[1517251794214]-[REQUEST]-[END]:[/defaultSelect]
[2018-01-29T12:49:54.423] [INFO] ICC - RID:[1517251794423]-[REQUEST]-[START]:[/getAllOrdenServicio]
[2018-01-29T12:49:54.424] [INFO] ICC - RID:[1517251794423]-[SELECT]-[START]
[2018-01-29T12:49:54.446] [INFO] ICC - RID:[1517251794423]-[SELECT]-[END]:[OK]
[2018-01-29T12:49:54.447] [INFO] ICC - RID:[1517251794423]-[REQUEST]-[END]:[/getAllOrdenServicio]
[2018-01-29T12:49:55.650] [INFO] ICC - RID:[1517251795650]-[REQUEST]-[START]:[/getAllCotizacionXOrden]
[2018-01-29T12:49:55.650] [ERROR] ECC - RID:[1517251795650]-[REQUEST]-[ERROR]:[Input parameter problem.]:[/getAllCotizacionXOrden]
[2018-01-29T12:49:55.655] [INFO] ICC - RID:[1517251795655]-[REQUEST]-[START]:[/getAllCotizacionXOrden]
[2018-01-29T12:49:55.656] [ERROR] ECC - RID:[1517251795655]-[REQUEST]-[ERROR]:[Input parameter problem.]:[/getAllCotizacionXOrden]
[2018-01-29T12:49:57.576] [INFO] ICC - RID:[1517251797576]-[REQUEST]-[START]:[/getAllTipoServicio]
[2018-01-29T12:49:57.577] [INFO] ICC - RID:[1517251797576]-[SELECT]-[START]
[2018-01-29T12:49:57.597] [INFO] ICC - RID:[1517251797576]-[SELECT]-[END]:[OK]
[2018-01-29T12:49:57.597] [INFO] ICC - RID:[1517251797576]-[REQUEST]-[END]:[/getAllTipoServicio]
[2018-01-29T12:49:58.895] [INFO] ICC - RID:[1517251798895]-[REQUEST]-[START]:[/getAllServicios]
[2018-01-29T12:49:58.896] [ERROR] ECC - RID:[1517251798895]-[REQUEST]-[ERROR]:[Input parameter problem.]:[/getAllServicios]
[2018-01-29T12:52:13.528] [INFO] ICC - RID:[1517251933528]-[REQUEST]-[START]:[/defaultSelect]
[2018-01-29T12:52:13.529] [INFO] ICC - RID:[1517251933528]-[SELECT]-[START]
[2018-01-29T12:52:13.545] [INFO] ICC - RID:[1517251933528]-[SELECT]-[END]:[OK]
[2018-01-29T12:52:13.545] [INFO] ICC - RID:[1517251933528]-[REQUEST]-[END]:[/defaultSelect]
[2018-01-29T12:52:13.792] [INFO] ICC - RID:[1517251933792]-[REQUEST]-[START]:[/getAllOrdenServicio]
[2018-01-29T12:52:13.793] [INFO] ICC - RID:[1517251933792]-[SELECT]-[START]
[2018-01-29T12:52:13.816] [INFO] ICC - RID:[1517251933792]-[SELECT]-[END]:[OK]
[2018-01-29T12:52:13.816] [INFO] ICC - RID:[1517251933792]-[REQUEST]-[END]:[/getAllOrdenServicio]
[2018-01-29T12:52:14.825] [INFO] ICC - RID:[1517251934825]-[REQUEST]-[START]:[/getAllCotizacionXOrden]
[2018-01-29T12:52:14.826] [ERROR] ECC - RID:[1517251934825]-[REQUEST]-[ERROR]:[Input parameter problem.]:[/getAllCotizacionXOrden]
[2018-01-29T12:52:14.842] [INFO] ICC - RID:[1517251934842]-[REQUEST]-[START]:[/getAllCotizacionXOrden]
[2018-01-29T12:52:14.842] [ERROR] ECC - RID:[1517251934842]-[REQUEST]-[ERROR]:[Input parameter problem.]:[/getAllCotizacionXOrden]
[2018-01-29T12:52:17.172] [INFO] ICC - RID:[1517251937172]-[REQUEST]-[START]:[/getAllTipoServicio]
[2018-01-29T12:52:17.172] [INFO] ICC - RID:[1517251937172]-[SELECT]-[START]
[2018-01-29T12:52:17.191] [INFO] ICC - RID:[1517251937172]-[SELECT]-[END]:[OK]
[2018-01-29T12:52:17.191] [INFO] ICC - RID:[1517251937172]-[REQUEST]-[END]:[/getAllTipoServicio]
[2018-01-29T12:52:18.131] [INFO] ICC - RID:[1517251938131]-[REQUEST]-[START]:[/getAllServicios]
[2018-01-29T12:52:18.132] [ERROR] ECC - RID:[1517251938131]-[REQUEST]-[ERROR]:[Input parameter problem.]:[/getAllServicios]
[2018-01-29T12:52:44.650] [INFO] ICC - RID:[1517251964650]-[REQUEST]-[START]:[/defaultSelect]
[2018-01-29T12:52:44.650] [INFO] ICC - RID:[1517251964650]-[SELECT]-[START]
[2018-01-29T12:52:44.671] [INFO] ICC - RID:[1517251964650]-[SELECT]-[END]:[OK]
[2018-01-29T12:52:44.671] [INFO] ICC - RID:[1517251964650]-[REQUEST]-[END]:[/defaultSelect]
[2018-01-29T12:52:44.875] [INFO] ICC - RID:[1517251964875]-[REQUEST]-[START]:[/getAllOrdenServicio]
[2018-01-29T12:52:44.875] [INFO] ICC - RID:[1517251964875]-[SELECT]-[START]
[2018-01-29T12:52:44.895] [INFO] ICC - RID:[1517251964875]-[SELECT]-[END]:[OK]
[2018-01-29T12:52:44.895] [INFO] ICC - RID:[1517251964875]-[REQUEST]-[END]:[/getAllOrdenServicio]
[2018-01-29T12:52:45.793] [INFO] ICC - RID:[1517251965793]-[REQUEST]-[START]:[/getAllCotizacionXOrden]
[2018-01-29T12:52:45.794] [ERROR] ECC - RID:[1517251965793]-[REQUEST]-[ERROR]:[Input parameter problem.]:[/getAllCotizacionXOrden]
[2018-01-29T12:52:45.805] [INFO] ICC - RID:[1517251965804]-[REQUEST]-[START]:[/getAllCotizacionXOrden]
[2018-01-29T12:52:45.805] [ERROR] ECC - RID:[1517251965804]-[REQUEST]-[ERROR]:[Input parameter problem.]:[/getAllCotizacionXOrden]
[2018-01-29T12:52:47.294] [INFO] ICC - RID:[1517251967294]-[REQUEST]-[START]:[/getAllTipoServicio]
[2018-01-29T12:52:47.294] [INFO] ICC - RID:[1517251967294]-[SELECT]-[START]
[2018-01-29T12:52:47.310] [INFO] ICC - RID:[1517251967294]-[SELECT]-[END]:[OK]
[2018-01-29T12:52:47.310] [INFO] ICC - RID:[1517251967294]-[REQUEST]-[END]:[/getAllTipoServicio]
[2018-01-29T12:56:30.551] [INFO] ICC - RID:[1517252190551]-[REQUEST]-[START]:[/defaultSelect]
[2018-01-29T12:56:30.552] [INFO] ICC - RID:[1517252190551]-[SELECT]-[START]
[2018-01-29T12:56:30.571] [INFO] ICC - RID:[1517252190551]-[SELECT]-[END]:[OK]
[2018-01-29T12:56:30.571] [INFO] ICC - RID:[1517252190551]-[REQUEST]-[END]:[/defaultSelect]
[2018-01-29T12:56:30.775] [INFO] ICC - RID:[1517252190775]-[REQUEST]-[START]:[/getAllOrdenServicio]
[2018-01-29T12:56:30.775] [INFO] ICC - RID:[1517252190775]-[SELECT]-[START]
[2018-01-29T12:56:30.801] [INFO] ICC - RID:[1517252190775]-[SELECT]-[END]:[OK]
[2018-01-29T12:56:30.801] [INFO] ICC - RID:[1517252190775]-[REQUEST]-[END]:[/getAllOrdenServicio]
[2018-01-29T12:56:31.648] [INFO] ICC - RID:[1517252191648]-[REQUEST]-[START]:[/getAllCotizacionXOrden]
[2018-01-29T12:56:31.649] [ERROR] ECC - RID:[1517252191648]-[REQUEST]-[ERROR]:[Input parameter problem.]:[/getAllCotizacionXOrden]
[2018-01-29T12:56:31.663] [INFO] ICC - RID:[1517252191663]-[REQUEST]-[START]:[/getAllCotizacionXOrden]
[2018-01-29T12:56:31.663] [ERROR] ECC - RID:[1517252191663]-[REQUEST]-[ERROR]:[Input parameter problem.]:[/getAllCotizacionXOrden]
[2018-01-29T12:56:34.117] [INFO] ICC - RID:[1517252194117]-[REQUEST]-[START]:[/getAllTipoServicio]
[2018-01-29T12:56:34.117] [INFO] ICC - RID:[1517252194117]-[SELECT]-[START]
[2018-01-29T12:56:34.131] [INFO] ICC - RID:[1517252194117]-[SELECT]-[END]:[OK]
[2018-01-29T12:56:34.131] [INFO] ICC - RID:[1517252194117]-[REQUEST]-[END]:[/getAllTipoServicio]
[2018-01-29T12:56:34.952] [INFO] ICC - RID:[1517252194952]-[REQUEST]-[START]:[/getAllSubZona]
[2018-01-29T12:56:34.953] [ERROR] ECC - RID:[1517252194952]-[REQUEST]-[ERROR]:[Input parameter problem.]:[/getAllSubZona]
[2018-01-29T12:58:38.922] [INFO] ICC - RID:[1517252318922]-[REQUEST]-[START]:[/defaultSelect]
[2018-01-29T12:58:38.922] [INFO] ICC - RID:[1517252318922]-[SELECT]-[START]
[2018-01-29T12:58:38.944] [INFO] ICC - RID:[1517252318922]-[SELECT]-[END]:[OK]
[2018-01-29T12:58:38.944] [INFO] ICC - RID:[1517252318922]-[REQUEST]-[END]:[/defaultSelect]
[2018-01-29T12:58:39.210] [INFO] ICC - RID:[1517252319209]-[REQUEST]-[START]:[/getAllOrdenServicio]
[2018-01-29T12:58:39.210] [INFO] ICC - RID:[1517252319209]-[SELECT]-[START]
[2018-01-29T12:58:39.237] [INFO] ICC - RID:[1517252319209]-[SELECT]-[END]:[OK]
[2018-01-29T12:58:39.237] [INFO] ICC - RID:[1517252319209]-[REQUEST]-[END]:[/getAllOrdenServicio]
[2018-01-29T12:58:40.130] [INFO] ICC - RID:[1517252320130]-[REQUEST]-[START]:[/getAllCotizacionXOrden]
[2018-01-29T12:58:40.130] [ERROR] ECC - RID:[1517252320130]-[REQUEST]-[ERROR]:[Input parameter problem.]:[/getAllCotizacionXOrden]
[2018-01-29T12:58:40.161] [INFO] ICC - RID:[1517252320161]-[REQUEST]-[START]:[/getAllCotizacionXOrden]
[2018-01-29T12:58:40.162] [ERROR] ECC - RID:[1517252320161]-[REQUEST]-[ERROR]:[Input parameter problem.]:[/getAllCotizacionXOrden]
[2018-01-29T12:58:42.291] [INFO] ICC - RID:[1517252322291]-[REQUEST]-[START]:[/getAllTipoServicio]
[2018-01-29T12:58:42.291] [INFO] ICC - RID:[1517252322291]-[SELECT]-[START]
[2018-01-29T12:58:42.311] [INFO] ICC - RID:[1517252322291]-[SELECT]-[END]:[OK]
[2018-01-29T12:58:42.311] [INFO] ICC - RID:[1517252322291]-[REQUEST]-[END]:[/getAllTipoServicio]
[2018-01-29T12:58:43.068] [INFO] ICC - RID:[1517252323068]-[REQUEST]-[START]:[/getAllSubZona]
[2018-01-29T12:58:43.068] [ERROR] ECC - RID:[1517252323068]-[REQUEST]-[ERROR]:[Input parameter problem.]:[/getAllSubZona]
