[2018-02-02T11:32:47.671] [INFO] ICC - RID:[1517592767670]-[REQUEST]-[START]:[/getAllOrdenServicio]
[2018-02-02T11:32:47.672] [INFO] ICC - RID:[1517592767670]-[SELECT]-[START]
[2018-02-02T11:32:47.755] [INFO] ICC - RID:[1517592767670]-[SELECT]-[END]:[OK]
[2018-02-02T11:32:47.755] [INFO] ICC - RID:[1517592767670]-[REQUEST]-[END]:[/getAllOrdenServicio]
[2018-02-02T11:32:49.248] [INFO] ICC - RID:[1517592769248]-[REQUEST]-[START]:[/getAllCotizacionXOrden]
[2018-02-02T11:32:49.248] [INFO] ICC - RID:[1517592769248]-[SELECT]-[START]
[2018-02-02T11:32:49.286] [INFO] ICC - RID:[1517592769248]-[SELECT]-[END]:[OK]
[2018-02-02T11:32:49.286] [INFO] ICC - RID:[1517592769248]-[REQUEST]-[END]:[/getAllCotizacionXOrden]
[2018-02-02T11:32:50.487] [INFO] ICC - RID:[1517592770486]-[REQUEST]-[START]:[/getAllOrdenServicio]
[2018-02-02T11:32:50.488] [INFO] ICC - RID:[1517592770486]-[SELECT]-[START]
[2018-02-02T11:32:50.506] [INFO] ICC - RID:[1517592770486]-[SELECT]-[END]:[OK]
[2018-02-02T11:32:50.506] [INFO] ICC - RID:[1517592770486]-[REQUEST]-[END]:[/getAllOrdenServicio]
[2018-02-02T11:32:51.931] [INFO] ICC - RID:[1517592771931]-[REQUEST]-[START]:[/getAllCotizacionXOrden]
[2018-02-02T11:32:51.931] [INFO] ICC - RID:[1517592771931]-[SELECT]-[START]
[2018-02-02T11:32:51.950] [INFO] ICC - RID:[1517592771931]-[SELECT]-[END]:[OK]
[2018-02-02T11:32:51.950] [INFO] ICC - RID:[1517592771931]-[REQUEST]-[END]:[/getAllCotizacionXOrden]
[2018-02-02T11:32:53.273] [INFO] ICC - RID:[1517592773273]-[REQUEST]-[START]:[/getAllCotizacionXOrden]
[2018-02-02T11:32:53.273] [INFO] ICC - RID:[1517592773273]-[SELECT]-[START]
[2018-02-02T11:32:53.291] [INFO] ICC - RID:[1517592773273]-[SELECT]-[END]:[OK]
[2018-02-02T11:32:53.292] [INFO] ICC - RID:[1517592773273]-[REQUEST]-[END]:[/getAllCotizacionXOrden]
[2018-02-02T11:34:49.437] [INFO] ICC - RID:[1517592889437]-[REQUEST]-[START]:[/defaultSelect]
[2018-02-02T11:34:49.437] [INFO] ICC - RID:[1517592889437]-[SELECT]-[START]
[2018-02-02T11:34:49.515] [INFO] ICC - RID:[1517592889437]-[SELECT]-[END]:[OK]
[2018-02-02T11:34:49.516] [INFO] ICC - RID:[1517592889437]-[REQUEST]-[END]:[/defaultSelect]
[2018-02-02T11:34:49.732] [INFO] ICC - RID:[1517592889732]-[REQUEST]-[START]:[/getAllOrdenServicio]
[2018-02-02T11:34:49.732] [INFO] ICC - RID:[1517592889732]-[SELECT]-[START]
[2018-02-02T11:34:49.790] [INFO] ICC - RID:[1517592889732]-[SELECT]-[END]:[OK]
[2018-02-02T11:34:49.791] [INFO] ICC - RID:[1517592889732]-[REQUEST]-[END]:[/getAllOrdenServicio]
[2018-02-02T11:34:51.236] [INFO] ICC - RID:[1517592891236]-[REQUEST]-[START]:[/getPrefacturaMensual]
[2018-02-02T11:34:51.236] [INFO] ICC - RID:[1517592891236]-[SELECT]-[START]
[2018-02-02T11:34:51.425] [INFO] ICC - RID:[1517592891236]-[SELECT]-[END]:[OK]
[2018-02-02T11:34:51.425] [INFO] ICC - RID:[1517592891236]-[REQUEST]-[END]:[/getReport]
[2018-02-02T11:35:28.711] [INFO] ICC - RID:[1517592928711]-[REQUEST]-[START]:[/defaultSelect]
[2018-02-02T11:35:28.711] [INFO] ICC - RID:[1517592928711]-[SELECT]-[START]
[2018-02-02T11:35:28.739] [INFO] ICC - RID:[1517592928711]-[SELECT]-[END]:[OK]
[2018-02-02T11:35:28.739] [INFO] ICC - RID:[1517592928711]-[REQUEST]-[END]:[/defaultSelect]
[2018-02-02T11:35:28.946] [INFO] ICC - RID:[1517592928946]-[REQUEST]-[START]:[/getAllOrdenServicio]
[2018-02-02T11:35:28.946] [INFO] ICC - RID:[1517592928946]-[SELECT]-[START]
[2018-02-02T11:35:28.976] [INFO] ICC - RID:[1517592928946]-[SELECT]-[END]:[OK]
[2018-02-02T11:35:28.976] [INFO] ICC - RID:[1517592928946]-[REQUEST]-[END]:[/getAllOrdenServicio]
[2018-02-02T11:35:29.619] [INFO] ICC - RID:[1517592929619]-[REQUEST]-[START]:[/getPrefacturaMensual]
[2018-02-02T11:35:29.621] [INFO] ICC - RID:[1517592929619]-[SELECT]-[START]
[2018-02-02T11:35:29.668] [INFO] ICC - RID:[1517592929619]-[SELECT]-[END]:[OK]
[2018-02-02T11:35:29.668] [INFO] ICC - RID:[1517592929619]-[REQUEST]-[END]:[/getReport]
[2018-02-02T11:35:46.821] [INFO] ICC - RID:[1517592946821]-[REQUEST]-[START]:[/getPrefacturaMensual]
[2018-02-02T11:35:46.823] [INFO] ICC - RID:[1517592946821]-[SELECT]-[START]
[2018-02-02T11:35:46.897] [INFO] ICC - RID:[1517592946821]-[SELECT]-[END]:[OK]
[2018-02-02T11:35:46.898] [INFO] ICC - RID:[1517592946821]-[REQUEST]-[END]:[/getReport]
[2018-02-02T11:36:00.735] [INFO] ICC - RID:[1517592960735]-[REQUEST]-[START]:[/getPrefacturaMensual]
[2018-02-02T11:36:00.736] [INFO] ICC - RID:[1517592960735]-[SELECT]-[START]
[2018-02-02T11:36:00.750] [INFO] ICC - RID:[1517592960735]-[SELECT]-[END]:[OK]
[2018-02-02T11:36:00.750] [INFO] ICC - RID:[1517592960735]-[REQUEST]-[END]:[/getReport]
[2018-02-02T11:36:04.917] [INFO] ICC - RID:[1517592964917]-[REQUEST]-[START]:[/getPrefacturaMensual]
[2018-02-02T11:36:04.917] [INFO] ICC - RID:[1517592964917]-[SELECT]-[START]
[2018-02-02T11:36:05.273] [INFO] ICC - RID:[1517592964917]-[SELECT]-[END]:[OK]
[2018-02-02T11:36:05.274] [INFO] ICC - RID:[1517592964917]-[REQUEST]-[END]:[/getReport]
[2018-02-02T11:36:08.928] [INFO] ICC - RID:[1517592968928]-[REQUEST]-[START]:[/getPrefacturaMensual]
[2018-02-02T11:36:08.928] [INFO] ICC - RID:[1517592968928]-[SELECT]-[START]
[2018-02-02T11:36:08.997] [INFO] ICC - RID:[1517592968928]-[SELECT]-[END]:[OK]
[2018-02-02T11:36:08.998] [INFO] ICC - RID:[1517592968928]-[REQUEST]-[END]:[/getReport]
[2018-02-02T11:36:11.600] [INFO] ICC - RID:[1517592971600]-[REQUEST]-[START]:[/getPrefacturaMensual]
[2018-02-02T11:36:11.600] [INFO] ICC - RID:[1517592971600]-[SELECT]-[START]
[2018-02-02T11:36:11.628] [INFO] ICC - RID:[1517592971600]-[SELECT]-[END]:[OK]
[2018-02-02T11:36:11.628] [INFO] ICC - RID:[1517592971600]-[REQUEST]-[END]:[/getReport]
[2018-02-02T11:46:40.278] [INFO] ICC - RID:[1517593600278]-[REQUEST]-[START]:[/defaultSelect]
[2018-02-02T11:46:40.278] [INFO] ICC - RID:[1517593600278]-[SELECT]-[START]
[2018-02-02T11:46:40.305] [INFO] ICC - RID:[1517593600278]-[SELECT]-[END]:[OK]
[2018-02-02T11:46:40.305] [INFO] ICC - RID:[1517593600278]-[REQUEST]-[END]:[/defaultSelect]
[2018-02-02T11:46:40.532] [INFO] ICC - RID:[1517593600532]-[REQUEST]-[START]:[/getAllOrdenServicio]
[2018-02-02T11:46:40.533] [INFO] ICC - RID:[1517593600532]-[SELECT]-[START]
[2018-02-02T11:46:40.562] [INFO] ICC - RID:[1517593600532]-[SELECT]-[END]:[OK]
[2018-02-02T11:46:40.562] [INFO] ICC - RID:[1517593600532]-[REQUEST]-[END]:[/getAllOrdenServicio]
[2018-02-02T11:46:43.523] [INFO] ICC - RID:[1517593603523]-[REQUEST]-[START]:[/getPrefacturaMensual]
[2018-02-02T11:46:43.523] [INFO] ICC - RID:[1517593603523]-[SELECT]-[START]
[2018-02-02T11:46:43.610] [INFO] ICC - RID:[1517593603523]-[SELECT]-[END]:[OK]
[2018-02-02T11:46:43.610] [INFO] ICC - RID:[1517593603523]-[REQUEST]-[END]:[/getReport]
[2018-02-02T11:46:53.867] [INFO] ICC - RID:[1517593613867]-[REQUEST]-[START]:[/getAllOrdenServicio]
[2018-02-02T11:46:53.867] [INFO] ICC - RID:[1517593613867]-[SELECT]-[START]
[2018-02-02T11:46:53.893] [INFO] ICC - RID:[1517593613867]-[SELECT]-[END]:[OK]
[2018-02-02T11:46:53.894] [INFO] ICC - RID:[1517593613867]-[REQUEST]-[END]:[/getAllOrdenServicio]
[2018-02-02T11:48:38.299] [INFO] ICC - RID:[1517593718299]-[REQUEST]-[START]:[/defaultSelect]
[2018-02-02T11:48:38.300] [INFO] ICC - RID:[1517593718299]-[SELECT]-[START]
[2018-02-02T11:48:38.349] [INFO] ICC - RID:[1517593718299]-[SELECT]-[END]:[OK]
[2018-02-02T11:48:38.349] [INFO] ICC - RID:[1517593718299]-[REQUEST]-[END]:[/defaultSelect]
[2018-02-02T11:48:38.562] [INFO] ICC - RID:[1517593718562]-[REQUEST]-[START]:[/getAllOrdenServicio]
[2018-02-02T11:48:38.563] [INFO] ICC - RID:[1517593718562]-[SELECT]-[START]
[2018-02-02T11:48:38.587] [INFO] ICC - RID:[1517593718562]-[SELECT]-[END]:[OK]
[2018-02-02T11:48:38.587] [INFO] ICC - RID:[1517593718562]-[REQUEST]-[END]:[/getAllOrdenServicio]
[2018-02-02T11:48:43.587] [INFO] ICC - RID:[1517593723587]-[REQUEST]-[START]:[/getAllCotizacionXOrden]
[2018-02-02T11:48:43.588] [INFO] ICC - RID:[1517593723587]-[SELECT]-[START]
[2018-02-02T11:48:43.717] [INFO] ICC - RID:[1517593723587]-[SELECT]-[END]:[OK]
[2018-02-02T11:48:43.717] [INFO] ICC - RID:[1517593723587]-[REQUEST]-[END]:[/getAllCotizacionXOrden]
[2018-02-02T11:48:44.436] [INFO] ICC - RID:[1517593724436]-[REQUEST]-[START]:[/getAllOrdenServicio]
[2018-02-02T11:48:44.437] [INFO] ICC - RID:[1517593724436]-[SELECT]-[START]
[2018-02-02T11:48:44.542] [INFO] ICC - RID:[1517593724436]-[SELECT]-[END]:[OK]
[2018-02-02T11:48:44.543] [INFO] ICC - RID:[1517593724436]-[REQUEST]-[END]:[/getAllOrdenServicio]
[2018-02-02T11:48:46.031] [INFO] ICC - RID:[1517593726031]-[REQUEST]-[START]:[/getAllCotizacionXOrden]
[2018-02-02T11:48:46.031] [INFO] ICC - RID:[1517593726031]-[SELECT]-[START]
[2018-02-02T11:48:46.046] [INFO] ICC - RID:[1517593726031]-[SELECT]-[END]:[OK]
[2018-02-02T11:48:46.047] [INFO] ICC - RID:[1517593726031]-[REQUEST]-[END]:[/getAllCotizacionXOrden]
[2018-02-02T11:48:47.141] [INFO] ICC - RID:[1517593727141]-[REQUEST]-[START]:[/getAllCotizacionXOrden]
[2018-02-02T11:48:47.141] [INFO] ICC - RID:[1517593727141]-[SELECT]-[START]
[2018-02-02T11:48:47.160] [INFO] ICC - RID:[1517593727141]-[SELECT]-[END]:[OK]
[2018-02-02T11:48:47.161] [INFO] ICC - RID:[1517593727141]-[REQUEST]-[END]:[/getAllCotizacionXOrden]
[2018-02-02T11:48:48.410] [INFO] ICC - RID:[1517593728410]-[REQUEST]-[START]:[/getAllOrdenServicio]
[2018-02-02T11:48:48.412] [INFO] ICC - RID:[1517593728410]-[SELECT]-[START]
[2018-02-02T11:48:48.428] [INFO] ICC - RID:[1517593728410]-[SELECT]-[END]:[OK]
[2018-02-02T11:48:48.428] [INFO] ICC - RID:[1517593728410]-[REQUEST]-[END]:[/getAllOrdenServicio]
[2018-02-02T11:49:27.036] [INFO] ICC - RID:[1517593767036]-[REQUEST]-[START]:[/defaultSelect]
[2018-02-02T11:49:27.036] [INFO] ICC - RID:[1517593767036]-[SELECT]-[START]
[2018-02-02T11:49:27.151] [INFO] ICC - RID:[1517593767036]-[SELECT]-[END]:[OK]
[2018-02-02T11:49:27.152] [INFO] ICC - RID:[1517593767036]-[REQUEST]-[END]:[/defaultSelect]
[2018-02-02T11:49:27.409] [INFO] ICC - RID:[1517593767409]-[REQUEST]-[START]:[/getAllOrdenServicio]
[2018-02-02T11:49:27.409] [INFO] ICC - RID:[1517593767409]-[SELECT]-[START]
[2018-02-02T11:49:27.439] [INFO] ICC - RID:[1517593767409]-[SELECT]-[END]:[OK]
[2018-02-02T11:49:27.439] [INFO] ICC - RID:[1517593767409]-[REQUEST]-[END]:[/getAllOrdenServicio]
[2018-02-02T11:49:32.681] [INFO] ICC - RID:[1517593772681]-[REQUEST]-[START]:[/getAllOrdenServicio]
[2018-02-02T11:49:32.682] [INFO] ICC - RID:[1517593772681]-[SELECT]-[START]
[2018-02-02T11:49:32.711] [INFO] ICC - RID:[1517593772681]-[SELECT]-[END]:[OK]
[2018-02-02T11:49:32.712] [INFO] ICC - RID:[1517593772681]-[REQUEST]-[END]:[/getAllOrdenServicio]
[2018-02-02T11:49:56.091] [INFO] ICC - RID:[1517593796091]-[REQUEST]-[START]:[/defaultSelect]
[2018-02-02T11:49:56.091] [INFO] ICC - RID:[1517593796091]-[SELECT]-[START]
[2018-02-02T11:49:56.116] [INFO] ICC - RID:[1517593796091]-[SELECT]-[END]:[OK]
[2018-02-02T11:49:56.116] [INFO] ICC - RID:[1517593796091]-[REQUEST]-[END]:[/defaultSelect]
[2018-02-02T11:49:56.356] [INFO] ICC - RID:[1517593796356]-[REQUEST]-[START]:[/getAllOrdenServicio]
[2018-02-02T11:49:56.356] [INFO] ICC - RID:[1517593796356]-[SELECT]-[START]
[2018-02-02T11:49:56.375] [INFO] ICC - RID:[1517593796356]-[SELECT]-[END]:[OK]
[2018-02-02T11:49:56.377] [INFO] ICC - RID:[1517593796356]-[REQUEST]-[END]:[/getAllOrdenServicio]
[2018-02-02T11:50:00.040] [INFO] ICC - RID:[1517593800040]-[REQUEST]-[START]:[/getAllOrdenServicio]
[2018-02-02T11:50:00.041] [INFO] ICC - RID:[1517593800040]-[SELECT]-[START]
[2018-02-02T11:50:00.062] [INFO] ICC - RID:[1517593800040]-[SELECT]-[END]:[OK]
[2018-02-02T11:50:00.062] [INFO] ICC - RID:[1517593800040]-[REQUEST]-[END]:[/getAllOrdenServicio]
[2018-02-02T11:53:56.815] [INFO] ICC - RID:[1517594036815]-[REQUEST]-[START]:[/defaultSelect]
[2018-02-02T11:53:56.816] [INFO] ICC - RID:[1517594036815]-[SELECT]-[START]
[2018-02-02T11:53:56.856] [INFO] ICC - RID:[1517594036815]-[SELECT]-[END]:[OK]
[2018-02-02T11:53:56.856] [INFO] ICC - RID:[1517594036815]-[REQUEST]-[END]:[/defaultSelect]
[2018-02-02T11:53:57.067] [INFO] ICC - RID:[1517594037067]-[REQUEST]-[START]:[/getAllOrdenServicio]
[2018-02-02T11:53:57.067] [INFO] ICC - RID:[1517594037067]-[SELECT]-[START]
[2018-02-02T11:53:57.097] [INFO] ICC - RID:[1517594037067]-[SELECT]-[END]:[OK]
[2018-02-02T11:53:57.097] [INFO] ICC - RID:[1517594037067]-[REQUEST]-[END]:[/getAllOrdenServicio]
[2018-02-02T11:54:00.962] [INFO] ICC - RID:[1517594040962]-[REQUEST]-[START]:[/setStatusOrdenServicio]
[2018-02-02T11:54:00.963] [INFO] ICC - RID:[1517594040962]-[FREE-DML]-[START]
[2018-02-02T11:54:01.013] [INFO] ICC - RID:[1517594040962]-[FREE-DML]-[END]:[OK]
[2018-02-02T11:54:01.014] [INFO] ICC - RID:[1517594040962]-[REQUEST]-[END]:[/setStatusOrdenServicio]
[2018-02-02T11:54:01.100] [INFO] ICC - RID:[1517594041100]-[REQUEST]-[START]:[/getAllOrdenServicio]
[2018-02-02T11:54:01.101] [INFO] ICC - RID:[1517594041100]-[SELECT]-[START]
[2018-02-02T11:54:01.126] [INFO] ICC - RID:[1517594041100]-[SELECT]-[END]:[OK]
[2018-02-02T11:54:01.126] [INFO] ICC - RID:[1517594041100]-[REQUEST]-[END]:[/getAllOrdenServicio]
[2018-02-02T11:54:08.319] [INFO] ICC - RID:[1517594048319]-[REQUEST]-[START]:[/getPrefacturaMensual]
[2018-02-02T11:54:08.320] [INFO] ICC - RID:[1517594048319]-[SELECT]-[START]
[2018-02-02T11:54:08.353] [INFO] ICC - RID:[1517594048319]-[SELECT]-[END]:[OK]
[2018-02-02T11:54:08.353] [INFO] ICC - RID:[1517594048319]-[REQUEST]-[END]:[/getReport]
[2018-02-02T11:54:21.291] [INFO] ICC - RID:[1517594061291]-[REQUEST]-[START]:[/setStatusOrdenServicio]
[2018-02-02T11:54:21.291] [INFO] ICC - RID:[1517594061291]-[FREE-DML]-[START]
[2018-02-02T11:54:21.306] [INFO] ICC - RID:[1517594061291]-[FREE-DML]-[END]:[OK]
[2018-02-02T11:54:21.306] [INFO] ICC - RID:[1517594061291]-[REQUEST]-[END]:[/setStatusOrdenServicio]
[2018-02-02T11:54:21.376] [INFO] ICC - RID:[1517594061376]-[REQUEST]-[START]:[/getAllOrdenServicio]
[2018-02-02T11:54:21.376] [INFO] ICC - RID:[1517594061376]-[SELECT]-[START]
[2018-02-02T11:54:21.442] [INFO] ICC - RID:[1517594061376]-[SELECT]-[END]:[OK]
[2018-02-02T11:54:21.442] [INFO] ICC - RID:[1517594061376]-[REQUEST]-[END]:[/getAllOrdenServicio]
[2018-02-02T11:55:05.593] [INFO] ICC - RID:[1517594105593]-[REQUEST]-[START]:[/defaultSelect]
[2018-02-02T11:55:05.593] [INFO] ICC - RID:[1517594105593]-[SELECT]-[START]
[2018-02-02T11:55:05.621] [INFO] ICC - RID:[1517594105593]-[SELECT]-[END]:[OK]
[2018-02-02T11:55:05.621] [INFO] ICC - RID:[1517594105593]-[REQUEST]-[END]:[/defaultSelect]
[2018-02-02T11:55:05.848] [INFO] ICC - RID:[1517594105848]-[REQUEST]-[START]:[/getAllOrdenServicio]
[2018-02-02T11:55:05.848] [INFO] ICC - RID:[1517594105848]-[SELECT]-[START]
[2018-02-02T11:55:05.875] [INFO] ICC - RID:[1517594105848]-[SELECT]-[END]:[OK]
[2018-02-02T11:55:05.875] [INFO] ICC - RID:[1517594105848]-[REQUEST]-[END]:[/getAllOrdenServicio]
[2018-02-02T11:55:09.270] [INFO] ICC - RID:[1517594109269]-[REQUEST]-[START]:[/getPrefacturaMensual]
[2018-02-02T11:55:09.270] [INFO] ICC - RID:[1517594109269]-[SELECT]-[START]
[2018-02-02T11:55:09.271] [INFO] ICC - RID:[1517594109271]-[REQUEST]-[START]:[/setStatusOrdenServicio]
[2018-02-02T11:55:09.272] [INFO] ICC - RID:[1517594109271]-[FREE-DML]-[START]
[2018-02-02T11:55:09.292] [INFO] ICC - RID:[1517594109292]-[REQUEST]-[START]:[/getAllOrdenServicio]
[2018-02-02T11:55:09.292] [INFO] ICC - RID:[1517594109292]-[SELECT]-[START]
