[2018-02-07T08:46:06.955] [INFO] ICC - [BACKEND]-[WEBSERVICES] init on port:[3000]
[2018-02-07T08:46:39.467] [INFO] ICC - RID:[1518014799466]-[REQUEST]-[START]:[/defaultSelect]
[2018-02-07T08:46:39.468] [INFO] ICC - RID:[1518014799466]-[SELECT]-[START]
[2018-02-07T08:46:39.468] [DEBUG] DCC - RID:[1518014799466]-[SELECT]-[QUERY]:[SELECT [CRED].[ID_CREDENCIAL]
      ,[CRED].[NOMBRE]
      ,[CRED].[USUARIO_NOMBRE]
      ,[CRED].[ID_AUTORIDAD]
	  ,[AUTH].[NOMBRE_AUTORIDAD]
	  ,[AUTH].[ID_ZONA]
         ,[CRED].[ID_ROL]
	  ,[ROL].[NOMBRE_ROL]
	  ,[ROL].[PRIVILEGIOS]
      ,[CRED].[ID_CREDENCIAL_SUPERIOR]
  FROM [dbo].[SLOAA_TR_CREDENCIAL] [CRED]
  LEFT JOIN  [dbo].[SLOAA_TC_AUTORIDAD] [AUTH] ON [CRED].[ID_AUTORIDAD]=[AUTH].[ID_AUTORIDAD]
  LEFT JOIN  [dbo].[SLOAA_TS_ROL] [ROL] ON [CRED].[ID_ROL]=[ROL].[ID_ROL]
  
  WHERE 
	            [CRED].[USUARIO_NOMBRE]='carlos.palacios'
		AND [CRED].[USUARIO_PASSWORD]='12345']
[2018-02-07T08:46:54.477] [ERROR] ECC - RID:[1518014799466]-[SELECT]-[END]:[FAIL]:[Failed to connect to 192.168.56.101:1433 in 15000ms]
[2018-02-07T08:46:54.479] [ERROR] ECC - RID:[1518014799466]-[REQUEST]-[ERROR]:[Failed to connect to 192.168.56.101:1433 in 15000ms]:[/defaultSelect]
