[2018-01-19T22:34:25.002] [INFO] ICC - [BACKEND]-[WEBSERVICES] init on port:[3000]
[2018-01-19T22:35:57.974] [INFO] ICC - RID:[1516422957972]-[REQUEST]-[START]:[/getAllOrdenServicio]
[2018-01-19T22:35:57.975] [DEBUG] DCC - {"missing":[{"requiredFieldName":"idCredencial","requiredFieldType":"string"}]}
[2018-01-19T22:35:57.975] [ERROR] ECC - RID:[1516422957972]-[REQUEST]-[ERROR]:[Input parameter problem.]:[/getAllOrdenServicio]
[2018-01-19T22:36:08.706] [INFO] ICC - RID:[1516422968700]-[REQUEST]-[START]:[/getAllOrdenServicio]
[2018-01-19T22:36:08.707] [INFO] ICC - RID:[1516422968700]-[SELECT]-[START]
[2018-01-19T22:36:08.708] [DEBUG] DCC - RID:[1516422968700]-[SELECT]-[QUERY]:[SELECT  [ORD].[ID_ORDEN_SERVICIO]
      ,[ORD].[NUM_ORDEN]
      ,[ORD].[FECHA_SOLICITUD]
      ,[ORD].[ID_CREDENCIAL]
      ,[ORD].[DOMICILIO]
      ,[ORD].[FIRMA1_USER1]
      ,[ORD].[FIRMA1_USER2]
      ,[ORD].[FIRMA2_USER1]
      ,[ORD].[FIRMA2_USER2]
      ,[ORD].[ID_STATUS]
      ,[ORD].[METAINFO_FECHA_CREACION]
      ,[ORD].[METAINFO_IP]
      ,[ORD].[METAINFO_MAC_ADRR]
      ,[ORD].[LLAVE_SISTEMA]
  FROM [dbo].[SLOAA_TR_ORDEN_SERVICIO] [ORD]
  WHERE
  1=1
 ]
[2018-01-19T22:36:15.648] [INFO] ICC - RID:[1516422968700]-[SELECT]-[END]:[OK]
[2018-01-19T22:36:15.649] [INFO] ICC - RID:[1516422968700]-[REQUEST]-[END]:[/getAllOrdenServicio]
