[2018-01-20T00:54:12.833] [INFO] ICC - [BACKEND]-[WEBSERVICES] init on port:[3000]
[2018-01-20T00:54:15.825] [INFO] ICC - RID:[1516431255823]-[REQUEST]-[START]:[/createOrdenServicio]
[2018-01-20T00:54:20.959] [INFO] ICC - RID:[1516431255823]-[SELECT]-[START]
[2018-01-20T00:54:20.960] [DEBUG] DCC - RID:[1516431255823]-[SELECT]-[QUERY]:[SELECT
	CASE
	WHEN  MAX([ORD].[NUM_ORDEN]) IS NULL THEN 1
	ELSE MAX([ORD].[NUM_ORDEN])+1
	END  NEW_ORDEN
      
  FROM [dbo].[SLOAA_TR_ORDEN_SERVICIO] [ORD]
  LEFT JOIN [dbo].[SLOAA_TR_CREDENCIAL] [CRED] ON [ORD].[ID_CREDENCIAL]=[CRED].[ID_CREDENCIAL]
  WHERE
  1=1
	AND MONTH([ORD].[METAINFO_FECHA_CREACION])= MONTH(GetDate()) 
	AND YEAR([ORD].[METAINFO_FECHA_CREACION])= YEAR(GetDate()) 
	AND [CRED].[ID_AUTORIDAD]=1]
[2018-01-20T00:54:28.437] [INFO] ICC - RID:[1516431255823]-[SELECT]-[END]:[OK]
[2018-01-20T00:55:32.045] [INFO] ICC - RID:[1516431255823]-[FREE-DML]-[START]
[2018-01-20T00:55:32.046] [DEBUG] DCC - RID:[1516431255823]-[FREE-DML]-[DML]:[INSERT INTO [dbo].[SLOAA_TR_ORDEN_SERVICIO]
  (
		
       [ORD].[NUM_ORDEN]
      ,[ORD].[FECHA_SOLICITUD]
      ,[ORD].[ID_CREDENCIAL]
      ,[ORD].[DOMICILIO]
      ,[ORD].[ID_STATUS]
      ,[ORD].[METAINFO_FECHA_CREACION]
      ,[ORD].[METAINFO_IP]
      ,[ORD].[METAINFO_MAC_ADRR]
      ,[ORD].[LLAVE_SISTEMA]
	  )
	  VALUES
	  (
	    32,
		'2012-06-18T10:34:09',
		1,
		'otro lugar',
		1,
		GetDate(),
		'::1',
		' 00:00:00:a1:2b:cc',
		'332132132131ds'
	  )]
[2018-01-20T00:58:54.441] [INFO] ICC - RID:[1516431255823]-[FREE-DML]-[END]:[OK]
