[2018-01-31T16:01:16.332] [INFO] ICC - RID:[1517436076332]-[REQUEST]-[START]:[/defaultSelect]
[2018-01-31T16:01:16.333] [INFO] ICC - RID:[1517436076332]-[SELECT]-[START]
[2018-01-31T16:01:16.363] [INFO] ICC - RID:[1517436076332]-[SELECT]-[END]:[OK]
[2018-01-31T16:01:16.363] [INFO] ICC - RID:[1517436076332]-[REQUEST]-[END]:[/defaultSelect]
[2018-01-31T16:01:16.536] [INFO] ICC - RID:[1517436076536]-[REQUEST]-[START]:[/getAllOrdenServicio]
[2018-01-31T16:01:16.536] [INFO] ICC - RID:[1517436076536]-[SELECT]-[START]
[2018-01-31T16:01:16.564] [INFO] ICC - RID:[1517436076536]-[SELECT]-[END]:[OK]
[2018-01-31T16:01:16.564] [INFO] ICC - RID:[1517436076536]-[REQUEST]-[END]:[/getAllOrdenServicio]
[2018-01-31T16:01:19.335] [INFO] ICC - RID:[1517436079335]-[REQUEST]-[START]:[/getAllCotizacionXOrden]
[2018-01-31T16:01:19.335] [INFO] ICC - RID:[1517436079335]-[SELECT]-[START]
[2018-01-31T16:01:19.482] [INFO] ICC - RID:[1517436079335]-[SELECT]-[END]:[OK]
[2018-01-31T16:01:19.482] [INFO] ICC - RID:[1517436079335]-[REQUEST]-[END]:[/getAllCotizacionXOrden]
[2018-01-31T16:01:20.810] [INFO] ICC - RID:[1517436080810]-[REQUEST]-[START]:[/getAllOrdenServicio]
[2018-01-31T16:01:20.810] [INFO] ICC - RID:[1517436080810]-[SELECT]-[START]
[2018-01-31T16:01:20.883] [INFO] ICC - RID:[1517436080810]-[SELECT]-[END]:[OK]
[2018-01-31T16:01:20.883] [INFO] ICC - RID:[1517436080810]-[REQUEST]-[END]:[/getAllOrdenServicio]
[2018-01-31T16:01:39.942] [INFO] ICC - RID:[1517436099941]-[REQUEST]-[START]:[/getAllCotizacionXOrden]
[2018-01-31T16:01:39.942] [ERROR] ECC - RID:[1517436099941]-[REQUEST]-[ERROR]:[Input parameter problem.]:[/getAllCotizacionXOrden]
[2018-01-31T16:02:31.569] [INFO] ICC - RID:[1517436151569]-[REQUEST]-[START]:[/defaultSelect]
[2018-01-31T16:02:31.570] [INFO] ICC - RID:[1517436151569]-[SELECT]-[START]
[2018-01-31T16:02:31.599] [INFO] ICC - RID:[1517436151569]-[SELECT]-[END]:[OK]
[2018-01-31T16:02:31.599] [INFO] ICC - RID:[1517436151569]-[REQUEST]-[END]:[/defaultSelect]
[2018-01-31T16:02:31.806] [INFO] ICC - RID:[1517436151806]-[REQUEST]-[START]:[/getAllOrdenServicio]
[2018-01-31T16:02:31.806] [INFO] ICC - RID:[1517436151806]-[SELECT]-[START]
[2018-01-31T16:02:31.835] [INFO] ICC - RID:[1517436151806]-[SELECT]-[END]:[OK]
[2018-01-31T16:02:31.835] [INFO] ICC - RID:[1517436151806]-[REQUEST]-[END]:[/getAllOrdenServicio]
[2018-01-31T16:02:36.353] [INFO] ICC - RID:[1517436156353]-[REQUEST]-[START]:[/getAllCotizacionXOrden]
[2018-01-31T16:02:36.353] [INFO] ICC - RID:[1517436156353]-[SELECT]-[START]
[2018-01-31T16:02:36.383] [INFO] ICC - RID:[1517436156353]-[SELECT]-[END]:[OK]
[2018-01-31T16:02:36.383] [INFO] ICC - RID:[1517436156353]-[REQUEST]-[END]:[/getAllCotizacionXOrden]
[2018-01-31T16:02:38.342] [INFO] ICC - RID:[1517436158342]-[REQUEST]-[START]:[/getAllOrdenServicio]
[2018-01-31T16:02:38.342] [INFO] ICC - RID:[1517436158342]-[SELECT]-[START]
[2018-01-31T16:02:38.362] [INFO] ICC - RID:[1517436158342]-[SELECT]-[END]:[OK]
[2018-01-31T16:02:38.362] [INFO] ICC - RID:[1517436158342]-[REQUEST]-[END]:[/getAllOrdenServicio]
[2018-01-31T16:02:39.850] [INFO] ICC - RID:[1517436159850]-[REQUEST]-[START]:[/getAllCotizacionXOrden]
[2018-01-31T16:02:39.850] [INFO] ICC - RID:[1517436159850]-[SELECT]-[START]
[2018-01-31T16:02:39.868] [INFO] ICC - RID:[1517436159850]-[SELECT]-[END]:[OK]
[2018-01-31T16:02:39.868] [INFO] ICC - RID:[1517436159850]-[REQUEST]-[END]:[/getAllCotizacionXOrden]
[2018-01-31T16:02:42.860] [INFO] ICC - RID:[1517436162860]-[REQUEST]-[START]:[/getAllCotizacionXOrden]
[2018-01-31T16:02:42.860] [INFO] ICC - RID:[1517436162860]-[SELECT]-[START]
[2018-01-31T16:02:42.878] [INFO] ICC - RID:[1517436162860]-[SELECT]-[END]:[OK]
[2018-01-31T16:02:42.878] [INFO] ICC - RID:[1517436162860]-[REQUEST]-[END]:[/getAllCotizacionXOrden]
[2018-01-31T16:02:44.428] [INFO] ICC - RID:[1517436164428]-[REQUEST]-[START]:[/getAllCotizacionXOrden]
[2018-01-31T16:02:44.428] [ERROR] ECC - RID:[1517436164428]-[REQUEST]-[ERROR]:[Input parameter problem.]:[/getAllCotizacionXOrden]
[2018-01-31T16:03:54.499] [INFO] ICC - RID:[1517436234499]-[REQUEST]-[START]:[/defaultSelect]
[2018-01-31T16:03:54.499] [INFO] ICC - RID:[1517436234499]-[SELECT]-[START]
[2018-01-31T16:03:54.527] [INFO] ICC - RID:[1517436234499]-[SELECT]-[END]:[OK]
[2018-01-31T16:03:54.527] [INFO] ICC - RID:[1517436234499]-[REQUEST]-[END]:[/defaultSelect]
[2018-01-31T16:03:54.708] [INFO] ICC - RID:[1517436234708]-[REQUEST]-[START]:[/getAllOrdenServicio]
[2018-01-31T16:03:54.708] [INFO] ICC - RID:[1517436234708]-[SELECT]-[START]
[2018-01-31T16:03:54.737] [INFO] ICC - RID:[1517436234708]-[SELECT]-[END]:[OK]
[2018-01-31T16:03:54.737] [INFO] ICC - RID:[1517436234708]-[REQUEST]-[END]:[/getAllOrdenServicio]
[2018-01-31T16:03:58.055] [INFO] ICC - RID:[1517436238055]-[REQUEST]-[START]:[/getAllCotizacionXOrden]
[2018-01-31T16:03:58.056] [INFO] ICC - RID:[1517436238055]-[SELECT]-[START]
[2018-01-31T16:03:58.087] [INFO] ICC - RID:[1517436238055]-[SELECT]-[END]:[OK]
[2018-01-31T16:03:58.088] [INFO] ICC - RID:[1517436238055]-[REQUEST]-[END]:[/getAllCotizacionXOrden]
[2018-01-31T16:03:59.056] [INFO] ICC - RID:[1517436239056]-[REQUEST]-[START]:[/getAllOrdenServicio]
[2018-01-31T16:03:59.056] [INFO] ICC - RID:[1517436239056]-[SELECT]-[START]
[2018-01-31T16:03:59.080] [INFO] ICC - RID:[1517436239056]-[SELECT]-[END]:[OK]
[2018-01-31T16:03:59.080] [INFO] ICC - RID:[1517436239056]-[REQUEST]-[END]:[/getAllOrdenServicio]
[2018-01-31T16:04:00.331] [INFO] ICC - RID:[1517436240331]-[REQUEST]-[START]:[/getAllCotizacionXOrden]
[2018-01-31T16:04:00.332] [INFO] ICC - RID:[1517436240331]-[SELECT]-[START]
[2018-01-31T16:04:00.351] [INFO] ICC - RID:[1517436240331]-[SELECT]-[END]:[OK]
[2018-01-31T16:04:00.351] [INFO] ICC - RID:[1517436240331]-[REQUEST]-[END]:[/getAllCotizacionXOrden]
[2018-01-31T16:04:02.227] [INFO] ICC - RID:[1517436242227]-[REQUEST]-[START]:[/getAllCotizacionXOrden]
[2018-01-31T16:04:02.227] [ERROR] ECC - RID:[1517436242227]-[REQUEST]-[ERROR]:[Input parameter problem.]:[/getAllCotizacionXOrden]
[2018-01-31T16:05:47.925] [INFO] ICC - RID:[1517436347925]-[REQUEST]-[START]:[/defaultSelect]
[2018-01-31T16:05:47.925] [INFO] ICC - RID:[1517436347925]-[SELECT]-[START]
[2018-01-31T16:05:47.947] [INFO] ICC - RID:[1517436347925]-[SELECT]-[END]:[OK]
[2018-01-31T16:05:47.947] [INFO] ICC - RID:[1517436347925]-[REQUEST]-[END]:[/defaultSelect]
[2018-01-31T16:05:48.149] [INFO] ICC - RID:[1517436348148]-[REQUEST]-[START]:[/getAllOrdenServicio]
[2018-01-31T16:05:48.149] [INFO] ICC - RID:[1517436348148]-[SELECT]-[START]
[2018-01-31T16:05:48.172] [INFO] ICC - RID:[1517436348148]-[SELECT]-[END]:[OK]
[2018-01-31T16:05:48.173] [INFO] ICC - RID:[1517436348148]-[REQUEST]-[END]:[/getAllOrdenServicio]
[2018-01-31T16:05:51.818] [INFO] ICC - RID:[1517436351818]-[REQUEST]-[START]:[/getAllCotizacionXOrden]
[2018-01-31T16:05:51.818] [INFO] ICC - RID:[1517436351818]-[SELECT]-[START]
[2018-01-31T16:05:51.839] [INFO] ICC - RID:[1517436351818]-[SELECT]-[END]:[OK]
[2018-01-31T16:05:51.840] [INFO] ICC - RID:[1517436351818]-[REQUEST]-[END]:[/getAllCotizacionXOrden]
[2018-01-31T16:05:53.126] [INFO] ICC - RID:[1517436353126]-[REQUEST]-[START]:[/getAllOrdenServicio]
[2018-01-31T16:05:53.126] [INFO] ICC - RID:[1517436353126]-[SELECT]-[START]
[2018-01-31T16:05:53.145] [INFO] ICC - RID:[1517436353126]-[SELECT]-[END]:[OK]
[2018-01-31T16:05:53.146] [INFO] ICC - RID:[1517436353126]-[REQUEST]-[END]:[/getAllOrdenServicio]
[2018-01-31T16:05:54.477] [INFO] ICC - RID:[1517436354477]-[REQUEST]-[START]:[/getAllCotizacionXOrden]
[2018-01-31T16:05:54.477] [INFO] ICC - RID:[1517436354477]-[SELECT]-[START]
[2018-01-31T16:05:54.492] [INFO] ICC - RID:[1517436354477]-[SELECT]-[END]:[OK]
[2018-01-31T16:05:54.492] [INFO] ICC - RID:[1517436354477]-[REQUEST]-[END]:[/getAllCotizacionXOrden]
[2018-01-31T16:05:55.727] [INFO] ICC - RID:[1517436355727]-[REQUEST]-[START]:[/getAllCotizacionXOrden]
[2018-01-31T16:05:55.728] [INFO] ICC - RID:[1517436355727]-[SELECT]-[START]
[2018-01-31T16:05:55.747] [INFO] ICC - RID:[1517436355727]-[SELECT]-[END]:[OK]
[2018-01-31T16:05:55.748] [INFO] ICC - RID:[1517436355727]-[REQUEST]-[END]:[/getAllCotizacionXOrden]
[2018-01-31T16:05:58.183] [INFO] ICC - RID:[1517436358183]-[REQUEST]-[START]:[/getAllOrdenServicio]
[2018-01-31T16:05:58.183] [ERROR] ECC - RID:[1517436358183]-[REQUEST]-[ERROR]:[Input parameter problem.]:[/getAllOrdenServicio]
[2018-01-31T16:07:31.807] [INFO] ICC - RID:[1517436451807]-[REQUEST]-[START]:[/defaultSelect]
[2018-01-31T16:07:31.807] [INFO] ICC - RID:[1517436451807]-[SELECT]-[START]
[2018-01-31T16:07:31.835] [INFO] ICC - RID:[1517436451807]-[SELECT]-[END]:[OK]
[2018-01-31T16:07:31.835] [INFO] ICC - RID:[1517436451807]-[REQUEST]-[END]:[/defaultSelect]
[2018-01-31T16:07:32.036] [INFO] ICC - RID:[1517436452036]-[REQUEST]-[START]:[/getAllOrdenServicio]
[2018-01-31T16:07:32.036] [INFO] ICC - RID:[1517436452036]-[SELECT]-[START]
[2018-01-31T16:07:32.072] [INFO] ICC - RID:[1517436452036]-[SELECT]-[END]:[OK]
[2018-01-31T16:07:32.072] [INFO] ICC - RID:[1517436452036]-[REQUEST]-[END]:[/getAllOrdenServicio]
[2018-01-31T16:07:35.478] [INFO] ICC - RID:[1517436455478]-[REQUEST]-[START]:[/getAllCotizacionXOrden]
[2018-01-31T16:07:35.478] [INFO] ICC - RID:[1517436455478]-[SELECT]-[START]
[2018-01-31T16:07:35.502] [INFO] ICC - RID:[1517436455478]-[SELECT]-[END]:[OK]
[2018-01-31T16:07:35.502] [INFO] ICC - RID:[1517436455478]-[REQUEST]-[END]:[/getAllCotizacionXOrden]
[2018-01-31T16:07:36.579] [INFO] ICC - RID:[1517436456579]-[REQUEST]-[START]:[/getAllOrdenServicio]
[2018-01-31T16:07:36.580] [INFO] ICC - RID:[1517436456579]-[SELECT]-[START]
[2018-01-31T16:07:36.647] [INFO] ICC - RID:[1517436456579]-[SELECT]-[END]:[OK]
[2018-01-31T16:07:36.647] [INFO] ICC - RID:[1517436456579]-[REQUEST]-[END]:[/getAllOrdenServicio]
[2018-01-31T16:07:38.170] [INFO] ICC - RID:[1517436458169]-[REQUEST]-[START]:[/getAllCotizacionXOrden]
[2018-01-31T16:07:38.170] [INFO] ICC - RID:[1517436458169]-[SELECT]-[START]
[2018-01-31T16:07:38.192] [INFO] ICC - RID:[1517436458169]-[SELECT]-[END]:[OK]
[2018-01-31T16:07:38.192] [INFO] ICC - RID:[1517436458169]-[REQUEST]-[END]:[/getAllCotizacionXOrden]
[2018-01-31T16:07:39.411] [INFO] ICC - RID:[1517436459411]-[REQUEST]-[START]:[/getAllCotizacionXOrden]
[2018-01-31T16:07:39.411] [INFO] ICC - RID:[1517436459411]-[SELECT]-[START]
[2018-01-31T16:07:39.427] [INFO] ICC - RID:[1517436459411]-[SELECT]-[END]:[OK]
[2018-01-31T16:07:39.427] [INFO] ICC - RID:[1517436459411]-[REQUEST]-[END]:[/getAllCotizacionXOrden]
[2018-01-31T16:07:40.797] [INFO] ICC - RID:[1517436460796]-[REQUEST]-[START]:[/getAllOrdenServicio]
[2018-01-31T16:07:40.797] [INFO] ICC - RID:[1517436460796]-[SELECT]-[START]
[2018-01-31T16:07:40.814] [INFO] ICC - RID:[1517436460796]-[SELECT]-[END]:[OK]
[2018-01-31T16:07:40.815] [INFO] ICC - RID:[1517436460796]-[REQUEST]-[END]:[/getAllOrdenServicio]
[2018-01-31T16:09:02.367] [INFO] ICC - RID:[1517436542367]-[REQUEST]-[START]:[/defaultSelect]
[2018-01-31T16:09:02.367] [INFO] ICC - RID:[1517436542367]-[SELECT]-[START]
[2018-01-31T16:09:02.392] [INFO] ICC - RID:[1517436542367]-[SELECT]-[END]:[OK]
[2018-01-31T16:09:02.392] [INFO] ICC - RID:[1517436542367]-[REQUEST]-[END]:[/defaultSelect]
[2018-01-31T16:09:02.584] [INFO] ICC - RID:[1517436542584]-[REQUEST]-[START]:[/getAllOrdenServicio]
[2018-01-31T16:09:02.584] [INFO] ICC - RID:[1517436542584]-[SELECT]-[START]
[2018-01-31T16:09:02.610] [INFO] ICC - RID:[1517436542584]-[SELECT]-[END]:[OK]
[2018-01-31T16:09:02.610] [INFO] ICC - RID:[1517436542584]-[REQUEST]-[END]:[/getAllOrdenServicio]
[2018-01-31T16:09:06.878] [INFO] ICC - RID:[1517436546878]-[REQUEST]-[START]:[/getAllCotizacionXOrden]
[2018-01-31T16:09:06.878] [INFO] ICC - RID:[1517436546878]-[SELECT]-[START]
[2018-01-31T16:09:06.901] [INFO] ICC - RID:[1517436546878]-[SELECT]-[END]:[OK]
[2018-01-31T16:09:06.901] [INFO] ICC - RID:[1517436546878]-[REQUEST]-[END]:[/getAllCotizacionXOrden]
[2018-01-31T16:09:07.912] [INFO] ICC - RID:[1517436547912]-[REQUEST]-[START]:[/getAllOrdenServicio]
[2018-01-31T16:09:07.913] [INFO] ICC - RID:[1517436547912]-[SELECT]-[START]
[2018-01-31T16:09:07.936] [INFO] ICC - RID:[1517436547912]-[SELECT]-[END]:[OK]
[2018-01-31T16:09:07.936] [INFO] ICC - RID:[1517436547912]-[REQUEST]-[END]:[/getAllOrdenServicio]
[2018-01-31T16:09:09.820] [INFO] ICC - RID:[1517436549820]-[REQUEST]-[START]:[/getAllCotizacionXOrden]
[2018-01-31T16:09:09.820] [INFO] ICC - RID:[1517436549820]-[SELECT]-[START]
[2018-01-31T16:09:09.842] [INFO] ICC - RID:[1517436549820]-[SELECT]-[END]:[OK]
[2018-01-31T16:09:09.843] [INFO] ICC - RID:[1517436549820]-[REQUEST]-[END]:[/getAllCotizacionXOrden]
[2018-01-31T16:09:10.935] [INFO] ICC - RID:[1517436550935]-[REQUEST]-[START]:[/getAllCotizacionXOrden]
[2018-01-31T16:09:10.935] [INFO] ICC - RID:[1517436550935]-[SELECT]-[START]
[2018-01-31T16:09:10.954] [INFO] ICC - RID:[1517436550935]-[SELECT]-[END]:[OK]
[2018-01-31T16:09:10.955] [INFO] ICC - RID:[1517436550935]-[REQUEST]-[END]:[/getAllCotizacionXOrden]
[2018-01-31T16:09:12.069] [INFO] ICC - RID:[1517436552069]-[REQUEST]-[START]:[/getAllOrdenServicio]
[2018-01-31T16:09:12.070] [INFO] ICC - RID:[1517436552069]-[SELECT]-[START]
[2018-01-31T16:09:12.089] [INFO] ICC - RID:[1517436552069]-[SELECT]-[END]:[OK]
[2018-01-31T16:09:12.090] [INFO] ICC - RID:[1517436552069]-[REQUEST]-[END]:[/getAllOrdenServicio]
[2018-01-31T16:10:37.306] [INFO] ICC - RID:[1517436637306]-[REQUEST]-[START]:[/defaultSelect]
[2018-01-31T16:10:37.307] [INFO] ICC - RID:[1517436637306]-[SELECT]-[START]
[2018-01-31T16:10:37.326] [INFO] ICC - RID:[1517436637306]-[SELECT]-[END]:[OK]
[2018-01-31T16:10:37.327] [INFO] ICC - RID:[1517436637306]-[REQUEST]-[END]:[/defaultSelect]
[2018-01-31T16:10:37.521] [INFO] ICC - RID:[1517436637521]-[REQUEST]-[START]:[/getAllOrdenServicio]
[2018-01-31T16:10:37.521] [INFO] ICC - RID:[1517436637521]-[SELECT]-[START]
[2018-01-31T16:10:37.549] [INFO] ICC - RID:[1517436637521]-[SELECT]-[END]:[OK]
[2018-01-31T16:10:37.550] [INFO] ICC - RID:[1517436637521]-[REQUEST]-[END]:[/getAllOrdenServicio]
[2018-01-31T16:19:09.806] [INFO] ICC - RID:[1517437149806]-[REQUEST]-[START]:[/defaultSelect]
[2018-01-31T16:19:09.806] [INFO] ICC - RID:[1517437149806]-[SELECT]-[START]
[2018-01-31T16:19:09.830] [INFO] ICC - RID:[1517437149806]-[SELECT]-[END]:[OK]
[2018-01-31T16:19:09.830] [INFO] ICC - RID:[1517437149806]-[REQUEST]-[END]:[/defaultSelect]
[2018-01-31T16:19:10.015] [INFO] ICC - RID:[1517437150015]-[REQUEST]-[START]:[/getAllOrdenServicio]
[2018-01-31T16:19:10.016] [INFO] ICC - RID:[1517437150015]-[SELECT]-[START]
[2018-01-31T16:19:10.040] [INFO] ICC - RID:[1517437150015]-[SELECT]-[END]:[OK]
[2018-01-31T16:19:10.041] [INFO] ICC - RID:[1517437150015]-[REQUEST]-[END]:[/getAllOrdenServicio]
[2018-01-31T16:20:20.995] [INFO] ICC - RID:[1517437220995]-[REQUEST]-[START]:[/defaultSelect]
[2018-01-31T16:20:20.995] [INFO] ICC - RID:[1517437220995]-[SELECT]-[START]
[2018-01-31T16:20:21.016] [INFO] ICC - RID:[1517437220995]-[SELECT]-[END]:[OK]
[2018-01-31T16:20:21.016] [INFO] ICC - RID:[1517437220995]-[REQUEST]-[END]:[/defaultSelect]
[2018-01-31T16:20:21.181] [INFO] ICC - RID:[1517437221181]-[REQUEST]-[START]:[/getAllOrdenServicio]
[2018-01-31T16:20:21.181] [INFO] ICC - RID:[1517437221181]-[SELECT]-[START]
[2018-01-31T16:20:21.215] [INFO] ICC - RID:[1517437221181]-[SELECT]-[END]:[OK]
[2018-01-31T16:20:21.215] [INFO] ICC - RID:[1517437221181]-[REQUEST]-[END]:[/getAllOrdenServicio]
[2018-01-31T16:20:29.538] [INFO] ICC - RID:[1517437229538]-[REQUEST]-[START]:[/sendMailConfirmacionProvedor]
[2018-01-31T16:20:29.539] [ERROR] ECC - RID:[1517437229538]-[REQUEST]-[ERROR]:[Input parameter problem.]:[/sendMailConfirmacionProvedor]
[2018-01-31T16:20:49.673] [INFO] ICC - RID:[1517437249673]-[REQUEST]-[START]:[/defaultSelect]
[2018-01-31T16:20:49.673] [INFO] ICC - RID:[1517437249673]-[SELECT]-[START]
[2018-01-31T16:20:49.700] [INFO] ICC - RID:[1517437249673]-[SELECT]-[END]:[OK]
[2018-01-31T16:20:49.700] [INFO] ICC - RID:[1517437249673]-[REQUEST]-[END]:[/defaultSelect]
[2018-01-31T16:20:49.893] [INFO] ICC - RID:[1517437249893]-[REQUEST]-[START]:[/getAllOrdenServicio]
[2018-01-31T16:20:49.893] [INFO] ICC - RID:[1517437249893]-[SELECT]-[START]
[2018-01-31T16:20:49.919] [INFO] ICC - RID:[1517437249893]-[SELECT]-[END]:[OK]
[2018-01-31T16:20:49.920] [INFO] ICC - RID:[1517437249893]-[REQUEST]-[END]:[/getAllOrdenServicio]
[2018-01-31T16:20:54.525] [INFO] ICC - RID:[1517437254525]-[REQUEST]-[START]:[/setStatusOrdenServicio]
[2018-01-31T16:20:54.525] [ERROR] ECC - RID:[1517437254525]-[REQUEST]-[ERROR]:[Input parameter problem.]:[/setStatusOrdenServicio]
