[2018-01-29T09:24:49.333] [INFO] ICC - [BACKEND]-[WEBSERVICES] init on port:[3000]
[2018-01-29T09:24:51.915] [INFO] ICC - RID:[1517239491914]-[REQUEST]-[START]:[/defaultSelect]
[2018-01-29T09:24:51.916] [INFO] ICC - RID:[1517239491914]-[SELECT]-[START]
[2018-01-29T09:24:51.916] [DEBUG] DCC - RID:[1517239491914]-[SELECT]-[QUERY]:[SELECT [CRED].[ID_CREDENCIAL]
      ,[CRED].[NOMBRE]
      ,[CRED].[USUARIO_NOMBRE]
      ,[CRED].[ID_AUTORIDAD]
	  ,[AUTH].[NOMBRE_AUTORIDAD]
	  ,[AUTH].[ID_ZONA]
         ,[CRED].[ID_ROL]
	  ,[ROL].[NOMBRE_ROL]
	  ,[ROL].[PRIVILEGIOS]
      ,[CRED].[ID_CREDENCIAL_SUPERIOR]
  FROM [dbo].[SLOAA_TR_CREDENCIAL] [CRED]
  LEFT JOIN  [dbo].[SLOAA_TC_AUTORIDAD] [AUTH] ON [CRED].[ID_AUTORIDAD]=[AUTH].[ID_AUTORIDAD]
  LEFT JOIN  [dbo].[SLOAA_TS_ROL] [ROL] ON [CRED].[ID_ROL]=[ROL].[ID_ROL]
  
  WHERE 
	            [CRED].[USUARIO_NOMBRE]='carlos.palacios'
		AND [CRED].[USUARIO_PASSWORD]='12345']
[2018-01-29T09:24:51.975] [INFO] ICC - RID:[1517239491914]-[SELECT]-[END]:[OK]
[2018-01-29T09:24:51.975] [INFO] ICC - RID:[1517239491914]-[REQUEST]-[END]:[/defaultSelect]
[2018-01-29T09:24:52.158] [INFO] ICC - RID:[1517239492158]-[REQUEST]-[START]:[/getAllOrdenServicio]
[2018-01-29T09:24:52.159] [INFO] ICC - RID:[1517239492158]-[SELECT]-[START]
[2018-01-29T09:24:52.159] [DEBUG] DCC - RID:[1517239492158]-[SELECT]-[QUERY]:[SELECT  
	    [ORD].[ID_ORDEN_SERVICIO]
      ,[ORD].[NUM_ORDEN]
      ,[ORD].[FECHA_SOLICITUD]
      ,[ORD].[DOMICILIO]
      ,[ORD].[FIRMA1_USER1]
      ,[ORD].[FIRMA1_USER2]
      ,[ORD].[FIRMA2_USER1]
      ,[ORD].[FIRMA2_USER2]
      ,[ORD].[ID_STATUS]
      ,[ORD].[METAINFO_FECHA_CREACION]
      ,[ORD].[METAINFO_IP]
      ,[ORD].[METAINFO_MAC_ADRR]
      ,[ORD].[LLAVE_SISTEMA]
      ,[ORD].[CIERRE_TOTAL]
	  
	   ,[CRED].[ID_CREDENCIAL]
      ,[CRED].[NOMBRE]
      ,[CRED].[CARGO]
      ,[CRED].[TELEFONO]
      ,[CRED].[EXT]
      ,[CRED].[EMAIL]
      ,[CRED].[PTT]
      ,[CRED].[MOVIL]
      ,[CRED].[USUARIO_NOMBRE]
      ,[CRED].[USUARIO_PASSWORD]
      ,[CRED].[ID_ROL]
      ,[CRED].[ID_CREDENCIAL_SUPERIOR]

	   ,[AUTH].[ID_AUTORIDAD]
      ,[AUTH].[NOMBRE_AUTORIDAD]
      ,[AUTH].[ESTADO]
      ,[AUTH].[NIVEL]
      ,[AUTH].[SERVICIO]
      ,[AUTH].[ID_ZONA] 
         FROM 
  [SLOAA_TR_ORDEN_SERVICIO] [ORD]
 LEFT JOIN [SLOAA_TR_CREDENCIAL] [CRED] ON  [CRED].[ID_CREDENCIAL]=[ORD].[ID_CREDENCIAL]
 LEFT JOIN [SLOAA_TC_AUTORIDAD] [AUTH] ON  [AUTH].[ID_AUTORIDAD]=[CRED].[ID_AUTORIDAD]
  WHERE
  1=1
 ]
[2018-01-29T09:24:52.188] [INFO] ICC - RID:[1517239492158]-[SELECT]-[END]:[OK]
[2018-01-29T09:24:52.188] [INFO] ICC - RID:[1517239492158]-[REQUEST]-[END]:[/getAllOrdenServicio]
[2018-01-29T09:24:53.144] [INFO] ICC - RID:[1517239493144]-[REQUEST]-[START]:[/getAllCotizacionXOrden]
[2018-01-29T09:24:53.144] [DEBUG] DCC - {"missing":[{"requiredFieldName":"idOrdenServicio","requiredFieldType":"string"}],"extra":[{"inputFieldName":"_dc","inputFieldType":"string"},{"inputFieldName":"uno","inputFieldType":"string"},{"inputFieldName":"page","inputFieldType":"string"},{"inputFieldName":"start","inputFieldType":"string"},{"inputFieldName":"limit","inputFieldType":"string"},{"inputFieldName":"callback","inputFieldType":"string"}]}
[2018-01-29T09:24:53.145] [ERROR] ECC - RID:[1517239493144]-[REQUEST]-[ERROR]:[Input parameter problem.]:[/getAllCotizacionXOrden]
[2018-01-29T09:24:53.157] [INFO] ICC - RID:[1517239493157]-[REQUEST]-[START]:[/getAllCotizacionXOrden]
[2018-01-29T09:24:53.158] [DEBUG] DCC - {"missing":[{"requiredFieldName":"idOrdenServicio","requiredFieldType":"string"}],"extra":[{"inputFieldName":"_dc","inputFieldType":"string"},{"inputFieldName":"uno","inputFieldType":"string"},{"inputFieldName":"page","inputFieldType":"string"},{"inputFieldName":"start","inputFieldType":"string"},{"inputFieldName":"limit","inputFieldType":"string"},{"inputFieldName":"callback","inputFieldType":"string"}]}
[2018-01-29T09:24:53.158] [ERROR] ECC - RID:[1517239493157]-[REQUEST]-[ERROR]:[Input parameter problem.]:[/getAllCotizacionXOrden]
[2018-01-29T09:24:56.106] [INFO] ICC - RID:[1517239496106]-[REQUEST]-[START]:[/getAllTipoServicio]
[2018-01-29T09:24:56.106] [INFO] ICC - RID:[1517239496106]-[SELECT]-[START]
[2018-01-29T09:24:56.106] [DEBUG] DCC - RID:[1517239496106]-[SELECT]-[QUERY]:[SELECT 
 DISTINCT([SEL].[ID_TIPO_SERVICIO]),
		  [SEL].[TIPO]
 FROM  (
		SELECT [PSXS].[ID_PRESTADOR_SERVICIO]
			  ,[PSXS].[ID_ZONA]
			  ,[PSXS].[ID_SUBZONA]
			  ,[PSXS].[ID_TIPO_SERVICIO]
			  ,[TS].[TIPO]
			  ,[PSXS].[ID_SERVICIO]
		  FROM [SLOAA_TC_PRESTADOR_SERVICIOS_X_SERVICIO] [PSXS]
		  LEFT JOIN [SLOAA_TC_TIPO_SERVICIO] [TS] ON [PSXS].[ID_TIPO_SERVICIO]=[TS].[ID_TIPO_SERVICIO]
		  WHERE 
		  1=1
		  AND [PSXS].[ID_ZONA]=3
  )[SEL] ]
[2018-01-29T09:24:56.191] [INFO] ICC - RID:[1517239496106]-[SELECT]-[END]:[OK]
[2018-01-29T09:24:56.191] [INFO] ICC - RID:[1517239496106]-[REQUEST]-[END]:[/getAllTipoServicio]
[2018-01-29T09:24:58.303] [INFO] ICC - RID:[1517239498303]-[REQUEST]-[START]:[/getAllServicios]
[2018-01-29T09:24:58.303] [DEBUG] DCC - {"extra":[{"inputFieldName":"_dc","inputFieldType":"string"},{"inputFieldName":"query","inputFieldType":"string"},{"inputFieldName":"page","inputFieldType":"string"},{"inputFieldName":"start","inputFieldType":"string"},{"inputFieldName":"limit","inputFieldType":"string"},{"inputFieldName":"callback","inputFieldType":"string"}]}
[2018-01-29T09:24:58.303] [ERROR] ECC - RID:[1517239498303]-[REQUEST]-[ERROR]:[Input parameter problem.]:[/getAllServicios]
[2018-01-29T09:26:31.219] [INFO] ICC - RID:[1517239591219]-[REQUEST]-[START]:[/defaultSelect]
[2018-01-29T09:26:31.219] [INFO] ICC - RID:[1517239591219]-[SELECT]-[START]
[2018-01-29T09:26:31.219] [DEBUG] DCC - RID:[1517239591219]-[SELECT]-[QUERY]:[SELECT [CRED].[ID_CREDENCIAL]
      ,[CRED].[NOMBRE]
      ,[CRED].[USUARIO_NOMBRE]
      ,[CRED].[ID_AUTORIDAD]
	  ,[AUTH].[NOMBRE_AUTORIDAD]
	  ,[AUTH].[ID_ZONA]
         ,[CRED].[ID_ROL]
	  ,[ROL].[NOMBRE_ROL]
	  ,[ROL].[PRIVILEGIOS]
      ,[CRED].[ID_CREDENCIAL_SUPERIOR]
  FROM [dbo].[SLOAA_TR_CREDENCIAL] [CRED]
  LEFT JOIN  [dbo].[SLOAA_TC_AUTORIDAD] [AUTH] ON [CRED].[ID_AUTORIDAD]=[AUTH].[ID_AUTORIDAD]
  LEFT JOIN  [dbo].[SLOAA_TS_ROL] [ROL] ON [CRED].[ID_ROL]=[ROL].[ID_ROL]
  
  WHERE 
	            [CRED].[USUARIO_NOMBRE]='carlos.palacios'
		AND [CRED].[USUARIO_PASSWORD]='12345']
[2018-01-29T09:26:31.237] [INFO] ICC - RID:[1517239591219]-[SELECT]-[END]:[OK]
[2018-01-29T09:26:31.238] [INFO] ICC - RID:[1517239591219]-[REQUEST]-[END]:[/defaultSelect]
[2018-01-29T09:26:31.409] [INFO] ICC - RID:[1517239591409]-[REQUEST]-[START]:[/getAllOrdenServicio]
[2018-01-29T09:26:31.409] [INFO] ICC - RID:[1517239591409]-[SELECT]-[START]
[2018-01-29T09:26:31.409] [DEBUG] DCC - RID:[1517239591409]-[SELECT]-[QUERY]:[SELECT  
	    [ORD].[ID_ORDEN_SERVICIO]
      ,[ORD].[NUM_ORDEN]
      ,[ORD].[FECHA_SOLICITUD]
      ,[ORD].[DOMICILIO]
      ,[ORD].[FIRMA1_USER1]
      ,[ORD].[FIRMA1_USER2]
      ,[ORD].[FIRMA2_USER1]
      ,[ORD].[FIRMA2_USER2]
      ,[ORD].[ID_STATUS]
      ,[ORD].[METAINFO_FECHA_CREACION]
      ,[ORD].[METAINFO_IP]
      ,[ORD].[METAINFO_MAC_ADRR]
      ,[ORD].[LLAVE_SISTEMA]
      ,[ORD].[CIERRE_TOTAL]
	  
	   ,[CRED].[ID_CREDENCIAL]
      ,[CRED].[NOMBRE]
      ,[CRED].[CARGO]
      ,[CRED].[TELEFONO]
      ,[CRED].[EXT]
      ,[CRED].[EMAIL]
      ,[CRED].[PTT]
      ,[CRED].[MOVIL]
      ,[CRED].[USUARIO_NOMBRE]
      ,[CRED].[USUARIO_PASSWORD]
      ,[CRED].[ID_ROL]
      ,[CRED].[ID_CREDENCIAL_SUPERIOR]

	   ,[AUTH].[ID_AUTORIDAD]
      ,[AUTH].[NOMBRE_AUTORIDAD]
      ,[AUTH].[ESTADO]
      ,[AUTH].[NIVEL]
      ,[AUTH].[SERVICIO]
      ,[AUTH].[ID_ZONA] 
         FROM 
  [SLOAA_TR_ORDEN_SERVICIO] [ORD]
 LEFT JOIN [SLOAA_TR_CREDENCIAL] [CRED] ON  [CRED].[ID_CREDENCIAL]=[ORD].[ID_CREDENCIAL]
 LEFT JOIN [SLOAA_TC_AUTORIDAD] [AUTH] ON  [AUTH].[ID_AUTORIDAD]=[CRED].[ID_AUTORIDAD]
  WHERE
  1=1
 ]
[2018-01-29T09:26:31.431] [INFO] ICC - RID:[1517239591409]-[SELECT]-[END]:[OK]
[2018-01-29T09:26:31.431] [INFO] ICC - RID:[1517239591409]-[REQUEST]-[END]:[/getAllOrdenServicio]
[2018-01-29T09:26:32.743] [INFO] ICC - RID:[1517239592743]-[REQUEST]-[START]:[/getAllCotizacionXOrden]
[2018-01-29T09:26:32.744] [DEBUG] DCC - {"missing":[{"requiredFieldName":"idOrdenServicio","requiredFieldType":"string"}],"extra":[{"inputFieldName":"_dc","inputFieldType":"string"},{"inputFieldName":"uno","inputFieldType":"string"},{"inputFieldName":"page","inputFieldType":"string"},{"inputFieldName":"start","inputFieldType":"string"},{"inputFieldName":"limit","inputFieldType":"string"},{"inputFieldName":"callback","inputFieldType":"string"}]}
[2018-01-29T09:26:32.744] [ERROR] ECC - RID:[1517239592743]-[REQUEST]-[ERROR]:[Input parameter problem.]:[/getAllCotizacionXOrden]
[2018-01-29T09:26:32.755] [INFO] ICC - RID:[1517239592755]-[REQUEST]-[START]:[/getAllCotizacionXOrden]
[2018-01-29T09:26:32.755] [DEBUG] DCC - {"missing":[{"requiredFieldName":"idOrdenServicio","requiredFieldType":"string"}],"extra":[{"inputFieldName":"_dc","inputFieldType":"string"},{"inputFieldName":"uno","inputFieldType":"string"},{"inputFieldName":"page","inputFieldType":"string"},{"inputFieldName":"start","inputFieldType":"string"},{"inputFieldName":"limit","inputFieldType":"string"},{"inputFieldName":"callback","inputFieldType":"string"}]}
[2018-01-29T09:26:32.755] [ERROR] ECC - RID:[1517239592755]-[REQUEST]-[ERROR]:[Input parameter problem.]:[/getAllCotizacionXOrden]
[2018-01-29T09:26:34.843] [INFO] ICC - RID:[1517239594843]-[REQUEST]-[START]:[/getAllTipoServicio]
[2018-01-29T09:26:34.844] [INFO] ICC - RID:[1517239594843]-[SELECT]-[START]
[2018-01-29T09:26:34.844] [DEBUG] DCC - RID:[1517239594843]-[SELECT]-[QUERY]:[SELECT 
 DISTINCT([SEL].[ID_TIPO_SERVICIO]),
		  [SEL].[TIPO]
 FROM  (
		SELECT [PSXS].[ID_PRESTADOR_SERVICIO]
			  ,[PSXS].[ID_ZONA]
			  ,[PSXS].[ID_SUBZONA]
			  ,[PSXS].[ID_TIPO_SERVICIO]
			  ,[TS].[TIPO]
			  ,[PSXS].[ID_SERVICIO]
		  FROM [SLOAA_TC_PRESTADOR_SERVICIOS_X_SERVICIO] [PSXS]
		  LEFT JOIN [SLOAA_TC_TIPO_SERVICIO] [TS] ON [PSXS].[ID_TIPO_SERVICIO]=[TS].[ID_TIPO_SERVICIO]
		  WHERE 
		  1=1
		  AND [PSXS].[ID_ZONA]=3
  )[SEL] ]
[2018-01-29T09:26:34.860] [INFO] ICC - RID:[1517239594843]-[SELECT]-[END]:[OK]
[2018-01-29T09:26:34.860] [INFO] ICC - RID:[1517239594843]-[REQUEST]-[END]:[/getAllTipoServicio]
[2018-01-29T09:26:36.390] [INFO] ICC - RID:[1517239596390]-[REQUEST]-[START]:[/getAllServicios]
[2018-01-29T09:26:36.390] [DEBUG] DCC - {"extra":[{"inputFieldName":"_dc","inputFieldType":"string"},{"inputFieldName":"query","inputFieldType":"string"},{"inputFieldName":"page","inputFieldType":"string"},{"inputFieldName":"start","inputFieldType":"string"},{"inputFieldName":"limit","inputFieldType":"string"},{"inputFieldName":"callback","inputFieldType":"string"}]}
[2018-01-29T09:26:36.390] [ERROR] ECC - RID:[1517239596390]-[REQUEST]-[ERROR]:[Input parameter problem.]:[/getAllServicios]
