[2018-01-29T09:24:49.333] [INFO] ICC - [BACKEND]-[WEBSERVICES] init on port:[3000]
[2018-01-29T09:24:51.915] [INFO] ICC - RID:[1517239491914]-[REQUEST]-[START]:[/defaultSelect]
[2018-01-29T09:24:51.916] [INFO] ICC - RID:[1517239491914]-[SELECT]-[START]
[2018-01-29T09:24:51.975] [INFO] ICC - RID:[1517239491914]-[SELECT]-[END]:[OK]
[2018-01-29T09:24:51.975] [INFO] ICC - RID:[1517239491914]-[REQUEST]-[END]:[/defaultSelect]
[2018-01-29T09:24:52.158] [INFO] ICC - RID:[1517239492158]-[REQUEST]-[START]:[/getAllOrdenServicio]
[2018-01-29T09:24:52.159] [INFO] ICC - RID:[1517239492158]-[SELECT]-[START]
[2018-01-29T09:24:52.188] [INFO] ICC - RID:[1517239492158]-[SELECT]-[END]:[OK]
[2018-01-29T09:24:52.188] [INFO] ICC - RID:[1517239492158]-[REQUEST]-[END]:[/getAllOrdenServicio]
[2018-01-29T09:24:53.144] [INFO] ICC - RID:[1517239493144]-[REQUEST]-[START]:[/getAllCotizacionXOrden]
[2018-01-29T09:24:53.145] [ERROR] ECC - RID:[1517239493144]-[REQUEST]-[ERROR]:[Input parameter problem.]:[/getAllCotizacionXOrden]
[2018-01-29T09:24:53.157] [INFO] ICC - RID:[1517239493157]-[REQUEST]-[START]:[/getAllCotizacionXOrden]
[2018-01-29T09:24:53.158] [ERROR] ECC - RID:[1517239493157]-[REQUEST]-[ERROR]:[Input parameter problem.]:[/getAllCotizacionXOrden]
[2018-01-29T09:24:56.106] [INFO] ICC - RID:[1517239496106]-[REQUEST]-[START]:[/getAllTipoServicio]
[2018-01-29T09:24:56.106] [INFO] ICC - RID:[1517239496106]-[SELECT]-[START]
[2018-01-29T09:24:56.191] [INFO] ICC - RID:[1517239496106]-[SELECT]-[END]:[OK]
[2018-01-29T09:24:56.191] [INFO] ICC - RID:[1517239496106]-[REQUEST]-[END]:[/getAllTipoServicio]
[2018-01-29T09:24:58.303] [INFO] ICC - RID:[1517239498303]-[REQUEST]-[START]:[/getAllServicios]
[2018-01-29T09:24:58.303] [ERROR] ECC - RID:[1517239498303]-[REQUEST]-[ERROR]:[Input parameter problem.]:[/getAllServicios]
[2018-01-29T09:26:31.219] [INFO] ICC - RID:[1517239591219]-[REQUEST]-[START]:[/defaultSelect]
[2018-01-29T09:26:31.219] [INFO] ICC - RID:[1517239591219]-[SELECT]-[START]
[2018-01-29T09:26:31.237] [INFO] ICC - RID:[1517239591219]-[SELECT]-[END]:[OK]
[2018-01-29T09:26:31.238] [INFO] ICC - RID:[1517239591219]-[REQUEST]-[END]:[/defaultSelect]
[2018-01-29T09:26:31.409] [INFO] ICC - RID:[1517239591409]-[REQUEST]-[START]:[/getAllOrdenServicio]
[2018-01-29T09:26:31.409] [INFO] ICC - RID:[1517239591409]-[SELECT]-[START]
[2018-01-29T09:26:31.431] [INFO] ICC - RID:[1517239591409]-[SELECT]-[END]:[OK]
[2018-01-29T09:26:31.431] [INFO] ICC - RID:[1517239591409]-[REQUEST]-[END]:[/getAllOrdenServicio]
[2018-01-29T09:26:32.743] [INFO] ICC - RID:[1517239592743]-[REQUEST]-[START]:[/getAllCotizacionXOrden]
[2018-01-29T09:26:32.744] [ERROR] ECC - RID:[1517239592743]-[REQUEST]-[ERROR]:[Input parameter problem.]:[/getAllCotizacionXOrden]
[2018-01-29T09:26:32.755] [INFO] ICC - RID:[1517239592755]-[REQUEST]-[START]:[/getAllCotizacionXOrden]
[2018-01-29T09:26:32.755] [ERROR] ECC - RID:[1517239592755]-[REQUEST]-[ERROR]:[Input parameter problem.]:[/getAllCotizacionXOrden]
[2018-01-29T09:26:34.843] [INFO] ICC - RID:[1517239594843]-[REQUEST]-[START]:[/getAllTipoServicio]
[2018-01-29T09:26:34.844] [INFO] ICC - RID:[1517239594843]-[SELECT]-[START]
[2018-01-29T09:26:34.860] [INFO] ICC - RID:[1517239594843]-[SELECT]-[END]:[OK]
[2018-01-29T09:26:34.860] [INFO] ICC - RID:[1517239594843]-[REQUEST]-[END]:[/getAllTipoServicio]
[2018-01-29T09:26:36.390] [INFO] ICC - RID:[1517239596390]-[REQUEST]-[START]:[/getAllServicios]
[2018-01-29T09:26:36.390] [ERROR] ECC - RID:[1517239596390]-[REQUEST]-[ERROR]:[Input parameter problem.]:[/getAllServicios]
