[2018-02-02T09:19:24.911] [INFO] ICC - [BACKEND]-[WEBSERVICES] init on port:[3000]
[2018-02-02T09:19:27.656] [INFO] ICC - RID:[1517584767656]-[REQUEST]-[START]:[/getPrefacturaMensual]
[2018-02-02T09:19:27.657] [ERROR] ECC - RID:[1517584767656]-[REQUEST]-[ERROR]:[Input parameter problem.]:[/getReport]
[2018-02-02T09:27:24.744] [INFO] ICC - RID:[1517585244744]-[REQUEST]-[START]:[/defaultSelect]
[2018-02-02T09:27:24.745] [INFO] ICC - RID:[1517585244744]-[SELECT]-[START]
[2018-02-02T09:27:24.806] [INFO] ICC - RID:[1517585244744]-[SELECT]-[END]:[OK]
[2018-02-02T09:27:24.807] [INFO] ICC - RID:[1517585244744]-[REQUEST]-[END]:[/defaultSelect]
[2018-02-02T09:27:25.042] [INFO] ICC - RID:[1517585245042]-[REQUEST]-[START]:[/getAllOrdenServicio]
[2018-02-02T09:27:25.043] [INFO] ICC - RID:[1517585245042]-[SELECT]-[START]
[2018-02-02T09:27:25.073] [INFO] ICC - RID:[1517585245042]-[SELECT]-[END]:[OK]
[2018-02-02T09:27:25.073] [INFO] ICC - RID:[1517585245042]-[REQUEST]-[END]:[/getAllOrdenServicio]
[2018-02-02T09:27:27.419] [INFO] ICC - RID:[1517585247419]-[REQUEST]-[START]:[/getPrefacturaMensual]
[2018-02-02T09:27:27.420] [ERROR] ECC - RID:[1517585247419]-[REQUEST]-[ERROR]:[Input parameter problem.]:[/getReport]
[2018-02-02T09:27:56.224] [INFO] ICC - RID:[1517585276223]-[REQUEST]-[START]:[/defaultSelect]
[2018-02-02T09:27:56.224] [INFO] ICC - RID:[1517585276223]-[SELECT]-[START]
[2018-02-02T09:27:56.250] [INFO] ICC - RID:[1517585276223]-[SELECT]-[END]:[OK]
[2018-02-02T09:27:56.250] [INFO] ICC - RID:[1517585276223]-[REQUEST]-[END]:[/defaultSelect]
[2018-02-02T09:27:56.489] [INFO] ICC - RID:[1517585276489]-[REQUEST]-[START]:[/getAllOrdenServicio]
[2018-02-02T09:27:56.489] [INFO] ICC - RID:[1517585276489]-[SELECT]-[START]
[2018-02-02T09:27:56.526] [INFO] ICC - RID:[1517585276489]-[SELECT]-[END]:[OK]
[2018-02-02T09:27:56.526] [INFO] ICC - RID:[1517585276489]-[REQUEST]-[END]:[/getAllOrdenServicio]
[2018-02-02T09:27:57.610] [INFO] ICC - RID:[1517585277610]-[REQUEST]-[START]:[/getPrefacturaMensual]
[2018-02-02T09:27:57.610] [ERROR] ECC - RID:[1517585277610]-[REQUEST]-[ERROR]:[Input parameter problem.]:[/getReport]
[2018-02-02T09:29:02.257] [INFO] ICC - RID:[1517585342257]-[REQUEST]-[START]:[/defaultSelect]
[2018-02-02T09:29:02.258] [INFO] ICC - RID:[1517585342257]-[SELECT]-[START]
[2018-02-02T09:29:02.294] [INFO] ICC - RID:[1517585342257]-[SELECT]-[END]:[OK]
[2018-02-02T09:29:02.295] [INFO] ICC - RID:[1517585342257]-[REQUEST]-[END]:[/defaultSelect]
[2018-02-02T09:29:02.501] [INFO] ICC - RID:[1517585342501]-[REQUEST]-[START]:[/getAllOrdenServicio]
[2018-02-02T09:29:02.501] [INFO] ICC - RID:[1517585342501]-[SELECT]-[START]
[2018-02-02T09:29:02.525] [INFO] ICC - RID:[1517585342501]-[SELECT]-[END]:[OK]
[2018-02-02T09:29:02.525] [INFO] ICC - RID:[1517585342501]-[REQUEST]-[END]:[/getAllOrdenServicio]
[2018-02-02T09:29:03.115] [INFO] ICC - RID:[1517585343115]-[REQUEST]-[START]:[/getPrefacturaMensual]
[2018-02-02T09:29:03.116] [ERROR] ECC - RID:[1517585343115]-[REQUEST]-[ERROR]:[Input parameter problem.]:[/getReport]
[2018-02-02T09:30:22.520] [INFO] ICC - RID:[1517585422520]-[REQUEST]-[START]:[/getPrefacturaMensual]
[2018-02-02T09:30:22.520] [ERROR] ECC - RID:[1517585422520]-[REQUEST]-[ERROR]:[Input parameter problem.]:[/getReport]
[2018-02-02T09:32:05.361] [INFO] ICC - RID:[1517585525360]-[REQUEST]-[START]:[/defaultSelect]
[2018-02-02T09:32:05.361] [INFO] ICC - RID:[1517585525360]-[SELECT]-[START]
[2018-02-02T09:32:05.389] [INFO] ICC - RID:[1517585525360]-[SELECT]-[END]:[OK]
[2018-02-02T09:32:05.390] [INFO] ICC - RID:[1517585525360]-[REQUEST]-[END]:[/defaultSelect]
[2018-02-02T09:32:05.636] [INFO] ICC - RID:[1517585525636]-[REQUEST]-[START]:[/getAllOrdenServicio]
[2018-02-02T09:32:05.636] [INFO] ICC - RID:[1517585525636]-[SELECT]-[START]
[2018-02-02T09:32:05.661] [INFO] ICC - RID:[1517585525636]-[SELECT]-[END]:[OK]
[2018-02-02T09:32:05.662] [INFO] ICC - RID:[1517585525636]-[REQUEST]-[END]:[/getAllOrdenServicio]
[2018-02-02T09:33:08.468] [INFO] ICC - RID:[1517585588468]-[REQUEST]-[START]:[/defaultSelect]
[2018-02-02T09:33:08.468] [INFO] ICC - RID:[1517585588468]-[SELECT]-[START]
[2018-02-02T09:33:08.494] [INFO] ICC - RID:[1517585588468]-[SELECT]-[END]:[OK]
[2018-02-02T09:33:08.495] [INFO] ICC - RID:[1517585588468]-[REQUEST]-[END]:[/defaultSelect]
[2018-02-02T09:33:08.709] [INFO] ICC - RID:[1517585588709]-[REQUEST]-[START]:[/getAllOrdenServicio]
[2018-02-02T09:33:08.709] [INFO] ICC - RID:[1517585588709]-[SELECT]-[START]
[2018-02-02T09:33:08.741] [INFO] ICC - RID:[1517585588709]-[SELECT]-[END]:[OK]
[2018-02-02T09:33:08.741] [INFO] ICC - RID:[1517585588709]-[REQUEST]-[END]:[/getAllOrdenServicio]
[2018-02-02T09:33:24.397] [INFO] ICC - RID:[1517585604397]-[REQUEST]-[START]:[/defaultSelect]
[2018-02-02T09:33:24.397] [INFO] ICC - RID:[1517585604397]-[SELECT]-[START]
[2018-02-02T09:33:24.422] [INFO] ICC - RID:[1517585604397]-[SELECT]-[END]:[OK]
[2018-02-02T09:33:24.422] [INFO] ICC - RID:[1517585604397]-[REQUEST]-[END]:[/defaultSelect]
[2018-02-02T09:33:24.631] [INFO] ICC - RID:[1517585604631]-[REQUEST]-[START]:[/getAllOrdenServicio]
[2018-02-02T09:33:24.631] [INFO] ICC - RID:[1517585604631]-[SELECT]-[START]
[2018-02-02T09:33:24.658] [INFO] ICC - RID:[1517585604631]-[SELECT]-[END]:[OK]
[2018-02-02T09:33:24.659] [INFO] ICC - RID:[1517585604631]-[REQUEST]-[END]:[/getAllOrdenServicio]
[2018-02-02T09:35:29.663] [INFO] ICC - RID:[1517585729663]-[REQUEST]-[START]:[/defaultSelect]
[2018-02-02T09:35:29.664] [INFO] ICC - RID:[1517585729663]-[SELECT]-[START]
[2018-02-02T09:35:29.696] [INFO] ICC - RID:[1517585729663]-[SELECT]-[END]:[OK]
[2018-02-02T09:35:29.696] [INFO] ICC - RID:[1517585729663]-[REQUEST]-[END]:[/defaultSelect]
[2018-02-02T09:35:29.948] [INFO] ICC - RID:[1517585729948]-[REQUEST]-[START]:[/getAllOrdenServicio]
[2018-02-02T09:35:29.948] [INFO] ICC - RID:[1517585729948]-[SELECT]-[START]
[2018-02-02T09:35:29.979] [INFO] ICC - RID:[1517585729948]-[SELECT]-[END]:[OK]
[2018-02-02T09:35:29.980] [INFO] ICC - RID:[1517585729948]-[REQUEST]-[END]:[/getAllOrdenServicio]
[2018-02-02T09:37:19.673] [INFO] ICC - RID:[1517585839673]-[REQUEST]-[START]:[/defaultSelect]
[2018-02-02T09:37:19.673] [INFO] ICC - RID:[1517585839673]-[SELECT]-[START]
[2018-02-02T09:37:19.700] [INFO] ICC - RID:[1517585839673]-[SELECT]-[END]:[OK]
[2018-02-02T09:37:19.700] [INFO] ICC - RID:[1517585839673]-[REQUEST]-[END]:[/defaultSelect]
[2018-02-02T09:37:19.999] [INFO] ICC - RID:[1517585839999]-[REQUEST]-[START]:[/getAllOrdenServicio]
[2018-02-02T09:37:20.000] [INFO] ICC - RID:[1517585839999]-[SELECT]-[START]
[2018-02-02T09:37:20.030] [INFO] ICC - RID:[1517585839999]-[SELECT]-[END]:[OK]
[2018-02-02T09:37:20.031] [INFO] ICC - RID:[1517585839999]-[REQUEST]-[END]:[/getAllOrdenServicio]
[2018-02-02T09:38:38.828] [INFO] ICC - RID:[1517585918828]-[REQUEST]-[START]:[/defaultSelect]
[2018-02-02T09:38:38.829] [INFO] ICC - RID:[1517585918828]-[SELECT]-[START]
[2018-02-02T09:38:38.854] [INFO] ICC - RID:[1517585918828]-[SELECT]-[END]:[OK]
[2018-02-02T09:38:38.854] [INFO] ICC - RID:[1517585918828]-[REQUEST]-[END]:[/defaultSelect]
[2018-02-02T09:38:39.075] [INFO] ICC - RID:[1517585919075]-[REQUEST]-[START]:[/getAllOrdenServicio]
[2018-02-02T09:38:39.076] [INFO] ICC - RID:[1517585919075]-[SELECT]-[START]
[2018-02-02T09:38:39.111] [INFO] ICC - RID:[1517585919075]-[SELECT]-[END]:[OK]
[2018-02-02T09:38:39.112] [INFO] ICC - RID:[1517585919075]-[REQUEST]-[END]:[/getAllOrdenServicio]
[2018-02-02T09:38:50.777] [INFO] ICC - RID:[1517585930777]-[REQUEST]-[START]:[/defaultSelect]
[2018-02-02T09:38:50.777] [INFO] ICC - RID:[1517585930777]-[SELECT]-[START]
[2018-02-02T09:38:50.801] [INFO] ICC - RID:[1517585930777]-[SELECT]-[END]:[OK]
[2018-02-02T09:38:50.801] [INFO] ICC - RID:[1517585930777]-[REQUEST]-[END]:[/defaultSelect]
[2018-02-02T09:38:51.036] [INFO] ICC - RID:[1517585931036]-[REQUEST]-[START]:[/getAllOrdenServicio]
[2018-02-02T09:38:51.036] [INFO] ICC - RID:[1517585931036]-[SELECT]-[START]
[2018-02-02T09:38:51.063] [INFO] ICC - RID:[1517585931036]-[SELECT]-[END]:[OK]
[2018-02-02T09:38:51.065] [INFO] ICC - RID:[1517585931036]-[REQUEST]-[END]:[/getAllOrdenServicio]
[2018-02-02T09:39:02.299] [INFO] ICC - RID:[1517585942299]-[REQUEST]-[START]:[/defaultSelect]
[2018-02-02T09:39:02.300] [INFO] ICC - RID:[1517585942299]-[SELECT]-[START]
[2018-02-02T09:39:02.316] [INFO] ICC - RID:[1517585942299]-[SELECT]-[END]:[OK]
[2018-02-02T09:39:02.316] [INFO] ICC - RID:[1517585942299]-[REQUEST]-[END]:[/defaultSelect]
[2018-02-02T09:39:02.595] [INFO] ICC - RID:[1517585942595]-[REQUEST]-[START]:[/getAllOrdenServicio]
[2018-02-02T09:39:02.595] [INFO] ICC - RID:[1517585942595]-[SELECT]-[START]
[2018-02-02T09:39:02.616] [INFO] ICC - RID:[1517585942595]-[SELECT]-[END]:[OK]
[2018-02-02T09:39:02.616] [INFO] ICC - RID:[1517585942595]-[REQUEST]-[END]:[/getAllOrdenServicio]
[2018-02-02T09:39:55.714] [INFO] ICC - RID:[1517585995714]-[REQUEST]-[START]:[/defaultSelect]
[2018-02-02T09:39:55.715] [INFO] ICC - RID:[1517585995714]-[SELECT]-[START]
[2018-02-02T09:39:55.746] [INFO] ICC - RID:[1517585995714]-[SELECT]-[END]:[OK]
[2018-02-02T09:39:55.746] [INFO] ICC - RID:[1517585995714]-[REQUEST]-[END]:[/defaultSelect]
[2018-02-02T09:39:55.959] [INFO] ICC - RID:[1517585995959]-[REQUEST]-[START]:[/getAllOrdenServicio]
[2018-02-02T09:39:55.959] [INFO] ICC - RID:[1517585995959]-[SELECT]-[START]
[2018-02-02T09:39:55.987] [INFO] ICC - RID:[1517585995959]-[SELECT]-[END]:[OK]
[2018-02-02T09:39:55.987] [INFO] ICC - RID:[1517585995959]-[REQUEST]-[END]:[/getAllOrdenServicio]
[2018-02-02T09:39:59.045] [INFO] ICC - RID:[1517585999045]-[REQUEST]-[START]:[/getPrefacturaMensual]
[2018-02-02T09:39:59.045] [ERROR] ECC - RID:[1517585999045]-[REQUEST]-[ERROR]:[Input parameter problem.]:[/getReport]
[2018-02-02T09:40:08.086] [INFO] ICC - RID:[1517586008086]-[REQUEST]-[START]:[/getPrefacturaMensual]
[2018-02-02T09:40:08.086] [ERROR] ECC - RID:[1517586008086]-[REQUEST]-[ERROR]:[Input parameter problem.]:[/getReport]
[2018-02-02T09:40:09.487] [INFO] ICC - RID:[1517586009486]-[REQUEST]-[START]:[/getPrefacturaMensual]
[2018-02-02T09:40:09.487] [ERROR] ECC - RID:[1517586009486]-[REQUEST]-[ERROR]:[Input parameter problem.]:[/getReport]
[2018-02-02T09:40:09.934] [INFO] ICC - RID:[1517586009934]-[REQUEST]-[START]:[/getPrefacturaMensual]
[2018-02-02T09:40:09.934] [ERROR] ECC - RID:[1517586009934]-[REQUEST]-[ERROR]:[Input parameter problem.]:[/getReport]
[2018-02-02T09:40:10.142] [INFO] ICC - RID:[1517586010142]-[REQUEST]-[START]:[/getPrefacturaMensual]
[2018-02-02T09:40:10.143] [ERROR] ECC - RID:[1517586010142]-[REQUEST]-[ERROR]:[Input parameter problem.]:[/getReport]
[2018-02-02T09:40:10.334] [INFO] ICC - RID:[1517586010334]-[REQUEST]-[START]:[/getPrefacturaMensual]
[2018-02-02T09:40:10.334] [ERROR] ECC - RID:[1517586010334]-[REQUEST]-[ERROR]:[Input parameter problem.]:[/getReport]
[2018-02-02T09:40:23.514] [INFO] ICC - RID:[1517586023514]-[REQUEST]-[START]:[/defaultSelect]
[2018-02-02T09:40:23.514] [INFO] ICC - RID:[1517586023514]-[SELECT]-[START]
[2018-02-02T09:40:23.539] [INFO] ICC - RID:[1517586023514]-[SELECT]-[END]:[OK]
[2018-02-02T09:40:23.539] [INFO] ICC - RID:[1517586023514]-[REQUEST]-[END]:[/defaultSelect]
[2018-02-02T09:40:23.767] [INFO] ICC - RID:[1517586023767]-[REQUEST]-[START]:[/getAllOrdenServicio]
[2018-02-02T09:40:23.767] [INFO] ICC - RID:[1517586023767]-[SELECT]-[START]
[2018-02-02T09:40:23.796] [INFO] ICC - RID:[1517586023767]-[SELECT]-[END]:[OK]
[2018-02-02T09:40:23.796] [INFO] ICC - RID:[1517586023767]-[REQUEST]-[END]:[/getAllOrdenServicio]
[2018-02-02T09:40:24.934] [INFO] ICC - RID:[1517586024934]-[REQUEST]-[START]:[/getPrefacturaMensual]
[2018-02-02T09:40:24.935] [ERROR] ECC - RID:[1517586024934]-[REQUEST]-[ERROR]:[Input parameter problem.]:[/getReport]
[2018-02-02T09:40:27.208] [INFO] ICC - RID:[1517586027208]-[REQUEST]-[START]:[/getPrefacturaMensual]
[2018-02-02T09:40:27.208] [ERROR] ECC - RID:[1517586027208]-[REQUEST]-[ERROR]:[Input parameter problem.]:[/getReport]
[2018-02-02T09:40:27.383] [INFO] ICC - RID:[1517586027383]-[REQUEST]-[START]:[/getPrefacturaMensual]
[2018-02-02T09:40:27.384] [ERROR] ECC - RID:[1517586027383]-[REQUEST]-[ERROR]:[Input parameter problem.]:[/getReport]
[2018-02-02T09:40:27.574] [INFO] ICC - RID:[1517586027573]-[REQUEST]-[START]:[/getPrefacturaMensual]
[2018-02-02T09:40:27.574] [ERROR] ECC - RID:[1517586027573]-[REQUEST]-[ERROR]:[Input parameter problem.]:[/getReport]
[2018-02-02T09:40:27.772] [INFO] ICC - RID:[1517586027772]-[REQUEST]-[START]:[/getPrefacturaMensual]
[2018-02-02T09:40:27.774] [ERROR] ECC - RID:[1517586027772]-[REQUEST]-[ERROR]:[Input parameter problem.]:[/getReport]
[2018-02-02T09:40:27.942] [INFO] ICC - RID:[1517586027942]-[REQUEST]-[START]:[/getPrefacturaMensual]
[2018-02-02T09:40:27.942] [ERROR] ECC - RID:[1517586027942]-[REQUEST]-[ERROR]:[Input parameter problem.]:[/getReport]
[2018-02-02T09:40:28.117] [INFO] ICC - RID:[1517586028117]-[REQUEST]-[START]:[/getPrefacturaMensual]
[2018-02-02T09:40:28.118] [ERROR] ECC - RID:[1517586028117]-[REQUEST]-[ERROR]:[Input parameter problem.]:[/getReport]
[2018-02-02T09:41:01.663] [INFO] ICC - RID:[1517586061663]-[REQUEST]-[START]:[/defaultSelect]
[2018-02-02T09:41:01.663] [INFO] ICC - RID:[1517586061663]-[SELECT]-[START]
[2018-02-02T09:41:01.688] [INFO] ICC - RID:[1517586061663]-[SELECT]-[END]:[OK]
[2018-02-02T09:41:01.688] [INFO] ICC - RID:[1517586061663]-[REQUEST]-[END]:[/defaultSelect]
[2018-02-02T09:41:01.955] [INFO] ICC - RID:[1517586061955]-[REQUEST]-[START]:[/getAllOrdenServicio]
[2018-02-02T09:41:01.956] [INFO] ICC - RID:[1517586061955]-[SELECT]-[START]
[2018-02-02T09:41:01.996] [INFO] ICC - RID:[1517586061955]-[SELECT]-[END]:[OK]
[2018-02-02T09:41:01.996] [INFO] ICC - RID:[1517586061955]-[REQUEST]-[END]:[/getAllOrdenServicio]
[2018-02-02T09:41:02.783] [INFO] ICC - RID:[1517586062783]-[REQUEST]-[START]:[/getPrefacturaMensual]
[2018-02-02T09:41:02.783] [ERROR] ECC - RID:[1517586062783]-[REQUEST]-[ERROR]:[Input parameter problem.]:[/getReport]
[2018-02-02T09:42:15.849] [INFO] ICC - RID:[1517586135849]-[REQUEST]-[START]:[/getPrefacturaMensual]
[2018-02-02T09:42:15.850] [ERROR] ECC - RID:[1517586135849]-[REQUEST]-[ERROR]:[Input parameter problem.]:[/getReport]
