[2018-01-19T22:40:51.118] [INFO] ICC - [BACKEND]-[WEBSERVICES] init on port:[3000]
[2018-01-19T22:41:08.140] [INFO] ICC - RID:[1516423268138]-[REQUEST]-[START]:[/getAllOrdenServicio]
[2018-01-19T22:41:08.141] [INFO] ICC - RID:[1516423268138]-[SELECT]-[START]
[2018-01-19T22:41:08.142] [DEBUG] DCC - RID:[1516423268138]-[SELECT]-[QUERY]:[SELECT  [ORD].[ID_ORDEN_SERVICIO]
      ,[ORD].[NUM_ORDEN]
      ,[ORD].[FECHA_SOLICITUD]
      ,[ORD].[ID_CREDENCIAL]
      ,[ORD].[DOMICILIO]
      ,[ORD].[FIRMA1_USER1]
      ,[ORD].[FIRMA1_USER2]
      ,[ORD].[FIRMA2_USER1]
      ,[ORD].[FIRMA2_USER2]
      ,[ORD].[ID_STATUS]
      ,[ORD].[METAINFO_FECHA_CREACION]
      ,[ORD].[METAINFO_IP]
      ,[ORD].[METAINFO_MAC_ADRR]
      ,[ORD].[LLAVE_SISTEMA]
  FROM [dbo].[SLOAA_TR_ORDEN_SERVICIO] [ORD]
  WHERE
  1=1
    AND  [ORD].[ID_CREDENCIAL]=0
 ]
[2018-01-19T22:41:15.197] [INFO] ICC - RID:[1516423268138]-[SELECT]-[END]:[OK]
[2018-01-19T22:41:15.200] [INFO] ICC - RID:[1516423268138]-[REQUEST]-[END]:[/getAllOrdenServicio]
