[2018-01-29T09:07:13.242] [INFO] ICC - [BACKEND]-[WEBSERVICES] init on port:[3000]
[2018-01-29T09:07:35.119] [INFO] ICC - RID:[1517238455119]-[REQUEST]-[START]:[/defaultSelect]
[2018-01-29T09:07:35.120] [INFO] ICC - RID:[1517238455119]-[SELECT]-[START]
[2018-01-29T09:07:35.181] [INFO] ICC - RID:[1517238455119]-[SELECT]-[END]:[OK]
[2018-01-29T09:07:35.182] [INFO] ICC - RID:[1517238455119]-[REQUEST]-[END]:[/defaultSelect]
[2018-01-29T09:07:35.354] [INFO] ICC - RID:[1517238455354]-[REQUEST]-[START]:[/getAllOrdenServicio]
[2018-01-29T09:07:35.355] [ERROR] ECC - RID:[1517238455354]-[REQUEST]-[ERROR]:[Input parameter problem.]:[/getAllOrdenServicio]
[2018-01-29T09:07:36.424] [INFO] ICC - RID:[1517238456424]-[REQUEST]-[START]:[/getAllCotizacionXOrden]
[2018-01-29T09:07:36.425] [ERROR] ECC - RID:[1517238456424]-[REQUEST]-[ERROR]:[Input parameter problem.]:[/getAllCotizacionXOrden]
[2018-01-29T09:07:36.433] [INFO] ICC - RID:[1517238456433]-[REQUEST]-[START]:[/getAllCotizacionXOrden]
[2018-01-29T09:07:36.433] [ERROR] ECC - RID:[1517238456433]-[REQUEST]-[ERROR]:[Input parameter problem.]:[/getAllCotizacionXOrden]
[2018-01-29T09:07:41.873] [INFO] ICC - RID:[1517238461873]-[REQUEST]-[START]:[/defaultSelect]
[2018-01-29T09:07:41.873] [INFO] ICC - RID:[1517238461873]-[SELECT]-[START]
[2018-01-29T09:07:41.892] [INFO] ICC - RID:[1517238461873]-[SELECT]-[END]:[OK]
[2018-01-29T09:07:41.893] [INFO] ICC - RID:[1517238461873]-[REQUEST]-[END]:[/defaultSelect]
[2018-01-29T09:07:42.111] [INFO] ICC - RID:[1517238462111]-[REQUEST]-[START]:[/getAllOrdenServicio]
[2018-01-29T09:07:42.112] [ERROR] ECC - RID:[1517238462111]-[REQUEST]-[ERROR]:[Input parameter problem.]:[/getAllOrdenServicio]
[2018-01-29T09:07:43.023] [INFO] ICC - RID:[1517238463023]-[REQUEST]-[START]:[/getAllCotizacionXOrden]
[2018-01-29T09:07:43.024] [ERROR] ECC - RID:[1517238463023]-[REQUEST]-[ERROR]:[Input parameter problem.]:[/getAllCotizacionXOrden]
[2018-01-29T09:07:43.034] [INFO] ICC - RID:[1517238463034]-[REQUEST]-[START]:[/getAllCotizacionXOrden]
[2018-01-29T09:07:43.035] [ERROR] ECC - RID:[1517238463034]-[REQUEST]-[ERROR]:[Input parameter problem.]:[/getAllCotizacionXOrden]
[2018-01-29T09:07:46.218] [INFO] ICC - RID:[1517238466218]-[REQUEST]-[START]:[/defaultSelect]
[2018-01-29T09:07:46.219] [INFO] ICC - RID:[1517238466218]-[SELECT]-[START]
[2018-01-29T09:07:46.235] [INFO] ICC - RID:[1517238466218]-[SELECT]-[END]:[OK]
[2018-01-29T09:07:46.235] [INFO] ICC - RID:[1517238466218]-[REQUEST]-[END]:[/defaultSelect]
[2018-01-29T09:07:46.453] [INFO] ICC - RID:[1517238466453]-[REQUEST]-[START]:[/getAllOrdenServicio]
[2018-01-29T09:07:46.453] [ERROR] ECC - RID:[1517238466453]-[REQUEST]-[ERROR]:[Input parameter problem.]:[/getAllOrdenServicio]
[2018-01-29T09:10:00.700] [INFO] ICC - RID:[1517238600700]-[REQUEST]-[START]:[/defaultSelect]
[2018-01-29T09:10:00.700] [INFO] ICC - RID:[1517238600700]-[SELECT]-[START]
[2018-01-29T09:10:00.726] [INFO] ICC - RID:[1517238600700]-[SELECT]-[END]:[OK]
[2018-01-29T09:10:00.727] [INFO] ICC - RID:[1517238600700]-[REQUEST]-[END]:[/defaultSelect]
[2018-01-29T09:10:00.900] [INFO] ICC - RID:[1517238600900]-[REQUEST]-[START]:[/getAllOrdenServicio]
[2018-01-29T09:10:00.900] [ERROR] ECC - RID:[1517238600900]-[REQUEST]-[ERROR]:[Input parameter problem.]:[/getAllOrdenServicio]
[2018-01-29T09:10:01.907] [INFO] ICC - RID:[1517238601906]-[REQUEST]-[START]:[/getAllCotizacionXOrden]
[2018-01-29T09:10:01.907] [ERROR] ECC - RID:[1517238601906]-[REQUEST]-[ERROR]:[Input parameter problem.]:[/getAllCotizacionXOrden]
[2018-01-29T09:10:01.917] [INFO] ICC - RID:[1517238601917]-[REQUEST]-[START]:[/getAllCotizacionXOrden]
[2018-01-29T09:10:01.918] [ERROR] ECC - RID:[1517238601917]-[REQUEST]-[ERROR]:[Input parameter problem.]:[/getAllCotizacionXOrden]
[2018-01-29T09:10:23.318] [INFO] ICC - RID:[1517238623318]-[REQUEST]-[START]:[/defaultSelect]
[2018-01-29T09:10:23.318] [INFO] ICC - RID:[1517238623318]-[SELECT]-[START]
[2018-01-29T09:10:23.338] [INFO] ICC - RID:[1517238623318]-[SELECT]-[END]:[OK]
[2018-01-29T09:10:23.339] [INFO] ICC - RID:[1517238623318]-[REQUEST]-[END]:[/defaultSelect]
[2018-01-29T09:10:23.547] [INFO] ICC - RID:[1517238623547]-[REQUEST]-[START]:[/getAllOrdenServicio]
[2018-01-29T09:10:23.548] [ERROR] ECC - RID:[1517238623547]-[REQUEST]-[ERROR]:[Input parameter problem.]:[/getAllOrdenServicio]
[2018-01-29T09:12:03.209] [INFO] ICC - RID:[1517238723209]-[REQUEST]-[START]:[/defaultSelect]
[2018-01-29T09:12:03.210] [INFO] ICC - RID:[1517238723209]-[SELECT]-[START]
[2018-01-29T09:12:03.235] [INFO] ICC - RID:[1517238723209]-[SELECT]-[END]:[OK]
[2018-01-29T09:12:03.236] [INFO] ICC - RID:[1517238723209]-[REQUEST]-[END]:[/defaultSelect]
[2018-01-29T09:12:06.172] [INFO] ICC - RID:[1517238726172]-[REQUEST]-[START]:[/defaultSelect]
[2018-01-29T09:12:06.173] [INFO] ICC - RID:[1517238726172]-[SELECT]-[START]
[2018-01-29T09:12:06.190] [INFO] ICC - RID:[1517238726172]-[SELECT]-[END]:[OK]
[2018-01-29T09:12:06.190] [INFO] ICC - RID:[1517238726172]-[REQUEST]-[END]:[/defaultSelect]
