[2018-01-29T17:43:50.154] [INFO] ICC - RID:[1517269430154]-[REQUEST]-[START]:[/getAllCotizacionXOrden]
[2018-01-29T17:43:50.156] [DEBUG] DCC - {"missing":[{"requiredFieldName":"idOrdenServicio","requiredFieldType":"string"}]}
[2018-01-29T17:43:50.156] [ERROR] ECC - RID:[1517269430154]-[REQUEST]-[ERROR]:[Input parameter problem.]:[/getAllCotizacionXOrden]
[2018-01-29T17:43:50.159] [INFO] ICC - RID:[1517269430159]-[REQUEST]-[START]:[/getAllCotizacionXOrden]
[2018-01-29T17:43:50.159] [DEBUG] DCC - {"missing":[{"requiredFieldName":"idOrdenServicio","requiredFieldType":"string"}]}
[2018-01-29T17:43:50.159] [ERROR] ECC - RID:[1517269430159]-[REQUEST]-[ERROR]:[Input parameter problem.]:[/getAllCotizacionXOrden]
[2018-01-29T17:43:50.163] [INFO] ICC - RID:[1517269430163]-[REQUEST]-[START]:[/getAllCotizacionXOrden]
[2018-01-29T17:43:50.164] [DEBUG] DCC - {"missing":[{"requiredFieldName":"idOrdenServicio","requiredFieldType":"string"}]}
[2018-01-29T17:43:50.164] [ERROR] ECC - RID:[1517269430163]-[REQUEST]-[ERROR]:[Input parameter problem.]:[/getAllCotizacionXOrden]
[2018-01-29T17:43:50.165] [INFO] ICC - RID:[1517269430165]-[REQUEST]-[START]:[/getAllOrdenServicio]
[2018-01-29T17:43:50.165] [DEBUG] DCC - {"missing":[{"requiredFieldName":"idCredencial","requiredFieldType":"string"},{"requiredFieldName":"idRol","requiredFieldType":"string"},{"requiredFieldName":"idAutoridad","requiredFieldType":"string"},{"requiredFieldName":"idOrdenServicio","requiredFieldType":"string"}]}
[2018-01-29T17:43:50.165] [ERROR] ECC - RID:[1517269430165]-[REQUEST]-[ERROR]:[Input parameter problem.]:[/getAllOrdenServicio]
[2018-01-29T17:44:10.888] [INFO] ICC - RID:[1517269450888]-[REQUEST]-[START]:[/defaultSelect]
[2018-01-29T17:44:10.888] [INFO] ICC - RID:[1517269450888]-[SELECT]-[START]
[2018-01-29T17:44:10.889] [DEBUG] DCC - RID:[1517269450888]-[SELECT]-[QUERY]:[SELECT [CRED].[ID_CREDENCIAL]
      ,[CRED].[NOMBRE]
      ,[CRED].[USUARIO_NOMBRE]
      ,[CRED].[ID_AUTORIDAD]
	  ,[AUTH].[NOMBRE_AUTORIDAD]
	  ,[AUTH].[ID_ZONA]
         ,[CRED].[ID_ROL]
	  ,[ROL].[NOMBRE_ROL]
	  ,[ROL].[PRIVILEGIOS]
      ,[CRED].[ID_CREDENCIAL_SUPERIOR]
  FROM [dbo].[SLOAA_TR_CREDENCIAL] [CRED]
  LEFT JOIN  [dbo].[SLOAA_TC_AUTORIDAD] [AUTH] ON [CRED].[ID_AUTORIDAD]=[AUTH].[ID_AUTORIDAD]
  LEFT JOIN  [dbo].[SLOAA_TS_ROL] [ROL] ON [CRED].[ID_ROL]=[ROL].[ID_ROL]
  
  WHERE 
	            [CRED].[USUARIO_NOMBRE]='carlos.palacios'
		AND [CRED].[USUARIO_PASSWORD]='12345']
[2018-01-29T17:44:13.485] [INFO] ICC - RID:[1517269453485]-[REQUEST]-[START]:[/defaultSelect]
[2018-01-29T17:44:13.486] [INFO] ICC - RID:[1517269453485]-[SELECT]-[START]
[2018-01-29T17:44:13.487] [DEBUG] DCC - RID:[1517269453485]-[SELECT]-[QUERY]:[SELECT [CRED].[ID_CREDENCIAL]
      ,[CRED].[NOMBRE]
      ,[CRED].[USUARIO_NOMBRE]
      ,[CRED].[ID_AUTORIDAD]
	  ,[AUTH].[NOMBRE_AUTORIDAD]
	  ,[AUTH].[ID_ZONA]
         ,[CRED].[ID_ROL]
	  ,[ROL].[NOMBRE_ROL]
	  ,[ROL].[PRIVILEGIOS]
      ,[CRED].[ID_CREDENCIAL_SUPERIOR]
  FROM [dbo].[SLOAA_TR_CREDENCIAL] [CRED]
  LEFT JOIN  [dbo].[SLOAA_TC_AUTORIDAD] [AUTH] ON [CRED].[ID_AUTORIDAD]=[AUTH].[ID_AUTORIDAD]
  LEFT JOIN  [dbo].[SLOAA_TS_ROL] [ROL] ON [CRED].[ID_ROL]=[ROL].[ID_ROL]
  
  WHERE 
	            [CRED].[USUARIO_NOMBRE]='carlos.palacios'
		AND [CRED].[USUARIO_PASSWORD]='12345']
[2018-01-29T17:44:25.896] [ERROR] ECC - RID:[1517269450888]-[SELECT]-[END]:[FAIL]:[Failed to connect to 10.15.17.158:1433 in 15000ms]
[2018-01-29T17:44:25.898] [ERROR] ECC - RID:[1517269450888]-[REQUEST]-[ERROR]:[Failed to connect to 10.15.17.158:1433 in 15000ms]:[/defaultSelect]
[2018-01-29T17:44:28.489] [ERROR] ECC - RID:[1517269453485]-[SELECT]-[END]:[FAIL]:[Failed to connect to 10.15.17.158:1433 in 15000ms]
[2018-01-29T17:44:28.490] [ERROR] ECC - RID:[1517269453485]-[REQUEST]-[ERROR]:[Failed to connect to 10.15.17.158:1433 in 15000ms]:[/defaultSelect]
[2018-01-29T17:44:34.551] [INFO] ICC - RID:[1517269474551]-[REQUEST]-[START]:[/defaultSelect]
[2018-01-29T17:44:34.551] [INFO] ICC - RID:[1517269474551]-[SELECT]-[START]
[2018-01-29T17:44:34.551] [DEBUG] DCC - RID:[1517269474551]-[SELECT]-[QUERY]:[SELECT [CRED].[ID_CREDENCIAL]
      ,[CRED].[NOMBRE]
      ,[CRED].[USUARIO_NOMBRE]
      ,[CRED].[ID_AUTORIDAD]
	  ,[AUTH].[NOMBRE_AUTORIDAD]
	  ,[AUTH].[ID_ZONA]
         ,[CRED].[ID_ROL]
	  ,[ROL].[NOMBRE_ROL]
	  ,[ROL].[PRIVILEGIOS]
      ,[CRED].[ID_CREDENCIAL_SUPERIOR]
  FROM [dbo].[SLOAA_TR_CREDENCIAL] [CRED]
  LEFT JOIN  [dbo].[SLOAA_TC_AUTORIDAD] [AUTH] ON [CRED].[ID_AUTORIDAD]=[AUTH].[ID_AUTORIDAD]
  LEFT JOIN  [dbo].[SLOAA_TS_ROL] [ROL] ON [CRED].[ID_ROL]=[ROL].[ID_ROL]
  
  WHERE 
	            [CRED].[USUARIO_NOMBRE]='carlos.palacios'
		AND [CRED].[USUARIO_PASSWORD]='12345']
[2018-01-29T17:44:34.605] [INFO] ICC - RID:[1517269474551]-[SELECT]-[END]:[OK]
[2018-01-29T17:44:34.606] [INFO] ICC - RID:[1517269474551]-[REQUEST]-[END]:[/defaultSelect]
[2018-01-29T17:44:34.784] [INFO] ICC - RID:[1517269474784]-[REQUEST]-[START]:[/getAllOrdenServicio]
[2018-01-29T17:44:34.784] [INFO] ICC - RID:[1517269474784]-[SELECT]-[START]
[2018-01-29T17:44:34.784] [DEBUG] DCC - RID:[1517269474784]-[SELECT]-[QUERY]:[SELECT  
	    [ORD].[ID_ORDEN_SERVICIO]
      ,[ORD].[NUM_ORDEN]
      ,[ORD].[FECHA_SOLICITUD]
      ,[ORD].[DOMICILIO]
      ,[ORD].[FIRMA1_USER1]
      ,[ORD].[FIRMA1_USER2]
      ,[ORD].[FIRMA2_USER1]
      ,[ORD].[FIRMA2_USER2]
      ,[ORD].[ID_STATUS]
      ,[ORD].[METAINFO_FECHA_CREACION]
      ,[ORD].[METAINFO_IP]
      ,[ORD].[METAINFO_MAC_ADRR]
      ,[ORD].[LLAVE_SISTEMA]
      ,[ORD].[CIERRE_TOTAL]
	  
	   ,[CRED].[ID_CREDENCIAL]
      ,[CRED].[NOMBRE]
      ,[CRED].[CARGO]
      ,[CRED].[TELEFONO]
      ,[CRED].[EXT]
      ,[CRED].[EMAIL]
      ,[CRED].[PTT]
      ,[CRED].[MOVIL]
      ,[CRED].[USUARIO_NOMBRE]
      ,[CRED].[USUARIO_PASSWORD]
      ,[CRED].[ID_ROL]
      ,[CRED].[ID_CREDENCIAL_SUPERIOR]

	   ,[AUTH].[ID_AUTORIDAD]
      ,[AUTH].[NOMBRE_AUTORIDAD]
      ,[AUTH].[ESTADO]
      ,[AUTH].[NIVEL]
      ,[AUTH].[SERVICIO]
      ,[AUTH].[ID_ZONA] 
         FROM 
  [SLOAA_TR_ORDEN_SERVICIO] [ORD]
 LEFT JOIN [SLOAA_TR_CREDENCIAL] [CRED] ON  [CRED].[ID_CREDENCIAL]=[ORD].[ID_CREDENCIAL]
 LEFT JOIN [SLOAA_TC_AUTORIDAD] [AUTH] ON  [AUTH].[ID_AUTORIDAD]=[CRED].[ID_AUTORIDAD]
  WHERE
  1=1
 ]
[2018-01-29T17:44:34.809] [INFO] ICC - RID:[1517269474784]-[SELECT]-[END]:[OK]
[2018-01-29T17:44:34.810] [INFO] ICC - RID:[1517269474784]-[REQUEST]-[END]:[/getAllOrdenServicio]
[2018-01-29T17:44:52.210] [INFO] ICC - RID:[1517269492210]-[REQUEST]-[START]:[/getAllCotizacionXOrden]
[2018-01-29T17:44:52.211] [DEBUG] DCC - {"missing":[{"requiredFieldName":"idOrdenServicio","requiredFieldType":"string"}]}
[2018-01-29T17:44:52.211] [ERROR] ECC - RID:[1517269492210]-[REQUEST]-[ERROR]:[Input parameter problem.]:[/getAllCotizacionXOrden]
[2018-01-29T17:44:52.212] [INFO] ICC - RID:[1517269492212]-[REQUEST]-[START]:[/getAllOrdenServicio]
[2018-01-29T17:44:52.212] [DEBUG] DCC - {"missing":[{"requiredFieldName":"idCredencial","requiredFieldType":"string"},{"requiredFieldName":"idRol","requiredFieldType":"string"},{"requiredFieldName":"idAutoridad","requiredFieldType":"string"},{"requiredFieldName":"idOrdenServicio","requiredFieldType":"string"}]}
[2018-01-29T17:44:52.212] [ERROR] ECC - RID:[1517269492212]-[REQUEST]-[ERROR]:[Input parameter problem.]:[/getAllOrdenServicio]
[2018-01-29T17:44:52.225] [INFO] ICC - RID:[1517269492225]-[REQUEST]-[START]:[/getAllCotizacionXOrden]
[2018-01-29T17:44:52.226] [DEBUG] DCC - {"missing":[{"requiredFieldName":"idOrdenServicio","requiredFieldType":"string"}]}
[2018-01-29T17:44:52.226] [ERROR] ECC - RID:[1517269492225]-[REQUEST]-[ERROR]:[Input parameter problem.]:[/getAllCotizacionXOrden]
[2018-01-29T17:44:52.228] [INFO] ICC - RID:[1517269492228]-[REQUEST]-[START]:[/getAllCotizacionXOrden]
[2018-01-29T17:44:52.228] [DEBUG] DCC - {"missing":[{"requiredFieldName":"idOrdenServicio","requiredFieldType":"string"}]}
[2018-01-29T17:44:52.228] [ERROR] ECC - RID:[1517269492228]-[REQUEST]-[ERROR]:[Input parameter problem.]:[/getAllCotizacionXOrden]
[2018-01-29T17:45:06.107] [INFO] ICC - RID:[1517269506107]-[REQUEST]-[START]:[/createOrdenServicio]
[2018-01-29T17:45:06.108] [INFO] ICC - RID:[1517269506107]-[SELECT]-[START]
[2018-01-29T17:45:06.108] [DEBUG] DCC - RID:[1517269506107]-[SELECT]-[QUERY]:[SELECT [ID_AUTORIDAD]
      ,[NOMBRE_AUTORIDAD]
      ,[ESTADO]
      ,[NIVEL]
      ,[SERVICIO]
      ,[ID_ZONA]
  FROM [SOA_db].[dbo].[SLOAA_TC_AUTORIDAD]
  WHERE  [ID_AUTORIDAD]=1]
[2018-01-29T17:45:06.127] [INFO] ICC - RID:[1517269506107]-[SELECT]-[END]:[OK]
[2018-01-29T17:45:06.128] [INFO] ICC - RID:[1517269506107]-[SELECT]-[START]
[2018-01-29T17:45:06.128] [DEBUG] DCC - RID:[1517269506107]-[SELECT]-[QUERY]:[SELECT
	CASE
	WHEN  MAX([ORD].[NUM_ORDEN]) IS NULL THEN 1
	ELSE MAX([ORD].[NUM_ORDEN])+1
	END  NEW_ORDEN
      
  FROM [dbo].[SLOAA_TR_ORDEN_SERVICIO] [ORD]
  LEFT JOIN [dbo].[SLOAA_TR_CREDENCIAL] [CRED] ON [ORD].[ID_CREDENCIAL]=[CRED].[ID_CREDENCIAL]
  WHERE
  1=1
	AND YEAR([ORD].[METAINFO_FECHA_CREACION])= YEAR(GetDate()) 
	AND [CRED].[ID_AUTORIDAD]=1]
[2018-01-29T17:45:06.158] [INFO] ICC - RID:[1517269506107]-[SELECT]-[END]:[OK]
[2018-01-29T17:45:06.159] [INFO] ICC - RID:[1517269506107]-[FREE-DML]-[START]
[2018-01-29T17:45:06.159] [DEBUG] DCC - RID:[1517269506107]-[FREE-DML]-[DML]:[INSERT INTO [dbo].[SLOAA_TR_ORDEN_SERVICIO]
  (
		
       [ORD].[NUM_ORDEN]
      ,[ORD].[FECHA_SOLICITUD]
      ,[ORD].[ID_CREDENCIAL]
      ,[ORD].[DOMICILIO]
      ,[ORD].[ID_STATUS]
      ,[ORD].[METAINFO_FECHA_CREACION]
      ,[ORD].[METAINFO_IP]
      ,[ORD].[METAINFO_MAC_ADRR]
      ,[ORD].[LLAVE_SISTEMA]
	  )
	  VALUES
	  (
	    44,
		'2018-01-30T06:45:00.000Z',
		1,
		'wow2',
		1,
		'2018-01-29T23:45:06.108Z',
		'::1',
		' ????????',
		'TNRS-Acapulco -SRyS Acapulco -2018-44'
	  )]
[2018-01-29T17:45:06.259] [INFO] ICC - RID:[1517269506107]-[FREE-DML]-[END]:[OK]
[2018-01-29T17:45:06.260] [INFO] ICC - RID:[1517269506107]-[SELECT]-[START]
[2018-01-29T17:45:06.260] [DEBUG] DCC - RID:[1517269506107]-[SELECT]-[QUERY]:[SELECT 
       [ID_ORDEN_SERVICIO]
      ,[NUM_ORDEN]
      ,[FECHA_SOLICITUD]
      ,[ID_CREDENCIAL]
      ,[DOMICILIO]
      ,[FIRMA1_USER1]
      ,[FIRMA1_USER2]
      ,[FIRMA2_USER1]
      ,[FIRMA2_USER2]
      ,[ID_STATUS]
      ,[METAINFO_FECHA_CREACION]
      ,[METAINFO_IP]
      ,[METAINFO_MAC_ADRR]
      ,[LLAVE_SISTEMA]
  FROM [SOA_db].[dbo].[SLOAA_TR_ORDEN_SERVICIO]
  WHERE [METAINFO_FECHA_CREACION]='2018-01-29T23:45:06.108Z']
[2018-01-29T17:45:06.311] [INFO] ICC - RID:[1517269506107]-[SELECT]-[END]:[OK]
[2018-01-29T17:45:06.312] [INFO] ICC - RID:[1517269506107]-[REQUEST]-[END]:[/createOrdenServicio]
[2018-01-29T17:45:09.573] [INFO] ICC - RID:[1517269509573]-[REQUEST]-[START]:[/getAllTipoServicio]
[2018-01-29T17:45:09.573] [INFO] ICC - RID:[1517269509573]-[SELECT]-[START]
[2018-01-29T17:45:09.573] [DEBUG] DCC - RID:[1517269509573]-[SELECT]-[QUERY]:[SELECT 
 DISTINCT([SEL].[ID_TIPO_SERVICIO]),
		  [SEL].[TIPO]
 FROM  (
		SELECT [PSXS].[ID_PRESTADOR_SERVICIO]
			  ,[PSXS].[ID_ZONA]
			  ,[PSXS].[ID_SUBZONA]
			  ,[PSXS].[ID_TIPO_SERVICIO]
			  ,[TS].[TIPO]
			  ,[PSXS].[ID_SERVICIO]
		  FROM [SLOAA_TC_PRESTADOR_SERVICIOS_X_SERVICIO] [PSXS]
		  LEFT JOIN [SLOAA_TC_TIPO_SERVICIO] [TS] ON [PSXS].[ID_TIPO_SERVICIO]=[TS].[ID_TIPO_SERVICIO]
		  WHERE 
		  1=1
		  AND [PSXS].[ID_ZONA]=3
  )[SEL] ]
[2018-01-29T17:45:09.597] [INFO] ICC - RID:[1517269509573]-[SELECT]-[END]:[OK]
[2018-01-29T17:45:09.597] [INFO] ICC - RID:[1517269509573]-[REQUEST]-[END]:[/getAllTipoServicio]
[2018-01-29T17:45:12.305] [INFO] ICC - RID:[1517269512305]-[REQUEST]-[START]:[/getAllSubZona]
[2018-01-29T17:45:12.306] [INFO] ICC - RID:[1517269512305]-[SELECT]-[START]
[2018-01-29T17:45:12.306] [DEBUG] DCC - RID:[1517269512305]-[SELECT]-[QUERY]:[SELECT [ID_SUBZONA],[SUBZONA] FROM [SLOAA_TC_SUBZONA] WHERE 1=1 AND [ID_ZONA]=3]
[2018-01-29T17:45:12.327] [INFO] ICC - RID:[1517269512305]-[SELECT]-[END]:[OK]
[2018-01-29T17:45:12.327] [INFO] ICC - RID:[1517269512305]-[REQUEST]-[END]:[/getAllSubZona]
[2018-01-29T17:45:15.481] [INFO] ICC - RID:[1517269515481]-[REQUEST]-[START]:[/getAllServicios]
[2018-01-29T17:45:15.481] [INFO] ICC - RID:[1517269515481]-[SELECT]-[START]
[2018-01-29T17:45:15.482] [DEBUG] DCC - RID:[1517269515481]-[SELECT]-[QUERY]:[SELECT 
 DISTINCT([SEL].[ID_SERVICIO]),
		  [SEL].[NOMBRE_SERVICIO]
 FROM  (
		SELECT [PSXS].[ID_PRESTADOR_SERVICIO]
			  ,[PSXS].[ID_ZONA]
			  ,[PSXS].[ID_SUBZONA]
			  ,[PSXS].[ID_TIPO_SERVICIO]
			  ,[PSXS].[ID_SERVICIO]
			  ,[SERV].[NOMBRE_SERVICIO]
		  FROM [SLOAA_TC_PRESTADOR_SERVICIOS_X_SERVICIO] [PSXS]
		  LEFT JOIN [SLOAA_TC_SERVICIO] [SERV] ON [PSXS].[ID_SERVICIO]=[SERV].[ID_SERVICIO]
		  WHERE 
		  1=1
		  AND [PSXS].[ID_ZONA]=3
		  AND [PSXS].[ID_SUBZONA]=1
		  AND [PSXS].[ID_TIPO_SERVICIO]=1
  )[SEL]]
[2018-01-29T17:45:15.509] [INFO] ICC - RID:[1517269515481]-[SELECT]-[END]:[OK]
[2018-01-29T17:45:15.510] [INFO] ICC - RID:[1517269515481]-[REQUEST]-[END]:[/getAllServicios]
[2018-01-29T17:45:18.957] [INFO] ICC - RID:[1517269518957]-[REQUEST]-[START]:[/getAllProvedores]
[2018-01-29T17:45:18.957] [INFO] ICC - RID:[1517269518957]-[SELECT]-[START]
[2018-01-29T17:45:18.957] [DEBUG] DCC - RID:[1517269518957]-[SELECT]-[QUERY]:[SELECT 
 DISTINCT([SEL].[ID_PRESTADOR_SERVICIO]),
		  [SEL].[NOMBRE]
 FROM  (
		SELECT [PSXS].[ID_PRESTADOR_SERVICIO]
			  ,[PSXS].[ID_ZONA]
			  ,[PSXS].[ID_SUBZONA]
			  ,[PSXS].[ID_TIPO_SERVICIO]
			  ,[PSXS].[ID_SERVICIO]
			  ,[PS].[NOMBRE]
			  ,[PS].[CORREO_ELECTRONICO]
		  FROM [SLOAA_TC_PRESTADOR_SERVICIOS_X_SERVICIO] [PSXS]
		  LEFT JOIN [SLOAA_TC_PRESTADOR_SERVICIOS] [PS] ON [PSXS].[ID_PRESTADOR_SERVICIO]=[PS].[ID_PRESTADOR_SERVICIO]
		  WHERE 
		  1=1
		  AND [PSXS].[ID_ZONA]=3
		  AND [PSXS].[ID_SUBZONA]=1
		  AND [PSXS].[ID_TIPO_SERVICIO]=1
		  AND [PSXS].[ID_SERVICIO]=1001
  )[SEL]]
[2018-01-29T17:45:18.986] [INFO] ICC - RID:[1517269518957]-[SELECT]-[END]:[OK]
[2018-01-29T17:45:18.986] [INFO] ICC - RID:[1517269518957]-[REQUEST]-[END]:[/getAllProvedores]
[2018-01-29T17:45:22.449] [INFO] ICC - RID:[1517269522449]-[REQUEST]-[START]:[/getUnidadYPrecioUnitarioXServicio]
[2018-01-29T17:45:22.450] [INFO] ICC - RID:[1517269522449]-[SELECT]-[START]
[2018-01-29T17:45:22.450] [DEBUG] DCC - RID:[1517269522449]-[SELECT]-[QUERY]:[SELECT [QRY].*,
	  [UNI].[UNIDAD]
	   FROM
(
  SELECT 
      DISTINCT([PU].[ID_UNIDAD]),
	  [PU].[PRECIO_UNITARIO]
  FROM [dbo].[SLOAA_TR_PRECIO_UNITARIO] [PU]
  WHERE 1=1 
  AND [PU].[ID_TIPO_SERVICIO]=1
  AND  [PU].[ID_SERVICIO]=1001
)[QRY]
LEFT JOIN [dbo].[SLOAA_TC_UNIDAD] [UNI] ON [QRY].[ID_UNIDAD]=[UNI].[ID_UNIDAD]]
[2018-01-29T17:45:22.475] [INFO] ICC - RID:[1517269522449]-[SELECT]-[END]:[OK]
[2018-01-29T17:45:22.476] [INFO] ICC - RID:[1517269522449]-[REQUEST]-[END]:[/getUnidadYPrecioUnitarioXServicio]
[2018-01-29T17:45:31.362] [INFO] ICC - RID:[1517269531362]-[REQUEST]-[START]:[/addCotizacion]
[2018-01-29T17:45:31.362] [INFO] ICC - RID:[1517269531362]-[FREE-DML]-[START]
[2018-01-29T17:45:31.362] [DEBUG] DCC - RID:[1517269531362]-[FREE-DML]-[DML]:[ INSERT INTO [dbo].[SLOAA_TR_SERVICIO_COTIZACION]
           (
            [ID_ORDEN_SERVICIO]
           ,[ID_TIPO_SERVICIO]
           ,[ID_SERVICIO]
           ,[ID_UNIDAD]
		   
		   
           ,[PRECIO_UNITARIO]
           ,[CANTIDAD]
           ,[COTIZACION]
		   
           ,[DEDUCCION_CANTIDAD]
           ,[DEDUCCION_TIEMPO]
           ,[CANCELACION]
           ,[DEDUCCION]
           ,[DEDUCCION_JUSTIFICACION]
           ,[PRECIO_SERVICIO_FINAL]
           ,[VALIDA_DISPONIBILIDAD]
           ,[ID_ZONA]
           ,[ID_SUBZONA]
           ,[ID_PRESTADOR_SERVICIO]
		   )
     VALUES
           (
		   64 
		   , 1 
		   , 1001 
		   , 1 
		   
		   , 1 
		   , 8 
		   , 8 
		   
		   
		   
		   , 0 
		   , 0 
		   , 0 
		   , 0 
		   , '' 
		   , 0 
		   , 0 
		   , 3
		   , 1
		   , 1
		   )]
[2018-01-29T17:45:31.414] [INFO] ICC - RID:[1517269531362]-[FREE-DML]-[END]:[OK]
[2018-01-29T17:45:31.415] [INFO] ICC - RID:[1517269531362]-[REQUEST]-[END]:[/addCotizacion]
[2018-01-29T17:45:31.458] [INFO] ICC - RID:[1517269531458]-[REQUEST]-[START]:[/getAllCotizacionXOrden]
[2018-01-29T17:45:31.458] [INFO] ICC - RID:[1517269531458]-[SELECT]-[START]
[2018-01-29T17:45:31.458] [DEBUG] DCC - RID:[1517269531458]-[SELECT]-[QUERY]:[ SELECT [COT].* FROM [dbo].[SLOAA_TR_SERVICIO_COTIZACION] [COT]
 WHERE [COT].[ID_ORDEN_SERVICIO]=64]
[2018-01-29T17:45:31.497] [INFO] ICC - RID:[1517269531458]-[SELECT]-[END]:[OK]
[2018-01-29T17:45:31.498] [INFO] ICC - RID:[1517269531458]-[REQUEST]-[END]:[/getAllCotizacionXOrden]
[2018-01-29T17:45:58.105] [INFO] ICC - RID:[1517269558105]-[REQUEST]-[START]:[/addCotizacion]
[2018-01-29T17:45:58.106] [INFO] ICC - RID:[1517269558105]-[FREE-DML]-[START]
[2018-01-29T17:45:58.106] [DEBUG] DCC - RID:[1517269558105]-[FREE-DML]-[DML]:[ INSERT INTO [dbo].[SLOAA_TR_SERVICIO_COTIZACION]
           (
            [ID_ORDEN_SERVICIO]
           ,[ID_TIPO_SERVICIO]
           ,[ID_SERVICIO]
           ,[ID_UNIDAD]
		   
		   
           ,[PRECIO_UNITARIO]
           ,[CANTIDAD]
           ,[COTIZACION]
		   
           ,[DEDUCCION_CANTIDAD]
           ,[DEDUCCION_TIEMPO]
           ,[CANCELACION]
           ,[DEDUCCION]
           ,[DEDUCCION_JUSTIFICACION]
           ,[PRECIO_SERVICIO_FINAL]
           ,[VALIDA_DISPONIBILIDAD]
           ,[ID_ZONA]
           ,[ID_SUBZONA]
           ,[ID_PRESTADOR_SERVICIO]
		   )
     VALUES
           (
		   64 
		   , 1 
		   , 1002 
		   , 2 
		   
		   , 2 
		   , 5 
		   , 10 
		   
		   
		   
		   , 0 
		   , 0 
		   , 0 
		   , 0 
		   , '' 
		   , 0 
		   , 0 
		   , 3
		   , 1
		   , 1
		   )]
[2018-01-29T17:45:58.128] [INFO] ICC - RID:[1517269558105]-[FREE-DML]-[END]:[OK]
[2018-01-29T17:45:58.129] [INFO] ICC - RID:[1517269558105]-[REQUEST]-[END]:[/addCotizacion]
[2018-01-29T17:45:58.154] [INFO] ICC - RID:[1517269558154]-[REQUEST]-[START]:[/getAllCotizacionXOrden]
[2018-01-29T17:45:58.155] [INFO] ICC - RID:[1517269558154]-[SELECT]-[START]
[2018-01-29T17:45:58.155] [DEBUG] DCC - RID:[1517269558154]-[SELECT]-[QUERY]:[ SELECT [COT].* FROM [dbo].[SLOAA_TR_SERVICIO_COTIZACION] [COT]
 WHERE [COT].[ID_ORDEN_SERVICIO]=64]
[2018-01-29T17:45:58.172] [INFO] ICC - RID:[1517269558154]-[SELECT]-[END]:[OK]
[2018-01-29T17:45:58.173] [INFO] ICC - RID:[1517269558154]-[REQUEST]-[END]:[/getAllCotizacionXOrden]
[2018-01-29T17:46:28.075] [INFO] ICC - RID:[1517269588075]-[REQUEST]-[START]:[/getAllCotizacionXOrden]
[2018-01-29T17:46:28.075] [DEBUG] DCC - {"missing":[{"requiredFieldName":"idOrdenServicio","requiredFieldType":"string"}]}
[2018-01-29T17:46:28.076] [ERROR] ECC - RID:[1517269588075]-[REQUEST]-[ERROR]:[Input parameter problem.]:[/getAllCotizacionXOrden]
[2018-01-29T17:46:35.115] [INFO] ICC - RID:[1517269595115]-[REQUEST]-[START]:[/defaultSelect]
[2018-01-29T17:46:35.115] [INFO] ICC - RID:[1517269595115]-[SELECT]-[START]
[2018-01-29T17:46:35.115] [DEBUG] DCC - RID:[1517269595115]-[SELECT]-[QUERY]:[SELECT [CRED].[ID_CREDENCIAL]
      ,[CRED].[NOMBRE]
      ,[CRED].[USUARIO_NOMBRE]
      ,[CRED].[ID_AUTORIDAD]
	  ,[AUTH].[NOMBRE_AUTORIDAD]
	  ,[AUTH].[ID_ZONA]
         ,[CRED].[ID_ROL]
	  ,[ROL].[NOMBRE_ROL]
	  ,[ROL].[PRIVILEGIOS]
      ,[CRED].[ID_CREDENCIAL_SUPERIOR]
  FROM [dbo].[SLOAA_TR_CREDENCIAL] [CRED]
  LEFT JOIN  [dbo].[SLOAA_TC_AUTORIDAD] [AUTH] ON [CRED].[ID_AUTORIDAD]=[AUTH].[ID_AUTORIDAD]
  LEFT JOIN  [dbo].[SLOAA_TS_ROL] [ROL] ON [CRED].[ID_ROL]=[ROL].[ID_ROL]
  
  WHERE 
	            [CRED].[USUARIO_NOMBRE]='carlos.palacios'
		AND [CRED].[USUARIO_PASSWORD]='12345']
[2018-01-29T17:46:35.140] [INFO] ICC - RID:[1517269595115]-[SELECT]-[END]:[OK]
[2018-01-29T17:46:35.140] [INFO] ICC - RID:[1517269595115]-[REQUEST]-[END]:[/defaultSelect]
[2018-01-29T17:46:35.319] [INFO] ICC - RID:[1517269595319]-[REQUEST]-[START]:[/getAllOrdenServicio]
[2018-01-29T17:46:35.319] [INFO] ICC - RID:[1517269595319]-[SELECT]-[START]
[2018-01-29T17:46:35.319] [DEBUG] DCC - RID:[1517269595319]-[SELECT]-[QUERY]:[SELECT  
	    [ORD].[ID_ORDEN_SERVICIO]
      ,[ORD].[NUM_ORDEN]
      ,[ORD].[FECHA_SOLICITUD]
      ,[ORD].[DOMICILIO]
      ,[ORD].[FIRMA1_USER1]
      ,[ORD].[FIRMA1_USER2]
      ,[ORD].[FIRMA2_USER1]
      ,[ORD].[FIRMA2_USER2]
      ,[ORD].[ID_STATUS]
      ,[ORD].[METAINFO_FECHA_CREACION]
      ,[ORD].[METAINFO_IP]
      ,[ORD].[METAINFO_MAC_ADRR]
      ,[ORD].[LLAVE_SISTEMA]
      ,[ORD].[CIERRE_TOTAL]
	  
	   ,[CRED].[ID_CREDENCIAL]
      ,[CRED].[NOMBRE]
      ,[CRED].[CARGO]
      ,[CRED].[TELEFONO]
      ,[CRED].[EXT]
      ,[CRED].[EMAIL]
      ,[CRED].[PTT]
      ,[CRED].[MOVIL]
      ,[CRED].[USUARIO_NOMBRE]
      ,[CRED].[USUARIO_PASSWORD]
      ,[CRED].[ID_ROL]
      ,[CRED].[ID_CREDENCIAL_SUPERIOR]

	   ,[AUTH].[ID_AUTORIDAD]
      ,[AUTH].[NOMBRE_AUTORIDAD]
      ,[AUTH].[ESTADO]
      ,[AUTH].[NIVEL]
      ,[AUTH].[SERVICIO]
      ,[AUTH].[ID_ZONA] 
         FROM 
  [SLOAA_TR_ORDEN_SERVICIO] [ORD]
 LEFT JOIN [SLOAA_TR_CREDENCIAL] [CRED] ON  [CRED].[ID_CREDENCIAL]=[ORD].[ID_CREDENCIAL]
 LEFT JOIN [SLOAA_TC_AUTORIDAD] [AUTH] ON  [AUTH].[ID_AUTORIDAD]=[CRED].[ID_AUTORIDAD]
  WHERE
  1=1
 ]
[2018-01-29T17:46:35.347] [INFO] ICC - RID:[1517269595319]-[SELECT]-[END]:[OK]
[2018-01-29T17:46:35.347] [INFO] ICC - RID:[1517269595319]-[REQUEST]-[END]:[/getAllOrdenServicio]
