[2018-01-29T17:43:50.154] [INFO] ICC - RID:[1517269430154]-[REQUEST]-[START]:[/getAllCotizacionXOrden]
[2018-01-29T17:43:50.156] [ERROR] ECC - RID:[1517269430154]-[REQUEST]-[ERROR]:[Input parameter problem.]:[/getAllCotizacionXOrden]
[2018-01-29T17:43:50.159] [INFO] ICC - RID:[1517269430159]-[REQUEST]-[START]:[/getAllCotizacionXOrden]
[2018-01-29T17:43:50.159] [ERROR] ECC - RID:[1517269430159]-[REQUEST]-[ERROR]:[Input parameter problem.]:[/getAllCotizacionXOrden]
[2018-01-29T17:43:50.163] [INFO] ICC - RID:[1517269430163]-[REQUEST]-[START]:[/getAllCotizacionXOrden]
[2018-01-29T17:43:50.164] [ERROR] ECC - RID:[1517269430163]-[REQUEST]-[ERROR]:[Input parameter problem.]:[/getAllCotizacionXOrden]
[2018-01-29T17:43:50.165] [INFO] ICC - RID:[1517269430165]-[REQUEST]-[START]:[/getAllOrdenServicio]
[2018-01-29T17:43:50.165] [ERROR] ECC - RID:[1517269430165]-[REQUEST]-[ERROR]:[Input parameter problem.]:[/getAllOrdenServicio]
[2018-01-29T17:44:10.888] [INFO] ICC - RID:[1517269450888]-[REQUEST]-[START]:[/defaultSelect]
[2018-01-29T17:44:10.888] [INFO] ICC - RID:[1517269450888]-[SELECT]-[START]
[2018-01-29T17:44:13.485] [INFO] ICC - RID:[1517269453485]-[REQUEST]-[START]:[/defaultSelect]
[2018-01-29T17:44:13.486] [INFO] ICC - RID:[1517269453485]-[SELECT]-[START]
[2018-01-29T17:44:25.896] [ERROR] ECC - RID:[1517269450888]-[SELECT]-[END]:[FAIL]:[Failed to connect to 10.15.17.158:1433 in 15000ms]
[2018-01-29T17:44:25.898] [ERROR] ECC - RID:[1517269450888]-[REQUEST]-[ERROR]:[Failed to connect to 10.15.17.158:1433 in 15000ms]:[/defaultSelect]
[2018-01-29T17:44:28.489] [ERROR] ECC - RID:[1517269453485]-[SELECT]-[END]:[FAIL]:[Failed to connect to 10.15.17.158:1433 in 15000ms]
[2018-01-29T17:44:28.490] [ERROR] ECC - RID:[1517269453485]-[REQUEST]-[ERROR]:[Failed to connect to 10.15.17.158:1433 in 15000ms]:[/defaultSelect]
[2018-01-29T17:44:34.551] [INFO] ICC - RID:[1517269474551]-[REQUEST]-[START]:[/defaultSelect]
[2018-01-29T17:44:34.551] [INFO] ICC - RID:[1517269474551]-[SELECT]-[START]
[2018-01-29T17:44:34.605] [INFO] ICC - RID:[1517269474551]-[SELECT]-[END]:[OK]
[2018-01-29T17:44:34.606] [INFO] ICC - RID:[1517269474551]-[REQUEST]-[END]:[/defaultSelect]
[2018-01-29T17:44:34.784] [INFO] ICC - RID:[1517269474784]-[REQUEST]-[START]:[/getAllOrdenServicio]
[2018-01-29T17:44:34.784] [INFO] ICC - RID:[1517269474784]-[SELECT]-[START]
[2018-01-29T17:44:34.809] [INFO] ICC - RID:[1517269474784]-[SELECT]-[END]:[OK]
[2018-01-29T17:44:34.810] [INFO] ICC - RID:[1517269474784]-[REQUEST]-[END]:[/getAllOrdenServicio]
[2018-01-29T17:44:52.210] [INFO] ICC - RID:[1517269492210]-[REQUEST]-[START]:[/getAllCotizacionXOrden]
[2018-01-29T17:44:52.211] [ERROR] ECC - RID:[1517269492210]-[REQUEST]-[ERROR]:[Input parameter problem.]:[/getAllCotizacionXOrden]
[2018-01-29T17:44:52.212] [INFO] ICC - RID:[1517269492212]-[REQUEST]-[START]:[/getAllOrdenServicio]
[2018-01-29T17:44:52.212] [ERROR] ECC - RID:[1517269492212]-[REQUEST]-[ERROR]:[Input parameter problem.]:[/getAllOrdenServicio]
[2018-01-29T17:44:52.225] [INFO] ICC - RID:[1517269492225]-[REQUEST]-[START]:[/getAllCotizacionXOrden]
[2018-01-29T17:44:52.226] [ERROR] ECC - RID:[1517269492225]-[REQUEST]-[ERROR]:[Input parameter problem.]:[/getAllCotizacionXOrden]
[2018-01-29T17:44:52.228] [INFO] ICC - RID:[1517269492228]-[REQUEST]-[START]:[/getAllCotizacionXOrden]
[2018-01-29T17:44:52.228] [ERROR] ECC - RID:[1517269492228]-[REQUEST]-[ERROR]:[Input parameter problem.]:[/getAllCotizacionXOrden]
[2018-01-29T17:45:06.107] [INFO] ICC - RID:[1517269506107]-[REQUEST]-[START]:[/createOrdenServicio]
[2018-01-29T17:45:06.108] [INFO] ICC - RID:[1517269506107]-[SELECT]-[START]
[2018-01-29T17:45:06.127] [INFO] ICC - RID:[1517269506107]-[SELECT]-[END]:[OK]
[2018-01-29T17:45:06.128] [INFO] ICC - RID:[1517269506107]-[SELECT]-[START]
[2018-01-29T17:45:06.158] [INFO] ICC - RID:[1517269506107]-[SELECT]-[END]:[OK]
[2018-01-29T17:45:06.159] [INFO] ICC - RID:[1517269506107]-[FREE-DML]-[START]
[2018-01-29T17:45:06.259] [INFO] ICC - RID:[1517269506107]-[FREE-DML]-[END]:[OK]
[2018-01-29T17:45:06.260] [INFO] ICC - RID:[1517269506107]-[SELECT]-[START]
[2018-01-29T17:45:06.311] [INFO] ICC - RID:[1517269506107]-[SELECT]-[END]:[OK]
[2018-01-29T17:45:06.312] [INFO] ICC - RID:[1517269506107]-[REQUEST]-[END]:[/createOrdenServicio]
[2018-01-29T17:45:09.573] [INFO] ICC - RID:[1517269509573]-[REQUEST]-[START]:[/getAllTipoServicio]
[2018-01-29T17:45:09.573] [INFO] ICC - RID:[1517269509573]-[SELECT]-[START]
[2018-01-29T17:45:09.597] [INFO] ICC - RID:[1517269509573]-[SELECT]-[END]:[OK]
[2018-01-29T17:45:09.597] [INFO] ICC - RID:[1517269509573]-[REQUEST]-[END]:[/getAllTipoServicio]
[2018-01-29T17:45:12.305] [INFO] ICC - RID:[1517269512305]-[REQUEST]-[START]:[/getAllSubZona]
[2018-01-29T17:45:12.306] [INFO] ICC - RID:[1517269512305]-[SELECT]-[START]
[2018-01-29T17:45:12.327] [INFO] ICC - RID:[1517269512305]-[SELECT]-[END]:[OK]
[2018-01-29T17:45:12.327] [INFO] ICC - RID:[1517269512305]-[REQUEST]-[END]:[/getAllSubZona]
[2018-01-29T17:45:15.481] [INFO] ICC - RID:[1517269515481]-[REQUEST]-[START]:[/getAllServicios]
[2018-01-29T17:45:15.481] [INFO] ICC - RID:[1517269515481]-[SELECT]-[START]
[2018-01-29T17:45:15.509] [INFO] ICC - RID:[1517269515481]-[SELECT]-[END]:[OK]
[2018-01-29T17:45:15.510] [INFO] ICC - RID:[1517269515481]-[REQUEST]-[END]:[/getAllServicios]
[2018-01-29T17:45:18.957] [INFO] ICC - RID:[1517269518957]-[REQUEST]-[START]:[/getAllProvedores]
[2018-01-29T17:45:18.957] [INFO] ICC - RID:[1517269518957]-[SELECT]-[START]
[2018-01-29T17:45:18.986] [INFO] ICC - RID:[1517269518957]-[SELECT]-[END]:[OK]
[2018-01-29T17:45:18.986] [INFO] ICC - RID:[1517269518957]-[REQUEST]-[END]:[/getAllProvedores]
[2018-01-29T17:45:22.449] [INFO] ICC - RID:[1517269522449]-[REQUEST]-[START]:[/getUnidadYPrecioUnitarioXServicio]
[2018-01-29T17:45:22.450] [INFO] ICC - RID:[1517269522449]-[SELECT]-[START]
[2018-01-29T17:45:22.475] [INFO] ICC - RID:[1517269522449]-[SELECT]-[END]:[OK]
[2018-01-29T17:45:22.476] [INFO] ICC - RID:[1517269522449]-[REQUEST]-[END]:[/getUnidadYPrecioUnitarioXServicio]
[2018-01-29T17:45:31.362] [INFO] ICC - RID:[1517269531362]-[REQUEST]-[START]:[/addCotizacion]
[2018-01-29T17:45:31.362] [INFO] ICC - RID:[1517269531362]-[FREE-DML]-[START]
[2018-01-29T17:45:31.414] [INFO] ICC - RID:[1517269531362]-[FREE-DML]-[END]:[OK]
[2018-01-29T17:45:31.415] [INFO] ICC - RID:[1517269531362]-[REQUEST]-[END]:[/addCotizacion]
[2018-01-29T17:45:31.458] [INFO] ICC - RID:[1517269531458]-[REQUEST]-[START]:[/getAllCotizacionXOrden]
[2018-01-29T17:45:31.458] [INFO] ICC - RID:[1517269531458]-[SELECT]-[START]
[2018-01-29T17:45:31.497] [INFO] ICC - RID:[1517269531458]-[SELECT]-[END]:[OK]
[2018-01-29T17:45:31.498] [INFO] ICC - RID:[1517269531458]-[REQUEST]-[END]:[/getAllCotizacionXOrden]
[2018-01-29T17:45:58.105] [INFO] ICC - RID:[1517269558105]-[REQUEST]-[START]:[/addCotizacion]
[2018-01-29T17:45:58.106] [INFO] ICC - RID:[1517269558105]-[FREE-DML]-[START]
[2018-01-29T17:45:58.128] [INFO] ICC - RID:[1517269558105]-[FREE-DML]-[END]:[OK]
[2018-01-29T17:45:58.129] [INFO] ICC - RID:[1517269558105]-[REQUEST]-[END]:[/addCotizacion]
[2018-01-29T17:45:58.154] [INFO] ICC - RID:[1517269558154]-[REQUEST]-[START]:[/getAllCotizacionXOrden]
[2018-01-29T17:45:58.155] [INFO] ICC - RID:[1517269558154]-[SELECT]-[START]
[2018-01-29T17:45:58.172] [INFO] ICC - RID:[1517269558154]-[SELECT]-[END]:[OK]
[2018-01-29T17:45:58.173] [INFO] ICC - RID:[1517269558154]-[REQUEST]-[END]:[/getAllCotizacionXOrden]
[2018-01-29T17:46:28.075] [INFO] ICC - RID:[1517269588075]-[REQUEST]-[START]:[/getAllCotizacionXOrden]
[2018-01-29T17:46:28.076] [ERROR] ECC - RID:[1517269588075]-[REQUEST]-[ERROR]:[Input parameter problem.]:[/getAllCotizacionXOrden]
[2018-01-29T17:46:35.115] [INFO] ICC - RID:[1517269595115]-[REQUEST]-[START]:[/defaultSelect]
[2018-01-29T17:46:35.115] [INFO] ICC - RID:[1517269595115]-[SELECT]-[START]
[2018-01-29T17:46:35.140] [INFO] ICC - RID:[1517269595115]-[SELECT]-[END]:[OK]
[2018-01-29T17:46:35.140] [INFO] ICC - RID:[1517269595115]-[REQUEST]-[END]:[/defaultSelect]
[2018-01-29T17:46:35.319] [INFO] ICC - RID:[1517269595319]-[REQUEST]-[START]:[/getAllOrdenServicio]
[2018-01-29T17:46:35.319] [INFO] ICC - RID:[1517269595319]-[SELECT]-[START]
[2018-01-29T17:46:35.347] [INFO] ICC - RID:[1517269595319]-[SELECT]-[END]:[OK]
[2018-01-29T17:46:35.347] [INFO] ICC - RID:[1517269595319]-[REQUEST]-[END]:[/getAllOrdenServicio]
