[2018-02-02T14:00:01.268] [INFO] ICC - RID:[1517601601268]-[REQUEST]-[START]:[/getAllCotizacionXOrden]
[2018-02-02T14:00:01.268] [INFO] ICC - RID:[1517601601268]-[SELECT]-[START]
[2018-02-02T14:00:01.298] [INFO] ICC - RID:[1517601601268]-[SELECT]-[END]:[OK]
[2018-02-02T14:00:01.298] [INFO] ICC - RID:[1517601601268]-[REQUEST]-[END]:[/getAllCotizacionXOrden]
[2018-02-02T14:10:44.413] [INFO] ICC - RID:[1517602244412]-[REQUEST]-[START]:[/defaultSelect]
[2018-02-02T14:10:44.413] [INFO] ICC - RID:[1517602244412]-[SELECT]-[START]
[2018-02-02T14:10:44.446] [INFO] ICC - RID:[1517602244412]-[SELECT]-[END]:[OK]
[2018-02-02T14:10:44.447] [INFO] ICC - RID:[1517602244412]-[REQUEST]-[END]:[/defaultSelect]
[2018-02-02T14:10:44.670] [INFO] ICC - RID:[1517602244670]-[REQUEST]-[START]:[/getAllOrdenServicio]
[2018-02-02T14:10:44.670] [INFO] ICC - RID:[1517602244670]-[SELECT]-[START]
[2018-02-02T14:10:45.239] [INFO] ICC - RID:[1517602244670]-[SELECT]-[END]:[OK]
[2018-02-02T14:10:45.239] [INFO] ICC - RID:[1517602244670]-[REQUEST]-[END]:[/getAllOrdenServicio]
[2018-02-02T14:10:49.334] [INFO] ICC - RID:[1517602249334]-[REQUEST]-[START]:[/createOrdenServicio]
[2018-02-02T14:10:49.334] [INFO] ICC - RID:[1517602249334]-[SELECT]-[START]
[2018-02-02T14:10:49.721] [INFO] ICC - RID:[1517602249334]-[SELECT]-[END]:[OK]
[2018-02-02T14:10:49.721] [INFO] ICC - RID:[1517602249334]-[SELECT]-[START]
[2018-02-02T14:10:49.739] [INFO] ICC - RID:[1517602249334]-[SELECT]-[END]:[OK]
[2018-02-02T14:10:49.740] [INFO] ICC - RID:[1517602249334]-[FREE-DML]-[START]
[2018-02-02T14:10:49.790] [INFO] ICC - RID:[1517602249334]-[FREE-DML]-[END]:[OK]
[2018-02-02T14:10:49.790] [INFO] ICC - RID:[1517602249334]-[SELECT]-[START]
[2018-02-02T14:10:49.974] [INFO] ICC - RID:[1517602249334]-[SELECT]-[END]:[OK]
[2018-02-02T14:10:49.974] [INFO] ICC - RID:[1517602249334]-[REQUEST]-[END]:[/createOrdenServicio]
[2018-02-02T14:10:50.371] [INFO] ICC - RID:[1517602250371]-[REQUEST]-[START]:[/getAllCotizacionXOrden]
[2018-02-02T14:10:50.371] [ERROR] ECC - RID:[1517602250371]-[REQUEST]-[ERROR]:[Input parameter problem.]:[/getAllCotizacionXOrden]
[2018-02-02T14:12:59.014] [INFO] ICC - RID:[1517602379014]-[REQUEST]-[START]:[/getAllOrdenServicio]
[2018-02-02T14:12:59.014] [INFO] ICC - RID:[1517602379014]-[SELECT]-[START]
[2018-02-02T14:12:59.041] [INFO] ICC - RID:[1517602379014]-[SELECT]-[END]:[OK]
[2018-02-02T14:12:59.041] [INFO] ICC - RID:[1517602379014]-[REQUEST]-[END]:[/getAllOrdenServicio]
[2018-02-02T14:13:08.867] [INFO] ICC - RID:[1517602388867]-[REQUEST]-[START]:[/createOrdenServicio]
[2018-02-02T14:13:08.867] [INFO] ICC - RID:[1517602388867]-[SELECT]-[START]
[2018-02-02T14:13:08.884] [INFO] ICC - RID:[1517602388867]-[SELECT]-[END]:[OK]
[2018-02-02T14:13:08.885] [INFO] ICC - RID:[1517602388867]-[SELECT]-[START]
[2018-02-02T14:13:08.913] [INFO] ICC - RID:[1517602388867]-[SELECT]-[END]:[OK]
[2018-02-02T14:13:08.913] [INFO] ICC - RID:[1517602388867]-[FREE-DML]-[START]
[2018-02-02T14:13:08.946] [INFO] ICC - RID:[1517602388867]-[FREE-DML]-[END]:[OK]
[2018-02-02T14:13:08.946] [INFO] ICC - RID:[1517602388867]-[SELECT]-[START]
[2018-02-02T14:13:08.967] [INFO] ICC - RID:[1517602388867]-[SELECT]-[END]:[OK]
[2018-02-02T14:13:08.967] [INFO] ICC - RID:[1517602388867]-[REQUEST]-[END]:[/createOrdenServicio]
[2018-02-02T14:13:09.323] [INFO] ICC - RID:[1517602389323]-[REQUEST]-[START]:[/getAllCotizacionXOrden]
[2018-02-02T14:13:09.323] [ERROR] ECC - RID:[1517602389323]-[REQUEST]-[ERROR]:[Input parameter problem.]:[/getAllCotizacionXOrden]
[2018-02-02T14:14:22.569] [INFO] ICC - RID:[1517602462569]-[REQUEST]-[START]:[/defaultSelect]
[2018-02-02T14:14:22.569] [INFO] ICC - RID:[1517602462569]-[SELECT]-[START]
[2018-02-02T14:14:22.591] [INFO] ICC - RID:[1517602462569]-[SELECT]-[END]:[OK]
[2018-02-02T14:14:22.591] [INFO] ICC - RID:[1517602462569]-[REQUEST]-[END]:[/defaultSelect]
[2018-02-02T14:14:22.813] [INFO] ICC - RID:[1517602462813]-[REQUEST]-[START]:[/getAllOrdenServicio]
[2018-02-02T14:14:22.813] [INFO] ICC - RID:[1517602462813]-[SELECT]-[START]
[2018-02-02T14:14:22.841] [INFO] ICC - RID:[1517602462813]-[SELECT]-[END]:[OK]
[2018-02-02T14:14:22.841] [INFO] ICC - RID:[1517602462813]-[REQUEST]-[END]:[/getAllOrdenServicio]
[2018-02-02T14:14:26.975] [INFO] ICC - RID:[1517602466975]-[REQUEST]-[START]:[/createOrdenServicio]
[2018-02-02T14:14:26.975] [INFO] ICC - RID:[1517602466975]-[SELECT]-[START]
[2018-02-02T14:14:26.991] [INFO] ICC - RID:[1517602466975]-[SELECT]-[END]:[OK]
[2018-02-02T14:14:26.992] [INFO] ICC - RID:[1517602466975]-[SELECT]-[START]
[2018-02-02T14:14:27.014] [INFO] ICC - RID:[1517602466975]-[SELECT]-[END]:[OK]
[2018-02-02T14:14:27.014] [INFO] ICC - RID:[1517602466975]-[FREE-DML]-[START]
[2018-02-02T14:14:27.050] [ERROR] ECC - RID:[1517602466975]-[FREE-DML]-[END]:[FAIL]:[String or binary data would be truncated.]
[2018-02-02T14:14:27.051] [ERROR] ECC - RID:[1517602466975]-[REQUEST]-[ERROR]:[String or binary data would be truncated.]:[/createOrdenServicio]
[2018-02-02T14:17:22.979] [INFO] ICC - RID:[1517602642978]-[REQUEST]-[START]:[/defaultSelect]
[2018-02-02T14:17:22.979] [INFO] ICC - RID:[1517602642978]-[SELECT]-[START]
[2018-02-02T14:17:23.001] [INFO] ICC - RID:[1517602642978]-[SELECT]-[END]:[OK]
[2018-02-02T14:17:23.001] [INFO] ICC - RID:[1517602642978]-[REQUEST]-[END]:[/defaultSelect]
[2018-02-02T14:17:23.227] [INFO] ICC - RID:[1517602643227]-[REQUEST]-[START]:[/getAllOrdenServicio]
[2018-02-02T14:17:23.227] [INFO] ICC - RID:[1517602643227]-[SELECT]-[START]
[2018-02-02T14:17:23.252] [INFO] ICC - RID:[1517602643227]-[SELECT]-[END]:[OK]
[2018-02-02T14:17:23.252] [INFO] ICC - RID:[1517602643227]-[REQUEST]-[END]:[/getAllOrdenServicio]
[2018-02-02T14:17:28.574] [INFO] ICC - RID:[1517602648574]-[REQUEST]-[START]:[/createOrdenServicio]
[2018-02-02T14:17:28.574] [INFO] ICC - RID:[1517602648574]-[SELECT]-[START]
[2018-02-02T14:17:28.591] [INFO] ICC - RID:[1517602648574]-[SELECT]-[END]:[OK]
[2018-02-02T14:17:28.591] [INFO] ICC - RID:[1517602648574]-[SELECT]-[START]
[2018-02-02T14:17:28.611] [INFO] ICC - RID:[1517602648574]-[SELECT]-[END]:[OK]
[2018-02-02T14:17:28.611] [INFO] ICC - RID:[1517602648574]-[FREE-DML]-[START]
[2018-02-02T14:17:28.723] [ERROR] ECC - RID:[1517602648574]-[FREE-DML]-[END]:[FAIL]:[String or binary data would be truncated.]
[2018-02-02T14:17:28.724] [ERROR] ECC - RID:[1517602648574]-[REQUEST]-[ERROR]:[String or binary data would be truncated.]:[/createOrdenServicio]
[2018-02-02T14:17:53.678] [INFO] ICC - RID:[1517602673678]-[REQUEST]-[START]:[/getAllOrdenServicio]
[2018-02-02T14:17:53.678] [INFO] ICC - RID:[1517602673678]-[SELECT]-[START]
[2018-02-02T14:17:53.705] [INFO] ICC - RID:[1517602673678]-[SELECT]-[END]:[OK]
[2018-02-02T14:17:53.705] [INFO] ICC - RID:[1517602673678]-[REQUEST]-[END]:[/getAllOrdenServicio]
[2018-02-02T14:17:55.702] [INFO] ICC - RID:[1517602675702]-[REQUEST]-[START]:[/getAllOrdenServicio]
[2018-02-02T14:17:55.702] [INFO] ICC - RID:[1517602675702]-[SELECT]-[START]
[2018-02-02T14:17:55.720] [INFO] ICC - RID:[1517602675702]-[SELECT]-[END]:[OK]
[2018-02-02T14:17:55.720] [INFO] ICC - RID:[1517602675702]-[REQUEST]-[END]:[/getAllOrdenServicio]
[2018-02-02T14:17:58.616] [INFO] ICC - RID:[1517602678615]-[REQUEST]-[START]:[/getAllCotizacionXOrden]
[2018-02-02T14:17:58.616] [ERROR] ECC - RID:[1517602678615]-[REQUEST]-[ERROR]:[Input parameter problem.]:[/getAllCotizacionXOrden]
[2018-02-02T14:18:28.506] [INFO] ICC - RID:[1517602708506]-[REQUEST]-[START]:[/getAllOrdenServicio]
[2018-02-02T14:18:28.506] [INFO] ICC - RID:[1517602708506]-[SELECT]-[START]
[2018-02-02T14:18:28.525] [INFO] ICC - RID:[1517602708506]-[SELECT]-[END]:[OK]
[2018-02-02T14:18:28.525] [INFO] ICC - RID:[1517602708506]-[REQUEST]-[END]:[/getAllOrdenServicio]
[2018-02-02T14:18:32.839] [INFO] ICC - RID:[1517602712839]-[REQUEST]-[START]:[/createOrdenServicio]
[2018-02-02T14:18:32.839] [INFO] ICC - RID:[1517602712839]-[SELECT]-[START]
[2018-02-02T14:18:32.857] [INFO] ICC - RID:[1517602712839]-[SELECT]-[END]:[OK]
[2018-02-02T14:18:32.857] [INFO] ICC - RID:[1517602712839]-[SELECT]-[START]
[2018-02-02T14:18:32.879] [INFO] ICC - RID:[1517602712839]-[SELECT]-[END]:[OK]
[2018-02-02T14:18:32.879] [INFO] ICC - RID:[1517602712839]-[FREE-DML]-[START]
[2018-02-02T14:18:32.900] [ERROR] ECC - RID:[1517602712839]-[FREE-DML]-[END]:[FAIL]:[String or binary data would be truncated.]
[2018-02-02T14:18:32.900] [ERROR] ECC - RID:[1517602712839]-[REQUEST]-[ERROR]:[String or binary data would be truncated.]:[/createOrdenServicio]
[2018-02-02T14:21:43.112] [INFO] ICC - RID:[1517602903112]-[REQUEST]-[START]:[/defaultSelect]
[2018-02-02T14:21:43.112] [INFO] ICC - RID:[1517602903112]-[SELECT]-[START]
[2018-02-02T14:21:43.135] [INFO] ICC - RID:[1517602903112]-[SELECT]-[END]:[OK]
[2018-02-02T14:21:43.135] [INFO] ICC - RID:[1517602903112]-[REQUEST]-[END]:[/defaultSelect]
[2018-02-02T14:21:43.392] [INFO] ICC - RID:[1517602903392]-[REQUEST]-[START]:[/getAllOrdenServicio]
[2018-02-02T14:21:43.392] [INFO] ICC - RID:[1517602903392]-[SELECT]-[START]
[2018-02-02T14:21:43.417] [INFO] ICC - RID:[1517602903392]-[SELECT]-[END]:[OK]
[2018-02-02T14:21:43.418] [INFO] ICC - RID:[1517602903392]-[REQUEST]-[END]:[/getAllOrdenServicio]
[2018-02-02T14:21:59.516] [INFO] ICC - RID:[1517602919516]-[REQUEST]-[START]:[/getAllOrdenServicio]
[2018-02-02T14:21:59.517] [INFO] ICC - RID:[1517602919516]-[SELECT]-[START]
[2018-02-02T14:21:59.589] [INFO] ICC - RID:[1517602919516]-[SELECT]-[END]:[OK]
[2018-02-02T14:21:59.589] [INFO] ICC - RID:[1517602919516]-[REQUEST]-[END]:[/getAllOrdenServicio]
[2018-02-02T14:22:03.911] [INFO] ICC - RID:[1517602923911]-[REQUEST]-[START]:[/createOrdenServicio]
[2018-02-02T14:22:03.912] [INFO] ICC - RID:[1517602923911]-[SELECT]-[START]
[2018-02-02T14:22:03.929] [INFO] ICC - RID:[1517602923911]-[SELECT]-[END]:[OK]
[2018-02-02T14:22:03.930] [INFO] ICC - RID:[1517602923911]-[SELECT]-[START]
[2018-02-02T14:22:03.976] [INFO] ICC - RID:[1517602923911]-[SELECT]-[END]:[OK]
[2018-02-02T14:22:03.976] [INFO] ICC - RID:[1517602923911]-[FREE-DML]-[START]
[2018-02-02T14:22:03.998] [INFO] ICC - RID:[1517602923911]-[FREE-DML]-[END]:[OK]
[2018-02-02T14:22:03.998] [INFO] ICC - RID:[1517602923911]-[SELECT]-[START]
[2018-02-02T14:22:04.032] [INFO] ICC - RID:[1517602923911]-[SELECT]-[END]:[OK]
[2018-02-02T14:22:04.032] [INFO] ICC - RID:[1517602923911]-[REQUEST]-[END]:[/createOrdenServicio]
[2018-02-02T14:22:04.387] [INFO] ICC - RID:[1517602924387]-[REQUEST]-[START]:[/getAllCotizacionXOrden]
[2018-02-02T14:22:04.387] [ERROR] ECC - RID:[1517602924387]-[REQUEST]-[ERROR]:[Input parameter problem.]:[/getAllCotizacionXOrden]
[2018-02-02T14:22:08.820] [INFO] ICC - RID:[1517602928820]-[REQUEST]-[START]:[/getAllOrdenServicio]
[2018-02-02T14:22:08.820] [INFO] ICC - RID:[1517602928820]-[SELECT]-[START]
[2018-02-02T14:22:08.846] [INFO] ICC - RID:[1517602928820]-[SELECT]-[END]:[OK]
[2018-02-02T14:22:08.846] [INFO] ICC - RID:[1517602928820]-[REQUEST]-[END]:[/getAllOrdenServicio]
[2018-02-02T14:23:06.625] [INFO] ICC - RID:[1517602986625]-[REQUEST]-[START]:[/defaultSelect]
[2018-02-02T14:23:06.625] [INFO] ICC - RID:[1517602986625]-[SELECT]-[START]
[2018-02-02T14:23:06.654] [INFO] ICC - RID:[1517602986625]-[SELECT]-[END]:[OK]
[2018-02-02T14:23:06.654] [INFO] ICC - RID:[1517602986625]-[REQUEST]-[END]:[/defaultSelect]
[2018-02-02T14:23:06.886] [INFO] ICC - RID:[1517602986886]-[REQUEST]-[START]:[/getAllOrdenServicio]
[2018-02-02T14:23:06.886] [INFO] ICC - RID:[1517602986886]-[SELECT]-[START]
[2018-02-02T14:23:06.911] [INFO] ICC - RID:[1517602986886]-[SELECT]-[END]:[OK]
[2018-02-02T14:23:06.912] [INFO] ICC - RID:[1517602986886]-[REQUEST]-[END]:[/getAllOrdenServicio]
[2018-02-02T14:23:13.234] [INFO] ICC - RID:[1517602993234]-[REQUEST]-[START]:[/getAllCotizacionXOrden]
[2018-02-02T14:23:13.235] [ERROR] ECC - RID:[1517602993234]-[REQUEST]-[ERROR]:[Input parameter problem.]:[/getAllCotizacionXOrden]
[2018-02-02T14:23:13.772] [INFO] ICC - RID:[1517602993772]-[REQUEST]-[START]:[/getAllTipoServicio]
[2018-02-02T14:23:13.772] [INFO] ICC - RID:[1517602993772]-[SELECT]-[START]
[2018-02-02T14:23:14.420] [INFO] ICC - RID:[1517602993772]-[SELECT]-[END]:[OK]
[2018-02-02T14:23:14.420] [INFO] ICC - RID:[1517602993772]-[REQUEST]-[END]:[/getAllTipoServicio]
[2018-02-02T14:23:15.547] [INFO] ICC - RID:[1517602995547]-[REQUEST]-[START]:[/getAllSubZona]
[2018-02-02T14:23:15.547] [INFO] ICC - RID:[1517602995547]-[SELECT]-[START]
[2018-02-02T14:23:15.686] [INFO] ICC - RID:[1517602995547]-[SELECT]-[END]:[OK]
[2018-02-02T14:23:15.686] [INFO] ICC - RID:[1517602995547]-[REQUEST]-[END]:[/getAllSubZona]
[2018-02-02T14:23:16.899] [INFO] ICC - RID:[1517602996899]-[REQUEST]-[START]:[/getAllServicios]
[2018-02-02T14:23:16.899] [INFO] ICC - RID:[1517602996899]-[SELECT]-[START]
[2018-02-02T14:23:17.402] [INFO] ICC - RID:[1517602996899]-[SELECT]-[END]:[OK]
[2018-02-02T14:23:17.402] [INFO] ICC - RID:[1517602996899]-[REQUEST]-[END]:[/getAllServicios]
[2018-02-02T14:23:18.798] [INFO] ICC - RID:[1517602998798]-[REQUEST]-[START]:[/getAllProvedores]
[2018-02-02T14:23:18.798] [INFO] ICC - RID:[1517602998798]-[SELECT]-[START]
[2018-02-02T14:23:18.850] [INFO] ICC - RID:[1517602998798]-[SELECT]-[END]:[OK]
[2018-02-02T14:23:18.850] [INFO] ICC - RID:[1517602998798]-[REQUEST]-[END]:[/getAllProvedores]
[2018-02-02T14:23:20.319] [INFO] ICC - RID:[1517603000319]-[REQUEST]-[START]:[/getUnidadYPrecioUnitarioXServicio]
[2018-02-02T14:23:20.319] [INFO] ICC - RID:[1517603000319]-[SELECT]-[START]
[2018-02-02T14:23:20.342] [INFO] ICC - RID:[1517603000319]-[SELECT]-[END]:[OK]
[2018-02-02T14:23:20.342] [INFO] ICC - RID:[1517603000319]-[REQUEST]-[END]:[/getUnidadYPrecioUnitarioXServicio]
[2018-02-02T14:27:06.324] [INFO] ICC - RID:[1517603226324]-[REQUEST]-[START]:[/getAllOrdenServicio]
[2018-02-02T14:27:06.325] [INFO] ICC - RID:[1517603226324]-[SELECT]-[START]
[2018-02-02T14:27:06.353] [INFO] ICC - RID:[1517603226324]-[SELECT]-[END]:[OK]
[2018-02-02T14:27:06.353] [INFO] ICC - RID:[1517603226324]-[REQUEST]-[END]:[/getAllOrdenServicio]
[2018-02-02T14:27:09.491] [INFO] ICC - RID:[1517603229491]-[REQUEST]-[START]:[/getAllCotizacionXOrden]
[2018-02-02T14:27:09.492] [ERROR] ECC - RID:[1517603229491]-[REQUEST]-[ERROR]:[Input parameter problem.]:[/getAllCotizacionXOrden]
[2018-02-02T14:27:10.256] [INFO] ICC - RID:[1517603230256]-[REQUEST]-[START]:[/getAllTipoServicio]
[2018-02-02T14:27:10.256] [INFO] ICC - RID:[1517603230256]-[SELECT]-[START]
[2018-02-02T14:27:10.278] [INFO] ICC - RID:[1517603230256]-[SELECT]-[END]:[OK]
[2018-02-02T14:27:10.278] [INFO] ICC - RID:[1517603230256]-[REQUEST]-[END]:[/getAllTipoServicio]
[2018-02-02T14:27:31.974] [INFO] ICC - RID:[1517603251974]-[REQUEST]-[START]:[/getAllSubZona]
[2018-02-02T14:27:31.974] [INFO] ICC - RID:[1517603251974]-[SELECT]-[START]
[2018-02-02T14:27:31.988] [INFO] ICC - RID:[1517603251974]-[SELECT]-[END]:[OK]
[2018-02-02T14:27:31.989] [INFO] ICC - RID:[1517603251974]-[REQUEST]-[END]:[/getAllSubZona]
[2018-02-02T14:27:46.308] [INFO] ICC - RID:[1517603266308]-[REQUEST]-[START]:[/getAllServicios]
[2018-02-02T14:27:46.308] [INFO] ICC - RID:[1517603266308]-[SELECT]-[START]
[2018-02-02T14:27:46.339] [INFO] ICC - RID:[1517603266308]-[SELECT]-[END]:[OK]
[2018-02-02T14:27:46.339] [INFO] ICC - RID:[1517603266308]-[REQUEST]-[END]:[/getAllServicios]
[2018-02-02T14:27:58.156] [INFO] ICC - RID:[1517603278156]-[REQUEST]-[START]:[/getAllProvedores]
[2018-02-02T14:27:58.156] [INFO] ICC - RID:[1517603278156]-[SELECT]-[START]
[2018-02-02T14:27:58.178] [INFO] ICC - RID:[1517603278156]-[SELECT]-[END]:[OK]
[2018-02-02T14:27:58.178] [INFO] ICC - RID:[1517603278156]-[REQUEST]-[END]:[/getAllProvedores]
[2018-02-02T14:28:27.772] [INFO] ICC - RID:[1517603307772]-[REQUEST]-[START]:[/getUnidadYPrecioUnitarioXServicio]
[2018-02-02T14:28:27.772] [INFO] ICC - RID:[1517603307772]-[SELECT]-[START]
[2018-02-02T14:28:27.792] [INFO] ICC - RID:[1517603307772]-[SELECT]-[END]:[OK]
[2018-02-02T14:28:27.792] [INFO] ICC - RID:[1517603307772]-[REQUEST]-[END]:[/getUnidadYPrecioUnitarioXServicio]
[2018-02-02T14:29:29.833] [INFO] ICC - RID:[1517603369833]-[REQUEST]-[START]:[/getAllOrdenServicio]
[2018-02-02T14:29:29.833] [INFO] ICC - RID:[1517603369833]-[SELECT]-[START]
[2018-02-02T14:29:29.860] [INFO] ICC - RID:[1517603369833]-[SELECT]-[END]:[OK]
[2018-02-02T14:29:29.861] [INFO] ICC - RID:[1517603369833]-[REQUEST]-[END]:[/getAllOrdenServicio]
