[2018-01-29T13:00:19.747] [INFO] ICC - RID:[1517252419747]-[REQUEST]-[START]:[/defaultSelect]
[2018-01-29T13:00:19.748] [INFO] ICC - RID:[1517252419747]-[SELECT]-[START]
[2018-01-29T13:00:19.748] [DEBUG] DCC - RID:[1517252419747]-[SELECT]-[QUERY]:[SELECT [CRED].[ID_CREDENCIAL]
      ,[CRED].[NOMBRE]
      ,[CRED].[USUARIO_NOMBRE]
      ,[CRED].[ID_AUTORIDAD]
	  ,[AUTH].[NOMBRE_AUTORIDAD]
	  ,[AUTH].[ID_ZONA]
         ,[CRED].[ID_ROL]
	  ,[ROL].[NOMBRE_ROL]
	  ,[ROL].[PRIVILEGIOS]
      ,[CRED].[ID_CREDENCIAL_SUPERIOR]
  FROM [dbo].[SLOAA_TR_CREDENCIAL] [CRED]
  LEFT JOIN  [dbo].[SLOAA_TC_AUTORIDAD] [AUTH] ON [CRED].[ID_AUTORIDAD]=[AUTH].[ID_AUTORIDAD]
  LEFT JOIN  [dbo].[SLOAA_TS_ROL] [ROL] ON [CRED].[ID_ROL]=[ROL].[ID_ROL]
  
  WHERE 
	            [CRED].[USUARIO_NOMBRE]='carlos.palacios'
		AND [CRED].[USUARIO_PASSWORD]='12345']
[2018-01-29T13:00:19.773] [INFO] ICC - RID:[1517252419747]-[SELECT]-[END]:[OK]
[2018-01-29T13:00:19.773] [INFO] ICC - RID:[1517252419747]-[REQUEST]-[END]:[/defaultSelect]
[2018-01-29T13:00:19.963] [INFO] ICC - RID:[1517252419963]-[REQUEST]-[START]:[/getAllOrdenServicio]
[2018-01-29T13:00:19.963] [INFO] ICC - RID:[1517252419963]-[SELECT]-[START]
[2018-01-29T13:00:19.963] [DEBUG] DCC - RID:[1517252419963]-[SELECT]-[QUERY]:[SELECT  
	    [ORD].[ID_ORDEN_SERVICIO]
      ,[ORD].[NUM_ORDEN]
      ,[ORD].[FECHA_SOLICITUD]
      ,[ORD].[DOMICILIO]
      ,[ORD].[FIRMA1_USER1]
      ,[ORD].[FIRMA1_USER2]
      ,[ORD].[FIRMA2_USER1]
      ,[ORD].[FIRMA2_USER2]
      ,[ORD].[ID_STATUS]
      ,[ORD].[METAINFO_FECHA_CREACION]
      ,[ORD].[METAINFO_IP]
      ,[ORD].[METAINFO_MAC_ADRR]
      ,[ORD].[LLAVE_SISTEMA]
      ,[ORD].[CIERRE_TOTAL]
	  
	   ,[CRED].[ID_CREDENCIAL]
      ,[CRED].[NOMBRE]
      ,[CRED].[CARGO]
      ,[CRED].[TELEFONO]
      ,[CRED].[EXT]
      ,[CRED].[EMAIL]
      ,[CRED].[PTT]
      ,[CRED].[MOVIL]
      ,[CRED].[USUARIO_NOMBRE]
      ,[CRED].[USUARIO_PASSWORD]
      ,[CRED].[ID_ROL]
      ,[CRED].[ID_CREDENCIAL_SUPERIOR]

	   ,[AUTH].[ID_AUTORIDAD]
      ,[AUTH].[NOMBRE_AUTORIDAD]
      ,[AUTH].[ESTADO]
      ,[AUTH].[NIVEL]
      ,[AUTH].[SERVICIO]
      ,[AUTH].[ID_ZONA] 
         FROM 
  [SLOAA_TR_ORDEN_SERVICIO] [ORD]
 LEFT JOIN [SLOAA_TR_CREDENCIAL] [CRED] ON  [CRED].[ID_CREDENCIAL]=[ORD].[ID_CREDENCIAL]
 LEFT JOIN [SLOAA_TC_AUTORIDAD] [AUTH] ON  [AUTH].[ID_AUTORIDAD]=[CRED].[ID_AUTORIDAD]
  WHERE
  1=1
 ]
[2018-01-29T13:00:19.986] [INFO] ICC - RID:[1517252419963]-[SELECT]-[END]:[OK]
[2018-01-29T13:00:19.987] [INFO] ICC - RID:[1517252419963]-[REQUEST]-[END]:[/getAllOrdenServicio]
[2018-01-29T13:00:20.892] [INFO] ICC - RID:[1517252420892]-[REQUEST]-[START]:[/getAllCotizacionXOrden]
[2018-01-29T13:00:20.892] [DEBUG] DCC - {"missing":[{"requiredFieldName":"idOrdenServicio","requiredFieldType":"string"}],"extra":[{"inputFieldName":"_dc","inputFieldType":"string"},{"inputFieldName":"uno","inputFieldType":"string"},{"inputFieldName":"page","inputFieldType":"string"},{"inputFieldName":"start","inputFieldType":"string"},{"inputFieldName":"limit","inputFieldType":"string"},{"inputFieldName":"callback","inputFieldType":"string"}]}
[2018-01-29T13:00:20.892] [ERROR] ECC - RID:[1517252420892]-[REQUEST]-[ERROR]:[Input parameter problem.]:[/getAllCotizacionXOrden]
[2018-01-29T13:00:20.903] [INFO] ICC - RID:[1517252420903]-[REQUEST]-[START]:[/getAllCotizacionXOrden]
[2018-01-29T13:00:20.904] [DEBUG] DCC - {"missing":[{"requiredFieldName":"idOrdenServicio","requiredFieldType":"string"}],"extra":[{"inputFieldName":"_dc","inputFieldType":"string"},{"inputFieldName":"uno","inputFieldType":"string"},{"inputFieldName":"page","inputFieldType":"string"},{"inputFieldName":"start","inputFieldType":"string"},{"inputFieldName":"limit","inputFieldType":"string"},{"inputFieldName":"callback","inputFieldType":"string"}]}
[2018-01-29T13:00:20.904] [ERROR] ECC - RID:[1517252420903]-[REQUEST]-[ERROR]:[Input parameter problem.]:[/getAllCotizacionXOrden]
[2018-01-29T13:00:22.364] [INFO] ICC - RID:[1517252422364]-[REQUEST]-[START]:[/getAllTipoServicio]
[2018-01-29T13:00:22.365] [INFO] ICC - RID:[1517252422364]-[SELECT]-[START]
[2018-01-29T13:00:22.365] [DEBUG] DCC - RID:[1517252422364]-[SELECT]-[QUERY]:[SELECT 
 DISTINCT([SEL].[ID_TIPO_SERVICIO]),
		  [SEL].[TIPO]
 FROM  (
		SELECT [PSXS].[ID_PRESTADOR_SERVICIO]
			  ,[PSXS].[ID_ZONA]
			  ,[PSXS].[ID_SUBZONA]
			  ,[PSXS].[ID_TIPO_SERVICIO]
			  ,[TS].[TIPO]
			  ,[PSXS].[ID_SERVICIO]
		  FROM [SLOAA_TC_PRESTADOR_SERVICIOS_X_SERVICIO] [PSXS]
		  LEFT JOIN [SLOAA_TC_TIPO_SERVICIO] [TS] ON [PSXS].[ID_TIPO_SERVICIO]=[TS].[ID_TIPO_SERVICIO]
		  WHERE 
		  1=1
		  AND [PSXS].[ID_ZONA]=3
  )[SEL] ]
[2018-01-29T13:00:22.384] [INFO] ICC - RID:[1517252422364]-[SELECT]-[END]:[OK]
[2018-01-29T13:00:22.384] [INFO] ICC - RID:[1517252422364]-[REQUEST]-[END]:[/getAllTipoServicio]
[2018-01-29T13:00:23.294] [INFO] ICC - RID:[1517252423294]-[REQUEST]-[START]:[/getAllSubZona]
[2018-01-29T13:00:23.294] [INFO] ICC - RID:[1517252423294]-[SELECT]-[START]
[2018-01-29T13:00:23.294] [DEBUG] DCC - RID:[1517252423294]-[SELECT]-[QUERY]:[SELECT [ID_SUBZONA],[SUBZONA] FROM [SLOAA_TC_SUBZONA] WHERE 1=1 AND [ID_ZONA]=3]
[2018-01-29T13:00:23.311] [INFO] ICC - RID:[1517252423294]-[SELECT]-[END]:[OK]
[2018-01-29T13:00:23.311] [INFO] ICC - RID:[1517252423294]-[REQUEST]-[END]:[/getAllSubZona]
[2018-01-29T13:00:25.356] [INFO] ICC - RID:[1517252425356]-[REQUEST]-[START]:[/getAllServicios]
[2018-01-29T13:00:25.356] [DEBUG] DCC - {"missing":[{"requiredFieldName":"idSubZona","requiredFieldType":"string"}],"extra":[{"inputFieldName":"object Object","inputFieldType":"string"}]}
[2018-01-29T13:00:25.357] [ERROR] ECC - RID:[1517252425356]-[REQUEST]-[ERROR]:[Input parameter problem.]:[/getAllServicios]
[2018-01-29T13:07:33.841] [INFO] ICC - RID:[1517252853841]-[REQUEST]-[START]:[/defaultSelect]
[2018-01-29T13:07:33.841] [INFO] ICC - RID:[1517252853841]-[SELECT]-[START]
[2018-01-29T13:07:33.841] [DEBUG] DCC - RID:[1517252853841]-[SELECT]-[QUERY]:[SELECT [CRED].[ID_CREDENCIAL]
      ,[CRED].[NOMBRE]
      ,[CRED].[USUARIO_NOMBRE]
      ,[CRED].[ID_AUTORIDAD]
	  ,[AUTH].[NOMBRE_AUTORIDAD]
	  ,[AUTH].[ID_ZONA]
         ,[CRED].[ID_ROL]
	  ,[ROL].[NOMBRE_ROL]
	  ,[ROL].[PRIVILEGIOS]
      ,[CRED].[ID_CREDENCIAL_SUPERIOR]
  FROM [dbo].[SLOAA_TR_CREDENCIAL] [CRED]
  LEFT JOIN  [dbo].[SLOAA_TC_AUTORIDAD] [AUTH] ON [CRED].[ID_AUTORIDAD]=[AUTH].[ID_AUTORIDAD]
  LEFT JOIN  [dbo].[SLOAA_TS_ROL] [ROL] ON [CRED].[ID_ROL]=[ROL].[ID_ROL]
  
  WHERE 
	            [CRED].[USUARIO_NOMBRE]='carlos.palacios'
		AND [CRED].[USUARIO_PASSWORD]='12345']
[2018-01-29T13:07:33.862] [INFO] ICC - RID:[1517252853841]-[SELECT]-[END]:[OK]
[2018-01-29T13:07:33.862] [INFO] ICC - RID:[1517252853841]-[REQUEST]-[END]:[/defaultSelect]
[2018-01-29T13:07:34.087] [INFO] ICC - RID:[1517252854087]-[REQUEST]-[START]:[/getAllOrdenServicio]
[2018-01-29T13:07:34.087] [INFO] ICC - RID:[1517252854087]-[SELECT]-[START]
[2018-01-29T13:07:34.087] [DEBUG] DCC - RID:[1517252854087]-[SELECT]-[QUERY]:[SELECT  
	    [ORD].[ID_ORDEN_SERVICIO]
      ,[ORD].[NUM_ORDEN]
      ,[ORD].[FECHA_SOLICITUD]
      ,[ORD].[DOMICILIO]
      ,[ORD].[FIRMA1_USER1]
      ,[ORD].[FIRMA1_USER2]
      ,[ORD].[FIRMA2_USER1]
      ,[ORD].[FIRMA2_USER2]
      ,[ORD].[ID_STATUS]
      ,[ORD].[METAINFO_FECHA_CREACION]
      ,[ORD].[METAINFO_IP]
      ,[ORD].[METAINFO_MAC_ADRR]
      ,[ORD].[LLAVE_SISTEMA]
      ,[ORD].[CIERRE_TOTAL]
	  
	   ,[CRED].[ID_CREDENCIAL]
      ,[CRED].[NOMBRE]
      ,[CRED].[CARGO]
      ,[CRED].[TELEFONO]
      ,[CRED].[EXT]
      ,[CRED].[EMAIL]
      ,[CRED].[PTT]
      ,[CRED].[MOVIL]
      ,[CRED].[USUARIO_NOMBRE]
      ,[CRED].[USUARIO_PASSWORD]
      ,[CRED].[ID_ROL]
      ,[CRED].[ID_CREDENCIAL_SUPERIOR]

	   ,[AUTH].[ID_AUTORIDAD]
      ,[AUTH].[NOMBRE_AUTORIDAD]
      ,[AUTH].[ESTADO]
      ,[AUTH].[NIVEL]
      ,[AUTH].[SERVICIO]
      ,[AUTH].[ID_ZONA] 
         FROM 
  [SLOAA_TR_ORDEN_SERVICIO] [ORD]
 LEFT JOIN [SLOAA_TR_CREDENCIAL] [CRED] ON  [CRED].[ID_CREDENCIAL]=[ORD].[ID_CREDENCIAL]
 LEFT JOIN [SLOAA_TC_AUTORIDAD] [AUTH] ON  [AUTH].[ID_AUTORIDAD]=[CRED].[ID_AUTORIDAD]
  WHERE
  1=1
 ]
[2018-01-29T13:07:34.110] [INFO] ICC - RID:[1517252854087]-[SELECT]-[END]:[OK]
[2018-01-29T13:07:34.110] [INFO] ICC - RID:[1517252854087]-[REQUEST]-[END]:[/getAllOrdenServicio]
[2018-01-29T13:07:35.117] [INFO] ICC - RID:[1517252855117]-[REQUEST]-[START]:[/getAllCotizacionXOrden]
[2018-01-29T13:07:35.117] [DEBUG] DCC - {"missing":[{"requiredFieldName":"idOrdenServicio","requiredFieldType":"string"}],"extra":[{"inputFieldName":"_dc","inputFieldType":"string"},{"inputFieldName":"uno","inputFieldType":"string"},{"inputFieldName":"page","inputFieldType":"string"},{"inputFieldName":"start","inputFieldType":"string"},{"inputFieldName":"limit","inputFieldType":"string"},{"inputFieldName":"callback","inputFieldType":"string"}]}
[2018-01-29T13:07:35.118] [ERROR] ECC - RID:[1517252855117]-[REQUEST]-[ERROR]:[Input parameter problem.]:[/getAllCotizacionXOrden]
[2018-01-29T13:07:35.134] [INFO] ICC - RID:[1517252855134]-[REQUEST]-[START]:[/getAllCotizacionXOrden]
[2018-01-29T13:07:35.134] [DEBUG] DCC - {"missing":[{"requiredFieldName":"idOrdenServicio","requiredFieldType":"string"}],"extra":[{"inputFieldName":"_dc","inputFieldType":"string"},{"inputFieldName":"uno","inputFieldType":"string"},{"inputFieldName":"page","inputFieldType":"string"},{"inputFieldName":"start","inputFieldType":"string"},{"inputFieldName":"limit","inputFieldType":"string"},{"inputFieldName":"callback","inputFieldType":"string"}]}
[2018-01-29T13:07:35.134] [ERROR] ECC - RID:[1517252855134]-[REQUEST]-[ERROR]:[Input parameter problem.]:[/getAllCotizacionXOrden]
[2018-01-29T13:07:36.894] [INFO] ICC - RID:[1517252856894]-[REQUEST]-[START]:[/getAllTipoServicio]
[2018-01-29T13:07:36.894] [INFO] ICC - RID:[1517252856894]-[SELECT]-[START]
[2018-01-29T13:07:36.894] [DEBUG] DCC - RID:[1517252856894]-[SELECT]-[QUERY]:[SELECT 
 DISTINCT([SEL].[ID_TIPO_SERVICIO]),
		  [SEL].[TIPO]
 FROM  (
		SELECT [PSXS].[ID_PRESTADOR_SERVICIO]
			  ,[PSXS].[ID_ZONA]
			  ,[PSXS].[ID_SUBZONA]
			  ,[PSXS].[ID_TIPO_SERVICIO]
			  ,[TS].[TIPO]
			  ,[PSXS].[ID_SERVICIO]
		  FROM [SLOAA_TC_PRESTADOR_SERVICIOS_X_SERVICIO] [PSXS]
		  LEFT JOIN [SLOAA_TC_TIPO_SERVICIO] [TS] ON [PSXS].[ID_TIPO_SERVICIO]=[TS].[ID_TIPO_SERVICIO]
		  WHERE 
		  1=1
		  AND [PSXS].[ID_ZONA]=3
  )[SEL] ]
[2018-01-29T13:07:36.913] [INFO] ICC - RID:[1517252856894]-[SELECT]-[END]:[OK]
[2018-01-29T13:07:36.913] [INFO] ICC - RID:[1517252856894]-[REQUEST]-[END]:[/getAllTipoServicio]
[2018-01-29T13:07:37.679] [INFO] ICC - RID:[1517252857679]-[REQUEST]-[START]:[/getAllSubZona]
[2018-01-29T13:07:37.680] [INFO] ICC - RID:[1517252857679]-[SELECT]-[START]
[2018-01-29T13:07:37.680] [DEBUG] DCC - RID:[1517252857679]-[SELECT]-[QUERY]:[SELECT [ID_SUBZONA],[SUBZONA] FROM [SLOAA_TC_SUBZONA] WHERE 1=1 AND [ID_ZONA]=3]
[2018-01-29T13:07:37.700] [INFO] ICC - RID:[1517252857679]-[SELECT]-[END]:[OK]
[2018-01-29T13:07:37.700] [INFO] ICC - RID:[1517252857679]-[REQUEST]-[END]:[/getAllSubZona]
[2018-01-29T13:07:38.961] [INFO] ICC - RID:[1517252858961]-[REQUEST]-[START]:[/getAllServicios]
[2018-01-29T13:07:38.961] [INFO] ICC - RID:[1517252858961]-[SELECT]-[START]
[2018-01-29T13:07:38.961] [DEBUG] DCC - RID:[1517252858961]-[SELECT]-[QUERY]:[SELECT 
 DISTINCT([SEL].[ID_SERVICIO]),
		  [SEL].[NOMBRE_SERVICIO]
 FROM  (
		SELECT [PSXS].[ID_PRESTADOR_SERVICIO]
			  ,[PSXS].[ID_ZONA]
			  ,[PSXS].[ID_SUBZONA]
			  ,[PSXS].[ID_TIPO_SERVICIO]
			  ,[PSXS].[ID_SERVICIO]
			  ,[SERV].[NOMBRE_SERVICIO]
		  FROM [SLOAA_TC_PRESTADOR_SERVICIOS_X_SERVICIO] [PSXS]
		  LEFT JOIN [SLOAA_TC_SERVICIO] [SERV] ON [PSXS].[ID_SERVICIO]=[SERV].[ID_SERVICIO]
		  WHERE 
		  1=1
		  AND [PSXS].[ID_ZONA]=3
		  AND [PSXS].[ID_SUBZONA]=2
		  AND [PSXS].[ID_TIPO_SERVICIO]=1
  )[SEL]]
[2018-01-29T13:07:39.033] [INFO] ICC - RID:[1517252858961]-[SELECT]-[END]:[OK]
[2018-01-29T13:07:39.034] [INFO] ICC - RID:[1517252858961]-[REQUEST]-[END]:[/getAllServicios]
[2018-01-29T13:09:03.086] [INFO] ICC - RID:[1517252943086]-[REQUEST]-[START]:[/defaultSelect]
[2018-01-29T13:09:03.086] [INFO] ICC - RID:[1517252943086]-[SELECT]-[START]
[2018-01-29T13:09:03.086] [DEBUG] DCC - RID:[1517252943086]-[SELECT]-[QUERY]:[SELECT [CRED].[ID_CREDENCIAL]
      ,[CRED].[NOMBRE]
      ,[CRED].[USUARIO_NOMBRE]
      ,[CRED].[ID_AUTORIDAD]
	  ,[AUTH].[NOMBRE_AUTORIDAD]
	  ,[AUTH].[ID_ZONA]
         ,[CRED].[ID_ROL]
	  ,[ROL].[NOMBRE_ROL]
	  ,[ROL].[PRIVILEGIOS]
      ,[CRED].[ID_CREDENCIAL_SUPERIOR]
  FROM [dbo].[SLOAA_TR_CREDENCIAL] [CRED]
  LEFT JOIN  [dbo].[SLOAA_TC_AUTORIDAD] [AUTH] ON [CRED].[ID_AUTORIDAD]=[AUTH].[ID_AUTORIDAD]
  LEFT JOIN  [dbo].[SLOAA_TS_ROL] [ROL] ON [CRED].[ID_ROL]=[ROL].[ID_ROL]
  
  WHERE 
	            [CRED].[USUARIO_NOMBRE]='carlos.palacios'
		AND [CRED].[USUARIO_PASSWORD]='12345']
[2018-01-29T13:09:03.105] [INFO] ICC - RID:[1517252943086]-[SELECT]-[END]:[OK]
[2018-01-29T13:09:03.105] [INFO] ICC - RID:[1517252943086]-[REQUEST]-[END]:[/defaultSelect]
[2018-01-29T13:09:03.355] [INFO] ICC - RID:[1517252943355]-[REQUEST]-[START]:[/getAllOrdenServicio]
[2018-01-29T13:09:03.355] [INFO] ICC - RID:[1517252943355]-[SELECT]-[START]
[2018-01-29T13:09:03.355] [DEBUG] DCC - RID:[1517252943355]-[SELECT]-[QUERY]:[SELECT  
	    [ORD].[ID_ORDEN_SERVICIO]
      ,[ORD].[NUM_ORDEN]
      ,[ORD].[FECHA_SOLICITUD]
      ,[ORD].[DOMICILIO]
      ,[ORD].[FIRMA1_USER1]
      ,[ORD].[FIRMA1_USER2]
      ,[ORD].[FIRMA2_USER1]
      ,[ORD].[FIRMA2_USER2]
      ,[ORD].[ID_STATUS]
      ,[ORD].[METAINFO_FECHA_CREACION]
      ,[ORD].[METAINFO_IP]
      ,[ORD].[METAINFO_MAC_ADRR]
      ,[ORD].[LLAVE_SISTEMA]
      ,[ORD].[CIERRE_TOTAL]
	  
	   ,[CRED].[ID_CREDENCIAL]
      ,[CRED].[NOMBRE]
      ,[CRED].[CARGO]
      ,[CRED].[TELEFONO]
      ,[CRED].[EXT]
      ,[CRED].[EMAIL]
      ,[CRED].[PTT]
      ,[CRED].[MOVIL]
      ,[CRED].[USUARIO_NOMBRE]
      ,[CRED].[USUARIO_PASSWORD]
      ,[CRED].[ID_ROL]
      ,[CRED].[ID_CREDENCIAL_SUPERIOR]

	   ,[AUTH].[ID_AUTORIDAD]
      ,[AUTH].[NOMBRE_AUTORIDAD]
      ,[AUTH].[ESTADO]
      ,[AUTH].[NIVEL]
      ,[AUTH].[SERVICIO]
      ,[AUTH].[ID_ZONA] 
         FROM 
  [SLOAA_TR_ORDEN_SERVICIO] [ORD]
 LEFT JOIN [SLOAA_TR_CREDENCIAL] [CRED] ON  [CRED].[ID_CREDENCIAL]=[ORD].[ID_CREDENCIAL]
 LEFT JOIN [SLOAA_TC_AUTORIDAD] [AUTH] ON  [AUTH].[ID_AUTORIDAD]=[CRED].[ID_AUTORIDAD]
  WHERE
  1=1
 ]
[2018-01-29T13:09:03.384] [INFO] ICC - RID:[1517252943355]-[SELECT]-[END]:[OK]
[2018-01-29T13:09:03.385] [INFO] ICC - RID:[1517252943355]-[REQUEST]-[END]:[/getAllOrdenServicio]
[2018-01-29T13:09:04.502] [INFO] ICC - RID:[1517252944502]-[REQUEST]-[START]:[/getAllCotizacionXOrden]
[2018-01-29T13:09:04.503] [DEBUG] DCC - {"missing":[{"requiredFieldName":"idOrdenServicio","requiredFieldType":"string"}],"extra":[{"inputFieldName":"_dc","inputFieldType":"string"},{"inputFieldName":"uno","inputFieldType":"string"},{"inputFieldName":"page","inputFieldType":"string"},{"inputFieldName":"start","inputFieldType":"string"},{"inputFieldName":"limit","inputFieldType":"string"},{"inputFieldName":"callback","inputFieldType":"string"}]}
[2018-01-29T13:09:04.503] [ERROR] ECC - RID:[1517252944502]-[REQUEST]-[ERROR]:[Input parameter problem.]:[/getAllCotizacionXOrden]
[2018-01-29T13:09:04.516] [INFO] ICC - RID:[1517252944516]-[REQUEST]-[START]:[/getAllCotizacionXOrden]
[2018-01-29T13:09:04.517] [DEBUG] DCC - {"missing":[{"requiredFieldName":"idOrdenServicio","requiredFieldType":"string"}],"extra":[{"inputFieldName":"_dc","inputFieldType":"string"},{"inputFieldName":"uno","inputFieldType":"string"},{"inputFieldName":"page","inputFieldType":"string"},{"inputFieldName":"start","inputFieldType":"string"},{"inputFieldName":"limit","inputFieldType":"string"},{"inputFieldName":"callback","inputFieldType":"string"}]}
[2018-01-29T13:09:04.517] [ERROR] ECC - RID:[1517252944516]-[REQUEST]-[ERROR]:[Input parameter problem.]:[/getAllCotizacionXOrden]
[2018-01-29T13:09:06.061] [INFO] ICC - RID:[1517252946061]-[REQUEST]-[START]:[/getAllTipoServicio]
[2018-01-29T13:09:06.062] [INFO] ICC - RID:[1517252946061]-[SELECT]-[START]
[2018-01-29T13:09:06.062] [DEBUG] DCC - RID:[1517252946061]-[SELECT]-[QUERY]:[SELECT 
 DISTINCT([SEL].[ID_TIPO_SERVICIO]),
		  [SEL].[TIPO]
 FROM  (
		SELECT [PSXS].[ID_PRESTADOR_SERVICIO]
			  ,[PSXS].[ID_ZONA]
			  ,[PSXS].[ID_SUBZONA]
			  ,[PSXS].[ID_TIPO_SERVICIO]
			  ,[TS].[TIPO]
			  ,[PSXS].[ID_SERVICIO]
		  FROM [SLOAA_TC_PRESTADOR_SERVICIOS_X_SERVICIO] [PSXS]
		  LEFT JOIN [SLOAA_TC_TIPO_SERVICIO] [TS] ON [PSXS].[ID_TIPO_SERVICIO]=[TS].[ID_TIPO_SERVICIO]
		  WHERE 
		  1=1
		  AND [PSXS].[ID_ZONA]=3
  )[SEL] ]
[2018-01-29T13:09:06.079] [INFO] ICC - RID:[1517252946061]-[SELECT]-[END]:[OK]
[2018-01-29T13:09:06.079] [INFO] ICC - RID:[1517252946061]-[REQUEST]-[END]:[/getAllTipoServicio]
[2018-01-29T13:09:07.120] [INFO] ICC - RID:[1517252947120]-[REQUEST]-[START]:[/getAllSubZona]
[2018-01-29T13:09:07.120] [INFO] ICC - RID:[1517252947120]-[SELECT]-[START]
[2018-01-29T13:09:07.121] [DEBUG] DCC - RID:[1517252947120]-[SELECT]-[QUERY]:[SELECT [ID_SUBZONA],[SUBZONA] FROM [SLOAA_TC_SUBZONA] WHERE 1=1 AND [ID_ZONA]=3]
[2018-01-29T13:09:07.141] [INFO] ICC - RID:[1517252947120]-[SELECT]-[END]:[OK]
[2018-01-29T13:09:07.141] [INFO] ICC - RID:[1517252947120]-[REQUEST]-[END]:[/getAllSubZona]
[2018-01-29T13:09:10.112] [INFO] ICC - RID:[1517252950112]-[REQUEST]-[START]:[/getAllServicios]
[2018-01-29T13:09:10.112] [INFO] ICC - RID:[1517252950112]-[SELECT]-[START]
[2018-01-29T13:09:10.112] [DEBUG] DCC - RID:[1517252950112]-[SELECT]-[QUERY]:[SELECT 
 DISTINCT([SEL].[ID_SERVICIO]),
		  [SEL].[NOMBRE_SERVICIO]
 FROM  (
		SELECT [PSXS].[ID_PRESTADOR_SERVICIO]
			  ,[PSXS].[ID_ZONA]
			  ,[PSXS].[ID_SUBZONA]
			  ,[PSXS].[ID_TIPO_SERVICIO]
			  ,[PSXS].[ID_SERVICIO]
			  ,[SERV].[NOMBRE_SERVICIO]
		  FROM [SLOAA_TC_PRESTADOR_SERVICIOS_X_SERVICIO] [PSXS]
		  LEFT JOIN [SLOAA_TC_SERVICIO] [SERV] ON [PSXS].[ID_SERVICIO]=[SERV].[ID_SERVICIO]
		  WHERE 
		  1=1
		  AND [PSXS].[ID_ZONA]=3
		  AND [PSXS].[ID_SUBZONA]=1
		  AND [PSXS].[ID_TIPO_SERVICIO]=1
  )[SEL]]
[2018-01-29T13:09:10.135] [INFO] ICC - RID:[1517252950112]-[SELECT]-[END]:[OK]
[2018-01-29T13:09:10.135] [INFO] ICC - RID:[1517252950112]-[REQUEST]-[END]:[/getAllServicios]
[2018-01-29T13:09:13.710] [INFO] ICC - RID:[1517252953710]-[REQUEST]-[START]:[/getAllProvedores]
[2018-01-29T13:09:13.710] [INFO] ICC - RID:[1517252953710]-[SELECT]-[START]
[2018-01-29T13:09:13.710] [DEBUG] DCC - RID:[1517252953710]-[SELECT]-[QUERY]:[SELECT 
 DISTINCT([SEL].[ID_PRESTADOR_SERVICIO]),
		  [SEL].[NOMBRE]
 FROM  (
		SELECT [PSXS].[ID_PRESTADOR_SERVICIO]
			  ,[PSXS].[ID_ZONA]
			  ,[PSXS].[ID_SUBZONA]
			  ,[PSXS].[ID_TIPO_SERVICIO]
			  ,[PSXS].[ID_SERVICIO]
			  ,[PS].[NOMBRE]
			  ,[PS].[CORREO_ELECTRONICO]
		  FROM [SLOAA_TC_PRESTADOR_SERVICIOS_X_SERVICIO] [PSXS]
		  LEFT JOIN [SLOAA_TC_PRESTADOR_SERVICIOS] [PS] ON [PSXS].[ID_PRESTADOR_SERVICIO]=[PS].[ID_PRESTADOR_SERVICIO]
		  WHERE 
		  1=1
		  AND [PSXS].[ID_ZONA]=3
		  AND [PSXS].[ID_SUBZONA]=1
		  AND [PSXS].[ID_TIPO_SERVICIO]=1
		  AND [PSXS].[ID_SERVICIO]=1001
  )[SEL]]
[2018-01-29T13:09:13.727] [INFO] ICC - RID:[1517252953710]-[SELECT]-[END]:[OK]
[2018-01-29T13:09:13.727] [INFO] ICC - RID:[1517252953710]-[REQUEST]-[END]:[/getAllProvedores]
[2018-01-29T13:09:15.550] [INFO] ICC - RID:[1517252955550]-[REQUEST]-[START]:[/getUnidadYPrecioUnitarioXServicio]
[2018-01-29T13:09:15.550] [INFO] ICC - RID:[1517252955550]-[SELECT]-[START]
[2018-01-29T13:09:15.550] [DEBUG] DCC - RID:[1517252955550]-[SELECT]-[QUERY]:[SELECT [QRY].*,
	  [UNI].[UNIDAD]
	   FROM
(
  SELECT 
      DISTINCT([PU].[ID_UNIDAD]),
	  [PU].[PRECIO_UNITARIO]
  FROM [dbo].[SLOAA_TR_PRECIO_UNITARIO] [PU]
  WHERE 1=1 
  AND [PU].[ID_TIPO_SERVICIO]=1
  AND  [PU].[ID_SERVICIO]=1001
)[QRY]
LEFT JOIN [dbo].[SLOAA_TC_UNIDAD] [UNI] ON [QRY].[ID_UNIDAD]=[UNI].[ID_UNIDAD]]
[2018-01-29T13:09:15.567] [INFO] ICC - RID:[1517252955550]-[SELECT]-[END]:[OK]
[2018-01-29T13:09:15.568] [INFO] ICC - RID:[1517252955550]-[REQUEST]-[END]:[/getUnidadYPrecioUnitarioXServicio]
[2018-01-29T13:10:59.907] [INFO] ICC - RID:[1517253059907]-[REQUEST]-[START]:[/addCotizacion]
[2018-01-29T13:10:59.908] [DEBUG] DCC - {"missing":[{"requiredFieldName":"idOrdenServicio","requiredFieldType":"string"},{"requiredFieldName":"idTipoServicio","requiredFieldType":"string"},{"requiredFieldName":"idServicio","requiredFieldType":"string"},{"requiredFieldName":"idUnidad","requiredFieldType":"string"},{"requiredFieldName":"precioUnitario","requiredFieldType":"string"},{"requiredFieldName":"cotizacion","requiredFieldType":"string"},{"requiredFieldName":"idZona","requiredFieldType":"string"},{"requiredFieldName":"idSubZona","requiredFieldType":"string"},{"requiredFieldName":"idPestadorServicio","requiredFieldType":"string"}],"extra":[{"inputFieldName":"ID_TIPO_SERVICIO","inputFieldType":"string"},{"inputFieldName":"ID_SUBZONA","inputFieldType":"string"},{"inputFieldName":"ID_SERVICIO","inputFieldType":"string"},{"inputFieldName":"ID_PRESTADOR_SERVICIO","inputFieldType":"string"},{"inputFieldName":"ID_UNIDAD","inputFieldType":"string"},{"inputFieldName":"_dc","inputFieldType":"string"},{"inputFieldName":"callback","inputFieldType":"string"}]}
[2018-01-29T13:10:59.908] [ERROR] ECC - RID:[1517253059907]-[REQUEST]-[ERROR]:[Input parameter problem.]:[/addCotizacion]
