[2018-01-29T13:00:19.747] [INFO] ICC - RID:[1517252419747]-[REQUEST]-[START]:[/defaultSelect]
[2018-01-29T13:00:19.748] [INFO] ICC - RID:[1517252419747]-[SELECT]-[START]
[2018-01-29T13:00:19.773] [INFO] ICC - RID:[1517252419747]-[SELECT]-[END]:[OK]
[2018-01-29T13:00:19.773] [INFO] ICC - RID:[1517252419747]-[REQUEST]-[END]:[/defaultSelect]
[2018-01-29T13:00:19.963] [INFO] ICC - RID:[1517252419963]-[REQUEST]-[START]:[/getAllOrdenServicio]
[2018-01-29T13:00:19.963] [INFO] ICC - RID:[1517252419963]-[SELECT]-[START]
[2018-01-29T13:00:19.986] [INFO] ICC - RID:[1517252419963]-[SELECT]-[END]:[OK]
[2018-01-29T13:00:19.987] [INFO] ICC - RID:[1517252419963]-[REQUEST]-[END]:[/getAllOrdenServicio]
[2018-01-29T13:00:20.892] [INFO] ICC - RID:[1517252420892]-[REQUEST]-[START]:[/getAllCotizacionXOrden]
[2018-01-29T13:00:20.892] [ERROR] ECC - RID:[1517252420892]-[REQUEST]-[ERROR]:[Input parameter problem.]:[/getAllCotizacionXOrden]
[2018-01-29T13:00:20.903] [INFO] ICC - RID:[1517252420903]-[REQUEST]-[START]:[/getAllCotizacionXOrden]
[2018-01-29T13:00:20.904] [ERROR] ECC - RID:[1517252420903]-[REQUEST]-[ERROR]:[Input parameter problem.]:[/getAllCotizacionXOrden]
[2018-01-29T13:00:22.364] [INFO] ICC - RID:[1517252422364]-[REQUEST]-[START]:[/getAllTipoServicio]
[2018-01-29T13:00:22.365] [INFO] ICC - RID:[1517252422364]-[SELECT]-[START]
[2018-01-29T13:00:22.384] [INFO] ICC - RID:[1517252422364]-[SELECT]-[END]:[OK]
[2018-01-29T13:00:22.384] [INFO] ICC - RID:[1517252422364]-[REQUEST]-[END]:[/getAllTipoServicio]
[2018-01-29T13:00:23.294] [INFO] ICC - RID:[1517252423294]-[REQUEST]-[START]:[/getAllSubZona]
[2018-01-29T13:00:23.294] [INFO] ICC - RID:[1517252423294]-[SELECT]-[START]
[2018-01-29T13:00:23.311] [INFO] ICC - RID:[1517252423294]-[SELECT]-[END]:[OK]
[2018-01-29T13:00:23.311] [INFO] ICC - RID:[1517252423294]-[REQUEST]-[END]:[/getAllSubZona]
[2018-01-29T13:00:25.356] [INFO] ICC - RID:[1517252425356]-[REQUEST]-[START]:[/getAllServicios]
[2018-01-29T13:00:25.357] [ERROR] ECC - RID:[1517252425356]-[REQUEST]-[ERROR]:[Input parameter problem.]:[/getAllServicios]
[2018-01-29T13:07:33.841] [INFO] ICC - RID:[1517252853841]-[REQUEST]-[START]:[/defaultSelect]
[2018-01-29T13:07:33.841] [INFO] ICC - RID:[1517252853841]-[SELECT]-[START]
[2018-01-29T13:07:33.862] [INFO] ICC - RID:[1517252853841]-[SELECT]-[END]:[OK]
[2018-01-29T13:07:33.862] [INFO] ICC - RID:[1517252853841]-[REQUEST]-[END]:[/defaultSelect]
[2018-01-29T13:07:34.087] [INFO] ICC - RID:[1517252854087]-[REQUEST]-[START]:[/getAllOrdenServicio]
[2018-01-29T13:07:34.087] [INFO] ICC - RID:[1517252854087]-[SELECT]-[START]
[2018-01-29T13:07:34.110] [INFO] ICC - RID:[1517252854087]-[SELECT]-[END]:[OK]
[2018-01-29T13:07:34.110] [INFO] ICC - RID:[1517252854087]-[REQUEST]-[END]:[/getAllOrdenServicio]
[2018-01-29T13:07:35.117] [INFO] ICC - RID:[1517252855117]-[REQUEST]-[START]:[/getAllCotizacionXOrden]
[2018-01-29T13:07:35.118] [ERROR] ECC - RID:[1517252855117]-[REQUEST]-[ERROR]:[Input parameter problem.]:[/getAllCotizacionXOrden]
[2018-01-29T13:07:35.134] [INFO] ICC - RID:[1517252855134]-[REQUEST]-[START]:[/getAllCotizacionXOrden]
[2018-01-29T13:07:35.134] [ERROR] ECC - RID:[1517252855134]-[REQUEST]-[ERROR]:[Input parameter problem.]:[/getAllCotizacionXOrden]
[2018-01-29T13:07:36.894] [INFO] ICC - RID:[1517252856894]-[REQUEST]-[START]:[/getAllTipoServicio]
[2018-01-29T13:07:36.894] [INFO] ICC - RID:[1517252856894]-[SELECT]-[START]
[2018-01-29T13:07:36.913] [INFO] ICC - RID:[1517252856894]-[SELECT]-[END]:[OK]
[2018-01-29T13:07:36.913] [INFO] ICC - RID:[1517252856894]-[REQUEST]-[END]:[/getAllTipoServicio]
[2018-01-29T13:07:37.679] [INFO] ICC - RID:[1517252857679]-[REQUEST]-[START]:[/getAllSubZona]
[2018-01-29T13:07:37.680] [INFO] ICC - RID:[1517252857679]-[SELECT]-[START]
[2018-01-29T13:07:37.700] [INFO] ICC - RID:[1517252857679]-[SELECT]-[END]:[OK]
[2018-01-29T13:07:37.700] [INFO] ICC - RID:[1517252857679]-[REQUEST]-[END]:[/getAllSubZona]
[2018-01-29T13:07:38.961] [INFO] ICC - RID:[1517252858961]-[REQUEST]-[START]:[/getAllServicios]
[2018-01-29T13:07:38.961] [INFO] ICC - RID:[1517252858961]-[SELECT]-[START]
[2018-01-29T13:07:39.033] [INFO] ICC - RID:[1517252858961]-[SELECT]-[END]:[OK]
[2018-01-29T13:07:39.034] [INFO] ICC - RID:[1517252858961]-[REQUEST]-[END]:[/getAllServicios]
[2018-01-29T13:09:03.086] [INFO] ICC - RID:[1517252943086]-[REQUEST]-[START]:[/defaultSelect]
[2018-01-29T13:09:03.086] [INFO] ICC - RID:[1517252943086]-[SELECT]-[START]
[2018-01-29T13:09:03.105] [INFO] ICC - RID:[1517252943086]-[SELECT]-[END]:[OK]
[2018-01-29T13:09:03.105] [INFO] ICC - RID:[1517252943086]-[REQUEST]-[END]:[/defaultSelect]
[2018-01-29T13:09:03.355] [INFO] ICC - RID:[1517252943355]-[REQUEST]-[START]:[/getAllOrdenServicio]
[2018-01-29T13:09:03.355] [INFO] ICC - RID:[1517252943355]-[SELECT]-[START]
[2018-01-29T13:09:03.384] [INFO] ICC - RID:[1517252943355]-[SELECT]-[END]:[OK]
[2018-01-29T13:09:03.385] [INFO] ICC - RID:[1517252943355]-[REQUEST]-[END]:[/getAllOrdenServicio]
[2018-01-29T13:09:04.502] [INFO] ICC - RID:[1517252944502]-[REQUEST]-[START]:[/getAllCotizacionXOrden]
[2018-01-29T13:09:04.503] [ERROR] ECC - RID:[1517252944502]-[REQUEST]-[ERROR]:[Input parameter problem.]:[/getAllCotizacionXOrden]
[2018-01-29T13:09:04.516] [INFO] ICC - RID:[1517252944516]-[REQUEST]-[START]:[/getAllCotizacionXOrden]
[2018-01-29T13:09:04.517] [ERROR] ECC - RID:[1517252944516]-[REQUEST]-[ERROR]:[Input parameter problem.]:[/getAllCotizacionXOrden]
[2018-01-29T13:09:06.061] [INFO] ICC - RID:[1517252946061]-[REQUEST]-[START]:[/getAllTipoServicio]
[2018-01-29T13:09:06.062] [INFO] ICC - RID:[1517252946061]-[SELECT]-[START]
[2018-01-29T13:09:06.079] [INFO] ICC - RID:[1517252946061]-[SELECT]-[END]:[OK]
[2018-01-29T13:09:06.079] [INFO] ICC - RID:[1517252946061]-[REQUEST]-[END]:[/getAllTipoServicio]
[2018-01-29T13:09:07.120] [INFO] ICC - RID:[1517252947120]-[REQUEST]-[START]:[/getAllSubZona]
[2018-01-29T13:09:07.120] [INFO] ICC - RID:[1517252947120]-[SELECT]-[START]
[2018-01-29T13:09:07.141] [INFO] ICC - RID:[1517252947120]-[SELECT]-[END]:[OK]
[2018-01-29T13:09:07.141] [INFO] ICC - RID:[1517252947120]-[REQUEST]-[END]:[/getAllSubZona]
[2018-01-29T13:09:10.112] [INFO] ICC - RID:[1517252950112]-[REQUEST]-[START]:[/getAllServicios]
[2018-01-29T13:09:10.112] [INFO] ICC - RID:[1517252950112]-[SELECT]-[START]
[2018-01-29T13:09:10.135] [INFO] ICC - RID:[1517252950112]-[SELECT]-[END]:[OK]
[2018-01-29T13:09:10.135] [INFO] ICC - RID:[1517252950112]-[REQUEST]-[END]:[/getAllServicios]
[2018-01-29T13:09:13.710] [INFO] ICC - RID:[1517252953710]-[REQUEST]-[START]:[/getAllProvedores]
[2018-01-29T13:09:13.710] [INFO] ICC - RID:[1517252953710]-[SELECT]-[START]
[2018-01-29T13:09:13.727] [INFO] ICC - RID:[1517252953710]-[SELECT]-[END]:[OK]
[2018-01-29T13:09:13.727] [INFO] ICC - RID:[1517252953710]-[REQUEST]-[END]:[/getAllProvedores]
[2018-01-29T13:09:15.550] [INFO] ICC - RID:[1517252955550]-[REQUEST]-[START]:[/getUnidadYPrecioUnitarioXServicio]
[2018-01-29T13:09:15.550] [INFO] ICC - RID:[1517252955550]-[SELECT]-[START]
[2018-01-29T13:09:15.567] [INFO] ICC - RID:[1517252955550]-[SELECT]-[END]:[OK]
[2018-01-29T13:09:15.568] [INFO] ICC - RID:[1517252955550]-[REQUEST]-[END]:[/getUnidadYPrecioUnitarioXServicio]
[2018-01-29T13:10:59.907] [INFO] ICC - RID:[1517253059907]-[REQUEST]-[START]:[/addCotizacion]
[2018-01-29T13:10:59.908] [ERROR] ECC - RID:[1517253059907]-[REQUEST]-[ERROR]:[Input parameter problem.]:[/addCotizacion]
