[2018-02-07T11:12:56.651] [INFO] ICC - [BACKEND]-[WEBSERVICES] init on port:[3000]
[2018-02-07T11:12:59.056] [INFO] ICC - RID:[1518023579056]-[REQUEST]-[START]:[/defaultSelect]
[2018-02-07T11:12:59.057] [INFO] ICC - RID:[1518023579056]-[SELECT]-[START]
[2018-02-07T11:12:59.057] [DEBUG] DCC - RID:[1518023579056]-[SELECT]-[QUERY]:[SELECT [CRED].[ID_CREDENCIAL]
      ,[CRED].[NOMBRE]
      ,[CRED].[USUARIO_NOMBRE]
      ,[CRED].[ID_AUTORIDAD]
	  ,[AUTH].[NOMBRE_AUTORIDAD]
	  ,[AUTH].[ID_ZONA]
         ,[CRED].[ID_ROL]
	  ,[ROL].[NOMBRE_ROL]
	  ,[ROL].[PRIVILEGIOS]
      ,[CRED].[ID_CREDENCIAL_SUPERIOR]
  FROM [dbo].[SLOAA_TR_CREDENCIAL] [CRED]
  LEFT JOIN  [dbo].[SLOAA_TC_AUTORIDAD] [AUTH] ON [CRED].[ID_AUTORIDAD]=[AUTH].[ID_AUTORIDAD]
  LEFT JOIN  [dbo].[SLOAA_TS_ROL] [ROL] ON [CRED].[ID_ROL]=[ROL].[ID_ROL]
  
  WHERE 
	            [CRED].[USUARIO_NOMBRE]='carlos.palacios'
		AND [CRED].[USUARIO_PASSWORD]='12345']
[2018-02-07T11:12:59.102] [INFO] ICC - RID:[1518023579056]-[SELECT]-[END]:[OK]
[2018-02-07T11:12:59.103] [INFO] ICC - RID:[1518023579056]-[REQUEST]-[END]:[/defaultSelect]
[2018-02-07T11:12:59.330] [INFO] ICC - RID:[1518023579330]-[REQUEST]-[START]:[/getAllOrdenServicio]
[2018-02-07T11:12:59.331] [INFO] ICC - RID:[1518023579330]-[SELECT]-[START]
[2018-02-07T11:12:59.331] [DEBUG] DCC - RID:[1518023579330]-[SELECT]-[QUERY]:[SELECT  
	    [ORD].[ID_ORDEN_SERVICIO]
      ,[ORD].[NUM_ORDEN]
      ,[ORD].[FECHA_SOLICITUD]
      ,[ORD].[DOMICILIO]
      ,[ORD].[FIRMA1_USER1]
      ,[ORD].[FIRMA1_USER2]
      ,[ORD].[FIRMA2_USER1]
      ,[ORD].[FIRMA2_USER2]
      ,[ORD].[ID_STATUS]
      ,[ORD].[METAINFO_FECHA_CREACION]
      ,[ORD].[METAINFO_IP]
      ,[ORD].[METAINFO_MAC_ADRR]
      ,[ORD].[LLAVE_SISTEMA]
      ,[ORD].[CIERRE_TOTAL]
	  
	   ,[CRED].[ID_CREDENCIAL]
      ,[CRED].[NOMBRE]
      ,[CRED].[CARGO]
      ,[CRED].[TELEFONO]
      ,[CRED].[EXT]
      ,[CRED].[EMAIL]
      ,[CRED].[PTT]
      ,[CRED].[MOVIL]
      ,[CRED].[USUARIO_NOMBRE]
      ,[CRED].[USUARIO_PASSWORD]
      ,[CRED].[ID_ROL]
      ,[CRED].[ID_CREDENCIAL_SUPERIOR]

	   ,[AUTH].[ID_AUTORIDAD]
      ,[AUTH].[NOMBRE_AUTORIDAD]
      ,[AUTH].[ESTADO]
      ,[AUTH].[NIVEL]
      ,[AUTH].[SERVICIO]
      ,[AUTH].[ID_ZONA] 
             ,[STATUS].[NOMBRE_STATUS]
  FROM 
  [SLOAA_TR_ORDEN_SERVICIO] [ORD]
 LEFT JOIN [SLOAA_TR_CREDENCIAL] [CRED] ON  [CRED].[ID_CREDENCIAL]=[ORD].[ID_CREDENCIAL]
 LEFT JOIN [SLOAA_TC_AUTORIDAD] [AUTH] ON  [AUTH].[ID_AUTORIDAD]=[CRED].[ID_AUTORIDAD]
 LEFT JOIN [dbo].[SLOAA_TC_STATUS] [STATUS] ON  [ORD].[ID_STATUS]=[STATUS].[ID_STATUS]
  WHERE
  1=1
 ]
[2018-02-07T11:12:59.352] [INFO] ICC - RID:[1518023579330]-[SELECT]-[END]:[OK]
[2018-02-07T11:12:59.352] [INFO] ICC - RID:[1518023579330]-[REQUEST]-[END]:[/getAllOrdenServicio]
[2018-02-07T11:13:02.242] [INFO] ICC - RID:[1518023582242]-[REQUEST]-[START]:[/getAllCotizacionXOrden]
[2018-02-07T11:13:02.243] [INFO] ICC - RID:[1518023582242]-[SELECT]-[START]
[2018-02-07T11:13:02.243] [DEBUG] DCC - RID:[1518023582242]-[SELECT]-[QUERY]:[SELECT COT.ID_SERVICIO_COTIZACION, COT.ID_ORDEN_SERVICIO, COT.ID_TIPO_SERVICIO, COT.ID_SERVICIO, COT.ID_UNIDAD, COT.ID_ZONA, COT.ID_SUBZONA, COT.PRECIO_UNITARIO, COT.CANTIDAD, COT.COTIZACION, COT.DEDUCCION, COT.DEDUCCION_JUSTIFICACION, COT.PRECIO_SERVICIO_FINAL, SERV.NOMBRE_SERVICIO, TIPO.TIPO, PRES.NOMBRE, SUBZ.SUBZONA, ZONA.ZONA FROM SLOAA_TR_SERVICIO_COTIZACION COT INNER JOIN SLOAA_TR_PRECIO_UNITARIO UNIT ON COT.ID_TIPO_SERVICIO = UNIT.ID_TIPO_SERVICIO AND COT.ID_SERVICIO = UNIT.ID_SERVICIO AND COT.ID_UNIDAD = UNIT.ID_UNIDAD INNER JOIN SLOAA_TC_SERVICIO SERV ON SERV.ID_SERVICIO = UNIT.ID_SERVICIO AND SERV.ID_SERVICIO = UNIT.ID_SERVICIO INNER JOIN SLOAA_TC_TIPO_SERVICIO TIPO ON TIPO.ID_TIPO_SERVICIO = SERV.ID_TIPO_SERVICIO INNER JOIN SLOAA_TC_PRESTADOR_SERVICIOS_X_SERVICIO PRESERV ON PRESERV.ID_PRESTADOR_SERVICIO = COT.ID_PRESTADOR_SERVICIO AND PRESERV.ID_TIPO_SERVICIO = COT.ID_TIPO_SERVICIO AND PRESERV.ID_SERVICIO = COT.ID_SERVICIO INNER JOIN SLOAA_TC_PRESTADOR_SERVICIOS PRES ON PRES.ID_PRESTADOR_SERVICIO = PRESERV.ID_PRESTADOR_SERVICIO AND PRES.ID_ZONA = PRESERV.ID_ZONA AND PRES.ID_SUBZONA = PRESERV.ID_SUBZONA INNER JOIN SLOAA_TC_SUBZONA SUBZ ON SUBZ.ID_ZONA = PRES.ID_ZONA AND SUBZ.ID_SUBZONA = PRES.ID_SUBZONA INNER JOIN SLOAA_TC_ZONA ZONA ON ZONA.ID_ZONA = SUBZ.ID_ZONA 
                        WHERE ID_ORDEN_SERVICIO =246]
[2018-02-07T11:13:02.277] [INFO] ICC - RID:[1518023582242]-[SELECT]-[END]:[OK]
[2018-02-07T11:13:02.278] [INFO] ICC - RID:[1518023582242]-[REQUEST]-[END]:[/getAllCotizacionXOrden]
[2018-02-07T11:13:02.958] [INFO] ICC - RID:[1518023582958]-[REQUEST]-[START]:[/getAllTipoServicio]
[2018-02-07T11:13:02.959] [INFO] ICC - RID:[1518023582958]-[SELECT]-[START]
[2018-02-07T11:13:02.959] [DEBUG] DCC - RID:[1518023582958]-[SELECT]-[QUERY]:[SELECT 
 DISTINCT([SEL].[ID_TIPO_SERVICIO]),
		  [SEL].[TIPO]
 FROM  (
		SELECT [PSXS].[ID_PRESTADOR_SERVICIO]
			  ,[PSXS].[ID_ZONA]
			  ,[PSXS].[ID_SUBZONA]
			  ,[PSXS].[ID_TIPO_SERVICIO]
			  ,[TS].[TIPO]
			  ,[PSXS].[ID_SERVICIO]
		  FROM [SLOAA_TC_PRESTADOR_SERVICIOS_X_SERVICIO] [PSXS]
		  LEFT JOIN [SLOAA_TC_TIPO_SERVICIO] [TS] ON [PSXS].[ID_TIPO_SERVICIO]=[TS].[ID_TIPO_SERVICIO]
		  WHERE 
		  1=1
		  AND [PSXS].[ID_ZONA]=3
  )[SEL] ]
[2018-02-07T11:13:02.972] [INFO] ICC - RID:[1518023582958]-[SELECT]-[END]:[OK]
[2018-02-07T11:13:02.972] [INFO] ICC - RID:[1518023582958]-[REQUEST]-[END]:[/getAllTipoServicio]
[2018-02-07T11:13:03.087] [INFO] ICC - RID:[1518023583087]-[REQUEST]-[START]:[/getAllSubZona]
[2018-02-07T11:13:03.087] [INFO] ICC - RID:[1518023583087]-[SELECT]-[START]
[2018-02-07T11:13:03.087] [DEBUG] DCC - RID:[1518023583087]-[SELECT]-[QUERY]:[SELECT [ID_SUBZONA],[SUBZONA] FROM [SLOAA_TC_SUBZONA] WHERE 1=1 AND [ID_ZONA]=3]
[2018-02-07T11:13:03.098] [INFO] ICC - RID:[1518023583087]-[SELECT]-[END]:[OK]
[2018-02-07T11:13:03.098] [INFO] ICC - RID:[1518023583087]-[REQUEST]-[END]:[/getAllSubZona]
[2018-02-07T11:13:03.217] [INFO] ICC - RID:[1518023583217]-[REQUEST]-[START]:[/getAllServicios]
[2018-02-07T11:13:03.218] [INFO] ICC - RID:[1518023583217]-[SELECT]-[START]
[2018-02-07T11:13:03.218] [DEBUG] DCC - RID:[1518023583217]-[SELECT]-[QUERY]:[SELECT 
 DISTINCT([SEL].[ID_SERVICIO]),
		  [SEL].[NOMBRE_SERVICIO]
 FROM  (
		SELECT [PSXS].[ID_PRESTADOR_SERVICIO]
			  ,[PSXS].[ID_ZONA]
			  ,[PSXS].[ID_SUBZONA]
			  ,[PSXS].[ID_TIPO_SERVICIO]
			  ,[PSXS].[ID_SERVICIO]
			  ,[SERV].[NOMBRE_SERVICIO]
		  FROM [SLOAA_TC_PRESTADOR_SERVICIOS_X_SERVICIO] [PSXS]
		  LEFT JOIN [SLOAA_TC_SERVICIO] [SERV] ON [PSXS].[ID_SERVICIO]=[SERV].[ID_SERVICIO]
		  WHERE 
		  1=1
		  AND [PSXS].[ID_ZONA]=3
		  AND [PSXS].[ID_SUBZONA]=1
		  AND [PSXS].[ID_TIPO_SERVICIO]=1
  )[SEL]]
[2018-02-07T11:13:03.230] [INFO] ICC - RID:[1518023583217]-[SELECT]-[END]:[OK]
[2018-02-07T11:13:03.230] [INFO] ICC - RID:[1518023583217]-[REQUEST]-[END]:[/getAllServicios]
[2018-02-07T11:13:03.320] [INFO] ICC - RID:[1518023583320]-[REQUEST]-[START]:[/getAllProvedores]
[2018-02-07T11:13:03.321] [INFO] ICC - RID:[1518023583320]-[SELECT]-[START]
[2018-02-07T11:13:03.321] [DEBUG] DCC - RID:[1518023583320]-[SELECT]-[QUERY]:[SELECT 
 DISTINCT([SEL].[ID_PRESTADOR_SERVICIO]),
		  [SEL].[NOMBRE]
 FROM  (
		SELECT [PSXS].[ID_PRESTADOR_SERVICIO]
			  ,[PSXS].[ID_ZONA]
			  ,[PSXS].[ID_SUBZONA]
			  ,[PSXS].[ID_TIPO_SERVICIO]
			  ,[PSXS].[ID_SERVICIO]
			  ,[PS].[NOMBRE]
			  ,[PS].[CORREO_ELECTRONICO]
		  FROM [SLOAA_TC_PRESTADOR_SERVICIOS_X_SERVICIO] [PSXS]
		  LEFT JOIN [SLOAA_TC_PRESTADOR_SERVICIOS] [PS] ON [PSXS].[ID_PRESTADOR_SERVICIO]=[PS].[ID_PRESTADOR_SERVICIO]
		  WHERE 
		  1=1
		  AND [PSXS].[ID_ZONA]=3
		  AND [PSXS].[ID_SUBZONA]=1
		  AND [PSXS].[ID_TIPO_SERVICIO]=1
		  AND [PSXS].[ID_SERVICIO]=1001
  )[SEL]]
[2018-02-07T11:13:03.335] [INFO] ICC - RID:[1518023583320]-[SELECT]-[END]:[OK]
[2018-02-07T11:13:03.336] [INFO] ICC - RID:[1518023583320]-[REQUEST]-[END]:[/getAllProvedores]
[2018-02-07T11:13:03.386] [INFO] ICC - RID:[1518023583386]-[REQUEST]-[START]:[/getUnidadYPrecioUnitarioXServicio]
[2018-02-07T11:13:03.387] [DEBUG] DCC - {"missing":[{"requiredFieldName":"idTipoServicio","requiredFieldType":"string"},{"requiredFieldName":"idServicio","requiredFieldType":"string"}]}
[2018-02-07T11:13:03.387] [ERROR] ECC - RID:[1518023583386]-[REQUEST]-[ERROR]:[Input parameter problem.]:[/getUnidadYPrecioUnitarioXServicio]
[2018-02-07T11:13:21.421] [INFO] ICC - RID:[1518023601421]-[REQUEST]-[START]:[/getAllProvedores]
[2018-02-07T11:13:21.421] [INFO] ICC - RID:[1518023601421]-[SELECT]-[START]
[2018-02-07T11:13:21.422] [DEBUG] DCC - RID:[1518023601421]-[SELECT]-[QUERY]:[SELECT 
 DISTINCT([SEL].[ID_PRESTADOR_SERVICIO]),
		  [SEL].[NOMBRE]
 FROM  (
		SELECT [PSXS].[ID_PRESTADOR_SERVICIO]
			  ,[PSXS].[ID_ZONA]
			  ,[PSXS].[ID_SUBZONA]
			  ,[PSXS].[ID_TIPO_SERVICIO]
			  ,[PSXS].[ID_SERVICIO]
			  ,[PS].[NOMBRE]
			  ,[PS].[CORREO_ELECTRONICO]
		  FROM [SLOAA_TC_PRESTADOR_SERVICIOS_X_SERVICIO] [PSXS]
		  LEFT JOIN [SLOAA_TC_PRESTADOR_SERVICIOS] [PS] ON [PSXS].[ID_PRESTADOR_SERVICIO]=[PS].[ID_PRESTADOR_SERVICIO]
		  WHERE 
		  1=1
		  AND [PSXS].[ID_ZONA]=3
		  AND [PSXS].[ID_SUBZONA]=1
		  AND [PSXS].[ID_TIPO_SERVICIO]=1
		  AND [PSXS].[ID_SERVICIO]=1001
  )[SEL]]
[2018-02-07T11:13:21.435] [INFO] ICC - RID:[1518023601421]-[SELECT]-[END]:[OK]
[2018-02-07T11:13:21.436] [INFO] ICC - RID:[1518023601421]-[REQUEST]-[END]:[/getAllProvedores]
[2018-02-07T11:13:25.023] [INFO] ICC - RID:[1518023605022]-[REQUEST]-[START]:[/getUnidadYPrecioUnitarioXServicio]
[2018-02-07T11:13:25.023] [INFO] ICC - RID:[1518023605022]-[SELECT]-[START]
[2018-02-07T11:13:25.023] [DEBUG] DCC - RID:[1518023605022]-[SELECT]-[QUERY]:[SELECT [QRY].*,
	  [UNI].[UNIDAD]
	   FROM
(
  SELECT 
      DISTINCT([PU].[ID_UNIDAD]),
	  [PU].[PRECIO_UNITARIO]
  FROM [dbo].[SLOAA_TR_PRECIO_UNITARIO] [PU]
  WHERE 1=1 
  AND [PU].[ID_TIPO_SERVICIO]=1
  AND  [PU].[ID_SERVICIO]=1001
)[QRY]
LEFT JOIN [dbo].[SLOAA_TC_UNIDAD] [UNI] ON [QRY].[ID_UNIDAD]=[UNI].[ID_UNIDAD]]
[2018-02-07T11:13:25.045] [INFO] ICC - RID:[1518023605022]-[SELECT]-[END]:[OK]
[2018-02-07T11:13:25.045] [INFO] ICC - RID:[1518023605022]-[REQUEST]-[END]:[/getUnidadYPrecioUnitarioXServicio]
[2018-02-07T11:13:29.518] [INFO] ICC - RID:[1518023609518]-[REQUEST]-[START]:[/addCotizacion]
[2018-02-07T11:13:29.518] [INFO] ICC - RID:[1518023609518]-[FREE-DML]-[START]
[2018-02-07T11:13:29.519] [DEBUG] DCC - RID:[1518023609518]-[FREE-DML]-[DML]:[ INSERT INTO [dbo].[SLOAA_TR_SERVICIO_COTIZACION]
           (
            [ID_ORDEN_SERVICIO]
           ,[ID_TIPO_SERVICIO]
           ,[ID_SERVICIO]
           ,[ID_UNIDAD]
		   
		   
           ,[PRECIO_UNITARIO]
           ,[CANTIDAD]
           ,[COTIZACION]
		   
           ,[DEDUCCION_CANTIDAD]
           ,[DEDUCCION_TIEMPO]
           ,[CANCELACION]
           ,[DEDUCCION]
           ,[DEDUCCION_JUSTIFICACION]
           ,[PRECIO_SERVICIO_FINAL]
           ,[VALIDA_DISPONIBILIDAD]
           ,[ID_ZONA]
           ,[ID_SUBZONA]
           ,[ID_PRESTADOR_SERVICIO]
		   )
     VALUES
           (
		   246 
		   , 1 
		   , 1001 
		   , 1 
		   
		   , 1 
		   , 1 
		   , 1 
		   
		   
		   
		   , 0 
		   , 0 
		   , 0 
		   , 0 
		   , '' 
		   , 0 
		   , 0 
		   , 3
		   , 1
		   , 1
		   )]
[2018-02-07T11:13:29.533] [INFO] ICC - RID:[1518023609518]-[FREE-DML]-[END]:[OK]
[2018-02-07T11:13:29.533] [INFO] ICC - RID:[1518023609518]-[REQUEST]-[END]:[/addCotizacion]
[2018-02-07T11:13:29.625] [INFO] ICC - RID:[1518023609625]-[REQUEST]-[START]:[/getAllCotizacionXOrden]
[2018-02-07T11:13:29.625] [INFO] ICC - RID:[1518023609625]-[SELECT]-[START]
[2018-02-07T11:13:29.625] [DEBUG] DCC - RID:[1518023609625]-[SELECT]-[QUERY]:[SELECT COT.ID_SERVICIO_COTIZACION, COT.ID_ORDEN_SERVICIO, COT.ID_TIPO_SERVICIO, COT.ID_SERVICIO, COT.ID_UNIDAD, COT.ID_ZONA, COT.ID_SUBZONA, COT.PRECIO_UNITARIO, COT.CANTIDAD, COT.COTIZACION, COT.DEDUCCION, COT.DEDUCCION_JUSTIFICACION, COT.PRECIO_SERVICIO_FINAL, SERV.NOMBRE_SERVICIO, TIPO.TIPO, PRES.NOMBRE, SUBZ.SUBZONA, ZONA.ZONA FROM SLOAA_TR_SERVICIO_COTIZACION COT INNER JOIN SLOAA_TR_PRECIO_UNITARIO UNIT ON COT.ID_TIPO_SERVICIO = UNIT.ID_TIPO_SERVICIO AND COT.ID_SERVICIO = UNIT.ID_SERVICIO AND COT.ID_UNIDAD = UNIT.ID_UNIDAD INNER JOIN SLOAA_TC_SERVICIO SERV ON SERV.ID_SERVICIO = UNIT.ID_SERVICIO AND SERV.ID_SERVICIO = UNIT.ID_SERVICIO INNER JOIN SLOAA_TC_TIPO_SERVICIO TIPO ON TIPO.ID_TIPO_SERVICIO = SERV.ID_TIPO_SERVICIO INNER JOIN SLOAA_TC_PRESTADOR_SERVICIOS_X_SERVICIO PRESERV ON PRESERV.ID_PRESTADOR_SERVICIO = COT.ID_PRESTADOR_SERVICIO AND PRESERV.ID_TIPO_SERVICIO = COT.ID_TIPO_SERVICIO AND PRESERV.ID_SERVICIO = COT.ID_SERVICIO INNER JOIN SLOAA_TC_PRESTADOR_SERVICIOS PRES ON PRES.ID_PRESTADOR_SERVICIO = PRESERV.ID_PRESTADOR_SERVICIO AND PRES.ID_ZONA = PRESERV.ID_ZONA AND PRES.ID_SUBZONA = PRESERV.ID_SUBZONA INNER JOIN SLOAA_TC_SUBZONA SUBZ ON SUBZ.ID_ZONA = PRES.ID_ZONA AND SUBZ.ID_SUBZONA = PRES.ID_SUBZONA INNER JOIN SLOAA_TC_ZONA ZONA ON ZONA.ID_ZONA = SUBZ.ID_ZONA 
                        WHERE ID_ORDEN_SERVICIO =246]
[2018-02-07T11:13:29.643] [INFO] ICC - RID:[1518023609625]-[SELECT]-[END]:[OK]
[2018-02-07T11:13:29.643] [INFO] ICC - RID:[1518023609625]-[REQUEST]-[END]:[/getAllCotizacionXOrden]
[2018-02-07T11:13:30.668] [INFO] ICC - RID:[1518023610668]-[REQUEST]-[START]:[/getAllTipoServicio]
[2018-02-07T11:13:30.668] [INFO] ICC - RID:[1518023610668]-[SELECT]-[START]
[2018-02-07T11:13:30.668] [DEBUG] DCC - RID:[1518023610668]-[SELECT]-[QUERY]:[SELECT 
 DISTINCT([SEL].[ID_TIPO_SERVICIO]),
		  [SEL].[TIPO]
 FROM  (
		SELECT [PSXS].[ID_PRESTADOR_SERVICIO]
			  ,[PSXS].[ID_ZONA]
			  ,[PSXS].[ID_SUBZONA]
			  ,[PSXS].[ID_TIPO_SERVICIO]
			  ,[TS].[TIPO]
			  ,[PSXS].[ID_SERVICIO]
		  FROM [SLOAA_TC_PRESTADOR_SERVICIOS_X_SERVICIO] [PSXS]
		  LEFT JOIN [SLOAA_TC_TIPO_SERVICIO] [TS] ON [PSXS].[ID_TIPO_SERVICIO]=[TS].[ID_TIPO_SERVICIO]
		  WHERE 
		  1=1
		  AND [PSXS].[ID_ZONA]=3
  )[SEL] ]
[2018-02-07T11:13:30.683] [INFO] ICC - RID:[1518023610668]-[SELECT]-[END]:[OK]
[2018-02-07T11:13:30.683] [INFO] ICC - RID:[1518023610668]-[REQUEST]-[END]:[/getAllTipoServicio]
[2018-02-07T11:13:30.708] [INFO] ICC - RID:[1518023610708]-[REQUEST]-[START]:[/getAllSubZona]
[2018-02-07T11:13:30.708] [INFO] ICC - RID:[1518023610708]-[SELECT]-[START]
[2018-02-07T11:13:30.708] [DEBUG] DCC - RID:[1518023610708]-[SELECT]-[QUERY]:[SELECT [ID_SUBZONA],[SUBZONA] FROM [SLOAA_TC_SUBZONA] WHERE 1=1 AND [ID_ZONA]=3]
[2018-02-07T11:13:30.721] [INFO] ICC - RID:[1518023610708]-[SELECT]-[END]:[OK]
[2018-02-07T11:13:30.721] [INFO] ICC - RID:[1518023610708]-[REQUEST]-[END]:[/getAllSubZona]
[2018-02-07T11:13:30.770] [INFO] ICC - RID:[1518023610770]-[REQUEST]-[START]:[/getAllServicios]
[2018-02-07T11:13:30.771] [INFO] ICC - RID:[1518023610770]-[SELECT]-[START]
[2018-02-07T11:13:30.771] [DEBUG] DCC - RID:[1518023610770]-[SELECT]-[QUERY]:[SELECT 
 DISTINCT([SEL].[ID_SERVICIO]),
		  [SEL].[NOMBRE_SERVICIO]
 FROM  (
		SELECT [PSXS].[ID_PRESTADOR_SERVICIO]
			  ,[PSXS].[ID_ZONA]
			  ,[PSXS].[ID_SUBZONA]
			  ,[PSXS].[ID_TIPO_SERVICIO]
			  ,[PSXS].[ID_SERVICIO]
			  ,[SERV].[NOMBRE_SERVICIO]
		  FROM [SLOAA_TC_PRESTADOR_SERVICIOS_X_SERVICIO] [PSXS]
		  LEFT JOIN [SLOAA_TC_SERVICIO] [SERV] ON [PSXS].[ID_SERVICIO]=[SERV].[ID_SERVICIO]
		  WHERE 
		  1=1
		  AND [PSXS].[ID_ZONA]=3
		  AND [PSXS].[ID_SUBZONA]=1
		  AND [PSXS].[ID_TIPO_SERVICIO]=1
  )[SEL]]
[2018-02-07T11:13:30.784] [INFO] ICC - RID:[1518023610770]-[SELECT]-[END]:[OK]
[2018-02-07T11:13:30.784] [INFO] ICC - RID:[1518023610770]-[REQUEST]-[END]:[/getAllServicios]
[2018-02-07T11:13:30.810] [INFO] ICC - RID:[1518023610810]-[REQUEST]-[START]:[/getAllProvedores]
[2018-02-07T11:13:30.810] [INFO] ICC - RID:[1518023610810]-[SELECT]-[START]
[2018-02-07T11:13:30.810] [DEBUG] DCC - RID:[1518023610810]-[SELECT]-[QUERY]:[SELECT 
 DISTINCT([SEL].[ID_PRESTADOR_SERVICIO]),
		  [SEL].[NOMBRE]
 FROM  (
		SELECT [PSXS].[ID_PRESTADOR_SERVICIO]
			  ,[PSXS].[ID_ZONA]
			  ,[PSXS].[ID_SUBZONA]
			  ,[PSXS].[ID_TIPO_SERVICIO]
			  ,[PSXS].[ID_SERVICIO]
			  ,[PS].[NOMBRE]
			  ,[PS].[CORREO_ELECTRONICO]
		  FROM [SLOAA_TC_PRESTADOR_SERVICIOS_X_SERVICIO] [PSXS]
		  LEFT JOIN [SLOAA_TC_PRESTADOR_SERVICIOS] [PS] ON [PSXS].[ID_PRESTADOR_SERVICIO]=[PS].[ID_PRESTADOR_SERVICIO]
		  WHERE 
		  1=1
		  AND [PSXS].[ID_ZONA]=3
		  AND [PSXS].[ID_SUBZONA]=1
		  AND [PSXS].[ID_TIPO_SERVICIO]=1
		  AND [PSXS].[ID_SERVICIO]=1001
  )[SEL]]
[2018-02-07T11:13:30.831] [INFO] ICC - RID:[1518023610810]-[SELECT]-[END]:[OK]
[2018-02-07T11:13:30.832] [INFO] ICC - RID:[1518023610810]-[REQUEST]-[END]:[/getAllProvedores]
[2018-02-07T11:13:30.877] [INFO] ICC - RID:[1518023610877]-[REQUEST]-[START]:[/getUnidadYPrecioUnitarioXServicio]
[2018-02-07T11:13:30.878] [INFO] ICC - RID:[1518023610877]-[SELECT]-[START]
[2018-02-07T11:13:30.878] [DEBUG] DCC - RID:[1518023610877]-[SELECT]-[QUERY]:[SELECT [QRY].*,
	  [UNI].[UNIDAD]
	   FROM
(
  SELECT 
      DISTINCT([PU].[ID_UNIDAD]),
	  [PU].[PRECIO_UNITARIO]
  FROM [dbo].[SLOAA_TR_PRECIO_UNITARIO] [PU]
  WHERE 1=1 
  AND [PU].[ID_TIPO_SERVICIO]=
  AND  [PU].[ID_SERVICIO]=
)[QRY]
LEFT JOIN [dbo].[SLOAA_TC_UNIDAD] [UNI] ON [QRY].[ID_UNIDAD]=[UNI].[ID_UNIDAD]]
[2018-02-07T11:13:30.898] [ERROR] ECC - RID:[1518023610877]-[SELECT]-[END]:[FAIL]:[Incorrect syntax near the keyword 'AND'.]
[2018-02-07T11:13:30.899] [ERROR] ECC - RID:[1518023610877]-[REQUEST]-[ERROR]:[Incorrect syntax near the keyword 'AND'.]:[/getUnidadYPrecioUnitarioXServicio]
[2018-02-07T11:13:31.694] [INFO] ICC - RID:[1518023611694]-[REQUEST]-[START]:[/getAllTipoServicio]
[2018-02-07T11:13:31.695] [INFO] ICC - RID:[1518023611694]-[SELECT]-[START]
[2018-02-07T11:13:31.695] [DEBUG] DCC - RID:[1518023611694]-[SELECT]-[QUERY]:[SELECT 
 DISTINCT([SEL].[ID_TIPO_SERVICIO]),
		  [SEL].[TIPO]
 FROM  (
		SELECT [PSXS].[ID_PRESTADOR_SERVICIO]
			  ,[PSXS].[ID_ZONA]
			  ,[PSXS].[ID_SUBZONA]
			  ,[PSXS].[ID_TIPO_SERVICIO]
			  ,[TS].[TIPO]
			  ,[PSXS].[ID_SERVICIO]
		  FROM [SLOAA_TC_PRESTADOR_SERVICIOS_X_SERVICIO] [PSXS]
		  LEFT JOIN [SLOAA_TC_TIPO_SERVICIO] [TS] ON [PSXS].[ID_TIPO_SERVICIO]=[TS].[ID_TIPO_SERVICIO]
		  WHERE 
		  1=1
		  AND [PSXS].[ID_ZONA]=3
  )[SEL] ]
[2018-02-07T11:13:31.707] [INFO] ICC - RID:[1518023611694]-[SELECT]-[END]:[OK]
[2018-02-07T11:13:31.707] [INFO] ICC - RID:[1518023611694]-[REQUEST]-[END]:[/getAllTipoServicio]
[2018-02-07T11:13:31.728] [INFO] ICC - RID:[1518023611728]-[REQUEST]-[START]:[/getAllSubZona]
[2018-02-07T11:13:31.728] [INFO] ICC - RID:[1518023611728]-[SELECT]-[START]
[2018-02-07T11:13:31.729] [DEBUG] DCC - RID:[1518023611728]-[SELECT]-[QUERY]:[SELECT [ID_SUBZONA],[SUBZONA] FROM [SLOAA_TC_SUBZONA] WHERE 1=1 AND [ID_ZONA]=3]
[2018-02-07T11:13:31.743] [INFO] ICC - RID:[1518023611728]-[SELECT]-[END]:[OK]
[2018-02-07T11:13:31.744] [INFO] ICC - RID:[1518023611728]-[REQUEST]-[END]:[/getAllSubZona]
[2018-02-07T11:13:31.797] [INFO] ICC - RID:[1518023611797]-[REQUEST]-[START]:[/getAllServicios]
[2018-02-07T11:13:31.797] [INFO] ICC - RID:[1518023611797]-[SELECT]-[START]
[2018-02-07T11:13:31.797] [DEBUG] DCC - RID:[1518023611797]-[SELECT]-[QUERY]:[SELECT 
 DISTINCT([SEL].[ID_SERVICIO]),
		  [SEL].[NOMBRE_SERVICIO]
 FROM  (
		SELECT [PSXS].[ID_PRESTADOR_SERVICIO]
			  ,[PSXS].[ID_ZONA]
			  ,[PSXS].[ID_SUBZONA]
			  ,[PSXS].[ID_TIPO_SERVICIO]
			  ,[PSXS].[ID_SERVICIO]
			  ,[SERV].[NOMBRE_SERVICIO]
		  FROM [SLOAA_TC_PRESTADOR_SERVICIOS_X_SERVICIO] [PSXS]
		  LEFT JOIN [SLOAA_TC_SERVICIO] [SERV] ON [PSXS].[ID_SERVICIO]=[SERV].[ID_SERVICIO]
		  WHERE 
		  1=1
		  AND [PSXS].[ID_ZONA]=3
		  AND [PSXS].[ID_SUBZONA]=1
		  AND [PSXS].[ID_TIPO_SERVICIO]=1
  )[SEL]]
[2018-02-07T11:13:31.810] [INFO] ICC - RID:[1518023611797]-[SELECT]-[END]:[OK]
[2018-02-07T11:13:31.811] [INFO] ICC - RID:[1518023611797]-[REQUEST]-[END]:[/getAllServicios]
[2018-02-07T11:13:31.824] [INFO] ICC - RID:[1518023611824]-[REQUEST]-[START]:[/getAllProvedores]
[2018-02-07T11:13:31.825] [INFO] ICC - RID:[1518023611824]-[SELECT]-[START]
[2018-02-07T11:13:31.825] [DEBUG] DCC - RID:[1518023611824]-[SELECT]-[QUERY]:[SELECT 
 DISTINCT([SEL].[ID_PRESTADOR_SERVICIO]),
		  [SEL].[NOMBRE]
 FROM  (
		SELECT [PSXS].[ID_PRESTADOR_SERVICIO]
			  ,[PSXS].[ID_ZONA]
			  ,[PSXS].[ID_SUBZONA]
			  ,[PSXS].[ID_TIPO_SERVICIO]
			  ,[PSXS].[ID_SERVICIO]
			  ,[PS].[NOMBRE]
			  ,[PS].[CORREO_ELECTRONICO]
		  FROM [SLOAA_TC_PRESTADOR_SERVICIOS_X_SERVICIO] [PSXS]
		  LEFT JOIN [SLOAA_TC_PRESTADOR_SERVICIOS] [PS] ON [PSXS].[ID_PRESTADOR_SERVICIO]=[PS].[ID_PRESTADOR_SERVICIO]
		  WHERE 
		  1=1
		  AND [PSXS].[ID_ZONA]=3
		  AND [PSXS].[ID_SUBZONA]=1
		  AND [PSXS].[ID_TIPO_SERVICIO]=1
		  AND [PSXS].[ID_SERVICIO]=1001
  )[SEL]]
[2018-02-07T11:13:31.840] [INFO] ICC - RID:[1518023611824]-[SELECT]-[END]:[OK]
[2018-02-07T11:13:31.841] [INFO] ICC - RID:[1518023611824]-[REQUEST]-[END]:[/getAllProvedores]
[2018-02-07T11:13:31.882] [INFO] ICC - RID:[1518023611882]-[REQUEST]-[START]:[/getUnidadYPrecioUnitarioXServicio]
[2018-02-07T11:13:31.882] [INFO] ICC - RID:[1518023611882]-[SELECT]-[START]
[2018-02-07T11:13:31.882] [DEBUG] DCC - RID:[1518023611882]-[SELECT]-[QUERY]:[SELECT [QRY].*,
	  [UNI].[UNIDAD]
	   FROM
(
  SELECT 
      DISTINCT([PU].[ID_UNIDAD]),
	  [PU].[PRECIO_UNITARIO]
  FROM [dbo].[SLOAA_TR_PRECIO_UNITARIO] [PU]
  WHERE 1=1 
  AND [PU].[ID_TIPO_SERVICIO]=
  AND  [PU].[ID_SERVICIO]=
)[QRY]
LEFT JOIN [dbo].[SLOAA_TC_UNIDAD] [UNI] ON [QRY].[ID_UNIDAD]=[UNI].[ID_UNIDAD]]
[2018-02-07T11:13:31.898] [ERROR] ECC - RID:[1518023611882]-[SELECT]-[END]:[FAIL]:[Incorrect syntax near the keyword 'AND'.]
[2018-02-07T11:13:31.898] [ERROR] ECC - RID:[1518023611882]-[REQUEST]-[ERROR]:[Incorrect syntax near the keyword 'AND'.]:[/getUnidadYPrecioUnitarioXServicio]
[2018-02-07T11:13:35.192] [INFO] ICC - RID:[1518023615192]-[REQUEST]-[START]:[/getAllTipoServicio]
[2018-02-07T11:13:35.192] [INFO] ICC - RID:[1518023615192]-[SELECT]-[START]
[2018-02-07T11:13:35.193] [DEBUG] DCC - RID:[1518023615192]-[SELECT]-[QUERY]:[SELECT 
 DISTINCT([SEL].[ID_TIPO_SERVICIO]),
		  [SEL].[TIPO]
 FROM  (
		SELECT [PSXS].[ID_PRESTADOR_SERVICIO]
			  ,[PSXS].[ID_ZONA]
			  ,[PSXS].[ID_SUBZONA]
			  ,[PSXS].[ID_TIPO_SERVICIO]
			  ,[TS].[TIPO]
			  ,[PSXS].[ID_SERVICIO]
		  FROM [SLOAA_TC_PRESTADOR_SERVICIOS_X_SERVICIO] [PSXS]
		  LEFT JOIN [SLOAA_TC_TIPO_SERVICIO] [TS] ON [PSXS].[ID_TIPO_SERVICIO]=[TS].[ID_TIPO_SERVICIO]
		  WHERE 
		  1=1
		  AND [PSXS].[ID_ZONA]=3
  )[SEL] ]
[2018-02-07T11:13:35.204] [INFO] ICC - RID:[1518023615192]-[SELECT]-[END]:[OK]
[2018-02-07T11:13:35.204] [INFO] ICC - RID:[1518023615192]-[REQUEST]-[END]:[/getAllTipoServicio]
[2018-02-07T11:13:35.219] [INFO] ICC - RID:[1518023615219]-[REQUEST]-[START]:[/getAllSubZona]
[2018-02-07T11:13:35.219] [INFO] ICC - RID:[1518023615219]-[SELECT]-[START]
[2018-02-07T11:13:35.219] [DEBUG] DCC - RID:[1518023615219]-[SELECT]-[QUERY]:[SELECT [ID_SUBZONA],[SUBZONA] FROM [SLOAA_TC_SUBZONA] WHERE 1=1 AND [ID_ZONA]=3]
[2018-02-07T11:13:35.234] [INFO] ICC - RID:[1518023615219]-[SELECT]-[END]:[OK]
[2018-02-07T11:13:35.235] [INFO] ICC - RID:[1518023615219]-[REQUEST]-[END]:[/getAllSubZona]
[2018-02-07T11:13:35.242] [INFO] ICC - RID:[1518023615242]-[REQUEST]-[START]:[/getAllServicios]
[2018-02-07T11:13:35.242] [INFO] ICC - RID:[1518023615242]-[SELECT]-[START]
[2018-02-07T11:13:35.242] [DEBUG] DCC - RID:[1518023615242]-[SELECT]-[QUERY]:[SELECT 
 DISTINCT([SEL].[ID_SERVICIO]),
		  [SEL].[NOMBRE_SERVICIO]
 FROM  (
		SELECT [PSXS].[ID_PRESTADOR_SERVICIO]
			  ,[PSXS].[ID_ZONA]
			  ,[PSXS].[ID_SUBZONA]
			  ,[PSXS].[ID_TIPO_SERVICIO]
			  ,[PSXS].[ID_SERVICIO]
			  ,[SERV].[NOMBRE_SERVICIO]
		  FROM [SLOAA_TC_PRESTADOR_SERVICIOS_X_SERVICIO] [PSXS]
		  LEFT JOIN [SLOAA_TC_SERVICIO] [SERV] ON [PSXS].[ID_SERVICIO]=[SERV].[ID_SERVICIO]
		  WHERE 
		  1=1
		  AND [PSXS].[ID_ZONA]=3
		  AND [PSXS].[ID_SUBZONA]=1
		  AND [PSXS].[ID_TIPO_SERVICIO]=1
  )[SEL]]
[2018-02-07T11:13:35.256] [INFO] ICC - RID:[1518023615242]-[SELECT]-[END]:[OK]
[2018-02-07T11:13:35.256] [INFO] ICC - RID:[1518023615242]-[REQUEST]-[END]:[/getAllServicios]
[2018-02-07T11:13:35.281] [INFO] ICC - RID:[1518023615281]-[REQUEST]-[START]:[/getAllProvedores]
[2018-02-07T11:13:35.281] [INFO] ICC - RID:[1518023615281]-[SELECT]-[START]
[2018-02-07T11:13:35.281] [DEBUG] DCC - RID:[1518023615281]-[SELECT]-[QUERY]:[SELECT 
 DISTINCT([SEL].[ID_PRESTADOR_SERVICIO]),
		  [SEL].[NOMBRE]
 FROM  (
		SELECT [PSXS].[ID_PRESTADOR_SERVICIO]
			  ,[PSXS].[ID_ZONA]
			  ,[PSXS].[ID_SUBZONA]
			  ,[PSXS].[ID_TIPO_SERVICIO]
			  ,[PSXS].[ID_SERVICIO]
			  ,[PS].[NOMBRE]
			  ,[PS].[CORREO_ELECTRONICO]
		  FROM [SLOAA_TC_PRESTADOR_SERVICIOS_X_SERVICIO] [PSXS]
		  LEFT JOIN [SLOAA_TC_PRESTADOR_SERVICIOS] [PS] ON [PSXS].[ID_PRESTADOR_SERVICIO]=[PS].[ID_PRESTADOR_SERVICIO]
		  WHERE 
		  1=1
		  AND [PSXS].[ID_ZONA]=3
		  AND [PSXS].[ID_SUBZONA]=1
		  AND [PSXS].[ID_TIPO_SERVICIO]=1
		  AND [PSXS].[ID_SERVICIO]=1001
  )[SEL]]
[2018-02-07T11:13:35.293] [INFO] ICC - RID:[1518023615281]-[SELECT]-[END]:[OK]
[2018-02-07T11:13:35.294] [INFO] ICC - RID:[1518023615281]-[REQUEST]-[END]:[/getAllProvedores]
[2018-02-07T11:13:35.306] [INFO] ICC - RID:[1518023615306]-[REQUEST]-[START]:[/getUnidadYPrecioUnitarioXServicio]
[2018-02-07T11:13:35.306] [INFO] ICC - RID:[1518023615306]-[SELECT]-[START]
[2018-02-07T11:13:35.306] [DEBUG] DCC - RID:[1518023615306]-[SELECT]-[QUERY]:[SELECT [QRY].*,
	  [UNI].[UNIDAD]
	   FROM
(
  SELECT 
      DISTINCT([PU].[ID_UNIDAD]),
	  [PU].[PRECIO_UNITARIO]
  FROM [dbo].[SLOAA_TR_PRECIO_UNITARIO] [PU]
  WHERE 1=1 
  AND [PU].[ID_TIPO_SERVICIO]=
  AND  [PU].[ID_SERVICIO]=
)[QRY]
LEFT JOIN [dbo].[SLOAA_TC_UNIDAD] [UNI] ON [QRY].[ID_UNIDAD]=[UNI].[ID_UNIDAD]]
[2018-02-07T11:13:35.367] [ERROR] ECC - RID:[1518023615306]-[SELECT]-[END]:[FAIL]:[Incorrect syntax near the keyword 'AND'.]
[2018-02-07T11:13:35.367] [ERROR] ECC - RID:[1518023615306]-[REQUEST]-[ERROR]:[Incorrect syntax near the keyword 'AND'.]:[/getUnidadYPrecioUnitarioXServicio]
