[2018-02-07T11:12:56.651] [INFO] ICC - [BACKEND]-[WEBSERVICES] init on port:[3000]
[2018-02-07T11:12:59.056] [INFO] ICC - RID:[1518023579056]-[REQUEST]-[START]:[/defaultSelect]
[2018-02-07T11:12:59.057] [INFO] ICC - RID:[1518023579056]-[SELECT]-[START]
[2018-02-07T11:12:59.102] [INFO] ICC - RID:[1518023579056]-[SELECT]-[END]:[OK]
[2018-02-07T11:12:59.103] [INFO] ICC - RID:[1518023579056]-[REQUEST]-[END]:[/defaultSelect]
[2018-02-07T11:12:59.330] [INFO] ICC - RID:[1518023579330]-[REQUEST]-[START]:[/getAllOrdenServicio]
[2018-02-07T11:12:59.331] [INFO] ICC - RID:[1518023579330]-[SELECT]-[START]
[2018-02-07T11:12:59.352] [INFO] ICC - RID:[1518023579330]-[SELECT]-[END]:[OK]
[2018-02-07T11:12:59.352] [INFO] ICC - RID:[1518023579330]-[REQUEST]-[END]:[/getAllOrdenServicio]
[2018-02-07T11:13:02.242] [INFO] ICC - RID:[1518023582242]-[REQUEST]-[START]:[/getAllCotizacionXOrden]
[2018-02-07T11:13:02.243] [INFO] ICC - RID:[1518023582242]-[SELECT]-[START]
[2018-02-07T11:13:02.277] [INFO] ICC - RID:[1518023582242]-[SELECT]-[END]:[OK]
[2018-02-07T11:13:02.278] [INFO] ICC - RID:[1518023582242]-[REQUEST]-[END]:[/getAllCotizacionXOrden]
[2018-02-07T11:13:02.958] [INFO] ICC - RID:[1518023582958]-[REQUEST]-[START]:[/getAllTipoServicio]
[2018-02-07T11:13:02.959] [INFO] ICC - RID:[1518023582958]-[SELECT]-[START]
[2018-02-07T11:13:02.972] [INFO] ICC - RID:[1518023582958]-[SELECT]-[END]:[OK]
[2018-02-07T11:13:02.972] [INFO] ICC - RID:[1518023582958]-[REQUEST]-[END]:[/getAllTipoServicio]
[2018-02-07T11:13:03.087] [INFO] ICC - RID:[1518023583087]-[REQUEST]-[START]:[/getAllSubZona]
[2018-02-07T11:13:03.087] [INFO] ICC - RID:[1518023583087]-[SELECT]-[START]
[2018-02-07T11:13:03.098] [INFO] ICC - RID:[1518023583087]-[SELECT]-[END]:[OK]
[2018-02-07T11:13:03.098] [INFO] ICC - RID:[1518023583087]-[REQUEST]-[END]:[/getAllSubZona]
[2018-02-07T11:13:03.217] [INFO] ICC - RID:[1518023583217]-[REQUEST]-[START]:[/getAllServicios]
[2018-02-07T11:13:03.218] [INFO] ICC - RID:[1518023583217]-[SELECT]-[START]
[2018-02-07T11:13:03.230] [INFO] ICC - RID:[1518023583217]-[SELECT]-[END]:[OK]
[2018-02-07T11:13:03.230] [INFO] ICC - RID:[1518023583217]-[REQUEST]-[END]:[/getAllServicios]
[2018-02-07T11:13:03.320] [INFO] ICC - RID:[1518023583320]-[REQUEST]-[START]:[/getAllProvedores]
[2018-02-07T11:13:03.321] [INFO] ICC - RID:[1518023583320]-[SELECT]-[START]
[2018-02-07T11:13:03.335] [INFO] ICC - RID:[1518023583320]-[SELECT]-[END]:[OK]
[2018-02-07T11:13:03.336] [INFO] ICC - RID:[1518023583320]-[REQUEST]-[END]:[/getAllProvedores]
[2018-02-07T11:13:03.386] [INFO] ICC - RID:[1518023583386]-[REQUEST]-[START]:[/getUnidadYPrecioUnitarioXServicio]
[2018-02-07T11:13:03.387] [ERROR] ECC - RID:[1518023583386]-[REQUEST]-[ERROR]:[Input parameter problem.]:[/getUnidadYPrecioUnitarioXServicio]
[2018-02-07T11:13:21.421] [INFO] ICC - RID:[1518023601421]-[REQUEST]-[START]:[/getAllProvedores]
[2018-02-07T11:13:21.421] [INFO] ICC - RID:[1518023601421]-[SELECT]-[START]
[2018-02-07T11:13:21.435] [INFO] ICC - RID:[1518023601421]-[SELECT]-[END]:[OK]
[2018-02-07T11:13:21.436] [INFO] ICC - RID:[1518023601421]-[REQUEST]-[END]:[/getAllProvedores]
[2018-02-07T11:13:25.023] [INFO] ICC - RID:[1518023605022]-[REQUEST]-[START]:[/getUnidadYPrecioUnitarioXServicio]
[2018-02-07T11:13:25.023] [INFO] ICC - RID:[1518023605022]-[SELECT]-[START]
[2018-02-07T11:13:25.045] [INFO] ICC - RID:[1518023605022]-[SELECT]-[END]:[OK]
[2018-02-07T11:13:25.045] [INFO] ICC - RID:[1518023605022]-[REQUEST]-[END]:[/getUnidadYPrecioUnitarioXServicio]
[2018-02-07T11:13:29.518] [INFO] ICC - RID:[1518023609518]-[REQUEST]-[START]:[/addCotizacion]
[2018-02-07T11:13:29.518] [INFO] ICC - RID:[1518023609518]-[FREE-DML]-[START]
[2018-02-07T11:13:29.533] [INFO] ICC - RID:[1518023609518]-[FREE-DML]-[END]:[OK]
[2018-02-07T11:13:29.533] [INFO] ICC - RID:[1518023609518]-[REQUEST]-[END]:[/addCotizacion]
[2018-02-07T11:13:29.625] [INFO] ICC - RID:[1518023609625]-[REQUEST]-[START]:[/getAllCotizacionXOrden]
[2018-02-07T11:13:29.625] [INFO] ICC - RID:[1518023609625]-[SELECT]-[START]
[2018-02-07T11:13:29.643] [INFO] ICC - RID:[1518023609625]-[SELECT]-[END]:[OK]
[2018-02-07T11:13:29.643] [INFO] ICC - RID:[1518023609625]-[REQUEST]-[END]:[/getAllCotizacionXOrden]
[2018-02-07T11:13:30.668] [INFO] ICC - RID:[1518023610668]-[REQUEST]-[START]:[/getAllTipoServicio]
[2018-02-07T11:13:30.668] [INFO] ICC - RID:[1518023610668]-[SELECT]-[START]
[2018-02-07T11:13:30.683] [INFO] ICC - RID:[1518023610668]-[SELECT]-[END]:[OK]
[2018-02-07T11:13:30.683] [INFO] ICC - RID:[1518023610668]-[REQUEST]-[END]:[/getAllTipoServicio]
[2018-02-07T11:13:30.708] [INFO] ICC - RID:[1518023610708]-[REQUEST]-[START]:[/getAllSubZona]
[2018-02-07T11:13:30.708] [INFO] ICC - RID:[1518023610708]-[SELECT]-[START]
[2018-02-07T11:13:30.721] [INFO] ICC - RID:[1518023610708]-[SELECT]-[END]:[OK]
[2018-02-07T11:13:30.721] [INFO] ICC - RID:[1518023610708]-[REQUEST]-[END]:[/getAllSubZona]
[2018-02-07T11:13:30.770] [INFO] ICC - RID:[1518023610770]-[REQUEST]-[START]:[/getAllServicios]
[2018-02-07T11:13:30.771] [INFO] ICC - RID:[1518023610770]-[SELECT]-[START]
[2018-02-07T11:13:30.784] [INFO] ICC - RID:[1518023610770]-[SELECT]-[END]:[OK]
[2018-02-07T11:13:30.784] [INFO] ICC - RID:[1518023610770]-[REQUEST]-[END]:[/getAllServicios]
[2018-02-07T11:13:30.810] [INFO] ICC - RID:[1518023610810]-[REQUEST]-[START]:[/getAllProvedores]
[2018-02-07T11:13:30.810] [INFO] ICC - RID:[1518023610810]-[SELECT]-[START]
[2018-02-07T11:13:30.831] [INFO] ICC - RID:[1518023610810]-[SELECT]-[END]:[OK]
[2018-02-07T11:13:30.832] [INFO] ICC - RID:[1518023610810]-[REQUEST]-[END]:[/getAllProvedores]
[2018-02-07T11:13:30.877] [INFO] ICC - RID:[1518023610877]-[REQUEST]-[START]:[/getUnidadYPrecioUnitarioXServicio]
[2018-02-07T11:13:30.878] [INFO] ICC - RID:[1518023610877]-[SELECT]-[START]
[2018-02-07T11:13:30.898] [ERROR] ECC - RID:[1518023610877]-[SELECT]-[END]:[FAIL]:[Incorrect syntax near the keyword 'AND'.]
[2018-02-07T11:13:30.899] [ERROR] ECC - RID:[1518023610877]-[REQUEST]-[ERROR]:[Incorrect syntax near the keyword 'AND'.]:[/getUnidadYPrecioUnitarioXServicio]
[2018-02-07T11:13:31.694] [INFO] ICC - RID:[1518023611694]-[REQUEST]-[START]:[/getAllTipoServicio]
[2018-02-07T11:13:31.695] [INFO] ICC - RID:[1518023611694]-[SELECT]-[START]
[2018-02-07T11:13:31.707] [INFO] ICC - RID:[1518023611694]-[SELECT]-[END]:[OK]
[2018-02-07T11:13:31.707] [INFO] ICC - RID:[1518023611694]-[REQUEST]-[END]:[/getAllTipoServicio]
[2018-02-07T11:13:31.728] [INFO] ICC - RID:[1518023611728]-[REQUEST]-[START]:[/getAllSubZona]
[2018-02-07T11:13:31.728] [INFO] ICC - RID:[1518023611728]-[SELECT]-[START]
[2018-02-07T11:13:31.743] [INFO] ICC - RID:[1518023611728]-[SELECT]-[END]:[OK]
[2018-02-07T11:13:31.744] [INFO] ICC - RID:[1518023611728]-[REQUEST]-[END]:[/getAllSubZona]
[2018-02-07T11:13:31.797] [INFO] ICC - RID:[1518023611797]-[REQUEST]-[START]:[/getAllServicios]
[2018-02-07T11:13:31.797] [INFO] ICC - RID:[1518023611797]-[SELECT]-[START]
[2018-02-07T11:13:31.810] [INFO] ICC - RID:[1518023611797]-[SELECT]-[END]:[OK]
[2018-02-07T11:13:31.811] [INFO] ICC - RID:[1518023611797]-[REQUEST]-[END]:[/getAllServicios]
[2018-02-07T11:13:31.824] [INFO] ICC - RID:[1518023611824]-[REQUEST]-[START]:[/getAllProvedores]
[2018-02-07T11:13:31.825] [INFO] ICC - RID:[1518023611824]-[SELECT]-[START]
[2018-02-07T11:13:31.840] [INFO] ICC - RID:[1518023611824]-[SELECT]-[END]:[OK]
[2018-02-07T11:13:31.841] [INFO] ICC - RID:[1518023611824]-[REQUEST]-[END]:[/getAllProvedores]
[2018-02-07T11:13:31.882] [INFO] ICC - RID:[1518023611882]-[REQUEST]-[START]:[/getUnidadYPrecioUnitarioXServicio]
[2018-02-07T11:13:31.882] [INFO] ICC - RID:[1518023611882]-[SELECT]-[START]
[2018-02-07T11:13:31.898] [ERROR] ECC - RID:[1518023611882]-[SELECT]-[END]:[FAIL]:[Incorrect syntax near the keyword 'AND'.]
[2018-02-07T11:13:31.898] [ERROR] ECC - RID:[1518023611882]-[REQUEST]-[ERROR]:[Incorrect syntax near the keyword 'AND'.]:[/getUnidadYPrecioUnitarioXServicio]
[2018-02-07T11:13:35.192] [INFO] ICC - RID:[1518023615192]-[REQUEST]-[START]:[/getAllTipoServicio]
[2018-02-07T11:13:35.192] [INFO] ICC - RID:[1518023615192]-[SELECT]-[START]
[2018-02-07T11:13:35.204] [INFO] ICC - RID:[1518023615192]-[SELECT]-[END]:[OK]
[2018-02-07T11:13:35.204] [INFO] ICC - RID:[1518023615192]-[REQUEST]-[END]:[/getAllTipoServicio]
[2018-02-07T11:13:35.219] [INFO] ICC - RID:[1518023615219]-[REQUEST]-[START]:[/getAllSubZona]
[2018-02-07T11:13:35.219] [INFO] ICC - RID:[1518023615219]-[SELECT]-[START]
[2018-02-07T11:13:35.234] [INFO] ICC - RID:[1518023615219]-[SELECT]-[END]:[OK]
[2018-02-07T11:13:35.235] [INFO] ICC - RID:[1518023615219]-[REQUEST]-[END]:[/getAllSubZona]
[2018-02-07T11:13:35.242] [INFO] ICC - RID:[1518023615242]-[REQUEST]-[START]:[/getAllServicios]
[2018-02-07T11:13:35.242] [INFO] ICC - RID:[1518023615242]-[SELECT]-[START]
[2018-02-07T11:13:35.256] [INFO] ICC - RID:[1518023615242]-[SELECT]-[END]:[OK]
[2018-02-07T11:13:35.256] [INFO] ICC - RID:[1518023615242]-[REQUEST]-[END]:[/getAllServicios]
[2018-02-07T11:13:35.281] [INFO] ICC - RID:[1518023615281]-[REQUEST]-[START]:[/getAllProvedores]
[2018-02-07T11:13:35.281] [INFO] ICC - RID:[1518023615281]-[SELECT]-[START]
[2018-02-07T11:13:35.293] [INFO] ICC - RID:[1518023615281]-[SELECT]-[END]:[OK]
[2018-02-07T11:13:35.294] [INFO] ICC - RID:[1518023615281]-[REQUEST]-[END]:[/getAllProvedores]
[2018-02-07T11:13:35.306] [INFO] ICC - RID:[1518023615306]-[REQUEST]-[START]:[/getUnidadYPrecioUnitarioXServicio]
[2018-02-07T11:13:35.306] [INFO] ICC - RID:[1518023615306]-[SELECT]-[START]
[2018-02-07T11:13:35.367] [ERROR] ECC - RID:[1518023615306]-[SELECT]-[END]:[FAIL]:[Incorrect syntax near the keyword 'AND'.]
[2018-02-07T11:13:35.367] [ERROR] ECC - RID:[1518023615306]-[REQUEST]-[ERROR]:[Incorrect syntax near the keyword 'AND'.]:[/getUnidadYPrecioUnitarioXServicio]
