[2018-01-29T12:26:57.484] [INFO] ICC - [BACKEND]-[WEBSERVICES] init on port:[3000]
[2018-01-29T12:28:21.634] [INFO] ICC - RID:[1517250501634]-[REQUEST]-[START]:[/defaultSelect]
[2018-01-29T12:28:21.635] [INFO] ICC - RID:[1517250501634]-[SELECT]-[START]
[2018-01-29T12:28:21.635] [DEBUG] DCC - RID:[1517250501634]-[SELECT]-[QUERY]:[SELECT [CRED].[ID_CREDENCIAL]
      ,[CRED].[NOMBRE]
      ,[CRED].[USUARIO_NOMBRE]
      ,[CRED].[ID_AUTORIDAD]
	  ,[AUTH].[NOMBRE_AUTORIDAD]
	  ,[AUTH].[ID_ZONA]
         ,[CRED].[ID_ROL]
	  ,[ROL].[NOMBRE_ROL]
	  ,[ROL].[PRIVILEGIOS]
      ,[CRED].[ID_CREDENCIAL_SUPERIOR]
  FROM [dbo].[SLOAA_TR_CREDENCIAL] [CRED]
  LEFT JOIN  [dbo].[SLOAA_TC_AUTORIDAD] [AUTH] ON [CRED].[ID_AUTORIDAD]=[AUTH].[ID_AUTORIDAD]
  LEFT JOIN  [dbo].[SLOAA_TS_ROL] [ROL] ON [CRED].[ID_ROL]=[ROL].[ID_ROL]
  
  WHERE 
	            [CRED].[USUARIO_NOMBRE]='carlos.palacios'
		AND [CRED].[USUARIO_PASSWORD]='12345']
[2018-01-29T12:28:21.689] [INFO] ICC - RID:[1517250501634]-[SELECT]-[END]:[OK]
[2018-01-29T12:28:21.690] [INFO] ICC - RID:[1517250501634]-[REQUEST]-[END]:[/defaultSelect]
[2018-01-29T12:28:21.849] [INFO] ICC - RID:[1517250501848]-[REQUEST]-[START]:[/getAllOrdenServicio]
[2018-01-29T12:28:21.849] [INFO] ICC - RID:[1517250501848]-[SELECT]-[START]
[2018-01-29T12:28:21.849] [DEBUG] DCC - RID:[1517250501848]-[SELECT]-[QUERY]:[SELECT  
	    [ORD].[ID_ORDEN_SERVICIO]
      ,[ORD].[NUM_ORDEN]
      ,[ORD].[FECHA_SOLICITUD]
      ,[ORD].[DOMICILIO]
      ,[ORD].[FIRMA1_USER1]
      ,[ORD].[FIRMA1_USER2]
      ,[ORD].[FIRMA2_USER1]
      ,[ORD].[FIRMA2_USER2]
      ,[ORD].[ID_STATUS]
      ,[ORD].[METAINFO_FECHA_CREACION]
      ,[ORD].[METAINFO_IP]
      ,[ORD].[METAINFO_MAC_ADRR]
      ,[ORD].[LLAVE_SISTEMA]
      ,[ORD].[CIERRE_TOTAL]
	  
	   ,[CRED].[ID_CREDENCIAL]
      ,[CRED].[NOMBRE]
      ,[CRED].[CARGO]
      ,[CRED].[TELEFONO]
      ,[CRED].[EXT]
      ,[CRED].[EMAIL]
      ,[CRED].[PTT]
      ,[CRED].[MOVIL]
      ,[CRED].[USUARIO_NOMBRE]
      ,[CRED].[USUARIO_PASSWORD]
      ,[CRED].[ID_ROL]
      ,[CRED].[ID_CREDENCIAL_SUPERIOR]

	   ,[AUTH].[ID_AUTORIDAD]
      ,[AUTH].[NOMBRE_AUTORIDAD]
      ,[AUTH].[ESTADO]
      ,[AUTH].[NIVEL]
      ,[AUTH].[SERVICIO]
      ,[AUTH].[ID_ZONA] 
         FROM 
  [SLOAA_TR_ORDEN_SERVICIO] [ORD]
 LEFT JOIN [SLOAA_TR_CREDENCIAL] [CRED] ON  [CRED].[ID_CREDENCIAL]=[ORD].[ID_CREDENCIAL]
 LEFT JOIN [SLOAA_TC_AUTORIDAD] [AUTH] ON  [AUTH].[ID_AUTORIDAD]=[CRED].[ID_AUTORIDAD]
  WHERE
  1=1
 ]
[2018-01-29T12:28:21.872] [INFO] ICC - RID:[1517250501848]-[SELECT]-[END]:[OK]
[2018-01-29T12:28:21.872] [INFO] ICC - RID:[1517250501848]-[REQUEST]-[END]:[/getAllOrdenServicio]
[2018-01-29T12:28:23.005] [INFO] ICC - RID:[1517250503005]-[REQUEST]-[START]:[/getAllCotizacionXOrden]
[2018-01-29T12:28:23.006] [DEBUG] DCC - {"missing":[{"requiredFieldName":"idOrdenServicio","requiredFieldType":"string"}],"extra":[{"inputFieldName":"_dc","inputFieldType":"string"},{"inputFieldName":"uno","inputFieldType":"string"},{"inputFieldName":"page","inputFieldType":"string"},{"inputFieldName":"start","inputFieldType":"string"},{"inputFieldName":"limit","inputFieldType":"string"},{"inputFieldName":"callback","inputFieldType":"string"}]}
[2018-01-29T12:28:23.007] [ERROR] ECC - RID:[1517250503005]-[REQUEST]-[ERROR]:[Input parameter problem.]:[/getAllCotizacionXOrden]
[2018-01-29T12:28:23.023] [INFO] ICC - RID:[1517250503023]-[REQUEST]-[START]:[/getAllCotizacionXOrden]
[2018-01-29T12:28:23.024] [DEBUG] DCC - {"missing":[{"requiredFieldName":"idOrdenServicio","requiredFieldType":"string"}],"extra":[{"inputFieldName":"_dc","inputFieldType":"string"},{"inputFieldName":"uno","inputFieldType":"string"},{"inputFieldName":"page","inputFieldType":"string"},{"inputFieldName":"start","inputFieldType":"string"},{"inputFieldName":"limit","inputFieldType":"string"},{"inputFieldName":"callback","inputFieldType":"string"}]}
[2018-01-29T12:28:23.024] [ERROR] ECC - RID:[1517250503023]-[REQUEST]-[ERROR]:[Input parameter problem.]:[/getAllCotizacionXOrden]
[2018-01-29T12:28:24.767] [INFO] ICC - RID:[1517250504767]-[REQUEST]-[START]:[/getAllTipoServicio]
[2018-01-29T12:28:24.768] [INFO] ICC - RID:[1517250504767]-[SELECT]-[START]
[2018-01-29T12:28:24.768] [DEBUG] DCC - RID:[1517250504767]-[SELECT]-[QUERY]:[SELECT 
 DISTINCT([SEL].[ID_TIPO_SERVICIO]),
		  [SEL].[TIPO]
 FROM  (
		SELECT [PSXS].[ID_PRESTADOR_SERVICIO]
			  ,[PSXS].[ID_ZONA]
			  ,[PSXS].[ID_SUBZONA]
			  ,[PSXS].[ID_TIPO_SERVICIO]
			  ,[TS].[TIPO]
			  ,[PSXS].[ID_SERVICIO]
		  FROM [SLOAA_TC_PRESTADOR_SERVICIOS_X_SERVICIO] [PSXS]
		  LEFT JOIN [SLOAA_TC_TIPO_SERVICIO] [TS] ON [PSXS].[ID_TIPO_SERVICIO]=[TS].[ID_TIPO_SERVICIO]
		  WHERE 
		  1=1
		  AND [PSXS].[ID_ZONA]=3
  )[SEL] ]
[2018-01-29T12:28:24.785] [INFO] ICC - RID:[1517250504767]-[SELECT]-[END]:[OK]
[2018-01-29T12:28:24.785] [INFO] ICC - RID:[1517250504767]-[REQUEST]-[END]:[/getAllTipoServicio]
[2018-01-29T12:28:25.824] [INFO] ICC - RID:[1517250505824]-[REQUEST]-[START]:[/getAllServicios]
[2018-01-29T12:28:25.824] [DEBUG] DCC - {"missing":[{"requiredFieldName":"idSubZona","requiredFieldType":"string"}]}
[2018-01-29T12:28:25.824] [ERROR] ECC - RID:[1517250505824]-[REQUEST]-[ERROR]:[Input parameter problem.]:[/getAllServicios]
[2018-01-29T12:28:36.083] [INFO] ICC - RID:[1517250516083]-[REQUEST]-[START]:[/defaultSelect]
[2018-01-29T12:28:36.083] [INFO] ICC - RID:[1517250516083]-[SELECT]-[START]
[2018-01-29T12:28:36.083] [DEBUG] DCC - RID:[1517250516083]-[SELECT]-[QUERY]:[SELECT [CRED].[ID_CREDENCIAL]
      ,[CRED].[NOMBRE]
      ,[CRED].[USUARIO_NOMBRE]
      ,[CRED].[ID_AUTORIDAD]
	  ,[AUTH].[NOMBRE_AUTORIDAD]
	  ,[AUTH].[ID_ZONA]
         ,[CRED].[ID_ROL]
	  ,[ROL].[NOMBRE_ROL]
	  ,[ROL].[PRIVILEGIOS]
      ,[CRED].[ID_CREDENCIAL_SUPERIOR]
  FROM [dbo].[SLOAA_TR_CREDENCIAL] [CRED]
  LEFT JOIN  [dbo].[SLOAA_TC_AUTORIDAD] [AUTH] ON [CRED].[ID_AUTORIDAD]=[AUTH].[ID_AUTORIDAD]
  LEFT JOIN  [dbo].[SLOAA_TS_ROL] [ROL] ON [CRED].[ID_ROL]=[ROL].[ID_ROL]
  
  WHERE 
	            [CRED].[USUARIO_NOMBRE]='carlos.palacios'
		AND [CRED].[USUARIO_PASSWORD]='12345']
[2018-01-29T12:28:36.102] [INFO] ICC - RID:[1517250516083]-[SELECT]-[END]:[OK]
[2018-01-29T12:28:36.102] [INFO] ICC - RID:[1517250516083]-[REQUEST]-[END]:[/defaultSelect]
[2018-01-29T12:28:36.277] [INFO] ICC - RID:[1517250516277]-[REQUEST]-[START]:[/getAllOrdenServicio]
[2018-01-29T12:28:36.277] [INFO] ICC - RID:[1517250516277]-[SELECT]-[START]
[2018-01-29T12:28:36.277] [DEBUG] DCC - RID:[1517250516277]-[SELECT]-[QUERY]:[SELECT  
	    [ORD].[ID_ORDEN_SERVICIO]
      ,[ORD].[NUM_ORDEN]
      ,[ORD].[FECHA_SOLICITUD]
      ,[ORD].[DOMICILIO]
      ,[ORD].[FIRMA1_USER1]
      ,[ORD].[FIRMA1_USER2]
      ,[ORD].[FIRMA2_USER1]
      ,[ORD].[FIRMA2_USER2]
      ,[ORD].[ID_STATUS]
      ,[ORD].[METAINFO_FECHA_CREACION]
      ,[ORD].[METAINFO_IP]
      ,[ORD].[METAINFO_MAC_ADRR]
      ,[ORD].[LLAVE_SISTEMA]
      ,[ORD].[CIERRE_TOTAL]
	  
	   ,[CRED].[ID_CREDENCIAL]
      ,[CRED].[NOMBRE]
      ,[CRED].[CARGO]
      ,[CRED].[TELEFONO]
      ,[CRED].[EXT]
      ,[CRED].[EMAIL]
      ,[CRED].[PTT]
      ,[CRED].[MOVIL]
      ,[CRED].[USUARIO_NOMBRE]
      ,[CRED].[USUARIO_PASSWORD]
      ,[CRED].[ID_ROL]
      ,[CRED].[ID_CREDENCIAL_SUPERIOR]

	   ,[AUTH].[ID_AUTORIDAD]
      ,[AUTH].[NOMBRE_AUTORIDAD]
      ,[AUTH].[ESTADO]
      ,[AUTH].[NIVEL]
      ,[AUTH].[SERVICIO]
      ,[AUTH].[ID_ZONA] 
         FROM 
  [SLOAA_TR_ORDEN_SERVICIO] [ORD]
 LEFT JOIN [SLOAA_TR_CREDENCIAL] [CRED] ON  [CRED].[ID_CREDENCIAL]=[ORD].[ID_CREDENCIAL]
 LEFT JOIN [SLOAA_TC_AUTORIDAD] [AUTH] ON  [AUTH].[ID_AUTORIDAD]=[CRED].[ID_AUTORIDAD]
  WHERE
  1=1
 ]
[2018-01-29T12:28:36.302] [INFO] ICC - RID:[1517250516277]-[SELECT]-[END]:[OK]
[2018-01-29T12:28:36.302] [INFO] ICC - RID:[1517250516277]-[REQUEST]-[END]:[/getAllOrdenServicio]
[2018-01-29T12:28:37.249] [INFO] ICC - RID:[1517250517249]-[REQUEST]-[START]:[/getAllCotizacionXOrden]
[2018-01-29T12:28:37.249] [DEBUG] DCC - {"missing":[{"requiredFieldName":"idOrdenServicio","requiredFieldType":"string"}],"extra":[{"inputFieldName":"_dc","inputFieldType":"string"},{"inputFieldName":"uno","inputFieldType":"string"},{"inputFieldName":"page","inputFieldType":"string"},{"inputFieldName":"start","inputFieldType":"string"},{"inputFieldName":"limit","inputFieldType":"string"},{"inputFieldName":"callback","inputFieldType":"string"}]}
[2018-01-29T12:28:37.249] [ERROR] ECC - RID:[1517250517249]-[REQUEST]-[ERROR]:[Input parameter problem.]:[/getAllCotizacionXOrden]
[2018-01-29T12:28:37.263] [INFO] ICC - RID:[1517250517263]-[REQUEST]-[START]:[/getAllCotizacionXOrden]
[2018-01-29T12:28:37.263] [DEBUG] DCC - {"missing":[{"requiredFieldName":"idOrdenServicio","requiredFieldType":"string"}],"extra":[{"inputFieldName":"_dc","inputFieldType":"string"},{"inputFieldName":"uno","inputFieldType":"string"},{"inputFieldName":"page","inputFieldType":"string"},{"inputFieldName":"start","inputFieldType":"string"},{"inputFieldName":"limit","inputFieldType":"string"},{"inputFieldName":"callback","inputFieldType":"string"}]}
[2018-01-29T12:28:37.268] [ERROR] ECC - RID:[1517250517263]-[REQUEST]-[ERROR]:[Input parameter problem.]:[/getAllCotizacionXOrden]
[2018-01-29T12:28:39.967] [INFO] ICC - RID:[1517250519967]-[REQUEST]-[START]:[/getAllTipoServicio]
[2018-01-29T12:28:39.967] [INFO] ICC - RID:[1517250519967]-[SELECT]-[START]
[2018-01-29T12:28:39.967] [DEBUG] DCC - RID:[1517250519967]-[SELECT]-[QUERY]:[SELECT 
 DISTINCT([SEL].[ID_TIPO_SERVICIO]),
		  [SEL].[TIPO]
 FROM  (
		SELECT [PSXS].[ID_PRESTADOR_SERVICIO]
			  ,[PSXS].[ID_ZONA]
			  ,[PSXS].[ID_SUBZONA]
			  ,[PSXS].[ID_TIPO_SERVICIO]
			  ,[TS].[TIPO]
			  ,[PSXS].[ID_SERVICIO]
		  FROM [SLOAA_TC_PRESTADOR_SERVICIOS_X_SERVICIO] [PSXS]
		  LEFT JOIN [SLOAA_TC_TIPO_SERVICIO] [TS] ON [PSXS].[ID_TIPO_SERVICIO]=[TS].[ID_TIPO_SERVICIO]
		  WHERE 
		  1=1
		  AND [PSXS].[ID_ZONA]=3
  )[SEL] ]
[2018-01-29T12:28:39.985] [INFO] ICC - RID:[1517250519967]-[SELECT]-[END]:[OK]
[2018-01-29T12:28:39.985] [INFO] ICC - RID:[1517250519967]-[REQUEST]-[END]:[/getAllTipoServicio]
[2018-01-29T12:28:41.555] [INFO] ICC - RID:[1517250521555]-[REQUEST]-[START]:[/getAllServicios]
[2018-01-29T12:28:41.556] [DEBUG] DCC - {"missing":[{"requiredFieldName":"idSubZona","requiredFieldType":"string"}]}
[2018-01-29T12:28:41.556] [ERROR] ECC - RID:[1517250521555]-[REQUEST]-[ERROR]:[Input parameter problem.]:[/getAllServicios]
[2018-01-29T12:30:55.318] [INFO] ICC - RID:[1517250655318]-[REQUEST]-[START]:[/getAllSubZona]
[2018-01-29T12:30:55.318] [DEBUG] DCC - {"missing":[{"requiredFieldName":"idZona","requiredFieldType":"string"},{"requiredFieldName":"_dc","requiredFieldType":"string"}]}
[2018-01-29T12:30:55.319] [ERROR] ECC - RID:[1517250655318]-[REQUEST]-[ERROR]:[Input parameter problem.]:[/getAllSubZona]
[2018-01-29T12:31:21.536] [INFO] ICC - RID:[1517250681536]-[REQUEST]-[START]:[/getAllSubZona]
[2018-01-29T12:31:21.537] [INFO] ICC - RID:[1517250681536]-[SELECT]-[START]
[2018-01-29T12:31:21.537] [DEBUG] DCC - RID:[1517250681536]-[SELECT]-[QUERY]:[SELECT 
 *  FROM 
]
[2018-01-29T12:31:21.554] [ERROR] ECC - RID:[1517250681536]-[SELECT]-[END]:[FAIL]:[Incorrect syntax near 'FROM'.]
[2018-01-29T12:31:21.554] [ERROR] ECC - RID:[1517250681536]-[REQUEST]-[ERROR]:[Incorrect syntax near 'FROM'.]:[/getAllSubZona]
