[2018-01-29T12:26:57.484] [INFO] ICC - [BACKEND]-[WEBSERVICES] init on port:[3000]
[2018-01-29T12:28:21.634] [INFO] ICC - RID:[1517250501634]-[REQUEST]-[START]:[/defaultSelect]
[2018-01-29T12:28:21.635] [INFO] ICC - RID:[1517250501634]-[SELECT]-[START]
[2018-01-29T12:28:21.689] [INFO] ICC - RID:[1517250501634]-[SELECT]-[END]:[OK]
[2018-01-29T12:28:21.690] [INFO] ICC - RID:[1517250501634]-[REQUEST]-[END]:[/defaultSelect]
[2018-01-29T12:28:21.849] [INFO] ICC - RID:[1517250501848]-[REQUEST]-[START]:[/getAllOrdenServicio]
[2018-01-29T12:28:21.849] [INFO] ICC - RID:[1517250501848]-[SELECT]-[START]
[2018-01-29T12:28:21.872] [INFO] ICC - RID:[1517250501848]-[SELECT]-[END]:[OK]
[2018-01-29T12:28:21.872] [INFO] ICC - RID:[1517250501848]-[REQUEST]-[END]:[/getAllOrdenServicio]
[2018-01-29T12:28:23.005] [INFO] ICC - RID:[1517250503005]-[REQUEST]-[START]:[/getAllCotizacionXOrden]
[2018-01-29T12:28:23.007] [ERROR] ECC - RID:[1517250503005]-[REQUEST]-[ERROR]:[Input parameter problem.]:[/getAllCotizacionXOrden]
[2018-01-29T12:28:23.023] [INFO] ICC - RID:[1517250503023]-[REQUEST]-[START]:[/getAllCotizacionXOrden]
[2018-01-29T12:28:23.024] [ERROR] ECC - RID:[1517250503023]-[REQUEST]-[ERROR]:[Input parameter problem.]:[/getAllCotizacionXOrden]
[2018-01-29T12:28:24.767] [INFO] ICC - RID:[1517250504767]-[REQUEST]-[START]:[/getAllTipoServicio]
[2018-01-29T12:28:24.768] [INFO] ICC - RID:[1517250504767]-[SELECT]-[START]
[2018-01-29T12:28:24.785] [INFO] ICC - RID:[1517250504767]-[SELECT]-[END]:[OK]
[2018-01-29T12:28:24.785] [INFO] ICC - RID:[1517250504767]-[REQUEST]-[END]:[/getAllTipoServicio]
[2018-01-29T12:28:25.824] [INFO] ICC - RID:[1517250505824]-[REQUEST]-[START]:[/getAllServicios]
[2018-01-29T12:28:25.824] [ERROR] ECC - RID:[1517250505824]-[REQUEST]-[ERROR]:[Input parameter problem.]:[/getAllServicios]
[2018-01-29T12:28:36.083] [INFO] ICC - RID:[1517250516083]-[REQUEST]-[START]:[/defaultSelect]
[2018-01-29T12:28:36.083] [INFO] ICC - RID:[1517250516083]-[SELECT]-[START]
[2018-01-29T12:28:36.102] [INFO] ICC - RID:[1517250516083]-[SELECT]-[END]:[OK]
[2018-01-29T12:28:36.102] [INFO] ICC - RID:[1517250516083]-[REQUEST]-[END]:[/defaultSelect]
[2018-01-29T12:28:36.277] [INFO] ICC - RID:[1517250516277]-[REQUEST]-[START]:[/getAllOrdenServicio]
[2018-01-29T12:28:36.277] [INFO] ICC - RID:[1517250516277]-[SELECT]-[START]
[2018-01-29T12:28:36.302] [INFO] ICC - RID:[1517250516277]-[SELECT]-[END]:[OK]
[2018-01-29T12:28:36.302] [INFO] ICC - RID:[1517250516277]-[REQUEST]-[END]:[/getAllOrdenServicio]
[2018-01-29T12:28:37.249] [INFO] ICC - RID:[1517250517249]-[REQUEST]-[START]:[/getAllCotizacionXOrden]
[2018-01-29T12:28:37.249] [ERROR] ECC - RID:[1517250517249]-[REQUEST]-[ERROR]:[Input parameter problem.]:[/getAllCotizacionXOrden]
[2018-01-29T12:28:37.263] [INFO] ICC - RID:[1517250517263]-[REQUEST]-[START]:[/getAllCotizacionXOrden]
[2018-01-29T12:28:37.268] [ERROR] ECC - RID:[1517250517263]-[REQUEST]-[ERROR]:[Input parameter problem.]:[/getAllCotizacionXOrden]
[2018-01-29T12:28:39.967] [INFO] ICC - RID:[1517250519967]-[REQUEST]-[START]:[/getAllTipoServicio]
[2018-01-29T12:28:39.967] [INFO] ICC - RID:[1517250519967]-[SELECT]-[START]
[2018-01-29T12:28:39.985] [INFO] ICC - RID:[1517250519967]-[SELECT]-[END]:[OK]
[2018-01-29T12:28:39.985] [INFO] ICC - RID:[1517250519967]-[REQUEST]-[END]:[/getAllTipoServicio]
[2018-01-29T12:28:41.555] [INFO] ICC - RID:[1517250521555]-[REQUEST]-[START]:[/getAllServicios]
[2018-01-29T12:28:41.556] [ERROR] ECC - RID:[1517250521555]-[REQUEST]-[ERROR]:[Input parameter problem.]:[/getAllServicios]
[2018-01-29T12:30:55.318] [INFO] ICC - RID:[1517250655318]-[REQUEST]-[START]:[/getAllSubZona]
[2018-01-29T12:30:55.319] [ERROR] ECC - RID:[1517250655318]-[REQUEST]-[ERROR]:[Input parameter problem.]:[/getAllSubZona]
[2018-01-29T12:31:21.536] [INFO] ICC - RID:[1517250681536]-[REQUEST]-[START]:[/getAllSubZona]
[2018-01-29T12:31:21.537] [INFO] ICC - RID:[1517250681536]-[SELECT]-[START]
[2018-01-29T12:31:21.554] [ERROR] ECC - RID:[1517250681536]-[SELECT]-[END]:[FAIL]:[Incorrect syntax near 'FROM'.]
[2018-01-29T12:31:21.554] [ERROR] ECC - RID:[1517250681536]-[REQUEST]-[ERROR]:[Incorrect syntax near 'FROM'.]:[/getAllSubZona]
