[2018-02-01T08:20:18.560] [INFO] ICC - [BACKEND]-[WEBSERVICES] init on port:[3000]
[2018-02-01T08:25:55.264] [INFO] ICC - RID:[1517495155264]-[REQUEST]-[START]:[/defaultSelect]
[2018-02-01T08:25:55.265] [INFO] ICC - RID:[1517495155264]-[SELECT]-[START]
[2018-02-01T08:25:55.326] [INFO] ICC - RID:[1517495155264]-[SELECT]-[END]:[OK]
[2018-02-01T08:25:55.326] [INFO] ICC - RID:[1517495155264]-[REQUEST]-[END]:[/defaultSelect]
[2018-02-01T08:25:55.504] [INFO] ICC - RID:[1517495155504]-[REQUEST]-[START]:[/getAllOrdenServicio]
[2018-02-01T08:25:55.505] [INFO] ICC - RID:[1517495155504]-[SELECT]-[START]
[2018-02-01T08:25:55.541] [INFO] ICC - RID:[1517495155504]-[SELECT]-[END]:[OK]
[2018-02-01T08:25:55.542] [INFO] ICC - RID:[1517495155504]-[REQUEST]-[END]:[/getAllOrdenServicio]
[2018-02-01T08:26:00.755] [INFO] ICC - RID:[1517495160754]-[REQUEST]-[START]:[/getAllCotizacionXOrden]
[2018-02-01T08:26:00.756] [INFO] ICC - RID:[1517495160754]-[SELECT]-[START]
[2018-02-01T08:26:00.830] [INFO] ICC - RID:[1517495160754]-[SELECT]-[END]:[OK]
[2018-02-01T08:26:00.830] [INFO] ICC - RID:[1517495160754]-[REQUEST]-[END]:[/getAllCotizacionXOrden]
[2018-02-01T08:26:20.435] [INFO] ICC - RID:[1517495180434]-[REQUEST]-[START]:[/defaultSelect]
[2018-02-01T08:26:20.435] [INFO] ICC - RID:[1517495180434]-[SELECT]-[START]
[2018-02-01T08:26:20.460] [INFO] ICC - RID:[1517495180434]-[SELECT]-[END]:[OK]
[2018-02-01T08:26:20.460] [INFO] ICC - RID:[1517495180434]-[REQUEST]-[END]:[/defaultSelect]
[2018-02-01T08:26:20.615] [INFO] ICC - RID:[1517495180615]-[REQUEST]-[START]:[/getAllOrdenServicio]
[2018-02-01T08:26:20.615] [INFO] ICC - RID:[1517495180615]-[SELECT]-[START]
[2018-02-01T08:26:20.645] [INFO] ICC - RID:[1517495180615]-[SELECT]-[END]:[OK]
[2018-02-01T08:26:20.646] [INFO] ICC - RID:[1517495180615]-[REQUEST]-[END]:[/getAllOrdenServicio]
[2018-02-01T08:26:34.180] [INFO] ICC - RID:[1517495194180]-[REQUEST]-[START]:[/createOrdenServicio]
[2018-02-01T08:26:34.181] [INFO] ICC - RID:[1517495194180]-[SELECT]-[START]
[2018-02-01T08:26:34.200] [INFO] ICC - RID:[1517495194180]-[SELECT]-[END]:[OK]
[2018-02-01T08:26:34.201] [INFO] ICC - RID:[1517495194180]-[SELECT]-[START]
[2018-02-01T08:26:34.225] [INFO] ICC - RID:[1517495194180]-[SELECT]-[END]:[OK]
[2018-02-01T08:26:34.226] [INFO] ICC - RID:[1517495194180]-[FREE-DML]-[START]
[2018-02-01T08:26:34.306] [INFO] ICC - RID:[1517495194180]-[FREE-DML]-[END]:[OK]
[2018-02-01T08:26:34.307] [INFO] ICC - RID:[1517495194180]-[SELECT]-[START]
[2018-02-01T08:26:34.351] [INFO] ICC - RID:[1517495194180]-[SELECT]-[END]:[OK]
[2018-02-01T08:26:34.352] [INFO] ICC - RID:[1517495194180]-[REQUEST]-[END]:[/createOrdenServicio]
[2018-02-01T08:26:34.716] [INFO] ICC - RID:[1517495194716]-[REQUEST]-[START]:[/getAllCotizacionXOrden]
[2018-02-01T08:26:34.717] [ERROR] ECC - RID:[1517495194716]-[REQUEST]-[ERROR]:[Input parameter problem.]:[/getAllCotizacionXOrden]
[2018-02-01T08:26:41.535] [INFO] ICC - RID:[1517495201535]-[REQUEST]-[START]:[/defaultSelect]
[2018-02-01T08:26:41.535] [INFO] ICC - RID:[1517495201535]-[SELECT]-[START]
[2018-02-01T08:26:41.599] [INFO] ICC - RID:[1517495201535]-[SELECT]-[END]:[OK]
[2018-02-01T08:26:41.600] [INFO] ICC - RID:[1517495201535]-[REQUEST]-[END]:[/defaultSelect]
[2018-02-01T08:26:41.767] [INFO] ICC - RID:[1517495201767]-[REQUEST]-[START]:[/getAllOrdenServicio]
[2018-02-01T08:26:41.767] [INFO] ICC - RID:[1517495201767]-[SELECT]-[START]
[2018-02-01T08:26:41.794] [INFO] ICC - RID:[1517495201767]-[SELECT]-[END]:[OK]
[2018-02-01T08:26:41.795] [INFO] ICC - RID:[1517495201767]-[REQUEST]-[END]:[/getAllOrdenServicio]
[2018-02-01T08:28:48.661] [INFO] ICC - RID:[1517495328661]-[REQUEST]-[START]:[/defaultSelect]
[2018-02-01T08:28:48.661] [INFO] ICC - RID:[1517495328661]-[SELECT]-[START]
[2018-02-01T08:28:48.688] [INFO] ICC - RID:[1517495328661]-[SELECT]-[END]:[OK]
[2018-02-01T08:28:48.688] [INFO] ICC - RID:[1517495328661]-[REQUEST]-[END]:[/defaultSelect]
[2018-02-01T08:28:48.872] [INFO] ICC - RID:[1517495328872]-[REQUEST]-[START]:[/getAllOrdenServicio]
[2018-02-01T08:28:48.873] [INFO] ICC - RID:[1517495328872]-[SELECT]-[START]
[2018-02-01T08:28:48.901] [INFO] ICC - RID:[1517495328872]-[SELECT]-[END]:[OK]
[2018-02-01T08:28:48.901] [INFO] ICC - RID:[1517495328872]-[REQUEST]-[END]:[/getAllOrdenServicio]
[2018-02-01T08:28:52.323] [INFO] ICC - RID:[1517495332323]-[REQUEST]-[START]:[/createOrdenServicio]
[2018-02-01T08:28:52.323] [INFO] ICC - RID:[1517495332323]-[SELECT]-[START]
[2018-02-01T08:28:52.340] [INFO] ICC - RID:[1517495332323]-[SELECT]-[END]:[OK]
[2018-02-01T08:28:52.341] [INFO] ICC - RID:[1517495332323]-[SELECT]-[START]
[2018-02-01T08:28:52.363] [INFO] ICC - RID:[1517495332323]-[SELECT]-[END]:[OK]
[2018-02-01T08:28:52.363] [INFO] ICC - RID:[1517495332323]-[FREE-DML]-[START]
[2018-02-01T08:28:52.385] [INFO] ICC - RID:[1517495332323]-[FREE-DML]-[END]:[OK]
[2018-02-01T08:28:52.385] [INFO] ICC - RID:[1517495332323]-[SELECT]-[START]
[2018-02-01T08:28:52.437] [INFO] ICC - RID:[1517495332323]-[SELECT]-[END]:[OK]
[2018-02-01T08:28:52.437] [INFO] ICC - RID:[1517495332323]-[REQUEST]-[END]:[/createOrdenServicio]
[2018-02-01T08:28:52.769] [INFO] ICC - RID:[1517495332769]-[REQUEST]-[START]:[/getAllCotizacionXOrden]
[2018-02-01T08:28:52.770] [ERROR] ECC - RID:[1517495332769]-[REQUEST]-[ERROR]:[Input parameter problem.]:[/getAllCotizacionXOrden]
[2018-02-01T08:28:54.705] [INFO] ICC - RID:[1517495334705]-[REQUEST]-[START]:[/getAllOrdenServicio]
[2018-02-01T08:28:54.706] [INFO] ICC - RID:[1517495334705]-[SELECT]-[START]
[2018-02-01T08:28:54.728] [INFO] ICC - RID:[1517495334705]-[SELECT]-[END]:[OK]
[2018-02-01T08:28:54.728] [INFO] ICC - RID:[1517495334705]-[REQUEST]-[END]:[/getAllOrdenServicio]
[2018-02-01T08:29:20.452] [INFO] ICC - RID:[1517495360452]-[REQUEST]-[START]:[/defaultSelect]
[2018-02-01T08:29:20.452] [INFO] ICC - RID:[1517495360452]-[SELECT]-[START]
[2018-02-01T08:29:20.471] [INFO] ICC - RID:[1517495360452]-[SELECT]-[END]:[OK]
[2018-02-01T08:29:20.471] [INFO] ICC - RID:[1517495360452]-[REQUEST]-[END]:[/defaultSelect]
[2018-02-01T08:29:20.636] [INFO] ICC - RID:[1517495360636]-[REQUEST]-[START]:[/getAllOrdenServicio]
[2018-02-01T08:29:20.636] [INFO] ICC - RID:[1517495360636]-[SELECT]-[START]
[2018-02-01T08:29:20.664] [INFO] ICC - RID:[1517495360636]-[SELECT]-[END]:[OK]
[2018-02-01T08:29:20.665] [INFO] ICC - RID:[1517495360636]-[REQUEST]-[END]:[/getAllOrdenServicio]
[2018-02-01T08:31:20.257] [INFO] ICC - RID:[1517495480257]-[REQUEST]-[START]:[/defaultSelect]
[2018-02-01T08:31:20.258] [INFO] ICC - RID:[1517495480257]-[SELECT]-[START]
[2018-02-01T08:31:20.280] [INFO] ICC - RID:[1517495480257]-[SELECT]-[END]:[OK]
[2018-02-01T08:31:20.281] [INFO] ICC - RID:[1517495480257]-[REQUEST]-[END]:[/defaultSelect]
[2018-02-01T08:31:20.440] [INFO] ICC - RID:[1517495480440]-[REQUEST]-[START]:[/getAllOrdenServicio]
[2018-02-01T08:31:20.440] [INFO] ICC - RID:[1517495480440]-[SELECT]-[START]
[2018-02-01T08:31:20.471] [INFO] ICC - RID:[1517495480440]-[SELECT]-[END]:[OK]
[2018-02-01T08:31:20.471] [INFO] ICC - RID:[1517495480440]-[REQUEST]-[END]:[/getAllOrdenServicio]
[2018-02-01T08:31:23.514] [INFO] ICC - RID:[1517495483514]-[REQUEST]-[START]:[/getAllOrdenServicio]
[2018-02-01T08:31:23.514] [INFO] ICC - RID:[1517495483514]-[SELECT]-[START]
[2018-02-01T08:31:23.542] [INFO] ICC - RID:[1517495483514]-[SELECT]-[END]:[OK]
[2018-02-01T08:31:23.542] [INFO] ICC - RID:[1517495483514]-[REQUEST]-[END]:[/getAllOrdenServicio]
[2018-02-01T08:31:24.091] [INFO] ICC - RID:[1517495484091]-[REQUEST]-[START]:[/getAllOrdenServicio]
[2018-02-01T08:31:24.091] [INFO] ICC - RID:[1517495484091]-[SELECT]-[START]
[2018-02-01T08:31:24.168] [INFO] ICC - RID:[1517495484091]-[SELECT]-[END]:[OK]
[2018-02-01T08:31:24.168] [INFO] ICC - RID:[1517495484091]-[REQUEST]-[END]:[/getAllOrdenServicio]
[2018-02-01T08:31:24.561] [INFO] ICC - RID:[1517495484561]-[REQUEST]-[START]:[/getAllOrdenServicio]
[2018-02-01T08:31:24.561] [INFO] ICC - RID:[1517495484561]-[SELECT]-[START]
[2018-02-01T08:31:24.585] [INFO] ICC - RID:[1517495484561]-[SELECT]-[END]:[OK]
[2018-02-01T08:31:24.585] [INFO] ICC - RID:[1517495484561]-[REQUEST]-[END]:[/getAllOrdenServicio]
[2018-02-01T08:31:25.007] [INFO] ICC - RID:[1517495485007]-[REQUEST]-[START]:[/getAllOrdenServicio]
[2018-02-01T08:31:25.008] [INFO] ICC - RID:[1517495485007]-[SELECT]-[START]
[2018-02-01T08:31:25.026] [INFO] ICC - RID:[1517495485007]-[SELECT]-[END]:[OK]
[2018-02-01T08:31:25.026] [INFO] ICC - RID:[1517495485007]-[REQUEST]-[END]:[/getAllOrdenServicio]
[2018-02-01T08:31:25.407] [INFO] ICC - RID:[1517495485407]-[REQUEST]-[START]:[/getAllOrdenServicio]
[2018-02-01T08:31:25.407] [INFO] ICC - RID:[1517495485407]-[SELECT]-[START]
[2018-02-01T08:31:25.427] [INFO] ICC - RID:[1517495485407]-[SELECT]-[END]:[OK]
[2018-02-01T08:31:25.427] [INFO] ICC - RID:[1517495485407]-[REQUEST]-[END]:[/getAllOrdenServicio]
[2018-02-01T08:31:29.212] [INFO] ICC - RID:[1517495489212]-[REQUEST]-[START]:[/createOrdenServicio]
[2018-02-01T08:31:29.213] [INFO] ICC - RID:[1517495489212]-[SELECT]-[START]
[2018-02-01T08:31:29.237] [INFO] ICC - RID:[1517495489212]-[SELECT]-[END]:[OK]
[2018-02-01T08:31:29.238] [INFO] ICC - RID:[1517495489212]-[SELECT]-[START]
[2018-02-01T08:31:29.269] [INFO] ICC - RID:[1517495489212]-[SELECT]-[END]:[OK]
[2018-02-01T08:31:29.270] [INFO] ICC - RID:[1517495489212]-[FREE-DML]-[START]
[2018-02-01T08:31:29.338] [INFO] ICC - RID:[1517495489212]-[FREE-DML]-[END]:[OK]
[2018-02-01T08:31:29.338] [INFO] ICC - RID:[1517495489212]-[SELECT]-[START]
[2018-02-01T08:31:29.374] [INFO] ICC - RID:[1517495489212]-[SELECT]-[END]:[OK]
[2018-02-01T08:31:29.374] [INFO] ICC - RID:[1517495489212]-[REQUEST]-[END]:[/createOrdenServicio]
[2018-02-01T08:31:29.751] [INFO] ICC - RID:[1517495489751]-[REQUEST]-[START]:[/getAllCotizacionXOrden]
[2018-02-01T08:31:29.752] [ERROR] ECC - RID:[1517495489751]-[REQUEST]-[ERROR]:[Input parameter problem.]:[/getAllCotizacionXOrden]
[2018-02-01T08:31:31.057] [INFO] ICC - RID:[1517495491057]-[REQUEST]-[START]:[/getAllTipoServicio]
[2018-02-01T08:31:31.058] [INFO] ICC - RID:[1517495491057]-[SELECT]-[START]
[2018-02-01T08:31:31.161] [INFO] ICC - RID:[1517495491057]-[SELECT]-[END]:[OK]
[2018-02-01T08:31:31.162] [INFO] ICC - RID:[1517495491057]-[REQUEST]-[END]:[/getAllTipoServicio]
[2018-02-01T08:31:32.272] [INFO] ICC - RID:[1517495492272]-[REQUEST]-[START]:[/getAllSubZona]
[2018-02-01T08:31:32.273] [INFO] ICC - RID:[1517495492272]-[SELECT]-[START]
[2018-02-01T08:31:32.358] [INFO] ICC - RID:[1517495492272]-[SELECT]-[END]:[OK]
[2018-02-01T08:31:32.359] [INFO] ICC - RID:[1517495492272]-[REQUEST]-[END]:[/getAllSubZona]
[2018-02-01T08:31:32.874] [INFO] ICC - RID:[1517495492874]-[REQUEST]-[START]:[/getAllServicios]
[2018-02-01T08:31:32.875] [INFO] ICC - RID:[1517495492874]-[SELECT]-[START]
[2018-02-01T08:31:32.900] [INFO] ICC - RID:[1517495492874]-[SELECT]-[END]:[OK]
[2018-02-01T08:31:32.900] [INFO] ICC - RID:[1517495492874]-[REQUEST]-[END]:[/getAllServicios]
[2018-02-01T08:31:33.386] [INFO] ICC - RID:[1517495493386]-[REQUEST]-[START]:[/getAllProvedores]
[2018-02-01T08:31:33.386] [INFO] ICC - RID:[1517495493386]-[SELECT]-[START]
[2018-02-01T08:31:33.473] [INFO] ICC - RID:[1517495493386]-[SELECT]-[END]:[OK]
[2018-02-01T08:31:33.474] [INFO] ICC - RID:[1517495493386]-[REQUEST]-[END]:[/getAllProvedores]
[2018-02-01T08:31:33.918] [INFO] ICC - RID:[1517495493918]-[REQUEST]-[START]:[/getUnidadYPrecioUnitarioXServicio]
[2018-02-01T08:31:33.919] [INFO] ICC - RID:[1517495493918]-[SELECT]-[START]
[2018-02-01T08:31:33.978] [INFO] ICC - RID:[1517495493918]-[SELECT]-[END]:[OK]
[2018-02-01T08:31:33.979] [INFO] ICC - RID:[1517495493918]-[REQUEST]-[END]:[/getUnidadYPrecioUnitarioXServicio]
[2018-02-01T08:31:35.110] [INFO] ICC - RID:[1517495495110]-[REQUEST]-[START]:[/addCotizacion]
[2018-02-01T08:31:35.111] [INFO] ICC - RID:[1517495495110]-[FREE-DML]-[START]
[2018-02-01T08:31:35.135] [INFO] ICC - RID:[1517495495110]-[FREE-DML]-[END]:[OK]
[2018-02-01T08:31:35.135] [INFO] ICC - RID:[1517495495110]-[REQUEST]-[END]:[/addCotizacion]
[2018-02-01T08:31:35.148] [INFO] ICC - RID:[1517495495148]-[REQUEST]-[START]:[/getAllCotizacionXOrden]
[2018-02-01T08:31:35.148] [INFO] ICC - RID:[1517495495148]-[SELECT]-[START]
[2018-02-01T08:31:35.201] [INFO] ICC - RID:[1517495495148]-[SELECT]-[END]:[OK]
[2018-02-01T08:31:35.202] [INFO] ICC - RID:[1517495495148]-[REQUEST]-[END]:[/getAllCotizacionXOrden]
[2018-02-01T08:31:36.531] [INFO] ICC - RID:[1517495496531]-[REQUEST]-[START]:[/setStatusOrdenServicio]
[2018-02-01T08:31:36.531] [INFO] ICC - RID:[1517495496531]-[FREE-DML]-[START]
[2018-02-01T08:31:36.671] [INFO] ICC - RID:[1517495496531]-[FREE-DML]-[END]:[OK]
[2018-02-01T08:31:36.672] [INFO] ICC - RID:[1517495496531]-[REQUEST]-[END]:[/setStatusOrdenServicio]
[2018-02-01T08:31:37.055] [INFO] ICC - RID:[1517495497055]-[REQUEST]-[START]:[/getAllOrdenServicio]
[2018-02-01T08:31:37.055] [ERROR] ECC - RID:[1517495497055]-[REQUEST]-[ERROR]:[Input parameter problem.]:[/getAllOrdenServicio]
[2018-02-01T08:31:37.929] [INFO] ICC - RID:[1517495497929]-[REQUEST]-[START]:[/getAllOrdenServicio]
[2018-02-01T08:31:37.929] [INFO] ICC - RID:[1517495497929]-[SELECT]-[START]
[2018-02-01T08:31:37.949] [INFO] ICC - RID:[1517495497929]-[SELECT]-[END]:[OK]
[2018-02-01T08:31:37.949] [INFO] ICC - RID:[1517495497929]-[REQUEST]-[END]:[/getAllOrdenServicio]
[2018-02-01T08:32:40.354] [INFO] ICC - RID:[1517495560354]-[REQUEST]-[START]:[/defaultSelect]
[2018-02-01T08:32:40.354] [INFO] ICC - RID:[1517495560354]-[SELECT]-[START]
[2018-02-01T08:32:40.380] [INFO] ICC - RID:[1517495560354]-[SELECT]-[END]:[OK]
[2018-02-01T08:32:40.380] [INFO] ICC - RID:[1517495560354]-[REQUEST]-[END]:[/defaultSelect]
[2018-02-01T08:32:40.531] [INFO] ICC - RID:[1517495560531]-[REQUEST]-[START]:[/getAllOrdenServicio]
[2018-02-01T08:32:40.531] [INFO] ICC - RID:[1517495560531]-[SELECT]-[START]
[2018-02-01T08:32:40.562] [INFO] ICC - RID:[1517495560531]-[SELECT]-[END]:[OK]
[2018-02-01T08:32:40.562] [INFO] ICC - RID:[1517495560531]-[REQUEST]-[END]:[/getAllOrdenServicio]
[2018-02-01T08:35:08.823] [INFO] ICC - RID:[1517495708823]-[REQUEST]-[START]:[/defaultSelect]
[2018-02-01T08:35:08.824] [INFO] ICC - RID:[1517495708823]-[SELECT]-[START]
[2018-02-01T08:35:08.844] [INFO] ICC - RID:[1517495708823]-[SELECT]-[END]:[OK]
[2018-02-01T08:35:08.844] [INFO] ICC - RID:[1517495708823]-[REQUEST]-[END]:[/defaultSelect]
[2018-02-01T08:35:09.042] [INFO] ICC - RID:[1517495709042]-[REQUEST]-[START]:[/getAllOrdenServicio]
[2018-02-01T08:35:09.042] [INFO] ICC - RID:[1517495709042]-[SELECT]-[START]
[2018-02-01T08:35:09.071] [INFO] ICC - RID:[1517495709042]-[SELECT]-[END]:[OK]
[2018-02-01T08:35:09.071] [INFO] ICC - RID:[1517495709042]-[REQUEST]-[END]:[/getAllOrdenServicio]
[2018-02-01T08:35:15.057] [INFO] ICC - RID:[1517495715057]-[REQUEST]-[START]:[/getAllOrdenServicio]
[2018-02-01T08:35:15.057] [INFO] ICC - RID:[1517495715057]-[SELECT]-[START]
[2018-02-01T08:35:15.076] [INFO] ICC - RID:[1517495715057]-[SELECT]-[END]:[OK]
[2018-02-01T08:35:15.077] [INFO] ICC - RID:[1517495715057]-[REQUEST]-[END]:[/getAllOrdenServicio]
[2018-02-01T08:35:21.197] [INFO] ICC - RID:[1517495721197]-[REQUEST]-[START]:[/getAllOrdenServicio]
[2018-02-01T08:35:21.197] [INFO] ICC - RID:[1517495721197]-[SELECT]-[START]
[2018-02-01T08:35:21.294] [INFO] ICC - RID:[1517495721197]-[SELECT]-[END]:[OK]
[2018-02-01T08:35:21.294] [INFO] ICC - RID:[1517495721197]-[REQUEST]-[END]:[/getAllOrdenServicio]
[2018-02-01T08:35:22.622] [INFO] ICC - RID:[1517495722622]-[REQUEST]-[START]:[/getAllCotizacionXOrden]
[2018-02-01T08:35:22.622] [INFO] ICC - RID:[1517495722622]-[SELECT]-[START]
[2018-02-01T08:35:22.640] [INFO] ICC - RID:[1517495722622]-[SELECT]-[END]:[OK]
[2018-02-01T08:35:22.640] [INFO] ICC - RID:[1517495722622]-[REQUEST]-[END]:[/getAllCotizacionXOrden]
[2018-02-01T08:35:24.557] [INFO] ICC - RID:[1517495724557]-[REQUEST]-[START]:[/getAllCotizacionXOrden]
[2018-02-01T08:35:24.557] [INFO] ICC - RID:[1517495724557]-[SELECT]-[START]
[2018-02-01T08:35:24.572] [INFO] ICC - RID:[1517495724557]-[SELECT]-[END]:[OK]
[2018-02-01T08:35:24.572] [INFO] ICC - RID:[1517495724557]-[REQUEST]-[END]:[/getAllCotizacionXOrden]
[2018-02-01T08:35:25.610] [INFO] ICC - RID:[1517495725610]-[REQUEST]-[START]:[/getAllOrdenServicio]
[2018-02-01T08:35:25.610] [INFO] ICC - RID:[1517495725610]-[SELECT]-[START]
[2018-02-01T08:35:25.636] [INFO] ICC - RID:[1517495725610]-[SELECT]-[END]:[OK]
[2018-02-01T08:35:25.636] [INFO] ICC - RID:[1517495725610]-[REQUEST]-[END]:[/getAllOrdenServicio]
[2018-02-01T08:35:27.059] [INFO] ICC - RID:[1517495727059]-[REQUEST]-[START]:[/getAllCotizacionXOrden]
[2018-02-01T08:35:27.059] [INFO] ICC - RID:[1517495727059]-[SELECT]-[START]
[2018-02-01T08:35:27.078] [INFO] ICC - RID:[1517495727059]-[SELECT]-[END]:[OK]
[2018-02-01T08:35:27.078] [INFO] ICC - RID:[1517495727059]-[REQUEST]-[END]:[/getAllCotizacionXOrden]
[2018-02-01T08:35:29.715] [INFO] ICC - RID:[1517495729715]-[REQUEST]-[START]:[/getAllOrdenServicio]
[2018-02-01T08:35:29.715] [INFO] ICC - RID:[1517495729715]-[SELECT]-[START]
[2018-02-01T08:35:29.733] [INFO] ICC - RID:[1517495729715]-[SELECT]-[END]:[OK]
[2018-02-01T08:35:29.733] [INFO] ICC - RID:[1517495729715]-[REQUEST]-[END]:[/getAllOrdenServicio]
[2018-02-01T08:36:56.952] [INFO] ICC - RID:[1517495816952]-[REQUEST]-[START]:[/defaultSelect]
[2018-02-01T08:36:56.952] [INFO] ICC - RID:[1517495816952]-[SELECT]-[START]
[2018-02-01T08:36:56.978] [INFO] ICC - RID:[1517495816952]-[SELECT]-[END]:[OK]
[2018-02-01T08:36:56.978] [INFO] ICC - RID:[1517495816952]-[REQUEST]-[END]:[/defaultSelect]
[2018-02-01T08:36:57.157] [INFO] ICC - RID:[1517495817157]-[REQUEST]-[START]:[/getAllOrdenServicio]
[2018-02-01T08:36:57.157] [INFO] ICC - RID:[1517495817157]-[SELECT]-[START]
[2018-02-01T08:36:57.182] [INFO] ICC - RID:[1517495817157]-[SELECT]-[END]:[OK]
[2018-02-01T08:36:57.182] [INFO] ICC - RID:[1517495817157]-[REQUEST]-[END]:[/getAllOrdenServicio]
