[2018-01-20T01:07:59.077] [INFO] ICC - [BACKEND]-[WEBSERVICES] init on port:[3000]
[2018-01-20T01:08:06.460] [INFO] ICC - RID:[1516432086458]-[REQUEST]-[START]:[/createOrdenServicio]
[2018-01-20T01:08:06.461] [INFO] ICC - RID:[1516432086458]-[SELECT]-[START]
[2018-01-20T01:08:06.461] [DEBUG] DCC - RID:[1516432086458]-[SELECT]-[QUERY]:[SELECT
	CASE
	WHEN  MAX([ORD].[NUM_ORDEN]) IS NULL THEN 1
	ELSE MAX([ORD].[NUM_ORDEN])+1
	END  NEW_ORDEN
      
  FROM [dbo].[SLOAA_TR_ORDEN_SERVICIO] [ORD]
  LEFT JOIN [dbo].[SLOAA_TR_CREDENCIAL] [CRED] ON [ORD].[ID_CREDENCIAL]=[CRED].[ID_CREDENCIAL]
  WHERE
  1=1
	AND MONTH([ORD].[METAINFO_FECHA_CREACION])= MONTH(GetDate()) 
	AND YEAR([ORD].[METAINFO_FECHA_CREACION])= YEAR(GetDate()) 
	AND [CRED].[ID_AUTORIDAD]=1]
[2018-01-20T01:08:13.373] [INFO] ICC - RID:[1516432086458]-[SELECT]-[END]:[OK]
[2018-01-20T01:08:51.371] [INFO] ICC - RID:[1516432086458]-[FREE-DML]-[START]
[2018-01-20T01:08:51.372] [DEBUG] DCC - RID:[1516432086458]-[FREE-DML]-[DML]:[INSERT INTO [dbo].[SLOAA_TR_ORDEN_SERVICIO]
  (
		
       [ORD].[NUM_ORDEN]
      ,[ORD].[FECHA_SOLICITUD]
      ,[ORD].[ID_CREDENCIAL]
      ,[ORD].[DOMICILIO]
      ,[ORD].[ID_STATUS]
      ,[ORD].[METAINFO_FECHA_CREACION]
      ,[ORD].[METAINFO_IP]
      ,[ORD].[METAINFO_MAC_ADRR]
      ,[ORD].[LLAVE_SISTEMA]
	  )
	  VALUES
	  (
	    33,
		'2012-06-18T10:34:09',
		1,
		'otro lugar',
		1,
		'2018-01-20T07:08:06.460Z',
		'::1',
		' 00:00:00:a1:2b:cc',
		'332132132131ds'
	  )]
[2018-01-20T01:09:25.080] [INFO] ICC - RID:[1516432086458]-[FREE-DML]-[END]:[OK]
[2018-01-20T01:09:27.867] [INFO] ICC - RID:[1516432086458]-[REQUEST]-[END]:[/createOrdenServicio]
