[2018-01-29T14:16:04.837] [INFO] ICC - [BACKEND]-[WEBSERVICES] init on port:[3000]
[2018-01-29T14:19:30.073] [INFO] ICC - RID:[1517257170072]-[REQUEST]-[START]:[/getAllOrdenServicio]
[2018-01-29T14:19:30.074] [INFO] ICC - RID:[1517257170072]-[SELECT]-[START]
[2018-01-29T14:19:30.074] [DEBUG] DCC - RID:[1517257170072]-[SELECT]-[QUERY]:[SELECT  
	    [ORD].[ID_ORDEN_SERVICIO]
      ,[ORD].[NUM_ORDEN]
      ,[ORD].[FECHA_SOLICITUD]
      ,[ORD].[DOMICILIO]
      ,[ORD].[FIRMA1_USER1]
      ,[ORD].[FIRMA1_USER2]
      ,[ORD].[FIRMA2_USER1]
      ,[ORD].[FIRMA2_USER2]
      ,[ORD].[ID_STATUS]
      ,[ORD].[METAINFO_FECHA_CREACION]
      ,[ORD].[METAINFO_IP]
      ,[ORD].[METAINFO_MAC_ADRR]
      ,[ORD].[LLAVE_SISTEMA]
      ,[ORD].[CIERRE_TOTAL]
	  
	   ,[CRED].[ID_CREDENCIAL]
      ,[CRED].[NOMBRE]
      ,[CRED].[CARGO]
      ,[CRED].[TELEFONO]
      ,[CRED].[EXT]
      ,[CRED].[EMAIL]
      ,[CRED].[PTT]
      ,[CRED].[MOVIL]
      ,[CRED].[USUARIO_NOMBRE]
      ,[CRED].[USUARIO_PASSWORD]
      ,[CRED].[ID_ROL]
      ,[CRED].[ID_CREDENCIAL_SUPERIOR]

	   ,[AUTH].[ID_AUTORIDAD]
      ,[AUTH].[NOMBRE_AUTORIDAD]
      ,[AUTH].[ESTADO]
      ,[AUTH].[NIVEL]
      ,[AUTH].[SERVICIO]
      ,[AUTH].[ID_ZONA] 
         FROM 
  [SLOAA_TR_ORDEN_SERVICIO] [ORD]
 LEFT JOIN [SLOAA_TR_CREDENCIAL] [CRED] ON  [CRED].[ID_CREDENCIAL]=[ORD].[ID_CREDENCIAL]
 LEFT JOIN [SLOAA_TC_AUTORIDAD] [AUTH] ON  [AUTH].[ID_AUTORIDAD]=[CRED].[ID_AUTORIDAD]
  WHERE
  1=1 AND [ORD].[ID_ORDEN_SERVICIO]=22   AND  [AUTH].[ID_AUTORIDAD]=1
    AND  ([CRED].[ID_CREDENCIAL]=1   OR  [CRED].[ID_CREDENCIAL_SUPERIOR]=1    )
 ]
[2018-01-29T14:19:30.135] [INFO] ICC - RID:[1517257170072]-[SELECT]-[END]:[OK]
[2018-01-29T14:19:30.135] [INFO] ICC - RID:[1517257170072]-[REQUEST]-[END]:[/getAllOrdenServicio]
[2018-01-29T14:28:43.917] [INFO] ICC - RID:[1517257723917]-[REQUEST]-[START]:[/getAllOrdenServicio]
[2018-01-29T14:28:43.918] [INFO] ICC - RID:[1517257723917]-[SELECT]-[START]
[2018-01-29T14:28:43.918] [DEBUG] DCC - RID:[1517257723917]-[SELECT]-[QUERY]:[SELECT  
	    [ORD].[ID_ORDEN_SERVICIO]
      ,[ORD].[NUM_ORDEN]
      ,[ORD].[FECHA_SOLICITUD]
      ,[ORD].[DOMICILIO]
      ,[ORD].[FIRMA1_USER1]
      ,[ORD].[FIRMA1_USER2]
      ,[ORD].[FIRMA2_USER1]
      ,[ORD].[FIRMA2_USER2]
      ,[ORD].[ID_STATUS]
      ,[ORD].[METAINFO_FECHA_CREACION]
      ,[ORD].[METAINFO_IP]
      ,[ORD].[METAINFO_MAC_ADRR]
      ,[ORD].[LLAVE_SISTEMA]
      ,[ORD].[CIERRE_TOTAL]
	  
	   ,[CRED].[ID_CREDENCIAL]
      ,[CRED].[NOMBRE]
      ,[CRED].[CARGO]
      ,[CRED].[TELEFONO]
      ,[CRED].[EXT]
      ,[CRED].[EMAIL]
      ,[CRED].[PTT]
      ,[CRED].[MOVIL]
      ,[CRED].[USUARIO_NOMBRE]
      ,[CRED].[USUARIO_PASSWORD]
      ,[CRED].[ID_ROL]
      ,[CRED].[ID_CREDENCIAL_SUPERIOR]

	   ,[AUTH].[ID_AUTORIDAD]
      ,[AUTH].[NOMBRE_AUTORIDAD]
      ,[AUTH].[ESTADO]
      ,[AUTH].[NIVEL]
      ,[AUTH].[SERVICIO]
      ,[AUTH].[ID_ZONA] 
         FROM 
  [SLOAA_TR_ORDEN_SERVICIO] [ORD]
 LEFT JOIN [SLOAA_TR_CREDENCIAL] [CRED] ON  [CRED].[ID_CREDENCIAL]=[ORD].[ID_CREDENCIAL]
 LEFT JOIN [SLOAA_TC_AUTORIDAD] [AUTH] ON  [AUTH].[ID_AUTORIDAD]=[CRED].[ID_AUTORIDAD]
  WHERE
  1=1 AND [ORD].[ID_ORDEN_SERVICIO]=22   AND  [AUTH].[ID_AUTORIDAD]=1
    AND  ([CRED].[ID_CREDENCIAL]=1   OR  [CRED].[ID_CREDENCIAL_SUPERIOR]=1    )
 ]
[2018-01-29T14:28:43.950] [INFO] ICC - RID:[1517257723917]-[SELECT]-[END]:[OK]
[2018-01-29T14:28:43.950] [INFO] ICC - RID:[1517257723917]-[REQUEST]-[END]:[/getAllOrdenServicio]
[2018-01-29T14:29:04.140] [INFO] ICC - RID:[1517257744140]-[REQUEST]-[START]:[/getAllOrdenServicio]
[2018-01-29T14:29:04.140] [INFO] ICC - RID:[1517257744140]-[SELECT]-[START]
[2018-01-29T14:29:04.140] [DEBUG] DCC - RID:[1517257744140]-[SELECT]-[QUERY]:[SELECT  
	    [ORD].[ID_ORDEN_SERVICIO]
      ,[ORD].[NUM_ORDEN]
      ,[ORD].[FECHA_SOLICITUD]
      ,[ORD].[DOMICILIO]
      ,[ORD].[FIRMA1_USER1]
      ,[ORD].[FIRMA1_USER2]
      ,[ORD].[FIRMA2_USER1]
      ,[ORD].[FIRMA2_USER2]
      ,[ORD].[ID_STATUS]
      ,[ORD].[METAINFO_FECHA_CREACION]
      ,[ORD].[METAINFO_IP]
      ,[ORD].[METAINFO_MAC_ADRR]
      ,[ORD].[LLAVE_SISTEMA]
      ,[ORD].[CIERRE_TOTAL]
	  
	   ,[CRED].[ID_CREDENCIAL]
      ,[CRED].[NOMBRE]
      ,[CRED].[CARGO]
      ,[CRED].[TELEFONO]
      ,[CRED].[EXT]
      ,[CRED].[EMAIL]
      ,[CRED].[PTT]
      ,[CRED].[MOVIL]
      ,[CRED].[USUARIO_NOMBRE]
      ,[CRED].[USUARIO_PASSWORD]
      ,[CRED].[ID_ROL]
      ,[CRED].[ID_CREDENCIAL_SUPERIOR]

	   ,[AUTH].[ID_AUTORIDAD]
      ,[AUTH].[NOMBRE_AUTORIDAD]
      ,[AUTH].[ESTADO]
      ,[AUTH].[NIVEL]
      ,[AUTH].[SERVICIO]
      ,[AUTH].[ID_ZONA] 
         FROM 
  [SLOAA_TR_ORDEN_SERVICIO] [ORD]
 LEFT JOIN [SLOAA_TR_CREDENCIAL] [CRED] ON  [CRED].[ID_CREDENCIAL]=[ORD].[ID_CREDENCIAL]
 LEFT JOIN [SLOAA_TC_AUTORIDAD] [AUTH] ON  [AUTH].[ID_AUTORIDAD]=[CRED].[ID_AUTORIDAD]
  WHERE
  1=1 AND [ORD].[ID_ORDEN_SERVICIO]=22   AND  [AUTH].[ID_AUTORIDAD]=1
    AND  ([CRED].[ID_CREDENCIAL]=1   OR  [CRED].[ID_CREDENCIAL_SUPERIOR]=1    )
 ]
[2018-01-29T14:29:04.156] [INFO] ICC - RID:[1517257744140]-[SELECT]-[END]:[OK]
[2018-01-29T14:29:04.157] [INFO] ICC - RID:[1517257744140]-[REQUEST]-[END]:[/getAllOrdenServicio]
