[2018-01-29T15:00:43.942] [INFO] ICC - RID:[1517259643942]-[REQUEST]-[START]:[/defaultSelect]
[2018-01-29T15:00:43.943] [INFO] ICC - RID:[1517259643942]-[SELECT]-[START]
[2018-01-29T15:00:43.943] [DEBUG] DCC - RID:[1517259643942]-[SELECT]-[QUERY]:[SELECT [CRED].[ID_CREDENCIAL]
      ,[CRED].[NOMBRE]
      ,[CRED].[USUARIO_NOMBRE]
      ,[CRED].[ID_AUTORIDAD]
	  ,[AUTH].[NOMBRE_AUTORIDAD]
	  ,[AUTH].[ID_ZONA]
         ,[CRED].[ID_ROL]
	  ,[ROL].[NOMBRE_ROL]
	  ,[ROL].[PRIVILEGIOS]
      ,[CRED].[ID_CREDENCIAL_SUPERIOR]
  FROM [dbo].[SLOAA_TR_CREDENCIAL] [CRED]
  LEFT JOIN  [dbo].[SLOAA_TC_AUTORIDAD] [AUTH] ON [CRED].[ID_AUTORIDAD]=[AUTH].[ID_AUTORIDAD]
  LEFT JOIN  [dbo].[SLOAA_TS_ROL] [ROL] ON [CRED].[ID_ROL]=[ROL].[ID_ROL]
  
  WHERE 
	            [CRED].[USUARIO_NOMBRE]='carlos.palacios'
		AND [CRED].[USUARIO_PASSWORD]='12345']
[2018-01-29T15:00:43.970] [INFO] ICC - RID:[1517259643942]-[SELECT]-[END]:[OK]
[2018-01-29T15:00:43.970] [INFO] ICC - RID:[1517259643942]-[REQUEST]-[END]:[/defaultSelect]
[2018-01-29T15:00:44.219] [INFO] ICC - RID:[1517259644219]-[REQUEST]-[START]:[/getAllOrdenServicio]
[2018-01-29T15:00:44.219] [INFO] ICC - RID:[1517259644219]-[SELECT]-[START]
[2018-01-29T15:00:44.219] [DEBUG] DCC - RID:[1517259644219]-[SELECT]-[QUERY]:[SELECT  
	    [ORD].[ID_ORDEN_SERVICIO]
      ,[ORD].[NUM_ORDEN]
      ,[ORD].[FECHA_SOLICITUD]
      ,[ORD].[DOMICILIO]
      ,[ORD].[FIRMA1_USER1]
      ,[ORD].[FIRMA1_USER2]
      ,[ORD].[FIRMA2_USER1]
      ,[ORD].[FIRMA2_USER2]
      ,[ORD].[ID_STATUS]
      ,[ORD].[METAINFO_FECHA_CREACION]
      ,[ORD].[METAINFO_IP]
      ,[ORD].[METAINFO_MAC_ADRR]
      ,[ORD].[LLAVE_SISTEMA]
      ,[ORD].[CIERRE_TOTAL]
	  
	   ,[CRED].[ID_CREDENCIAL]
      ,[CRED].[NOMBRE]
      ,[CRED].[CARGO]
      ,[CRED].[TELEFONO]
      ,[CRED].[EXT]
      ,[CRED].[EMAIL]
      ,[CRED].[PTT]
      ,[CRED].[MOVIL]
      ,[CRED].[USUARIO_NOMBRE]
      ,[CRED].[USUARIO_PASSWORD]
      ,[CRED].[ID_ROL]
      ,[CRED].[ID_CREDENCIAL_SUPERIOR]

	   ,[AUTH].[ID_AUTORIDAD]
      ,[AUTH].[NOMBRE_AUTORIDAD]
      ,[AUTH].[ESTADO]
      ,[AUTH].[NIVEL]
      ,[AUTH].[SERVICIO]
      ,[AUTH].[ID_ZONA] 
         FROM 
  [SLOAA_TR_ORDEN_SERVICIO] [ORD]
 LEFT JOIN [SLOAA_TR_CREDENCIAL] [CRED] ON  [CRED].[ID_CREDENCIAL]=[ORD].[ID_CREDENCIAL]
 LEFT JOIN [SLOAA_TC_AUTORIDAD] [AUTH] ON  [AUTH].[ID_AUTORIDAD]=[CRED].[ID_AUTORIDAD]
  WHERE
  1=1
 ]
[2018-01-29T15:00:44.242] [INFO] ICC - RID:[1517259644219]-[SELECT]-[END]:[OK]
[2018-01-29T15:00:44.242] [INFO] ICC - RID:[1517259644219]-[REQUEST]-[END]:[/getAllOrdenServicio]
[2018-01-29T15:00:45.993] [INFO] ICC - RID:[1517259645993]-[REQUEST]-[START]:[/getAllCotizacionXOrden]
[2018-01-29T15:00:45.993] [DEBUG] DCC - {"missing":[{"requiredFieldName":"idOrdenServicio","requiredFieldType":"string"},{"requiredFieldName":"idOrdenServicio","requiredFieldType":"string"}]}
[2018-01-29T15:00:45.994] [ERROR] ECC - RID:[1517259645993]-[REQUEST]-[ERROR]:[Input parameter problem.]:[/getAllCotizacionXOrden]
[2018-01-29T15:00:46.001] [INFO] ICC - RID:[1517259646001]-[REQUEST]-[START]:[/getAllOrdenServicio]
[2018-01-29T15:00:46.001] [DEBUG] DCC - {"missing":[{"requiredFieldName":"idCredencial","requiredFieldType":"string"},{"requiredFieldName":"idRol","requiredFieldType":"string"},{"requiredFieldName":"idAutoridad","requiredFieldType":"string"},{"requiredFieldName":"idOrdenServicio","requiredFieldType":"string"}]}
[2018-01-29T15:00:46.001] [ERROR] ECC - RID:[1517259646001]-[REQUEST]-[ERROR]:[Input parameter problem.]:[/getAllOrdenServicio]
[2018-01-29T15:00:46.016] [INFO] ICC - RID:[1517259646016]-[REQUEST]-[START]:[/getAllCotizacionXOrden]
[2018-01-29T15:00:46.016] [DEBUG] DCC - {"missing":[{"requiredFieldName":"idOrdenServicio","requiredFieldType":"string"},{"requiredFieldName":"idOrdenServicio","requiredFieldType":"string"}],"extra":[{"inputFieldName":"uno","inputFieldType":"string"}]}
[2018-01-29T15:00:46.016] [ERROR] ECC - RID:[1517259646016]-[REQUEST]-[ERROR]:[Input parameter problem.]:[/getAllCotizacionXOrden]
[2018-01-29T15:00:49.053] [INFO] ICC - RID:[1517259649053]-[REQUEST]-[START]:[/createOrdenServicio]
[2018-01-29T15:00:49.054] [INFO] ICC - RID:[1517259649053]-[SELECT]-[START]
[2018-01-29T15:00:49.054] [DEBUG] DCC - RID:[1517259649053]-[SELECT]-[QUERY]:[SELECT [ID_AUTORIDAD]
      ,[NOMBRE_AUTORIDAD]
      ,[ESTADO]
      ,[NIVEL]
      ,[SERVICIO]
      ,[ID_ZONA]
  FROM [SOA_db].[dbo].[SLOAA_TC_AUTORIDAD]
  WHERE  [ID_AUTORIDAD]=1]
[2018-01-29T15:00:49.093] [INFO] ICC - RID:[1517259649053]-[SELECT]-[END]:[OK]
[2018-01-29T15:00:49.094] [INFO] ICC - RID:[1517259649053]-[SELECT]-[START]
[2018-01-29T15:00:49.094] [DEBUG] DCC - RID:[1517259649053]-[SELECT]-[QUERY]:[SELECT
	CASE
	WHEN  MAX([ORD].[NUM_ORDEN]) IS NULL THEN 1
	ELSE MAX([ORD].[NUM_ORDEN])+1
	END  NEW_ORDEN
      
  FROM [dbo].[SLOAA_TR_ORDEN_SERVICIO] [ORD]
  LEFT JOIN [dbo].[SLOAA_TR_CREDENCIAL] [CRED] ON [ORD].[ID_CREDENCIAL]=[CRED].[ID_CREDENCIAL]
  WHERE
  1=1
	AND YEAR([ORD].[METAINFO_FECHA_CREACION])= YEAR(GetDate()) 
	AND [CRED].[ID_AUTORIDAD]=1]
[2018-01-29T15:00:49.124] [INFO] ICC - RID:[1517259649053]-[SELECT]-[END]:[OK]
[2018-01-29T15:00:49.124] [INFO] ICC - RID:[1517259649053]-[FREE-DML]-[START]
[2018-01-29T15:00:49.124] [DEBUG] DCC - RID:[1517259649053]-[FREE-DML]-[DML]:[INSERT INTO [dbo].[SLOAA_TR_ORDEN_SERVICIO]
  (
		
       [ORD].[NUM_ORDEN]
      ,[ORD].[FECHA_SOLICITUD]
      ,[ORD].[ID_CREDENCIAL]
      ,[ORD].[DOMICILIO]
      ,[ORD].[ID_STATUS]
      ,[ORD].[METAINFO_FECHA_CREACION]
      ,[ORD].[METAINFO_IP]
      ,[ORD].[METAINFO_MAC_ADRR]
      ,[ORD].[LLAVE_SISTEMA]
	  )
	  VALUES
	  (
	    42,
		'2018-01-29T21:00:00.000Z',
		1,
		'test',
		1,
		'2018-01-29T21:00:49.053Z',
		'::1',
		' ????????',
		'TNRS-Acapulco -SRyS Acapulco -2018-42'
	  )]
[2018-01-29T15:00:49.218] [INFO] ICC - RID:[1517259649053]-[FREE-DML]-[END]:[OK]
[2018-01-29T15:00:49.218] [INFO] ICC - RID:[1517259649053]-[SELECT]-[START]
[2018-01-29T15:00:49.218] [DEBUG] DCC - RID:[1517259649053]-[SELECT]-[QUERY]:[SELECT 
       [ID_ORDEN_SERVICIO]
      ,[NUM_ORDEN]
      ,[FECHA_SOLICITUD]
      ,[ID_CREDENCIAL]
      ,[DOMICILIO]
      ,[FIRMA1_USER1]
      ,[FIRMA1_USER2]
      ,[FIRMA2_USER1]
      ,[FIRMA2_USER2]
      ,[ID_STATUS]
      ,[METAINFO_FECHA_CREACION]
      ,[METAINFO_IP]
      ,[METAINFO_MAC_ADRR]
      ,[LLAVE_SISTEMA]
  FROM [SOA_db].[dbo].[SLOAA_TR_ORDEN_SERVICIO]
  WHERE [METAINFO_FECHA_CREACION]='2018-01-29T21:00:49.053Z']
[2018-01-29T15:00:49.259] [INFO] ICC - RID:[1517259649053]-[SELECT]-[END]:[OK]
[2018-01-29T15:00:49.259] [INFO] ICC - RID:[1517259649053]-[REQUEST]-[END]:[/createOrdenServicio]
[2018-01-29T15:00:50.375] [INFO] ICC - RID:[1517259650375]-[REQUEST]-[START]:[/getAllTipoServicio]
[2018-01-29T15:00:50.375] [INFO] ICC - RID:[1517259650375]-[SELECT]-[START]
[2018-01-29T15:00:50.376] [DEBUG] DCC - RID:[1517259650375]-[SELECT]-[QUERY]:[SELECT 
 DISTINCT([SEL].[ID_TIPO_SERVICIO]),
		  [SEL].[TIPO]
 FROM  (
		SELECT [PSXS].[ID_PRESTADOR_SERVICIO]
			  ,[PSXS].[ID_ZONA]
			  ,[PSXS].[ID_SUBZONA]
			  ,[PSXS].[ID_TIPO_SERVICIO]
			  ,[TS].[TIPO]
			  ,[PSXS].[ID_SERVICIO]
		  FROM [SLOAA_TC_PRESTADOR_SERVICIOS_X_SERVICIO] [PSXS]
		  LEFT JOIN [SLOAA_TC_TIPO_SERVICIO] [TS] ON [PSXS].[ID_TIPO_SERVICIO]=[TS].[ID_TIPO_SERVICIO]
		  WHERE 
		  1=1
		  AND [PSXS].[ID_ZONA]=3
  )[SEL] ]
[2018-01-29T15:00:50.408] [INFO] ICC - RID:[1517259650375]-[SELECT]-[END]:[OK]
[2018-01-29T15:00:50.408] [INFO] ICC - RID:[1517259650375]-[REQUEST]-[END]:[/getAllTipoServicio]
[2018-01-29T15:00:51.498] [INFO] ICC - RID:[1517259651498]-[REQUEST]-[START]:[/getAllSubZona]
[2018-01-29T15:00:51.498] [INFO] ICC - RID:[1517259651498]-[SELECT]-[START]
[2018-01-29T15:00:51.498] [DEBUG] DCC - RID:[1517259651498]-[SELECT]-[QUERY]:[SELECT [ID_SUBZONA],[SUBZONA] FROM [SLOAA_TC_SUBZONA] WHERE 1=1 AND [ID_ZONA]=3]
[2018-01-29T15:00:51.517] [INFO] ICC - RID:[1517259651498]-[SELECT]-[END]:[OK]
[2018-01-29T15:00:51.517] [INFO] ICC - RID:[1517259651498]-[REQUEST]-[END]:[/getAllSubZona]
[2018-01-29T15:00:52.746] [INFO] ICC - RID:[1517259652746]-[REQUEST]-[START]:[/getAllServicios]
[2018-01-29T15:00:52.746] [INFO] ICC - RID:[1517259652746]-[SELECT]-[START]
[2018-01-29T15:00:52.746] [DEBUG] DCC - RID:[1517259652746]-[SELECT]-[QUERY]:[SELECT 
 DISTINCT([SEL].[ID_SERVICIO]),
		  [SEL].[NOMBRE_SERVICIO]
 FROM  (
		SELECT [PSXS].[ID_PRESTADOR_SERVICIO]
			  ,[PSXS].[ID_ZONA]
			  ,[PSXS].[ID_SUBZONA]
			  ,[PSXS].[ID_TIPO_SERVICIO]
			  ,[PSXS].[ID_SERVICIO]
			  ,[SERV].[NOMBRE_SERVICIO]
		  FROM [SLOAA_TC_PRESTADOR_SERVICIOS_X_SERVICIO] [PSXS]
		  LEFT JOIN [SLOAA_TC_SERVICIO] [SERV] ON [PSXS].[ID_SERVICIO]=[SERV].[ID_SERVICIO]
		  WHERE 
		  1=1
		  AND [PSXS].[ID_ZONA]=3
		  AND [PSXS].[ID_SUBZONA]=1
		  AND [PSXS].[ID_TIPO_SERVICIO]=1
  )[SEL]]
[2018-01-29T15:00:52.769] [INFO] ICC - RID:[1517259652746]-[SELECT]-[END]:[OK]
[2018-01-29T15:00:52.770] [INFO] ICC - RID:[1517259652746]-[REQUEST]-[END]:[/getAllServicios]
[2018-01-29T15:00:53.781] [INFO] ICC - RID:[1517259653781]-[REQUEST]-[START]:[/getAllProvedores]
[2018-01-29T15:00:53.781] [INFO] ICC - RID:[1517259653781]-[SELECT]-[START]
[2018-01-29T15:00:53.781] [DEBUG] DCC - RID:[1517259653781]-[SELECT]-[QUERY]:[SELECT 
 DISTINCT([SEL].[ID_PRESTADOR_SERVICIO]),
		  [SEL].[NOMBRE]
 FROM  (
		SELECT [PSXS].[ID_PRESTADOR_SERVICIO]
			  ,[PSXS].[ID_ZONA]
			  ,[PSXS].[ID_SUBZONA]
			  ,[PSXS].[ID_TIPO_SERVICIO]
			  ,[PSXS].[ID_SERVICIO]
			  ,[PS].[NOMBRE]
			  ,[PS].[CORREO_ELECTRONICO]
		  FROM [SLOAA_TC_PRESTADOR_SERVICIOS_X_SERVICIO] [PSXS]
		  LEFT JOIN [SLOAA_TC_PRESTADOR_SERVICIOS] [PS] ON [PSXS].[ID_PRESTADOR_SERVICIO]=[PS].[ID_PRESTADOR_SERVICIO]
		  WHERE 
		  1=1
		  AND [PSXS].[ID_ZONA]=3
		  AND [PSXS].[ID_SUBZONA]=1
		  AND [PSXS].[ID_TIPO_SERVICIO]=1
		  AND [PSXS].[ID_SERVICIO]=1001
  )[SEL]]
[2018-01-29T15:00:53.801] [INFO] ICC - RID:[1517259653781]-[SELECT]-[END]:[OK]
[2018-01-29T15:00:53.802] [INFO] ICC - RID:[1517259653781]-[REQUEST]-[END]:[/getAllProvedores]
[2018-01-29T15:00:55.985] [INFO] ICC - RID:[1517259655984]-[REQUEST]-[START]:[/getUnidadYPrecioUnitarioXServicio]
[2018-01-29T15:00:55.985] [INFO] ICC - RID:[1517259655984]-[SELECT]-[START]
[2018-01-29T15:00:55.985] [DEBUG] DCC - RID:[1517259655984]-[SELECT]-[QUERY]:[SELECT [QRY].*,
	  [UNI].[UNIDAD]
	   FROM
(
  SELECT 
      DISTINCT([PU].[ID_UNIDAD]),
	  [PU].[PRECIO_UNITARIO]
  FROM [dbo].[SLOAA_TR_PRECIO_UNITARIO] [PU]
  WHERE 1=1 
  AND [PU].[ID_TIPO_SERVICIO]=1
  AND  [PU].[ID_SERVICIO]=1001
)[QRY]
LEFT JOIN [dbo].[SLOAA_TC_UNIDAD] [UNI] ON [QRY].[ID_UNIDAD]=[UNI].[ID_UNIDAD]]
[2018-01-29T15:00:56.020] [INFO] ICC - RID:[1517259655984]-[SELECT]-[END]:[OK]
[2018-01-29T15:00:56.020] [INFO] ICC - RID:[1517259655984]-[REQUEST]-[END]:[/getUnidadYPrecioUnitarioXServicio]
[2018-01-29T15:00:57.668] [INFO] ICC - RID:[1517259657668]-[REQUEST]-[START]:[/addCotizacion]
[2018-01-29T15:00:57.668] [INFO] ICC - RID:[1517259657668]-[FREE-DML]-[START]
[2018-01-29T15:00:57.669] [DEBUG] DCC - RID:[1517259657668]-[FREE-DML]-[DML]:[ INSERT INTO [dbo].[SLOAA_TR_SERVICIO_COTIZACION]
           (
            [ID_ORDEN_SERVICIO]
           ,[ID_TIPO_SERVICIO]
           ,[ID_SERVICIO]
           ,[ID_UNIDAD]
		   
		   
           ,[PRECIO_UNITARIO]
           ,[CANTIDAD]
           ,[COTIZACION]
		   
           ,[DEDUCCION_CANTIDAD]
           ,[DEDUCCION_TIEMPO]
           ,[CANCELACION]
           ,[DEDUCCION]
           ,[DEDUCCION_JUSTIFICACION]
           ,[PRECIO_SERVICIO_FINAL]
           ,[VALIDA_DISPONIBILIDAD]
           ,[ID_ZONA]
           ,[ID_SUBZONA]
           ,[ID_PRESTADOR_SERVICIO]
		   )
     VALUES
           (
		   26 
		   , 1 
		   , 1001 
		   , 1 
		   
		   , 1 
		   , 1 
		   , 1 
		   
		   
		   
		   , 0 
		   , 0 
		   , 0 
		   , 0 
		   , '' 
		   , 0 
		   , 0 
		   , 3
		   , 1
		   , 1
		   )]
[2018-01-29T15:00:57.688] [INFO] ICC - RID:[1517259657668]-[FREE-DML]-[END]:[OK]
[2018-01-29T15:00:57.689] [INFO] ICC - RID:[1517259657668]-[REQUEST]-[END]:[/addCotizacion]
[2018-01-29T15:00:57.704] [INFO] ICC - RID:[1517259657704]-[REQUEST]-[START]:[/getAllCotizacionXOrden]
[2018-01-29T15:00:57.704] [INFO] ICC - RID:[1517259657704]-[SELECT]-[START]
[2018-01-29T15:00:57.705] [DEBUG] DCC - RID:[1517259657704]-[SELECT]-[QUERY]:[ SELECT [COT].* FROM [dbo].[SLOAA_TR_SERVICIO_COTIZACION] [COT]
 WHERE [COT].[ID_ORDEN_SERVICIO]=26]
[2018-01-29T15:00:57.725] [INFO] ICC - RID:[1517259657704]-[SELECT]-[END]:[OK]
[2018-01-29T15:00:57.725] [INFO] ICC - RID:[1517259657704]-[REQUEST]-[END]:[/getAllCotizacionXOrden]
[2018-01-29T15:01:11.870] [INFO] ICC - RID:[1517259671870]-[REQUEST]-[START]:[/firma1OrdenServicioGenerador]
[2018-01-29T15:01:11.871] [DEBUG] DCC - {"extra":[{"inputFieldName":"_dc","inputFieldType":"string"},{"inputFieldName":"callback","inputFieldType":"string"}]}
[2018-01-29T15:01:11.871] [ERROR] ECC - RID:[1517259671870]-[REQUEST]-[ERROR]:[Input parameter problem.]:[/firma1OrdenServicioGenerador]
