[2018-01-29T15:00:43.942] [INFO] ICC - RID:[1517259643942]-[REQUEST]-[START]:[/defaultSelect]
[2018-01-29T15:00:43.943] [INFO] ICC - RID:[1517259643942]-[SELECT]-[START]
[2018-01-29T15:00:43.970] [INFO] ICC - RID:[1517259643942]-[SELECT]-[END]:[OK]
[2018-01-29T15:00:43.970] [INFO] ICC - RID:[1517259643942]-[REQUEST]-[END]:[/defaultSelect]
[2018-01-29T15:00:44.219] [INFO] ICC - RID:[1517259644219]-[REQUEST]-[START]:[/getAllOrdenServicio]
[2018-01-29T15:00:44.219] [INFO] ICC - RID:[1517259644219]-[SELECT]-[START]
[2018-01-29T15:00:44.242] [INFO] ICC - RID:[1517259644219]-[SELECT]-[END]:[OK]
[2018-01-29T15:00:44.242] [INFO] ICC - RID:[1517259644219]-[REQUEST]-[END]:[/getAllOrdenServicio]
[2018-01-29T15:00:45.993] [INFO] ICC - RID:[1517259645993]-[REQUEST]-[START]:[/getAllCotizacionXOrden]
[2018-01-29T15:00:45.994] [ERROR] ECC - RID:[1517259645993]-[REQUEST]-[ERROR]:[Input parameter problem.]:[/getAllCotizacionXOrden]
[2018-01-29T15:00:46.001] [INFO] ICC - RID:[1517259646001]-[REQUEST]-[START]:[/getAllOrdenServicio]
[2018-01-29T15:00:46.001] [ERROR] ECC - RID:[1517259646001]-[REQUEST]-[ERROR]:[Input parameter problem.]:[/getAllOrdenServicio]
[2018-01-29T15:00:46.016] [INFO] ICC - RID:[1517259646016]-[REQUEST]-[START]:[/getAllCotizacionXOrden]
[2018-01-29T15:00:46.016] [ERROR] ECC - RID:[1517259646016]-[REQUEST]-[ERROR]:[Input parameter problem.]:[/getAllCotizacionXOrden]
[2018-01-29T15:00:49.053] [INFO] ICC - RID:[1517259649053]-[REQUEST]-[START]:[/createOrdenServicio]
[2018-01-29T15:00:49.054] [INFO] ICC - RID:[1517259649053]-[SELECT]-[START]
[2018-01-29T15:00:49.093] [INFO] ICC - RID:[1517259649053]-[SELECT]-[END]:[OK]
[2018-01-29T15:00:49.094] [INFO] ICC - RID:[1517259649053]-[SELECT]-[START]
[2018-01-29T15:00:49.124] [INFO] ICC - RID:[1517259649053]-[SELECT]-[END]:[OK]
[2018-01-29T15:00:49.124] [INFO] ICC - RID:[1517259649053]-[FREE-DML]-[START]
[2018-01-29T15:00:49.218] [INFO] ICC - RID:[1517259649053]-[FREE-DML]-[END]:[OK]
[2018-01-29T15:00:49.218] [INFO] ICC - RID:[1517259649053]-[SELECT]-[START]
[2018-01-29T15:00:49.259] [INFO] ICC - RID:[1517259649053]-[SELECT]-[END]:[OK]
[2018-01-29T15:00:49.259] [INFO] ICC - RID:[1517259649053]-[REQUEST]-[END]:[/createOrdenServicio]
[2018-01-29T15:00:50.375] [INFO] ICC - RID:[1517259650375]-[REQUEST]-[START]:[/getAllTipoServicio]
[2018-01-29T15:00:50.375] [INFO] ICC - RID:[1517259650375]-[SELECT]-[START]
[2018-01-29T15:00:50.408] [INFO] ICC - RID:[1517259650375]-[SELECT]-[END]:[OK]
[2018-01-29T15:00:50.408] [INFO] ICC - RID:[1517259650375]-[REQUEST]-[END]:[/getAllTipoServicio]
[2018-01-29T15:00:51.498] [INFO] ICC - RID:[1517259651498]-[REQUEST]-[START]:[/getAllSubZona]
[2018-01-29T15:00:51.498] [INFO] ICC - RID:[1517259651498]-[SELECT]-[START]
[2018-01-29T15:00:51.517] [INFO] ICC - RID:[1517259651498]-[SELECT]-[END]:[OK]
[2018-01-29T15:00:51.517] [INFO] ICC - RID:[1517259651498]-[REQUEST]-[END]:[/getAllSubZona]
[2018-01-29T15:00:52.746] [INFO] ICC - RID:[1517259652746]-[REQUEST]-[START]:[/getAllServicios]
[2018-01-29T15:00:52.746] [INFO] ICC - RID:[1517259652746]-[SELECT]-[START]
[2018-01-29T15:00:52.769] [INFO] ICC - RID:[1517259652746]-[SELECT]-[END]:[OK]
[2018-01-29T15:00:52.770] [INFO] ICC - RID:[1517259652746]-[REQUEST]-[END]:[/getAllServicios]
[2018-01-29T15:00:53.781] [INFO] ICC - RID:[1517259653781]-[REQUEST]-[START]:[/getAllProvedores]
[2018-01-29T15:00:53.781] [INFO] ICC - RID:[1517259653781]-[SELECT]-[START]
[2018-01-29T15:00:53.801] [INFO] ICC - RID:[1517259653781]-[SELECT]-[END]:[OK]
[2018-01-29T15:00:53.802] [INFO] ICC - RID:[1517259653781]-[REQUEST]-[END]:[/getAllProvedores]
[2018-01-29T15:00:55.985] [INFO] ICC - RID:[1517259655984]-[REQUEST]-[START]:[/getUnidadYPrecioUnitarioXServicio]
[2018-01-29T15:00:55.985] [INFO] ICC - RID:[1517259655984]-[SELECT]-[START]
[2018-01-29T15:00:56.020] [INFO] ICC - RID:[1517259655984]-[SELECT]-[END]:[OK]
[2018-01-29T15:00:56.020] [INFO] ICC - RID:[1517259655984]-[REQUEST]-[END]:[/getUnidadYPrecioUnitarioXServicio]
[2018-01-29T15:00:57.668] [INFO] ICC - RID:[1517259657668]-[REQUEST]-[START]:[/addCotizacion]
[2018-01-29T15:00:57.668] [INFO] ICC - RID:[1517259657668]-[FREE-DML]-[START]
[2018-01-29T15:00:57.688] [INFO] ICC - RID:[1517259657668]-[FREE-DML]-[END]:[OK]
[2018-01-29T15:00:57.689] [INFO] ICC - RID:[1517259657668]-[REQUEST]-[END]:[/addCotizacion]
[2018-01-29T15:00:57.704] [INFO] ICC - RID:[1517259657704]-[REQUEST]-[START]:[/getAllCotizacionXOrden]
[2018-01-29T15:00:57.704] [INFO] ICC - RID:[1517259657704]-[SELECT]-[START]
[2018-01-29T15:00:57.725] [INFO] ICC - RID:[1517259657704]-[SELECT]-[END]:[OK]
[2018-01-29T15:00:57.725] [INFO] ICC - RID:[1517259657704]-[REQUEST]-[END]:[/getAllCotizacionXOrden]
[2018-01-29T15:01:11.870] [INFO] ICC - RID:[1517259671870]-[REQUEST]-[START]:[/firma1OrdenServicioGenerador]
[2018-01-29T15:01:11.871] [ERROR] ECC - RID:[1517259671870]-[REQUEST]-[ERROR]:[Input parameter problem.]:[/firma1OrdenServicioGenerador]
