[2018-01-20T21:57:56.355] [INFO] ICC - [BACKEND]-[WEBSERVICES] init on port:[3000]
[2018-01-20T21:59:17.276] [INFO] ICC - RID:[1516507157275]-[REQUEST]-[START]:[/getUnidadXServicio]
[2018-01-20T21:59:17.278] [INFO] ICC - RID:[1516507157275]-[SELECT]-[START]
[2018-01-20T21:59:17.279] [DEBUG] DCC - RID:[1516507157275]-[SELECT]-[QUERY]:[SELECT 
      DISTINCT([UNI].[ID_UNIDAD]),
	  [UNI].[UNIDAD]
  FROM [dbo].[SLOAA_TR_PRECIO_UNITARIO] [PU]
  LEFT JOIN [dbo].[SLOAA_TC_UNIDAD] [UNI] ON [PU].[ID_UNIDAD]=[UNI].[ID_UNIDAD]
  WHERE
  [ID_SERVICIO]=1]
[2018-01-20T21:59:24.254] [INFO] ICC - RID:[1516507157275]-[SELECT]-[END]:[OK]
[2018-01-20T21:59:24.257] [INFO] ICC - RID:[1516507157275]-[REQUEST]-[END]:[/getUnidadXServicio]
[2018-01-20T21:59:27.381] [INFO] ICC - RID:[1516507167380]-[REQUEST]-[START]:[/getUnidadXServicio]
[2018-01-20T21:59:27.381] [INFO] ICC - RID:[1516507167380]-[SELECT]-[START]
[2018-01-20T21:59:27.382] [DEBUG] DCC - RID:[1516507167380]-[SELECT]-[QUERY]:[SELECT 
      DISTINCT([UNI].[ID_UNIDAD]),
	  [UNI].[UNIDAD]
  FROM [dbo].[SLOAA_TR_PRECIO_UNITARIO] [PU]
  LEFT JOIN [dbo].[SLOAA_TC_UNIDAD] [UNI] ON [PU].[ID_UNIDAD]=[UNI].[ID_UNIDAD]
  WHERE
  [ID_SERVICIO]=1001]
[2018-01-20T21:59:34.253] [INFO] ICC - RID:[1516507167380]-[SELECT]-[END]:[OK]
[2018-01-20T21:59:34.256] [INFO] ICC - RID:[1516507167380]-[REQUEST]-[END]:[/getUnidadXServicio]
