[2018-01-20T01:27:16.590] [INFO] ICC - [BACKEND]-[WEBSERVICES] init on port:[3000]
[2018-01-20T01:27:31.190] [INFO] ICC - RID:[1516433251188]-[REQUEST]-[START]:[/createOrdenServicio]
[2018-01-20T01:27:31.191] [INFO] ICC - RID:[1516433251188]-[SELECT]-[START]
[2018-01-20T01:27:31.191] [DEBUG] DCC - RID:[1516433251188]-[SELECT]-[QUERY]:[SELECT
	CASE
	WHEN  MAX([ORD].[NUM_ORDEN]) IS NULL THEN 1
	ELSE MAX([ORD].[NUM_ORDEN])+1
	END  NEW_ORDEN
      
  FROM [dbo].[SLOAA_TR_ORDEN_SERVICIO] [ORD]
  LEFT JOIN [dbo].[SLOAA_TR_CREDENCIAL] [CRED] ON [ORD].[ID_CREDENCIAL]=[CRED].[ID_CREDENCIAL]
  WHERE
  1=1
	AND MONTH([ORD].[METAINFO_FECHA_CREACION])= MONTH(GetDate()) 
	AND YEAR([ORD].[METAINFO_FECHA_CREACION])= YEAR(GetDate()) 
	AND [CRED].[ID_AUTORIDAD]=1]
[2018-01-20T01:27:38.082] [INFO] ICC - RID:[1516433251188]-[SELECT]-[END]:[OK]
[2018-01-20T01:27:38.085] [INFO] ICC - RID:[1516433251188]-[FREE-DML]-[START]
[2018-01-20T01:27:38.086] [DEBUG] DCC - RID:[1516433251188]-[FREE-DML]-[DML]:[INSERT INTO [dbo].[SLOAA_TR_ORDEN_SERVICIO]
  (
		
       [ORD].[NUM_ORDEN]
      ,[ORD].[FECHA_SOLICITUD]
      ,[ORD].[ID_CREDENCIAL]
      ,[ORD].[DOMICILIO]
      ,[ORD].[ID_STATUS]
      ,[ORD].[METAINFO_FECHA_CREACION]
      ,[ORD].[METAINFO_IP]
      ,[ORD].[METAINFO_MAC_ADRR]
      ,[ORD].[LLAVE_SISTEMA]
	  )
	  VALUES
	  (
	    35,
		'2012-06-18T10:34:09',
		1,
		'otro lugar',
		1,
		'2018-01-20T07:27:31.191Z',
		'::1',
		' 00:00:00:a1:2b:cc',
		'332132132131ds'
	  )]
[2018-01-20T01:27:44.926] [INFO] ICC - RID:[1516433251188]-[FREE-DML]-[END]:[OK]
[2018-01-20T01:28:01.620] [INFO] ICC - RID:[1516433251188]-[SELECT]-[START]
[2018-01-20T01:28:01.621] [DEBUG] DCC - RID:[1516433251188]-[SELECT]-[QUERY]:[SELECT 
       [NUM_ORDEN]
      ,[FECHA_SOLICITUD]
      ,[ID_CREDENCIAL]
      ,[DOMICILIO]
      ,[FIRMA1_USER1]
      ,[FIRMA1_USER2]
      ,[FIRMA2_USER1]
      ,[FIRMA2_USER2]
      ,[ID_STATUS]
      ,[METAINFO_FECHA_CREACION]
      ,[METAINFO_IP]
      ,[METAINFO_MAC_ADRR]
      ,[LLAVE_SISTEMA]
  FROM [SOA_db].[dbo].[SLOAA_TR_ORDEN_SERVICIO]
  WHERE [METAINFO_FECHA_CREACION]='2018-01-20T07:27:31.191Z']
[2018-01-20T01:28:08.652] [INFO] ICC - RID:[1516433251188]-[SELECT]-[END]:[OK]
[2018-01-20T01:28:08.654] [INFO] ICC - RID:[1516433251188]-[REQUEST]-[END]:[/createOrdenServicio]
