[2018-01-20T00:40:44.302] [INFO] ICC - [BACKEND]-[WEBSERVICES] init on port:[3000]
[2018-01-20T00:41:24.840] [INFO] ICC - RID:[1516430484839]-[REQUEST]-[START]:[/createOrdenServicio]
[2018-01-20T00:41:39.501] [INFO] ICC - RID:[1516430484839]-[SELECT]-[START]
[2018-01-20T00:41:39.501] [DEBUG] DCC - RID:[1516430484839]-[SELECT]-[QUERY]:[SELECT
	CASE
	WHEN  MAX([ORD].[NUM_ORDEN]) IS NULL THEN 1
	ELSE MAX([ORD].[NUM_ORDEN])+1
	END  NEW_ORDEN
      
  FROM [dbo].[SLOAA_TR_ORDEN_SERVICIO] [ORD]
  LEFT JOIN [dbo].[SLOAA_TR_CREDENCIAL] [CRED] ON [ORD].[ID_CREDENCIAL]=[CRED].[ID_CREDENCIAL]
  WHERE
  1=1
	AND MONTH([ORD].[METAINFO_FECHA_CREACION])= MONTH(GetDate()) 
	AND YEAR([ORD].[METAINFO_FECHA_CREACION])= YEAR(GetDate()) 
	AND [CRED].[ID_AUTORIDAD]=1]
[2018-01-20T00:41:47.027] [INFO] ICC - RID:[1516430484839]-[SELECT]-[END]:[OK]
[2018-01-20T00:42:03.133] [INFO] ICC - RID:[1516430484839]-[FREE-DML]-[LOOKED]-[END]:[OK]
[2018-01-20T00:42:37.114] [INFO] ICC - RID:[1516430484839]-[REQUEST]-[END]:[/createOrdenServicio]
[2018-01-20T00:42:58.166] [INFO] ICC - RID:[1516430578165]-[REQUEST]-[START]:[/createOrdenServicio]
[2018-01-20T00:43:02.435] [INFO] ICC - RID:[1516430578165]-[SELECT]-[START]
[2018-01-20T00:43:02.436] [DEBUG] DCC - RID:[1516430578165]-[SELECT]-[QUERY]:[SELECT
	CASE
	WHEN  MAX([ORD].[NUM_ORDEN]) IS NULL THEN 1
	ELSE MAX([ORD].[NUM_ORDEN])+1
	END  NEW_ORDEN
      
  FROM [dbo].[SLOAA_TR_ORDEN_SERVICIO] [ORD]
  LEFT JOIN [dbo].[SLOAA_TR_CREDENCIAL] [CRED] ON [ORD].[ID_CREDENCIAL]=[CRED].[ID_CREDENCIAL]
  WHERE
  1=1
	AND MONTH([ORD].[METAINFO_FECHA_CREACION])= MONTH(GetDate()) 
	AND YEAR([ORD].[METAINFO_FECHA_CREACION])= YEAR(GetDate()) 
	AND [CRED].[ID_AUTORIDAD]=1]
[2018-01-20T00:43:10.040] [INFO] ICC - RID:[1516430578165]-[SELECT]-[END]:[OK]
