[2018-01-29T13:20:28.347] [INFO] ICC - [BACKEND]-[WEBSERVICES] init on port:[3000]
[2018-01-29T13:23:50.989] [INFO] ICC - RID:[1517253830989]-[REQUEST]-[START]:[/defaultSelect]
[2018-01-29T13:23:50.990] [INFO] ICC - RID:[1517253830989]-[SELECT]-[START]
[2018-01-29T13:23:50.990] [DEBUG] DCC - RID:[1517253830989]-[SELECT]-[QUERY]:[SELECT [CRED].[ID_CREDENCIAL]
      ,[CRED].[NOMBRE]
      ,[CRED].[USUARIO_NOMBRE]
      ,[CRED].[ID_AUTORIDAD]
	  ,[AUTH].[NOMBRE_AUTORIDAD]
	  ,[AUTH].[ID_ZONA]
         ,[CRED].[ID_ROL]
	  ,[ROL].[NOMBRE_ROL]
	  ,[ROL].[PRIVILEGIOS]
      ,[CRED].[ID_CREDENCIAL_SUPERIOR]
  FROM [dbo].[SLOAA_TR_CREDENCIAL] [CRED]
  LEFT JOIN  [dbo].[SLOAA_TC_AUTORIDAD] [AUTH] ON [CRED].[ID_AUTORIDAD]=[AUTH].[ID_AUTORIDAD]
  LEFT JOIN  [dbo].[SLOAA_TS_ROL] [ROL] ON [CRED].[ID_ROL]=[ROL].[ID_ROL]
  
  WHERE 
	            [CRED].[USUARIO_NOMBRE]='carlos.palacios'
		AND [CRED].[USUARIO_PASSWORD]='12345']
[2018-01-29T13:23:51.043] [INFO] ICC - RID:[1517253830989]-[SELECT]-[END]:[OK]
[2018-01-29T13:23:51.044] [INFO] ICC - RID:[1517253830989]-[REQUEST]-[END]:[/defaultSelect]
[2018-01-29T13:23:51.236] [INFO] ICC - RID:[1517253831236]-[REQUEST]-[START]:[/getAllOrdenServicio]
[2018-01-29T13:23:51.237] [INFO] ICC - RID:[1517253831236]-[SELECT]-[START]
[2018-01-29T13:23:51.237] [DEBUG] DCC - RID:[1517253831236]-[SELECT]-[QUERY]:[SELECT  
	    [ORD].[ID_ORDEN_SERVICIO]
      ,[ORD].[NUM_ORDEN]
      ,[ORD].[FECHA_SOLICITUD]
      ,[ORD].[DOMICILIO]
      ,[ORD].[FIRMA1_USER1]
      ,[ORD].[FIRMA1_USER2]
      ,[ORD].[FIRMA2_USER1]
      ,[ORD].[FIRMA2_USER2]
      ,[ORD].[ID_STATUS]
      ,[ORD].[METAINFO_FECHA_CREACION]
      ,[ORD].[METAINFO_IP]
      ,[ORD].[METAINFO_MAC_ADRR]
      ,[ORD].[LLAVE_SISTEMA]
      ,[ORD].[CIERRE_TOTAL]
	  
	   ,[CRED].[ID_CREDENCIAL]
      ,[CRED].[NOMBRE]
      ,[CRED].[CARGO]
      ,[CRED].[TELEFONO]
      ,[CRED].[EXT]
      ,[CRED].[EMAIL]
      ,[CRED].[PTT]
      ,[CRED].[MOVIL]
      ,[CRED].[USUARIO_NOMBRE]
      ,[CRED].[USUARIO_PASSWORD]
      ,[CRED].[ID_ROL]
      ,[CRED].[ID_CREDENCIAL_SUPERIOR]

	   ,[AUTH].[ID_AUTORIDAD]
      ,[AUTH].[NOMBRE_AUTORIDAD]
      ,[AUTH].[ESTADO]
      ,[AUTH].[NIVEL]
      ,[AUTH].[SERVICIO]
      ,[AUTH].[ID_ZONA] 
         FROM 
  [SLOAA_TR_ORDEN_SERVICIO] [ORD]
 LEFT JOIN [SLOAA_TR_CREDENCIAL] [CRED] ON  [CRED].[ID_CREDENCIAL]=[ORD].[ID_CREDENCIAL]
 LEFT JOIN [SLOAA_TC_AUTORIDAD] [AUTH] ON  [AUTH].[ID_AUTORIDAD]=[CRED].[ID_AUTORIDAD]
  WHERE
  1=1
 ]
[2018-01-29T13:23:51.270] [INFO] ICC - RID:[1517253831236]-[SELECT]-[END]:[OK]
[2018-01-29T13:23:51.271] [INFO] ICC - RID:[1517253831236]-[REQUEST]-[END]:[/getAllOrdenServicio]
[2018-01-29T13:23:52.130] [INFO] ICC - RID:[1517253832130]-[REQUEST]-[START]:[/getAllCotizacionXOrden]
[2018-01-29T13:23:52.131] [DEBUG] DCC - {"missing":[{"requiredFieldName":"idOrdenServicio","requiredFieldType":"string"}],"extra":[{"inputFieldName":"_dc","inputFieldType":"string"},{"inputFieldName":"uno","inputFieldType":"string"},{"inputFieldName":"page","inputFieldType":"string"},{"inputFieldName":"start","inputFieldType":"string"},{"inputFieldName":"limit","inputFieldType":"string"},{"inputFieldName":"callback","inputFieldType":"string"}]}
[2018-01-29T13:23:52.132] [ERROR] ECC - RID:[1517253832130]-[REQUEST]-[ERROR]:[Input parameter problem.]:[/getAllCotizacionXOrden]
[2018-01-29T13:23:52.149] [INFO] ICC - RID:[1517253832149]-[REQUEST]-[START]:[/getAllCotizacionXOrden]
[2018-01-29T13:23:52.149] [DEBUG] DCC - {"missing":[{"requiredFieldName":"idOrdenServicio","requiredFieldType":"string"}],"extra":[{"inputFieldName":"_dc","inputFieldType":"string"},{"inputFieldName":"uno","inputFieldType":"string"},{"inputFieldName":"page","inputFieldType":"string"},{"inputFieldName":"start","inputFieldType":"string"},{"inputFieldName":"limit","inputFieldType":"string"},{"inputFieldName":"callback","inputFieldType":"string"}]}
[2018-01-29T13:23:52.149] [ERROR] ECC - RID:[1517253832149]-[REQUEST]-[ERROR]:[Input parameter problem.]:[/getAllCotizacionXOrden]
[2018-01-29T13:23:54.470] [INFO] ICC - RID:[1517253834470]-[REQUEST]-[START]:[/getAllTipoServicio]
[2018-01-29T13:23:54.471] [INFO] ICC - RID:[1517253834470]-[SELECT]-[START]
[2018-01-29T13:23:54.471] [DEBUG] DCC - RID:[1517253834470]-[SELECT]-[QUERY]:[SELECT 
 DISTINCT([SEL].[ID_TIPO_SERVICIO]),
		  [SEL].[TIPO]
 FROM  (
		SELECT [PSXS].[ID_PRESTADOR_SERVICIO]
			  ,[PSXS].[ID_ZONA]
			  ,[PSXS].[ID_SUBZONA]
			  ,[PSXS].[ID_TIPO_SERVICIO]
			  ,[TS].[TIPO]
			  ,[PSXS].[ID_SERVICIO]
		  FROM [SLOAA_TC_PRESTADOR_SERVICIOS_X_SERVICIO] [PSXS]
		  LEFT JOIN [SLOAA_TC_TIPO_SERVICIO] [TS] ON [PSXS].[ID_TIPO_SERVICIO]=[TS].[ID_TIPO_SERVICIO]
		  WHERE 
		  1=1
		  AND [PSXS].[ID_ZONA]=3
  )[SEL] ]
[2018-01-29T13:23:54.484] [INFO] ICC - RID:[1517253834470]-[SELECT]-[END]:[OK]
[2018-01-29T13:23:54.484] [INFO] ICC - RID:[1517253834470]-[REQUEST]-[END]:[/getAllTipoServicio]
[2018-01-29T13:23:56.644] [INFO] ICC - RID:[1517253836644]-[REQUEST]-[START]:[/getAllSubZona]
[2018-01-29T13:23:56.644] [INFO] ICC - RID:[1517253836644]-[SELECT]-[START]
[2018-01-29T13:23:56.644] [DEBUG] DCC - RID:[1517253836644]-[SELECT]-[QUERY]:[SELECT [ID_SUBZONA],[SUBZONA] FROM [SLOAA_TC_SUBZONA] WHERE 1=1 AND [ID_ZONA]=3]
[2018-01-29T13:23:56.662] [INFO] ICC - RID:[1517253836644]-[SELECT]-[END]:[OK]
[2018-01-29T13:23:56.663] [INFO] ICC - RID:[1517253836644]-[REQUEST]-[END]:[/getAllSubZona]
[2018-01-29T13:23:57.921] [INFO] ICC - RID:[1517253837920]-[REQUEST]-[START]:[/getAllServicios]
[2018-01-29T13:23:57.921] [INFO] ICC - RID:[1517253837920]-[SELECT]-[START]
[2018-01-29T13:23:57.921] [DEBUG] DCC - RID:[1517253837920]-[SELECT]-[QUERY]:[SELECT 
 DISTINCT([SEL].[ID_SERVICIO]),
		  [SEL].[NOMBRE_SERVICIO]
 FROM  (
		SELECT [PSXS].[ID_PRESTADOR_SERVICIO]
			  ,[PSXS].[ID_ZONA]
			  ,[PSXS].[ID_SUBZONA]
			  ,[PSXS].[ID_TIPO_SERVICIO]
			  ,[PSXS].[ID_SERVICIO]
			  ,[SERV].[NOMBRE_SERVICIO]
		  FROM [SLOAA_TC_PRESTADOR_SERVICIOS_X_SERVICIO] [PSXS]
		  LEFT JOIN [SLOAA_TC_SERVICIO] [SERV] ON [PSXS].[ID_SERVICIO]=[SERV].[ID_SERVICIO]
		  WHERE 
		  1=1
		  AND [PSXS].[ID_ZONA]=3
		  AND [PSXS].[ID_SUBZONA]=1
		  AND [PSXS].[ID_TIPO_SERVICIO]=1
  )[SEL]]
[2018-01-29T13:23:57.940] [INFO] ICC - RID:[1517253837920]-[SELECT]-[END]:[OK]
[2018-01-29T13:23:57.941] [INFO] ICC - RID:[1517253837920]-[REQUEST]-[END]:[/getAllServicios]
[2018-01-29T13:23:59.371] [INFO] ICC - RID:[1517253839371]-[REQUEST]-[START]:[/getAllProvedores]
[2018-01-29T13:23:59.372] [INFO] ICC - RID:[1517253839371]-[SELECT]-[START]
[2018-01-29T13:23:59.372] [DEBUG] DCC - RID:[1517253839371]-[SELECT]-[QUERY]:[SELECT 
 DISTINCT([SEL].[ID_PRESTADOR_SERVICIO]),
		  [SEL].[NOMBRE]
 FROM  (
		SELECT [PSXS].[ID_PRESTADOR_SERVICIO]
			  ,[PSXS].[ID_ZONA]
			  ,[PSXS].[ID_SUBZONA]
			  ,[PSXS].[ID_TIPO_SERVICIO]
			  ,[PSXS].[ID_SERVICIO]
			  ,[PS].[NOMBRE]
			  ,[PS].[CORREO_ELECTRONICO]
		  FROM [SLOAA_TC_PRESTADOR_SERVICIOS_X_SERVICIO] [PSXS]
		  LEFT JOIN [SLOAA_TC_PRESTADOR_SERVICIOS] [PS] ON [PSXS].[ID_PRESTADOR_SERVICIO]=[PS].[ID_PRESTADOR_SERVICIO]
		  WHERE 
		  1=1
		  AND [PSXS].[ID_ZONA]=3
		  AND [PSXS].[ID_SUBZONA]=1
		  AND [PSXS].[ID_TIPO_SERVICIO]=1
		  AND [PSXS].[ID_SERVICIO]=1001
  )[SEL]]
[2018-01-29T13:23:59.389] [INFO] ICC - RID:[1517253839371]-[SELECT]-[END]:[OK]
[2018-01-29T13:23:59.389] [INFO] ICC - RID:[1517253839371]-[REQUEST]-[END]:[/getAllProvedores]
[2018-01-29T13:24:00.492] [INFO] ICC - RID:[1517253840492]-[REQUEST]-[START]:[/getUnidadYPrecioUnitarioXServicio]
[2018-01-29T13:24:00.493] [INFO] ICC - RID:[1517253840492]-[SELECT]-[START]
[2018-01-29T13:24:00.493] [DEBUG] DCC - RID:[1517253840492]-[SELECT]-[QUERY]:[SELECT [QRY].*,
	  [UNI].[UNIDAD]
	   FROM
(
  SELECT 
      DISTINCT([PU].[ID_UNIDAD]),
	  [PU].[PRECIO_UNITARIO]
  FROM [dbo].[SLOAA_TR_PRECIO_UNITARIO] [PU]
  WHERE 1=1 
  AND [PU].[ID_TIPO_SERVICIO]=1
  AND  [PU].[ID_SERVICIO]=1001
)[QRY]
LEFT JOIN [dbo].[SLOAA_TC_UNIDAD] [UNI] ON [QRY].[ID_UNIDAD]=[UNI].[ID_UNIDAD]]
[2018-01-29T13:24:00.512] [INFO] ICC - RID:[1517253840492]-[SELECT]-[END]:[OK]
[2018-01-29T13:24:00.512] [INFO] ICC - RID:[1517253840492]-[REQUEST]-[END]:[/getUnidadYPrecioUnitarioXServicio]
[2018-01-29T13:25:17.445] [INFO] ICC - RID:[1517253917444]-[REQUEST]-[START]:[/defaultSelect]
[2018-01-29T13:25:17.445] [INFO] ICC - RID:[1517253917444]-[SELECT]-[START]
[2018-01-29T13:25:17.445] [DEBUG] DCC - RID:[1517253917444]-[SELECT]-[QUERY]:[SELECT [CRED].[ID_CREDENCIAL]
      ,[CRED].[NOMBRE]
      ,[CRED].[USUARIO_NOMBRE]
      ,[CRED].[ID_AUTORIDAD]
	  ,[AUTH].[NOMBRE_AUTORIDAD]
	  ,[AUTH].[ID_ZONA]
         ,[CRED].[ID_ROL]
	  ,[ROL].[NOMBRE_ROL]
	  ,[ROL].[PRIVILEGIOS]
      ,[CRED].[ID_CREDENCIAL_SUPERIOR]
  FROM [dbo].[SLOAA_TR_CREDENCIAL] [CRED]
  LEFT JOIN  [dbo].[SLOAA_TC_AUTORIDAD] [AUTH] ON [CRED].[ID_AUTORIDAD]=[AUTH].[ID_AUTORIDAD]
  LEFT JOIN  [dbo].[SLOAA_TS_ROL] [ROL] ON [CRED].[ID_ROL]=[ROL].[ID_ROL]
  
  WHERE 
	            [CRED].[USUARIO_NOMBRE]='carlos.palacios'
		AND [CRED].[USUARIO_PASSWORD]='12345']
[2018-01-29T13:25:17.465] [INFO] ICC - RID:[1517253917444]-[SELECT]-[END]:[OK]
[2018-01-29T13:25:17.466] [INFO] ICC - RID:[1517253917444]-[REQUEST]-[END]:[/defaultSelect]
[2018-01-29T13:25:17.715] [INFO] ICC - RID:[1517253917715]-[REQUEST]-[START]:[/getAllOrdenServicio]
[2018-01-29T13:25:17.716] [INFO] ICC - RID:[1517253917715]-[SELECT]-[START]
[2018-01-29T13:25:17.716] [DEBUG] DCC - RID:[1517253917715]-[SELECT]-[QUERY]:[SELECT  
	    [ORD].[ID_ORDEN_SERVICIO]
      ,[ORD].[NUM_ORDEN]
      ,[ORD].[FECHA_SOLICITUD]
      ,[ORD].[DOMICILIO]
      ,[ORD].[FIRMA1_USER1]
      ,[ORD].[FIRMA1_USER2]
      ,[ORD].[FIRMA2_USER1]
      ,[ORD].[FIRMA2_USER2]
      ,[ORD].[ID_STATUS]
      ,[ORD].[METAINFO_FECHA_CREACION]
      ,[ORD].[METAINFO_IP]
      ,[ORD].[METAINFO_MAC_ADRR]
      ,[ORD].[LLAVE_SISTEMA]
      ,[ORD].[CIERRE_TOTAL]
	  
	   ,[CRED].[ID_CREDENCIAL]
      ,[CRED].[NOMBRE]
      ,[CRED].[CARGO]
      ,[CRED].[TELEFONO]
      ,[CRED].[EXT]
      ,[CRED].[EMAIL]
      ,[CRED].[PTT]
      ,[CRED].[MOVIL]
      ,[CRED].[USUARIO_NOMBRE]
      ,[CRED].[USUARIO_PASSWORD]
      ,[CRED].[ID_ROL]
      ,[CRED].[ID_CREDENCIAL_SUPERIOR]

	   ,[AUTH].[ID_AUTORIDAD]
      ,[AUTH].[NOMBRE_AUTORIDAD]
      ,[AUTH].[ESTADO]
      ,[AUTH].[NIVEL]
      ,[AUTH].[SERVICIO]
      ,[AUTH].[ID_ZONA] 
         FROM 
  [SLOAA_TR_ORDEN_SERVICIO] [ORD]
 LEFT JOIN [SLOAA_TR_CREDENCIAL] [CRED] ON  [CRED].[ID_CREDENCIAL]=[ORD].[ID_CREDENCIAL]
 LEFT JOIN [SLOAA_TC_AUTORIDAD] [AUTH] ON  [AUTH].[ID_AUTORIDAD]=[CRED].[ID_AUTORIDAD]
  WHERE
  1=1
 ]
[2018-01-29T13:25:17.746] [INFO] ICC - RID:[1517253917715]-[SELECT]-[END]:[OK]
[2018-01-29T13:25:17.746] [INFO] ICC - RID:[1517253917715]-[REQUEST]-[END]:[/getAllOrdenServicio]
[2018-01-29T13:25:19.266] [INFO] ICC - RID:[1517253919266]-[REQUEST]-[START]:[/getAllCotizacionXOrden]
[2018-01-29T13:25:19.266] [DEBUG] DCC - {"missing":[{"requiredFieldName":"idOrdenServicio","requiredFieldType":"string"}],"extra":[{"inputFieldName":"_dc","inputFieldType":"string"},{"inputFieldName":"uno","inputFieldType":"string"},{"inputFieldName":"page","inputFieldType":"string"},{"inputFieldName":"start","inputFieldType":"string"},{"inputFieldName":"limit","inputFieldType":"string"},{"inputFieldName":"callback","inputFieldType":"string"}]}
[2018-01-29T13:25:19.266] [ERROR] ECC - RID:[1517253919266]-[REQUEST]-[ERROR]:[Input parameter problem.]:[/getAllCotizacionXOrden]
[2018-01-29T13:25:19.282] [INFO] ICC - RID:[1517253919282]-[REQUEST]-[START]:[/getAllCotizacionXOrden]
[2018-01-29T13:25:19.283] [DEBUG] DCC - {"missing":[{"requiredFieldName":"idOrdenServicio","requiredFieldType":"string"}],"extra":[{"inputFieldName":"_dc","inputFieldType":"string"},{"inputFieldName":"uno","inputFieldType":"string"},{"inputFieldName":"page","inputFieldType":"string"},{"inputFieldName":"start","inputFieldType":"string"},{"inputFieldName":"limit","inputFieldType":"string"},{"inputFieldName":"callback","inputFieldType":"string"}]}
[2018-01-29T13:25:19.283] [ERROR] ECC - RID:[1517253919282]-[REQUEST]-[ERROR]:[Input parameter problem.]:[/getAllCotizacionXOrden]
[2018-01-29T13:25:20.948] [INFO] ICC - RID:[1517253920948]-[REQUEST]-[START]:[/getAllTipoServicio]
[2018-01-29T13:25:20.949] [INFO] ICC - RID:[1517253920948]-[SELECT]-[START]
[2018-01-29T13:25:20.949] [DEBUG] DCC - RID:[1517253920948]-[SELECT]-[QUERY]:[SELECT 
 DISTINCT([SEL].[ID_TIPO_SERVICIO]),
		  [SEL].[TIPO]
 FROM  (
		SELECT [PSXS].[ID_PRESTADOR_SERVICIO]
			  ,[PSXS].[ID_ZONA]
			  ,[PSXS].[ID_SUBZONA]
			  ,[PSXS].[ID_TIPO_SERVICIO]
			  ,[TS].[TIPO]
			  ,[PSXS].[ID_SERVICIO]
		  FROM [SLOAA_TC_PRESTADOR_SERVICIOS_X_SERVICIO] [PSXS]
		  LEFT JOIN [SLOAA_TC_TIPO_SERVICIO] [TS] ON [PSXS].[ID_TIPO_SERVICIO]=[TS].[ID_TIPO_SERVICIO]
		  WHERE 
		  1=1
		  AND [PSXS].[ID_ZONA]=3
  )[SEL] ]
[2018-01-29T13:25:20.967] [INFO] ICC - RID:[1517253920948]-[SELECT]-[END]:[OK]
[2018-01-29T13:25:20.967] [INFO] ICC - RID:[1517253920948]-[REQUEST]-[END]:[/getAllTipoServicio]
[2018-01-29T13:25:21.782] [INFO] ICC - RID:[1517253921782]-[REQUEST]-[START]:[/getAllSubZona]
[2018-01-29T13:25:21.782] [INFO] ICC - RID:[1517253921782]-[SELECT]-[START]
[2018-01-29T13:25:21.782] [DEBUG] DCC - RID:[1517253921782]-[SELECT]-[QUERY]:[SELECT [ID_SUBZONA],[SUBZONA] FROM [SLOAA_TC_SUBZONA] WHERE 1=1 AND [ID_ZONA]=3]
[2018-01-29T13:25:21.801] [INFO] ICC - RID:[1517253921782]-[SELECT]-[END]:[OK]
[2018-01-29T13:25:21.802] [INFO] ICC - RID:[1517253921782]-[REQUEST]-[END]:[/getAllSubZona]
[2018-01-29T13:25:23.682] [INFO] ICC - RID:[1517253923682]-[REQUEST]-[START]:[/getAllServicios]
[2018-01-29T13:25:23.683] [INFO] ICC - RID:[1517253923682]-[SELECT]-[START]
[2018-01-29T13:25:23.683] [DEBUG] DCC - RID:[1517253923682]-[SELECT]-[QUERY]:[SELECT 
 DISTINCT([SEL].[ID_SERVICIO]),
		  [SEL].[NOMBRE_SERVICIO]
 FROM  (
		SELECT [PSXS].[ID_PRESTADOR_SERVICIO]
			  ,[PSXS].[ID_ZONA]
			  ,[PSXS].[ID_SUBZONA]
			  ,[PSXS].[ID_TIPO_SERVICIO]
			  ,[PSXS].[ID_SERVICIO]
			  ,[SERV].[NOMBRE_SERVICIO]
		  FROM [SLOAA_TC_PRESTADOR_SERVICIOS_X_SERVICIO] [PSXS]
		  LEFT JOIN [SLOAA_TC_SERVICIO] [SERV] ON [PSXS].[ID_SERVICIO]=[SERV].[ID_SERVICIO]
		  WHERE 
		  1=1
		  AND [PSXS].[ID_ZONA]=3
		  AND [PSXS].[ID_SUBZONA]=1
		  AND [PSXS].[ID_TIPO_SERVICIO]=1
  )[SEL]]
[2018-01-29T13:25:23.701] [INFO] ICC - RID:[1517253923682]-[SELECT]-[END]:[OK]
[2018-01-29T13:25:23.701] [INFO] ICC - RID:[1517253923682]-[REQUEST]-[END]:[/getAllServicios]
[2018-01-29T13:25:25.486] [INFO] ICC - RID:[1517253925486]-[REQUEST]-[START]:[/getAllProvedores]
[2018-01-29T13:25:25.486] [INFO] ICC - RID:[1517253925486]-[SELECT]-[START]
[2018-01-29T13:25:25.486] [DEBUG] DCC - RID:[1517253925486]-[SELECT]-[QUERY]:[SELECT 
 DISTINCT([SEL].[ID_PRESTADOR_SERVICIO]),
		  [SEL].[NOMBRE]
 FROM  (
		SELECT [PSXS].[ID_PRESTADOR_SERVICIO]
			  ,[PSXS].[ID_ZONA]
			  ,[PSXS].[ID_SUBZONA]
			  ,[PSXS].[ID_TIPO_SERVICIO]
			  ,[PSXS].[ID_SERVICIO]
			  ,[PS].[NOMBRE]
			  ,[PS].[CORREO_ELECTRONICO]
		  FROM [SLOAA_TC_PRESTADOR_SERVICIOS_X_SERVICIO] [PSXS]
		  LEFT JOIN [SLOAA_TC_PRESTADOR_SERVICIOS] [PS] ON [PSXS].[ID_PRESTADOR_SERVICIO]=[PS].[ID_PRESTADOR_SERVICIO]
		  WHERE 
		  1=1
		  AND [PSXS].[ID_ZONA]=3
		  AND [PSXS].[ID_SUBZONA]=1
		  AND [PSXS].[ID_TIPO_SERVICIO]=1
		  AND [PSXS].[ID_SERVICIO]=1001
  )[SEL]]
[2018-01-29T13:25:25.503] [INFO] ICC - RID:[1517253925486]-[SELECT]-[END]:[OK]
[2018-01-29T13:25:25.503] [INFO] ICC - RID:[1517253925486]-[REQUEST]-[END]:[/getAllProvedores]
[2018-01-29T13:25:26.633] [INFO] ICC - RID:[1517253926633]-[REQUEST]-[START]:[/getUnidadYPrecioUnitarioXServicio]
[2018-01-29T13:25:26.634] [INFO] ICC - RID:[1517253926633]-[SELECT]-[START]
[2018-01-29T13:25:26.634] [DEBUG] DCC - RID:[1517253926633]-[SELECT]-[QUERY]:[SELECT [QRY].*,
	  [UNI].[UNIDAD]
	   FROM
(
  SELECT 
      DISTINCT([PU].[ID_UNIDAD]),
	  [PU].[PRECIO_UNITARIO]
  FROM [dbo].[SLOAA_TR_PRECIO_UNITARIO] [PU]
  WHERE 1=1 
  AND [PU].[ID_TIPO_SERVICIO]=1
  AND  [PU].[ID_SERVICIO]=1001
)[QRY]
LEFT JOIN [dbo].[SLOAA_TC_UNIDAD] [UNI] ON [QRY].[ID_UNIDAD]=[UNI].[ID_UNIDAD]]
[2018-01-29T13:25:26.654] [INFO] ICC - RID:[1517253926633]-[SELECT]-[END]:[OK]
[2018-01-29T13:25:26.655] [INFO] ICC - RID:[1517253926633]-[REQUEST]-[END]:[/getUnidadYPrecioUnitarioXServicio]
[2018-01-29T13:27:03.311] [INFO] ICC - RID:[1517254023311]-[REQUEST]-[START]:[/defaultSelect]
[2018-01-29T13:27:03.312] [INFO] ICC - RID:[1517254023311]-[SELECT]-[START]
[2018-01-29T13:27:03.312] [DEBUG] DCC - RID:[1517254023311]-[SELECT]-[QUERY]:[SELECT [CRED].[ID_CREDENCIAL]
      ,[CRED].[NOMBRE]
      ,[CRED].[USUARIO_NOMBRE]
      ,[CRED].[ID_AUTORIDAD]
	  ,[AUTH].[NOMBRE_AUTORIDAD]
	  ,[AUTH].[ID_ZONA]
         ,[CRED].[ID_ROL]
	  ,[ROL].[NOMBRE_ROL]
	  ,[ROL].[PRIVILEGIOS]
      ,[CRED].[ID_CREDENCIAL_SUPERIOR]
  FROM [dbo].[SLOAA_TR_CREDENCIAL] [CRED]
  LEFT JOIN  [dbo].[SLOAA_TC_AUTORIDAD] [AUTH] ON [CRED].[ID_AUTORIDAD]=[AUTH].[ID_AUTORIDAD]
  LEFT JOIN  [dbo].[SLOAA_TS_ROL] [ROL] ON [CRED].[ID_ROL]=[ROL].[ID_ROL]
  
  WHERE 
	            [CRED].[USUARIO_NOMBRE]='carlos.palacios'
		AND [CRED].[USUARIO_PASSWORD]='12345']
[2018-01-29T13:27:03.333] [INFO] ICC - RID:[1517254023311]-[SELECT]-[END]:[OK]
[2018-01-29T13:27:03.333] [INFO] ICC - RID:[1517254023311]-[REQUEST]-[END]:[/defaultSelect]
[2018-01-29T13:27:03.702] [INFO] ICC - RID:[1517254023702]-[REQUEST]-[START]:[/getAllOrdenServicio]
[2018-01-29T13:27:03.702] [INFO] ICC - RID:[1517254023702]-[SELECT]-[START]
[2018-01-29T13:27:03.702] [DEBUG] DCC - RID:[1517254023702]-[SELECT]-[QUERY]:[SELECT  
	    [ORD].[ID_ORDEN_SERVICIO]
      ,[ORD].[NUM_ORDEN]
      ,[ORD].[FECHA_SOLICITUD]
      ,[ORD].[DOMICILIO]
      ,[ORD].[FIRMA1_USER1]
      ,[ORD].[FIRMA1_USER2]
      ,[ORD].[FIRMA2_USER1]
      ,[ORD].[FIRMA2_USER2]
      ,[ORD].[ID_STATUS]
      ,[ORD].[METAINFO_FECHA_CREACION]
      ,[ORD].[METAINFO_IP]
      ,[ORD].[METAINFO_MAC_ADRR]
      ,[ORD].[LLAVE_SISTEMA]
      ,[ORD].[CIERRE_TOTAL]
	  
	   ,[CRED].[ID_CREDENCIAL]
      ,[CRED].[NOMBRE]
      ,[CRED].[CARGO]
      ,[CRED].[TELEFONO]
      ,[CRED].[EXT]
      ,[CRED].[EMAIL]
      ,[CRED].[PTT]
      ,[CRED].[MOVIL]
      ,[CRED].[USUARIO_NOMBRE]
      ,[CRED].[USUARIO_PASSWORD]
      ,[CRED].[ID_ROL]
      ,[CRED].[ID_CREDENCIAL_SUPERIOR]

	   ,[AUTH].[ID_AUTORIDAD]
      ,[AUTH].[NOMBRE_AUTORIDAD]
      ,[AUTH].[ESTADO]
      ,[AUTH].[NIVEL]
      ,[AUTH].[SERVICIO]
      ,[AUTH].[ID_ZONA] 
         FROM 
  [SLOAA_TR_ORDEN_SERVICIO] [ORD]
 LEFT JOIN [SLOAA_TR_CREDENCIAL] [CRED] ON  [CRED].[ID_CREDENCIAL]=[ORD].[ID_CREDENCIAL]
 LEFT JOIN [SLOAA_TC_AUTORIDAD] [AUTH] ON  [AUTH].[ID_AUTORIDAD]=[CRED].[ID_AUTORIDAD]
  WHERE
  1=1
 ]
[2018-01-29T13:27:03.728] [INFO] ICC - RID:[1517254023702]-[SELECT]-[END]:[OK]
[2018-01-29T13:27:03.729] [INFO] ICC - RID:[1517254023702]-[REQUEST]-[END]:[/getAllOrdenServicio]
[2018-01-29T13:27:05.037] [INFO] ICC - RID:[1517254025037]-[REQUEST]-[START]:[/getAllCotizacionXOrden]
[2018-01-29T13:27:05.037] [DEBUG] DCC - {"missing":[{"requiredFieldName":"idOrdenServicio","requiredFieldType":"string"}],"extra":[{"inputFieldName":"_dc","inputFieldType":"string"},{"inputFieldName":"uno","inputFieldType":"string"},{"inputFieldName":"page","inputFieldType":"string"},{"inputFieldName":"start","inputFieldType":"string"},{"inputFieldName":"limit","inputFieldType":"string"},{"inputFieldName":"callback","inputFieldType":"string"}]}
[2018-01-29T13:27:05.037] [ERROR] ECC - RID:[1517254025037]-[REQUEST]-[ERROR]:[Input parameter problem.]:[/getAllCotizacionXOrden]
[2018-01-29T13:27:05.051] [INFO] ICC - RID:[1517254025051]-[REQUEST]-[START]:[/getAllCotizacionXOrden]
[2018-01-29T13:27:05.051] [DEBUG] DCC - {"missing":[{"requiredFieldName":"idOrdenServicio","requiredFieldType":"string"}],"extra":[{"inputFieldName":"_dc","inputFieldType":"string"},{"inputFieldName":"uno","inputFieldType":"string"},{"inputFieldName":"page","inputFieldType":"string"},{"inputFieldName":"start","inputFieldType":"string"},{"inputFieldName":"limit","inputFieldType":"string"},{"inputFieldName":"callback","inputFieldType":"string"}]}
[2018-01-29T13:27:05.051] [ERROR] ECC - RID:[1517254025051]-[REQUEST]-[ERROR]:[Input parameter problem.]:[/getAllCotizacionXOrden]
[2018-01-29T13:27:07.830] [INFO] ICC - RID:[1517254027830]-[REQUEST]-[START]:[/getAllTipoServicio]
[2018-01-29T13:27:07.830] [INFO] ICC - RID:[1517254027830]-[SELECT]-[START]
[2018-01-29T13:27:07.830] [DEBUG] DCC - RID:[1517254027830]-[SELECT]-[QUERY]:[SELECT 
 DISTINCT([SEL].[ID_TIPO_SERVICIO]),
		  [SEL].[TIPO]
 FROM  (
		SELECT [PSXS].[ID_PRESTADOR_SERVICIO]
			  ,[PSXS].[ID_ZONA]
			  ,[PSXS].[ID_SUBZONA]
			  ,[PSXS].[ID_TIPO_SERVICIO]
			  ,[TS].[TIPO]
			  ,[PSXS].[ID_SERVICIO]
		  FROM [SLOAA_TC_PRESTADOR_SERVICIOS_X_SERVICIO] [PSXS]
		  LEFT JOIN [SLOAA_TC_TIPO_SERVICIO] [TS] ON [PSXS].[ID_TIPO_SERVICIO]=[TS].[ID_TIPO_SERVICIO]
		  WHERE 
		  1=1
		  AND [PSXS].[ID_ZONA]=3
  )[SEL] ]
[2018-01-29T13:27:07.850] [INFO] ICC - RID:[1517254027830]-[SELECT]-[END]:[OK]
[2018-01-29T13:27:07.850] [INFO] ICC - RID:[1517254027830]-[REQUEST]-[END]:[/getAllTipoServicio]
[2018-01-29T13:27:09.596] [INFO] ICC - RID:[1517254029596]-[REQUEST]-[START]:[/getAllSubZona]
[2018-01-29T13:27:09.597] [INFO] ICC - RID:[1517254029596]-[SELECT]-[START]
[2018-01-29T13:27:09.597] [DEBUG] DCC - RID:[1517254029596]-[SELECT]-[QUERY]:[SELECT [ID_SUBZONA],[SUBZONA] FROM [SLOAA_TC_SUBZONA] WHERE 1=1 AND [ID_ZONA]=3]
[2018-01-29T13:27:09.621] [INFO] ICC - RID:[1517254029596]-[SELECT]-[END]:[OK]
[2018-01-29T13:27:09.621] [INFO] ICC - RID:[1517254029596]-[REQUEST]-[END]:[/getAllSubZona]
[2018-01-29T13:27:15.609] [INFO] ICC - RID:[1517254035609]-[REQUEST]-[START]:[/defaultSelect]
[2018-01-29T13:27:15.609] [INFO] ICC - RID:[1517254035609]-[SELECT]-[START]
[2018-01-29T13:27:15.609] [DEBUG] DCC - RID:[1517254035609]-[SELECT]-[QUERY]:[SELECT [CRED].[ID_CREDENCIAL]
      ,[CRED].[NOMBRE]
      ,[CRED].[USUARIO_NOMBRE]
      ,[CRED].[ID_AUTORIDAD]
	  ,[AUTH].[NOMBRE_AUTORIDAD]
	  ,[AUTH].[ID_ZONA]
         ,[CRED].[ID_ROL]
	  ,[ROL].[NOMBRE_ROL]
	  ,[ROL].[PRIVILEGIOS]
      ,[CRED].[ID_CREDENCIAL_SUPERIOR]
  FROM [dbo].[SLOAA_TR_CREDENCIAL] [CRED]
  LEFT JOIN  [dbo].[SLOAA_TC_AUTORIDAD] [AUTH] ON [CRED].[ID_AUTORIDAD]=[AUTH].[ID_AUTORIDAD]
  LEFT JOIN  [dbo].[SLOAA_TS_ROL] [ROL] ON [CRED].[ID_ROL]=[ROL].[ID_ROL]
  
  WHERE 
	            [CRED].[USUARIO_NOMBRE]='carlos.palacios'
		AND [CRED].[USUARIO_PASSWORD]='12345']
[2018-01-29T13:27:15.632] [INFO] ICC - RID:[1517254035609]-[SELECT]-[END]:[OK]
[2018-01-29T13:27:15.632] [INFO] ICC - RID:[1517254035609]-[REQUEST]-[END]:[/defaultSelect]
[2018-01-29T13:27:21.425] [INFO] ICC - RID:[1517254041425]-[REQUEST]-[START]:[/getAllOrdenServicio]
[2018-01-29T13:27:21.425] [INFO] ICC - RID:[1517254041425]-[SELECT]-[START]
[2018-01-29T13:27:21.426] [DEBUG] DCC - RID:[1517254041425]-[SELECT]-[QUERY]:[SELECT  
	    [ORD].[ID_ORDEN_SERVICIO]
      ,[ORD].[NUM_ORDEN]
      ,[ORD].[FECHA_SOLICITUD]
      ,[ORD].[DOMICILIO]
      ,[ORD].[FIRMA1_USER1]
      ,[ORD].[FIRMA1_USER2]
      ,[ORD].[FIRMA2_USER1]
      ,[ORD].[FIRMA2_USER2]
      ,[ORD].[ID_STATUS]
      ,[ORD].[METAINFO_FECHA_CREACION]
      ,[ORD].[METAINFO_IP]
      ,[ORD].[METAINFO_MAC_ADRR]
      ,[ORD].[LLAVE_SISTEMA]
      ,[ORD].[CIERRE_TOTAL]
	  
	   ,[CRED].[ID_CREDENCIAL]
      ,[CRED].[NOMBRE]
      ,[CRED].[CARGO]
      ,[CRED].[TELEFONO]
      ,[CRED].[EXT]
      ,[CRED].[EMAIL]
      ,[CRED].[PTT]
      ,[CRED].[MOVIL]
      ,[CRED].[USUARIO_NOMBRE]
      ,[CRED].[USUARIO_PASSWORD]
      ,[CRED].[ID_ROL]
      ,[CRED].[ID_CREDENCIAL_SUPERIOR]

	   ,[AUTH].[ID_AUTORIDAD]
      ,[AUTH].[NOMBRE_AUTORIDAD]
      ,[AUTH].[ESTADO]
      ,[AUTH].[NIVEL]
      ,[AUTH].[SERVICIO]
      ,[AUTH].[ID_ZONA] 
         FROM 
  [SLOAA_TR_ORDEN_SERVICIO] [ORD]
 LEFT JOIN [SLOAA_TR_CREDENCIAL] [CRED] ON  [CRED].[ID_CREDENCIAL]=[ORD].[ID_CREDENCIAL]
 LEFT JOIN [SLOAA_TC_AUTORIDAD] [AUTH] ON  [AUTH].[ID_AUTORIDAD]=[CRED].[ID_AUTORIDAD]
  WHERE
  1=1
 ]
[2018-01-29T13:27:21.451] [INFO] ICC - RID:[1517254041425]-[SELECT]-[END]:[OK]
[2018-01-29T13:27:21.452] [INFO] ICC - RID:[1517254041425]-[REQUEST]-[END]:[/getAllOrdenServicio]
[2018-01-29T13:27:23.649] [INFO] ICC - RID:[1517254043649]-[REQUEST]-[START]:[/defaultSelect]
[2018-01-29T13:27:23.649] [INFO] ICC - RID:[1517254043649]-[SELECT]-[START]
[2018-01-29T13:27:23.649] [DEBUG] DCC - RID:[1517254043649]-[SELECT]-[QUERY]:[SELECT [CRED].[ID_CREDENCIAL]
      ,[CRED].[NOMBRE]
      ,[CRED].[USUARIO_NOMBRE]
      ,[CRED].[ID_AUTORIDAD]
	  ,[AUTH].[NOMBRE_AUTORIDAD]
	  ,[AUTH].[ID_ZONA]
         ,[CRED].[ID_ROL]
	  ,[ROL].[NOMBRE_ROL]
	  ,[ROL].[PRIVILEGIOS]
      ,[CRED].[ID_CREDENCIAL_SUPERIOR]
  FROM [dbo].[SLOAA_TR_CREDENCIAL] [CRED]
  LEFT JOIN  [dbo].[SLOAA_TC_AUTORIDAD] [AUTH] ON [CRED].[ID_AUTORIDAD]=[AUTH].[ID_AUTORIDAD]
  LEFT JOIN  [dbo].[SLOAA_TS_ROL] [ROL] ON [CRED].[ID_ROL]=[ROL].[ID_ROL]
  
  WHERE 
	            [CRED].[USUARIO_NOMBRE]='carlos.palacios'
		AND [CRED].[USUARIO_PASSWORD]='12345']
[2018-01-29T13:27:23.668] [INFO] ICC - RID:[1517254043649]-[SELECT]-[END]:[OK]
[2018-01-29T13:27:23.668] [INFO] ICC - RID:[1517254043649]-[REQUEST]-[END]:[/defaultSelect]
[2018-01-29T13:27:23.847] [INFO] ICC - RID:[1517254043847]-[REQUEST]-[START]:[/getAllOrdenServicio]
[2018-01-29T13:27:23.847] [INFO] ICC - RID:[1517254043847]-[SELECT]-[START]
[2018-01-29T13:27:23.847] [DEBUG] DCC - RID:[1517254043847]-[SELECT]-[QUERY]:[SELECT  
	    [ORD].[ID_ORDEN_SERVICIO]
      ,[ORD].[NUM_ORDEN]
      ,[ORD].[FECHA_SOLICITUD]
      ,[ORD].[DOMICILIO]
      ,[ORD].[FIRMA1_USER1]
      ,[ORD].[FIRMA1_USER2]
      ,[ORD].[FIRMA2_USER1]
      ,[ORD].[FIRMA2_USER2]
      ,[ORD].[ID_STATUS]
      ,[ORD].[METAINFO_FECHA_CREACION]
      ,[ORD].[METAINFO_IP]
      ,[ORD].[METAINFO_MAC_ADRR]
      ,[ORD].[LLAVE_SISTEMA]
      ,[ORD].[CIERRE_TOTAL]
	  
	   ,[CRED].[ID_CREDENCIAL]
      ,[CRED].[NOMBRE]
      ,[CRED].[CARGO]
      ,[CRED].[TELEFONO]
      ,[CRED].[EXT]
      ,[CRED].[EMAIL]
      ,[CRED].[PTT]
      ,[CRED].[MOVIL]
      ,[CRED].[USUARIO_NOMBRE]
      ,[CRED].[USUARIO_PASSWORD]
      ,[CRED].[ID_ROL]
      ,[CRED].[ID_CREDENCIAL_SUPERIOR]

	   ,[AUTH].[ID_AUTORIDAD]
      ,[AUTH].[NOMBRE_AUTORIDAD]
      ,[AUTH].[ESTADO]
      ,[AUTH].[NIVEL]
      ,[AUTH].[SERVICIO]
      ,[AUTH].[ID_ZONA] 
         FROM 
  [SLOAA_TR_ORDEN_SERVICIO] [ORD]
 LEFT JOIN [SLOAA_TR_CREDENCIAL] [CRED] ON  [CRED].[ID_CREDENCIAL]=[ORD].[ID_CREDENCIAL]
 LEFT JOIN [SLOAA_TC_AUTORIDAD] [AUTH] ON  [AUTH].[ID_AUTORIDAD]=[CRED].[ID_AUTORIDAD]
  WHERE
  1=1
 ]
[2018-01-29T13:27:23.873] [INFO] ICC - RID:[1517254043847]-[SELECT]-[END]:[OK]
[2018-01-29T13:27:23.874] [INFO] ICC - RID:[1517254043847]-[REQUEST]-[END]:[/getAllOrdenServicio]
[2018-01-29T13:27:24.734] [INFO] ICC - RID:[1517254044734]-[REQUEST]-[START]:[/getAllCotizacionXOrden]
[2018-01-29T13:27:24.734] [DEBUG] DCC - {"missing":[{"requiredFieldName":"idOrdenServicio","requiredFieldType":"string"}],"extra":[{"inputFieldName":"_dc","inputFieldType":"string"},{"inputFieldName":"uno","inputFieldType":"string"},{"inputFieldName":"page","inputFieldType":"string"},{"inputFieldName":"start","inputFieldType":"string"},{"inputFieldName":"limit","inputFieldType":"string"},{"inputFieldName":"callback","inputFieldType":"string"}]}
[2018-01-29T13:27:24.734] [ERROR] ECC - RID:[1517254044734]-[REQUEST]-[ERROR]:[Input parameter problem.]:[/getAllCotizacionXOrden]
[2018-01-29T13:27:24.750] [INFO] ICC - RID:[1517254044750]-[REQUEST]-[START]:[/getAllCotizacionXOrden]
[2018-01-29T13:27:24.750] [DEBUG] DCC - {"missing":[{"requiredFieldName":"idOrdenServicio","requiredFieldType":"string"}],"extra":[{"inputFieldName":"_dc","inputFieldType":"string"},{"inputFieldName":"uno","inputFieldType":"string"},{"inputFieldName":"page","inputFieldType":"string"},{"inputFieldName":"start","inputFieldType":"string"},{"inputFieldName":"limit","inputFieldType":"string"},{"inputFieldName":"callback","inputFieldType":"string"}]}
[2018-01-29T13:27:24.751] [ERROR] ECC - RID:[1517254044750]-[REQUEST]-[ERROR]:[Input parameter problem.]:[/getAllCotizacionXOrden]
[2018-01-29T13:27:29.737] [INFO] ICC - RID:[1517254049737]-[REQUEST]-[START]:[/createOrdenServicio]
[2018-01-29T13:27:29.737] [INFO] ICC - RID:[1517254049737]-[SELECT]-[START]
[2018-01-29T13:27:29.738] [DEBUG] DCC - RID:[1517254049737]-[SELECT]-[QUERY]:[SELECT [ID_AUTORIDAD]
      ,[NOMBRE_AUTORIDAD]
      ,[ESTADO]
      ,[NIVEL]
      ,[SERVICIO]
      ,[ID_ZONA]
  FROM [SOA_db].[dbo].[SLOAA_TC_AUTORIDAD]
  WHERE  [ID_AUTORIDAD]=1]
[2018-01-29T13:27:29.755] [INFO] ICC - RID:[1517254049737]-[SELECT]-[END]:[OK]
[2018-01-29T13:27:29.755] [INFO] ICC - RID:[1517254049737]-[SELECT]-[START]
[2018-01-29T13:27:29.755] [DEBUG] DCC - RID:[1517254049737]-[SELECT]-[QUERY]:[SELECT
	CASE
	WHEN  MAX([ORD].[NUM_ORDEN]) IS NULL THEN 1
	ELSE MAX([ORD].[NUM_ORDEN])+1
	END  NEW_ORDEN
      
  FROM [dbo].[SLOAA_TR_ORDEN_SERVICIO] [ORD]
  LEFT JOIN [dbo].[SLOAA_TR_CREDENCIAL] [CRED] ON [ORD].[ID_CREDENCIAL]=[CRED].[ID_CREDENCIAL]
  WHERE
  1=1
	AND YEAR([ORD].[METAINFO_FECHA_CREACION])= YEAR(GetDate()) 
	AND [CRED].[ID_AUTORIDAD]=1]
[2018-01-29T13:27:29.809] [INFO] ICC - RID:[1517254049737]-[SELECT]-[END]:[OK]
[2018-01-29T13:27:29.811] [INFO] ICC - RID:[1517254049737]-[FREE-DML]-[START]
[2018-01-29T13:27:29.811] [DEBUG] DCC - RID:[1517254049737]-[FREE-DML]-[DML]:[INSERT INTO [dbo].[SLOAA_TR_ORDEN_SERVICIO]
  (
		
       [ORD].[NUM_ORDEN]
      ,[ORD].[FECHA_SOLICITUD]
      ,[ORD].[ID_CREDENCIAL]
      ,[ORD].[DOMICILIO]
      ,[ORD].[ID_STATUS]
      ,[ORD].[METAINFO_FECHA_CREACION]
      ,[ORD].[METAINFO_IP]
      ,[ORD].[METAINFO_MAC_ADRR]
      ,[ORD].[LLAVE_SISTEMA]
	  )
	  VALUES
	  (
	    42,
		'2018-01-29T19:27:00.000Z',
		1,
		'test',
		1,
		'2018-01-29T19:27:29.737Z',
		'::1',
		' ????????',
		'TNRS-Acapulco -SRyS Acapulco -2018-42'
	  )]
[2018-01-29T13:27:29.847] [INFO] ICC - RID:[1517254049737]-[FREE-DML]-[END]:[OK]
[2018-01-29T13:27:29.847] [INFO] ICC - RID:[1517254049737]-[SELECT]-[START]
[2018-01-29T13:27:29.847] [DEBUG] DCC - RID:[1517254049737]-[SELECT]-[QUERY]:[SELECT 
       [ID_ORDEN_SERVICIO]
      ,[NUM_ORDEN]
      ,[FECHA_SOLICITUD]
      ,[ID_CREDENCIAL]
      ,[DOMICILIO]
      ,[FIRMA1_USER1]
      ,[FIRMA1_USER2]
      ,[FIRMA2_USER1]
      ,[FIRMA2_USER2]
      ,[ID_STATUS]
      ,[METAINFO_FECHA_CREACION]
      ,[METAINFO_IP]
      ,[METAINFO_MAC_ADRR]
      ,[LLAVE_SISTEMA]
  FROM [SOA_db].[dbo].[SLOAA_TR_ORDEN_SERVICIO]
  WHERE [METAINFO_FECHA_CREACION]='2018-01-29T19:27:29.737Z']
[2018-01-29T13:27:29.906] [INFO] ICC - RID:[1517254049737]-[SELECT]-[END]:[OK]
[2018-01-29T13:27:29.907] [INFO] ICC - RID:[1517254049737]-[REQUEST]-[END]:[/createOrdenServicio]
[2018-01-29T13:27:30.966] [INFO] ICC - RID:[1517254050966]-[REQUEST]-[START]:[/getAllTipoServicio]
[2018-01-29T13:27:30.966] [INFO] ICC - RID:[1517254050966]-[SELECT]-[START]
[2018-01-29T13:27:30.966] [DEBUG] DCC - RID:[1517254050966]-[SELECT]-[QUERY]:[SELECT 
 DISTINCT([SEL].[ID_TIPO_SERVICIO]),
		  [SEL].[TIPO]
 FROM  (
		SELECT [PSXS].[ID_PRESTADOR_SERVICIO]
			  ,[PSXS].[ID_ZONA]
			  ,[PSXS].[ID_SUBZONA]
			  ,[PSXS].[ID_TIPO_SERVICIO]
			  ,[TS].[TIPO]
			  ,[PSXS].[ID_SERVICIO]
		  FROM [SLOAA_TC_PRESTADOR_SERVICIOS_X_SERVICIO] [PSXS]
		  LEFT JOIN [SLOAA_TC_TIPO_SERVICIO] [TS] ON [PSXS].[ID_TIPO_SERVICIO]=[TS].[ID_TIPO_SERVICIO]
		  WHERE 
		  1=1
		  AND [PSXS].[ID_ZONA]=3
  )[SEL] ]
[2018-01-29T13:27:30.986] [INFO] ICC - RID:[1517254050966]-[SELECT]-[END]:[OK]
[2018-01-29T13:27:30.987] [INFO] ICC - RID:[1517254050966]-[REQUEST]-[END]:[/getAllTipoServicio]
[2018-01-29T13:27:31.915] [INFO] ICC - RID:[1517254051915]-[REQUEST]-[START]:[/getAllSubZona]
[2018-01-29T13:27:31.915] [INFO] ICC - RID:[1517254051915]-[SELECT]-[START]
[2018-01-29T13:27:31.915] [DEBUG] DCC - RID:[1517254051915]-[SELECT]-[QUERY]:[SELECT [ID_SUBZONA],[SUBZONA] FROM [SLOAA_TC_SUBZONA] WHERE 1=1 AND [ID_ZONA]=3]
[2018-01-29T13:27:31.931] [INFO] ICC - RID:[1517254051915]-[SELECT]-[END]:[OK]
[2018-01-29T13:27:31.933] [INFO] ICC - RID:[1517254051915]-[REQUEST]-[END]:[/getAllSubZona]
[2018-01-29T13:27:34.173] [INFO] ICC - RID:[1517254054173]-[REQUEST]-[START]:[/getAllServicios]
[2018-01-29T13:27:34.173] [INFO] ICC - RID:[1517254054173]-[SELECT]-[START]
[2018-01-29T13:27:34.173] [DEBUG] DCC - RID:[1517254054173]-[SELECT]-[QUERY]:[SELECT 
 DISTINCT([SEL].[ID_SERVICIO]),
		  [SEL].[NOMBRE_SERVICIO]
 FROM  (
		SELECT [PSXS].[ID_PRESTADOR_SERVICIO]
			  ,[PSXS].[ID_ZONA]
			  ,[PSXS].[ID_SUBZONA]
			  ,[PSXS].[ID_TIPO_SERVICIO]
			  ,[PSXS].[ID_SERVICIO]
			  ,[SERV].[NOMBRE_SERVICIO]
		  FROM [SLOAA_TC_PRESTADOR_SERVICIOS_X_SERVICIO] [PSXS]
		  LEFT JOIN [SLOAA_TC_SERVICIO] [SERV] ON [PSXS].[ID_SERVICIO]=[SERV].[ID_SERVICIO]
		  WHERE 
		  1=1
		  AND [PSXS].[ID_ZONA]=3
		  AND [PSXS].[ID_SUBZONA]=1
		  AND [PSXS].[ID_TIPO_SERVICIO]=1
  )[SEL]]
[2018-01-29T13:27:34.190] [INFO] ICC - RID:[1517254054173]-[SELECT]-[END]:[OK]
[2018-01-29T13:27:34.190] [INFO] ICC - RID:[1517254054173]-[REQUEST]-[END]:[/getAllServicios]
[2018-01-29T13:27:35.450] [INFO] ICC - RID:[1517254055450]-[REQUEST]-[START]:[/getAllProvedores]
[2018-01-29T13:27:35.450] [INFO] ICC - RID:[1517254055450]-[SELECT]-[START]
[2018-01-29T13:27:35.450] [DEBUG] DCC - RID:[1517254055450]-[SELECT]-[QUERY]:[SELECT 
 DISTINCT([SEL].[ID_PRESTADOR_SERVICIO]),
		  [SEL].[NOMBRE]
 FROM  (
		SELECT [PSXS].[ID_PRESTADOR_SERVICIO]
			  ,[PSXS].[ID_ZONA]
			  ,[PSXS].[ID_SUBZONA]
			  ,[PSXS].[ID_TIPO_SERVICIO]
			  ,[PSXS].[ID_SERVICIO]
			  ,[PS].[NOMBRE]
			  ,[PS].[CORREO_ELECTRONICO]
		  FROM [SLOAA_TC_PRESTADOR_SERVICIOS_X_SERVICIO] [PSXS]
		  LEFT JOIN [SLOAA_TC_PRESTADOR_SERVICIOS] [PS] ON [PSXS].[ID_PRESTADOR_SERVICIO]=[PS].[ID_PRESTADOR_SERVICIO]
		  WHERE 
		  1=1
		  AND [PSXS].[ID_ZONA]=3
		  AND [PSXS].[ID_SUBZONA]=1
		  AND [PSXS].[ID_TIPO_SERVICIO]=1
		  AND [PSXS].[ID_SERVICIO]=1001
  )[SEL]]
[2018-01-29T13:27:35.465] [INFO] ICC - RID:[1517254055450]-[SELECT]-[END]:[OK]
[2018-01-29T13:27:35.465] [INFO] ICC - RID:[1517254055450]-[REQUEST]-[END]:[/getAllProvedores]
[2018-01-29T13:27:36.683] [INFO] ICC - RID:[1517254056683]-[REQUEST]-[START]:[/getUnidadYPrecioUnitarioXServicio]
[2018-01-29T13:27:36.684] [INFO] ICC - RID:[1517254056683]-[SELECT]-[START]
[2018-01-29T13:27:36.684] [DEBUG] DCC - RID:[1517254056683]-[SELECT]-[QUERY]:[SELECT [QRY].*,
	  [UNI].[UNIDAD]
	   FROM
(
  SELECT 
      DISTINCT([PU].[ID_UNIDAD]),
	  [PU].[PRECIO_UNITARIO]
  FROM [dbo].[SLOAA_TR_PRECIO_UNITARIO] [PU]
  WHERE 1=1 
  AND [PU].[ID_TIPO_SERVICIO]=1
  AND  [PU].[ID_SERVICIO]=1001
)[QRY]
LEFT JOIN [dbo].[SLOAA_TC_UNIDAD] [UNI] ON [QRY].[ID_UNIDAD]=[UNI].[ID_UNIDAD]]
[2018-01-29T13:27:36.702] [INFO] ICC - RID:[1517254056683]-[SELECT]-[END]:[OK]
[2018-01-29T13:27:36.702] [INFO] ICC - RID:[1517254056683]-[REQUEST]-[END]:[/getUnidadYPrecioUnitarioXServicio]
[2018-01-29T13:27:40.456] [INFO] ICC - RID:[1517254060456]-[REQUEST]-[START]:[/addCotizacion]
[2018-01-29T13:27:40.456] [DEBUG] DCC - {"missing":[{"requiredFieldName":"cantidad","requiredFieldType":"string"}],"extra":[{"inputFieldName":"_dc","inputFieldType":"string"},{"inputFieldName":"callback","inputFieldType":"string"}]}
[2018-01-29T13:27:40.457] [ERROR] ECC - RID:[1517254060456]-[REQUEST]-[ERROR]:[Input parameter problem.]:[/addCotizacion]
[2018-01-29T13:30:36.896] [INFO] ICC - RID:[1517254236896]-[REQUEST]-[START]:[/defaultSelect]
[2018-01-29T13:30:36.897] [INFO] ICC - RID:[1517254236896]-[SELECT]-[START]
[2018-01-29T13:30:36.898] [DEBUG] DCC - RID:[1517254236896]-[SELECT]-[QUERY]:[SELECT [CRED].[ID_CREDENCIAL]
      ,[CRED].[NOMBRE]
      ,[CRED].[USUARIO_NOMBRE]
      ,[CRED].[ID_AUTORIDAD]
	  ,[AUTH].[NOMBRE_AUTORIDAD]
	  ,[AUTH].[ID_ZONA]
         ,[CRED].[ID_ROL]
	  ,[ROL].[NOMBRE_ROL]
	  ,[ROL].[PRIVILEGIOS]
      ,[CRED].[ID_CREDENCIAL_SUPERIOR]
  FROM [dbo].[SLOAA_TR_CREDENCIAL] [CRED]
  LEFT JOIN  [dbo].[SLOAA_TC_AUTORIDAD] [AUTH] ON [CRED].[ID_AUTORIDAD]=[AUTH].[ID_AUTORIDAD]
  LEFT JOIN  [dbo].[SLOAA_TS_ROL] [ROL] ON [CRED].[ID_ROL]=[ROL].[ID_ROL]
  
  WHERE 
	            [CRED].[USUARIO_NOMBRE]='carlos.palacios'
		AND [CRED].[USUARIO_PASSWORD]='12345']
[2018-01-29T13:30:36.919] [INFO] ICC - RID:[1517254236896]-[SELECT]-[END]:[OK]
[2018-01-29T13:30:36.919] [INFO] ICC - RID:[1517254236896]-[REQUEST]-[END]:[/defaultSelect]
[2018-01-29T13:30:37.114] [INFO] ICC - RID:[1517254237114]-[REQUEST]-[START]:[/getAllOrdenServicio]
[2018-01-29T13:30:37.114] [INFO] ICC - RID:[1517254237114]-[SELECT]-[START]
[2018-01-29T13:30:37.114] [DEBUG] DCC - RID:[1517254237114]-[SELECT]-[QUERY]:[SELECT  
	    [ORD].[ID_ORDEN_SERVICIO]
      ,[ORD].[NUM_ORDEN]
      ,[ORD].[FECHA_SOLICITUD]
      ,[ORD].[DOMICILIO]
      ,[ORD].[FIRMA1_USER1]
      ,[ORD].[FIRMA1_USER2]
      ,[ORD].[FIRMA2_USER1]
      ,[ORD].[FIRMA2_USER2]
      ,[ORD].[ID_STATUS]
      ,[ORD].[METAINFO_FECHA_CREACION]
      ,[ORD].[METAINFO_IP]
      ,[ORD].[METAINFO_MAC_ADRR]
      ,[ORD].[LLAVE_SISTEMA]
      ,[ORD].[CIERRE_TOTAL]
	  
	   ,[CRED].[ID_CREDENCIAL]
      ,[CRED].[NOMBRE]
      ,[CRED].[CARGO]
      ,[CRED].[TELEFONO]
      ,[CRED].[EXT]
      ,[CRED].[EMAIL]
      ,[CRED].[PTT]
      ,[CRED].[MOVIL]
      ,[CRED].[USUARIO_NOMBRE]
      ,[CRED].[USUARIO_PASSWORD]
      ,[CRED].[ID_ROL]
      ,[CRED].[ID_CREDENCIAL_SUPERIOR]

	   ,[AUTH].[ID_AUTORIDAD]
      ,[AUTH].[NOMBRE_AUTORIDAD]
      ,[AUTH].[ESTADO]
      ,[AUTH].[NIVEL]
      ,[AUTH].[SERVICIO]
      ,[AUTH].[ID_ZONA] 
         FROM 
  [SLOAA_TR_ORDEN_SERVICIO] [ORD]
 LEFT JOIN [SLOAA_TR_CREDENCIAL] [CRED] ON  [CRED].[ID_CREDENCIAL]=[ORD].[ID_CREDENCIAL]
 LEFT JOIN [SLOAA_TC_AUTORIDAD] [AUTH] ON  [AUTH].[ID_AUTORIDAD]=[CRED].[ID_AUTORIDAD]
  WHERE
  1=1
 ]
[2018-01-29T13:30:37.137] [INFO] ICC - RID:[1517254237114]-[SELECT]-[END]:[OK]
[2018-01-29T13:30:37.137] [INFO] ICC - RID:[1517254237114]-[REQUEST]-[END]:[/getAllOrdenServicio]
[2018-01-29T13:30:39.441] [INFO] ICC - RID:[1517254239441]-[REQUEST]-[START]:[/getAllCotizacionXOrden]
[2018-01-29T13:30:39.442] [DEBUG] DCC - {"missing":[{"requiredFieldName":"idOrdenServicio","requiredFieldType":"string"}],"extra":[{"inputFieldName":"_dc","inputFieldType":"string"},{"inputFieldName":"uno","inputFieldType":"string"},{"inputFieldName":"page","inputFieldType":"string"},{"inputFieldName":"start","inputFieldType":"string"},{"inputFieldName":"limit","inputFieldType":"string"},{"inputFieldName":"callback","inputFieldType":"string"}]}
[2018-01-29T13:30:39.442] [ERROR] ECC - RID:[1517254239441]-[REQUEST]-[ERROR]:[Input parameter problem.]:[/getAllCotizacionXOrden]
[2018-01-29T13:30:39.458] [INFO] ICC - RID:[1517254239458]-[REQUEST]-[START]:[/getAllCotizacionXOrden]
[2018-01-29T13:30:39.458] [DEBUG] DCC - {"missing":[{"requiredFieldName":"idOrdenServicio","requiredFieldType":"string"}],"extra":[{"inputFieldName":"_dc","inputFieldType":"string"},{"inputFieldName":"uno","inputFieldType":"string"},{"inputFieldName":"page","inputFieldType":"string"},{"inputFieldName":"start","inputFieldType":"string"},{"inputFieldName":"limit","inputFieldType":"string"},{"inputFieldName":"callback","inputFieldType":"string"}]}
[2018-01-29T13:30:39.458] [ERROR] ECC - RID:[1517254239458]-[REQUEST]-[ERROR]:[Input parameter problem.]:[/getAllCotizacionXOrden]
[2018-01-29T13:30:42.993] [INFO] ICC - RID:[1517254242993]-[REQUEST]-[START]:[/createOrdenServicio]
[2018-01-29T13:30:42.994] [INFO] ICC - RID:[1517254242993]-[SELECT]-[START]
[2018-01-29T13:30:42.994] [DEBUG] DCC - RID:[1517254242993]-[SELECT]-[QUERY]:[SELECT [ID_AUTORIDAD]
      ,[NOMBRE_AUTORIDAD]
      ,[ESTADO]
      ,[NIVEL]
      ,[SERVICIO]
      ,[ID_ZONA]
  FROM [SOA_db].[dbo].[SLOAA_TC_AUTORIDAD]
  WHERE  [ID_AUTORIDAD]=1]
[2018-01-29T13:30:43.016] [INFO] ICC - RID:[1517254242993]-[SELECT]-[END]:[OK]
[2018-01-29T13:30:43.017] [INFO] ICC - RID:[1517254242993]-[SELECT]-[START]
[2018-01-29T13:30:43.017] [DEBUG] DCC - RID:[1517254242993]-[SELECT]-[QUERY]:[SELECT
	CASE
	WHEN  MAX([ORD].[NUM_ORDEN]) IS NULL THEN 1
	ELSE MAX([ORD].[NUM_ORDEN])+1
	END  NEW_ORDEN
      
  FROM [dbo].[SLOAA_TR_ORDEN_SERVICIO] [ORD]
  LEFT JOIN [dbo].[SLOAA_TR_CREDENCIAL] [CRED] ON [ORD].[ID_CREDENCIAL]=[CRED].[ID_CREDENCIAL]
  WHERE
  1=1
	AND YEAR([ORD].[METAINFO_FECHA_CREACION])= YEAR(GetDate()) 
	AND [CRED].[ID_AUTORIDAD]=1]
[2018-01-29T13:30:43.032] [INFO] ICC - RID:[1517254242993]-[SELECT]-[END]:[OK]
[2018-01-29T13:30:43.032] [INFO] ICC - RID:[1517254242993]-[FREE-DML]-[START]
[2018-01-29T13:30:43.032] [DEBUG] DCC - RID:[1517254242993]-[FREE-DML]-[DML]:[INSERT INTO [dbo].[SLOAA_TR_ORDEN_SERVICIO]
  (
		
       [ORD].[NUM_ORDEN]
      ,[ORD].[FECHA_SOLICITUD]
      ,[ORD].[ID_CREDENCIAL]
      ,[ORD].[DOMICILIO]
      ,[ORD].[ID_STATUS]
      ,[ORD].[METAINFO_FECHA_CREACION]
      ,[ORD].[METAINFO_IP]
      ,[ORD].[METAINFO_MAC_ADRR]
      ,[ORD].[LLAVE_SISTEMA]
	  )
	  VALUES
	  (
	    43,
		'2018-01-29T19:30:00.000Z',
		1,
		'test1',
		1,
		'2018-01-29T19:30:42.994Z',
		'::1',
		' ????????',
		'TNRS-Acapulco -SRyS Acapulco -2018-43'
	  )]
[2018-01-29T13:30:43.067] [INFO] ICC - RID:[1517254242993]-[FREE-DML]-[END]:[OK]
[2018-01-29T13:30:43.067] [INFO] ICC - RID:[1517254242993]-[SELECT]-[START]
[2018-01-29T13:30:43.067] [DEBUG] DCC - RID:[1517254242993]-[SELECT]-[QUERY]:[SELECT 
       [ID_ORDEN_SERVICIO]
      ,[NUM_ORDEN]
      ,[FECHA_SOLICITUD]
      ,[ID_CREDENCIAL]
      ,[DOMICILIO]
      ,[FIRMA1_USER1]
      ,[FIRMA1_USER2]
      ,[FIRMA2_USER1]
      ,[FIRMA2_USER2]
      ,[ID_STATUS]
      ,[METAINFO_FECHA_CREACION]
      ,[METAINFO_IP]
      ,[METAINFO_MAC_ADRR]
      ,[LLAVE_SISTEMA]
  FROM [SOA_db].[dbo].[SLOAA_TR_ORDEN_SERVICIO]
  WHERE [METAINFO_FECHA_CREACION]='2018-01-29T19:30:42.994Z']
[2018-01-29T13:30:43.099] [INFO] ICC - RID:[1517254242993]-[SELECT]-[END]:[OK]
[2018-01-29T13:30:43.099] [INFO] ICC - RID:[1517254242993]-[REQUEST]-[END]:[/createOrdenServicio]
[2018-01-29T13:30:44.222] [INFO] ICC - RID:[1517254244222]-[REQUEST]-[START]:[/getAllTipoServicio]
[2018-01-29T13:30:44.222] [INFO] ICC - RID:[1517254244222]-[SELECT]-[START]
[2018-01-29T13:30:44.222] [DEBUG] DCC - RID:[1517254244222]-[SELECT]-[QUERY]:[SELECT 
 DISTINCT([SEL].[ID_TIPO_SERVICIO]),
		  [SEL].[TIPO]
 FROM  (
		SELECT [PSXS].[ID_PRESTADOR_SERVICIO]
			  ,[PSXS].[ID_ZONA]
			  ,[PSXS].[ID_SUBZONA]
			  ,[PSXS].[ID_TIPO_SERVICIO]
			  ,[TS].[TIPO]
			  ,[PSXS].[ID_SERVICIO]
		  FROM [SLOAA_TC_PRESTADOR_SERVICIOS_X_SERVICIO] [PSXS]
		  LEFT JOIN [SLOAA_TC_TIPO_SERVICIO] [TS] ON [PSXS].[ID_TIPO_SERVICIO]=[TS].[ID_TIPO_SERVICIO]
		  WHERE 
		  1=1
		  AND [PSXS].[ID_ZONA]=3
  )[SEL] ]
[2018-01-29T13:30:44.241] [INFO] ICC - RID:[1517254244222]-[SELECT]-[END]:[OK]
[2018-01-29T13:30:44.242] [INFO] ICC - RID:[1517254244222]-[REQUEST]-[END]:[/getAllTipoServicio]
[2018-01-29T13:30:45.116] [INFO] ICC - RID:[1517254245116]-[REQUEST]-[START]:[/getAllSubZona]
[2018-01-29T13:30:45.117] [INFO] ICC - RID:[1517254245116]-[SELECT]-[START]
[2018-01-29T13:30:45.117] [DEBUG] DCC - RID:[1517254245116]-[SELECT]-[QUERY]:[SELECT [ID_SUBZONA],[SUBZONA] FROM [SLOAA_TC_SUBZONA] WHERE 1=1 AND [ID_ZONA]=3]
[2018-01-29T13:30:45.132] [INFO] ICC - RID:[1517254245116]-[SELECT]-[END]:[OK]
[2018-01-29T13:30:45.133] [INFO] ICC - RID:[1517254245116]-[REQUEST]-[END]:[/getAllSubZona]
[2018-01-29T13:30:46.447] [INFO] ICC - RID:[1517254246447]-[REQUEST]-[START]:[/getAllServicios]
[2018-01-29T13:30:46.447] [INFO] ICC - RID:[1517254246447]-[SELECT]-[START]
[2018-01-29T13:30:46.447] [DEBUG] DCC - RID:[1517254246447]-[SELECT]-[QUERY]:[SELECT 
 DISTINCT([SEL].[ID_SERVICIO]),
		  [SEL].[NOMBRE_SERVICIO]
 FROM  (
		SELECT [PSXS].[ID_PRESTADOR_SERVICIO]
			  ,[PSXS].[ID_ZONA]
			  ,[PSXS].[ID_SUBZONA]
			  ,[PSXS].[ID_TIPO_SERVICIO]
			  ,[PSXS].[ID_SERVICIO]
			  ,[SERV].[NOMBRE_SERVICIO]
		  FROM [SLOAA_TC_PRESTADOR_SERVICIOS_X_SERVICIO] [PSXS]
		  LEFT JOIN [SLOAA_TC_SERVICIO] [SERV] ON [PSXS].[ID_SERVICIO]=[SERV].[ID_SERVICIO]
		  WHERE 
		  1=1
		  AND [PSXS].[ID_ZONA]=3
		  AND [PSXS].[ID_SUBZONA]=1
		  AND [PSXS].[ID_TIPO_SERVICIO]=1
  )[SEL]]
[2018-01-29T13:30:46.465] [INFO] ICC - RID:[1517254246447]-[SELECT]-[END]:[OK]
[2018-01-29T13:30:46.465] [INFO] ICC - RID:[1517254246447]-[REQUEST]-[END]:[/getAllServicios]
[2018-01-29T13:30:47.516] [INFO] ICC - RID:[1517254247516]-[REQUEST]-[START]:[/getAllProvedores]
[2018-01-29T13:30:47.517] [INFO] ICC - RID:[1517254247516]-[SELECT]-[START]
[2018-01-29T13:30:47.517] [DEBUG] DCC - RID:[1517254247516]-[SELECT]-[QUERY]:[SELECT 
 DISTINCT([SEL].[ID_PRESTADOR_SERVICIO]),
		  [SEL].[NOMBRE]
 FROM  (
		SELECT [PSXS].[ID_PRESTADOR_SERVICIO]
			  ,[PSXS].[ID_ZONA]
			  ,[PSXS].[ID_SUBZONA]
			  ,[PSXS].[ID_TIPO_SERVICIO]
			  ,[PSXS].[ID_SERVICIO]
			  ,[PS].[NOMBRE]
			  ,[PS].[CORREO_ELECTRONICO]
		  FROM [SLOAA_TC_PRESTADOR_SERVICIOS_X_SERVICIO] [PSXS]
		  LEFT JOIN [SLOAA_TC_PRESTADOR_SERVICIOS] [PS] ON [PSXS].[ID_PRESTADOR_SERVICIO]=[PS].[ID_PRESTADOR_SERVICIO]
		  WHERE 
		  1=1
		  AND [PSXS].[ID_ZONA]=3
		  AND [PSXS].[ID_SUBZONA]=1
		  AND [PSXS].[ID_TIPO_SERVICIO]=1
		  AND [PSXS].[ID_SERVICIO]=1001
  )[SEL]]
[2018-01-29T13:30:47.536] [INFO] ICC - RID:[1517254247516]-[SELECT]-[END]:[OK]
[2018-01-29T13:30:47.537] [INFO] ICC - RID:[1517254247516]-[REQUEST]-[END]:[/getAllProvedores]
[2018-01-29T13:30:48.790] [INFO] ICC - RID:[1517254248790]-[REQUEST]-[START]:[/getUnidadYPrecioUnitarioXServicio]
[2018-01-29T13:30:48.790] [INFO] ICC - RID:[1517254248790]-[SELECT]-[START]
[2018-01-29T13:30:48.790] [DEBUG] DCC - RID:[1517254248790]-[SELECT]-[QUERY]:[SELECT [QRY].*,
	  [UNI].[UNIDAD]
	   FROM
(
  SELECT 
      DISTINCT([PU].[ID_UNIDAD]),
	  [PU].[PRECIO_UNITARIO]
  FROM [dbo].[SLOAA_TR_PRECIO_UNITARIO] [PU]
  WHERE 1=1 
  AND [PU].[ID_TIPO_SERVICIO]=1
  AND  [PU].[ID_SERVICIO]=1001
)[QRY]
LEFT JOIN [dbo].[SLOAA_TC_UNIDAD] [UNI] ON [QRY].[ID_UNIDAD]=[UNI].[ID_UNIDAD]]
[2018-01-29T13:30:48.810] [INFO] ICC - RID:[1517254248790]-[SELECT]-[END]:[OK]
[2018-01-29T13:30:48.811] [INFO] ICC - RID:[1517254248790]-[REQUEST]-[END]:[/getUnidadYPrecioUnitarioXServicio]
[2018-01-29T13:30:56.172] [INFO] ICC - RID:[1517254256172]-[REQUEST]-[START]:[/addCotizacion]
[2018-01-29T13:30:56.172] [DEBUG] DCC - {"typeFail":[{"requiredFieldName":"cantidad","requiredFieldType":"string","inputFieldType":"array"}],"extra":[{"inputFieldName":"_dc","inputFieldType":"string"},{"inputFieldName":"callback","inputFieldType":"string"}]}
[2018-01-29T13:30:56.172] [ERROR] ECC - RID:[1517254256172]-[REQUEST]-[ERROR]:[Input parameter problem.]:[/addCotizacion]
