[2018-01-29T09:12:12.934] [INFO] ICC - [BACKEND]-[WEBSERVICES] init on port:[3000]
[2018-01-29T09:12:16.119] [INFO] ICC - RID:[1517238736118]-[REQUEST]-[START]:[/defaultSelect]
[2018-01-29T09:12:16.120] [INFO] ICC - RID:[1517238736118]-[SELECT]-[START]
[2018-01-29T09:12:16.120] [DEBUG] DCC - RID:[1517238736118]-[SELECT]-[QUERY]:[SELECT [CRED].[ID_CREDENCIAL]
      ,[CRED].[NOMBRE]
      ,[CRED].[USUARIO_NOMBRE]
      ,[CRED].[ID_AUTORIDAD]
	  ,[AUTH].[NOMBRE_AUTORIDAD]
	  ,[AUTH].[ID_ZONA]
         ,[CRED].[ID_ROL]
	  ,[ROL].[NOMBRE_ROL]
	  ,[ROL].[PRIVILEGIOS]
      ,[CRED].[ID_CREDENCIAL_SUPERIOR]
  FROM [dbo].[SLOAA_TR_CREDENCIAL] [CRED]
  LEFT JOIN  [dbo].[SLOAA_TC_AUTORIDAD] [AUTH] ON [CRED].[ID_AUTORIDAD]=[AUTH].[ID_AUTORIDAD]
  LEFT JOIN  [dbo].[SLOAA_TS_ROL] [ROL] ON [CRED].[ID_ROL]=[ROL].[ID_ROL]
  
  WHERE 
	            [CRED].[USUARIO_NOMBRE]='carlos.palacios'
		AND [CRED].[USUARIO_PASSWORD]='12345']
[2018-01-29T09:12:16.170] [INFO] ICC - RID:[1517238736118]-[SELECT]-[END]:[OK]
[2018-01-29T09:12:16.170] [INFO] ICC - RID:[1517238736118]-[REQUEST]-[END]:[/defaultSelect]
[2018-01-29T09:12:57.322] [INFO] ICC - RID:[1517238777322]-[REQUEST]-[START]:[/defaultSelect]
[2018-01-29T09:12:57.322] [INFO] ICC - RID:[1517238777322]-[SELECT]-[START]
[2018-01-29T09:12:57.322] [DEBUG] DCC - RID:[1517238777322]-[SELECT]-[QUERY]:[SELECT [CRED].[ID_CREDENCIAL]
      ,[CRED].[NOMBRE]
      ,[CRED].[USUARIO_NOMBRE]
      ,[CRED].[ID_AUTORIDAD]
	  ,[AUTH].[NOMBRE_AUTORIDAD]
	  ,[AUTH].[ID_ZONA]
         ,[CRED].[ID_ROL]
	  ,[ROL].[NOMBRE_ROL]
	  ,[ROL].[PRIVILEGIOS]
      ,[CRED].[ID_CREDENCIAL_SUPERIOR]
  FROM [dbo].[SLOAA_TR_CREDENCIAL] [CRED]
  LEFT JOIN  [dbo].[SLOAA_TC_AUTORIDAD] [AUTH] ON [CRED].[ID_AUTORIDAD]=[AUTH].[ID_AUTORIDAD]
  LEFT JOIN  [dbo].[SLOAA_TS_ROL] [ROL] ON [CRED].[ID_ROL]=[ROL].[ID_ROL]
  
  WHERE 
	            [CRED].[USUARIO_NOMBRE]='carlos.palacios'
		AND [CRED].[USUARIO_PASSWORD]='12345']
[2018-01-29T09:12:57.349] [INFO] ICC - RID:[1517238777322]-[SELECT]-[END]:[OK]
[2018-01-29T09:12:57.349] [INFO] ICC - RID:[1517238777322]-[REQUEST]-[END]:[/defaultSelect]
[2018-01-29T09:12:57.545] [INFO] ICC - RID:[1517238777545]-[REQUEST]-[START]:[/getAllOrdenServicio]
[2018-01-29T09:12:57.546] [INFO] ICC - RID:[1517238777545]-[SELECT]-[START]
[2018-01-29T09:12:57.546] [DEBUG] DCC - RID:[1517238777545]-[SELECT]-[QUERY]:[SELECT  
	    [ORD].[ID_ORDEN_SERVICIO]
      ,[ORD].[NUM_ORDEN]
      ,[ORD].[FECHA_SOLICITUD]
      ,[ORD].[DOMICILIO]
      ,[ORD].[FIRMA1_USER1]
      ,[ORD].[FIRMA1_USER2]
      ,[ORD].[FIRMA2_USER1]
      ,[ORD].[FIRMA2_USER2]
      ,[ORD].[ID_STATUS]
      ,[ORD].[METAINFO_FECHA_CREACION]
      ,[ORD].[METAINFO_IP]
      ,[ORD].[METAINFO_MAC_ADRR]
      ,[ORD].[LLAVE_SISTEMA]
      ,[ORD].[CIERRE_TOTAL]
	  
	   ,[CRED].[ID_CREDENCIAL]
      ,[CRED].[NOMBRE]
      ,[CRED].[CARGO]
      ,[CRED].[TELEFONO]
      ,[CRED].[EXT]
      ,[CRED].[EMAIL]
      ,[CRED].[PTT]
      ,[CRED].[MOVIL]
      ,[CRED].[USUARIO_NOMBRE]
      ,[CRED].[USUARIO_PASSWORD]
      ,[CRED].[ID_ROL]
      ,[CRED].[ID_CREDENCIAL_SUPERIOR]

	   ,[AUTH].[ID_AUTORIDAD]
      ,[AUTH].[NOMBRE_AUTORIDAD]
      ,[AUTH].[ESTADO]
      ,[AUTH].[NIVEL]
      ,[AUTH].[SERVICIO]
      ,[AUTH].[ID_ZONA] 
         FROM 
  [SLOAA_TR_ORDEN_SERVICIO] [ORD]
 LEFT JOIN [SLOAA_TR_CREDENCIAL] [CRED] ON  [CRED].[ID_CREDENCIAL]=[ORD].[ID_CREDENCIAL]
 LEFT JOIN [SLOAA_TC_AUTORIDAD] [AUTH] ON  [AUTH].[ID_AUTORIDAD]=[CRED].[ID_AUTORIDAD]
  WHERE
  1=1
 ]
[2018-01-29T09:12:57.573] [INFO] ICC - RID:[1517238777545]-[SELECT]-[END]:[OK]
[2018-01-29T09:12:57.574] [INFO] ICC - RID:[1517238777545]-[REQUEST]-[END]:[/getAllOrdenServicio]
[2018-01-29T09:13:07.756] [INFO] ICC - RID:[1517238787755]-[REQUEST]-[START]:[/getAllCotizacionXOrden]
[2018-01-29T09:13:07.756] [DEBUG] DCC - {"missing":[{"requiredFieldName":"idOrdenServicio","requiredFieldType":"string"}],"extra":[{"inputFieldName":"_dc","inputFieldType":"string"},{"inputFieldName":"uno","inputFieldType":"string"},{"inputFieldName":"page","inputFieldType":"string"},{"inputFieldName":"start","inputFieldType":"string"},{"inputFieldName":"limit","inputFieldType":"string"},{"inputFieldName":"callback","inputFieldType":"string"}]}
[2018-01-29T09:13:07.756] [ERROR] ECC - RID:[1517238787755]-[REQUEST]-[ERROR]:[Input parameter problem.]:[/getAllCotizacionXOrden]
[2018-01-29T09:13:07.768] [INFO] ICC - RID:[1517238787768]-[REQUEST]-[START]:[/getAllCotizacionXOrden]
[2018-01-29T09:13:07.769] [DEBUG] DCC - {"missing":[{"requiredFieldName":"idOrdenServicio","requiredFieldType":"string"}],"extra":[{"inputFieldName":"_dc","inputFieldType":"string"},{"inputFieldName":"uno","inputFieldType":"string"},{"inputFieldName":"page","inputFieldType":"string"},{"inputFieldName":"start","inputFieldType":"string"},{"inputFieldName":"limit","inputFieldType":"string"},{"inputFieldName":"callback","inputFieldType":"string"}]}
[2018-01-29T09:13:07.769] [ERROR] ECC - RID:[1517238787768]-[REQUEST]-[ERROR]:[Input parameter problem.]:[/getAllCotizacionXOrden]
[2018-01-29T09:13:29.450] [INFO] ICC - RID:[1517238809449]-[REQUEST]-[START]:[/getAllCotizacionXOrden]
[2018-01-29T09:13:29.450] [DEBUG] DCC - {"missing":[{"requiredFieldName":"idOrdenServicio","requiredFieldType":"string"}],"extra":[{"inputFieldName":"_dc","inputFieldType":"string"},{"inputFieldName":"uno","inputFieldType":"string"},{"inputFieldName":"page","inputFieldType":"string"},{"inputFieldName":"start","inputFieldType":"string"},{"inputFieldName":"limit","inputFieldType":"string"},{"inputFieldName":"callback","inputFieldType":"string"}]}
[2018-01-29T09:13:29.450] [ERROR] ECC - RID:[1517238809449]-[REQUEST]-[ERROR]:[Input parameter problem.]:[/getAllCotizacionXOrden]
[2018-01-29T09:13:29.458] [INFO] ICC - RID:[1517238809458]-[REQUEST]-[START]:[/getAllCotizacionXOrden]
[2018-01-29T09:13:29.459] [DEBUG] DCC - {"missing":[{"requiredFieldName":"idOrdenServicio","requiredFieldType":"string"}],"extra":[{"inputFieldName":"_dc","inputFieldType":"string"},{"inputFieldName":"uno","inputFieldType":"string"},{"inputFieldName":"page","inputFieldType":"string"},{"inputFieldName":"start","inputFieldType":"string"},{"inputFieldName":"limit","inputFieldType":"string"},{"inputFieldName":"callback","inputFieldType":"string"}]}
[2018-01-29T09:13:29.459] [ERROR] ECC - RID:[1517238809458]-[REQUEST]-[ERROR]:[Input parameter problem.]:[/getAllCotizacionXOrden]
[2018-01-29T09:13:46.977] [INFO] ICC - RID:[1517238826977]-[REQUEST]-[START]:[/createOrdenServicio]
[2018-01-29T09:13:46.978] [DEBUG] DCC - {"extra":[{"inputFieldName":"_dc","inputFieldType":"string"},{"inputFieldName":"callback","inputFieldType":"string"}]}
[2018-01-29T09:13:46.979] [ERROR] ECC - RID:[1517238826977]-[REQUEST]-[ERROR]:[Input parameter problem.]:[/createOrdenServicio]
[2018-01-29T09:14:56.409] [INFO] ICC - RID:[1517238896409]-[REQUEST]-[START]:[/defaultSelect]
[2018-01-29T09:14:56.410] [INFO] ICC - RID:[1517238896409]-[SELECT]-[START]
[2018-01-29T09:14:56.410] [DEBUG] DCC - RID:[1517238896409]-[SELECT]-[QUERY]:[SELECT [CRED].[ID_CREDENCIAL]
      ,[CRED].[NOMBRE]
      ,[CRED].[USUARIO_NOMBRE]
      ,[CRED].[ID_AUTORIDAD]
	  ,[AUTH].[NOMBRE_AUTORIDAD]
	  ,[AUTH].[ID_ZONA]
         ,[CRED].[ID_ROL]
	  ,[ROL].[NOMBRE_ROL]
	  ,[ROL].[PRIVILEGIOS]
      ,[CRED].[ID_CREDENCIAL_SUPERIOR]
  FROM [dbo].[SLOAA_TR_CREDENCIAL] [CRED]
  LEFT JOIN  [dbo].[SLOAA_TC_AUTORIDAD] [AUTH] ON [CRED].[ID_AUTORIDAD]=[AUTH].[ID_AUTORIDAD]
  LEFT JOIN  [dbo].[SLOAA_TS_ROL] [ROL] ON [CRED].[ID_ROL]=[ROL].[ID_ROL]
  
  WHERE 
	            [CRED].[USUARIO_NOMBRE]='carlos.palacios'
		AND [CRED].[USUARIO_PASSWORD]='12345']
[2018-01-29T09:14:56.437] [INFO] ICC - RID:[1517238896409]-[SELECT]-[END]:[OK]
[2018-01-29T09:14:56.438] [INFO] ICC - RID:[1517238896409]-[REQUEST]-[END]:[/defaultSelect]
[2018-01-29T09:14:56.650] [INFO] ICC - RID:[1517238896650]-[REQUEST]-[START]:[/getAllOrdenServicio]
[2018-01-29T09:14:56.651] [INFO] ICC - RID:[1517238896650]-[SELECT]-[START]
[2018-01-29T09:14:56.651] [DEBUG] DCC - RID:[1517238896650]-[SELECT]-[QUERY]:[SELECT  
	    [ORD].[ID_ORDEN_SERVICIO]
      ,[ORD].[NUM_ORDEN]
      ,[ORD].[FECHA_SOLICITUD]
      ,[ORD].[DOMICILIO]
      ,[ORD].[FIRMA1_USER1]
      ,[ORD].[FIRMA1_USER2]
      ,[ORD].[FIRMA2_USER1]
      ,[ORD].[FIRMA2_USER2]
      ,[ORD].[ID_STATUS]
      ,[ORD].[METAINFO_FECHA_CREACION]
      ,[ORD].[METAINFO_IP]
      ,[ORD].[METAINFO_MAC_ADRR]
      ,[ORD].[LLAVE_SISTEMA]
      ,[ORD].[CIERRE_TOTAL]
	  
	   ,[CRED].[ID_CREDENCIAL]
      ,[CRED].[NOMBRE]
      ,[CRED].[CARGO]
      ,[CRED].[TELEFONO]
      ,[CRED].[EXT]
      ,[CRED].[EMAIL]
      ,[CRED].[PTT]
      ,[CRED].[MOVIL]
      ,[CRED].[USUARIO_NOMBRE]
      ,[CRED].[USUARIO_PASSWORD]
      ,[CRED].[ID_ROL]
      ,[CRED].[ID_CREDENCIAL_SUPERIOR]

	   ,[AUTH].[ID_AUTORIDAD]
      ,[AUTH].[NOMBRE_AUTORIDAD]
      ,[AUTH].[ESTADO]
      ,[AUTH].[NIVEL]
      ,[AUTH].[SERVICIO]
      ,[AUTH].[ID_ZONA] 
         FROM 
  [SLOAA_TR_ORDEN_SERVICIO] [ORD]
 LEFT JOIN [SLOAA_TR_CREDENCIAL] [CRED] ON  [CRED].[ID_CREDENCIAL]=[ORD].[ID_CREDENCIAL]
 LEFT JOIN [SLOAA_TC_AUTORIDAD] [AUTH] ON  [AUTH].[ID_AUTORIDAD]=[CRED].[ID_AUTORIDAD]
  WHERE
  1=1
 ]
[2018-01-29T09:14:56.684] [INFO] ICC - RID:[1517238896650]-[SELECT]-[END]:[OK]
[2018-01-29T09:14:56.684] [INFO] ICC - RID:[1517238896650]-[REQUEST]-[END]:[/getAllOrdenServicio]
[2018-01-29T09:14:58.043] [INFO] ICC - RID:[1517238898043]-[REQUEST]-[START]:[/getAllCotizacionXOrden]
[2018-01-29T09:14:58.043] [DEBUG] DCC - {"missing":[{"requiredFieldName":"idOrdenServicio","requiredFieldType":"string"}],"extra":[{"inputFieldName":"_dc","inputFieldType":"string"},{"inputFieldName":"uno","inputFieldType":"string"},{"inputFieldName":"page","inputFieldType":"string"},{"inputFieldName":"start","inputFieldType":"string"},{"inputFieldName":"limit","inputFieldType":"string"},{"inputFieldName":"callback","inputFieldType":"string"}]}
[2018-01-29T09:14:58.043] [ERROR] ECC - RID:[1517238898043]-[REQUEST]-[ERROR]:[Input parameter problem.]:[/getAllCotizacionXOrden]
[2018-01-29T09:14:58.063] [INFO] ICC - RID:[1517238898063]-[REQUEST]-[START]:[/getAllCotizacionXOrden]
[2018-01-29T09:14:58.063] [DEBUG] DCC - {"missing":[{"requiredFieldName":"idOrdenServicio","requiredFieldType":"string"}],"extra":[{"inputFieldName":"_dc","inputFieldType":"string"},{"inputFieldName":"uno","inputFieldType":"string"},{"inputFieldName":"page","inputFieldType":"string"},{"inputFieldName":"start","inputFieldType":"string"},{"inputFieldName":"limit","inputFieldType":"string"},{"inputFieldName":"callback","inputFieldType":"string"}]}
[2018-01-29T09:14:58.063] [ERROR] ECC - RID:[1517238898063]-[REQUEST]-[ERROR]:[Input parameter problem.]:[/getAllCotizacionXOrden]
[2018-01-29T09:15:01.379] [INFO] ICC - RID:[1517238901379]-[REQUEST]-[START]:[/createOrdenServicio]
[2018-01-29T09:15:01.380] [DEBUG] DCC - {"extra":[{"inputFieldName":"_dc","inputFieldType":"string"},{"inputFieldName":"callback","inputFieldType":"string"}]}
[2018-01-29T09:15:01.380] [ERROR] ECC - RID:[1517238901379]-[REQUEST]-[ERROR]:[Input parameter problem.]:[/createOrdenServicio]
