[2018-01-29T09:12:12.934] [INFO] ICC - [BACKEND]-[WEBSERVICES] init on port:[3000]
[2018-01-29T09:12:16.119] [INFO] ICC - RID:[1517238736118]-[REQUEST]-[START]:[/defaultSelect]
[2018-01-29T09:12:16.120] [INFO] ICC - RID:[1517238736118]-[SELECT]-[START]
[2018-01-29T09:12:16.170] [INFO] ICC - RID:[1517238736118]-[SELECT]-[END]:[OK]
[2018-01-29T09:12:16.170] [INFO] ICC - RID:[1517238736118]-[REQUEST]-[END]:[/defaultSelect]
[2018-01-29T09:12:57.322] [INFO] ICC - RID:[1517238777322]-[REQUEST]-[START]:[/defaultSelect]
[2018-01-29T09:12:57.322] [INFO] ICC - RID:[1517238777322]-[SELECT]-[START]
[2018-01-29T09:12:57.349] [INFO] ICC - RID:[1517238777322]-[SELECT]-[END]:[OK]
[2018-01-29T09:12:57.349] [INFO] ICC - RID:[1517238777322]-[REQUEST]-[END]:[/defaultSelect]
[2018-01-29T09:12:57.545] [INFO] ICC - RID:[1517238777545]-[REQUEST]-[START]:[/getAllOrdenServicio]
[2018-01-29T09:12:57.546] [INFO] ICC - RID:[1517238777545]-[SELECT]-[START]
[2018-01-29T09:12:57.573] [INFO] ICC - RID:[1517238777545]-[SELECT]-[END]:[OK]
[2018-01-29T09:12:57.574] [INFO] ICC - RID:[1517238777545]-[REQUEST]-[END]:[/getAllOrdenServicio]
[2018-01-29T09:13:07.756] [INFO] ICC - RID:[1517238787755]-[REQUEST]-[START]:[/getAllCotizacionXOrden]
[2018-01-29T09:13:07.756] [ERROR] ECC - RID:[1517238787755]-[REQUEST]-[ERROR]:[Input parameter problem.]:[/getAllCotizacionXOrden]
[2018-01-29T09:13:07.768] [INFO] ICC - RID:[1517238787768]-[REQUEST]-[START]:[/getAllCotizacionXOrden]
[2018-01-29T09:13:07.769] [ERROR] ECC - RID:[1517238787768]-[REQUEST]-[ERROR]:[Input parameter problem.]:[/getAllCotizacionXOrden]
[2018-01-29T09:13:29.450] [INFO] ICC - RID:[1517238809449]-[REQUEST]-[START]:[/getAllCotizacionXOrden]
[2018-01-29T09:13:29.450] [ERROR] ECC - RID:[1517238809449]-[REQUEST]-[ERROR]:[Input parameter problem.]:[/getAllCotizacionXOrden]
[2018-01-29T09:13:29.458] [INFO] ICC - RID:[1517238809458]-[REQUEST]-[START]:[/getAllCotizacionXOrden]
[2018-01-29T09:13:29.459] [ERROR] ECC - RID:[1517238809458]-[REQUEST]-[ERROR]:[Input parameter problem.]:[/getAllCotizacionXOrden]
[2018-01-29T09:13:46.977] [INFO] ICC - RID:[1517238826977]-[REQUEST]-[START]:[/createOrdenServicio]
[2018-01-29T09:13:46.979] [ERROR] ECC - RID:[1517238826977]-[REQUEST]-[ERROR]:[Input parameter problem.]:[/createOrdenServicio]
[2018-01-29T09:14:56.409] [INFO] ICC - RID:[1517238896409]-[REQUEST]-[START]:[/defaultSelect]
[2018-01-29T09:14:56.410] [INFO] ICC - RID:[1517238896409]-[SELECT]-[START]
[2018-01-29T09:14:56.437] [INFO] ICC - RID:[1517238896409]-[SELECT]-[END]:[OK]
[2018-01-29T09:14:56.438] [INFO] ICC - RID:[1517238896409]-[REQUEST]-[END]:[/defaultSelect]
[2018-01-29T09:14:56.650] [INFO] ICC - RID:[1517238896650]-[REQUEST]-[START]:[/getAllOrdenServicio]
[2018-01-29T09:14:56.651] [INFO] ICC - RID:[1517238896650]-[SELECT]-[START]
[2018-01-29T09:14:56.684] [INFO] ICC - RID:[1517238896650]-[SELECT]-[END]:[OK]
[2018-01-29T09:14:56.684] [INFO] ICC - RID:[1517238896650]-[REQUEST]-[END]:[/getAllOrdenServicio]
[2018-01-29T09:14:58.043] [INFO] ICC - RID:[1517238898043]-[REQUEST]-[START]:[/getAllCotizacionXOrden]
[2018-01-29T09:14:58.043] [ERROR] ECC - RID:[1517238898043]-[REQUEST]-[ERROR]:[Input parameter problem.]:[/getAllCotizacionXOrden]
[2018-01-29T09:14:58.063] [INFO] ICC - RID:[1517238898063]-[REQUEST]-[START]:[/getAllCotizacionXOrden]
[2018-01-29T09:14:58.063] [ERROR] ECC - RID:[1517238898063]-[REQUEST]-[ERROR]:[Input parameter problem.]:[/getAllCotizacionXOrden]
[2018-01-29T09:15:01.379] [INFO] ICC - RID:[1517238901379]-[REQUEST]-[START]:[/createOrdenServicio]
[2018-01-29T09:15:01.380] [ERROR] ECC - RID:[1517238901379]-[REQUEST]-[ERROR]:[Input parameter problem.]:[/createOrdenServicio]
