[2018-01-29T14:11:13.107] [INFO] ICC - [BACKEND]-[WEBSERVICES] init on port:[3000]
[2018-01-29T14:11:24.566] [INFO] ICC - RID:[1517256684566]-[REQUEST]-[START]:[/getAllOrdenServicio]
[2018-01-29T14:11:24.566] [DEBUG] DCC - {"missing":[{"requiredFieldName":"idCredencial","requiredFieldType":"string"},{"requiredFieldName":"idRol","requiredFieldType":"string"},{"requiredFieldName":"idAutoridad","requiredFieldType":"string"},{"requiredFieldName":"_dc","requiredFieldType":"string"},{"requiredFieldName":"page","requiredFieldType":"string"},{"requiredFieldName":"start","requiredFieldType":"string"},{"requiredFieldName":"limit","requiredFieldType":"string"},{"requiredFieldName":"callback","requiredFieldType":"string"}]}
[2018-01-29T14:11:24.567] [ERROR] ECC - RID:[1517256684566]-[REQUEST]-[ERROR]:[Input parameter problem.]:[/getAllOrdenServicio]
[2018-01-29T14:12:20.334] [INFO] ICC - RID:[1517256740334]-[REQUEST]-[START]:[/getAllOrdenServicio]
[2018-01-29T14:12:20.335] [INFO] ICC - RID:[1517256740334]-[SELECT]-[START]
[2018-01-29T14:12:20.335] [DEBUG] DCC - RID:[1517256740334]-[SELECT]-[QUERY]:[SELECT  
	    [ORD].[ID_ORDEN_SERVICIO]
      ,[ORD].[NUM_ORDEN]
      ,[ORD].[FECHA_SOLICITUD]
      ,[ORD].[DOMICILIO]
      ,[ORD].[FIRMA1_USER1]
      ,[ORD].[FIRMA1_USER2]
      ,[ORD].[FIRMA2_USER1]
      ,[ORD].[FIRMA2_USER2]
      ,[ORD].[ID_STATUS]
      ,[ORD].[METAINFO_FECHA_CREACION]
      ,[ORD].[METAINFO_IP]
      ,[ORD].[METAINFO_MAC_ADRR]
      ,[ORD].[LLAVE_SISTEMA]
      ,[ORD].[CIERRE_TOTAL]
	  
	   ,[CRED].[ID_CREDENCIAL]
      ,[CRED].[NOMBRE]
      ,[CRED].[CARGO]
      ,[CRED].[TELEFONO]
      ,[CRED].[EXT]
      ,[CRED].[EMAIL]
      ,[CRED].[PTT]
      ,[CRED].[MOVIL]
      ,[CRED].[USUARIO_NOMBRE]
      ,[CRED].[USUARIO_PASSWORD]
      ,[CRED].[ID_ROL]
      ,[CRED].[ID_CREDENCIAL_SUPERIOR]

	   ,[AUTH].[ID_AUTORIDAD]
      ,[AUTH].[NOMBRE_AUTORIDAD]
      ,[AUTH].[ESTADO]
      ,[AUTH].[NIVEL]
      ,[AUTH].[SERVICIO]
      ,[AUTH].[ID_ZONA] 
         FROM 
  [SLOAA_TR_ORDEN_SERVICIO] [ORD]
 LEFT JOIN [SLOAA_TR_CREDENCIAL] [CRED] ON  [CRED].[ID_CREDENCIAL]=[ORD].[ID_CREDENCIAL]
 LEFT JOIN [SLOAA_TC_AUTORIDAD] [AUTH] ON  [AUTH].[ID_AUTORIDAD]=[CRED].[ID_AUTORIDAD]
  WHERE
  1=1
    AND  [AUTH].[ID_AUTORIDAD]=1
    AND  ([CRED].[ID_CREDENCIAL]=1   OR  [CRED].[ID_CREDENCIAL_SUPERIOR]=1    )
 ]
[2018-01-29T14:12:20.493] [INFO] ICC - RID:[1517256740334]-[SELECT]-[END]:[OK]
[2018-01-29T14:12:20.493] [INFO] ICC - RID:[1517256740334]-[REQUEST]-[END]:[/getAllOrdenServicio]
