[2018-02-01T17:12:16.650] [INFO] ICC - RID:[1517526736650]-[REQUEST]-[START]:[/defaultSelect]
[2018-02-01T17:12:16.650] [INFO] ICC - RID:[1517526736650]-[SELECT]-[START]
[2018-02-01T17:12:16.680] [INFO] ICC - RID:[1517526736650]-[SELECT]-[END]:[OK]
[2018-02-01T17:12:16.680] [INFO] ICC - RID:[1517526736650]-[REQUEST]-[END]:[/defaultSelect]
[2018-02-01T17:12:16.976] [INFO] ICC - RID:[1517526736976]-[REQUEST]-[START]:[/getAllOrdenServicio]
[2018-02-01T17:12:16.976] [INFO] ICC - RID:[1517526736976]-[SELECT]-[START]
[2018-02-01T17:12:17.002] [INFO] ICC - RID:[1517526736976]-[SELECT]-[END]:[OK]
[2018-02-01T17:12:17.002] [INFO] ICC - RID:[1517526736976]-[REQUEST]-[END]:[/getAllOrdenServicio]
[2018-02-01T17:12:28.769] [INFO] ICC - RID:[1517526748769]-[REQUEST]-[START]:[/getAllCotizacionXOrden]
[2018-02-01T17:12:28.769] [INFO] ICC - RID:[1517526748769]-[SELECT]-[START]
[2018-02-01T17:12:28.795] [INFO] ICC - RID:[1517526748769]-[SELECT]-[END]:[OK]
[2018-02-01T17:12:28.795] [INFO] ICC - RID:[1517526748769]-[REQUEST]-[END]:[/getAllCotizacionXOrden]
[2018-02-01T17:12:35.676] [INFO] ICC - RID:[1517526755676]-[REQUEST]-[START]:[/getAllOrdenServicio]
[2018-02-01T17:12:35.676] [INFO] ICC - RID:[1517526755676]-[SELECT]-[START]
[2018-02-01T17:12:35.707] [INFO] ICC - RID:[1517526755676]-[SELECT]-[END]:[OK]
[2018-02-01T17:12:35.707] [INFO] ICC - RID:[1517526755676]-[REQUEST]-[END]:[/getAllOrdenServicio]
[2018-02-01T17:15:21.745] [INFO] ICC - RID:[1517526921745]-[REQUEST]-[START]:[/getAllCotizacionXOrden]
[2018-02-01T17:15:21.745] [INFO] ICC - RID:[1517526921745]-[SELECT]-[START]
[2018-02-01T17:15:21.767] [INFO] ICC - RID:[1517526921745]-[SELECT]-[END]:[OK]
[2018-02-01T17:15:21.767] [INFO] ICC - RID:[1517526921745]-[REQUEST]-[END]:[/getAllCotizacionXOrden]
[2018-02-01T17:16:16.797] [INFO] ICC - RID:[1517526976797]-[REQUEST]-[START]:[/defaultSelect]
[2018-02-01T17:16:16.797] [INFO] ICC - RID:[1517526976797]-[SELECT]-[START]
[2018-02-01T17:16:16.821] [INFO] ICC - RID:[1517526976797]-[SELECT]-[END]:[OK]
[2018-02-01T17:16:16.821] [INFO] ICC - RID:[1517526976797]-[REQUEST]-[END]:[/defaultSelect]
[2018-02-01T17:16:17.029] [INFO] ICC - RID:[1517526977029]-[REQUEST]-[START]:[/getAllOrdenServicio]
[2018-02-01T17:16:17.029] [INFO] ICC - RID:[1517526977029]-[SELECT]-[START]
[2018-02-01T17:16:17.063] [INFO] ICC - RID:[1517526977029]-[SELECT]-[END]:[OK]
[2018-02-01T17:16:17.063] [INFO] ICC - RID:[1517526977029]-[REQUEST]-[END]:[/getAllOrdenServicio]
[2018-02-01T17:18:32.459] [INFO] ICC - RID:[1517527112458]-[REQUEST]-[START]:[/defaultSelect]
[2018-02-01T17:18:32.459] [INFO] ICC - RID:[1517527112458]-[SELECT]-[START]
[2018-02-01T17:18:32.487] [INFO] ICC - RID:[1517527112458]-[SELECT]-[END]:[OK]
[2018-02-01T17:18:32.487] [INFO] ICC - RID:[1517527112458]-[REQUEST]-[END]:[/defaultSelect]
[2018-02-01T17:18:32.732] [INFO] ICC - RID:[1517527112732]-[REQUEST]-[START]:[/getAllOrdenServicio]
[2018-02-01T17:18:32.732] [INFO] ICC - RID:[1517527112732]-[SELECT]-[START]
[2018-02-01T17:18:32.756] [INFO] ICC - RID:[1517527112732]-[SELECT]-[END]:[OK]
[2018-02-01T17:18:32.756] [INFO] ICC - RID:[1517527112732]-[REQUEST]-[END]:[/getAllOrdenServicio]
[2018-02-01T17:19:20.631] [INFO] ICC - RID:[1517527160631]-[REQUEST]-[START]:[/defaultSelect]
[2018-02-01T17:19:20.632] [INFO] ICC - RID:[1517527160631]-[SELECT]-[START]
[2018-02-01T17:19:20.654] [INFO] ICC - RID:[1517527160631]-[SELECT]-[END]:[OK]
[2018-02-01T17:19:20.654] [INFO] ICC - RID:[1517527160631]-[REQUEST]-[END]:[/defaultSelect]
[2018-02-01T17:19:21.487] [INFO] ICC - RID:[1517527161487]-[REQUEST]-[START]:[/getAllOrdenServicio]
[2018-02-01T17:19:21.487] [INFO] ICC - RID:[1517527161487]-[SELECT]-[START]
[2018-02-01T17:19:21.511] [INFO] ICC - RID:[1517527161487]-[SELECT]-[END]:[OK]
[2018-02-01T17:19:21.512] [INFO] ICC - RID:[1517527161487]-[REQUEST]-[END]:[/getAllOrdenServicio]
[2018-02-01T17:31:16.571] [INFO] ICC - RID:[1517527876571]-[REQUEST]-[START]:[/defaultSelect]
[2018-02-01T17:31:16.571] [INFO] ICC - RID:[1517527876571]-[SELECT]-[START]
[2018-02-01T17:31:16.593] [INFO] ICC - RID:[1517527876571]-[SELECT]-[END]:[OK]
[2018-02-01T17:31:16.593] [INFO] ICC - RID:[1517527876571]-[REQUEST]-[END]:[/defaultSelect]
[2018-02-01T17:31:17.398] [INFO] ICC - RID:[1517527877397]-[REQUEST]-[START]:[/getAllOrdenServicio]
[2018-02-01T17:31:17.398] [INFO] ICC - RID:[1517527877397]-[SELECT]-[START]
[2018-02-01T17:31:17.436] [INFO] ICC - RID:[1517527877397]-[SELECT]-[END]:[OK]
[2018-02-01T17:31:17.436] [INFO] ICC - RID:[1517527877397]-[REQUEST]-[END]:[/getAllOrdenServicio]
[2018-02-01T17:33:31.457] [INFO] ICC - RID:[1517528011456]-[REQUEST]-[START]:[/defaultSelect]
[2018-02-01T17:33:31.457] [INFO] ICC - RID:[1517528011456]-[SELECT]-[START]
[2018-02-01T17:33:31.483] [INFO] ICC - RID:[1517528011456]-[SELECT]-[END]:[OK]
[2018-02-01T17:33:31.483] [INFO] ICC - RID:[1517528011456]-[REQUEST]-[END]:[/defaultSelect]
[2018-02-01T17:33:31.808] [INFO] ICC - RID:[1517528011807]-[REQUEST]-[START]:[/getAllOrdenServicio]
[2018-02-01T17:33:31.808] [INFO] ICC - RID:[1517528011807]-[SELECT]-[START]
[2018-02-01T17:33:31.829] [INFO] ICC - RID:[1517528011807]-[SELECT]-[END]:[OK]
[2018-02-01T17:33:31.829] [INFO] ICC - RID:[1517528011807]-[REQUEST]-[END]:[/getAllOrdenServicio]
[2018-02-01T17:33:37.739] [INFO] ICC - RID:[1517528017739]-[REQUEST]-[START]:[/getAllCotizacionXOrden]
[2018-02-01T17:33:37.739] [INFO] ICC - RID:[1517528017739]-[SELECT]-[START]
[2018-02-01T17:33:37.775] [INFO] ICC - RID:[1517528017739]-[SELECT]-[END]:[OK]
[2018-02-01T17:33:37.776] [INFO] ICC - RID:[1517528017739]-[REQUEST]-[END]:[/getAllCotizacionXOrden]
[2018-02-01T17:33:42.206] [INFO] ICC - RID:[1517528022206]-[REQUEST]-[START]:[/getAllOrdenServicio]
[2018-02-01T17:33:42.206] [INFO] ICC - RID:[1517528022206]-[SELECT]-[START]
[2018-02-01T17:33:42.226] [INFO] ICC - RID:[1517528022206]-[SELECT]-[END]:[OK]
[2018-02-01T17:33:42.226] [INFO] ICC - RID:[1517528022206]-[REQUEST]-[END]:[/getAllOrdenServicio]
[2018-02-01T17:35:00.826] [INFO] ICC - RID:[1517528100826]-[REQUEST]-[START]:[/defaultSelect]
[2018-02-01T17:35:00.826] [INFO] ICC - RID:[1517528100826]-[SELECT]-[START]
[2018-02-01T17:35:00.849] [INFO] ICC - RID:[1517528100826]-[SELECT]-[END]:[OK]
[2018-02-01T17:35:00.850] [INFO] ICC - RID:[1517528100826]-[REQUEST]-[END]:[/defaultSelect]
[2018-02-01T17:35:01.080] [INFO] ICC - RID:[1517528101080]-[REQUEST]-[START]:[/getAllOrdenServicio]
[2018-02-01T17:35:01.080] [INFO] ICC - RID:[1517528101080]-[SELECT]-[START]
[2018-02-01T17:35:01.105] [INFO] ICC - RID:[1517528101080]-[SELECT]-[END]:[OK]
[2018-02-01T17:35:01.106] [INFO] ICC - RID:[1517528101080]-[REQUEST]-[END]:[/getAllOrdenServicio]
[2018-02-01T17:35:05.558] [INFO] ICC - RID:[1517528105558]-[REQUEST]-[START]:[/getAllCotizacionXOrden]
[2018-02-01T17:35:05.559] [INFO] ICC - RID:[1517528105558]-[SELECT]-[START]
[2018-02-01T17:35:05.596] [INFO] ICC - RID:[1517528105558]-[SELECT]-[END]:[OK]
[2018-02-01T17:35:05.596] [INFO] ICC - RID:[1517528105558]-[REQUEST]-[END]:[/getAllCotizacionXOrden]
[2018-02-01T17:35:36.364] [INFO] ICC - RID:[1517528136364]-[REQUEST]-[START]:[/getAllCotizacionXOrden]
[2018-02-01T17:35:36.364] [INFO] ICC - RID:[1517528136364]-[SELECT]-[START]
[2018-02-01T17:35:36.380] [INFO] ICC - RID:[1517528136364]-[SELECT]-[END]:[OK]
[2018-02-01T17:35:36.380] [INFO] ICC - RID:[1517528136364]-[REQUEST]-[END]:[/getAllCotizacionXOrden]
[2018-02-01T17:35:38.371] [INFO] ICC - RID:[1517528138371]-[REQUEST]-[START]:[/getAllOrdenServicio]
[2018-02-01T17:35:38.371] [INFO] ICC - RID:[1517528138371]-[SELECT]-[START]
[2018-02-01T17:35:38.397] [INFO] ICC - RID:[1517528138371]-[SELECT]-[END]:[OK]
[2018-02-01T17:35:38.398] [INFO] ICC - RID:[1517528138371]-[REQUEST]-[END]:[/getAllOrdenServicio]
[2018-02-01T17:35:40.650] [INFO] ICC - RID:[1517528140650]-[REQUEST]-[START]:[/getAllCotizacionXOrden]
[2018-02-01T17:35:40.651] [INFO] ICC - RID:[1517528140650]-[SELECT]-[START]
[2018-02-01T17:35:40.671] [INFO] ICC - RID:[1517528140650]-[SELECT]-[END]:[OK]
[2018-02-01T17:35:40.671] [INFO] ICC - RID:[1517528140650]-[REQUEST]-[END]:[/getAllCotizacionXOrden]
[2018-02-01T17:35:41.977] [INFO] ICC - RID:[1517528141977]-[REQUEST]-[START]:[/getAllCotizacionXOrden]
[2018-02-01T17:35:41.977] [INFO] ICC - RID:[1517528141977]-[SELECT]-[START]
[2018-02-01T17:35:41.992] [INFO] ICC - RID:[1517528141977]-[SELECT]-[END]:[OK]
[2018-02-01T17:35:41.992] [INFO] ICC - RID:[1517528141977]-[REQUEST]-[END]:[/getAllCotizacionXOrden]
[2018-02-01T17:35:56.303] [INFO] ICC - RID:[1517528156302]-[REQUEST]-[START]:[/getAllOrdenServicio]
[2018-02-01T17:35:56.303] [INFO] ICC - RID:[1517528156302]-[SELECT]-[START]
[2018-02-01T17:35:56.317] [INFO] ICC - RID:[1517528156302]-[SELECT]-[END]:[OK]
[2018-02-01T17:35:56.317] [INFO] ICC - RID:[1517528156302]-[REQUEST]-[END]:[/getAllOrdenServicio]
[2018-02-01T17:35:59.558] [INFO] ICC - RID:[1517528159558]-[REQUEST]-[START]:[/getAllOrdenServicio]
[2018-02-01T17:35:59.558] [INFO] ICC - RID:[1517528159558]-[SELECT]-[START]
[2018-02-01T17:35:59.582] [INFO] ICC - RID:[1517528159558]-[SELECT]-[END]:[OK]
[2018-02-01T17:35:59.582] [INFO] ICC - RID:[1517528159558]-[REQUEST]-[END]:[/getAllOrdenServicio]
[2018-02-01T17:36:39.112] [INFO] ICC - RID:[1517528199112]-[REQUEST]-[START]:[/defaultSelect]
[2018-02-01T17:36:39.112] [INFO] ICC - RID:[1517528199112]-[SELECT]-[START]
[2018-02-01T17:36:39.131] [INFO] ICC - RID:[1517528199112]-[SELECT]-[END]:[OK]
[2018-02-01T17:36:39.131] [INFO] ICC - RID:[1517528199112]-[REQUEST]-[END]:[/defaultSelect]
[2018-02-01T17:36:39.372] [INFO] ICC - RID:[1517528199372]-[REQUEST]-[START]:[/getAllOrdenServicio]
[2018-02-01T17:36:39.372] [INFO] ICC - RID:[1517528199372]-[SELECT]-[START]
[2018-02-01T17:36:39.407] [INFO] ICC - RID:[1517528199372]-[SELECT]-[END]:[OK]
[2018-02-01T17:36:39.407] [INFO] ICC - RID:[1517528199372]-[REQUEST]-[END]:[/getAllOrdenServicio]
[2018-02-01T17:37:10.391] [INFO] ICC - RID:[1517528230391]-[REQUEST]-[START]:[/defaultSelect]
[2018-02-01T17:37:10.391] [INFO] ICC - RID:[1517528230391]-[SELECT]-[START]
[2018-02-01T17:37:10.441] [INFO] ICC - RID:[1517528230391]-[SELECT]-[END]:[OK]
[2018-02-01T17:37:10.442] [INFO] ICC - RID:[1517528230391]-[REQUEST]-[END]:[/defaultSelect]
[2018-02-01T17:37:10.652] [INFO] ICC - RID:[1517528230652]-[REQUEST]-[START]:[/getAllOrdenServicio]
[2018-02-01T17:37:10.652] [INFO] ICC - RID:[1517528230652]-[SELECT]-[START]
[2018-02-01T17:37:10.677] [INFO] ICC - RID:[1517528230652]-[SELECT]-[END]:[OK]
[2018-02-01T17:37:10.678] [INFO] ICC - RID:[1517528230652]-[REQUEST]-[END]:[/getAllOrdenServicio]
[2018-02-01T17:41:44.350] [INFO] ICC - RID:[1517528504350]-[REQUEST]-[START]:[/defaultSelect]
[2018-02-01T17:41:44.351] [INFO] ICC - RID:[1517528504350]-[SELECT]-[START]
[2018-02-01T17:41:45.313] [INFO] ICC - RID:[1517528505313]-[REQUEST]-[START]:[/defaultSelect]
[2018-02-01T17:41:45.314] [INFO] ICC - RID:[1517528505313]-[SELECT]-[START]
[2018-02-01T17:41:45.331] [INFO] ICC - RID:[1517528505313]-[SELECT]-[END]:[OK]
[2018-02-01T17:41:45.331] [INFO] ICC - RID:[1517528505313]-[REQUEST]-[END]:[/defaultSelect]
