[2018-02-08T11:16:43.713] [INFO] ICC - RID:[1518110203713]-[REQUEST]-[START]:[/defaultSelect]
[2018-02-08T11:16:43.714] [INFO] ICC - RID:[1518110203713]-[SELECT]-[START]
[2018-02-08T11:16:43.714] [DEBUG] DCC - RID:[1518110203713]-[SELECT]-[QUERY]:[SELECT [CRED].[ID_CREDENCIAL]
      ,[CRED].[NOMBRE]
      ,[CRED].[USUARIO_NOMBRE]
      ,[CRED].[ID_AUTORIDAD]
	  ,[AUTH].[NOMBRE_AUTORIDAD]
	  ,[AUTH].[ID_ZONA]
         ,[CRED].[ID_ROL]
	  ,[ROL].[NOMBRE_ROL]
	  ,[ROL].[PRIVILEGIOS]
      ,[CRED].[ID_CREDENCIAL_SUPERIOR]
  FROM [dbo].[SLOAA_TR_CREDENCIAL] [CRED]
  LEFT JOIN  [dbo].[SLOAA_TC_AUTORIDAD] [AUTH] ON [CRED].[ID_AUTORIDAD]=[AUTH].[ID_AUTORIDAD]
  LEFT JOIN  [dbo].[SLOAA_TS_ROL] [ROL] ON [CRED].[ID_ROL]=[ROL].[ID_ROL]
  
  WHERE 
	            [CRED].[USUARIO_NOMBRE]='oscar.avilaper'
		AND [CRED].[USUARIO_PASSWORD]='54321']
[2018-02-08T11:16:43.745] [INFO] ICC - RID:[1518110203713]-[SELECT]-[END]:[OK]
[2018-02-08T11:16:43.745] [INFO] ICC - RID:[1518110203713]-[REQUEST]-[END]:[/defaultSelect]
[2018-02-08T11:16:44.008] [INFO] ICC - RID:[1518110204008]-[REQUEST]-[START]:[/getAllOrdenServicio]
[2018-02-08T11:16:44.008] [INFO] ICC - RID:[1518110204008]-[SELECT]-[START]
[2018-02-08T11:16:44.008] [DEBUG] DCC - RID:[1518110204008]-[SELECT]-[QUERY]:[SELECT  
	    [ORD].[ID_ORDEN_SERVICIO]
      ,[ORD].[NUM_ORDEN]
      ,[ORD].[FECHA_SOLICITUD]
      ,[ORD].[DOMICILIO]
      ,[ORD].[FIRMA1_USER1]
      ,[ORD].[FIRMA1_USER2]
      ,[ORD].[FIRMA2_USER1]
      ,[ORD].[FIRMA2_USER2]
      ,[ORD].[ID_STATUS]
      ,[ORD].[METAINFO_FECHA_CREACION]
      ,[ORD].[METAINFO_IP]
      ,[ORD].[METAINFO_MAC_ADRR]
      ,[ORD].[LLAVE_SISTEMA]
      ,[ORD].[CIERRE_TOTAL]
	  
	   ,[CRED].[ID_CREDENCIAL]
      ,[CRED].[NOMBRE]
      ,[CRED].[CARGO]
      ,[CRED].[TELEFONO]
      ,[CRED].[EXT]
      ,[CRED].[EMAIL]
      ,[CRED].[PTT]
      ,[CRED].[MOVIL]
      ,[CRED].[USUARIO_NOMBRE]
      ,[CRED].[ID_ROL]
      ,[CRED].[ID_CREDENCIAL_SUPERIOR]

	   ,[AUTH].[ID_AUTORIDAD]
      ,[AUTH].[NOMBRE_AUTORIDAD]
      ,[AUTH].[ESTADO]
      ,[AUTH].[NIVEL]
      ,[AUTH].[SERVICIO]
      ,[AUTH].[ID_ZONA] 
             ,[STATUS].[NOMBRE_STATUS]
  FROM 
  [SLOAA_TR_ORDEN_SERVICIO] [ORD]
 LEFT JOIN [SLOAA_TR_CREDENCIAL] [CRED] ON  [CRED].[ID_CREDENCIAL]=[ORD].[ID_CREDENCIAL]
 LEFT JOIN [SLOAA_TC_AUTORIDAD] [AUTH] ON  [AUTH].[ID_AUTORIDAD]=[CRED].[ID_AUTORIDAD]
 LEFT JOIN [dbo].[SLOAA_TC_STATUS] [STATUS] ON  [ORD].[ID_STATUS]=[STATUS].[ID_STATUS]
  WHERE
  1=1
 ]
[2018-02-08T11:16:44.028] [INFO] ICC - RID:[1518110204008]-[SELECT]-[END]:[OK]
[2018-02-08T11:16:44.029] [INFO] ICC - RID:[1518110204008]-[REQUEST]-[END]:[/getAllOrdenServicio]
[2018-02-08T11:16:46.586] [INFO] ICC - RID:[1518110206586]-[REQUEST]-[START]:[/getAllCotizacionXOrden]
[2018-02-08T11:16:46.587] [INFO] ICC - RID:[1518110206586]-[SELECT]-[START]
[2018-02-08T11:16:46.587] [DEBUG] DCC - RID:[1518110206586]-[SELECT]-[QUERY]:[SELECT COT.ID_SERVICIO_COTIZACION, COT.ID_ORDEN_SERVICIO, COT.ID_TIPO_SERVICIO, COT.ID_SERVICIO, COT.ID_UNIDAD, COT.ID_ZONA, COT.ID_SUBZONA, COT.ID_PRESTADOR_SERVICIO, COT.PRECIO_UNITARIO, COT.CANTIDAD, COT.COTIZACION, COT.DEDUCCION, COT.DEDUCCION_JUSTIFICACION, COT.PRECIO_SERVICIO_FINAL, SERV.NOMBRE_SERVICIO, TIPO.TIPO, PRES.NOMBRE, SUBZ.SUBZONA, ZONA.ZONA FROM SLOAA_TR_SERVICIO_COTIZACION COT INNER JOIN SLOAA_TR_PRECIO_UNITARIO UNIT ON COT.ID_TIPO_SERVICIO = UNIT.ID_TIPO_SERVICIO AND COT.ID_SERVICIO = UNIT.ID_SERVICIO AND COT.ID_UNIDAD = UNIT.ID_UNIDAD INNER JOIN SLOAA_TC_SERVICIO SERV ON SERV.ID_SERVICIO = UNIT.ID_SERVICIO AND SERV.ID_SERVICIO = UNIT.ID_SERVICIO INNER JOIN SLOAA_TC_TIPO_SERVICIO TIPO ON TIPO.ID_TIPO_SERVICIO = SERV.ID_TIPO_SERVICIO INNER JOIN SLOAA_TC_PRESTADOR_SERVICIOS_X_SERVICIO PRESERV ON PRESERV.ID_PRESTADOR_SERVICIO = COT.ID_PRESTADOR_SERVICIO AND PRESERV.ID_TIPO_SERVICIO = COT.ID_TIPO_SERVICIO AND PRESERV.ID_SERVICIO = COT.ID_SERVICIO INNER JOIN SLOAA_TC_PRESTADOR_SERVICIOS PRES ON PRES.ID_PRESTADOR_SERVICIO = PRESERV.ID_PRESTADOR_SERVICIO AND PRES.ID_ZONA = PRESERV.ID_ZONA AND PRES.ID_SUBZONA = PRESERV.ID_SUBZONA INNER JOIN SLOAA_TC_SUBZONA SUBZ ON SUBZ.ID_ZONA = PRES.ID_ZONA AND SUBZ.ID_SUBZONA = PRES.ID_SUBZONA INNER JOIN SLOAA_TC_ZONA ZONA ON ZONA.ID_ZONA = SUBZ.ID_ZONA 
                        WHERE ID_ORDEN_SERVICIO =270]
[2018-02-08T11:16:46.623] [INFO] ICC - RID:[1518110206586]-[SELECT]-[END]:[OK]
[2018-02-08T11:16:46.623] [INFO] ICC - RID:[1518110206586]-[REQUEST]-[END]:[/getAllCotizacionXOrden]
[2018-02-08T11:19:48.455] [INFO] ICC - RID:[1518110388455]-[REQUEST]-[START]:[/getAllOrdenServicio]
[2018-02-08T11:19:48.455] [INFO] ICC - RID:[1518110388455]-[SELECT]-[START]
[2018-02-08T11:19:48.455] [DEBUG] DCC - RID:[1518110388455]-[SELECT]-[QUERY]:[SELECT  
	    [ORD].[ID_ORDEN_SERVICIO]
      ,[ORD].[NUM_ORDEN]
      ,[ORD].[FECHA_SOLICITUD]
      ,[ORD].[DOMICILIO]
      ,[ORD].[FIRMA1_USER1]
      ,[ORD].[FIRMA1_USER2]
      ,[ORD].[FIRMA2_USER1]
      ,[ORD].[FIRMA2_USER2]
      ,[ORD].[ID_STATUS]
      ,[ORD].[METAINFO_FECHA_CREACION]
      ,[ORD].[METAINFO_IP]
      ,[ORD].[METAINFO_MAC_ADRR]
      ,[ORD].[LLAVE_SISTEMA]
      ,[ORD].[CIERRE_TOTAL]
	  
	   ,[CRED].[ID_CREDENCIAL]
      ,[CRED].[NOMBRE]
      ,[CRED].[CARGO]
      ,[CRED].[TELEFONO]
      ,[CRED].[EXT]
      ,[CRED].[EMAIL]
      ,[CRED].[PTT]
      ,[CRED].[MOVIL]
      ,[CRED].[USUARIO_NOMBRE]
      ,[CRED].[ID_ROL]
      ,[CRED].[ID_CREDENCIAL_SUPERIOR]

	   ,[AUTH].[ID_AUTORIDAD]
      ,[AUTH].[NOMBRE_AUTORIDAD]
      ,[AUTH].[ESTADO]
      ,[AUTH].[NIVEL]
      ,[AUTH].[SERVICIO]
      ,[AUTH].[ID_ZONA] 
             ,[STATUS].[NOMBRE_STATUS]
  FROM 
  [SLOAA_TR_ORDEN_SERVICIO] [ORD]
 LEFT JOIN [SLOAA_TR_CREDENCIAL] [CRED] ON  [CRED].[ID_CREDENCIAL]=[ORD].[ID_CREDENCIAL]
 LEFT JOIN [SLOAA_TC_AUTORIDAD] [AUTH] ON  [AUTH].[ID_AUTORIDAD]=[CRED].[ID_AUTORIDAD]
 LEFT JOIN [dbo].[SLOAA_TC_STATUS] [STATUS] ON  [ORD].[ID_STATUS]=[STATUS].[ID_STATUS]
  WHERE
  1=1
 ]
[2018-02-08T11:19:48.506] [INFO] ICC - RID:[1518110388455]-[SELECT]-[END]:[OK]
[2018-02-08T11:19:48.506] [INFO] ICC - RID:[1518110388455]-[REQUEST]-[END]:[/getAllOrdenServicio]
[2018-02-08T11:19:55.523] [INFO] ICC - RID:[1518110395523]-[REQUEST]-[START]:[/defaultSelect]
[2018-02-08T11:19:55.523] [INFO] ICC - RID:[1518110395523]-[SELECT]-[START]
[2018-02-08T11:19:55.523] [DEBUG] DCC - RID:[1518110395523]-[SELECT]-[QUERY]:[SELECT [CRED].[ID_CREDENCIAL]
      ,[CRED].[NOMBRE]
      ,[CRED].[USUARIO_NOMBRE]
      ,[CRED].[ID_AUTORIDAD]
	  ,[AUTH].[NOMBRE_AUTORIDAD]
	  ,[AUTH].[ID_ZONA]
         ,[CRED].[ID_ROL]
	  ,[ROL].[NOMBRE_ROL]
	  ,[ROL].[PRIVILEGIOS]
      ,[CRED].[ID_CREDENCIAL_SUPERIOR]
  FROM [dbo].[SLOAA_TR_CREDENCIAL] [CRED]
  LEFT JOIN  [dbo].[SLOAA_TC_AUTORIDAD] [AUTH] ON [CRED].[ID_AUTORIDAD]=[AUTH].[ID_AUTORIDAD]
  LEFT JOIN  [dbo].[SLOAA_TS_ROL] [ROL] ON [CRED].[ID_ROL]=[ROL].[ID_ROL]
  
  WHERE 
	            [CRED].[USUARIO_NOMBRE]='oscar.avilaper'
		AND [CRED].[USUARIO_PASSWORD]='54321']
[2018-02-08T11:19:55.541] [INFO] ICC - RID:[1518110395523]-[SELECT]-[END]:[OK]
[2018-02-08T11:19:55.541] [INFO] ICC - RID:[1518110395523]-[REQUEST]-[END]:[/defaultSelect]
[2018-02-08T11:19:55.878] [INFO] ICC - RID:[1518110395878]-[REQUEST]-[START]:[/getAllOrdenServicio]
[2018-02-08T11:19:55.878] [INFO] ICC - RID:[1518110395878]-[SELECT]-[START]
[2018-02-08T11:19:55.878] [DEBUG] DCC - RID:[1518110395878]-[SELECT]-[QUERY]:[SELECT  
	    [ORD].[ID_ORDEN_SERVICIO]
      ,[ORD].[NUM_ORDEN]
      ,[ORD].[FECHA_SOLICITUD]
      ,[ORD].[DOMICILIO]
      ,[ORD].[FIRMA1_USER1]
      ,[ORD].[FIRMA1_USER2]
      ,[ORD].[FIRMA2_USER1]
      ,[ORD].[FIRMA2_USER2]
      ,[ORD].[ID_STATUS]
      ,[ORD].[METAINFO_FECHA_CREACION]
      ,[ORD].[METAINFO_IP]
      ,[ORD].[METAINFO_MAC_ADRR]
      ,[ORD].[LLAVE_SISTEMA]
      ,[ORD].[CIERRE_TOTAL]
	  
	   ,[CRED].[ID_CREDENCIAL]
      ,[CRED].[NOMBRE]
      ,[CRED].[CARGO]
      ,[CRED].[TELEFONO]
      ,[CRED].[EXT]
      ,[CRED].[EMAIL]
      ,[CRED].[PTT]
      ,[CRED].[MOVIL]
      ,[CRED].[USUARIO_NOMBRE]
      ,[CRED].[ID_ROL]
      ,[CRED].[ID_CREDENCIAL_SUPERIOR]

	   ,[AUTH].[ID_AUTORIDAD]
      ,[AUTH].[NOMBRE_AUTORIDAD]
      ,[AUTH].[ESTADO]
      ,[AUTH].[NIVEL]
      ,[AUTH].[SERVICIO]
      ,[AUTH].[ID_ZONA] 
             ,[STATUS].[NOMBRE_STATUS]
  FROM 
  [SLOAA_TR_ORDEN_SERVICIO] [ORD]
 LEFT JOIN [SLOAA_TR_CREDENCIAL] [CRED] ON  [CRED].[ID_CREDENCIAL]=[ORD].[ID_CREDENCIAL]
 LEFT JOIN [SLOAA_TC_AUTORIDAD] [AUTH] ON  [AUTH].[ID_AUTORIDAD]=[CRED].[ID_AUTORIDAD]
 LEFT JOIN [dbo].[SLOAA_TC_STATUS] [STATUS] ON  [ORD].[ID_STATUS]=[STATUS].[ID_STATUS]
  WHERE
  1=1
 ]
[2018-02-08T11:19:55.899] [INFO] ICC - RID:[1518110395878]-[SELECT]-[END]:[OK]
[2018-02-08T11:19:55.899] [INFO] ICC - RID:[1518110395878]-[REQUEST]-[END]:[/getAllOrdenServicio]
[2018-02-08T11:19:59.085] [INFO] ICC - RID:[1518110399085]-[REQUEST]-[START]:[/createOrdenServicio]
[2018-02-08T11:19:59.085] [INFO] ICC - RID:[1518110399085]-[SELECT]-[START]
[2018-02-08T11:19:59.086] [DEBUG] DCC - RID:[1518110399085]-[SELECT]-[QUERY]:[SELECT [ID_AUTORIDAD]
      ,[NOMBRE_AUTORIDAD]
      ,[ESTADO]
      ,[NIVEL]
      ,[SERVICIO]
      ,[ID_ZONA]
  FROM [SOA_db].[dbo].[SLOAA_TC_AUTORIDAD]
  WHERE  [ID_AUTORIDAD]=103]
[2018-02-08T11:19:59.109] [INFO] ICC - RID:[1518110399085]-[SELECT]-[END]:[OK]
[2018-02-08T11:19:59.109] [INFO] ICC - RID:[1518110399085]-[SELECT]-[START]
[2018-02-08T11:19:59.109] [DEBUG] DCC - RID:[1518110399085]-[SELECT]-[QUERY]:[SELECT
	CASE
	WHEN  MAX([ORD].[NUM_ORDEN]) IS NULL THEN 1
	ELSE MAX([ORD].[NUM_ORDEN])+1
	END  NEW_ORDEN
      
  FROM [dbo].[SLOAA_TR_ORDEN_SERVICIO] [ORD]
  LEFT JOIN [dbo].[SLOAA_TR_CREDENCIAL] [CRED] ON [ORD].[ID_CREDENCIAL]=[CRED].[ID_CREDENCIAL]
  WHERE
  1=1
	AND YEAR([ORD].[METAINFO_FECHA_CREACION])= YEAR(GetDate()) 
	AND [CRED].[ID_AUTORIDAD]=103]
[2018-02-08T11:19:59.134] [INFO] ICC - RID:[1518110399085]-[SELECT]-[END]:[OK]
[2018-02-08T11:19:59.135] [INFO] ICC - RID:[1518110399085]-[FREE-DML]-[START]
[2018-02-08T11:19:59.135] [DEBUG] DCC - RID:[1518110399085]-[FREE-DML]-[DML]:[INSERT INTO [dbo].[SLOAA_TR_ORDEN_SERVICIO]
  (
		
       [ORD].[NUM_ORDEN]
      ,[ORD].[FECHA_SOLICITUD]
      ,[ORD].[ID_CREDENCIAL]
      ,[ORD].[DOMICILIO]
      ,[ORD].[ID_STATUS]
      ,[ORD].[METAINFO_FECHA_CREACION]
      ,[ORD].[METAINFO_IP]
      ,[ORD].[METAINFO_MAC_ADRR]
      ,[ORD].[LLAVE_SISTEMA]
	  )
	  VALUES
	  (
	    1,
		'2018-02-08T17:19:00.000Z',
		2,
		'test',
		1,
		'2018-02-08T17:19:59.085Z',
		'::1',
		' ????????',
		'TNRS-Ciudad de México -AORS 6 Ciudad de México -2018-1'
	  )]
[2018-02-08T11:19:59.186] [INFO] ICC - RID:[1518110399085]-[FREE-DML]-[END]:[OK]
[2018-02-08T11:19:59.186] [INFO] ICC - RID:[1518110399085]-[SELECT]-[START]
[2018-02-08T11:19:59.186] [DEBUG] DCC - RID:[1518110399085]-[SELECT]-[QUERY]:[SELECT 
       [ID_ORDEN_SERVICIO]
      ,[NUM_ORDEN]
      ,[FECHA_SOLICITUD]
      ,[ID_CREDENCIAL]
      ,[DOMICILIO]
      ,[FIRMA1_USER1]
      ,[FIRMA1_USER2]
      ,[FIRMA2_USER1]
      ,[FIRMA2_USER2]
      ,[ID_STATUS]
      ,[METAINFO_FECHA_CREACION]
      ,[METAINFO_IP]
      ,[METAINFO_MAC_ADRR]
      ,[LLAVE_SISTEMA]
  FROM [SOA_db].[dbo].[SLOAA_TR_ORDEN_SERVICIO]
  WHERE [METAINFO_FECHA_CREACION]='2018-02-08T17:19:59.085Z']
[2018-02-08T11:19:59.223] [INFO] ICC - RID:[1518110399085]-[SELECT]-[END]:[OK]
[2018-02-08T11:19:59.223] [INFO] ICC - RID:[1518110399085]-[REQUEST]-[END]:[/createOrdenServicio]
[2018-02-08T11:19:59.633] [INFO] ICC - RID:[1518110399633]-[REQUEST]-[START]:[/getAllCotizacionXOrden]
[2018-02-08T11:19:59.634] [DEBUG] DCC - {"missing":[{"requiredFieldName":"idOrdenServicio","requiredFieldType":"string"}]}
[2018-02-08T11:19:59.634] [ERROR] ECC - RID:[1518110399633]-[REQUEST]-[ERROR]:[Input parameter problem.]:[/getAllCotizacionXOrden]
[2018-02-08T11:19:59.901] [INFO] ICC - RID:[1518110399901]-[REQUEST]-[START]:[/getAllTipoServicio]
[2018-02-08T11:19:59.901] [INFO] ICC - RID:[1518110399901]-[SELECT]-[START]
[2018-02-08T11:19:59.902] [DEBUG] DCC - RID:[1518110399901]-[SELECT]-[QUERY]:[SELECT 
 DISTINCT([SEL].[ID_TIPO_SERVICIO]),
		  [SEL].[TIPO]
 FROM  (
		SELECT [PSXS].[ID_PRESTADOR_SERVICIO]
			  ,[PSXS].[ID_ZONA]
			  ,[PSXS].[ID_SUBZONA]
			  ,[PSXS].[ID_TIPO_SERVICIO]
			  ,[TS].[TIPO]
			  ,[PSXS].[ID_SERVICIO]
		  FROM [SLOAA_TC_PRESTADOR_SERVICIOS_X_SERVICIO] [PSXS]
		  LEFT JOIN [SLOAA_TC_TIPO_SERVICIO] [TS] ON [PSXS].[ID_TIPO_SERVICIO]=[TS].[ID_TIPO_SERVICIO]
		  WHERE 
		  1=1
		  AND [PSXS].[ID_ZONA]=3
  )[SEL] ]
[2018-02-08T11:19:59.928] [INFO] ICC - RID:[1518110399901]-[SELECT]-[END]:[OK]
[2018-02-08T11:19:59.928] [INFO] ICC - RID:[1518110399901]-[REQUEST]-[END]:[/getAllTipoServicio]
[2018-02-08T11:20:00.274] [INFO] ICC - RID:[1518110400274]-[REQUEST]-[START]:[/getAllSubZona]
[2018-02-08T11:20:00.274] [INFO] ICC - RID:[1518110400274]-[SELECT]-[START]
[2018-02-08T11:20:00.274] [DEBUG] DCC - RID:[1518110400274]-[SELECT]-[QUERY]:[SELECT [ID_SUBZONA],[SUBZONA] FROM [SLOAA_TC_SUBZONA] WHERE 1=1 AND [ID_ZONA]=3]
[2018-02-08T11:20:00.293] [INFO] ICC - RID:[1518110400274]-[SELECT]-[END]:[OK]
[2018-02-08T11:20:00.293] [INFO] ICC - RID:[1518110400274]-[REQUEST]-[END]:[/getAllSubZona]
[2018-02-08T11:20:00.566] [INFO] ICC - RID:[1518110400566]-[REQUEST]-[START]:[/getAllServicios]
[2018-02-08T11:20:00.567] [INFO] ICC - RID:[1518110400566]-[SELECT]-[START]
[2018-02-08T11:20:00.567] [DEBUG] DCC - RID:[1518110400566]-[SELECT]-[QUERY]:[SELECT 
 DISTINCT([SEL].[ID_SERVICIO]),
		  [SEL].[NOMBRE_SERVICIO]
 FROM  (
		SELECT [PSXS].[ID_PRESTADOR_SERVICIO]
			  ,[PSXS].[ID_ZONA]
			  ,[PSXS].[ID_SUBZONA]
			  ,[PSXS].[ID_TIPO_SERVICIO]
			  ,[PSXS].[ID_SERVICIO]
			  ,[SERV].[NOMBRE_SERVICIO]
		  FROM [SLOAA_TC_PRESTADOR_SERVICIOS_X_SERVICIO] [PSXS]
		  LEFT JOIN [SLOAA_TC_SERVICIO] [SERV] ON [PSXS].[ID_SERVICIO]=[SERV].[ID_SERVICIO]
		  WHERE 
		  1=1
		  AND [PSXS].[ID_ZONA]=3
		  AND [PSXS].[ID_SUBZONA]=1
		  AND [PSXS].[ID_TIPO_SERVICIO]=1
  )[SEL]]
[2018-02-08T11:20:00.596] [INFO] ICC - RID:[1518110400566]-[SELECT]-[END]:[OK]
[2018-02-08T11:20:00.596] [INFO] ICC - RID:[1518110400566]-[REQUEST]-[END]:[/getAllServicios]
[2018-02-08T11:20:00.918] [INFO] ICC - RID:[1518110400918]-[REQUEST]-[START]:[/getAllProvedores]
[2018-02-08T11:20:00.918] [INFO] ICC - RID:[1518110400918]-[SELECT]-[START]
[2018-02-08T11:20:00.918] [DEBUG] DCC - RID:[1518110400918]-[SELECT]-[QUERY]:[SELECT 
 DISTINCT([SEL].[ID_PRESTADOR_SERVICIO]),
		  [SEL].[NOMBRE]
 FROM  (
		SELECT [PSXS].[ID_PRESTADOR_SERVICIO]
			  ,[PSXS].[ID_ZONA]
			  ,[PSXS].[ID_SUBZONA]
			  ,[PSXS].[ID_TIPO_SERVICIO]
			  ,[PSXS].[ID_SERVICIO]
			  ,[PS].[NOMBRE]
			  ,[PS].[CORREO_ELECTRONICO]
		  FROM [SLOAA_TC_PRESTADOR_SERVICIOS_X_SERVICIO] [PSXS]
		  LEFT JOIN [SLOAA_TC_PRESTADOR_SERVICIOS] [PS] ON [PSXS].[ID_PRESTADOR_SERVICIO]=[PS].[ID_PRESTADOR_SERVICIO]
		  WHERE 
		  1=1
		  AND [PSXS].[ID_ZONA]=3
		  AND [PSXS].[ID_SUBZONA]=1
		  AND [PSXS].[ID_TIPO_SERVICIO]=1
		  AND [PSXS].[ID_SERVICIO]=1001
  )[SEL]]
[2018-02-08T11:20:00.944] [INFO] ICC - RID:[1518110400918]-[SELECT]-[END]:[OK]
[2018-02-08T11:20:00.944] [INFO] ICC - RID:[1518110400918]-[REQUEST]-[END]:[/getAllProvedores]
[2018-02-08T11:20:01.557] [INFO] ICC - RID:[1518110401557]-[REQUEST]-[START]:[/getUnidadYPrecioUnitarioXServicio]
[2018-02-08T11:20:01.557] [INFO] ICC - RID:[1518110401557]-[SELECT]-[START]
[2018-02-08T11:20:01.557] [DEBUG] DCC - RID:[1518110401557]-[SELECT]-[QUERY]:[SELECT [QRY].*,
	  [UNI].[UNIDAD]
	   FROM
(
  SELECT 
      DISTINCT([PU].[ID_UNIDAD]),
	  [PU].[PRECIO_UNITARIO]
  FROM [dbo].[SLOAA_TR_PRECIO_UNITARIO] [PU]
  WHERE 1=1 
  AND [PU].[ID_TIPO_SERVICIO]=1
  AND  [PU].[ID_SERVICIO]=1001
)[QRY]
LEFT JOIN [dbo].[SLOAA_TC_UNIDAD] [UNI] ON [QRY].[ID_UNIDAD]=[UNI].[ID_UNIDAD]]
[2018-02-08T11:20:01.580] [INFO] ICC - RID:[1518110401557]-[SELECT]-[END]:[OK]
[2018-02-08T11:20:01.580] [INFO] ICC - RID:[1518110401557]-[REQUEST]-[END]:[/getUnidadYPrecioUnitarioXServicio]
[2018-02-08T11:20:52.578] [INFO] ICC - RID:[1518110452578]-[REQUEST]-[START]:[/addCotizacion]
[2018-02-08T11:20:52.578] [INFO] ICC - RID:[1518110452578]-[FREE-DML]-[START]
[2018-02-08T11:20:52.579] [DEBUG] DCC - RID:[1518110452578]-[FREE-DML]-[DML]:[ INSERT INTO [dbo].[SLOAA_TR_SERVICIO_COTIZACION]
           (
            [ID_ORDEN_SERVICIO]
           ,[ID_TIPO_SERVICIO]
           ,[ID_SERVICIO]
           ,[ID_UNIDAD]
		   
		   
           ,[PRECIO_UNITARIO]
           ,[CANTIDAD]
           ,[COTIZACION]
		   
           ,[DEDUCCION_CANTIDAD]
           ,[DEDUCCION_TIEMPO]
           ,[CANCELACION]
           ,[DEDUCCION]
           ,[DEDUCCION_JUSTIFICACION]
           ,[PRECIO_SERVICIO_FINAL]
           ,[VALIDA_DISPONIBILIDAD]
           ,[ID_ZONA]
           ,[ID_SUBZONA]
           ,[ID_PRESTADOR_SERVICIO]
		   )
     VALUES
           (
		   271 
		   , 1 
		   , 1001 
		   , 1 
		   
		   , 780 
		   , 2 
		   , 1560 
		   
		   
		   
		   , 0 
		   , 0 
		   , 0 
		   , 0 
		   , '' 
		   , 0 
		   , 0 
		   , 3
		   , 1
		   , 1
		   )]
[2018-02-08T11:20:52.621] [INFO] ICC - RID:[1518110452578]-[FREE-DML]-[END]:[OK]
[2018-02-08T11:20:52.621] [INFO] ICC - RID:[1518110452578]-[REQUEST]-[END]:[/addCotizacion]
[2018-02-08T11:20:52.692] [INFO] ICC - RID:[1518110452692]-[REQUEST]-[START]:[/getAllCotizacionXOrden]
[2018-02-08T11:20:52.692] [INFO] ICC - RID:[1518110452692]-[SELECT]-[START]
[2018-02-08T11:20:52.692] [DEBUG] DCC - RID:[1518110452692]-[SELECT]-[QUERY]:[SELECT COT.ID_SERVICIO_COTIZACION, COT.ID_ORDEN_SERVICIO, COT.ID_TIPO_SERVICIO, COT.ID_SERVICIO, COT.ID_UNIDAD, COT.ID_ZONA, COT.ID_SUBZONA, COT.ID_PRESTADOR_SERVICIO, COT.PRECIO_UNITARIO, COT.CANTIDAD, COT.COTIZACION, COT.DEDUCCION, COT.DEDUCCION_JUSTIFICACION, COT.PRECIO_SERVICIO_FINAL, SERV.NOMBRE_SERVICIO, TIPO.TIPO, PRES.NOMBRE, SUBZ.SUBZONA, ZONA.ZONA FROM SLOAA_TR_SERVICIO_COTIZACION COT INNER JOIN SLOAA_TR_PRECIO_UNITARIO UNIT ON COT.ID_TIPO_SERVICIO = UNIT.ID_TIPO_SERVICIO AND COT.ID_SERVICIO = UNIT.ID_SERVICIO AND COT.ID_UNIDAD = UNIT.ID_UNIDAD INNER JOIN SLOAA_TC_SERVICIO SERV ON SERV.ID_SERVICIO = UNIT.ID_SERVICIO AND SERV.ID_SERVICIO = UNIT.ID_SERVICIO INNER JOIN SLOAA_TC_TIPO_SERVICIO TIPO ON TIPO.ID_TIPO_SERVICIO = SERV.ID_TIPO_SERVICIO INNER JOIN SLOAA_TC_PRESTADOR_SERVICIOS_X_SERVICIO PRESERV ON PRESERV.ID_PRESTADOR_SERVICIO = COT.ID_PRESTADOR_SERVICIO AND PRESERV.ID_TIPO_SERVICIO = COT.ID_TIPO_SERVICIO AND PRESERV.ID_SERVICIO = COT.ID_SERVICIO INNER JOIN SLOAA_TC_PRESTADOR_SERVICIOS PRES ON PRES.ID_PRESTADOR_SERVICIO = PRESERV.ID_PRESTADOR_SERVICIO AND PRES.ID_ZONA = PRESERV.ID_ZONA AND PRES.ID_SUBZONA = PRESERV.ID_SUBZONA INNER JOIN SLOAA_TC_SUBZONA SUBZ ON SUBZ.ID_ZONA = PRES.ID_ZONA AND SUBZ.ID_SUBZONA = PRES.ID_SUBZONA INNER JOIN SLOAA_TC_ZONA ZONA ON ZONA.ID_ZONA = SUBZ.ID_ZONA 
                        WHERE ID_ORDEN_SERVICIO =271]
[2018-02-08T11:20:52.768] [INFO] ICC - RID:[1518110452692]-[SELECT]-[END]:[OK]
[2018-02-08T11:20:52.768] [INFO] ICC - RID:[1518110452692]-[REQUEST]-[END]:[/getAllCotizacionXOrden]
[2018-02-08T11:20:59.495] [INFO] ICC - RID:[1518110459495]-[REQUEST]-[START]:[/getAllTipoServicio]
[2018-02-08T11:20:59.495] [INFO] ICC - RID:[1518110459495]-[SELECT]-[START]
[2018-02-08T11:20:59.495] [DEBUG] DCC - RID:[1518110459495]-[SELECT]-[QUERY]:[SELECT 
 DISTINCT([SEL].[ID_TIPO_SERVICIO]),
		  [SEL].[TIPO]
 FROM  (
		SELECT [PSXS].[ID_PRESTADOR_SERVICIO]
			  ,[PSXS].[ID_ZONA]
			  ,[PSXS].[ID_SUBZONA]
			  ,[PSXS].[ID_TIPO_SERVICIO]
			  ,[TS].[TIPO]
			  ,[PSXS].[ID_SERVICIO]
		  FROM [SLOAA_TC_PRESTADOR_SERVICIOS_X_SERVICIO] [PSXS]
		  LEFT JOIN [SLOAA_TC_TIPO_SERVICIO] [TS] ON [PSXS].[ID_TIPO_SERVICIO]=[TS].[ID_TIPO_SERVICIO]
		  WHERE 
		  1=1
		  AND [PSXS].[ID_ZONA]=3
  )[SEL] ]
[2018-02-08T11:20:59.516] [INFO] ICC - RID:[1518110459495]-[SELECT]-[END]:[OK]
[2018-02-08T11:20:59.516] [INFO] ICC - RID:[1518110459495]-[REQUEST]-[END]:[/getAllTipoServicio]
[2018-02-08T11:20:59.536] [INFO] ICC - RID:[1518110459536]-[REQUEST]-[START]:[/getAllSubZona]
[2018-02-08T11:20:59.536] [INFO] ICC - RID:[1518110459536]-[SELECT]-[START]
[2018-02-08T11:20:59.536] [DEBUG] DCC - RID:[1518110459536]-[SELECT]-[QUERY]:[SELECT [ID_SUBZONA],[SUBZONA] FROM [SLOAA_TC_SUBZONA] WHERE 1=1 AND [ID_ZONA]=3]
[2018-02-08T11:20:59.557] [INFO] ICC - RID:[1518110459536]-[SELECT]-[END]:[OK]
[2018-02-08T11:20:59.557] [INFO] ICC - RID:[1518110459536]-[REQUEST]-[END]:[/getAllSubZona]
[2018-02-08T11:20:59.579] [INFO] ICC - RID:[1518110459579]-[REQUEST]-[START]:[/getAllServicios]
[2018-02-08T11:20:59.580] [INFO] ICC - RID:[1518110459579]-[SELECT]-[START]
[2018-02-08T11:20:59.580] [DEBUG] DCC - RID:[1518110459579]-[SELECT]-[QUERY]:[SELECT 
 DISTINCT([SEL].[ID_SERVICIO]),
		  [SEL].[NOMBRE_SERVICIO]
 FROM  (
		SELECT [PSXS].[ID_PRESTADOR_SERVICIO]
			  ,[PSXS].[ID_ZONA]
			  ,[PSXS].[ID_SUBZONA]
			  ,[PSXS].[ID_TIPO_SERVICIO]
			  ,[PSXS].[ID_SERVICIO]
			  ,[SERV].[NOMBRE_SERVICIO]
		  FROM [SLOAA_TC_PRESTADOR_SERVICIOS_X_SERVICIO] [PSXS]
		  LEFT JOIN [SLOAA_TC_SERVICIO] [SERV] ON [PSXS].[ID_SERVICIO]=[SERV].[ID_SERVICIO]
		  WHERE 
		  1=1
		  AND [PSXS].[ID_ZONA]=3
		  AND [PSXS].[ID_SUBZONA]=1
		  AND [PSXS].[ID_TIPO_SERVICIO]=1
  )[SEL]]
[2018-02-08T11:20:59.603] [INFO] ICC - RID:[1518110459579]-[SELECT]-[END]:[OK]
[2018-02-08T11:20:59.603] [INFO] ICC - RID:[1518110459579]-[REQUEST]-[END]:[/getAllServicios]
[2018-02-08T11:20:59.627] [INFO] ICC - RID:[1518110459627]-[REQUEST]-[START]:[/getAllProvedores]
[2018-02-08T11:20:59.628] [INFO] ICC - RID:[1518110459627]-[SELECT]-[START]
[2018-02-08T11:20:59.628] [DEBUG] DCC - RID:[1518110459627]-[SELECT]-[QUERY]:[SELECT 
 DISTINCT([SEL].[ID_PRESTADOR_SERVICIO]),
		  [SEL].[NOMBRE]
 FROM  (
		SELECT [PSXS].[ID_PRESTADOR_SERVICIO]
			  ,[PSXS].[ID_ZONA]
			  ,[PSXS].[ID_SUBZONA]
			  ,[PSXS].[ID_TIPO_SERVICIO]
			  ,[PSXS].[ID_SERVICIO]
			  ,[PS].[NOMBRE]
			  ,[PS].[CORREO_ELECTRONICO]
		  FROM [SLOAA_TC_PRESTADOR_SERVICIOS_X_SERVICIO] [PSXS]
		  LEFT JOIN [SLOAA_TC_PRESTADOR_SERVICIOS] [PS] ON [PSXS].[ID_PRESTADOR_SERVICIO]=[PS].[ID_PRESTADOR_SERVICIO]
		  WHERE 
		  1=1
		  AND [PSXS].[ID_ZONA]=3
		  AND [PSXS].[ID_SUBZONA]=1
		  AND [PSXS].[ID_TIPO_SERVICIO]=1
		  AND [PSXS].[ID_SERVICIO]=1001
  )[SEL]]
[2018-02-08T11:20:59.652] [INFO] ICC - RID:[1518110459627]-[SELECT]-[END]:[OK]
[2018-02-08T11:20:59.652] [INFO] ICC - RID:[1518110459627]-[REQUEST]-[END]:[/getAllProvedores]
[2018-02-08T11:20:59.674] [INFO] ICC - RID:[1518110459674]-[REQUEST]-[START]:[/getUnidadYPrecioUnitarioXServicio]
[2018-02-08T11:20:59.674] [INFO] ICC - RID:[1518110459674]-[SELECT]-[START]
[2018-02-08T11:20:59.674] [DEBUG] DCC - RID:[1518110459674]-[SELECT]-[QUERY]:[SELECT [QRY].*,
	  [UNI].[UNIDAD]
	   FROM
(
  SELECT 
      DISTINCT([PU].[ID_UNIDAD]),
	  [PU].[PRECIO_UNITARIO]
  FROM [dbo].[SLOAA_TR_PRECIO_UNITARIO] [PU]
  WHERE 1=1 
  AND [PU].[ID_TIPO_SERVICIO]=1
  AND  [PU].[ID_SERVICIO]=1001
)[QRY]
LEFT JOIN [dbo].[SLOAA_TC_UNIDAD] [UNI] ON [QRY].[ID_UNIDAD]=[UNI].[ID_UNIDAD]]
[2018-02-08T11:20:59.799] [INFO] ICC - RID:[1518110459674]-[SELECT]-[END]:[OK]
[2018-02-08T11:20:59.799] [INFO] ICC - RID:[1518110459674]-[REQUEST]-[END]:[/getUnidadYPrecioUnitarioXServicio]
[2018-02-08T11:21:02.505] [INFO] ICC - RID:[1518110462505]-[REQUEST]-[START]:[/addCotizacion]
[2018-02-08T11:21:02.505] [INFO] ICC - RID:[1518110462505]-[FREE-DML]-[START]
[2018-02-08T11:21:02.505] [DEBUG] DCC - RID:[1518110462505]-[FREE-DML]-[DML]:[ INSERT INTO [dbo].[SLOAA_TR_SERVICIO_COTIZACION]
           (
            [ID_ORDEN_SERVICIO]
           ,[ID_TIPO_SERVICIO]
           ,[ID_SERVICIO]
           ,[ID_UNIDAD]
		   
		   
           ,[PRECIO_UNITARIO]
           ,[CANTIDAD]
           ,[COTIZACION]
		   
           ,[DEDUCCION_CANTIDAD]
           ,[DEDUCCION_TIEMPO]
           ,[CANCELACION]
           ,[DEDUCCION]
           ,[DEDUCCION_JUSTIFICACION]
           ,[PRECIO_SERVICIO_FINAL]
           ,[VALIDA_DISPONIBILIDAD]
           ,[ID_ZONA]
           ,[ID_SUBZONA]
           ,[ID_PRESTADOR_SERVICIO]
		   )
     VALUES
           (
		   271 
		   , 1 
		   , 1001 
		   , 1 
		   
		   , 780 
		   , 1 
		   , 780 
		   
		   
		   
		   , 0 
		   , 0 
		   , 0 
		   , 0 
		   , '' 
		   , 0 
		   , 0 
		   , 3
		   , 1
		   , 1
		   )]
[2018-02-08T11:21:02.543] [INFO] ICC - RID:[1518110462505]-[FREE-DML]-[END]:[OK]
[2018-02-08T11:21:02.543] [INFO] ICC - RID:[1518110462505]-[REQUEST]-[END]:[/addCotizacion]
[2018-02-08T11:21:02.621] [INFO] ICC - RID:[1518110462620]-[REQUEST]-[START]:[/getAllCotizacionXOrden]
[2018-02-08T11:21:02.621] [INFO] ICC - RID:[1518110462620]-[SELECT]-[START]
[2018-02-08T11:21:02.621] [DEBUG] DCC - RID:[1518110462620]-[SELECT]-[QUERY]:[SELECT COT.ID_SERVICIO_COTIZACION, COT.ID_ORDEN_SERVICIO, COT.ID_TIPO_SERVICIO, COT.ID_SERVICIO, COT.ID_UNIDAD, COT.ID_ZONA, COT.ID_SUBZONA, COT.ID_PRESTADOR_SERVICIO, COT.PRECIO_UNITARIO, COT.CANTIDAD, COT.COTIZACION, COT.DEDUCCION, COT.DEDUCCION_JUSTIFICACION, COT.PRECIO_SERVICIO_FINAL, SERV.NOMBRE_SERVICIO, TIPO.TIPO, PRES.NOMBRE, SUBZ.SUBZONA, ZONA.ZONA FROM SLOAA_TR_SERVICIO_COTIZACION COT INNER JOIN SLOAA_TR_PRECIO_UNITARIO UNIT ON COT.ID_TIPO_SERVICIO = UNIT.ID_TIPO_SERVICIO AND COT.ID_SERVICIO = UNIT.ID_SERVICIO AND COT.ID_UNIDAD = UNIT.ID_UNIDAD INNER JOIN SLOAA_TC_SERVICIO SERV ON SERV.ID_SERVICIO = UNIT.ID_SERVICIO AND SERV.ID_SERVICIO = UNIT.ID_SERVICIO INNER JOIN SLOAA_TC_TIPO_SERVICIO TIPO ON TIPO.ID_TIPO_SERVICIO = SERV.ID_TIPO_SERVICIO INNER JOIN SLOAA_TC_PRESTADOR_SERVICIOS_X_SERVICIO PRESERV ON PRESERV.ID_PRESTADOR_SERVICIO = COT.ID_PRESTADOR_SERVICIO AND PRESERV.ID_TIPO_SERVICIO = COT.ID_TIPO_SERVICIO AND PRESERV.ID_SERVICIO = COT.ID_SERVICIO INNER JOIN SLOAA_TC_PRESTADOR_SERVICIOS PRES ON PRES.ID_PRESTADOR_SERVICIO = PRESERV.ID_PRESTADOR_SERVICIO AND PRES.ID_ZONA = PRESERV.ID_ZONA AND PRES.ID_SUBZONA = PRESERV.ID_SUBZONA INNER JOIN SLOAA_TC_SUBZONA SUBZ ON SUBZ.ID_ZONA = PRES.ID_ZONA AND SUBZ.ID_SUBZONA = PRES.ID_SUBZONA INNER JOIN SLOAA_TC_ZONA ZONA ON ZONA.ID_ZONA = SUBZ.ID_ZONA 
                        WHERE ID_ORDEN_SERVICIO =271]
[2018-02-08T11:21:02.646] [INFO] ICC - RID:[1518110462620]-[SELECT]-[END]:[OK]
[2018-02-08T11:21:02.647] [INFO] ICC - RID:[1518110462620]-[REQUEST]-[END]:[/getAllCotizacionXOrden]
[2018-02-08T11:21:05.560] [INFO] ICC - RID:[1518110465560]-[REQUEST]-[START]:[/getAllTipoServicio]
[2018-02-08T11:21:05.560] [INFO] ICC - RID:[1518110465560]-[SELECT]-[START]
[2018-02-08T11:21:05.560] [DEBUG] DCC - RID:[1518110465560]-[SELECT]-[QUERY]:[SELECT 
 DISTINCT([SEL].[ID_TIPO_SERVICIO]),
		  [SEL].[TIPO]
 FROM  (
		SELECT [PSXS].[ID_PRESTADOR_SERVICIO]
			  ,[PSXS].[ID_ZONA]
			  ,[PSXS].[ID_SUBZONA]
			  ,[PSXS].[ID_TIPO_SERVICIO]
			  ,[TS].[TIPO]
			  ,[PSXS].[ID_SERVICIO]
		  FROM [SLOAA_TC_PRESTADOR_SERVICIOS_X_SERVICIO] [PSXS]
		  LEFT JOIN [SLOAA_TC_TIPO_SERVICIO] [TS] ON [PSXS].[ID_TIPO_SERVICIO]=[TS].[ID_TIPO_SERVICIO]
		  WHERE 
		  1=1
		  AND [PSXS].[ID_ZONA]=3
  )[SEL] ]
[2018-02-08T11:21:05.577] [INFO] ICC - RID:[1518110465560]-[SELECT]-[END]:[OK]
[2018-02-08T11:21:05.577] [INFO] ICC - RID:[1518110465560]-[REQUEST]-[END]:[/getAllTipoServicio]
[2018-02-08T11:21:05.601] [INFO] ICC - RID:[1518110465601]-[REQUEST]-[START]:[/getAllSubZona]
[2018-02-08T11:21:05.601] [INFO] ICC - RID:[1518110465601]-[SELECT]-[START]
[2018-02-08T11:21:05.601] [DEBUG] DCC - RID:[1518110465601]-[SELECT]-[QUERY]:[SELECT [ID_SUBZONA],[SUBZONA] FROM [SLOAA_TC_SUBZONA] WHERE 1=1 AND [ID_ZONA]=3]
[2018-02-08T11:21:05.621] [INFO] ICC - RID:[1518110465601]-[SELECT]-[END]:[OK]
[2018-02-08T11:21:05.621] [INFO] ICC - RID:[1518110465601]-[REQUEST]-[END]:[/getAllSubZona]
[2018-02-08T11:21:05.646] [INFO] ICC - RID:[1518110465646]-[REQUEST]-[START]:[/getAllServicios]
[2018-02-08T11:21:05.646] [INFO] ICC - RID:[1518110465646]-[SELECT]-[START]
[2018-02-08T11:21:05.646] [DEBUG] DCC - RID:[1518110465646]-[SELECT]-[QUERY]:[SELECT 
 DISTINCT([SEL].[ID_SERVICIO]),
		  [SEL].[NOMBRE_SERVICIO]
 FROM  (
		SELECT [PSXS].[ID_PRESTADOR_SERVICIO]
			  ,[PSXS].[ID_ZONA]
			  ,[PSXS].[ID_SUBZONA]
			  ,[PSXS].[ID_TIPO_SERVICIO]
			  ,[PSXS].[ID_SERVICIO]
			  ,[SERV].[NOMBRE_SERVICIO]
		  FROM [SLOAA_TC_PRESTADOR_SERVICIOS_X_SERVICIO] [PSXS]
		  LEFT JOIN [SLOAA_TC_SERVICIO] [SERV] ON [PSXS].[ID_SERVICIO]=[SERV].[ID_SERVICIO]
		  WHERE 
		  1=1
		  AND [PSXS].[ID_ZONA]=3
		  AND [PSXS].[ID_SUBZONA]=1
		  AND [PSXS].[ID_TIPO_SERVICIO]=1
  )[SEL]]
[2018-02-08T11:21:05.663] [INFO] ICC - RID:[1518110465646]-[SELECT]-[END]:[OK]
[2018-02-08T11:21:05.664] [INFO] ICC - RID:[1518110465646]-[REQUEST]-[END]:[/getAllServicios]
[2018-02-08T11:21:05.679] [INFO] ICC - RID:[1518110465679]-[REQUEST]-[START]:[/getAllProvedores]
[2018-02-08T11:21:05.680] [INFO] ICC - RID:[1518110465679]-[SELECT]-[START]
[2018-02-08T11:21:05.680] [DEBUG] DCC - RID:[1518110465679]-[SELECT]-[QUERY]:[SELECT 
 DISTINCT([SEL].[ID_PRESTADOR_SERVICIO]),
		  [SEL].[NOMBRE]
 FROM  (
		SELECT [PSXS].[ID_PRESTADOR_SERVICIO]
			  ,[PSXS].[ID_ZONA]
			  ,[PSXS].[ID_SUBZONA]
			  ,[PSXS].[ID_TIPO_SERVICIO]
			  ,[PSXS].[ID_SERVICIO]
			  ,[PS].[NOMBRE]
			  ,[PS].[CORREO_ELECTRONICO]
		  FROM [SLOAA_TC_PRESTADOR_SERVICIOS_X_SERVICIO] [PSXS]
		  LEFT JOIN [SLOAA_TC_PRESTADOR_SERVICIOS] [PS] ON [PSXS].[ID_PRESTADOR_SERVICIO]=[PS].[ID_PRESTADOR_SERVICIO]
		  WHERE 
		  1=1
		  AND [PSXS].[ID_ZONA]=3
		  AND [PSXS].[ID_SUBZONA]=1
		  AND [PSXS].[ID_TIPO_SERVICIO]=1
		  AND [PSXS].[ID_SERVICIO]=1001
  )[SEL]]
[2018-02-08T11:21:05.701] [INFO] ICC - RID:[1518110465679]-[SELECT]-[END]:[OK]
[2018-02-08T11:21:05.701] [INFO] ICC - RID:[1518110465679]-[REQUEST]-[END]:[/getAllProvedores]
[2018-02-08T11:21:05.737] [INFO] ICC - RID:[1518110465737]-[REQUEST]-[START]:[/getUnidadYPrecioUnitarioXServicio]
[2018-02-08T11:21:05.737] [INFO] ICC - RID:[1518110465737]-[SELECT]-[START]
[2018-02-08T11:21:05.738] [DEBUG] DCC - RID:[1518110465737]-[SELECT]-[QUERY]:[SELECT [QRY].*,
	  [UNI].[UNIDAD]
	   FROM
(
  SELECT 
      DISTINCT([PU].[ID_UNIDAD]),
	  [PU].[PRECIO_UNITARIO]
  FROM [dbo].[SLOAA_TR_PRECIO_UNITARIO] [PU]
  WHERE 1=1 
  AND [PU].[ID_TIPO_SERVICIO]=1
  AND  [PU].[ID_SERVICIO]=1001
)[QRY]
LEFT JOIN [dbo].[SLOAA_TC_UNIDAD] [UNI] ON [QRY].[ID_UNIDAD]=[UNI].[ID_UNIDAD]]
[2018-02-08T11:21:05.756] [INFO] ICC - RID:[1518110465737]-[SELECT]-[END]:[OK]
[2018-02-08T11:21:05.756] [INFO] ICC - RID:[1518110465737]-[REQUEST]-[END]:[/getUnidadYPrecioUnitarioXServicio]
[2018-02-08T11:21:07.308] [INFO] ICC - RID:[1518110467308]-[REQUEST]-[START]:[/getAllTipoServicio]
[2018-02-08T11:21:07.308] [INFO] ICC - RID:[1518110467308]-[SELECT]-[START]
[2018-02-08T11:21:07.308] [DEBUG] DCC - RID:[1518110467308]-[SELECT]-[QUERY]:[SELECT 
 DISTINCT([SEL].[ID_TIPO_SERVICIO]),
		  [SEL].[TIPO]
 FROM  (
		SELECT [PSXS].[ID_PRESTADOR_SERVICIO]
			  ,[PSXS].[ID_ZONA]
			  ,[PSXS].[ID_SUBZONA]
			  ,[PSXS].[ID_TIPO_SERVICIO]
			  ,[TS].[TIPO]
			  ,[PSXS].[ID_SERVICIO]
		  FROM [SLOAA_TC_PRESTADOR_SERVICIOS_X_SERVICIO] [PSXS]
		  LEFT JOIN [SLOAA_TC_TIPO_SERVICIO] [TS] ON [PSXS].[ID_TIPO_SERVICIO]=[TS].[ID_TIPO_SERVICIO]
		  WHERE 
		  1=1
		  AND [PSXS].[ID_ZONA]=3
  )[SEL] ]
[2018-02-08T11:21:07.325] [INFO] ICC - RID:[1518110467308]-[SELECT]-[END]:[OK]
[2018-02-08T11:21:07.325] [INFO] ICC - RID:[1518110467308]-[REQUEST]-[END]:[/getAllTipoServicio]
[2018-02-08T11:21:07.420] [INFO] ICC - RID:[1518110467420]-[REQUEST]-[START]:[/getAllSubZona]
[2018-02-08T11:21:07.421] [INFO] ICC - RID:[1518110467420]-[SELECT]-[START]
[2018-02-08T11:21:07.421] [DEBUG] DCC - RID:[1518110467420]-[SELECT]-[QUERY]:[SELECT [ID_SUBZONA],[SUBZONA] FROM [SLOAA_TC_SUBZONA] WHERE 1=1 AND [ID_ZONA]=3]
[2018-02-08T11:21:07.440] [INFO] ICC - RID:[1518110467420]-[SELECT]-[END]:[OK]
[2018-02-08T11:21:07.440] [INFO] ICC - RID:[1518110467420]-[REQUEST]-[END]:[/getAllSubZona]
[2018-02-08T11:21:07.468] [INFO] ICC - RID:[1518110467468]-[REQUEST]-[START]:[/getAllServicios]
[2018-02-08T11:21:07.468] [INFO] ICC - RID:[1518110467468]-[SELECT]-[START]
[2018-02-08T11:21:07.468] [DEBUG] DCC - RID:[1518110467468]-[SELECT]-[QUERY]:[SELECT 
 DISTINCT([SEL].[ID_SERVICIO]),
		  [SEL].[NOMBRE_SERVICIO]
 FROM  (
		SELECT [PSXS].[ID_PRESTADOR_SERVICIO]
			  ,[PSXS].[ID_ZONA]
			  ,[PSXS].[ID_SUBZONA]
			  ,[PSXS].[ID_TIPO_SERVICIO]
			  ,[PSXS].[ID_SERVICIO]
			  ,[SERV].[NOMBRE_SERVICIO]
		  FROM [SLOAA_TC_PRESTADOR_SERVICIOS_X_SERVICIO] [PSXS]
		  LEFT JOIN [SLOAA_TC_SERVICIO] [SERV] ON [PSXS].[ID_SERVICIO]=[SERV].[ID_SERVICIO]
		  WHERE 
		  1=1
		  AND [PSXS].[ID_ZONA]=3
		  AND [PSXS].[ID_SUBZONA]=1
		  AND [PSXS].[ID_TIPO_SERVICIO]=1
  )[SEL]]
[2018-02-08T11:21:07.489] [INFO] ICC - RID:[1518110467468]-[SELECT]-[END]:[OK]
[2018-02-08T11:21:07.489] [INFO] ICC - RID:[1518110467468]-[REQUEST]-[END]:[/getAllServicios]
[2018-02-08T11:21:07.522] [INFO] ICC - RID:[1518110467522]-[REQUEST]-[START]:[/getAllProvedores]
[2018-02-08T11:21:07.522] [INFO] ICC - RID:[1518110467522]-[SELECT]-[START]
[2018-02-08T11:21:07.523] [DEBUG] DCC - RID:[1518110467522]-[SELECT]-[QUERY]:[SELECT 
 DISTINCT([SEL].[ID_PRESTADOR_SERVICIO]),
		  [SEL].[NOMBRE]
 FROM  (
		SELECT [PSXS].[ID_PRESTADOR_SERVICIO]
			  ,[PSXS].[ID_ZONA]
			  ,[PSXS].[ID_SUBZONA]
			  ,[PSXS].[ID_TIPO_SERVICIO]
			  ,[PSXS].[ID_SERVICIO]
			  ,[PS].[NOMBRE]
			  ,[PS].[CORREO_ELECTRONICO]
		  FROM [SLOAA_TC_PRESTADOR_SERVICIOS_X_SERVICIO] [PSXS]
		  LEFT JOIN [SLOAA_TC_PRESTADOR_SERVICIOS] [PS] ON [PSXS].[ID_PRESTADOR_SERVICIO]=[PS].[ID_PRESTADOR_SERVICIO]
		  WHERE 
		  1=1
		  AND [PSXS].[ID_ZONA]=3
		  AND [PSXS].[ID_SUBZONA]=1
		  AND [PSXS].[ID_TIPO_SERVICIO]=1
		  AND [PSXS].[ID_SERVICIO]=1001
  )[SEL]]
[2018-02-08T11:21:07.542] [INFO] ICC - RID:[1518110467522]-[SELECT]-[END]:[OK]
[2018-02-08T11:21:07.542] [INFO] ICC - RID:[1518110467522]-[REQUEST]-[END]:[/getAllProvedores]
[2018-02-08T11:21:07.594] [INFO] ICC - RID:[1518110467594]-[REQUEST]-[START]:[/getUnidadYPrecioUnitarioXServicio]
[2018-02-08T11:21:07.595] [INFO] ICC - RID:[1518110467594]-[SELECT]-[START]
[2018-02-08T11:21:07.595] [DEBUG] DCC - RID:[1518110467594]-[SELECT]-[QUERY]:[SELECT [QRY].*,
	  [UNI].[UNIDAD]
	   FROM
(
  SELECT 
      DISTINCT([PU].[ID_UNIDAD]),
	  [PU].[PRECIO_UNITARIO]
  FROM [dbo].[SLOAA_TR_PRECIO_UNITARIO] [PU]
  WHERE 1=1 
  AND [PU].[ID_TIPO_SERVICIO]=1
  AND  [PU].[ID_SERVICIO]=1001
)[QRY]
LEFT JOIN [dbo].[SLOAA_TC_UNIDAD] [UNI] ON [QRY].[ID_UNIDAD]=[UNI].[ID_UNIDAD]]
[2018-02-08T11:21:07.610] [INFO] ICC - RID:[1518110467594]-[SELECT]-[END]:[OK]
[2018-02-08T11:21:07.610] [INFO] ICC - RID:[1518110467594]-[REQUEST]-[END]:[/getUnidadYPrecioUnitarioXServicio]
[2018-02-08T11:21:08.403] [INFO] ICC - RID:[1518110468403]-[REQUEST]-[START]:[/getAllTipoServicio]
[2018-02-08T11:21:08.403] [INFO] ICC - RID:[1518110468403]-[SELECT]-[START]
[2018-02-08T11:21:08.403] [DEBUG] DCC - RID:[1518110468403]-[SELECT]-[QUERY]:[SELECT 
 DISTINCT([SEL].[ID_TIPO_SERVICIO]),
		  [SEL].[TIPO]
 FROM  (
		SELECT [PSXS].[ID_PRESTADOR_SERVICIO]
			  ,[PSXS].[ID_ZONA]
			  ,[PSXS].[ID_SUBZONA]
			  ,[PSXS].[ID_TIPO_SERVICIO]
			  ,[TS].[TIPO]
			  ,[PSXS].[ID_SERVICIO]
		  FROM [SLOAA_TC_PRESTADOR_SERVICIOS_X_SERVICIO] [PSXS]
		  LEFT JOIN [SLOAA_TC_TIPO_SERVICIO] [TS] ON [PSXS].[ID_TIPO_SERVICIO]=[TS].[ID_TIPO_SERVICIO]
		  WHERE 
		  1=1
		  AND [PSXS].[ID_ZONA]=3
  )[SEL] ]
[2018-02-08T11:21:08.423] [INFO] ICC - RID:[1518110468403]-[SELECT]-[END]:[OK]
[2018-02-08T11:21:08.424] [INFO] ICC - RID:[1518110468403]-[REQUEST]-[END]:[/getAllTipoServicio]
[2018-02-08T11:21:08.479] [INFO] ICC - RID:[1518110468479]-[REQUEST]-[START]:[/getAllSubZona]
[2018-02-08T11:21:08.479] [INFO] ICC - RID:[1518110468479]-[SELECT]-[START]
[2018-02-08T11:21:08.480] [DEBUG] DCC - RID:[1518110468479]-[SELECT]-[QUERY]:[SELECT [ID_SUBZONA],[SUBZONA] FROM [SLOAA_TC_SUBZONA] WHERE 1=1 AND [ID_ZONA]=3]
[2018-02-08T11:21:08.502] [INFO] ICC - RID:[1518110468479]-[SELECT]-[END]:[OK]
[2018-02-08T11:21:08.502] [INFO] ICC - RID:[1518110468479]-[REQUEST]-[END]:[/getAllSubZona]
[2018-02-08T11:21:08.511] [INFO] ICC - RID:[1518110468511]-[REQUEST]-[START]:[/getAllServicios]
[2018-02-08T11:21:08.511] [INFO] ICC - RID:[1518110468511]-[SELECT]-[START]
[2018-02-08T11:21:08.511] [DEBUG] DCC - RID:[1518110468511]-[SELECT]-[QUERY]:[SELECT 
 DISTINCT([SEL].[ID_SERVICIO]),
		  [SEL].[NOMBRE_SERVICIO]
 FROM  (
		SELECT [PSXS].[ID_PRESTADOR_SERVICIO]
			  ,[PSXS].[ID_ZONA]
			  ,[PSXS].[ID_SUBZONA]
			  ,[PSXS].[ID_TIPO_SERVICIO]
			  ,[PSXS].[ID_SERVICIO]
			  ,[SERV].[NOMBRE_SERVICIO]
		  FROM [SLOAA_TC_PRESTADOR_SERVICIOS_X_SERVICIO] [PSXS]
		  LEFT JOIN [SLOAA_TC_SERVICIO] [SERV] ON [PSXS].[ID_SERVICIO]=[SERV].[ID_SERVICIO]
		  WHERE 
		  1=1
		  AND [PSXS].[ID_ZONA]=3
		  AND [PSXS].[ID_SUBZONA]=1
		  AND [PSXS].[ID_TIPO_SERVICIO]=1
  )[SEL]]
[2018-02-08T11:21:08.529] [INFO] ICC - RID:[1518110468511]-[SELECT]-[END]:[OK]
[2018-02-08T11:21:08.530] [INFO] ICC - RID:[1518110468511]-[REQUEST]-[END]:[/getAllServicios]
[2018-02-08T11:21:08.574] [INFO] ICC - RID:[1518110468574]-[REQUEST]-[START]:[/getAllProvedores]
[2018-02-08T11:21:08.574] [INFO] ICC - RID:[1518110468574]-[SELECT]-[START]
[2018-02-08T11:21:08.574] [DEBUG] DCC - RID:[1518110468574]-[SELECT]-[QUERY]:[SELECT 
 DISTINCT([SEL].[ID_PRESTADOR_SERVICIO]),
		  [SEL].[NOMBRE]
 FROM  (
		SELECT [PSXS].[ID_PRESTADOR_SERVICIO]
			  ,[PSXS].[ID_ZONA]
			  ,[PSXS].[ID_SUBZONA]
			  ,[PSXS].[ID_TIPO_SERVICIO]
			  ,[PSXS].[ID_SERVICIO]
			  ,[PS].[NOMBRE]
			  ,[PS].[CORREO_ELECTRONICO]
		  FROM [SLOAA_TC_PRESTADOR_SERVICIOS_X_SERVICIO] [PSXS]
		  LEFT JOIN [SLOAA_TC_PRESTADOR_SERVICIOS] [PS] ON [PSXS].[ID_PRESTADOR_SERVICIO]=[PS].[ID_PRESTADOR_SERVICIO]
		  WHERE 
		  1=1
		  AND [PSXS].[ID_ZONA]=3
		  AND [PSXS].[ID_SUBZONA]=1
		  AND [PSXS].[ID_TIPO_SERVICIO]=1
		  AND [PSXS].[ID_SERVICIO]=1001
  )[SEL]]
[2018-02-08T11:21:08.598] [INFO] ICC - RID:[1518110468574]-[SELECT]-[END]:[OK]
[2018-02-08T11:21:08.598] [INFO] ICC - RID:[1518110468574]-[REQUEST]-[END]:[/getAllProvedores]
[2018-02-08T11:21:08.632] [INFO] ICC - RID:[1518110468632]-[REQUEST]-[START]:[/getUnidadYPrecioUnitarioXServicio]
[2018-02-08T11:21:08.633] [INFO] ICC - RID:[1518110468632]-[SELECT]-[START]
[2018-02-08T11:21:08.633] [DEBUG] DCC - RID:[1518110468632]-[SELECT]-[QUERY]:[SELECT [QRY].*,
	  [UNI].[UNIDAD]
	   FROM
(
  SELECT 
      DISTINCT([PU].[ID_UNIDAD]),
	  [PU].[PRECIO_UNITARIO]
  FROM [dbo].[SLOAA_TR_PRECIO_UNITARIO] [PU]
  WHERE 1=1 
  AND [PU].[ID_TIPO_SERVICIO]=1
  AND  [PU].[ID_SERVICIO]=1001
)[QRY]
LEFT JOIN [dbo].[SLOAA_TC_UNIDAD] [UNI] ON [QRY].[ID_UNIDAD]=[UNI].[ID_UNIDAD]]
[2018-02-08T11:21:08.652] [INFO] ICC - RID:[1518110468632]-[SELECT]-[END]:[OK]
[2018-02-08T11:21:08.653] [INFO] ICC - RID:[1518110468632]-[REQUEST]-[END]:[/getUnidadYPrecioUnitarioXServicio]
[2018-02-08T11:21:09.912] [INFO] ICC - RID:[1518110469912]-[REQUEST]-[START]:[/getAllTipoServicio]
[2018-02-08T11:21:09.913] [INFO] ICC - RID:[1518110469912]-[SELECT]-[START]
[2018-02-08T11:21:09.913] [DEBUG] DCC - RID:[1518110469912]-[SELECT]-[QUERY]:[SELECT 
 DISTINCT([SEL].[ID_TIPO_SERVICIO]),
		  [SEL].[TIPO]
 FROM  (
		SELECT [PSXS].[ID_PRESTADOR_SERVICIO]
			  ,[PSXS].[ID_ZONA]
			  ,[PSXS].[ID_SUBZONA]
			  ,[PSXS].[ID_TIPO_SERVICIO]
			  ,[TS].[TIPO]
			  ,[PSXS].[ID_SERVICIO]
		  FROM [SLOAA_TC_PRESTADOR_SERVICIOS_X_SERVICIO] [PSXS]
		  LEFT JOIN [SLOAA_TC_TIPO_SERVICIO] [TS] ON [PSXS].[ID_TIPO_SERVICIO]=[TS].[ID_TIPO_SERVICIO]
		  WHERE 
		  1=1
		  AND [PSXS].[ID_ZONA]=3
  )[SEL] ]
[2018-02-08T11:21:09.935] [INFO] ICC - RID:[1518110469912]-[SELECT]-[END]:[OK]
[2018-02-08T11:21:09.935] [INFO] ICC - RID:[1518110469912]-[REQUEST]-[END]:[/getAllTipoServicio]
[2018-02-08T11:21:10.000] [INFO] ICC - RID:[1518110470000]-[REQUEST]-[START]:[/getAllSubZona]
[2018-02-08T11:21:10.000] [INFO] ICC - RID:[1518110470000]-[SELECT]-[START]
[2018-02-08T11:21:10.000] [DEBUG] DCC - RID:[1518110470000]-[SELECT]-[QUERY]:[SELECT [ID_SUBZONA],[SUBZONA] FROM [SLOAA_TC_SUBZONA] WHERE 1=1 AND [ID_ZONA]=3]
[2018-02-08T11:21:10.021] [INFO] ICC - RID:[1518110470000]-[SELECT]-[END]:[OK]
[2018-02-08T11:21:10.021] [INFO] ICC - RID:[1518110470000]-[REQUEST]-[END]:[/getAllSubZona]
[2018-02-08T11:21:10.032] [INFO] ICC - RID:[1518110470032]-[REQUEST]-[START]:[/getAllServicios]
[2018-02-08T11:21:10.033] [INFO] ICC - RID:[1518110470032]-[SELECT]-[START]
[2018-02-08T11:21:10.033] [DEBUG] DCC - RID:[1518110470032]-[SELECT]-[QUERY]:[SELECT 
 DISTINCT([SEL].[ID_SERVICIO]),
		  [SEL].[NOMBRE_SERVICIO]
 FROM  (
		SELECT [PSXS].[ID_PRESTADOR_SERVICIO]
			  ,[PSXS].[ID_ZONA]
			  ,[PSXS].[ID_SUBZONA]
			  ,[PSXS].[ID_TIPO_SERVICIO]
			  ,[PSXS].[ID_SERVICIO]
			  ,[SERV].[NOMBRE_SERVICIO]
		  FROM [SLOAA_TC_PRESTADOR_SERVICIOS_X_SERVICIO] [PSXS]
		  LEFT JOIN [SLOAA_TC_SERVICIO] [SERV] ON [PSXS].[ID_SERVICIO]=[SERV].[ID_SERVICIO]
		  WHERE 
		  1=1
		  AND [PSXS].[ID_ZONA]=3
		  AND [PSXS].[ID_SUBZONA]=1
		  AND [PSXS].[ID_TIPO_SERVICIO]=1
  )[SEL]]
[2018-02-08T11:21:10.055] [INFO] ICC - RID:[1518110470032]-[SELECT]-[END]:[OK]
[2018-02-08T11:21:10.055] [INFO] ICC - RID:[1518110470032]-[REQUEST]-[END]:[/getAllServicios]
[2018-02-08T11:21:10.093] [INFO] ICC - RID:[1518110470093]-[REQUEST]-[START]:[/getAllProvedores]
[2018-02-08T11:21:10.094] [INFO] ICC - RID:[1518110470093]-[SELECT]-[START]
[2018-02-08T11:21:10.094] [DEBUG] DCC - RID:[1518110470093]-[SELECT]-[QUERY]:[SELECT 
 DISTINCT([SEL].[ID_PRESTADOR_SERVICIO]),
		  [SEL].[NOMBRE]
 FROM  (
		SELECT [PSXS].[ID_PRESTADOR_SERVICIO]
			  ,[PSXS].[ID_ZONA]
			  ,[PSXS].[ID_SUBZONA]
			  ,[PSXS].[ID_TIPO_SERVICIO]
			  ,[PSXS].[ID_SERVICIO]
			  ,[PS].[NOMBRE]
			  ,[PS].[CORREO_ELECTRONICO]
		  FROM [SLOAA_TC_PRESTADOR_SERVICIOS_X_SERVICIO] [PSXS]
		  LEFT JOIN [SLOAA_TC_PRESTADOR_SERVICIOS] [PS] ON [PSXS].[ID_PRESTADOR_SERVICIO]=[PS].[ID_PRESTADOR_SERVICIO]
		  WHERE 
		  1=1
		  AND [PSXS].[ID_ZONA]=3
		  AND [PSXS].[ID_SUBZONA]=1
		  AND [PSXS].[ID_TIPO_SERVICIO]=1
		  AND [PSXS].[ID_SERVICIO]=1001
  )[SEL]]
[2018-02-08T11:21:10.115] [INFO] ICC - RID:[1518110470093]-[SELECT]-[END]:[OK]
[2018-02-08T11:21:10.115] [INFO] ICC - RID:[1518110470093]-[REQUEST]-[END]:[/getAllProvedores]
[2018-02-08T11:21:10.128] [INFO] ICC - RID:[1518110470128]-[REQUEST]-[START]:[/getUnidadYPrecioUnitarioXServicio]
[2018-02-08T11:21:10.128] [INFO] ICC - RID:[1518110470128]-[SELECT]-[START]
[2018-02-08T11:21:10.128] [DEBUG] DCC - RID:[1518110470128]-[SELECT]-[QUERY]:[SELECT [QRY].*,
	  [UNI].[UNIDAD]
	   FROM
(
  SELECT 
      DISTINCT([PU].[ID_UNIDAD]),
	  [PU].[PRECIO_UNITARIO]
  FROM [dbo].[SLOAA_TR_PRECIO_UNITARIO] [PU]
  WHERE 1=1 
  AND [PU].[ID_TIPO_SERVICIO]=1
  AND  [PU].[ID_SERVICIO]=1001
)[QRY]
LEFT JOIN [dbo].[SLOAA_TC_UNIDAD] [UNI] ON [QRY].[ID_UNIDAD]=[UNI].[ID_UNIDAD]]
[2018-02-08T11:21:10.152] [INFO] ICC - RID:[1518110470128]-[SELECT]-[END]:[OK]
[2018-02-08T11:21:10.152] [INFO] ICC - RID:[1518110470128]-[REQUEST]-[END]:[/getUnidadYPrecioUnitarioXServicio]
[2018-02-08T11:21:13.637] [INFO] ICC - RID:[1518110473637]-[REQUEST]-[START]:[/getAllOrdenServicio]
[2018-02-08T11:21:13.637] [INFO] ICC - RID:[1518110473637]-[SELECT]-[START]
[2018-02-08T11:21:13.637] [DEBUG] DCC - RID:[1518110473637]-[SELECT]-[QUERY]:[SELECT  
	    [ORD].[ID_ORDEN_SERVICIO]
      ,[ORD].[NUM_ORDEN]
      ,[ORD].[FECHA_SOLICITUD]
      ,[ORD].[DOMICILIO]
      ,[ORD].[FIRMA1_USER1]
      ,[ORD].[FIRMA1_USER2]
      ,[ORD].[FIRMA2_USER1]
      ,[ORD].[FIRMA2_USER2]
      ,[ORD].[ID_STATUS]
      ,[ORD].[METAINFO_FECHA_CREACION]
      ,[ORD].[METAINFO_IP]
      ,[ORD].[METAINFO_MAC_ADRR]
      ,[ORD].[LLAVE_SISTEMA]
      ,[ORD].[CIERRE_TOTAL]
	  
	   ,[CRED].[ID_CREDENCIAL]
      ,[CRED].[NOMBRE]
      ,[CRED].[CARGO]
      ,[CRED].[TELEFONO]
      ,[CRED].[EXT]
      ,[CRED].[EMAIL]
      ,[CRED].[PTT]
      ,[CRED].[MOVIL]
      ,[CRED].[USUARIO_NOMBRE]
      ,[CRED].[ID_ROL]
      ,[CRED].[ID_CREDENCIAL_SUPERIOR]

	   ,[AUTH].[ID_AUTORIDAD]
      ,[AUTH].[NOMBRE_AUTORIDAD]
      ,[AUTH].[ESTADO]
      ,[AUTH].[NIVEL]
      ,[AUTH].[SERVICIO]
      ,[AUTH].[ID_ZONA] 
             ,[STATUS].[NOMBRE_STATUS]
  FROM 
  [SLOAA_TR_ORDEN_SERVICIO] [ORD]
 LEFT JOIN [SLOAA_TR_CREDENCIAL] [CRED] ON  [CRED].[ID_CREDENCIAL]=[ORD].[ID_CREDENCIAL]
 LEFT JOIN [SLOAA_TC_AUTORIDAD] [AUTH] ON  [AUTH].[ID_AUTORIDAD]=[CRED].[ID_AUTORIDAD]
 LEFT JOIN [dbo].[SLOAA_TC_STATUS] [STATUS] ON  [ORD].[ID_STATUS]=[STATUS].[ID_STATUS]
  WHERE
  1=1
 ]
[2018-02-08T11:21:13.664] [INFO] ICC - RID:[1518110473637]-[SELECT]-[END]:[OK]
[2018-02-08T11:21:13.664] [INFO] ICC - RID:[1518110473637]-[REQUEST]-[END]:[/getAllOrdenServicio]
