[2018-02-08T11:16:43.713] [INFO] ICC - RID:[1518110203713]-[REQUEST]-[START]:[/defaultSelect]
[2018-02-08T11:16:43.714] [INFO] ICC - RID:[1518110203713]-[SELECT]-[START]
[2018-02-08T11:16:43.745] [INFO] ICC - RID:[1518110203713]-[SELECT]-[END]:[OK]
[2018-02-08T11:16:43.745] [INFO] ICC - RID:[1518110203713]-[REQUEST]-[END]:[/defaultSelect]
[2018-02-08T11:16:44.008] [INFO] ICC - RID:[1518110204008]-[REQUEST]-[START]:[/getAllOrdenServicio]
[2018-02-08T11:16:44.008] [INFO] ICC - RID:[1518110204008]-[SELECT]-[START]
[2018-02-08T11:16:44.028] [INFO] ICC - RID:[1518110204008]-[SELECT]-[END]:[OK]
[2018-02-08T11:16:44.029] [INFO] ICC - RID:[1518110204008]-[REQUEST]-[END]:[/getAllOrdenServicio]
[2018-02-08T11:16:46.586] [INFO] ICC - RID:[1518110206586]-[REQUEST]-[START]:[/getAllCotizacionXOrden]
[2018-02-08T11:16:46.587] [INFO] ICC - RID:[1518110206586]-[SELECT]-[START]
[2018-02-08T11:16:46.623] [INFO] ICC - RID:[1518110206586]-[SELECT]-[END]:[OK]
[2018-02-08T11:16:46.623] [INFO] ICC - RID:[1518110206586]-[REQUEST]-[END]:[/getAllCotizacionXOrden]
[2018-02-08T11:19:48.455] [INFO] ICC - RID:[1518110388455]-[REQUEST]-[START]:[/getAllOrdenServicio]
[2018-02-08T11:19:48.455] [INFO] ICC - RID:[1518110388455]-[SELECT]-[START]
[2018-02-08T11:19:48.506] [INFO] ICC - RID:[1518110388455]-[SELECT]-[END]:[OK]
[2018-02-08T11:19:48.506] [INFO] ICC - RID:[1518110388455]-[REQUEST]-[END]:[/getAllOrdenServicio]
[2018-02-08T11:19:55.523] [INFO] ICC - RID:[1518110395523]-[REQUEST]-[START]:[/defaultSelect]
[2018-02-08T11:19:55.523] [INFO] ICC - RID:[1518110395523]-[SELECT]-[START]
[2018-02-08T11:19:55.541] [INFO] ICC - RID:[1518110395523]-[SELECT]-[END]:[OK]
[2018-02-08T11:19:55.541] [INFO] ICC - RID:[1518110395523]-[REQUEST]-[END]:[/defaultSelect]
[2018-02-08T11:19:55.878] [INFO] ICC - RID:[1518110395878]-[REQUEST]-[START]:[/getAllOrdenServicio]
[2018-02-08T11:19:55.878] [INFO] ICC - RID:[1518110395878]-[SELECT]-[START]
[2018-02-08T11:19:55.899] [INFO] ICC - RID:[1518110395878]-[SELECT]-[END]:[OK]
[2018-02-08T11:19:55.899] [INFO] ICC - RID:[1518110395878]-[REQUEST]-[END]:[/getAllOrdenServicio]
[2018-02-08T11:19:59.085] [INFO] ICC - RID:[1518110399085]-[REQUEST]-[START]:[/createOrdenServicio]
[2018-02-08T11:19:59.085] [INFO] ICC - RID:[1518110399085]-[SELECT]-[START]
[2018-02-08T11:19:59.109] [INFO] ICC - RID:[1518110399085]-[SELECT]-[END]:[OK]
[2018-02-08T11:19:59.109] [INFO] ICC - RID:[1518110399085]-[SELECT]-[START]
[2018-02-08T11:19:59.134] [INFO] ICC - RID:[1518110399085]-[SELECT]-[END]:[OK]
[2018-02-08T11:19:59.135] [INFO] ICC - RID:[1518110399085]-[FREE-DML]-[START]
[2018-02-08T11:19:59.186] [INFO] ICC - RID:[1518110399085]-[FREE-DML]-[END]:[OK]
[2018-02-08T11:19:59.186] [INFO] ICC - RID:[1518110399085]-[SELECT]-[START]
[2018-02-08T11:19:59.223] [INFO] ICC - RID:[1518110399085]-[SELECT]-[END]:[OK]
[2018-02-08T11:19:59.223] [INFO] ICC - RID:[1518110399085]-[REQUEST]-[END]:[/createOrdenServicio]
[2018-02-08T11:19:59.633] [INFO] ICC - RID:[1518110399633]-[REQUEST]-[START]:[/getAllCotizacionXOrden]
[2018-02-08T11:19:59.634] [ERROR] ECC - RID:[1518110399633]-[REQUEST]-[ERROR]:[Input parameter problem.]:[/getAllCotizacionXOrden]
[2018-02-08T11:19:59.901] [INFO] ICC - RID:[1518110399901]-[REQUEST]-[START]:[/getAllTipoServicio]
[2018-02-08T11:19:59.901] [INFO] ICC - RID:[1518110399901]-[SELECT]-[START]
[2018-02-08T11:19:59.928] [INFO] ICC - RID:[1518110399901]-[SELECT]-[END]:[OK]
[2018-02-08T11:19:59.928] [INFO] ICC - RID:[1518110399901]-[REQUEST]-[END]:[/getAllTipoServicio]
[2018-02-08T11:20:00.274] [INFO] ICC - RID:[1518110400274]-[REQUEST]-[START]:[/getAllSubZona]
[2018-02-08T11:20:00.274] [INFO] ICC - RID:[1518110400274]-[SELECT]-[START]
[2018-02-08T11:20:00.293] [INFO] ICC - RID:[1518110400274]-[SELECT]-[END]:[OK]
[2018-02-08T11:20:00.293] [INFO] ICC - RID:[1518110400274]-[REQUEST]-[END]:[/getAllSubZona]
[2018-02-08T11:20:00.566] [INFO] ICC - RID:[1518110400566]-[REQUEST]-[START]:[/getAllServicios]
[2018-02-08T11:20:00.567] [INFO] ICC - RID:[1518110400566]-[SELECT]-[START]
[2018-02-08T11:20:00.596] [INFO] ICC - RID:[1518110400566]-[SELECT]-[END]:[OK]
[2018-02-08T11:20:00.596] [INFO] ICC - RID:[1518110400566]-[REQUEST]-[END]:[/getAllServicios]
[2018-02-08T11:20:00.918] [INFO] ICC - RID:[1518110400918]-[REQUEST]-[START]:[/getAllProvedores]
[2018-02-08T11:20:00.918] [INFO] ICC - RID:[1518110400918]-[SELECT]-[START]
[2018-02-08T11:20:00.944] [INFO] ICC - RID:[1518110400918]-[SELECT]-[END]:[OK]
[2018-02-08T11:20:00.944] [INFO] ICC - RID:[1518110400918]-[REQUEST]-[END]:[/getAllProvedores]
[2018-02-08T11:20:01.557] [INFO] ICC - RID:[1518110401557]-[REQUEST]-[START]:[/getUnidadYPrecioUnitarioXServicio]
[2018-02-08T11:20:01.557] [INFO] ICC - RID:[1518110401557]-[SELECT]-[START]
[2018-02-08T11:20:01.580] [INFO] ICC - RID:[1518110401557]-[SELECT]-[END]:[OK]
[2018-02-08T11:20:01.580] [INFO] ICC - RID:[1518110401557]-[REQUEST]-[END]:[/getUnidadYPrecioUnitarioXServicio]
[2018-02-08T11:20:52.578] [INFO] ICC - RID:[1518110452578]-[REQUEST]-[START]:[/addCotizacion]
[2018-02-08T11:20:52.578] [INFO] ICC - RID:[1518110452578]-[FREE-DML]-[START]
[2018-02-08T11:20:52.621] [INFO] ICC - RID:[1518110452578]-[FREE-DML]-[END]:[OK]
[2018-02-08T11:20:52.621] [INFO] ICC - RID:[1518110452578]-[REQUEST]-[END]:[/addCotizacion]
[2018-02-08T11:20:52.692] [INFO] ICC - RID:[1518110452692]-[REQUEST]-[START]:[/getAllCotizacionXOrden]
[2018-02-08T11:20:52.692] [INFO] ICC - RID:[1518110452692]-[SELECT]-[START]
[2018-02-08T11:20:52.768] [INFO] ICC - RID:[1518110452692]-[SELECT]-[END]:[OK]
[2018-02-08T11:20:52.768] [INFO] ICC - RID:[1518110452692]-[REQUEST]-[END]:[/getAllCotizacionXOrden]
[2018-02-08T11:20:59.495] [INFO] ICC - RID:[1518110459495]-[REQUEST]-[START]:[/getAllTipoServicio]
[2018-02-08T11:20:59.495] [INFO] ICC - RID:[1518110459495]-[SELECT]-[START]
[2018-02-08T11:20:59.516] [INFO] ICC - RID:[1518110459495]-[SELECT]-[END]:[OK]
[2018-02-08T11:20:59.516] [INFO] ICC - RID:[1518110459495]-[REQUEST]-[END]:[/getAllTipoServicio]
[2018-02-08T11:20:59.536] [INFO] ICC - RID:[1518110459536]-[REQUEST]-[START]:[/getAllSubZona]
[2018-02-08T11:20:59.536] [INFO] ICC - RID:[1518110459536]-[SELECT]-[START]
[2018-02-08T11:20:59.557] [INFO] ICC - RID:[1518110459536]-[SELECT]-[END]:[OK]
[2018-02-08T11:20:59.557] [INFO] ICC - RID:[1518110459536]-[REQUEST]-[END]:[/getAllSubZona]
[2018-02-08T11:20:59.579] [INFO] ICC - RID:[1518110459579]-[REQUEST]-[START]:[/getAllServicios]
[2018-02-08T11:20:59.580] [INFO] ICC - RID:[1518110459579]-[SELECT]-[START]
[2018-02-08T11:20:59.603] [INFO] ICC - RID:[1518110459579]-[SELECT]-[END]:[OK]
[2018-02-08T11:20:59.603] [INFO] ICC - RID:[1518110459579]-[REQUEST]-[END]:[/getAllServicios]
[2018-02-08T11:20:59.627] [INFO] ICC - RID:[1518110459627]-[REQUEST]-[START]:[/getAllProvedores]
[2018-02-08T11:20:59.628] [INFO] ICC - RID:[1518110459627]-[SELECT]-[START]
[2018-02-08T11:20:59.652] [INFO] ICC - RID:[1518110459627]-[SELECT]-[END]:[OK]
[2018-02-08T11:20:59.652] [INFO] ICC - RID:[1518110459627]-[REQUEST]-[END]:[/getAllProvedores]
[2018-02-08T11:20:59.674] [INFO] ICC - RID:[1518110459674]-[REQUEST]-[START]:[/getUnidadYPrecioUnitarioXServicio]
[2018-02-08T11:20:59.674] [INFO] ICC - RID:[1518110459674]-[SELECT]-[START]
[2018-02-08T11:20:59.799] [INFO] ICC - RID:[1518110459674]-[SELECT]-[END]:[OK]
[2018-02-08T11:20:59.799] [INFO] ICC - RID:[1518110459674]-[REQUEST]-[END]:[/getUnidadYPrecioUnitarioXServicio]
[2018-02-08T11:21:02.505] [INFO] ICC - RID:[1518110462505]-[REQUEST]-[START]:[/addCotizacion]
[2018-02-08T11:21:02.505] [INFO] ICC - RID:[1518110462505]-[FREE-DML]-[START]
[2018-02-08T11:21:02.543] [INFO] ICC - RID:[1518110462505]-[FREE-DML]-[END]:[OK]
[2018-02-08T11:21:02.543] [INFO] ICC - RID:[1518110462505]-[REQUEST]-[END]:[/addCotizacion]
[2018-02-08T11:21:02.621] [INFO] ICC - RID:[1518110462620]-[REQUEST]-[START]:[/getAllCotizacionXOrden]
[2018-02-08T11:21:02.621] [INFO] ICC - RID:[1518110462620]-[SELECT]-[START]
[2018-02-08T11:21:02.646] [INFO] ICC - RID:[1518110462620]-[SELECT]-[END]:[OK]
[2018-02-08T11:21:02.647] [INFO] ICC - RID:[1518110462620]-[REQUEST]-[END]:[/getAllCotizacionXOrden]
[2018-02-08T11:21:05.560] [INFO] ICC - RID:[1518110465560]-[REQUEST]-[START]:[/getAllTipoServicio]
[2018-02-08T11:21:05.560] [INFO] ICC - RID:[1518110465560]-[SELECT]-[START]
[2018-02-08T11:21:05.577] [INFO] ICC - RID:[1518110465560]-[SELECT]-[END]:[OK]
[2018-02-08T11:21:05.577] [INFO] ICC - RID:[1518110465560]-[REQUEST]-[END]:[/getAllTipoServicio]
[2018-02-08T11:21:05.601] [INFO] ICC - RID:[1518110465601]-[REQUEST]-[START]:[/getAllSubZona]
[2018-02-08T11:21:05.601] [INFO] ICC - RID:[1518110465601]-[SELECT]-[START]
[2018-02-08T11:21:05.621] [INFO] ICC - RID:[1518110465601]-[SELECT]-[END]:[OK]
[2018-02-08T11:21:05.621] [INFO] ICC - RID:[1518110465601]-[REQUEST]-[END]:[/getAllSubZona]
[2018-02-08T11:21:05.646] [INFO] ICC - RID:[1518110465646]-[REQUEST]-[START]:[/getAllServicios]
[2018-02-08T11:21:05.646] [INFO] ICC - RID:[1518110465646]-[SELECT]-[START]
[2018-02-08T11:21:05.663] [INFO] ICC - RID:[1518110465646]-[SELECT]-[END]:[OK]
[2018-02-08T11:21:05.664] [INFO] ICC - RID:[1518110465646]-[REQUEST]-[END]:[/getAllServicios]
[2018-02-08T11:21:05.679] [INFO] ICC - RID:[1518110465679]-[REQUEST]-[START]:[/getAllProvedores]
[2018-02-08T11:21:05.680] [INFO] ICC - RID:[1518110465679]-[SELECT]-[START]
[2018-02-08T11:21:05.701] [INFO] ICC - RID:[1518110465679]-[SELECT]-[END]:[OK]
[2018-02-08T11:21:05.701] [INFO] ICC - RID:[1518110465679]-[REQUEST]-[END]:[/getAllProvedores]
[2018-02-08T11:21:05.737] [INFO] ICC - RID:[1518110465737]-[REQUEST]-[START]:[/getUnidadYPrecioUnitarioXServicio]
[2018-02-08T11:21:05.737] [INFO] ICC - RID:[1518110465737]-[SELECT]-[START]
[2018-02-08T11:21:05.756] [INFO] ICC - RID:[1518110465737]-[SELECT]-[END]:[OK]
[2018-02-08T11:21:05.756] [INFO] ICC - RID:[1518110465737]-[REQUEST]-[END]:[/getUnidadYPrecioUnitarioXServicio]
[2018-02-08T11:21:07.308] [INFO] ICC - RID:[1518110467308]-[REQUEST]-[START]:[/getAllTipoServicio]
[2018-02-08T11:21:07.308] [INFO] ICC - RID:[1518110467308]-[SELECT]-[START]
[2018-02-08T11:21:07.325] [INFO] ICC - RID:[1518110467308]-[SELECT]-[END]:[OK]
[2018-02-08T11:21:07.325] [INFO] ICC - RID:[1518110467308]-[REQUEST]-[END]:[/getAllTipoServicio]
[2018-02-08T11:21:07.420] [INFO] ICC - RID:[1518110467420]-[REQUEST]-[START]:[/getAllSubZona]
[2018-02-08T11:21:07.421] [INFO] ICC - RID:[1518110467420]-[SELECT]-[START]
[2018-02-08T11:21:07.440] [INFO] ICC - RID:[1518110467420]-[SELECT]-[END]:[OK]
[2018-02-08T11:21:07.440] [INFO] ICC - RID:[1518110467420]-[REQUEST]-[END]:[/getAllSubZona]
[2018-02-08T11:21:07.468] [INFO] ICC - RID:[1518110467468]-[REQUEST]-[START]:[/getAllServicios]
[2018-02-08T11:21:07.468] [INFO] ICC - RID:[1518110467468]-[SELECT]-[START]
[2018-02-08T11:21:07.489] [INFO] ICC - RID:[1518110467468]-[SELECT]-[END]:[OK]
[2018-02-08T11:21:07.489] [INFO] ICC - RID:[1518110467468]-[REQUEST]-[END]:[/getAllServicios]
[2018-02-08T11:21:07.522] [INFO] ICC - RID:[1518110467522]-[REQUEST]-[START]:[/getAllProvedores]
[2018-02-08T11:21:07.522] [INFO] ICC - RID:[1518110467522]-[SELECT]-[START]
[2018-02-08T11:21:07.542] [INFO] ICC - RID:[1518110467522]-[SELECT]-[END]:[OK]
[2018-02-08T11:21:07.542] [INFO] ICC - RID:[1518110467522]-[REQUEST]-[END]:[/getAllProvedores]
[2018-02-08T11:21:07.594] [INFO] ICC - RID:[1518110467594]-[REQUEST]-[START]:[/getUnidadYPrecioUnitarioXServicio]
[2018-02-08T11:21:07.595] [INFO] ICC - RID:[1518110467594]-[SELECT]-[START]
[2018-02-08T11:21:07.610] [INFO] ICC - RID:[1518110467594]-[SELECT]-[END]:[OK]
[2018-02-08T11:21:07.610] [INFO] ICC - RID:[1518110467594]-[REQUEST]-[END]:[/getUnidadYPrecioUnitarioXServicio]
[2018-02-08T11:21:08.403] [INFO] ICC - RID:[1518110468403]-[REQUEST]-[START]:[/getAllTipoServicio]
[2018-02-08T11:21:08.403] [INFO] ICC - RID:[1518110468403]-[SELECT]-[START]
[2018-02-08T11:21:08.423] [INFO] ICC - RID:[1518110468403]-[SELECT]-[END]:[OK]
[2018-02-08T11:21:08.424] [INFO] ICC - RID:[1518110468403]-[REQUEST]-[END]:[/getAllTipoServicio]
[2018-02-08T11:21:08.479] [INFO] ICC - RID:[1518110468479]-[REQUEST]-[START]:[/getAllSubZona]
[2018-02-08T11:21:08.479] [INFO] ICC - RID:[1518110468479]-[SELECT]-[START]
[2018-02-08T11:21:08.502] [INFO] ICC - RID:[1518110468479]-[SELECT]-[END]:[OK]
[2018-02-08T11:21:08.502] [INFO] ICC - RID:[1518110468479]-[REQUEST]-[END]:[/getAllSubZona]
[2018-02-08T11:21:08.511] [INFO] ICC - RID:[1518110468511]-[REQUEST]-[START]:[/getAllServicios]
[2018-02-08T11:21:08.511] [INFO] ICC - RID:[1518110468511]-[SELECT]-[START]
[2018-02-08T11:21:08.529] [INFO] ICC - RID:[1518110468511]-[SELECT]-[END]:[OK]
[2018-02-08T11:21:08.530] [INFO] ICC - RID:[1518110468511]-[REQUEST]-[END]:[/getAllServicios]
[2018-02-08T11:21:08.574] [INFO] ICC - RID:[1518110468574]-[REQUEST]-[START]:[/getAllProvedores]
[2018-02-08T11:21:08.574] [INFO] ICC - RID:[1518110468574]-[SELECT]-[START]
[2018-02-08T11:21:08.598] [INFO] ICC - RID:[1518110468574]-[SELECT]-[END]:[OK]
[2018-02-08T11:21:08.598] [INFO] ICC - RID:[1518110468574]-[REQUEST]-[END]:[/getAllProvedores]
[2018-02-08T11:21:08.632] [INFO] ICC - RID:[1518110468632]-[REQUEST]-[START]:[/getUnidadYPrecioUnitarioXServicio]
[2018-02-08T11:21:08.633] [INFO] ICC - RID:[1518110468632]-[SELECT]-[START]
[2018-02-08T11:21:08.652] [INFO] ICC - RID:[1518110468632]-[SELECT]-[END]:[OK]
[2018-02-08T11:21:08.653] [INFO] ICC - RID:[1518110468632]-[REQUEST]-[END]:[/getUnidadYPrecioUnitarioXServicio]
[2018-02-08T11:21:09.912] [INFO] ICC - RID:[1518110469912]-[REQUEST]-[START]:[/getAllTipoServicio]
[2018-02-08T11:21:09.913] [INFO] ICC - RID:[1518110469912]-[SELECT]-[START]
[2018-02-08T11:21:09.935] [INFO] ICC - RID:[1518110469912]-[SELECT]-[END]:[OK]
[2018-02-08T11:21:09.935] [INFO] ICC - RID:[1518110469912]-[REQUEST]-[END]:[/getAllTipoServicio]
[2018-02-08T11:21:10.000] [INFO] ICC - RID:[1518110470000]-[REQUEST]-[START]:[/getAllSubZona]
[2018-02-08T11:21:10.000] [INFO] ICC - RID:[1518110470000]-[SELECT]-[START]
[2018-02-08T11:21:10.021] [INFO] ICC - RID:[1518110470000]-[SELECT]-[END]:[OK]
[2018-02-08T11:21:10.021] [INFO] ICC - RID:[1518110470000]-[REQUEST]-[END]:[/getAllSubZona]
[2018-02-08T11:21:10.032] [INFO] ICC - RID:[1518110470032]-[REQUEST]-[START]:[/getAllServicios]
[2018-02-08T11:21:10.033] [INFO] ICC - RID:[1518110470032]-[SELECT]-[START]
[2018-02-08T11:21:10.055] [INFO] ICC - RID:[1518110470032]-[SELECT]-[END]:[OK]
[2018-02-08T11:21:10.055] [INFO] ICC - RID:[1518110470032]-[REQUEST]-[END]:[/getAllServicios]
[2018-02-08T11:21:10.093] [INFO] ICC - RID:[1518110470093]-[REQUEST]-[START]:[/getAllProvedores]
[2018-02-08T11:21:10.094] [INFO] ICC - RID:[1518110470093]-[SELECT]-[START]
[2018-02-08T11:21:10.115] [INFO] ICC - RID:[1518110470093]-[SELECT]-[END]:[OK]
[2018-02-08T11:21:10.115] [INFO] ICC - RID:[1518110470093]-[REQUEST]-[END]:[/getAllProvedores]
[2018-02-08T11:21:10.128] [INFO] ICC - RID:[1518110470128]-[REQUEST]-[START]:[/getUnidadYPrecioUnitarioXServicio]
[2018-02-08T11:21:10.128] [INFO] ICC - RID:[1518110470128]-[SELECT]-[START]
[2018-02-08T11:21:10.152] [INFO] ICC - RID:[1518110470128]-[SELECT]-[END]:[OK]
[2018-02-08T11:21:10.152] [INFO] ICC - RID:[1518110470128]-[REQUEST]-[END]:[/getUnidadYPrecioUnitarioXServicio]
[2018-02-08T11:21:13.637] [INFO] ICC - RID:[1518110473637]-[REQUEST]-[START]:[/getAllOrdenServicio]
[2018-02-08T11:21:13.637] [INFO] ICC - RID:[1518110473637]-[SELECT]-[START]
[2018-02-08T11:21:13.664] [INFO] ICC - RID:[1518110473637]-[SELECT]-[END]:[OK]
[2018-02-08T11:21:13.664] [INFO] ICC - RID:[1518110473637]-[REQUEST]-[END]:[/getAllOrdenServicio]
