[2018-01-16T00:18:34.536] [INFO] ICC - [BACKEND]-[WEBSERVICES] init on port:[3000]
[2018-01-16T00:18:39.952] [INFO] ICC - RID:[1516083519952]-[REQUEST]-[START]:[/aleWebService]
[2018-01-16T00:18:39.968] [INFO] ICC - RID:[1516083519952]-[SELECT]-[START]
[2018-01-16T00:18:39.968] [DEBUG] DCC - RID:[1516083519952]-[SELECT]-[QUERY]:[select * from USUARIO]
[2018-01-16T00:19:19.898] [INFO] ICC - RID:[1516083519952]-[SELECT]-[END]:[OK]
[2018-01-16T00:19:19.898] [INFO] ICC - RID:[1516083519952]-[REQUEST]-[END]:[/aleWebService]
[2018-01-16T00:20:28.927] [INFO] ICC - RID:[1516083628927]-[REQUEST]-[START]:[/aleWebService]
[2018-01-16T00:20:28.927] [INFO] ICC - RID:[1516083628927]-[SELECT]-[START]
[2018-01-16T00:20:28.927] [DEBUG] DCC - RID:[1516083628927]-[SELECT]-[QUERY]:[select * from USUARIO]
[2018-01-16T00:20:34.451] [INFO] ICC - RID:[1516083628927]-[SELECT]-[END]:[OK]
[2018-01-16T00:20:34.466] [INFO] ICC - RID:[1516083628927]-[REQUEST]-[END]:[/aleWebService]
[2018-01-16T00:20:43.030] [INFO] ICC - RID:[1516083643030]-[REQUEST]-[START]:[/aleWebService]
[2018-01-16T00:20:43.030] [INFO] ICC - RID:[1516083643030]-[SELECT]-[START]
[2018-01-16T00:20:43.030] [DEBUG] DCC - RID:[1516083643030]-[SELECT]-[QUERY]:[select * from USUARIO]
[2018-01-16T00:20:43.081] [INFO] ICC - RID:[1516083643030]-[SELECT]-[END]:[OK]
[2018-01-16T00:20:43.082] [INFO] ICC - RID:[1516083643030]-[REQUEST]-[END]:[/aleWebService]
[2018-01-16T00:20:44.506] [INFO] ICC - RID:[1516083644506]-[REQUEST]-[START]:[/aleWebService]
[2018-01-16T00:20:44.508] [INFO] ICC - RID:[1516083644506]-[SELECT]-[START]
[2018-01-16T00:20:44.510] [DEBUG] DCC - RID:[1516083644506]-[SELECT]-[QUERY]:[select * from USUARIO]
[2018-01-16T00:20:44.539] [INFO] ICC - RID:[1516083644506]-[SELECT]-[END]:[OK]
[2018-01-16T00:20:44.539] [INFO] ICC - RID:[1516083644506]-[REQUEST]-[END]:[/aleWebService]
[2018-01-16T00:20:45.377] [INFO] ICC - RID:[1516083645377]-[REQUEST]-[START]:[/aleWebService]
[2018-01-16T00:20:45.379] [INFO] ICC - RID:[1516083645377]-[SELECT]-[START]
[2018-01-16T00:20:45.380] [DEBUG] DCC - RID:[1516083645377]-[SELECT]-[QUERY]:[select * from USUARIO]
[2018-01-16T00:20:45.477] [INFO] ICC - RID:[1516083645377]-[SELECT]-[END]:[OK]
[2018-01-16T00:20:45.479] [INFO] ICC - RID:[1516083645377]-[REQUEST]-[END]:[/aleWebService]
[2018-01-16T00:20:46.009] [INFO] ICC - RID:[1516083646008]-[REQUEST]-[START]:[/aleWebService]
[2018-01-16T00:20:46.012] [INFO] ICC - RID:[1516083646008]-[SELECT]-[START]
[2018-01-16T00:20:46.014] [DEBUG] DCC - RID:[1516083646008]-[SELECT]-[QUERY]:[select * from USUARIO]
[2018-01-16T00:20:46.163] [INFO] ICC - RID:[1516083646008]-[SELECT]-[END]:[OK]
[2018-01-16T00:20:46.164] [INFO] ICC - RID:[1516083646008]-[REQUEST]-[END]:[/aleWebService]
[2018-01-16T00:20:46.795] [INFO] ICC - RID:[1516083646794]-[REQUEST]-[START]:[/aleWebService]
[2018-01-16T00:20:46.799] [INFO] ICC - RID:[1516083646794]-[SELECT]-[START]
[2018-01-16T00:20:46.799] [DEBUG] DCC - RID:[1516083646794]-[SELECT]-[QUERY]:[select * from USUARIO]
[2018-01-16T00:20:46.866] [INFO] ICC - RID:[1516083646794]-[SELECT]-[END]:[OK]
[2018-01-16T00:20:46.866] [INFO] ICC - RID:[1516083646794]-[REQUEST]-[END]:[/aleWebService]
[2018-01-16T00:20:47.344] [INFO] ICC - RID:[1516083647342]-[REQUEST]-[START]:[/aleWebService]
[2018-01-16T00:20:47.345] [INFO] ICC - RID:[1516083647342]-[SELECT]-[START]
[2018-01-16T00:20:47.345] [DEBUG] DCC - RID:[1516083647342]-[SELECT]-[QUERY]:[select * from USUARIO]
[2018-01-16T00:20:47.395] [INFO] ICC - RID:[1516083647342]-[SELECT]-[END]:[OK]
[2018-01-16T00:20:47.396] [INFO] ICC - RID:[1516083647342]-[REQUEST]-[END]:[/aleWebService]
[2018-01-16T00:20:48.026] [INFO] ICC - RID:[1516083648023]-[REQUEST]-[START]:[/aleWebService]
[2018-01-16T00:20:48.028] [INFO] ICC - RID:[1516083648023]-[SELECT]-[START]
[2018-01-16T00:20:48.030] [DEBUG] DCC - RID:[1516083648023]-[SELECT]-[QUERY]:[select * from USUARIO]
[2018-01-16T00:20:48.059] [INFO] ICC - RID:[1516083648023]-[SELECT]-[END]:[OK]
[2018-01-16T00:20:48.059] [INFO] ICC - RID:[1516083648023]-[REQUEST]-[END]:[/aleWebService]
