[2018-02-07T15:01:00.386] [INFO] ICC - RID:[1518037260386]-[REQUEST]-[START]:[/defaultSelect]
[2018-02-07T15:01:00.386] [INFO] ICC - RID:[1518037260386]-[SELECT]-[START]
[2018-02-07T15:01:00.386] [DEBUG] DCC - RID:[1518037260386]-[SELECT]-[QUERY]:[SELECT [CRED].[ID_CREDENCIAL]
      ,[CRED].[NOMBRE]
      ,[CRED].[USUARIO_NOMBRE]
      ,[CRED].[ID_AUTORIDAD]
	  ,[AUTH].[NOMBRE_AUTORIDAD]
	  ,[AUTH].[ID_ZONA]
         ,[CRED].[ID_ROL]
	  ,[ROL].[NOMBRE_ROL]
	  ,[ROL].[PRIVILEGIOS]
      ,[CRED].[ID_CREDENCIAL_SUPERIOR]
  FROM [dbo].[SLOAA_TR_CREDENCIAL] [CRED]
  LEFT JOIN  [dbo].[SLOAA_TC_AUTORIDAD] [AUTH] ON [CRED].[ID_AUTORIDAD]=[AUTH].[ID_AUTORIDAD]
  LEFT JOIN  [dbo].[SLOAA_TS_ROL] [ROL] ON [CRED].[ID_ROL]=[ROL].[ID_ROL]
  
  WHERE 
	            [CRED].[USUARIO_NOMBRE]='carlos.palacios'
		AND [CRED].[USUARIO_PASSWORD]='12345']
[2018-02-07T15:01:00.408] [INFO] ICC - RID:[1518037260386]-[SELECT]-[END]:[OK]
[2018-02-07T15:01:00.408] [INFO] ICC - RID:[1518037260386]-[REQUEST]-[END]:[/defaultSelect]
[2018-02-07T15:01:00.635] [INFO] ICC - RID:[1518037260635]-[REQUEST]-[START]:[/getAllOrdenServicio]
[2018-02-07T15:01:00.635] [INFO] ICC - RID:[1518037260635]-[SELECT]-[START]
[2018-02-07T15:01:00.635] [DEBUG] DCC - RID:[1518037260635]-[SELECT]-[QUERY]:[SELECT  
	    [ORD].[ID_ORDEN_SERVICIO]
      ,[ORD].[NUM_ORDEN]
      ,[ORD].[FECHA_SOLICITUD]
      ,[ORD].[DOMICILIO]
      ,[ORD].[FIRMA1_USER1]
      ,[ORD].[FIRMA1_USER2]
      ,[ORD].[FIRMA2_USER1]
      ,[ORD].[FIRMA2_USER2]
      ,[ORD].[ID_STATUS]
      ,[ORD].[METAINFO_FECHA_CREACION]
      ,[ORD].[METAINFO_IP]
      ,[ORD].[METAINFO_MAC_ADRR]
      ,[ORD].[LLAVE_SISTEMA]
      ,[ORD].[CIERRE_TOTAL]
	  
	   ,[CRED].[ID_CREDENCIAL]
      ,[CRED].[NOMBRE]
      ,[CRED].[CARGO]
      ,[CRED].[TELEFONO]
      ,[CRED].[EXT]
      ,[CRED].[EMAIL]
      ,[CRED].[PTT]
      ,[CRED].[MOVIL]
      ,[CRED].[USUARIO_NOMBRE]
      ,[CRED].[USUARIO_PASSWORD]
      ,[CRED].[ID_ROL]
      ,[CRED].[ID_CREDENCIAL_SUPERIOR]

	   ,[AUTH].[ID_AUTORIDAD]
      ,[AUTH].[NOMBRE_AUTORIDAD]
      ,[AUTH].[ESTADO]
      ,[AUTH].[NIVEL]
      ,[AUTH].[SERVICIO]
      ,[AUTH].[ID_ZONA] 
             ,[STATUS].[NOMBRE_STATUS]
  FROM 
  [SLOAA_TR_ORDEN_SERVICIO] [ORD]
 LEFT JOIN [SLOAA_TR_CREDENCIAL] [CRED] ON  [CRED].[ID_CREDENCIAL]=[ORD].[ID_CREDENCIAL]
 LEFT JOIN [SLOAA_TC_AUTORIDAD] [AUTH] ON  [AUTH].[ID_AUTORIDAD]=[CRED].[ID_AUTORIDAD]
 LEFT JOIN [dbo].[SLOAA_TC_STATUS] [STATUS] ON  [ORD].[ID_STATUS]=[STATUS].[ID_STATUS]
  WHERE
  1=1
 ]
[2018-02-07T15:01:00.657] [INFO] ICC - RID:[1518037260635]-[SELECT]-[END]:[OK]
[2018-02-07T15:01:00.657] [INFO] ICC - RID:[1518037260635]-[REQUEST]-[END]:[/getAllOrdenServicio]
[2018-02-07T15:01:04.008] [INFO] ICC - RID:[1518037264008]-[REQUEST]-[START]:[/getAllCotizacionXOrden]
[2018-02-07T15:01:04.008] [INFO] ICC - RID:[1518037264008]-[SELECT]-[START]
[2018-02-07T15:01:04.008] [DEBUG] DCC - RID:[1518037264008]-[SELECT]-[QUERY]:[SELECT COT.ID_SERVICIO_COTIZACION, COT.ID_ORDEN_SERVICIO, COT.ID_TIPO_SERVICIO, COT.ID_SERVICIO, COT.ID_UNIDAD, COT.ID_ZONA, COT.ID_SUBZONA, COT.ID_PRESTADOR_SERVICIO, COT.PRECIO_UNITARIO, COT.CANTIDAD, COT.COTIZACION, COT.DEDUCCION, COT.DEDUCCION_JUSTIFICACION, COT.PRECIO_SERVICIO_FINAL, SERV.NOMBRE_SERVICIO, TIPO.TIPO, PRES.NOMBRE, SUBZ.SUBZONA, ZONA.ZONA FROM SLOAA_TR_SERVICIO_COTIZACION COT INNER JOIN SLOAA_TR_PRECIO_UNITARIO UNIT ON COT.ID_TIPO_SERVICIO = UNIT.ID_TIPO_SERVICIO AND COT.ID_SERVICIO = UNIT.ID_SERVICIO AND COT.ID_UNIDAD = UNIT.ID_UNIDAD INNER JOIN SLOAA_TC_SERVICIO SERV ON SERV.ID_SERVICIO = UNIT.ID_SERVICIO AND SERV.ID_SERVICIO = UNIT.ID_SERVICIO INNER JOIN SLOAA_TC_TIPO_SERVICIO TIPO ON TIPO.ID_TIPO_SERVICIO = SERV.ID_TIPO_SERVICIO INNER JOIN SLOAA_TC_PRESTADOR_SERVICIOS_X_SERVICIO PRESERV ON PRESERV.ID_PRESTADOR_SERVICIO = COT.ID_PRESTADOR_SERVICIO AND PRESERV.ID_TIPO_SERVICIO = COT.ID_TIPO_SERVICIO AND PRESERV.ID_SERVICIO = COT.ID_SERVICIO INNER JOIN SLOAA_TC_PRESTADOR_SERVICIOS PRES ON PRES.ID_PRESTADOR_SERVICIO = PRESERV.ID_PRESTADOR_SERVICIO AND PRES.ID_ZONA = PRESERV.ID_ZONA AND PRES.ID_SUBZONA = PRESERV.ID_SUBZONA INNER JOIN SLOAA_TC_SUBZONA SUBZ ON SUBZ.ID_ZONA = PRES.ID_ZONA AND SUBZ.ID_SUBZONA = PRES.ID_SUBZONA INNER JOIN SLOAA_TC_ZONA ZONA ON ZONA.ID_ZONA = SUBZ.ID_ZONA 
                        WHERE ID_ORDEN_SERVICIO =261]
[2018-02-07T15:01:04.046] [INFO] ICC - RID:[1518037264008]-[SELECT]-[END]:[OK]
[2018-02-07T15:01:04.047] [INFO] ICC - RID:[1518037264008]-[REQUEST]-[END]:[/getAllCotizacionXOrden]
[2018-02-07T15:01:05.303] [INFO] ICC - RID:[1518037265303]-[REQUEST]-[START]:[/getAllTipoServicio]
[2018-02-07T15:01:05.303] [INFO] ICC - RID:[1518037265303]-[SELECT]-[START]
[2018-02-07T15:01:05.303] [DEBUG] DCC - RID:[1518037265303]-[SELECT]-[QUERY]:[SELECT 
 DISTINCT([SEL].[ID_TIPO_SERVICIO]),
		  [SEL].[TIPO]
 FROM  (
		SELECT [PSXS].[ID_PRESTADOR_SERVICIO]
			  ,[PSXS].[ID_ZONA]
			  ,[PSXS].[ID_SUBZONA]
			  ,[PSXS].[ID_TIPO_SERVICIO]
			  ,[TS].[TIPO]
			  ,[PSXS].[ID_SERVICIO]
		  FROM [SLOAA_TC_PRESTADOR_SERVICIOS_X_SERVICIO] [PSXS]
		  LEFT JOIN [SLOAA_TC_TIPO_SERVICIO] [TS] ON [PSXS].[ID_TIPO_SERVICIO]=[TS].[ID_TIPO_SERVICIO]
		  WHERE 
		  1=1
		  AND [PSXS].[ID_ZONA]=3
  )[SEL] ]
[2018-02-07T15:01:05.325] [INFO] ICC - RID:[1518037265303]-[SELECT]-[END]:[OK]
[2018-02-07T15:01:05.325] [INFO] ICC - RID:[1518037265303]-[REQUEST]-[END]:[/getAllTipoServicio]
[2018-02-07T15:01:05.876] [INFO] ICC - RID:[1518037265876]-[REQUEST]-[START]:[/getAllSubZona]
[2018-02-07T15:01:05.876] [INFO] ICC - RID:[1518037265876]-[SELECT]-[START]
[2018-02-07T15:01:05.876] [DEBUG] DCC - RID:[1518037265876]-[SELECT]-[QUERY]:[SELECT [ID_SUBZONA],[SUBZONA] FROM [SLOAA_TC_SUBZONA] WHERE 1=1 AND [ID_ZONA]=3]
[2018-02-07T15:01:05.895] [INFO] ICC - RID:[1518037265876]-[SELECT]-[END]:[OK]
[2018-02-07T15:01:05.895] [INFO] ICC - RID:[1518037265876]-[REQUEST]-[END]:[/getAllSubZona]
[2018-02-07T15:01:06.360] [INFO] ICC - RID:[1518037266360]-[REQUEST]-[START]:[/getAllServicios]
[2018-02-07T15:01:06.362] [INFO] ICC - RID:[1518037266360]-[SELECT]-[START]
[2018-02-07T15:01:06.362] [DEBUG] DCC - RID:[1518037266360]-[SELECT]-[QUERY]:[SELECT 
 DISTINCT([SEL].[ID_SERVICIO]),
		  [SEL].[NOMBRE_SERVICIO]
 FROM  (
		SELECT [PSXS].[ID_PRESTADOR_SERVICIO]
			  ,[PSXS].[ID_ZONA]
			  ,[PSXS].[ID_SUBZONA]
			  ,[PSXS].[ID_TIPO_SERVICIO]
			  ,[PSXS].[ID_SERVICIO]
			  ,[SERV].[NOMBRE_SERVICIO]
		  FROM [SLOAA_TC_PRESTADOR_SERVICIOS_X_SERVICIO] [PSXS]
		  LEFT JOIN [SLOAA_TC_SERVICIO] [SERV] ON [PSXS].[ID_SERVICIO]=[SERV].[ID_SERVICIO]
		  WHERE 
		  1=1
		  AND [PSXS].[ID_ZONA]=3
		  AND [PSXS].[ID_SUBZONA]=1
		  AND [PSXS].[ID_TIPO_SERVICIO]=1
  )[SEL]]
[2018-02-07T15:01:06.389] [INFO] ICC - RID:[1518037266360]-[SELECT]-[END]:[OK]
[2018-02-07T15:01:06.389] [INFO] ICC - RID:[1518037266360]-[REQUEST]-[END]:[/getAllServicios]
[2018-02-07T15:01:09.719] [INFO] ICC - RID:[1518037269719]-[REQUEST]-[START]:[/getAllServicios]
[2018-02-07T15:01:09.719] [INFO] ICC - RID:[1518037269719]-[SELECT]-[START]
[2018-02-07T15:01:09.719] [DEBUG] DCC - RID:[1518037269719]-[SELECT]-[QUERY]:[SELECT 
 DISTINCT([SEL].[ID_SERVICIO]),
		  [SEL].[NOMBRE_SERVICIO]
 FROM  (
		SELECT [PSXS].[ID_PRESTADOR_SERVICIO]
			  ,[PSXS].[ID_ZONA]
			  ,[PSXS].[ID_SUBZONA]
			  ,[PSXS].[ID_TIPO_SERVICIO]
			  ,[PSXS].[ID_SERVICIO]
			  ,[SERV].[NOMBRE_SERVICIO]
		  FROM [SLOAA_TC_PRESTADOR_SERVICIOS_X_SERVICIO] [PSXS]
		  LEFT JOIN [SLOAA_TC_SERVICIO] [SERV] ON [PSXS].[ID_SERVICIO]=[SERV].[ID_SERVICIO]
		  WHERE 
		  1=1
		  AND [PSXS].[ID_ZONA]=3
		  AND [PSXS].[ID_SUBZONA]=2
		  AND [PSXS].[ID_TIPO_SERVICIO]=1
  )[SEL]]
[2018-02-07T15:01:09.770] [INFO] ICC - RID:[1518037269719]-[SELECT]-[END]:[OK]
[2018-02-07T15:01:09.770] [INFO] ICC - RID:[1518037269719]-[REQUEST]-[END]:[/getAllServicios]
[2018-02-07T15:01:11.025] [INFO] ICC - RID:[1518037271025]-[REQUEST]-[START]:[/getAllServicios]
[2018-02-07T15:01:11.025] [INFO] ICC - RID:[1518037271025]-[SELECT]-[START]
[2018-02-07T15:01:11.025] [DEBUG] DCC - RID:[1518037271025]-[SELECT]-[QUERY]:[SELECT 
 DISTINCT([SEL].[ID_SERVICIO]),
		  [SEL].[NOMBRE_SERVICIO]
 FROM  (
		SELECT [PSXS].[ID_PRESTADOR_SERVICIO]
			  ,[PSXS].[ID_ZONA]
			  ,[PSXS].[ID_SUBZONA]
			  ,[PSXS].[ID_TIPO_SERVICIO]
			  ,[PSXS].[ID_SERVICIO]
			  ,[SERV].[NOMBRE_SERVICIO]
		  FROM [SLOAA_TC_PRESTADOR_SERVICIOS_X_SERVICIO] [PSXS]
		  LEFT JOIN [SLOAA_TC_SERVICIO] [SERV] ON [PSXS].[ID_SERVICIO]=[SERV].[ID_SERVICIO]
		  WHERE 
		  1=1
		  AND [PSXS].[ID_ZONA]=3
		  AND [PSXS].[ID_SUBZONA]=2
		  AND [PSXS].[ID_TIPO_SERVICIO]=1
  )[SEL]]
[2018-02-07T15:01:11.043] [INFO] ICC - RID:[1518037271025]-[SELECT]-[END]:[OK]
[2018-02-07T15:01:11.044] [INFO] ICC - RID:[1518037271025]-[REQUEST]-[END]:[/getAllServicios]
[2018-02-07T15:01:11.640] [INFO] ICC - RID:[1518037271640]-[REQUEST]-[START]:[/getAllServicios]
[2018-02-07T15:01:11.640] [INFO] ICC - RID:[1518037271640]-[SELECT]-[START]
[2018-02-07T15:01:11.640] [DEBUG] DCC - RID:[1518037271640]-[SELECT]-[QUERY]:[SELECT 
 DISTINCT([SEL].[ID_SERVICIO]),
		  [SEL].[NOMBRE_SERVICIO]
 FROM  (
		SELECT [PSXS].[ID_PRESTADOR_SERVICIO]
			  ,[PSXS].[ID_ZONA]
			  ,[PSXS].[ID_SUBZONA]
			  ,[PSXS].[ID_TIPO_SERVICIO]
			  ,[PSXS].[ID_SERVICIO]
			  ,[SERV].[NOMBRE_SERVICIO]
		  FROM [SLOAA_TC_PRESTADOR_SERVICIOS_X_SERVICIO] [PSXS]
		  LEFT JOIN [SLOAA_TC_SERVICIO] [SERV] ON [PSXS].[ID_SERVICIO]=[SERV].[ID_SERVICIO]
		  WHERE 
		  1=1
		  AND [PSXS].[ID_ZONA]=3
		  AND [PSXS].[ID_SUBZONA]=2
		  AND [PSXS].[ID_TIPO_SERVICIO]=1
  )[SEL]]
[2018-02-07T15:01:11.654] [INFO] ICC - RID:[1518037271640]-[SELECT]-[END]:[OK]
[2018-02-07T15:01:11.654] [INFO] ICC - RID:[1518037271640]-[REQUEST]-[END]:[/getAllServicios]
[2018-02-07T15:01:12.571] [INFO] ICC - RID:[1518037272571]-[REQUEST]-[START]:[/getAllServicios]
[2018-02-07T15:01:12.572] [INFO] ICC - RID:[1518037272571]-[SELECT]-[START]
[2018-02-07T15:01:12.572] [DEBUG] DCC - RID:[1518037272571]-[SELECT]-[QUERY]:[SELECT 
 DISTINCT([SEL].[ID_SERVICIO]),
		  [SEL].[NOMBRE_SERVICIO]
 FROM  (
		SELECT [PSXS].[ID_PRESTADOR_SERVICIO]
			  ,[PSXS].[ID_ZONA]
			  ,[PSXS].[ID_SUBZONA]
			  ,[PSXS].[ID_TIPO_SERVICIO]
			  ,[PSXS].[ID_SERVICIO]
			  ,[SERV].[NOMBRE_SERVICIO]
		  FROM [SLOAA_TC_PRESTADOR_SERVICIOS_X_SERVICIO] [PSXS]
		  LEFT JOIN [SLOAA_TC_SERVICIO] [SERV] ON [PSXS].[ID_SERVICIO]=[SERV].[ID_SERVICIO]
		  WHERE 
		  1=1
		  AND [PSXS].[ID_ZONA]=3
		  AND [PSXS].[ID_SUBZONA]=2
		  AND [PSXS].[ID_TIPO_SERVICIO]=1
  )[SEL]]
[2018-02-07T15:01:12.590] [INFO] ICC - RID:[1518037272571]-[SELECT]-[END]:[OK]
[2018-02-07T15:01:12.590] [INFO] ICC - RID:[1518037272571]-[REQUEST]-[END]:[/getAllServicios]
[2018-02-07T15:03:35.667] [INFO] ICC - RID:[1518037415667]-[REQUEST]-[START]:[/getAllServicios]
[2018-02-07T15:03:35.668] [INFO] ICC - RID:[1518037415667]-[SELECT]-[START]
[2018-02-07T15:03:35.668] [DEBUG] DCC - RID:[1518037415667]-[SELECT]-[QUERY]:[SELECT 
 DISTINCT([SEL].[ID_SERVICIO]),
		  [SEL].[NOMBRE_SERVICIO]
 FROM  (
		SELECT [PSXS].[ID_PRESTADOR_SERVICIO]
			  ,[PSXS].[ID_ZONA]
			  ,[PSXS].[ID_SUBZONA]
			  ,[PSXS].[ID_TIPO_SERVICIO]
			  ,[PSXS].[ID_SERVICIO]
			  ,[SERV].[NOMBRE_SERVICIO]
		  FROM [SLOAA_TC_PRESTADOR_SERVICIOS_X_SERVICIO] [PSXS]
		  LEFT JOIN [SLOAA_TC_SERVICIO] [SERV] ON [PSXS].[ID_SERVICIO]=[SERV].[ID_SERVICIO]
		  WHERE 
		  1=1
		  AND [PSXS].[ID_ZONA]=3
		  AND [PSXS].[ID_SUBZONA]=2
		  AND [PSXS].[ID_TIPO_SERVICIO]=1
  )[SEL]]
[2018-02-07T15:03:35.691] [INFO] ICC - RID:[1518037415667]-[SELECT]-[END]:[OK]
[2018-02-07T15:03:35.691] [INFO] ICC - RID:[1518037415667]-[REQUEST]-[END]:[/getAllServicios]
[2018-02-07T15:03:37.610] [INFO] ICC - RID:[1518037417610]-[REQUEST]-[START]:[/getAllServicios]
[2018-02-07T15:03:37.610] [INFO] ICC - RID:[1518037417610]-[SELECT]-[START]
[2018-02-07T15:03:37.610] [DEBUG] DCC - RID:[1518037417610]-[SELECT]-[QUERY]:[SELECT 
 DISTINCT([SEL].[ID_SERVICIO]),
		  [SEL].[NOMBRE_SERVICIO]
 FROM  (
		SELECT [PSXS].[ID_PRESTADOR_SERVICIO]
			  ,[PSXS].[ID_ZONA]
			  ,[PSXS].[ID_SUBZONA]
			  ,[PSXS].[ID_TIPO_SERVICIO]
			  ,[PSXS].[ID_SERVICIO]
			  ,[SERV].[NOMBRE_SERVICIO]
		  FROM [SLOAA_TC_PRESTADOR_SERVICIOS_X_SERVICIO] [PSXS]
		  LEFT JOIN [SLOAA_TC_SERVICIO] [SERV] ON [PSXS].[ID_SERVICIO]=[SERV].[ID_SERVICIO]
		  WHERE 
		  1=1
		  AND [PSXS].[ID_ZONA]=3
		  AND [PSXS].[ID_SUBZONA]=1
		  AND [PSXS].[ID_TIPO_SERVICIO]=1
  )[SEL]]
[2018-02-07T15:03:37.630] [INFO] ICC - RID:[1518037417610]-[SELECT]-[END]:[OK]
[2018-02-07T15:03:37.630] [INFO] ICC - RID:[1518037417610]-[REQUEST]-[END]:[/getAllServicios]
[2018-02-07T15:03:45.206] [INFO] ICC - RID:[1518037425206]-[REQUEST]-[START]:[/getAllServicios]
[2018-02-07T15:03:45.206] [INFO] ICC - RID:[1518037425206]-[SELECT]-[START]
[2018-02-07T15:03:45.206] [DEBUG] DCC - RID:[1518037425206]-[SELECT]-[QUERY]:[SELECT 
 DISTINCT([SEL].[ID_SERVICIO]),
		  [SEL].[NOMBRE_SERVICIO]
 FROM  (
		SELECT [PSXS].[ID_PRESTADOR_SERVICIO]
			  ,[PSXS].[ID_ZONA]
			  ,[PSXS].[ID_SUBZONA]
			  ,[PSXS].[ID_TIPO_SERVICIO]
			  ,[PSXS].[ID_SERVICIO]
			  ,[SERV].[NOMBRE_SERVICIO]
		  FROM [SLOAA_TC_PRESTADOR_SERVICIOS_X_SERVICIO] [PSXS]
		  LEFT JOIN [SLOAA_TC_SERVICIO] [SERV] ON [PSXS].[ID_SERVICIO]=[SERV].[ID_SERVICIO]
		  WHERE 
		  1=1
		  AND [PSXS].[ID_ZONA]=3
		  AND [PSXS].[ID_SUBZONA]=2
		  AND [PSXS].[ID_TIPO_SERVICIO]=1
  )[SEL]]
[2018-02-07T15:03:45.217] [INFO] ICC - RID:[1518037425206]-[SELECT]-[END]:[OK]
[2018-02-07T15:03:45.217] [INFO] ICC - RID:[1518037425206]-[REQUEST]-[END]:[/getAllServicios]
[2018-02-07T15:03:46.957] [INFO] ICC - RID:[1518037426957]-[REQUEST]-[START]:[/getAllServicios]
[2018-02-07T15:03:46.957] [INFO] ICC - RID:[1518037426957]-[SELECT]-[START]
[2018-02-07T15:03:46.957] [DEBUG] DCC - RID:[1518037426957]-[SELECT]-[QUERY]:[SELECT 
 DISTINCT([SEL].[ID_SERVICIO]),
		  [SEL].[NOMBRE_SERVICIO]
 FROM  (
		SELECT [PSXS].[ID_PRESTADOR_SERVICIO]
			  ,[PSXS].[ID_ZONA]
			  ,[PSXS].[ID_SUBZONA]
			  ,[PSXS].[ID_TIPO_SERVICIO]
			  ,[PSXS].[ID_SERVICIO]
			  ,[SERV].[NOMBRE_SERVICIO]
		  FROM [SLOAA_TC_PRESTADOR_SERVICIOS_X_SERVICIO] [PSXS]
		  LEFT JOIN [SLOAA_TC_SERVICIO] [SERV] ON [PSXS].[ID_SERVICIO]=[SERV].[ID_SERVICIO]
		  WHERE 
		  1=1
		  AND [PSXS].[ID_ZONA]=3
		  AND [PSXS].[ID_SUBZONA]=1
		  AND [PSXS].[ID_TIPO_SERVICIO]=1
  )[SEL]]
[2018-02-07T15:03:46.971] [INFO] ICC - RID:[1518037426957]-[SELECT]-[END]:[OK]
[2018-02-07T15:03:46.971] [INFO] ICC - RID:[1518037426957]-[REQUEST]-[END]:[/getAllServicios]
[2018-02-07T15:11:50.540] [INFO] ICC - RID:[1518037910540]-[REQUEST]-[START]:[/defaultSelect]
[2018-02-07T15:11:50.541] [INFO] ICC - RID:[1518037910540]-[SELECT]-[START]
[2018-02-07T15:11:50.541] [DEBUG] DCC - RID:[1518037910540]-[SELECT]-[QUERY]:[SELECT [CRED].[ID_CREDENCIAL]
      ,[CRED].[NOMBRE]
      ,[CRED].[USUARIO_NOMBRE]
      ,[CRED].[ID_AUTORIDAD]
	  ,[AUTH].[NOMBRE_AUTORIDAD]
	  ,[AUTH].[ID_ZONA]
         ,[CRED].[ID_ROL]
	  ,[ROL].[NOMBRE_ROL]
	  ,[ROL].[PRIVILEGIOS]
      ,[CRED].[ID_CREDENCIAL_SUPERIOR]
  FROM [dbo].[SLOAA_TR_CREDENCIAL] [CRED]
  LEFT JOIN  [dbo].[SLOAA_TC_AUTORIDAD] [AUTH] ON [CRED].[ID_AUTORIDAD]=[AUTH].[ID_AUTORIDAD]
  LEFT JOIN  [dbo].[SLOAA_TS_ROL] [ROL] ON [CRED].[ID_ROL]=[ROL].[ID_ROL]
  
  WHERE 
	            [CRED].[USUARIO_NOMBRE]='carlos.palacios'
		AND [CRED].[USUARIO_PASSWORD]='12345']
[2018-02-07T15:11:50.569] [INFO] ICC - RID:[1518037910540]-[SELECT]-[END]:[OK]
[2018-02-07T15:11:50.569] [INFO] ICC - RID:[1518037910540]-[REQUEST]-[END]:[/defaultSelect]
[2018-02-07T15:11:50.842] [INFO] ICC - RID:[1518037910842]-[REQUEST]-[START]:[/getAllOrdenServicio]
[2018-02-07T15:11:50.842] [INFO] ICC - RID:[1518037910842]-[SELECT]-[START]
[2018-02-07T15:11:50.842] [DEBUG] DCC - RID:[1518037910842]-[SELECT]-[QUERY]:[SELECT  
	    [ORD].[ID_ORDEN_SERVICIO]
      ,[ORD].[NUM_ORDEN]
      ,[ORD].[FECHA_SOLICITUD]
      ,[ORD].[DOMICILIO]
      ,[ORD].[FIRMA1_USER1]
      ,[ORD].[FIRMA1_USER2]
      ,[ORD].[FIRMA2_USER1]
      ,[ORD].[FIRMA2_USER2]
      ,[ORD].[ID_STATUS]
      ,[ORD].[METAINFO_FECHA_CREACION]
      ,[ORD].[METAINFO_IP]
      ,[ORD].[METAINFO_MAC_ADRR]
      ,[ORD].[LLAVE_SISTEMA]
      ,[ORD].[CIERRE_TOTAL]
	  
	   ,[CRED].[ID_CREDENCIAL]
      ,[CRED].[NOMBRE]
      ,[CRED].[CARGO]
      ,[CRED].[TELEFONO]
      ,[CRED].[EXT]
      ,[CRED].[EMAIL]
      ,[CRED].[PTT]
      ,[CRED].[MOVIL]
      ,[CRED].[USUARIO_NOMBRE]
      ,[CRED].[USUARIO_PASSWORD]
      ,[CRED].[ID_ROL]
      ,[CRED].[ID_CREDENCIAL_SUPERIOR]

	   ,[AUTH].[ID_AUTORIDAD]
      ,[AUTH].[NOMBRE_AUTORIDAD]
      ,[AUTH].[ESTADO]
      ,[AUTH].[NIVEL]
      ,[AUTH].[SERVICIO]
      ,[AUTH].[ID_ZONA] 
             ,[STATUS].[NOMBRE_STATUS]
  FROM 
  [SLOAA_TR_ORDEN_SERVICIO] [ORD]
 LEFT JOIN [SLOAA_TR_CREDENCIAL] [CRED] ON  [CRED].[ID_CREDENCIAL]=[ORD].[ID_CREDENCIAL]
 LEFT JOIN [SLOAA_TC_AUTORIDAD] [AUTH] ON  [AUTH].[ID_AUTORIDAD]=[CRED].[ID_AUTORIDAD]
 LEFT JOIN [dbo].[SLOAA_TC_STATUS] [STATUS] ON  [ORD].[ID_STATUS]=[STATUS].[ID_STATUS]
  WHERE
  1=1
 ]
[2018-02-07T15:11:50.874] [INFO] ICC - RID:[1518037910842]-[SELECT]-[END]:[OK]
[2018-02-07T15:11:50.874] [INFO] ICC - RID:[1518037910842]-[REQUEST]-[END]:[/getAllOrdenServicio]
[2018-02-07T15:11:53.579] [INFO] ICC - RID:[1518037913579]-[REQUEST]-[START]:[/getAllCotizacionXOrden]
[2018-02-07T15:11:53.579] [INFO] ICC - RID:[1518037913579]-[SELECT]-[START]
[2018-02-07T15:11:53.579] [DEBUG] DCC - RID:[1518037913579]-[SELECT]-[QUERY]:[SELECT COT.ID_SERVICIO_COTIZACION, COT.ID_ORDEN_SERVICIO, COT.ID_TIPO_SERVICIO, COT.ID_SERVICIO, COT.ID_UNIDAD, COT.ID_ZONA, COT.ID_SUBZONA, COT.ID_PRESTADOR_SERVICIO, COT.PRECIO_UNITARIO, COT.CANTIDAD, COT.COTIZACION, COT.DEDUCCION, COT.DEDUCCION_JUSTIFICACION, COT.PRECIO_SERVICIO_FINAL, SERV.NOMBRE_SERVICIO, TIPO.TIPO, PRES.NOMBRE, SUBZ.SUBZONA, ZONA.ZONA FROM SLOAA_TR_SERVICIO_COTIZACION COT INNER JOIN SLOAA_TR_PRECIO_UNITARIO UNIT ON COT.ID_TIPO_SERVICIO = UNIT.ID_TIPO_SERVICIO AND COT.ID_SERVICIO = UNIT.ID_SERVICIO AND COT.ID_UNIDAD = UNIT.ID_UNIDAD INNER JOIN SLOAA_TC_SERVICIO SERV ON SERV.ID_SERVICIO = UNIT.ID_SERVICIO AND SERV.ID_SERVICIO = UNIT.ID_SERVICIO INNER JOIN SLOAA_TC_TIPO_SERVICIO TIPO ON TIPO.ID_TIPO_SERVICIO = SERV.ID_TIPO_SERVICIO INNER JOIN SLOAA_TC_PRESTADOR_SERVICIOS_X_SERVICIO PRESERV ON PRESERV.ID_PRESTADOR_SERVICIO = COT.ID_PRESTADOR_SERVICIO AND PRESERV.ID_TIPO_SERVICIO = COT.ID_TIPO_SERVICIO AND PRESERV.ID_SERVICIO = COT.ID_SERVICIO INNER JOIN SLOAA_TC_PRESTADOR_SERVICIOS PRES ON PRES.ID_PRESTADOR_SERVICIO = PRESERV.ID_PRESTADOR_SERVICIO AND PRES.ID_ZONA = PRESERV.ID_ZONA AND PRES.ID_SUBZONA = PRESERV.ID_SUBZONA INNER JOIN SLOAA_TC_SUBZONA SUBZ ON SUBZ.ID_ZONA = PRES.ID_ZONA AND SUBZ.ID_SUBZONA = PRES.ID_SUBZONA INNER JOIN SLOAA_TC_ZONA ZONA ON ZONA.ID_ZONA = SUBZ.ID_ZONA 
                        WHERE ID_ORDEN_SERVICIO =261]
[2018-02-07T15:11:53.615] [INFO] ICC - RID:[1518037913579]-[SELECT]-[END]:[OK]
[2018-02-07T15:11:53.615] [INFO] ICC - RID:[1518037913579]-[REQUEST]-[END]:[/getAllCotizacionXOrden]
[2018-02-07T15:11:54.875] [INFO] ICC - RID:[1518037914875]-[REQUEST]-[START]:[/getAllTipoServicio]
[2018-02-07T15:11:54.875] [INFO] ICC - RID:[1518037914875]-[SELECT]-[START]
[2018-02-07T15:11:54.875] [DEBUG] DCC - RID:[1518037914875]-[SELECT]-[QUERY]:[SELECT 
 DISTINCT([SEL].[ID_TIPO_SERVICIO]),
		  [SEL].[TIPO]
 FROM  (
		SELECT [PSXS].[ID_PRESTADOR_SERVICIO]
			  ,[PSXS].[ID_ZONA]
			  ,[PSXS].[ID_SUBZONA]
			  ,[PSXS].[ID_TIPO_SERVICIO]
			  ,[TS].[TIPO]
			  ,[PSXS].[ID_SERVICIO]
		  FROM [SLOAA_TC_PRESTADOR_SERVICIOS_X_SERVICIO] [PSXS]
		  LEFT JOIN [SLOAA_TC_TIPO_SERVICIO] [TS] ON [PSXS].[ID_TIPO_SERVICIO]=[TS].[ID_TIPO_SERVICIO]
		  WHERE 
		  1=1
		  AND [PSXS].[ID_ZONA]=3
  )[SEL] ]
[2018-02-07T15:11:54.890] [INFO] ICC - RID:[1518037914875]-[SELECT]-[END]:[OK]
[2018-02-07T15:11:54.890] [INFO] ICC - RID:[1518037914875]-[REQUEST]-[END]:[/getAllTipoServicio]
[2018-02-07T15:11:55.503] [INFO] ICC - RID:[1518037915503]-[REQUEST]-[START]:[/getAllSubZona]
[2018-02-07T15:11:55.504] [INFO] ICC - RID:[1518037915503]-[SELECT]-[START]
[2018-02-07T15:11:55.504] [DEBUG] DCC - RID:[1518037915503]-[SELECT]-[QUERY]:[SELECT [ID_SUBZONA],[SUBZONA] FROM [SLOAA_TC_SUBZONA] WHERE 1=1 AND [ID_ZONA]=3]
[2018-02-07T15:11:55.519] [INFO] ICC - RID:[1518037915503]-[SELECT]-[END]:[OK]
[2018-02-07T15:11:55.520] [INFO] ICC - RID:[1518037915503]-[REQUEST]-[END]:[/getAllSubZona]
[2018-02-07T15:11:55.843] [INFO] ICC - RID:[1518037915843]-[REQUEST]-[START]:[/getAllServicios]
[2018-02-07T15:11:55.843] [INFO] ICC - RID:[1518037915843]-[SELECT]-[START]
[2018-02-07T15:11:55.843] [DEBUG] DCC - RID:[1518037915843]-[SELECT]-[QUERY]:[SELECT 
 DISTINCT([SEL].[ID_SERVICIO]),
		  [SEL].[NOMBRE_SERVICIO]
 FROM  (
		SELECT [PSXS].[ID_PRESTADOR_SERVICIO]
			  ,[PSXS].[ID_ZONA]
			  ,[PSXS].[ID_SUBZONA]
			  ,[PSXS].[ID_TIPO_SERVICIO]
			  ,[PSXS].[ID_SERVICIO]
			  ,[SERV].[NOMBRE_SERVICIO]
		  FROM [SLOAA_TC_PRESTADOR_SERVICIOS_X_SERVICIO] [PSXS]
		  LEFT JOIN [SLOAA_TC_SERVICIO] [SERV] ON [PSXS].[ID_SERVICIO]=[SERV].[ID_SERVICIO]
		  WHERE 
		  1=1
		  AND [PSXS].[ID_ZONA]=3
		  AND [PSXS].[ID_SUBZONA]=1
		  AND [PSXS].[ID_TIPO_SERVICIO]=1
  )[SEL]]
[2018-02-07T15:11:55.867] [INFO] ICC - RID:[1518037915843]-[SELECT]-[END]:[OK]
[2018-02-07T15:11:55.868] [INFO] ICC - RID:[1518037915843]-[REQUEST]-[END]:[/getAllServicios]
[2018-02-07T15:11:56.187] [INFO] ICC - RID:[1518037916187]-[REQUEST]-[START]:[/getAllProvedores]
[2018-02-07T15:11:56.187] [INFO] ICC - RID:[1518037916187]-[SELECT]-[START]
[2018-02-07T15:11:56.187] [DEBUG] DCC - RID:[1518037916187]-[SELECT]-[QUERY]:[SELECT 
 DISTINCT([SEL].[ID_PRESTADOR_SERVICIO]),
		  [SEL].[NOMBRE]
 FROM  (
		SELECT [PSXS].[ID_PRESTADOR_SERVICIO]
			  ,[PSXS].[ID_ZONA]
			  ,[PSXS].[ID_SUBZONA]
			  ,[PSXS].[ID_TIPO_SERVICIO]
			  ,[PSXS].[ID_SERVICIO]
			  ,[PS].[NOMBRE]
			  ,[PS].[CORREO_ELECTRONICO]
		  FROM [SLOAA_TC_PRESTADOR_SERVICIOS_X_SERVICIO] [PSXS]
		  LEFT JOIN [SLOAA_TC_PRESTADOR_SERVICIOS] [PS] ON [PSXS].[ID_PRESTADOR_SERVICIO]=[PS].[ID_PRESTADOR_SERVICIO]
		  WHERE 
		  1=1
		  AND [PSXS].[ID_ZONA]=3
		  AND [PSXS].[ID_SUBZONA]=1
		  AND [PSXS].[ID_TIPO_SERVICIO]=1
		  AND [PSXS].[ID_SERVICIO]=1001
  )[SEL]]
[2018-02-07T15:11:56.211] [INFO] ICC - RID:[1518037916187]-[SELECT]-[END]:[OK]
[2018-02-07T15:11:56.211] [INFO] ICC - RID:[1518037916187]-[REQUEST]-[END]:[/getAllProvedores]
[2018-02-07T15:13:01.093] [INFO] ICC - RID:[1518037981093]-[REQUEST]-[START]:[/defaultSelect]
[2018-02-07T15:13:01.093] [INFO] ICC - RID:[1518037981093]-[SELECT]-[START]
[2018-02-07T15:13:01.093] [DEBUG] DCC - RID:[1518037981093]-[SELECT]-[QUERY]:[SELECT [CRED].[ID_CREDENCIAL]
      ,[CRED].[NOMBRE]
      ,[CRED].[USUARIO_NOMBRE]
      ,[CRED].[ID_AUTORIDAD]
	  ,[AUTH].[NOMBRE_AUTORIDAD]
	  ,[AUTH].[ID_ZONA]
         ,[CRED].[ID_ROL]
	  ,[ROL].[NOMBRE_ROL]
	  ,[ROL].[PRIVILEGIOS]
      ,[CRED].[ID_CREDENCIAL_SUPERIOR]
  FROM [dbo].[SLOAA_TR_CREDENCIAL] [CRED]
  LEFT JOIN  [dbo].[SLOAA_TC_AUTORIDAD] [AUTH] ON [CRED].[ID_AUTORIDAD]=[AUTH].[ID_AUTORIDAD]
  LEFT JOIN  [dbo].[SLOAA_TS_ROL] [ROL] ON [CRED].[ID_ROL]=[ROL].[ID_ROL]
  
  WHERE 
	            [CRED].[USUARIO_NOMBRE]='carlos.palacios'
		AND [CRED].[USUARIO_PASSWORD]='12345']
[2018-02-07T15:13:01.113] [INFO] ICC - RID:[1518037981093]-[SELECT]-[END]:[OK]
[2018-02-07T15:13:01.114] [INFO] ICC - RID:[1518037981093]-[REQUEST]-[END]:[/defaultSelect]
[2018-02-07T15:13:01.357] [INFO] ICC - RID:[1518037981357]-[REQUEST]-[START]:[/getAllOrdenServicio]
[2018-02-07T15:13:01.358] [INFO] ICC - RID:[1518037981357]-[SELECT]-[START]
[2018-02-07T15:13:01.358] [DEBUG] DCC - RID:[1518037981357]-[SELECT]-[QUERY]:[SELECT  
	    [ORD].[ID_ORDEN_SERVICIO]
      ,[ORD].[NUM_ORDEN]
      ,[ORD].[FECHA_SOLICITUD]
      ,[ORD].[DOMICILIO]
      ,[ORD].[FIRMA1_USER1]
      ,[ORD].[FIRMA1_USER2]
      ,[ORD].[FIRMA2_USER1]
      ,[ORD].[FIRMA2_USER2]
      ,[ORD].[ID_STATUS]
      ,[ORD].[METAINFO_FECHA_CREACION]
      ,[ORD].[METAINFO_IP]
      ,[ORD].[METAINFO_MAC_ADRR]
      ,[ORD].[LLAVE_SISTEMA]
      ,[ORD].[CIERRE_TOTAL]
	  
	   ,[CRED].[ID_CREDENCIAL]
      ,[CRED].[NOMBRE]
      ,[CRED].[CARGO]
      ,[CRED].[TELEFONO]
      ,[CRED].[EXT]
      ,[CRED].[EMAIL]
      ,[CRED].[PTT]
      ,[CRED].[MOVIL]
      ,[CRED].[USUARIO_NOMBRE]
      ,[CRED].[USUARIO_PASSWORD]
      ,[CRED].[ID_ROL]
      ,[CRED].[ID_CREDENCIAL_SUPERIOR]

	   ,[AUTH].[ID_AUTORIDAD]
      ,[AUTH].[NOMBRE_AUTORIDAD]
      ,[AUTH].[ESTADO]
      ,[AUTH].[NIVEL]
      ,[AUTH].[SERVICIO]
      ,[AUTH].[ID_ZONA] 
             ,[STATUS].[NOMBRE_STATUS]
  FROM 
  [SLOAA_TR_ORDEN_SERVICIO] [ORD]
 LEFT JOIN [SLOAA_TR_CREDENCIAL] [CRED] ON  [CRED].[ID_CREDENCIAL]=[ORD].[ID_CREDENCIAL]
 LEFT JOIN [SLOAA_TC_AUTORIDAD] [AUTH] ON  [AUTH].[ID_AUTORIDAD]=[CRED].[ID_AUTORIDAD]
 LEFT JOIN [dbo].[SLOAA_TC_STATUS] [STATUS] ON  [ORD].[ID_STATUS]=[STATUS].[ID_STATUS]
  WHERE
  1=1
 ]
[2018-02-07T15:13:01.387] [INFO] ICC - RID:[1518037981357]-[SELECT]-[END]:[OK]
[2018-02-07T15:13:01.387] [INFO] ICC - RID:[1518037981357]-[REQUEST]-[END]:[/getAllOrdenServicio]
[2018-02-07T15:13:04.290] [INFO] ICC - RID:[1518037984290]-[REQUEST]-[START]:[/getAllCotizacionXOrden]
[2018-02-07T15:13:04.291] [INFO] ICC - RID:[1518037984290]-[SELECT]-[START]
[2018-02-07T15:13:04.291] [DEBUG] DCC - RID:[1518037984290]-[SELECT]-[QUERY]:[SELECT COT.ID_SERVICIO_COTIZACION, COT.ID_ORDEN_SERVICIO, COT.ID_TIPO_SERVICIO, COT.ID_SERVICIO, COT.ID_UNIDAD, COT.ID_ZONA, COT.ID_SUBZONA, COT.ID_PRESTADOR_SERVICIO, COT.PRECIO_UNITARIO, COT.CANTIDAD, COT.COTIZACION, COT.DEDUCCION, COT.DEDUCCION_JUSTIFICACION, COT.PRECIO_SERVICIO_FINAL, SERV.NOMBRE_SERVICIO, TIPO.TIPO, PRES.NOMBRE, SUBZ.SUBZONA, ZONA.ZONA FROM SLOAA_TR_SERVICIO_COTIZACION COT INNER JOIN SLOAA_TR_PRECIO_UNITARIO UNIT ON COT.ID_TIPO_SERVICIO = UNIT.ID_TIPO_SERVICIO AND COT.ID_SERVICIO = UNIT.ID_SERVICIO AND COT.ID_UNIDAD = UNIT.ID_UNIDAD INNER JOIN SLOAA_TC_SERVICIO SERV ON SERV.ID_SERVICIO = UNIT.ID_SERVICIO AND SERV.ID_SERVICIO = UNIT.ID_SERVICIO INNER JOIN SLOAA_TC_TIPO_SERVICIO TIPO ON TIPO.ID_TIPO_SERVICIO = SERV.ID_TIPO_SERVICIO INNER JOIN SLOAA_TC_PRESTADOR_SERVICIOS_X_SERVICIO PRESERV ON PRESERV.ID_PRESTADOR_SERVICIO = COT.ID_PRESTADOR_SERVICIO AND PRESERV.ID_TIPO_SERVICIO = COT.ID_TIPO_SERVICIO AND PRESERV.ID_SERVICIO = COT.ID_SERVICIO INNER JOIN SLOAA_TC_PRESTADOR_SERVICIOS PRES ON PRES.ID_PRESTADOR_SERVICIO = PRESERV.ID_PRESTADOR_SERVICIO AND PRES.ID_ZONA = PRESERV.ID_ZONA AND PRES.ID_SUBZONA = PRESERV.ID_SUBZONA INNER JOIN SLOAA_TC_SUBZONA SUBZ ON SUBZ.ID_ZONA = PRES.ID_ZONA AND SUBZ.ID_SUBZONA = PRES.ID_SUBZONA INNER JOIN SLOAA_TC_ZONA ZONA ON ZONA.ID_ZONA = SUBZ.ID_ZONA 
                        WHERE ID_ORDEN_SERVICIO =261]
[2018-02-07T15:13:04.348] [INFO] ICC - RID:[1518037984290]-[SELECT]-[END]:[OK]
[2018-02-07T15:13:04.348] [INFO] ICC - RID:[1518037984290]-[REQUEST]-[END]:[/getAllCotizacionXOrden]
[2018-02-07T15:13:05.089] [INFO] ICC - RID:[1518037985089]-[REQUEST]-[START]:[/getAllTipoServicio]
[2018-02-07T15:13:05.089] [INFO] ICC - RID:[1518037985089]-[SELECT]-[START]
[2018-02-07T15:13:05.089] [DEBUG] DCC - RID:[1518037985089]-[SELECT]-[QUERY]:[SELECT 
 DISTINCT([SEL].[ID_TIPO_SERVICIO]),
		  [SEL].[TIPO]
 FROM  (
		SELECT [PSXS].[ID_PRESTADOR_SERVICIO]
			  ,[PSXS].[ID_ZONA]
			  ,[PSXS].[ID_SUBZONA]
			  ,[PSXS].[ID_TIPO_SERVICIO]
			  ,[TS].[TIPO]
			  ,[PSXS].[ID_SERVICIO]
		  FROM [SLOAA_TC_PRESTADOR_SERVICIOS_X_SERVICIO] [PSXS]
		  LEFT JOIN [SLOAA_TC_TIPO_SERVICIO] [TS] ON [PSXS].[ID_TIPO_SERVICIO]=[TS].[ID_TIPO_SERVICIO]
		  WHERE 
		  1=1
		  AND [PSXS].[ID_ZONA]=3
  )[SEL] ]
[2018-02-07T15:13:05.109] [INFO] ICC - RID:[1518037985089]-[SELECT]-[END]:[OK]
[2018-02-07T15:13:05.109] [INFO] ICC - RID:[1518037985089]-[REQUEST]-[END]:[/getAllTipoServicio]
[2018-02-07T15:13:06.006] [INFO] ICC - RID:[1518037986006]-[REQUEST]-[START]:[/getAllSubZona]
[2018-02-07T15:13:06.006] [INFO] ICC - RID:[1518037986006]-[SELECT]-[START]
[2018-02-07T15:13:06.006] [DEBUG] DCC - RID:[1518037986006]-[SELECT]-[QUERY]:[SELECT [ID_SUBZONA],[SUBZONA] FROM [SLOAA_TC_SUBZONA] WHERE 1=1 AND [ID_ZONA]=3]
[2018-02-07T15:13:06.020] [INFO] ICC - RID:[1518037986006]-[SELECT]-[END]:[OK]
[2018-02-07T15:13:06.021] [INFO] ICC - RID:[1518037986006]-[REQUEST]-[END]:[/getAllSubZona]
[2018-02-07T15:13:06.450] [INFO] ICC - RID:[1518037986450]-[REQUEST]-[START]:[/getAllServicios]
[2018-02-07T15:13:06.450] [INFO] ICC - RID:[1518037986450]-[SELECT]-[START]
[2018-02-07T15:13:06.450] [DEBUG] DCC - RID:[1518037986450]-[SELECT]-[QUERY]:[SELECT 
 DISTINCT([SEL].[ID_SERVICIO]),
		  [SEL].[NOMBRE_SERVICIO]
 FROM  (
		SELECT [PSXS].[ID_PRESTADOR_SERVICIO]
			  ,[PSXS].[ID_ZONA]
			  ,[PSXS].[ID_SUBZONA]
			  ,[PSXS].[ID_TIPO_SERVICIO]
			  ,[PSXS].[ID_SERVICIO]
			  ,[SERV].[NOMBRE_SERVICIO]
		  FROM [SLOAA_TC_PRESTADOR_SERVICIOS_X_SERVICIO] [PSXS]
		  LEFT JOIN [SLOAA_TC_SERVICIO] [SERV] ON [PSXS].[ID_SERVICIO]=[SERV].[ID_SERVICIO]
		  WHERE 
		  1=1
		  AND [PSXS].[ID_ZONA]=3
		  AND [PSXS].[ID_SUBZONA]=1
		  AND [PSXS].[ID_TIPO_SERVICIO]=1
  )[SEL]]
[2018-02-07T15:13:06.477] [INFO] ICC - RID:[1518037986450]-[SELECT]-[END]:[OK]
[2018-02-07T15:13:06.477] [INFO] ICC - RID:[1518037986450]-[REQUEST]-[END]:[/getAllServicios]
[2018-02-07T15:13:06.858] [INFO] ICC - RID:[1518037986858]-[REQUEST]-[START]:[/getAllProvedores]
[2018-02-07T15:13:06.858] [INFO] ICC - RID:[1518037986858]-[SELECT]-[START]
[2018-02-07T15:13:06.858] [DEBUG] DCC - RID:[1518037986858]-[SELECT]-[QUERY]:[SELECT 
 DISTINCT([SEL].[ID_PRESTADOR_SERVICIO]),
		  [SEL].[NOMBRE]
 FROM  (
		SELECT [PSXS].[ID_PRESTADOR_SERVICIO]
			  ,[PSXS].[ID_ZONA]
			  ,[PSXS].[ID_SUBZONA]
			  ,[PSXS].[ID_TIPO_SERVICIO]
			  ,[PSXS].[ID_SERVICIO]
			  ,[PS].[NOMBRE]
			  ,[PS].[CORREO_ELECTRONICO]
		  FROM [SLOAA_TC_PRESTADOR_SERVICIOS_X_SERVICIO] [PSXS]
		  LEFT JOIN [SLOAA_TC_PRESTADOR_SERVICIOS] [PS] ON [PSXS].[ID_PRESTADOR_SERVICIO]=[PS].[ID_PRESTADOR_SERVICIO]
		  WHERE 
		  1=1
		  AND [PSXS].[ID_ZONA]=3
		  AND [PSXS].[ID_SUBZONA]=1
		  AND [PSXS].[ID_TIPO_SERVICIO]=1
		  AND [PSXS].[ID_SERVICIO]=1001
  )[SEL]]
[2018-02-07T15:13:06.884] [INFO] ICC - RID:[1518037986858]-[SELECT]-[END]:[OK]
[2018-02-07T15:13:06.884] [INFO] ICC - RID:[1518037986858]-[REQUEST]-[END]:[/getAllProvedores]
[2018-02-07T15:13:07.379] [INFO] ICC - RID:[1518037987378]-[REQUEST]-[START]:[/getUnidadYPrecioUnitarioXServicio]
[2018-02-07T15:13:07.379] [INFO] ICC - RID:[1518037987378]-[SELECT]-[START]
[2018-02-07T15:13:07.379] [DEBUG] DCC - RID:[1518037987378]-[SELECT]-[QUERY]:[SELECT [QRY].*,
	  [UNI].[UNIDAD]
	   FROM
(
  SELECT 
      DISTINCT([PU].[ID_UNIDAD]),
	  [PU].[PRECIO_UNITARIO]
  FROM [dbo].[SLOAA_TR_PRECIO_UNITARIO] [PU]
  WHERE 1=1 
  AND [PU].[ID_TIPO_SERVICIO]=1
  AND  [PU].[ID_SERVICIO]=1001
)[QRY]
LEFT JOIN [dbo].[SLOAA_TC_UNIDAD] [UNI] ON [QRY].[ID_UNIDAD]=[UNI].[ID_UNIDAD]]
[2018-02-07T15:13:07.401] [INFO] ICC - RID:[1518037987378]-[SELECT]-[END]:[OK]
[2018-02-07T15:13:07.401] [INFO] ICC - RID:[1518037987378]-[REQUEST]-[END]:[/getUnidadYPrecioUnitarioXServicio]
[2018-02-07T15:13:16.417] [INFO] ICC - RID:[1518037996417]-[REQUEST]-[START]:[/getAllServicios]
[2018-02-07T15:13:16.418] [INFO] ICC - RID:[1518037996417]-[SELECT]-[START]
[2018-02-07T15:13:16.418] [DEBUG] DCC - RID:[1518037996417]-[SELECT]-[QUERY]:[SELECT 
 DISTINCT([SEL].[ID_SERVICIO]),
		  [SEL].[NOMBRE_SERVICIO]
 FROM  (
		SELECT [PSXS].[ID_PRESTADOR_SERVICIO]
			  ,[PSXS].[ID_ZONA]
			  ,[PSXS].[ID_SUBZONA]
			  ,[PSXS].[ID_TIPO_SERVICIO]
			  ,[PSXS].[ID_SERVICIO]
			  ,[SERV].[NOMBRE_SERVICIO]
		  FROM [SLOAA_TC_PRESTADOR_SERVICIOS_X_SERVICIO] [PSXS]
		  LEFT JOIN [SLOAA_TC_SERVICIO] [SERV] ON [PSXS].[ID_SERVICIO]=[SERV].[ID_SERVICIO]
		  WHERE 
		  1=1
		  AND [PSXS].[ID_ZONA]=3
		  AND [PSXS].[ID_SUBZONA]=2
		  AND [PSXS].[ID_TIPO_SERVICIO]=1
  )[SEL]]
[2018-02-07T15:13:16.439] [INFO] ICC - RID:[1518037996417]-[SELECT]-[END]:[OK]
[2018-02-07T15:13:16.440] [INFO] ICC - RID:[1518037996417]-[REQUEST]-[END]:[/getAllServicios]
[2018-02-07T15:13:22.072] [INFO] ICC - RID:[1518038002072]-[REQUEST]-[START]:[/getAllProvedores]
[2018-02-07T15:13:22.072] [INFO] ICC - RID:[1518038002072]-[SELECT]-[START]
[2018-02-07T15:13:22.072] [DEBUG] DCC - RID:[1518038002072]-[SELECT]-[QUERY]:[SELECT 
 DISTINCT([SEL].[ID_PRESTADOR_SERVICIO]),
		  [SEL].[NOMBRE]
 FROM  (
		SELECT [PSXS].[ID_PRESTADOR_SERVICIO]
			  ,[PSXS].[ID_ZONA]
			  ,[PSXS].[ID_SUBZONA]
			  ,[PSXS].[ID_TIPO_SERVICIO]
			  ,[PSXS].[ID_SERVICIO]
			  ,[PS].[NOMBRE]
			  ,[PS].[CORREO_ELECTRONICO]
		  FROM [SLOAA_TC_PRESTADOR_SERVICIOS_X_SERVICIO] [PSXS]
		  LEFT JOIN [SLOAA_TC_PRESTADOR_SERVICIOS] [PS] ON [PSXS].[ID_PRESTADOR_SERVICIO]=[PS].[ID_PRESTADOR_SERVICIO]
		  WHERE 
		  1=1
		  AND [PSXS].[ID_ZONA]=3
		  AND [PSXS].[ID_SUBZONA]=2
		  AND [PSXS].[ID_TIPO_SERVICIO]=1
		  AND [PSXS].[ID_SERVICIO]=
  )[SEL]]
[2018-02-07T15:13:22.108] [ERROR] ECC - RID:[1518038002072]-[SELECT]-[END]:[FAIL]:[Incorrect syntax near ')'.]
[2018-02-07T15:13:22.108] [ERROR] ECC - RID:[1518038002072]-[REQUEST]-[ERROR]:[Incorrect syntax near ')'.]:[/getAllProvedores]
[2018-02-07T15:13:23.880] [INFO] ICC - RID:[1518038003880]-[REQUEST]-[START]:[/getUnidadYPrecioUnitarioXServicio]
[2018-02-07T15:13:23.880] [INFO] ICC - RID:[1518038003880]-[SELECT]-[START]
[2018-02-07T15:13:23.880] [DEBUG] DCC - RID:[1518038003880]-[SELECT]-[QUERY]:[SELECT [QRY].*,
	  [UNI].[UNIDAD]
	   FROM
(
  SELECT 
      DISTINCT([PU].[ID_UNIDAD]),
	  [PU].[PRECIO_UNITARIO]
  FROM [dbo].[SLOAA_TR_PRECIO_UNITARIO] [PU]
  WHERE 1=1 
  AND [PU].[ID_TIPO_SERVICIO]=1
  AND  [PU].[ID_SERVICIO]=
)[QRY]
LEFT JOIN [dbo].[SLOAA_TC_UNIDAD] [UNI] ON [QRY].[ID_UNIDAD]=[UNI].[ID_UNIDAD]]
[2018-02-07T15:13:23.900] [ERROR] ECC - RID:[1518038003880]-[SELECT]-[END]:[FAIL]:[Incorrect syntax near ')'.]
[2018-02-07T15:13:23.901] [ERROR] ECC - RID:[1518038003880]-[REQUEST]-[ERROR]:[Incorrect syntax near ')'.]:[/getUnidadYPrecioUnitarioXServicio]
[2018-02-07T15:13:27.168] [INFO] ICC - RID:[1518038007168]-[REQUEST]-[START]:[/getAllServicios]
[2018-02-07T15:13:27.168] [INFO] ICC - RID:[1518038007168]-[SELECT]-[START]
[2018-02-07T15:13:27.168] [DEBUG] DCC - RID:[1518038007168]-[SELECT]-[QUERY]:[SELECT 
 DISTINCT([SEL].[ID_SERVICIO]),
		  [SEL].[NOMBRE_SERVICIO]
 FROM  (
		SELECT [PSXS].[ID_PRESTADOR_SERVICIO]
			  ,[PSXS].[ID_ZONA]
			  ,[PSXS].[ID_SUBZONA]
			  ,[PSXS].[ID_TIPO_SERVICIO]
			  ,[PSXS].[ID_SERVICIO]
			  ,[SERV].[NOMBRE_SERVICIO]
		  FROM [SLOAA_TC_PRESTADOR_SERVICIOS_X_SERVICIO] [PSXS]
		  LEFT JOIN [SLOAA_TC_SERVICIO] [SERV] ON [PSXS].[ID_SERVICIO]=[SERV].[ID_SERVICIO]
		  WHERE 
		  1=1
		  AND [PSXS].[ID_ZONA]=3
		  AND [PSXS].[ID_SUBZONA]=1
		  AND [PSXS].[ID_TIPO_SERVICIO]=1
  )[SEL]]
[2018-02-07T15:13:27.182] [INFO] ICC - RID:[1518038007168]-[SELECT]-[END]:[OK]
[2018-02-07T15:13:27.183] [INFO] ICC - RID:[1518038007168]-[REQUEST]-[END]:[/getAllServicios]
[2018-02-07T15:13:28.415] [INFO] ICC - RID:[1518038008415]-[REQUEST]-[START]:[/getAllProvedores]
[2018-02-07T15:13:28.415] [INFO] ICC - RID:[1518038008415]-[SELECT]-[START]
[2018-02-07T15:13:28.415] [DEBUG] DCC - RID:[1518038008415]-[SELECT]-[QUERY]:[SELECT 
 DISTINCT([SEL].[ID_PRESTADOR_SERVICIO]),
		  [SEL].[NOMBRE]
 FROM  (
		SELECT [PSXS].[ID_PRESTADOR_SERVICIO]
			  ,[PSXS].[ID_ZONA]
			  ,[PSXS].[ID_SUBZONA]
			  ,[PSXS].[ID_TIPO_SERVICIO]
			  ,[PSXS].[ID_SERVICIO]
			  ,[PS].[NOMBRE]
			  ,[PS].[CORREO_ELECTRONICO]
		  FROM [SLOAA_TC_PRESTADOR_SERVICIOS_X_SERVICIO] [PSXS]
		  LEFT JOIN [SLOAA_TC_PRESTADOR_SERVICIOS] [PS] ON [PSXS].[ID_PRESTADOR_SERVICIO]=[PS].[ID_PRESTADOR_SERVICIO]
		  WHERE 
		  1=1
		  AND [PSXS].[ID_ZONA]=3
		  AND [PSXS].[ID_SUBZONA]=1
		  AND [PSXS].[ID_TIPO_SERVICIO]=1
		  AND [PSXS].[ID_SERVICIO]=1001
  )[SEL]]
[2018-02-07T15:13:28.475] [INFO] ICC - RID:[1518038008415]-[SELECT]-[END]:[OK]
[2018-02-07T15:13:28.475] [INFO] ICC - RID:[1518038008415]-[REQUEST]-[END]:[/getAllProvedores]
[2018-02-07T15:13:30.046] [INFO] ICC - RID:[1518038010046]-[REQUEST]-[START]:[/getUnidadYPrecioUnitarioXServicio]
[2018-02-07T15:13:30.047] [INFO] ICC - RID:[1518038010046]-[SELECT]-[START]
[2018-02-07T15:13:30.047] [DEBUG] DCC - RID:[1518038010046]-[SELECT]-[QUERY]:[SELECT [QRY].*,
	  [UNI].[UNIDAD]
	   FROM
(
  SELECT 
      DISTINCT([PU].[ID_UNIDAD]),
	  [PU].[PRECIO_UNITARIO]
  FROM [dbo].[SLOAA_TR_PRECIO_UNITARIO] [PU]
  WHERE 1=1 
  AND [PU].[ID_TIPO_SERVICIO]=1
  AND  [PU].[ID_SERVICIO]=1001
)[QRY]
LEFT JOIN [dbo].[SLOAA_TC_UNIDAD] [UNI] ON [QRY].[ID_UNIDAD]=[UNI].[ID_UNIDAD]]
[2018-02-07T15:13:30.065] [INFO] ICC - RID:[1518038010046]-[SELECT]-[END]:[OK]
[2018-02-07T15:13:30.066] [INFO] ICC - RID:[1518038010046]-[REQUEST]-[END]:[/getUnidadYPrecioUnitarioXServicio]
[2018-02-07T15:13:55.238] [INFO] ICC - RID:[1518038035238]-[REQUEST]-[START]:[/getAllProvedores]
[2018-02-07T15:13:55.238] [INFO] ICC - RID:[1518038035238]-[SELECT]-[START]
[2018-02-07T15:13:55.238] [DEBUG] DCC - RID:[1518038035238]-[SELECT]-[QUERY]:[SELECT 
 DISTINCT([SEL].[ID_PRESTADOR_SERVICIO]),
		  [SEL].[NOMBRE]
 FROM  (
		SELECT [PSXS].[ID_PRESTADOR_SERVICIO]
			  ,[PSXS].[ID_ZONA]
			  ,[PSXS].[ID_SUBZONA]
			  ,[PSXS].[ID_TIPO_SERVICIO]
			  ,[PSXS].[ID_SERVICIO]
			  ,[PS].[NOMBRE]
			  ,[PS].[CORREO_ELECTRONICO]
		  FROM [SLOAA_TC_PRESTADOR_SERVICIOS_X_SERVICIO] [PSXS]
		  LEFT JOIN [SLOAA_TC_PRESTADOR_SERVICIOS] [PS] ON [PSXS].[ID_PRESTADOR_SERVICIO]=[PS].[ID_PRESTADOR_SERVICIO]
		  WHERE 
		  1=1
		  AND [PSXS].[ID_ZONA]=3
		  AND [PSXS].[ID_SUBZONA]=1
		  AND [PSXS].[ID_TIPO_SERVICIO]=1
		  AND [PSXS].[ID_SERVICIO]=1002
  )[SEL]]
[2018-02-07T15:13:55.274] [INFO] ICC - RID:[1518038035238]-[SELECT]-[END]:[OK]
[2018-02-07T15:13:55.274] [INFO] ICC - RID:[1518038035238]-[REQUEST]-[END]:[/getAllProvedores]
[2018-02-07T15:13:56.900] [INFO] ICC - RID:[1518038036899]-[REQUEST]-[START]:[/getUnidadYPrecioUnitarioXServicio]
[2018-02-07T15:13:56.900] [INFO] ICC - RID:[1518038036899]-[SELECT]-[START]
[2018-02-07T15:13:56.900] [DEBUG] DCC - RID:[1518038036899]-[SELECT]-[QUERY]:[SELECT [QRY].*,
	  [UNI].[UNIDAD]
	   FROM
(
  SELECT 
      DISTINCT([PU].[ID_UNIDAD]),
	  [PU].[PRECIO_UNITARIO]
  FROM [dbo].[SLOAA_TR_PRECIO_UNITARIO] [PU]
  WHERE 1=1 
  AND [PU].[ID_TIPO_SERVICIO]=1
  AND  [PU].[ID_SERVICIO]=1002
)[QRY]
LEFT JOIN [dbo].[SLOAA_TC_UNIDAD] [UNI] ON [QRY].[ID_UNIDAD]=[UNI].[ID_UNIDAD]]
[2018-02-07T15:13:56.919] [INFO] ICC - RID:[1518038036899]-[SELECT]-[END]:[OK]
[2018-02-07T15:13:56.920] [INFO] ICC - RID:[1518038036899]-[REQUEST]-[END]:[/getUnidadYPrecioUnitarioXServicio]
[2018-02-07T15:13:59.921] [INFO] ICC - RID:[1518038039921]-[REQUEST]-[START]:[/getAllProvedores]
[2018-02-07T15:13:59.921] [INFO] ICC - RID:[1518038039921]-[SELECT]-[START]
[2018-02-07T15:13:59.921] [DEBUG] DCC - RID:[1518038039921]-[SELECT]-[QUERY]:[SELECT 
 DISTINCT([SEL].[ID_PRESTADOR_SERVICIO]),
		  [SEL].[NOMBRE]
 FROM  (
		SELECT [PSXS].[ID_PRESTADOR_SERVICIO]
			  ,[PSXS].[ID_ZONA]
			  ,[PSXS].[ID_SUBZONA]
			  ,[PSXS].[ID_TIPO_SERVICIO]
			  ,[PSXS].[ID_SERVICIO]
			  ,[PS].[NOMBRE]
			  ,[PS].[CORREO_ELECTRONICO]
		  FROM [SLOAA_TC_PRESTADOR_SERVICIOS_X_SERVICIO] [PSXS]
		  LEFT JOIN [SLOAA_TC_PRESTADOR_SERVICIOS] [PS] ON [PSXS].[ID_PRESTADOR_SERVICIO]=[PS].[ID_PRESTADOR_SERVICIO]
		  WHERE 
		  1=1
		  AND [PSXS].[ID_ZONA]=3
		  AND [PSXS].[ID_SUBZONA]=1
		  AND [PSXS].[ID_TIPO_SERVICIO]=1
		  AND [PSXS].[ID_SERVICIO]=1001
  )[SEL]]
[2018-02-07T15:13:59.942] [INFO] ICC - RID:[1518038039921]-[SELECT]-[END]:[OK]
[2018-02-07T15:13:59.942] [INFO] ICC - RID:[1518038039921]-[REQUEST]-[END]:[/getAllProvedores]
[2018-02-07T15:14:02.878] [INFO] ICC - RID:[1518038042878]-[REQUEST]-[START]:[/getAllServicios]
[2018-02-07T15:14:02.878] [INFO] ICC - RID:[1518038042878]-[SELECT]-[START]
[2018-02-07T15:14:02.878] [DEBUG] DCC - RID:[1518038042878]-[SELECT]-[QUERY]:[SELECT 
 DISTINCT([SEL].[ID_SERVICIO]),
		  [SEL].[NOMBRE_SERVICIO]
 FROM  (
		SELECT [PSXS].[ID_PRESTADOR_SERVICIO]
			  ,[PSXS].[ID_ZONA]
			  ,[PSXS].[ID_SUBZONA]
			  ,[PSXS].[ID_TIPO_SERVICIO]
			  ,[PSXS].[ID_SERVICIO]
			  ,[SERV].[NOMBRE_SERVICIO]
		  FROM [SLOAA_TC_PRESTADOR_SERVICIOS_X_SERVICIO] [PSXS]
		  LEFT JOIN [SLOAA_TC_SERVICIO] [SERV] ON [PSXS].[ID_SERVICIO]=[SERV].[ID_SERVICIO]
		  WHERE 
		  1=1
		  AND [PSXS].[ID_ZONA]=3
		  AND [PSXS].[ID_SUBZONA]=2
		  AND [PSXS].[ID_TIPO_SERVICIO]=1
  )[SEL]]
[2018-02-07T15:14:02.893] [INFO] ICC - RID:[1518038042878]-[SELECT]-[END]:[OK]
[2018-02-07T15:14:02.893] [INFO] ICC - RID:[1518038042878]-[REQUEST]-[END]:[/getAllServicios]
[2018-02-07T15:14:07.752] [INFO] ICC - RID:[1518038047752]-[REQUEST]-[START]:[/getAllServicios]
[2018-02-07T15:14:07.752] [INFO] ICC - RID:[1518038047752]-[SELECT]-[START]
[2018-02-07T15:14:07.752] [DEBUG] DCC - RID:[1518038047752]-[SELECT]-[QUERY]:[SELECT 
 DISTINCT([SEL].[ID_SERVICIO]),
		  [SEL].[NOMBRE_SERVICIO]
 FROM  (
		SELECT [PSXS].[ID_PRESTADOR_SERVICIO]
			  ,[PSXS].[ID_ZONA]
			  ,[PSXS].[ID_SUBZONA]
			  ,[PSXS].[ID_TIPO_SERVICIO]
			  ,[PSXS].[ID_SERVICIO]
			  ,[SERV].[NOMBRE_SERVICIO]
		  FROM [SLOAA_TC_PRESTADOR_SERVICIOS_X_SERVICIO] [PSXS]
		  LEFT JOIN [SLOAA_TC_SERVICIO] [SERV] ON [PSXS].[ID_SERVICIO]=[SERV].[ID_SERVICIO]
		  WHERE 
		  1=1
		  AND [PSXS].[ID_ZONA]=3
		  AND [PSXS].[ID_SUBZONA]=1
		  AND [PSXS].[ID_TIPO_SERVICIO]=1
  )[SEL]]
[2018-02-07T15:14:07.775] [INFO] ICC - RID:[1518038047752]-[SELECT]-[END]:[OK]
[2018-02-07T15:14:07.776] [INFO] ICC - RID:[1518038047752]-[REQUEST]-[END]:[/getAllServicios]
[2018-02-07T15:14:09.049] [INFO] ICC - RID:[1518038049049]-[REQUEST]-[START]:[/getAllProvedores]
[2018-02-07T15:14:09.049] [INFO] ICC - RID:[1518038049049]-[SELECT]-[START]
[2018-02-07T15:14:09.049] [DEBUG] DCC - RID:[1518038049049]-[SELECT]-[QUERY]:[SELECT 
 DISTINCT([SEL].[ID_PRESTADOR_SERVICIO]),
		  [SEL].[NOMBRE]
 FROM  (
		SELECT [PSXS].[ID_PRESTADOR_SERVICIO]
			  ,[PSXS].[ID_ZONA]
			  ,[PSXS].[ID_SUBZONA]
			  ,[PSXS].[ID_TIPO_SERVICIO]
			  ,[PSXS].[ID_SERVICIO]
			  ,[PS].[NOMBRE]
			  ,[PS].[CORREO_ELECTRONICO]
		  FROM [SLOAA_TC_PRESTADOR_SERVICIOS_X_SERVICIO] [PSXS]
		  LEFT JOIN [SLOAA_TC_PRESTADOR_SERVICIOS] [PS] ON [PSXS].[ID_PRESTADOR_SERVICIO]=[PS].[ID_PRESTADOR_SERVICIO]
		  WHERE 
		  1=1
		  AND [PSXS].[ID_ZONA]=3
		  AND [PSXS].[ID_SUBZONA]=1
		  AND [PSXS].[ID_TIPO_SERVICIO]=1
		  AND [PSXS].[ID_SERVICIO]=1002
  )[SEL]]
[2018-02-07T15:14:09.065] [INFO] ICC - RID:[1518038049049]-[SELECT]-[END]:[OK]
[2018-02-07T15:14:09.065] [INFO] ICC - RID:[1518038049049]-[REQUEST]-[END]:[/getAllProvedores]
[2018-02-07T15:14:10.662] [INFO] ICC - RID:[1518038050662]-[REQUEST]-[START]:[/getUnidadYPrecioUnitarioXServicio]
[2018-02-07T15:14:10.662] [INFO] ICC - RID:[1518038050662]-[SELECT]-[START]
[2018-02-07T15:14:10.662] [DEBUG] DCC - RID:[1518038050662]-[SELECT]-[QUERY]:[SELECT [QRY].*,
	  [UNI].[UNIDAD]
	   FROM
(
  SELECT 
      DISTINCT([PU].[ID_UNIDAD]),
	  [PU].[PRECIO_UNITARIO]
  FROM [dbo].[SLOAA_TR_PRECIO_UNITARIO] [PU]
  WHERE 1=1 
  AND [PU].[ID_TIPO_SERVICIO]=1
  AND  [PU].[ID_SERVICIO]=1002
)[QRY]
LEFT JOIN [dbo].[SLOAA_TC_UNIDAD] [UNI] ON [QRY].[ID_UNIDAD]=[UNI].[ID_UNIDAD]]
[2018-02-07T15:14:10.676] [INFO] ICC - RID:[1518038050662]-[SELECT]-[END]:[OK]
[2018-02-07T15:14:10.676] [INFO] ICC - RID:[1518038050662]-[REQUEST]-[END]:[/getUnidadYPrecioUnitarioXServicio]
[2018-02-07T15:14:14.488] [INFO] ICC - RID:[1518038054488]-[REQUEST]-[START]:[/addCotizacion]
[2018-02-07T15:14:14.488] [INFO] ICC - RID:[1518038054488]-[FREE-DML]-[START]
[2018-02-07T15:14:14.488] [DEBUG] DCC - RID:[1518038054488]-[FREE-DML]-[DML]:[ INSERT INTO [dbo].[SLOAA_TR_SERVICIO_COTIZACION]
           (
            [ID_ORDEN_SERVICIO]
           ,[ID_TIPO_SERVICIO]
           ,[ID_SERVICIO]
           ,[ID_UNIDAD]
		   
		   
           ,[PRECIO_UNITARIO]
           ,[CANTIDAD]
           ,[COTIZACION]
		   
           ,[DEDUCCION_CANTIDAD]
           ,[DEDUCCION_TIEMPO]
           ,[CANCELACION]
           ,[DEDUCCION]
           ,[DEDUCCION_JUSTIFICACION]
           ,[PRECIO_SERVICIO_FINAL]
           ,[VALIDA_DISPONIBILIDAD]
           ,[ID_ZONA]
           ,[ID_SUBZONA]
           ,[ID_PRESTADOR_SERVICIO]
		   )
     VALUES
           (
		   261 
		   , 1 
		   , 1002 
		   , 2 
		   
		   , 2 
		   , 1 
		   , 2 
		   
		   
		   
		   , 0 
		   , 0 
		   , 0 
		   , 0 
		   , '' 
		   , 0 
		   , 0 
		   , 3
		   , 1
		   , 1
		   )]
[2018-02-07T15:14:14.516] [INFO] ICC - RID:[1518038054488]-[FREE-DML]-[END]:[OK]
[2018-02-07T15:14:14.516] [INFO] ICC - RID:[1518038054488]-[REQUEST]-[END]:[/addCotizacion]
[2018-02-07T15:14:14.584] [INFO] ICC - RID:[1518038054584]-[REQUEST]-[START]:[/getAllCotizacionXOrden]
[2018-02-07T15:14:14.584] [INFO] ICC - RID:[1518038054584]-[SELECT]-[START]
[2018-02-07T15:14:14.584] [DEBUG] DCC - RID:[1518038054584]-[SELECT]-[QUERY]:[SELECT COT.ID_SERVICIO_COTIZACION, COT.ID_ORDEN_SERVICIO, COT.ID_TIPO_SERVICIO, COT.ID_SERVICIO, COT.ID_UNIDAD, COT.ID_ZONA, COT.ID_SUBZONA, COT.ID_PRESTADOR_SERVICIO, COT.PRECIO_UNITARIO, COT.CANTIDAD, COT.COTIZACION, COT.DEDUCCION, COT.DEDUCCION_JUSTIFICACION, COT.PRECIO_SERVICIO_FINAL, SERV.NOMBRE_SERVICIO, TIPO.TIPO, PRES.NOMBRE, SUBZ.SUBZONA, ZONA.ZONA FROM SLOAA_TR_SERVICIO_COTIZACION COT INNER JOIN SLOAA_TR_PRECIO_UNITARIO UNIT ON COT.ID_TIPO_SERVICIO = UNIT.ID_TIPO_SERVICIO AND COT.ID_SERVICIO = UNIT.ID_SERVICIO AND COT.ID_UNIDAD = UNIT.ID_UNIDAD INNER JOIN SLOAA_TC_SERVICIO SERV ON SERV.ID_SERVICIO = UNIT.ID_SERVICIO AND SERV.ID_SERVICIO = UNIT.ID_SERVICIO INNER JOIN SLOAA_TC_TIPO_SERVICIO TIPO ON TIPO.ID_TIPO_SERVICIO = SERV.ID_TIPO_SERVICIO INNER JOIN SLOAA_TC_PRESTADOR_SERVICIOS_X_SERVICIO PRESERV ON PRESERV.ID_PRESTADOR_SERVICIO = COT.ID_PRESTADOR_SERVICIO AND PRESERV.ID_TIPO_SERVICIO = COT.ID_TIPO_SERVICIO AND PRESERV.ID_SERVICIO = COT.ID_SERVICIO INNER JOIN SLOAA_TC_PRESTADOR_SERVICIOS PRES ON PRES.ID_PRESTADOR_SERVICIO = PRESERV.ID_PRESTADOR_SERVICIO AND PRES.ID_ZONA = PRESERV.ID_ZONA AND PRES.ID_SUBZONA = PRESERV.ID_SUBZONA INNER JOIN SLOAA_TC_SUBZONA SUBZ ON SUBZ.ID_ZONA = PRES.ID_ZONA AND SUBZ.ID_SUBZONA = PRES.ID_SUBZONA INNER JOIN SLOAA_TC_ZONA ZONA ON ZONA.ID_ZONA = SUBZ.ID_ZONA 
                        WHERE ID_ORDEN_SERVICIO =261]
[2018-02-07T15:14:14.622] [INFO] ICC - RID:[1518038054584]-[SELECT]-[END]:[OK]
[2018-02-07T15:14:14.622] [INFO] ICC - RID:[1518038054584]-[REQUEST]-[END]:[/getAllCotizacionXOrden]
[2018-02-07T15:14:15.726] [INFO] ICC - RID:[1518038055726]-[REQUEST]-[START]:[/getAllTipoServicio]
[2018-02-07T15:14:15.726] [INFO] ICC - RID:[1518038055726]-[SELECT]-[START]
[2018-02-07T15:14:15.726] [DEBUG] DCC - RID:[1518038055726]-[SELECT]-[QUERY]:[SELECT 
 DISTINCT([SEL].[ID_TIPO_SERVICIO]),
		  [SEL].[TIPO]
 FROM  (
		SELECT [PSXS].[ID_PRESTADOR_SERVICIO]
			  ,[PSXS].[ID_ZONA]
			  ,[PSXS].[ID_SUBZONA]
			  ,[PSXS].[ID_TIPO_SERVICIO]
			  ,[TS].[TIPO]
			  ,[PSXS].[ID_SERVICIO]
		  FROM [SLOAA_TC_PRESTADOR_SERVICIOS_X_SERVICIO] [PSXS]
		  LEFT JOIN [SLOAA_TC_TIPO_SERVICIO] [TS] ON [PSXS].[ID_TIPO_SERVICIO]=[TS].[ID_TIPO_SERVICIO]
		  WHERE 
		  1=1
		  AND [PSXS].[ID_ZONA]=3
  )[SEL] ]
[2018-02-07T15:14:15.751] [INFO] ICC - RID:[1518038055726]-[SELECT]-[END]:[OK]
[2018-02-07T15:14:15.751] [INFO] ICC - RID:[1518038055726]-[REQUEST]-[END]:[/getAllTipoServicio]
[2018-02-07T15:14:15.852] [INFO] ICC - RID:[1518038055852]-[REQUEST]-[START]:[/getAllSubZona]
[2018-02-07T15:14:15.852] [INFO] ICC - RID:[1518038055852]-[SELECT]-[START]
[2018-02-07T15:14:15.852] [DEBUG] DCC - RID:[1518038055852]-[SELECT]-[QUERY]:[SELECT [ID_SUBZONA],[SUBZONA] FROM [SLOAA_TC_SUBZONA] WHERE 1=1 AND [ID_ZONA]=3]
[2018-02-07T15:14:15.877] [INFO] ICC - RID:[1518038055852]-[SELECT]-[END]:[OK]
[2018-02-07T15:14:15.877] [INFO] ICC - RID:[1518038055852]-[REQUEST]-[END]:[/getAllSubZona]
[2018-02-07T15:14:15.902] [INFO] ICC - RID:[1518038055902]-[REQUEST]-[START]:[/getAllServicios]
[2018-02-07T15:14:15.902] [INFO] ICC - RID:[1518038055902]-[SELECT]-[START]
[2018-02-07T15:14:15.902] [DEBUG] DCC - RID:[1518038055902]-[SELECT]-[QUERY]:[SELECT 
 DISTINCT([SEL].[ID_SERVICIO]),
		  [SEL].[NOMBRE_SERVICIO]
 FROM  (
		SELECT [PSXS].[ID_PRESTADOR_SERVICIO]
			  ,[PSXS].[ID_ZONA]
			  ,[PSXS].[ID_SUBZONA]
			  ,[PSXS].[ID_TIPO_SERVICIO]
			  ,[PSXS].[ID_SERVICIO]
			  ,[SERV].[NOMBRE_SERVICIO]
		  FROM [SLOAA_TC_PRESTADOR_SERVICIOS_X_SERVICIO] [PSXS]
		  LEFT JOIN [SLOAA_TC_SERVICIO] [SERV] ON [PSXS].[ID_SERVICIO]=[SERV].[ID_SERVICIO]
		  WHERE 
		  1=1
		  AND [PSXS].[ID_ZONA]=3
		  AND [PSXS].[ID_SUBZONA]=1
		  AND [PSXS].[ID_TIPO_SERVICIO]=1
  )[SEL]]
[2018-02-07T15:14:15.915] [INFO] ICC - RID:[1518038055902]-[SELECT]-[END]:[OK]
[2018-02-07T15:14:15.916] [INFO] ICC - RID:[1518038055902]-[REQUEST]-[END]:[/getAllServicios]
[2018-02-07T15:14:15.986] [INFO] ICC - RID:[1518038055985]-[REQUEST]-[START]:[/getAllProvedores]
[2018-02-07T15:14:15.986] [INFO] ICC - RID:[1518038055985]-[SELECT]-[START]
[2018-02-07T15:14:15.986] [DEBUG] DCC - RID:[1518038055985]-[SELECT]-[QUERY]:[SELECT 
 DISTINCT([SEL].[ID_PRESTADOR_SERVICIO]),
		  [SEL].[NOMBRE]
 FROM  (
		SELECT [PSXS].[ID_PRESTADOR_SERVICIO]
			  ,[PSXS].[ID_ZONA]
			  ,[PSXS].[ID_SUBZONA]
			  ,[PSXS].[ID_TIPO_SERVICIO]
			  ,[PSXS].[ID_SERVICIO]
			  ,[PS].[NOMBRE]
			  ,[PS].[CORREO_ELECTRONICO]
		  FROM [SLOAA_TC_PRESTADOR_SERVICIOS_X_SERVICIO] [PSXS]
		  LEFT JOIN [SLOAA_TC_PRESTADOR_SERVICIOS] [PS] ON [PSXS].[ID_PRESTADOR_SERVICIO]=[PS].[ID_PRESTADOR_SERVICIO]
		  WHERE 
		  1=1
		  AND [PSXS].[ID_ZONA]=3
		  AND [PSXS].[ID_SUBZONA]=1
		  AND [PSXS].[ID_TIPO_SERVICIO]=1
		  AND [PSXS].[ID_SERVICIO]=1002
  )[SEL]]
[2018-02-07T15:14:16.000] [INFO] ICC - RID:[1518038055985]-[SELECT]-[END]:[OK]
[2018-02-07T15:14:16.000] [INFO] ICC - RID:[1518038055985]-[REQUEST]-[END]:[/getAllProvedores]
[2018-02-07T15:14:16.047] [INFO] ICC - RID:[1518038056047]-[REQUEST]-[START]:[/getUnidadYPrecioUnitarioXServicio]
[2018-02-07T15:14:16.048] [INFO] ICC - RID:[1518038056047]-[SELECT]-[START]
[2018-02-07T15:14:16.048] [DEBUG] DCC - RID:[1518038056047]-[SELECT]-[QUERY]:[SELECT [QRY].*,
	  [UNI].[UNIDAD]
	   FROM
(
  SELECT 
      DISTINCT([PU].[ID_UNIDAD]),
	  [PU].[PRECIO_UNITARIO]
  FROM [dbo].[SLOAA_TR_PRECIO_UNITARIO] [PU]
  WHERE 1=1 
  AND [PU].[ID_TIPO_SERVICIO]=1
  AND  [PU].[ID_SERVICIO]=1002
)[QRY]
LEFT JOIN [dbo].[SLOAA_TC_UNIDAD] [UNI] ON [QRY].[ID_UNIDAD]=[UNI].[ID_UNIDAD]]
[2018-02-07T15:14:16.062] [INFO] ICC - RID:[1518038056047]-[SELECT]-[END]:[OK]
[2018-02-07T15:14:16.063] [INFO] ICC - RID:[1518038056047]-[REQUEST]-[END]:[/getUnidadYPrecioUnitarioXServicio]
[2018-02-07T15:14:19.028] [INFO] ICC - RID:[1518038059028]-[REQUEST]-[START]:[/getAllTipoServicio]
[2018-02-07T15:14:19.028] [INFO] ICC - RID:[1518038059028]-[SELECT]-[START]
[2018-02-07T15:14:19.028] [DEBUG] DCC - RID:[1518038059028]-[SELECT]-[QUERY]:[SELECT 
 DISTINCT([SEL].[ID_TIPO_SERVICIO]),
		  [SEL].[TIPO]
 FROM  (
		SELECT [PSXS].[ID_PRESTADOR_SERVICIO]
			  ,[PSXS].[ID_ZONA]
			  ,[PSXS].[ID_SUBZONA]
			  ,[PSXS].[ID_TIPO_SERVICIO]
			  ,[TS].[TIPO]
			  ,[PSXS].[ID_SERVICIO]
		  FROM [SLOAA_TC_PRESTADOR_SERVICIOS_X_SERVICIO] [PSXS]
		  LEFT JOIN [SLOAA_TC_TIPO_SERVICIO] [TS] ON [PSXS].[ID_TIPO_SERVICIO]=[TS].[ID_TIPO_SERVICIO]
		  WHERE 
		  1=1
		  AND [PSXS].[ID_ZONA]=3
  )[SEL] ]
[2018-02-07T15:14:19.042] [INFO] ICC - RID:[1518038059028]-[SELECT]-[END]:[OK]
[2018-02-07T15:14:19.042] [INFO] ICC - RID:[1518038059028]-[REQUEST]-[END]:[/getAllTipoServicio]
[2018-02-07T15:14:19.058] [INFO] ICC - RID:[1518038059058]-[REQUEST]-[START]:[/getAllSubZona]
[2018-02-07T15:14:19.058] [INFO] ICC - RID:[1518038059058]-[SELECT]-[START]
[2018-02-07T15:14:19.058] [DEBUG] DCC - RID:[1518038059058]-[SELECT]-[QUERY]:[SELECT [ID_SUBZONA],[SUBZONA] FROM [SLOAA_TC_SUBZONA] WHERE 1=1 AND [ID_ZONA]=3]
[2018-02-07T15:14:19.076] [INFO] ICC - RID:[1518038059058]-[SELECT]-[END]:[OK]
[2018-02-07T15:14:19.076] [INFO] ICC - RID:[1518038059058]-[REQUEST]-[END]:[/getAllSubZona]
[2018-02-07T15:14:19.149] [INFO] ICC - RID:[1518038059149]-[REQUEST]-[START]:[/getAllServicios]
[2018-02-07T15:14:19.149] [INFO] ICC - RID:[1518038059149]-[SELECT]-[START]
[2018-02-07T15:14:19.149] [DEBUG] DCC - RID:[1518038059149]-[SELECT]-[QUERY]:[SELECT 
 DISTINCT([SEL].[ID_SERVICIO]),
		  [SEL].[NOMBRE_SERVICIO]
 FROM  (
		SELECT [PSXS].[ID_PRESTADOR_SERVICIO]
			  ,[PSXS].[ID_ZONA]
			  ,[PSXS].[ID_SUBZONA]
			  ,[PSXS].[ID_TIPO_SERVICIO]
			  ,[PSXS].[ID_SERVICIO]
			  ,[SERV].[NOMBRE_SERVICIO]
		  FROM [SLOAA_TC_PRESTADOR_SERVICIOS_X_SERVICIO] [PSXS]
		  LEFT JOIN [SLOAA_TC_SERVICIO] [SERV] ON [PSXS].[ID_SERVICIO]=[SERV].[ID_SERVICIO]
		  WHERE 
		  1=1
		  AND [PSXS].[ID_ZONA]=3
		  AND [PSXS].[ID_SUBZONA]=1
		  AND [PSXS].[ID_TIPO_SERVICIO]=1
  )[SEL]]
[2018-02-07T15:14:19.170] [INFO] ICC - RID:[1518038059149]-[SELECT]-[END]:[OK]
[2018-02-07T15:14:19.170] [INFO] ICC - RID:[1518038059149]-[REQUEST]-[END]:[/getAllServicios]
[2018-02-07T15:14:19.185] [INFO] ICC - RID:[1518038059185]-[REQUEST]-[START]:[/getAllProvedores]
[2018-02-07T15:14:19.186] [INFO] ICC - RID:[1518038059185]-[SELECT]-[START]
[2018-02-07T15:14:19.186] [DEBUG] DCC - RID:[1518038059185]-[SELECT]-[QUERY]:[SELECT 
 DISTINCT([SEL].[ID_PRESTADOR_SERVICIO]),
		  [SEL].[NOMBRE]
 FROM  (
		SELECT [PSXS].[ID_PRESTADOR_SERVICIO]
			  ,[PSXS].[ID_ZONA]
			  ,[PSXS].[ID_SUBZONA]
			  ,[PSXS].[ID_TIPO_SERVICIO]
			  ,[PSXS].[ID_SERVICIO]
			  ,[PS].[NOMBRE]
			  ,[PS].[CORREO_ELECTRONICO]
		  FROM [SLOAA_TC_PRESTADOR_SERVICIOS_X_SERVICIO] [PSXS]
		  LEFT JOIN [SLOAA_TC_PRESTADOR_SERVICIOS] [PS] ON [PSXS].[ID_PRESTADOR_SERVICIO]=[PS].[ID_PRESTADOR_SERVICIO]
		  WHERE 
		  1=1
		  AND [PSXS].[ID_ZONA]=3
		  AND [PSXS].[ID_SUBZONA]=1
		  AND [PSXS].[ID_TIPO_SERVICIO]=1
		  AND [PSXS].[ID_SERVICIO]=1002
  )[SEL]]
[2018-02-07T15:14:19.197] [INFO] ICC - RID:[1518038059185]-[SELECT]-[END]:[OK]
[2018-02-07T15:14:19.198] [INFO] ICC - RID:[1518038059185]-[REQUEST]-[END]:[/getAllProvedores]
[2018-02-07T15:14:19.271] [INFO] ICC - RID:[1518038059271]-[REQUEST]-[START]:[/getUnidadYPrecioUnitarioXServicio]
[2018-02-07T15:14:19.271] [INFO] ICC - RID:[1518038059271]-[SELECT]-[START]
[2018-02-07T15:14:19.271] [DEBUG] DCC - RID:[1518038059271]-[SELECT]-[QUERY]:[SELECT [QRY].*,
	  [UNI].[UNIDAD]
	   FROM
(
  SELECT 
      DISTINCT([PU].[ID_UNIDAD]),
	  [PU].[PRECIO_UNITARIO]
  FROM [dbo].[SLOAA_TR_PRECIO_UNITARIO] [PU]
  WHERE 1=1 
  AND [PU].[ID_TIPO_SERVICIO]=1
  AND  [PU].[ID_SERVICIO]=1002
)[QRY]
LEFT JOIN [dbo].[SLOAA_TC_UNIDAD] [UNI] ON [QRY].[ID_UNIDAD]=[UNI].[ID_UNIDAD]]
[2018-02-07T15:14:19.285] [INFO] ICC - RID:[1518038059271]-[SELECT]-[END]:[OK]
[2018-02-07T15:14:19.286] [INFO] ICC - RID:[1518038059271]-[REQUEST]-[END]:[/getUnidadYPrecioUnitarioXServicio]
[2018-02-07T15:14:20.156] [INFO] ICC - RID:[1518038060156]-[REQUEST]-[START]:[/getAllTipoServicio]
[2018-02-07T15:14:20.156] [INFO] ICC - RID:[1518038060156]-[SELECT]-[START]
[2018-02-07T15:14:20.156] [DEBUG] DCC - RID:[1518038060156]-[SELECT]-[QUERY]:[SELECT 
 DISTINCT([SEL].[ID_TIPO_SERVICIO]),
		  [SEL].[TIPO]
 FROM  (
		SELECT [PSXS].[ID_PRESTADOR_SERVICIO]
			  ,[PSXS].[ID_ZONA]
			  ,[PSXS].[ID_SUBZONA]
			  ,[PSXS].[ID_TIPO_SERVICIO]
			  ,[TS].[TIPO]
			  ,[PSXS].[ID_SERVICIO]
		  FROM [SLOAA_TC_PRESTADOR_SERVICIOS_X_SERVICIO] [PSXS]
		  LEFT JOIN [SLOAA_TC_TIPO_SERVICIO] [TS] ON [PSXS].[ID_TIPO_SERVICIO]=[TS].[ID_TIPO_SERVICIO]
		  WHERE 
		  1=1
		  AND [PSXS].[ID_ZONA]=3
  )[SEL] ]
[2018-02-07T15:14:20.168] [INFO] ICC - RID:[1518038060156]-[SELECT]-[END]:[OK]
[2018-02-07T15:14:20.169] [INFO] ICC - RID:[1518038060156]-[REQUEST]-[END]:[/getAllTipoServicio]
[2018-02-07T15:14:20.186] [INFO] ICC - RID:[1518038060186]-[REQUEST]-[START]:[/getAllSubZona]
[2018-02-07T15:14:20.186] [INFO] ICC - RID:[1518038060186]-[SELECT]-[START]
[2018-02-07T15:14:20.186] [DEBUG] DCC - RID:[1518038060186]-[SELECT]-[QUERY]:[SELECT [ID_SUBZONA],[SUBZONA] FROM [SLOAA_TC_SUBZONA] WHERE 1=1 AND [ID_ZONA]=3]
[2018-02-07T15:14:20.305] [INFO] ICC - RID:[1518038060186]-[SELECT]-[END]:[OK]
[2018-02-07T15:14:20.305] [INFO] ICC - RID:[1518038060186]-[REQUEST]-[END]:[/getAllSubZona]
[2018-02-07T15:14:20.319] [INFO] ICC - RID:[1518038060319]-[REQUEST]-[START]:[/getAllServicios]
[2018-02-07T15:14:20.319] [INFO] ICC - RID:[1518038060319]-[SELECT]-[START]
[2018-02-07T15:14:20.320] [DEBUG] DCC - RID:[1518038060319]-[SELECT]-[QUERY]:[SELECT 
 DISTINCT([SEL].[ID_SERVICIO]),
		  [SEL].[NOMBRE_SERVICIO]
 FROM  (
		SELECT [PSXS].[ID_PRESTADOR_SERVICIO]
			  ,[PSXS].[ID_ZONA]
			  ,[PSXS].[ID_SUBZONA]
			  ,[PSXS].[ID_TIPO_SERVICIO]
			  ,[PSXS].[ID_SERVICIO]
			  ,[SERV].[NOMBRE_SERVICIO]
		  FROM [SLOAA_TC_PRESTADOR_SERVICIOS_X_SERVICIO] [PSXS]
		  LEFT JOIN [SLOAA_TC_SERVICIO] [SERV] ON [PSXS].[ID_SERVICIO]=[SERV].[ID_SERVICIO]
		  WHERE 
		  1=1
		  AND [PSXS].[ID_ZONA]=3
		  AND [PSXS].[ID_SUBZONA]=1
		  AND [PSXS].[ID_TIPO_SERVICIO]=1
  )[SEL]]
[2018-02-07T15:14:20.337] [INFO] ICC - RID:[1518038060319]-[SELECT]-[END]:[OK]
[2018-02-07T15:14:20.337] [INFO] ICC - RID:[1518038060319]-[REQUEST]-[END]:[/getAllServicios]
[2018-02-07T15:14:20.380] [INFO] ICC - RID:[1518038060380]-[REQUEST]-[START]:[/getAllProvedores]
[2018-02-07T15:14:20.380] [INFO] ICC - RID:[1518038060380]-[SELECT]-[START]
[2018-02-07T15:14:20.380] [DEBUG] DCC - RID:[1518038060380]-[SELECT]-[QUERY]:[SELECT 
 DISTINCT([SEL].[ID_PRESTADOR_SERVICIO]),
		  [SEL].[NOMBRE]
 FROM  (
		SELECT [PSXS].[ID_PRESTADOR_SERVICIO]
			  ,[PSXS].[ID_ZONA]
			  ,[PSXS].[ID_SUBZONA]
			  ,[PSXS].[ID_TIPO_SERVICIO]
			  ,[PSXS].[ID_SERVICIO]
			  ,[PS].[NOMBRE]
			  ,[PS].[CORREO_ELECTRONICO]
		  FROM [SLOAA_TC_PRESTADOR_SERVICIOS_X_SERVICIO] [PSXS]
		  LEFT JOIN [SLOAA_TC_PRESTADOR_SERVICIOS] [PS] ON [PSXS].[ID_PRESTADOR_SERVICIO]=[PS].[ID_PRESTADOR_SERVICIO]
		  WHERE 
		  1=1
		  AND [PSXS].[ID_ZONA]=3
		  AND [PSXS].[ID_SUBZONA]=1
		  AND [PSXS].[ID_TIPO_SERVICIO]=1
		  AND [PSXS].[ID_SERVICIO]=1002
  )[SEL]]
[2018-02-07T15:14:20.404] [INFO] ICC - RID:[1518038060380]-[SELECT]-[END]:[OK]
[2018-02-07T15:14:20.404] [INFO] ICC - RID:[1518038060380]-[REQUEST]-[END]:[/getAllProvedores]
[2018-02-07T15:14:20.461] [INFO] ICC - RID:[1518038060461]-[REQUEST]-[START]:[/getUnidadYPrecioUnitarioXServicio]
[2018-02-07T15:14:20.461] [INFO] ICC - RID:[1518038060461]-[SELECT]-[START]
[2018-02-07T15:14:20.461] [DEBUG] DCC - RID:[1518038060461]-[SELECT]-[QUERY]:[SELECT [QRY].*,
	  [UNI].[UNIDAD]
	   FROM
(
  SELECT 
      DISTINCT([PU].[ID_UNIDAD]),
	  [PU].[PRECIO_UNITARIO]
  FROM [dbo].[SLOAA_TR_PRECIO_UNITARIO] [PU]
  WHERE 1=1 
  AND [PU].[ID_TIPO_SERVICIO]=1
  AND  [PU].[ID_SERVICIO]=1002
)[QRY]
LEFT JOIN [dbo].[SLOAA_TC_UNIDAD] [UNI] ON [QRY].[ID_UNIDAD]=[UNI].[ID_UNIDAD]]
[2018-02-07T15:14:20.485] [INFO] ICC - RID:[1518038060461]-[SELECT]-[END]:[OK]
[2018-02-07T15:14:20.485] [INFO] ICC - RID:[1518038060461]-[REQUEST]-[END]:[/getUnidadYPrecioUnitarioXServicio]
[2018-02-07T15:14:21.093] [INFO] ICC - RID:[1518038061093]-[REQUEST]-[START]:[/getAllTipoServicio]
[2018-02-07T15:14:21.093] [INFO] ICC - RID:[1518038061093]-[SELECT]-[START]
[2018-02-07T15:14:21.093] [DEBUG] DCC - RID:[1518038061093]-[SELECT]-[QUERY]:[SELECT 
 DISTINCT([SEL].[ID_TIPO_SERVICIO]),
		  [SEL].[TIPO]
 FROM  (
		SELECT [PSXS].[ID_PRESTADOR_SERVICIO]
			  ,[PSXS].[ID_ZONA]
			  ,[PSXS].[ID_SUBZONA]
			  ,[PSXS].[ID_TIPO_SERVICIO]
			  ,[TS].[TIPO]
			  ,[PSXS].[ID_SERVICIO]
		  FROM [SLOAA_TC_PRESTADOR_SERVICIOS_X_SERVICIO] [PSXS]
		  LEFT JOIN [SLOAA_TC_TIPO_SERVICIO] [TS] ON [PSXS].[ID_TIPO_SERVICIO]=[TS].[ID_TIPO_SERVICIO]
		  WHERE 
		  1=1
		  AND [PSXS].[ID_ZONA]=3
  )[SEL] ]
[2018-02-07T15:14:21.110] [INFO] ICC - RID:[1518038061093]-[SELECT]-[END]:[OK]
[2018-02-07T15:14:21.110] [INFO] ICC - RID:[1518038061093]-[REQUEST]-[END]:[/getAllTipoServicio]
[2018-02-07T15:14:21.126] [INFO] ICC - RID:[1518038061126]-[REQUEST]-[START]:[/getAllSubZona]
[2018-02-07T15:14:21.126] [INFO] ICC - RID:[1518038061126]-[SELECT]-[START]
[2018-02-07T15:14:21.126] [DEBUG] DCC - RID:[1518038061126]-[SELECT]-[QUERY]:[SELECT [ID_SUBZONA],[SUBZONA] FROM [SLOAA_TC_SUBZONA] WHERE 1=1 AND [ID_ZONA]=3]
[2018-02-07T15:14:21.141] [INFO] ICC - RID:[1518038061126]-[SELECT]-[END]:[OK]
[2018-02-07T15:14:21.141] [INFO] ICC - RID:[1518038061126]-[REQUEST]-[END]:[/getAllSubZona]
[2018-02-07T15:14:21.226] [INFO] ICC - RID:[1518038061226]-[REQUEST]-[START]:[/getAllServicios]
[2018-02-07T15:14:21.226] [INFO] ICC - RID:[1518038061226]-[SELECT]-[START]
[2018-02-07T15:14:21.226] [DEBUG] DCC - RID:[1518038061226]-[SELECT]-[QUERY]:[SELECT 
 DISTINCT([SEL].[ID_SERVICIO]),
		  [SEL].[NOMBRE_SERVICIO]
 FROM  (
		SELECT [PSXS].[ID_PRESTADOR_SERVICIO]
			  ,[PSXS].[ID_ZONA]
			  ,[PSXS].[ID_SUBZONA]
			  ,[PSXS].[ID_TIPO_SERVICIO]
			  ,[PSXS].[ID_SERVICIO]
			  ,[SERV].[NOMBRE_SERVICIO]
		  FROM [SLOAA_TC_PRESTADOR_SERVICIOS_X_SERVICIO] [PSXS]
		  LEFT JOIN [SLOAA_TC_SERVICIO] [SERV] ON [PSXS].[ID_SERVICIO]=[SERV].[ID_SERVICIO]
		  WHERE 
		  1=1
		  AND [PSXS].[ID_ZONA]=3
		  AND [PSXS].[ID_SUBZONA]=1
		  AND [PSXS].[ID_TIPO_SERVICIO]=1
  )[SEL]]
[2018-02-07T15:14:21.244] [INFO] ICC - RID:[1518038061226]-[SELECT]-[END]:[OK]
[2018-02-07T15:14:21.244] [INFO] ICC - RID:[1518038061226]-[REQUEST]-[END]:[/getAllServicios]
[2018-02-07T15:14:21.254] [INFO] ICC - RID:[1518038061254]-[REQUEST]-[START]:[/getAllProvedores]
[2018-02-07T15:14:21.254] [INFO] ICC - RID:[1518038061254]-[SELECT]-[START]
[2018-02-07T15:14:21.254] [DEBUG] DCC - RID:[1518038061254]-[SELECT]-[QUERY]:[SELECT 
 DISTINCT([SEL].[ID_PRESTADOR_SERVICIO]),
		  [SEL].[NOMBRE]
 FROM  (
		SELECT [PSXS].[ID_PRESTADOR_SERVICIO]
			  ,[PSXS].[ID_ZONA]
			  ,[PSXS].[ID_SUBZONA]
			  ,[PSXS].[ID_TIPO_SERVICIO]
			  ,[PSXS].[ID_SERVICIO]
			  ,[PS].[NOMBRE]
			  ,[PS].[CORREO_ELECTRONICO]
		  FROM [SLOAA_TC_PRESTADOR_SERVICIOS_X_SERVICIO] [PSXS]
		  LEFT JOIN [SLOAA_TC_PRESTADOR_SERVICIOS] [PS] ON [PSXS].[ID_PRESTADOR_SERVICIO]=[PS].[ID_PRESTADOR_SERVICIO]
		  WHERE 
		  1=1
		  AND [PSXS].[ID_ZONA]=3
		  AND [PSXS].[ID_SUBZONA]=1
		  AND [PSXS].[ID_TIPO_SERVICIO]=1
		  AND [PSXS].[ID_SERVICIO]=1002
  )[SEL]]
[2018-02-07T15:14:21.268] [INFO] ICC - RID:[1518038061254]-[SELECT]-[END]:[OK]
[2018-02-07T15:14:21.268] [INFO] ICC - RID:[1518038061254]-[REQUEST]-[END]:[/getAllProvedores]
[2018-02-07T15:14:21.311] [INFO] ICC - RID:[1518038061310]-[REQUEST]-[START]:[/getUnidadYPrecioUnitarioXServicio]
[2018-02-07T15:14:21.311] [INFO] ICC - RID:[1518038061310]-[SELECT]-[START]
[2018-02-07T15:14:21.312] [DEBUG] DCC - RID:[1518038061310]-[SELECT]-[QUERY]:[SELECT [QRY].*,
	  [UNI].[UNIDAD]
	   FROM
(
  SELECT 
      DISTINCT([PU].[ID_UNIDAD]),
	  [PU].[PRECIO_UNITARIO]
  FROM [dbo].[SLOAA_TR_PRECIO_UNITARIO] [PU]
  WHERE 1=1 
  AND [PU].[ID_TIPO_SERVICIO]=1
  AND  [PU].[ID_SERVICIO]=1002
)[QRY]
LEFT JOIN [dbo].[SLOAA_TC_UNIDAD] [UNI] ON [QRY].[ID_UNIDAD]=[UNI].[ID_UNIDAD]]
[2018-02-07T15:14:21.347] [INFO] ICC - RID:[1518038061310]-[SELECT]-[END]:[OK]
[2018-02-07T15:14:21.347] [INFO] ICC - RID:[1518038061310]-[REQUEST]-[END]:[/getUnidadYPrecioUnitarioXServicio]
[2018-02-07T15:14:22.276] [INFO] ICC - RID:[1518038062276]-[REQUEST]-[START]:[/getAllTipoServicio]
[2018-02-07T15:14:22.276] [INFO] ICC - RID:[1518038062276]-[SELECT]-[START]
[2018-02-07T15:14:22.276] [DEBUG] DCC - RID:[1518038062276]-[SELECT]-[QUERY]:[SELECT 
 DISTINCT([SEL].[ID_TIPO_SERVICIO]),
		  [SEL].[TIPO]
 FROM  (
		SELECT [PSXS].[ID_PRESTADOR_SERVICIO]
			  ,[PSXS].[ID_ZONA]
			  ,[PSXS].[ID_SUBZONA]
			  ,[PSXS].[ID_TIPO_SERVICIO]
			  ,[TS].[TIPO]
			  ,[PSXS].[ID_SERVICIO]
		  FROM [SLOAA_TC_PRESTADOR_SERVICIOS_X_SERVICIO] [PSXS]
		  LEFT JOIN [SLOAA_TC_TIPO_SERVICIO] [TS] ON [PSXS].[ID_TIPO_SERVICIO]=[TS].[ID_TIPO_SERVICIO]
		  WHERE 
		  1=1
		  AND [PSXS].[ID_ZONA]=3
  )[SEL] ]
[2018-02-07T15:14:22.294] [INFO] ICC - RID:[1518038062276]-[SELECT]-[END]:[OK]
[2018-02-07T15:14:22.294] [INFO] ICC - RID:[1518038062276]-[REQUEST]-[END]:[/getAllTipoServicio]
[2018-02-07T15:14:22.315] [INFO] ICC - RID:[1518038062315]-[REQUEST]-[START]:[/getAllSubZona]
[2018-02-07T15:14:22.315] [INFO] ICC - RID:[1518038062315]-[SELECT]-[START]
[2018-02-07T15:14:22.315] [DEBUG] DCC - RID:[1518038062315]-[SELECT]-[QUERY]:[SELECT [ID_SUBZONA],[SUBZONA] FROM [SLOAA_TC_SUBZONA] WHERE 1=1 AND [ID_ZONA]=3]
[2018-02-07T15:14:22.329] [INFO] ICC - RID:[1518038062315]-[SELECT]-[END]:[OK]
[2018-02-07T15:14:22.329] [INFO] ICC - RID:[1518038062315]-[REQUEST]-[END]:[/getAllSubZona]
[2018-02-07T15:14:22.402] [INFO] ICC - RID:[1518038062402]-[REQUEST]-[START]:[/getAllServicios]
[2018-02-07T15:14:22.403] [INFO] ICC - RID:[1518038062402]-[SELECT]-[START]
[2018-02-07T15:14:22.403] [DEBUG] DCC - RID:[1518038062402]-[SELECT]-[QUERY]:[SELECT 
 DISTINCT([SEL].[ID_SERVICIO]),
		  [SEL].[NOMBRE_SERVICIO]
 FROM  (
		SELECT [PSXS].[ID_PRESTADOR_SERVICIO]
			  ,[PSXS].[ID_ZONA]
			  ,[PSXS].[ID_SUBZONA]
			  ,[PSXS].[ID_TIPO_SERVICIO]
			  ,[PSXS].[ID_SERVICIO]
			  ,[SERV].[NOMBRE_SERVICIO]
		  FROM [SLOAA_TC_PRESTADOR_SERVICIOS_X_SERVICIO] [PSXS]
		  LEFT JOIN [SLOAA_TC_SERVICIO] [SERV] ON [PSXS].[ID_SERVICIO]=[SERV].[ID_SERVICIO]
		  WHERE 
		  1=1
		  AND [PSXS].[ID_ZONA]=3
		  AND [PSXS].[ID_SUBZONA]=1
		  AND [PSXS].[ID_TIPO_SERVICIO]=1
  )[SEL]]
[2018-02-07T15:14:22.419] [INFO] ICC - RID:[1518038062402]-[SELECT]-[END]:[OK]
[2018-02-07T15:14:22.420] [INFO] ICC - RID:[1518038062402]-[REQUEST]-[END]:[/getAllServicios]
[2018-02-07T15:14:22.427] [INFO] ICC - RID:[1518038062427]-[REQUEST]-[START]:[/getAllProvedores]
[2018-02-07T15:14:22.428] [INFO] ICC - RID:[1518038062427]-[SELECT]-[START]
[2018-02-07T15:14:22.428] [DEBUG] DCC - RID:[1518038062427]-[SELECT]-[QUERY]:[SELECT 
 DISTINCT([SEL].[ID_PRESTADOR_SERVICIO]),
		  [SEL].[NOMBRE]
 FROM  (
		SELECT [PSXS].[ID_PRESTADOR_SERVICIO]
			  ,[PSXS].[ID_ZONA]
			  ,[PSXS].[ID_SUBZONA]
			  ,[PSXS].[ID_TIPO_SERVICIO]
			  ,[PSXS].[ID_SERVICIO]
			  ,[PS].[NOMBRE]
			  ,[PS].[CORREO_ELECTRONICO]
		  FROM [SLOAA_TC_PRESTADOR_SERVICIOS_X_SERVICIO] [PSXS]
		  LEFT JOIN [SLOAA_TC_PRESTADOR_SERVICIOS] [PS] ON [PSXS].[ID_PRESTADOR_SERVICIO]=[PS].[ID_PRESTADOR_SERVICIO]
		  WHERE 
		  1=1
		  AND [PSXS].[ID_ZONA]=3
		  AND [PSXS].[ID_SUBZONA]=1
		  AND [PSXS].[ID_TIPO_SERVICIO]=1
		  AND [PSXS].[ID_SERVICIO]=1002
  )[SEL]]
[2018-02-07T15:14:22.446] [INFO] ICC - RID:[1518038062427]-[SELECT]-[END]:[OK]
[2018-02-07T15:14:22.447] [INFO] ICC - RID:[1518038062427]-[REQUEST]-[END]:[/getAllProvedores]
[2018-02-07T15:14:22.525] [INFO] ICC - RID:[1518038062525]-[REQUEST]-[START]:[/getUnidadYPrecioUnitarioXServicio]
[2018-02-07T15:14:22.525] [INFO] ICC - RID:[1518038062525]-[SELECT]-[START]
[2018-02-07T15:14:22.525] [DEBUG] DCC - RID:[1518038062525]-[SELECT]-[QUERY]:[SELECT [QRY].*,
	  [UNI].[UNIDAD]
	   FROM
(
  SELECT 
      DISTINCT([PU].[ID_UNIDAD]),
	  [PU].[PRECIO_UNITARIO]
  FROM [dbo].[SLOAA_TR_PRECIO_UNITARIO] [PU]
  WHERE 1=1 
  AND [PU].[ID_TIPO_SERVICIO]=1
  AND  [PU].[ID_SERVICIO]=1002
)[QRY]
LEFT JOIN [dbo].[SLOAA_TC_UNIDAD] [UNI] ON [QRY].[ID_UNIDAD]=[UNI].[ID_UNIDAD]]
[2018-02-07T15:14:22.542] [INFO] ICC - RID:[1518038062525]-[SELECT]-[END]:[OK]
[2018-02-07T15:14:22.543] [INFO] ICC - RID:[1518038062525]-[REQUEST]-[END]:[/getUnidadYPrecioUnitarioXServicio]
[2018-02-07T15:14:23.651] [INFO] ICC - RID:[1518038063651]-[REQUEST]-[START]:[/getAllTipoServicio]
[2018-02-07T15:14:23.651] [INFO] ICC - RID:[1518038063651]-[SELECT]-[START]
[2018-02-07T15:14:23.651] [DEBUG] DCC - RID:[1518038063651]-[SELECT]-[QUERY]:[SELECT 
 DISTINCT([SEL].[ID_TIPO_SERVICIO]),
		  [SEL].[TIPO]
 FROM  (
		SELECT [PSXS].[ID_PRESTADOR_SERVICIO]
			  ,[PSXS].[ID_ZONA]
			  ,[PSXS].[ID_SUBZONA]
			  ,[PSXS].[ID_TIPO_SERVICIO]
			  ,[TS].[TIPO]
			  ,[PSXS].[ID_SERVICIO]
		  FROM [SLOAA_TC_PRESTADOR_SERVICIOS_X_SERVICIO] [PSXS]
		  LEFT JOIN [SLOAA_TC_TIPO_SERVICIO] [TS] ON [PSXS].[ID_TIPO_SERVICIO]=[TS].[ID_TIPO_SERVICIO]
		  WHERE 
		  1=1
		  AND [PSXS].[ID_ZONA]=3
  )[SEL] ]
[2018-02-07T15:14:23.669] [INFO] ICC - RID:[1518038063651]-[SELECT]-[END]:[OK]
[2018-02-07T15:14:23.669] [INFO] ICC - RID:[1518038063651]-[REQUEST]-[END]:[/getAllTipoServicio]
[2018-02-07T15:14:23.685] [INFO] ICC - RID:[1518038063685]-[REQUEST]-[START]:[/getAllSubZona]
[2018-02-07T15:14:23.685] [INFO] ICC - RID:[1518038063685]-[SELECT]-[START]
[2018-02-07T15:14:23.685] [DEBUG] DCC - RID:[1518038063685]-[SELECT]-[QUERY]:[SELECT [ID_SUBZONA],[SUBZONA] FROM [SLOAA_TC_SUBZONA] WHERE 1=1 AND [ID_ZONA]=3]
[2018-02-07T15:14:23.703] [INFO] ICC - RID:[1518038063685]-[SELECT]-[END]:[OK]
[2018-02-07T15:14:23.703] [INFO] ICC - RID:[1518038063685]-[REQUEST]-[END]:[/getAllSubZona]
[2018-02-07T15:14:23.774] [INFO] ICC - RID:[1518038063774]-[REQUEST]-[START]:[/getAllServicios]
[2018-02-07T15:14:23.774] [INFO] ICC - RID:[1518038063774]-[SELECT]-[START]
[2018-02-07T15:14:23.774] [DEBUG] DCC - RID:[1518038063774]-[SELECT]-[QUERY]:[SELECT 
 DISTINCT([SEL].[ID_SERVICIO]),
		  [SEL].[NOMBRE_SERVICIO]
 FROM  (
		SELECT [PSXS].[ID_PRESTADOR_SERVICIO]
			  ,[PSXS].[ID_ZONA]
			  ,[PSXS].[ID_SUBZONA]
			  ,[PSXS].[ID_TIPO_SERVICIO]
			  ,[PSXS].[ID_SERVICIO]
			  ,[SERV].[NOMBRE_SERVICIO]
		  FROM [SLOAA_TC_PRESTADOR_SERVICIOS_X_SERVICIO] [PSXS]
		  LEFT JOIN [SLOAA_TC_SERVICIO] [SERV] ON [PSXS].[ID_SERVICIO]=[SERV].[ID_SERVICIO]
		  WHERE 
		  1=1
		  AND [PSXS].[ID_ZONA]=3
		  AND [PSXS].[ID_SUBZONA]=1
		  AND [PSXS].[ID_TIPO_SERVICIO]=1
  )[SEL]]
[2018-02-07T15:14:23.798] [INFO] ICC - RID:[1518038063774]-[SELECT]-[END]:[OK]
[2018-02-07T15:14:23.798] [INFO] ICC - RID:[1518038063774]-[REQUEST]-[END]:[/getAllServicios]
[2018-02-07T15:14:23.807] [INFO] ICC - RID:[1518038063807]-[REQUEST]-[START]:[/getAllProvedores]
[2018-02-07T15:14:23.807] [INFO] ICC - RID:[1518038063807]-[SELECT]-[START]
[2018-02-07T15:14:23.807] [DEBUG] DCC - RID:[1518038063807]-[SELECT]-[QUERY]:[SELECT 
 DISTINCT([SEL].[ID_PRESTADOR_SERVICIO]),
		  [SEL].[NOMBRE]
 FROM  (
		SELECT [PSXS].[ID_PRESTADOR_SERVICIO]
			  ,[PSXS].[ID_ZONA]
			  ,[PSXS].[ID_SUBZONA]
			  ,[PSXS].[ID_TIPO_SERVICIO]
			  ,[PSXS].[ID_SERVICIO]
			  ,[PS].[NOMBRE]
			  ,[PS].[CORREO_ELECTRONICO]
		  FROM [SLOAA_TC_PRESTADOR_SERVICIOS_X_SERVICIO] [PSXS]
		  LEFT JOIN [SLOAA_TC_PRESTADOR_SERVICIOS] [PS] ON [PSXS].[ID_PRESTADOR_SERVICIO]=[PS].[ID_PRESTADOR_SERVICIO]
		  WHERE 
		  1=1
		  AND [PSXS].[ID_ZONA]=3
		  AND [PSXS].[ID_SUBZONA]=1
		  AND [PSXS].[ID_TIPO_SERVICIO]=1
		  AND [PSXS].[ID_SERVICIO]=1002
  )[SEL]]
[2018-02-07T15:14:23.864] [INFO] ICC - RID:[1518038063807]-[SELECT]-[END]:[OK]
[2018-02-07T15:14:23.864] [INFO] ICC - RID:[1518038063807]-[REQUEST]-[END]:[/getAllProvedores]
[2018-02-07T15:14:23.906] [INFO] ICC - RID:[1518038063906]-[REQUEST]-[START]:[/getUnidadYPrecioUnitarioXServicio]
[2018-02-07T15:14:23.906] [INFO] ICC - RID:[1518038063906]-[SELECT]-[START]
[2018-02-07T15:14:23.906] [DEBUG] DCC - RID:[1518038063906]-[SELECT]-[QUERY]:[SELECT [QRY].*,
	  [UNI].[UNIDAD]
	   FROM
(
  SELECT 
      DISTINCT([PU].[ID_UNIDAD]),
	  [PU].[PRECIO_UNITARIO]
  FROM [dbo].[SLOAA_TR_PRECIO_UNITARIO] [PU]
  WHERE 1=1 
  AND [PU].[ID_TIPO_SERVICIO]=1
  AND  [PU].[ID_SERVICIO]=1002
)[QRY]
LEFT JOIN [dbo].[SLOAA_TC_UNIDAD] [UNI] ON [QRY].[ID_UNIDAD]=[UNI].[ID_UNIDAD]]
[2018-02-07T15:14:23.924] [INFO] ICC - RID:[1518038063906]-[SELECT]-[END]:[OK]
[2018-02-07T15:14:23.924] [INFO] ICC - RID:[1518038063906]-[REQUEST]-[END]:[/getUnidadYPrecioUnitarioXServicio]
[2018-02-07T15:14:25.704] [INFO] ICC - RID:[1518038065704]-[REQUEST]-[START]:[/addCotizacion]
[2018-02-07T15:14:25.704] [INFO] ICC - RID:[1518038065704]-[FREE-DML]-[START]
[2018-02-07T15:14:25.704] [DEBUG] DCC - RID:[1518038065704]-[FREE-DML]-[DML]:[ INSERT INTO [dbo].[SLOAA_TR_SERVICIO_COTIZACION]
           (
            [ID_ORDEN_SERVICIO]
           ,[ID_TIPO_SERVICIO]
           ,[ID_SERVICIO]
           ,[ID_UNIDAD]
		   
		   
           ,[PRECIO_UNITARIO]
           ,[CANTIDAD]
           ,[COTIZACION]
		   
           ,[DEDUCCION_CANTIDAD]
           ,[DEDUCCION_TIEMPO]
           ,[CANCELACION]
           ,[DEDUCCION]
           ,[DEDUCCION_JUSTIFICACION]
           ,[PRECIO_SERVICIO_FINAL]
           ,[VALIDA_DISPONIBILIDAD]
           ,[ID_ZONA]
           ,[ID_SUBZONA]
           ,[ID_PRESTADOR_SERVICIO]
		   )
     VALUES
           (
		   261 
		   , 1 
		   , 1002 
		   , 2 
		   
		   , 2 
		   , 1 
		   , 2 
		   
		   
		   
		   , 0 
		   , 0 
		   , 0 
		   , 0 
		   , '' 
		   , 0 
		   , 0 
		   , 3
		   , 1
		   , 1
		   )]
[2018-02-07T15:14:25.716] [INFO] ICC - RID:[1518038065704]-[FREE-DML]-[END]:[OK]
[2018-02-07T15:14:25.716] [INFO] ICC - RID:[1518038065704]-[REQUEST]-[END]:[/addCotizacion]
[2018-02-07T15:14:25.821] [INFO] ICC - RID:[1518038065821]-[REQUEST]-[START]:[/getAllCotizacionXOrden]
[2018-02-07T15:14:25.821] [INFO] ICC - RID:[1518038065821]-[SELECT]-[START]
[2018-02-07T15:14:25.821] [DEBUG] DCC - RID:[1518038065821]-[SELECT]-[QUERY]:[SELECT COT.ID_SERVICIO_COTIZACION, COT.ID_ORDEN_SERVICIO, COT.ID_TIPO_SERVICIO, COT.ID_SERVICIO, COT.ID_UNIDAD, COT.ID_ZONA, COT.ID_SUBZONA, COT.ID_PRESTADOR_SERVICIO, COT.PRECIO_UNITARIO, COT.CANTIDAD, COT.COTIZACION, COT.DEDUCCION, COT.DEDUCCION_JUSTIFICACION, COT.PRECIO_SERVICIO_FINAL, SERV.NOMBRE_SERVICIO, TIPO.TIPO, PRES.NOMBRE, SUBZ.SUBZONA, ZONA.ZONA FROM SLOAA_TR_SERVICIO_COTIZACION COT INNER JOIN SLOAA_TR_PRECIO_UNITARIO UNIT ON COT.ID_TIPO_SERVICIO = UNIT.ID_TIPO_SERVICIO AND COT.ID_SERVICIO = UNIT.ID_SERVICIO AND COT.ID_UNIDAD = UNIT.ID_UNIDAD INNER JOIN SLOAA_TC_SERVICIO SERV ON SERV.ID_SERVICIO = UNIT.ID_SERVICIO AND SERV.ID_SERVICIO = UNIT.ID_SERVICIO INNER JOIN SLOAA_TC_TIPO_SERVICIO TIPO ON TIPO.ID_TIPO_SERVICIO = SERV.ID_TIPO_SERVICIO INNER JOIN SLOAA_TC_PRESTADOR_SERVICIOS_X_SERVICIO PRESERV ON PRESERV.ID_PRESTADOR_SERVICIO = COT.ID_PRESTADOR_SERVICIO AND PRESERV.ID_TIPO_SERVICIO = COT.ID_TIPO_SERVICIO AND PRESERV.ID_SERVICIO = COT.ID_SERVICIO INNER JOIN SLOAA_TC_PRESTADOR_SERVICIOS PRES ON PRES.ID_PRESTADOR_SERVICIO = PRESERV.ID_PRESTADOR_SERVICIO AND PRES.ID_ZONA = PRESERV.ID_ZONA AND PRES.ID_SUBZONA = PRESERV.ID_SUBZONA INNER JOIN SLOAA_TC_SUBZONA SUBZ ON SUBZ.ID_ZONA = PRES.ID_ZONA AND SUBZ.ID_SUBZONA = PRES.ID_SUBZONA INNER JOIN SLOAA_TC_ZONA ZONA ON ZONA.ID_ZONA = SUBZ.ID_ZONA 
                        WHERE ID_ORDEN_SERVICIO =261]
[2018-02-07T15:14:25.831] [INFO] ICC - RID:[1518038065821]-[SELECT]-[END]:[OK]
[2018-02-07T15:14:25.831] [INFO] ICC - RID:[1518038065821]-[REQUEST]-[END]:[/getAllCotizacionXOrden]
[2018-02-07T15:14:27.155] [INFO] ICC - RID:[1518038067155]-[REQUEST]-[START]:[/getAllTipoServicio]
[2018-02-07T15:14:27.155] [INFO] ICC - RID:[1518038067155]-[SELECT]-[START]
[2018-02-07T15:14:27.155] [DEBUG] DCC - RID:[1518038067155]-[SELECT]-[QUERY]:[SELECT 
 DISTINCT([SEL].[ID_TIPO_SERVICIO]),
		  [SEL].[TIPO]
 FROM  (
		SELECT [PSXS].[ID_PRESTADOR_SERVICIO]
			  ,[PSXS].[ID_ZONA]
			  ,[PSXS].[ID_SUBZONA]
			  ,[PSXS].[ID_TIPO_SERVICIO]
			  ,[TS].[TIPO]
			  ,[PSXS].[ID_SERVICIO]
		  FROM [SLOAA_TC_PRESTADOR_SERVICIOS_X_SERVICIO] [PSXS]
		  LEFT JOIN [SLOAA_TC_TIPO_SERVICIO] [TS] ON [PSXS].[ID_TIPO_SERVICIO]=[TS].[ID_TIPO_SERVICIO]
		  WHERE 
		  1=1
		  AND [PSXS].[ID_ZONA]=3
  )[SEL] ]
[2018-02-07T15:14:27.167] [INFO] ICC - RID:[1518038067155]-[SELECT]-[END]:[OK]
[2018-02-07T15:14:27.167] [INFO] ICC - RID:[1518038067155]-[REQUEST]-[END]:[/getAllTipoServicio]
[2018-02-07T15:14:27.198] [INFO] ICC - RID:[1518038067198]-[REQUEST]-[START]:[/getAllSubZona]
[2018-02-07T15:14:27.198] [INFO] ICC - RID:[1518038067198]-[SELECT]-[START]
[2018-02-07T15:14:27.199] [DEBUG] DCC - RID:[1518038067198]-[SELECT]-[QUERY]:[SELECT [ID_SUBZONA],[SUBZONA] FROM [SLOAA_TC_SUBZONA] WHERE 1=1 AND [ID_ZONA]=3]
[2018-02-07T15:14:27.210] [INFO] ICC - RID:[1518038067198]-[SELECT]-[END]:[OK]
[2018-02-07T15:14:27.210] [INFO] ICC - RID:[1518038067198]-[REQUEST]-[END]:[/getAllSubZona]
[2018-02-07T15:14:27.289] [INFO] ICC - RID:[1518038067289]-[REQUEST]-[START]:[/getAllServicios]
[2018-02-07T15:14:27.290] [INFO] ICC - RID:[1518038067289]-[SELECT]-[START]
[2018-02-07T15:14:27.290] [DEBUG] DCC - RID:[1518038067289]-[SELECT]-[QUERY]:[SELECT 
 DISTINCT([SEL].[ID_SERVICIO]),
		  [SEL].[NOMBRE_SERVICIO]
 FROM  (
		SELECT [PSXS].[ID_PRESTADOR_SERVICIO]
			  ,[PSXS].[ID_ZONA]
			  ,[PSXS].[ID_SUBZONA]
			  ,[PSXS].[ID_TIPO_SERVICIO]
			  ,[PSXS].[ID_SERVICIO]
			  ,[SERV].[NOMBRE_SERVICIO]
		  FROM [SLOAA_TC_PRESTADOR_SERVICIOS_X_SERVICIO] [PSXS]
		  LEFT JOIN [SLOAA_TC_SERVICIO] [SERV] ON [PSXS].[ID_SERVICIO]=[SERV].[ID_SERVICIO]
		  WHERE 
		  1=1
		  AND [PSXS].[ID_ZONA]=3
		  AND [PSXS].[ID_SUBZONA]=1
		  AND [PSXS].[ID_TIPO_SERVICIO]=1
  )[SEL]]
[2018-02-07T15:14:27.305] [INFO] ICC - RID:[1518038067289]-[SELECT]-[END]:[OK]
[2018-02-07T15:14:27.306] [INFO] ICC - RID:[1518038067289]-[REQUEST]-[END]:[/getAllServicios]
[2018-02-07T15:14:27.327] [INFO] ICC - RID:[1518038067327]-[REQUEST]-[START]:[/getAllProvedores]
[2018-02-07T15:14:27.327] [INFO] ICC - RID:[1518038067327]-[SELECT]-[START]
[2018-02-07T15:14:27.327] [DEBUG] DCC - RID:[1518038067327]-[SELECT]-[QUERY]:[SELECT 
 DISTINCT([SEL].[ID_PRESTADOR_SERVICIO]),
		  [SEL].[NOMBRE]
 FROM  (
		SELECT [PSXS].[ID_PRESTADOR_SERVICIO]
			  ,[PSXS].[ID_ZONA]
			  ,[PSXS].[ID_SUBZONA]
			  ,[PSXS].[ID_TIPO_SERVICIO]
			  ,[PSXS].[ID_SERVICIO]
			  ,[PS].[NOMBRE]
			  ,[PS].[CORREO_ELECTRONICO]
		  FROM [SLOAA_TC_PRESTADOR_SERVICIOS_X_SERVICIO] [PSXS]
		  LEFT JOIN [SLOAA_TC_PRESTADOR_SERVICIOS] [PS] ON [PSXS].[ID_PRESTADOR_SERVICIO]=[PS].[ID_PRESTADOR_SERVICIO]
		  WHERE 
		  1=1
		  AND [PSXS].[ID_ZONA]=3
		  AND [PSXS].[ID_SUBZONA]=1
		  AND [PSXS].[ID_TIPO_SERVICIO]=1
		  AND [PSXS].[ID_SERVICIO]=1002
  )[SEL]]
[2018-02-07T15:14:27.341] [INFO] ICC - RID:[1518038067327]-[SELECT]-[END]:[OK]
[2018-02-07T15:14:27.341] [INFO] ICC - RID:[1518038067327]-[REQUEST]-[END]:[/getAllProvedores]
[2018-02-07T15:14:27.480] [INFO] ICC - RID:[1518038067480]-[REQUEST]-[START]:[/getUnidadYPrecioUnitarioXServicio]
[2018-02-07T15:14:27.481] [INFO] ICC - RID:[1518038067480]-[SELECT]-[START]
[2018-02-07T15:14:27.481] [DEBUG] DCC - RID:[1518038067480]-[SELECT]-[QUERY]:[SELECT [QRY].*,
	  [UNI].[UNIDAD]
	   FROM
(
  SELECT 
      DISTINCT([PU].[ID_UNIDAD]),
	  [PU].[PRECIO_UNITARIO]
  FROM [dbo].[SLOAA_TR_PRECIO_UNITARIO] [PU]
  WHERE 1=1 
  AND [PU].[ID_TIPO_SERVICIO]=1
  AND  [PU].[ID_SERVICIO]=1002
)[QRY]
LEFT JOIN [dbo].[SLOAA_TC_UNIDAD] [UNI] ON [QRY].[ID_UNIDAD]=[UNI].[ID_UNIDAD]]
[2018-02-07T15:14:27.496] [INFO] ICC - RID:[1518038067480]-[SELECT]-[END]:[OK]
[2018-02-07T15:14:27.496] [INFO] ICC - RID:[1518038067480]-[REQUEST]-[END]:[/getUnidadYPrecioUnitarioXServicio]
[2018-02-07T15:14:28.004] [INFO] ICC - RID:[1518038068004]-[REQUEST]-[START]:[/getAllTipoServicio]
[2018-02-07T15:14:28.004] [INFO] ICC - RID:[1518038068004]-[SELECT]-[START]
[2018-02-07T15:14:28.004] [DEBUG] DCC - RID:[1518038068004]-[SELECT]-[QUERY]:[SELECT 
 DISTINCT([SEL].[ID_TIPO_SERVICIO]),
		  [SEL].[TIPO]
 FROM  (
		SELECT [PSXS].[ID_PRESTADOR_SERVICIO]
			  ,[PSXS].[ID_ZONA]
			  ,[PSXS].[ID_SUBZONA]
			  ,[PSXS].[ID_TIPO_SERVICIO]
			  ,[TS].[TIPO]
			  ,[PSXS].[ID_SERVICIO]
		  FROM [SLOAA_TC_PRESTADOR_SERVICIOS_X_SERVICIO] [PSXS]
		  LEFT JOIN [SLOAA_TC_TIPO_SERVICIO] [TS] ON [PSXS].[ID_TIPO_SERVICIO]=[TS].[ID_TIPO_SERVICIO]
		  WHERE 
		  1=1
		  AND [PSXS].[ID_ZONA]=3
  )[SEL] ]
[2018-02-07T15:14:28.024] [INFO] ICC - RID:[1518038068004]-[SELECT]-[END]:[OK]
[2018-02-07T15:14:28.024] [INFO] ICC - RID:[1518038068004]-[REQUEST]-[END]:[/getAllTipoServicio]
[2018-02-07T15:14:28.188] [INFO] ICC - RID:[1518038068188]-[REQUEST]-[START]:[/getAllSubZona]
[2018-02-07T15:14:28.188] [INFO] ICC - RID:[1518038068188]-[SELECT]-[START]
[2018-02-07T15:14:28.189] [DEBUG] DCC - RID:[1518038068188]-[SELECT]-[QUERY]:[SELECT [ID_SUBZONA],[SUBZONA] FROM [SLOAA_TC_SUBZONA] WHERE 1=1 AND [ID_ZONA]=3]
[2018-02-07T15:14:28.201] [INFO] ICC - RID:[1518038068188]-[SELECT]-[END]:[OK]
[2018-02-07T15:14:28.201] [INFO] ICC - RID:[1518038068188]-[REQUEST]-[END]:[/getAllSubZona]
[2018-02-07T15:14:28.234] [INFO] ICC - RID:[1518038068233]-[REQUEST]-[START]:[/getAllServicios]
[2018-02-07T15:14:28.234] [INFO] ICC - RID:[1518038068233]-[SELECT]-[START]
[2018-02-07T15:14:28.234] [DEBUG] DCC - RID:[1518038068233]-[SELECT]-[QUERY]:[SELECT 
 DISTINCT([SEL].[ID_SERVICIO]),
		  [SEL].[NOMBRE_SERVICIO]
 FROM  (
		SELECT [PSXS].[ID_PRESTADOR_SERVICIO]
			  ,[PSXS].[ID_ZONA]
			  ,[PSXS].[ID_SUBZONA]
			  ,[PSXS].[ID_TIPO_SERVICIO]
			  ,[PSXS].[ID_SERVICIO]
			  ,[SERV].[NOMBRE_SERVICIO]
		  FROM [SLOAA_TC_PRESTADOR_SERVICIOS_X_SERVICIO] [PSXS]
		  LEFT JOIN [SLOAA_TC_SERVICIO] [SERV] ON [PSXS].[ID_SERVICIO]=[SERV].[ID_SERVICIO]
		  WHERE 
		  1=1
		  AND [PSXS].[ID_ZONA]=3
		  AND [PSXS].[ID_SUBZONA]=1
		  AND [PSXS].[ID_TIPO_SERVICIO]=1
  )[SEL]]
[2018-02-07T15:14:28.244] [INFO] ICC - RID:[1518038068233]-[SELECT]-[END]:[OK]
[2018-02-07T15:14:28.245] [INFO] ICC - RID:[1518038068233]-[REQUEST]-[END]:[/getAllServicios]
[2018-02-07T15:14:28.359] [INFO] ICC - RID:[1518038068359]-[REQUEST]-[START]:[/getAllProvedores]
[2018-02-07T15:14:28.360] [INFO] ICC - RID:[1518038068359]-[SELECT]-[START]
[2018-02-07T15:14:28.360] [DEBUG] DCC - RID:[1518038068359]-[SELECT]-[QUERY]:[SELECT 
 DISTINCT([SEL].[ID_PRESTADOR_SERVICIO]),
		  [SEL].[NOMBRE]
 FROM  (
		SELECT [PSXS].[ID_PRESTADOR_SERVICIO]
			  ,[PSXS].[ID_ZONA]
			  ,[PSXS].[ID_SUBZONA]
			  ,[PSXS].[ID_TIPO_SERVICIO]
			  ,[PSXS].[ID_SERVICIO]
			  ,[PS].[NOMBRE]
			  ,[PS].[CORREO_ELECTRONICO]
		  FROM [SLOAA_TC_PRESTADOR_SERVICIOS_X_SERVICIO] [PSXS]
		  LEFT JOIN [SLOAA_TC_PRESTADOR_SERVICIOS] [PS] ON [PSXS].[ID_PRESTADOR_SERVICIO]=[PS].[ID_PRESTADOR_SERVICIO]
		  WHERE 
		  1=1
		  AND [PSXS].[ID_ZONA]=3
		  AND [PSXS].[ID_SUBZONA]=1
		  AND [PSXS].[ID_TIPO_SERVICIO]=1
		  AND [PSXS].[ID_SERVICIO]=1002
  )[SEL]]
[2018-02-07T15:14:28.375] [INFO] ICC - RID:[1518038068359]-[SELECT]-[END]:[OK]
[2018-02-07T15:14:28.375] [INFO] ICC - RID:[1518038068359]-[REQUEST]-[END]:[/getAllProvedores]
[2018-02-07T15:14:28.386] [INFO] ICC - RID:[1518038068386]-[REQUEST]-[START]:[/getUnidadYPrecioUnitarioXServicio]
[2018-02-07T15:14:28.386] [INFO] ICC - RID:[1518038068386]-[SELECT]-[START]
[2018-02-07T15:14:28.386] [DEBUG] DCC - RID:[1518038068386]-[SELECT]-[QUERY]:[SELECT [QRY].*,
	  [UNI].[UNIDAD]
	   FROM
(
  SELECT 
      DISTINCT([PU].[ID_UNIDAD]),
	  [PU].[PRECIO_UNITARIO]
  FROM [dbo].[SLOAA_TR_PRECIO_UNITARIO] [PU]
  WHERE 1=1 
  AND [PU].[ID_TIPO_SERVICIO]=1
  AND  [PU].[ID_SERVICIO]=1002
)[QRY]
LEFT JOIN [dbo].[SLOAA_TC_UNIDAD] [UNI] ON [QRY].[ID_UNIDAD]=[UNI].[ID_UNIDAD]]
[2018-02-07T15:14:28.403] [INFO] ICC - RID:[1518038068386]-[SELECT]-[END]:[OK]
[2018-02-07T15:14:28.403] [INFO] ICC - RID:[1518038068386]-[REQUEST]-[END]:[/getUnidadYPrecioUnitarioXServicio]
[2018-02-07T15:14:30.070] [INFO] ICC - RID:[1518038070070]-[REQUEST]-[START]:[/addCotizacion]
[2018-02-07T15:14:30.070] [INFO] ICC - RID:[1518038070070]-[FREE-DML]-[START]
[2018-02-07T15:14:30.070] [DEBUG] DCC - RID:[1518038070070]-[FREE-DML]-[DML]:[ INSERT INTO [dbo].[SLOAA_TR_SERVICIO_COTIZACION]
           (
            [ID_ORDEN_SERVICIO]
           ,[ID_TIPO_SERVICIO]
           ,[ID_SERVICIO]
           ,[ID_UNIDAD]
		   
		   
           ,[PRECIO_UNITARIO]
           ,[CANTIDAD]
           ,[COTIZACION]
		   
           ,[DEDUCCION_CANTIDAD]
           ,[DEDUCCION_TIEMPO]
           ,[CANCELACION]
           ,[DEDUCCION]
           ,[DEDUCCION_JUSTIFICACION]
           ,[PRECIO_SERVICIO_FINAL]
           ,[VALIDA_DISPONIBILIDAD]
           ,[ID_ZONA]
           ,[ID_SUBZONA]
           ,[ID_PRESTADOR_SERVICIO]
		   )
     VALUES
           (
		   261 
		   , 1 
		   , 1002 
		   , 2 
		   
		   , 2 
		   , 3 
		   , 6 
		   
		   
		   
		   , 0 
		   , 0 
		   , 0 
		   , 0 
		   , '' 
		   , 0 
		   , 0 
		   , 3
		   , 1
		   , 1
		   )]
[2018-02-07T15:14:30.100] [INFO] ICC - RID:[1518038070070]-[FREE-DML]-[END]:[OK]
[2018-02-07T15:14:30.100] [INFO] ICC - RID:[1518038070070]-[REQUEST]-[END]:[/addCotizacion]
[2018-02-07T15:14:30.205] [INFO] ICC - RID:[1518038070205]-[REQUEST]-[START]:[/getAllCotizacionXOrden]
[2018-02-07T15:14:30.205] [INFO] ICC - RID:[1518038070205]-[SELECT]-[START]
[2018-02-07T15:14:30.205] [DEBUG] DCC - RID:[1518038070205]-[SELECT]-[QUERY]:[SELECT COT.ID_SERVICIO_COTIZACION, COT.ID_ORDEN_SERVICIO, COT.ID_TIPO_SERVICIO, COT.ID_SERVICIO, COT.ID_UNIDAD, COT.ID_ZONA, COT.ID_SUBZONA, COT.ID_PRESTADOR_SERVICIO, COT.PRECIO_UNITARIO, COT.CANTIDAD, COT.COTIZACION, COT.DEDUCCION, COT.DEDUCCION_JUSTIFICACION, COT.PRECIO_SERVICIO_FINAL, SERV.NOMBRE_SERVICIO, TIPO.TIPO, PRES.NOMBRE, SUBZ.SUBZONA, ZONA.ZONA FROM SLOAA_TR_SERVICIO_COTIZACION COT INNER JOIN SLOAA_TR_PRECIO_UNITARIO UNIT ON COT.ID_TIPO_SERVICIO = UNIT.ID_TIPO_SERVICIO AND COT.ID_SERVICIO = UNIT.ID_SERVICIO AND COT.ID_UNIDAD = UNIT.ID_UNIDAD INNER JOIN SLOAA_TC_SERVICIO SERV ON SERV.ID_SERVICIO = UNIT.ID_SERVICIO AND SERV.ID_SERVICIO = UNIT.ID_SERVICIO INNER JOIN SLOAA_TC_TIPO_SERVICIO TIPO ON TIPO.ID_TIPO_SERVICIO = SERV.ID_TIPO_SERVICIO INNER JOIN SLOAA_TC_PRESTADOR_SERVICIOS_X_SERVICIO PRESERV ON PRESERV.ID_PRESTADOR_SERVICIO = COT.ID_PRESTADOR_SERVICIO AND PRESERV.ID_TIPO_SERVICIO = COT.ID_TIPO_SERVICIO AND PRESERV.ID_SERVICIO = COT.ID_SERVICIO INNER JOIN SLOAA_TC_PRESTADOR_SERVICIOS PRES ON PRES.ID_PRESTADOR_SERVICIO = PRESERV.ID_PRESTADOR_SERVICIO AND PRES.ID_ZONA = PRESERV.ID_ZONA AND PRES.ID_SUBZONA = PRESERV.ID_SUBZONA INNER JOIN SLOAA_TC_SUBZONA SUBZ ON SUBZ.ID_ZONA = PRES.ID_ZONA AND SUBZ.ID_SUBZONA = PRES.ID_SUBZONA INNER JOIN SLOAA_TC_ZONA ZONA ON ZONA.ID_ZONA = SUBZ.ID_ZONA 
                        WHERE ID_ORDEN_SERVICIO =261]
[2018-02-07T15:14:30.218] [INFO] ICC - RID:[1518038070205]-[SELECT]-[END]:[OK]
[2018-02-07T15:14:30.218] [INFO] ICC - RID:[1518038070205]-[REQUEST]-[END]:[/getAllCotizacionXOrden]
[2018-02-07T15:14:31.556] [INFO] ICC - RID:[1518038071556]-[REQUEST]-[START]:[/setStatusOrdenServicio]
[2018-02-07T15:14:31.556] [INFO] ICC - RID:[1518038071556]-[FREE-DML]-[START]
[2018-02-07T15:14:31.556] [DEBUG] DCC - RID:[1518038071556]-[FREE-DML]-[DML]:[ UPDATE [dbo].[SLOAA_TR_ORDEN_SERVICIO] SET
            [ID_STATUS]='2'
WHERE [ID_ORDEN_SERVICIO]=261]
[2018-02-07T15:14:31.603] [INFO] ICC - RID:[1518038071556]-[FREE-DML]-[END]:[OK]
[2018-02-07T15:14:31.603] [INFO] ICC - RID:[1518038071556]-[REQUEST]-[END]:[/setStatusOrdenServicio]
[2018-02-07T15:14:31.992] [INFO] ICC - RID:[1518038071992]-[REQUEST]-[START]:[/getAllOrdenServicio]
[2018-02-07T15:14:31.992] [INFO] ICC - RID:[1518038071992]-[SELECT]-[START]
[2018-02-07T15:14:31.992] [DEBUG] DCC - RID:[1518038071992]-[SELECT]-[QUERY]:[SELECT  
[ORD].[FIRMA1_USERNAME1],[ORD].[FIRMA1_USERNAME2],[ORD].[FIRMA2_USERNAME1],[ORD].[FIRMA2_USERNAME2]  FROM 
  [SLOAA_TR_ORDEN_SERVICIO] [ORD]
 LEFT JOIN [SLOAA_TR_CREDENCIAL] [CRED] ON  [CRED].[ID_CREDENCIAL]=[ORD].[ID_CREDENCIAL]
 LEFT JOIN [SLOAA_TC_AUTORIDAD] [AUTH] ON  [AUTH].[ID_AUTORIDAD]=[CRED].[ID_AUTORIDAD]
  WHERE
  1=1 AND [ORD].[ID_ORDEN_SERVICIO]=261   AND  [AUTH].[ID_AUTORIDAD]=103
    AND  ([CRED].[ID_CREDENCIAL]=1   OR  [CRED].[ID_CREDENCIAL_SUPERIOR]=1    )
 ]
[2018-02-07T15:14:32.012] [INFO] ICC - RID:[1518038071992]-[SELECT]-[END]:[OK]
[2018-02-07T15:14:32.012] [INFO] ICC - RID:[1518038071992]-[REQUEST]-[END]:[/getAllOrdenServicio]
[2018-02-07T15:14:33.281] [INFO] ICC - RID:[1518038073281]-[REQUEST]-[START]:[/getAllOrdenServicio]
[2018-02-07T15:14:33.282] [INFO] ICC - RID:[1518038073281]-[SELECT]-[START]
[2018-02-07T15:14:33.282] [DEBUG] DCC - RID:[1518038073281]-[SELECT]-[QUERY]:[SELECT  
	    [ORD].[ID_ORDEN_SERVICIO]
      ,[ORD].[NUM_ORDEN]
      ,[ORD].[FECHA_SOLICITUD]
      ,[ORD].[DOMICILIO]
      ,[ORD].[FIRMA1_USER1]
      ,[ORD].[FIRMA1_USER2]
      ,[ORD].[FIRMA2_USER1]
      ,[ORD].[FIRMA2_USER2]
      ,[ORD].[ID_STATUS]
      ,[ORD].[METAINFO_FECHA_CREACION]
      ,[ORD].[METAINFO_IP]
      ,[ORD].[METAINFO_MAC_ADRR]
      ,[ORD].[LLAVE_SISTEMA]
      ,[ORD].[CIERRE_TOTAL]
	  
	   ,[CRED].[ID_CREDENCIAL]
      ,[CRED].[NOMBRE]
      ,[CRED].[CARGO]
      ,[CRED].[TELEFONO]
      ,[CRED].[EXT]
      ,[CRED].[EMAIL]
      ,[CRED].[PTT]
      ,[CRED].[MOVIL]
      ,[CRED].[USUARIO_NOMBRE]
      ,[CRED].[USUARIO_PASSWORD]
      ,[CRED].[ID_ROL]
      ,[CRED].[ID_CREDENCIAL_SUPERIOR]

	   ,[AUTH].[ID_AUTORIDAD]
      ,[AUTH].[NOMBRE_AUTORIDAD]
      ,[AUTH].[ESTADO]
      ,[AUTH].[NIVEL]
      ,[AUTH].[SERVICIO]
      ,[AUTH].[ID_ZONA] 
             ,[STATUS].[NOMBRE_STATUS]
  FROM 
  [SLOAA_TR_ORDEN_SERVICIO] [ORD]
 LEFT JOIN [SLOAA_TR_CREDENCIAL] [CRED] ON  [CRED].[ID_CREDENCIAL]=[ORD].[ID_CREDENCIAL]
 LEFT JOIN [SLOAA_TC_AUTORIDAD] [AUTH] ON  [AUTH].[ID_AUTORIDAD]=[CRED].[ID_AUTORIDAD]
 LEFT JOIN [dbo].[SLOAA_TC_STATUS] [STATUS] ON  [ORD].[ID_STATUS]=[STATUS].[ID_STATUS]
  WHERE
  1=1
 ]
[2018-02-07T15:14:33.307] [INFO] ICC - RID:[1518038073281]-[SELECT]-[END]:[OK]
[2018-02-07T15:14:33.308] [INFO] ICC - RID:[1518038073281]-[REQUEST]-[END]:[/getAllOrdenServicio]
[2018-02-07T15:31:59.585] [INFO] ICC - RID:[1518039119585]-[REQUEST]-[START]:[/defaultSelect]
[2018-02-07T15:31:59.585] [INFO] ICC - RID:[1518039119585]-[SELECT]-[START]
[2018-02-07T15:31:59.585] [DEBUG] DCC - RID:[1518039119585]-[SELECT]-[QUERY]:[SELECT [CRED].[ID_CREDENCIAL]
      ,[CRED].[NOMBRE]
      ,[CRED].[USUARIO_NOMBRE]
      ,[CRED].[ID_AUTORIDAD]
	  ,[AUTH].[NOMBRE_AUTORIDAD]
	  ,[AUTH].[ID_ZONA]
         ,[CRED].[ID_ROL]
	  ,[ROL].[NOMBRE_ROL]
	  ,[ROL].[PRIVILEGIOS]
      ,[CRED].[ID_CREDENCIAL_SUPERIOR]
  FROM [dbo].[SLOAA_TR_CREDENCIAL] [CRED]
  LEFT JOIN  [dbo].[SLOAA_TC_AUTORIDAD] [AUTH] ON [CRED].[ID_AUTORIDAD]=[AUTH].[ID_AUTORIDAD]
  LEFT JOIN  [dbo].[SLOAA_TS_ROL] [ROL] ON [CRED].[ID_ROL]=[ROL].[ID_ROL]
  
  WHERE 
	            [CRED].[USUARIO_NOMBRE]='carlos.palacios'
		AND [CRED].[USUARIO_PASSWORD]='12345']
[2018-02-07T15:31:59.612] [INFO] ICC - RID:[1518039119585]-[SELECT]-[END]:[OK]
[2018-02-07T15:31:59.612] [INFO] ICC - RID:[1518039119585]-[REQUEST]-[END]:[/defaultSelect]
[2018-02-07T15:31:59.808] [INFO] ICC - RID:[1518039119808]-[REQUEST]-[START]:[/getAllOrdenServicio]
[2018-02-07T15:31:59.808] [INFO] ICC - RID:[1518039119808]-[SELECT]-[START]
[2018-02-07T15:31:59.808] [DEBUG] DCC - RID:[1518039119808]-[SELECT]-[QUERY]:[SELECT  
	    [ORD].[ID_ORDEN_SERVICIO]
      ,[ORD].[NUM_ORDEN]
      ,[ORD].[FECHA_SOLICITUD]
      ,[ORD].[DOMICILIO]
      ,[ORD].[FIRMA1_USER1]
      ,[ORD].[FIRMA1_USER2]
      ,[ORD].[FIRMA2_USER1]
      ,[ORD].[FIRMA2_USER2]
      ,[ORD].[ID_STATUS]
      ,[ORD].[METAINFO_FECHA_CREACION]
      ,[ORD].[METAINFO_IP]
      ,[ORD].[METAINFO_MAC_ADRR]
      ,[ORD].[LLAVE_SISTEMA]
      ,[ORD].[CIERRE_TOTAL]
	  
	   ,[CRED].[ID_CREDENCIAL]
      ,[CRED].[NOMBRE]
      ,[CRED].[CARGO]
      ,[CRED].[TELEFONO]
      ,[CRED].[EXT]
      ,[CRED].[EMAIL]
      ,[CRED].[PTT]
      ,[CRED].[MOVIL]
      ,[CRED].[USUARIO_NOMBRE]
      ,[CRED].[USUARIO_PASSWORD]
      ,[CRED].[ID_ROL]
      ,[CRED].[ID_CREDENCIAL_SUPERIOR]

	   ,[AUTH].[ID_AUTORIDAD]
      ,[AUTH].[NOMBRE_AUTORIDAD]
      ,[AUTH].[ESTADO]
      ,[AUTH].[NIVEL]
      ,[AUTH].[SERVICIO]
      ,[AUTH].[ID_ZONA] 
             ,[STATUS].[NOMBRE_STATUS]
  FROM 
  [SLOAA_TR_ORDEN_SERVICIO] [ORD]
 LEFT JOIN [SLOAA_TR_CREDENCIAL] [CRED] ON  [CRED].[ID_CREDENCIAL]=[ORD].[ID_CREDENCIAL]
 LEFT JOIN [SLOAA_TC_AUTORIDAD] [AUTH] ON  [AUTH].[ID_AUTORIDAD]=[CRED].[ID_AUTORIDAD]
 LEFT JOIN [dbo].[SLOAA_TC_STATUS] [STATUS] ON  [ORD].[ID_STATUS]=[STATUS].[ID_STATUS]
  WHERE
  1=1
 ]
[2018-02-07T15:31:59.831] [INFO] ICC - RID:[1518039119808]-[SELECT]-[END]:[OK]
[2018-02-07T15:31:59.832] [INFO] ICC - RID:[1518039119808]-[REQUEST]-[END]:[/getAllOrdenServicio]
[2018-02-07T15:32:01.446] [INFO] ICC - RID:[1518039121446]-[REQUEST]-[START]:[/getAllOrdenServicio]
[2018-02-07T15:32:01.446] [INFO] ICC - RID:[1518039121446]-[SELECT]-[START]
[2018-02-07T15:32:01.446] [DEBUG] DCC - RID:[1518039121446]-[SELECT]-[QUERY]:[SELECT  
	    [ORD].[ID_ORDEN_SERVICIO]
      ,[ORD].[NUM_ORDEN]
      ,[ORD].[FECHA_SOLICITUD]
      ,[ORD].[DOMICILIO]
      ,[ORD].[FIRMA1_USER1]
      ,[ORD].[FIRMA1_USER2]
      ,[ORD].[FIRMA2_USER1]
      ,[ORD].[FIRMA2_USER2]
      ,[ORD].[ID_STATUS]
      ,[ORD].[METAINFO_FECHA_CREACION]
      ,[ORD].[METAINFO_IP]
      ,[ORD].[METAINFO_MAC_ADRR]
      ,[ORD].[LLAVE_SISTEMA]
      ,[ORD].[CIERRE_TOTAL]
	  
	   ,[CRED].[ID_CREDENCIAL]
      ,[CRED].[NOMBRE]
      ,[CRED].[CARGO]
      ,[CRED].[TELEFONO]
      ,[CRED].[EXT]
      ,[CRED].[EMAIL]
      ,[CRED].[PTT]
      ,[CRED].[MOVIL]
      ,[CRED].[USUARIO_NOMBRE]
      ,[CRED].[USUARIO_PASSWORD]
      ,[CRED].[ID_ROL]
      ,[CRED].[ID_CREDENCIAL_SUPERIOR]

	   ,[AUTH].[ID_AUTORIDAD]
      ,[AUTH].[NOMBRE_AUTORIDAD]
      ,[AUTH].[ESTADO]
      ,[AUTH].[NIVEL]
      ,[AUTH].[SERVICIO]
      ,[AUTH].[ID_ZONA] 
             ,[STATUS].[NOMBRE_STATUS]
  FROM 
  [SLOAA_TR_ORDEN_SERVICIO] [ORD]
 LEFT JOIN [SLOAA_TR_CREDENCIAL] [CRED] ON  [CRED].[ID_CREDENCIAL]=[ORD].[ID_CREDENCIAL]
 LEFT JOIN [SLOAA_TC_AUTORIDAD] [AUTH] ON  [AUTH].[ID_AUTORIDAD]=[CRED].[ID_AUTORIDAD]
 LEFT JOIN [dbo].[SLOAA_TC_STATUS] [STATUS] ON  [ORD].[ID_STATUS]=[STATUS].[ID_STATUS]
  WHERE
  1=1
 ]
[2018-02-07T15:32:01.464] [INFO] ICC - RID:[1518039121446]-[SELECT]-[END]:[OK]
[2018-02-07T15:32:01.464] [INFO] ICC - RID:[1518039121446]-[REQUEST]-[END]:[/getAllOrdenServicio]
