[2018-02-07T15:01:00.386] [INFO] ICC - RID:[1518037260386]-[REQUEST]-[START]:[/defaultSelect]
[2018-02-07T15:01:00.386] [INFO] ICC - RID:[1518037260386]-[SELECT]-[START]
[2018-02-07T15:01:00.408] [INFO] ICC - RID:[1518037260386]-[SELECT]-[END]:[OK]
[2018-02-07T15:01:00.408] [INFO] ICC - RID:[1518037260386]-[REQUEST]-[END]:[/defaultSelect]
[2018-02-07T15:01:00.635] [INFO] ICC - RID:[1518037260635]-[REQUEST]-[START]:[/getAllOrdenServicio]
[2018-02-07T15:01:00.635] [INFO] ICC - RID:[1518037260635]-[SELECT]-[START]
[2018-02-07T15:01:00.657] [INFO] ICC - RID:[1518037260635]-[SELECT]-[END]:[OK]
[2018-02-07T15:01:00.657] [INFO] ICC - RID:[1518037260635]-[REQUEST]-[END]:[/getAllOrdenServicio]
[2018-02-07T15:01:04.008] [INFO] ICC - RID:[1518037264008]-[REQUEST]-[START]:[/getAllCotizacionXOrden]
[2018-02-07T15:01:04.008] [INFO] ICC - RID:[1518037264008]-[SELECT]-[START]
[2018-02-07T15:01:04.046] [INFO] ICC - RID:[1518037264008]-[SELECT]-[END]:[OK]
[2018-02-07T15:01:04.047] [INFO] ICC - RID:[1518037264008]-[REQUEST]-[END]:[/getAllCotizacionXOrden]
[2018-02-07T15:01:05.303] [INFO] ICC - RID:[1518037265303]-[REQUEST]-[START]:[/getAllTipoServicio]
[2018-02-07T15:01:05.303] [INFO] ICC - RID:[1518037265303]-[SELECT]-[START]
[2018-02-07T15:01:05.325] [INFO] ICC - RID:[1518037265303]-[SELECT]-[END]:[OK]
[2018-02-07T15:01:05.325] [INFO] ICC - RID:[1518037265303]-[REQUEST]-[END]:[/getAllTipoServicio]
[2018-02-07T15:01:05.876] [INFO] ICC - RID:[1518037265876]-[REQUEST]-[START]:[/getAllSubZona]
[2018-02-07T15:01:05.876] [INFO] ICC - RID:[1518037265876]-[SELECT]-[START]
[2018-02-07T15:01:05.895] [INFO] ICC - RID:[1518037265876]-[SELECT]-[END]:[OK]
[2018-02-07T15:01:05.895] [INFO] ICC - RID:[1518037265876]-[REQUEST]-[END]:[/getAllSubZona]
[2018-02-07T15:01:06.360] [INFO] ICC - RID:[1518037266360]-[REQUEST]-[START]:[/getAllServicios]
[2018-02-07T15:01:06.362] [INFO] ICC - RID:[1518037266360]-[SELECT]-[START]
[2018-02-07T15:01:06.389] [INFO] ICC - RID:[1518037266360]-[SELECT]-[END]:[OK]
[2018-02-07T15:01:06.389] [INFO] ICC - RID:[1518037266360]-[REQUEST]-[END]:[/getAllServicios]
[2018-02-07T15:01:09.719] [INFO] ICC - RID:[1518037269719]-[REQUEST]-[START]:[/getAllServicios]
[2018-02-07T15:01:09.719] [INFO] ICC - RID:[1518037269719]-[SELECT]-[START]
[2018-02-07T15:01:09.770] [INFO] ICC - RID:[1518037269719]-[SELECT]-[END]:[OK]
[2018-02-07T15:01:09.770] [INFO] ICC - RID:[1518037269719]-[REQUEST]-[END]:[/getAllServicios]
[2018-02-07T15:01:11.025] [INFO] ICC - RID:[1518037271025]-[REQUEST]-[START]:[/getAllServicios]
[2018-02-07T15:01:11.025] [INFO] ICC - RID:[1518037271025]-[SELECT]-[START]
[2018-02-07T15:01:11.043] [INFO] ICC - RID:[1518037271025]-[SELECT]-[END]:[OK]
[2018-02-07T15:01:11.044] [INFO] ICC - RID:[1518037271025]-[REQUEST]-[END]:[/getAllServicios]
[2018-02-07T15:01:11.640] [INFO] ICC - RID:[1518037271640]-[REQUEST]-[START]:[/getAllServicios]
[2018-02-07T15:01:11.640] [INFO] ICC - RID:[1518037271640]-[SELECT]-[START]
[2018-02-07T15:01:11.654] [INFO] ICC - RID:[1518037271640]-[SELECT]-[END]:[OK]
[2018-02-07T15:01:11.654] [INFO] ICC - RID:[1518037271640]-[REQUEST]-[END]:[/getAllServicios]
[2018-02-07T15:01:12.571] [INFO] ICC - RID:[1518037272571]-[REQUEST]-[START]:[/getAllServicios]
[2018-02-07T15:01:12.572] [INFO] ICC - RID:[1518037272571]-[SELECT]-[START]
[2018-02-07T15:01:12.590] [INFO] ICC - RID:[1518037272571]-[SELECT]-[END]:[OK]
[2018-02-07T15:01:12.590] [INFO] ICC - RID:[1518037272571]-[REQUEST]-[END]:[/getAllServicios]
[2018-02-07T15:03:35.667] [INFO] ICC - RID:[1518037415667]-[REQUEST]-[START]:[/getAllServicios]
[2018-02-07T15:03:35.668] [INFO] ICC - RID:[1518037415667]-[SELECT]-[START]
[2018-02-07T15:03:35.691] [INFO] ICC - RID:[1518037415667]-[SELECT]-[END]:[OK]
[2018-02-07T15:03:35.691] [INFO] ICC - RID:[1518037415667]-[REQUEST]-[END]:[/getAllServicios]
[2018-02-07T15:03:37.610] [INFO] ICC - RID:[1518037417610]-[REQUEST]-[START]:[/getAllServicios]
[2018-02-07T15:03:37.610] [INFO] ICC - RID:[1518037417610]-[SELECT]-[START]
[2018-02-07T15:03:37.630] [INFO] ICC - RID:[1518037417610]-[SELECT]-[END]:[OK]
[2018-02-07T15:03:37.630] [INFO] ICC - RID:[1518037417610]-[REQUEST]-[END]:[/getAllServicios]
[2018-02-07T15:03:45.206] [INFO] ICC - RID:[1518037425206]-[REQUEST]-[START]:[/getAllServicios]
[2018-02-07T15:03:45.206] [INFO] ICC - RID:[1518037425206]-[SELECT]-[START]
[2018-02-07T15:03:45.217] [INFO] ICC - RID:[1518037425206]-[SELECT]-[END]:[OK]
[2018-02-07T15:03:45.217] [INFO] ICC - RID:[1518037425206]-[REQUEST]-[END]:[/getAllServicios]
[2018-02-07T15:03:46.957] [INFO] ICC - RID:[1518037426957]-[REQUEST]-[START]:[/getAllServicios]
[2018-02-07T15:03:46.957] [INFO] ICC - RID:[1518037426957]-[SELECT]-[START]
[2018-02-07T15:03:46.971] [INFO] ICC - RID:[1518037426957]-[SELECT]-[END]:[OK]
[2018-02-07T15:03:46.971] [INFO] ICC - RID:[1518037426957]-[REQUEST]-[END]:[/getAllServicios]
[2018-02-07T15:11:50.540] [INFO] ICC - RID:[1518037910540]-[REQUEST]-[START]:[/defaultSelect]
[2018-02-07T15:11:50.541] [INFO] ICC - RID:[1518037910540]-[SELECT]-[START]
[2018-02-07T15:11:50.569] [INFO] ICC - RID:[1518037910540]-[SELECT]-[END]:[OK]
[2018-02-07T15:11:50.569] [INFO] ICC - RID:[1518037910540]-[REQUEST]-[END]:[/defaultSelect]
[2018-02-07T15:11:50.842] [INFO] ICC - RID:[1518037910842]-[REQUEST]-[START]:[/getAllOrdenServicio]
[2018-02-07T15:11:50.842] [INFO] ICC - RID:[1518037910842]-[SELECT]-[START]
[2018-02-07T15:11:50.874] [INFO] ICC - RID:[1518037910842]-[SELECT]-[END]:[OK]
[2018-02-07T15:11:50.874] [INFO] ICC - RID:[1518037910842]-[REQUEST]-[END]:[/getAllOrdenServicio]
[2018-02-07T15:11:53.579] [INFO] ICC - RID:[1518037913579]-[REQUEST]-[START]:[/getAllCotizacionXOrden]
[2018-02-07T15:11:53.579] [INFO] ICC - RID:[1518037913579]-[SELECT]-[START]
[2018-02-07T15:11:53.615] [INFO] ICC - RID:[1518037913579]-[SELECT]-[END]:[OK]
[2018-02-07T15:11:53.615] [INFO] ICC - RID:[1518037913579]-[REQUEST]-[END]:[/getAllCotizacionXOrden]
[2018-02-07T15:11:54.875] [INFO] ICC - RID:[1518037914875]-[REQUEST]-[START]:[/getAllTipoServicio]
[2018-02-07T15:11:54.875] [INFO] ICC - RID:[1518037914875]-[SELECT]-[START]
[2018-02-07T15:11:54.890] [INFO] ICC - RID:[1518037914875]-[SELECT]-[END]:[OK]
[2018-02-07T15:11:54.890] [INFO] ICC - RID:[1518037914875]-[REQUEST]-[END]:[/getAllTipoServicio]
[2018-02-07T15:11:55.503] [INFO] ICC - RID:[1518037915503]-[REQUEST]-[START]:[/getAllSubZona]
[2018-02-07T15:11:55.504] [INFO] ICC - RID:[1518037915503]-[SELECT]-[START]
[2018-02-07T15:11:55.519] [INFO] ICC - RID:[1518037915503]-[SELECT]-[END]:[OK]
[2018-02-07T15:11:55.520] [INFO] ICC - RID:[1518037915503]-[REQUEST]-[END]:[/getAllSubZona]
[2018-02-07T15:11:55.843] [INFO] ICC - RID:[1518037915843]-[REQUEST]-[START]:[/getAllServicios]
[2018-02-07T15:11:55.843] [INFO] ICC - RID:[1518037915843]-[SELECT]-[START]
[2018-02-07T15:11:55.867] [INFO] ICC - RID:[1518037915843]-[SELECT]-[END]:[OK]
[2018-02-07T15:11:55.868] [INFO] ICC - RID:[1518037915843]-[REQUEST]-[END]:[/getAllServicios]
[2018-02-07T15:11:56.187] [INFO] ICC - RID:[1518037916187]-[REQUEST]-[START]:[/getAllProvedores]
[2018-02-07T15:11:56.187] [INFO] ICC - RID:[1518037916187]-[SELECT]-[START]
[2018-02-07T15:11:56.211] [INFO] ICC - RID:[1518037916187]-[SELECT]-[END]:[OK]
[2018-02-07T15:11:56.211] [INFO] ICC - RID:[1518037916187]-[REQUEST]-[END]:[/getAllProvedores]
[2018-02-07T15:13:01.093] [INFO] ICC - RID:[1518037981093]-[REQUEST]-[START]:[/defaultSelect]
[2018-02-07T15:13:01.093] [INFO] ICC - RID:[1518037981093]-[SELECT]-[START]
[2018-02-07T15:13:01.113] [INFO] ICC - RID:[1518037981093]-[SELECT]-[END]:[OK]
[2018-02-07T15:13:01.114] [INFO] ICC - RID:[1518037981093]-[REQUEST]-[END]:[/defaultSelect]
[2018-02-07T15:13:01.357] [INFO] ICC - RID:[1518037981357]-[REQUEST]-[START]:[/getAllOrdenServicio]
[2018-02-07T15:13:01.358] [INFO] ICC - RID:[1518037981357]-[SELECT]-[START]
[2018-02-07T15:13:01.387] [INFO] ICC - RID:[1518037981357]-[SELECT]-[END]:[OK]
[2018-02-07T15:13:01.387] [INFO] ICC - RID:[1518037981357]-[REQUEST]-[END]:[/getAllOrdenServicio]
[2018-02-07T15:13:04.290] [INFO] ICC - RID:[1518037984290]-[REQUEST]-[START]:[/getAllCotizacionXOrden]
[2018-02-07T15:13:04.291] [INFO] ICC - RID:[1518037984290]-[SELECT]-[START]
[2018-02-07T15:13:04.348] [INFO] ICC - RID:[1518037984290]-[SELECT]-[END]:[OK]
[2018-02-07T15:13:04.348] [INFO] ICC - RID:[1518037984290]-[REQUEST]-[END]:[/getAllCotizacionXOrden]
[2018-02-07T15:13:05.089] [INFO] ICC - RID:[1518037985089]-[REQUEST]-[START]:[/getAllTipoServicio]
[2018-02-07T15:13:05.089] [INFO] ICC - RID:[1518037985089]-[SELECT]-[START]
[2018-02-07T15:13:05.109] [INFO] ICC - RID:[1518037985089]-[SELECT]-[END]:[OK]
[2018-02-07T15:13:05.109] [INFO] ICC - RID:[1518037985089]-[REQUEST]-[END]:[/getAllTipoServicio]
[2018-02-07T15:13:06.006] [INFO] ICC - RID:[1518037986006]-[REQUEST]-[START]:[/getAllSubZona]
[2018-02-07T15:13:06.006] [INFO] ICC - RID:[1518037986006]-[SELECT]-[START]
[2018-02-07T15:13:06.020] [INFO] ICC - RID:[1518037986006]-[SELECT]-[END]:[OK]
[2018-02-07T15:13:06.021] [INFO] ICC - RID:[1518037986006]-[REQUEST]-[END]:[/getAllSubZona]
[2018-02-07T15:13:06.450] [INFO] ICC - RID:[1518037986450]-[REQUEST]-[START]:[/getAllServicios]
[2018-02-07T15:13:06.450] [INFO] ICC - RID:[1518037986450]-[SELECT]-[START]
[2018-02-07T15:13:06.477] [INFO] ICC - RID:[1518037986450]-[SELECT]-[END]:[OK]
[2018-02-07T15:13:06.477] [INFO] ICC - RID:[1518037986450]-[REQUEST]-[END]:[/getAllServicios]
[2018-02-07T15:13:06.858] [INFO] ICC - RID:[1518037986858]-[REQUEST]-[START]:[/getAllProvedores]
[2018-02-07T15:13:06.858] [INFO] ICC - RID:[1518037986858]-[SELECT]-[START]
[2018-02-07T15:13:06.884] [INFO] ICC - RID:[1518037986858]-[SELECT]-[END]:[OK]
[2018-02-07T15:13:06.884] [INFO] ICC - RID:[1518037986858]-[REQUEST]-[END]:[/getAllProvedores]
[2018-02-07T15:13:07.379] [INFO] ICC - RID:[1518037987378]-[REQUEST]-[START]:[/getUnidadYPrecioUnitarioXServicio]
[2018-02-07T15:13:07.379] [INFO] ICC - RID:[1518037987378]-[SELECT]-[START]
[2018-02-07T15:13:07.401] [INFO] ICC - RID:[1518037987378]-[SELECT]-[END]:[OK]
[2018-02-07T15:13:07.401] [INFO] ICC - RID:[1518037987378]-[REQUEST]-[END]:[/getUnidadYPrecioUnitarioXServicio]
[2018-02-07T15:13:16.417] [INFO] ICC - RID:[1518037996417]-[REQUEST]-[START]:[/getAllServicios]
[2018-02-07T15:13:16.418] [INFO] ICC - RID:[1518037996417]-[SELECT]-[START]
[2018-02-07T15:13:16.439] [INFO] ICC - RID:[1518037996417]-[SELECT]-[END]:[OK]
[2018-02-07T15:13:16.440] [INFO] ICC - RID:[1518037996417]-[REQUEST]-[END]:[/getAllServicios]
[2018-02-07T15:13:22.072] [INFO] ICC - RID:[1518038002072]-[REQUEST]-[START]:[/getAllProvedores]
[2018-02-07T15:13:22.072] [INFO] ICC - RID:[1518038002072]-[SELECT]-[START]
[2018-02-07T15:13:22.108] [ERROR] ECC - RID:[1518038002072]-[SELECT]-[END]:[FAIL]:[Incorrect syntax near ')'.]
[2018-02-07T15:13:22.108] [ERROR] ECC - RID:[1518038002072]-[REQUEST]-[ERROR]:[Incorrect syntax near ')'.]:[/getAllProvedores]
[2018-02-07T15:13:23.880] [INFO] ICC - RID:[1518038003880]-[REQUEST]-[START]:[/getUnidadYPrecioUnitarioXServicio]
[2018-02-07T15:13:23.880] [INFO] ICC - RID:[1518038003880]-[SELECT]-[START]
[2018-02-07T15:13:23.900] [ERROR] ECC - RID:[1518038003880]-[SELECT]-[END]:[FAIL]:[Incorrect syntax near ')'.]
[2018-02-07T15:13:23.901] [ERROR] ECC - RID:[1518038003880]-[REQUEST]-[ERROR]:[Incorrect syntax near ')'.]:[/getUnidadYPrecioUnitarioXServicio]
[2018-02-07T15:13:27.168] [INFO] ICC - RID:[1518038007168]-[REQUEST]-[START]:[/getAllServicios]
[2018-02-07T15:13:27.168] [INFO] ICC - RID:[1518038007168]-[SELECT]-[START]
[2018-02-07T15:13:27.182] [INFO] ICC - RID:[1518038007168]-[SELECT]-[END]:[OK]
[2018-02-07T15:13:27.183] [INFO] ICC - RID:[1518038007168]-[REQUEST]-[END]:[/getAllServicios]
[2018-02-07T15:13:28.415] [INFO] ICC - RID:[1518038008415]-[REQUEST]-[START]:[/getAllProvedores]
[2018-02-07T15:13:28.415] [INFO] ICC - RID:[1518038008415]-[SELECT]-[START]
[2018-02-07T15:13:28.475] [INFO] ICC - RID:[1518038008415]-[SELECT]-[END]:[OK]
[2018-02-07T15:13:28.475] [INFO] ICC - RID:[1518038008415]-[REQUEST]-[END]:[/getAllProvedores]
[2018-02-07T15:13:30.046] [INFO] ICC - RID:[1518038010046]-[REQUEST]-[START]:[/getUnidadYPrecioUnitarioXServicio]
[2018-02-07T15:13:30.047] [INFO] ICC - RID:[1518038010046]-[SELECT]-[START]
[2018-02-07T15:13:30.065] [INFO] ICC - RID:[1518038010046]-[SELECT]-[END]:[OK]
[2018-02-07T15:13:30.066] [INFO] ICC - RID:[1518038010046]-[REQUEST]-[END]:[/getUnidadYPrecioUnitarioXServicio]
[2018-02-07T15:13:55.238] [INFO] ICC - RID:[1518038035238]-[REQUEST]-[START]:[/getAllProvedores]
[2018-02-07T15:13:55.238] [INFO] ICC - RID:[1518038035238]-[SELECT]-[START]
[2018-02-07T15:13:55.274] [INFO] ICC - RID:[1518038035238]-[SELECT]-[END]:[OK]
[2018-02-07T15:13:55.274] [INFO] ICC - RID:[1518038035238]-[REQUEST]-[END]:[/getAllProvedores]
[2018-02-07T15:13:56.900] [INFO] ICC - RID:[1518038036899]-[REQUEST]-[START]:[/getUnidadYPrecioUnitarioXServicio]
[2018-02-07T15:13:56.900] [INFO] ICC - RID:[1518038036899]-[SELECT]-[START]
[2018-02-07T15:13:56.919] [INFO] ICC - RID:[1518038036899]-[SELECT]-[END]:[OK]
[2018-02-07T15:13:56.920] [INFO] ICC - RID:[1518038036899]-[REQUEST]-[END]:[/getUnidadYPrecioUnitarioXServicio]
[2018-02-07T15:13:59.921] [INFO] ICC - RID:[1518038039921]-[REQUEST]-[START]:[/getAllProvedores]
[2018-02-07T15:13:59.921] [INFO] ICC - RID:[1518038039921]-[SELECT]-[START]
[2018-02-07T15:13:59.942] [INFO] ICC - RID:[1518038039921]-[SELECT]-[END]:[OK]
[2018-02-07T15:13:59.942] [INFO] ICC - RID:[1518038039921]-[REQUEST]-[END]:[/getAllProvedores]
[2018-02-07T15:14:02.878] [INFO] ICC - RID:[1518038042878]-[REQUEST]-[START]:[/getAllServicios]
[2018-02-07T15:14:02.878] [INFO] ICC - RID:[1518038042878]-[SELECT]-[START]
[2018-02-07T15:14:02.893] [INFO] ICC - RID:[1518038042878]-[SELECT]-[END]:[OK]
[2018-02-07T15:14:02.893] [INFO] ICC - RID:[1518038042878]-[REQUEST]-[END]:[/getAllServicios]
[2018-02-07T15:14:07.752] [INFO] ICC - RID:[1518038047752]-[REQUEST]-[START]:[/getAllServicios]
[2018-02-07T15:14:07.752] [INFO] ICC - RID:[1518038047752]-[SELECT]-[START]
[2018-02-07T15:14:07.775] [INFO] ICC - RID:[1518038047752]-[SELECT]-[END]:[OK]
[2018-02-07T15:14:07.776] [INFO] ICC - RID:[1518038047752]-[REQUEST]-[END]:[/getAllServicios]
[2018-02-07T15:14:09.049] [INFO] ICC - RID:[1518038049049]-[REQUEST]-[START]:[/getAllProvedores]
[2018-02-07T15:14:09.049] [INFO] ICC - RID:[1518038049049]-[SELECT]-[START]
[2018-02-07T15:14:09.065] [INFO] ICC - RID:[1518038049049]-[SELECT]-[END]:[OK]
[2018-02-07T15:14:09.065] [INFO] ICC - RID:[1518038049049]-[REQUEST]-[END]:[/getAllProvedores]
[2018-02-07T15:14:10.662] [INFO] ICC - RID:[1518038050662]-[REQUEST]-[START]:[/getUnidadYPrecioUnitarioXServicio]
[2018-02-07T15:14:10.662] [INFO] ICC - RID:[1518038050662]-[SELECT]-[START]
[2018-02-07T15:14:10.676] [INFO] ICC - RID:[1518038050662]-[SELECT]-[END]:[OK]
[2018-02-07T15:14:10.676] [INFO] ICC - RID:[1518038050662]-[REQUEST]-[END]:[/getUnidadYPrecioUnitarioXServicio]
[2018-02-07T15:14:14.488] [INFO] ICC - RID:[1518038054488]-[REQUEST]-[START]:[/addCotizacion]
[2018-02-07T15:14:14.488] [INFO] ICC - RID:[1518038054488]-[FREE-DML]-[START]
[2018-02-07T15:14:14.516] [INFO] ICC - RID:[1518038054488]-[FREE-DML]-[END]:[OK]
[2018-02-07T15:14:14.516] [INFO] ICC - RID:[1518038054488]-[REQUEST]-[END]:[/addCotizacion]
[2018-02-07T15:14:14.584] [INFO] ICC - RID:[1518038054584]-[REQUEST]-[START]:[/getAllCotizacionXOrden]
[2018-02-07T15:14:14.584] [INFO] ICC - RID:[1518038054584]-[SELECT]-[START]
[2018-02-07T15:14:14.622] [INFO] ICC - RID:[1518038054584]-[SELECT]-[END]:[OK]
[2018-02-07T15:14:14.622] [INFO] ICC - RID:[1518038054584]-[REQUEST]-[END]:[/getAllCotizacionXOrden]
[2018-02-07T15:14:15.726] [INFO] ICC - RID:[1518038055726]-[REQUEST]-[START]:[/getAllTipoServicio]
[2018-02-07T15:14:15.726] [INFO] ICC - RID:[1518038055726]-[SELECT]-[START]
[2018-02-07T15:14:15.751] [INFO] ICC - RID:[1518038055726]-[SELECT]-[END]:[OK]
[2018-02-07T15:14:15.751] [INFO] ICC - RID:[1518038055726]-[REQUEST]-[END]:[/getAllTipoServicio]
[2018-02-07T15:14:15.852] [INFO] ICC - RID:[1518038055852]-[REQUEST]-[START]:[/getAllSubZona]
[2018-02-07T15:14:15.852] [INFO] ICC - RID:[1518038055852]-[SELECT]-[START]
[2018-02-07T15:14:15.877] [INFO] ICC - RID:[1518038055852]-[SELECT]-[END]:[OK]
[2018-02-07T15:14:15.877] [INFO] ICC - RID:[1518038055852]-[REQUEST]-[END]:[/getAllSubZona]
[2018-02-07T15:14:15.902] [INFO] ICC - RID:[1518038055902]-[REQUEST]-[START]:[/getAllServicios]
[2018-02-07T15:14:15.902] [INFO] ICC - RID:[1518038055902]-[SELECT]-[START]
[2018-02-07T15:14:15.915] [INFO] ICC - RID:[1518038055902]-[SELECT]-[END]:[OK]
[2018-02-07T15:14:15.916] [INFO] ICC - RID:[1518038055902]-[REQUEST]-[END]:[/getAllServicios]
[2018-02-07T15:14:15.986] [INFO] ICC - RID:[1518038055985]-[REQUEST]-[START]:[/getAllProvedores]
[2018-02-07T15:14:15.986] [INFO] ICC - RID:[1518038055985]-[SELECT]-[START]
[2018-02-07T15:14:16.000] [INFO] ICC - RID:[1518038055985]-[SELECT]-[END]:[OK]
[2018-02-07T15:14:16.000] [INFO] ICC - RID:[1518038055985]-[REQUEST]-[END]:[/getAllProvedores]
[2018-02-07T15:14:16.047] [INFO] ICC - RID:[1518038056047]-[REQUEST]-[START]:[/getUnidadYPrecioUnitarioXServicio]
[2018-02-07T15:14:16.048] [INFO] ICC - RID:[1518038056047]-[SELECT]-[START]
[2018-02-07T15:14:16.062] [INFO] ICC - RID:[1518038056047]-[SELECT]-[END]:[OK]
[2018-02-07T15:14:16.063] [INFO] ICC - RID:[1518038056047]-[REQUEST]-[END]:[/getUnidadYPrecioUnitarioXServicio]
[2018-02-07T15:14:19.028] [INFO] ICC - RID:[1518038059028]-[REQUEST]-[START]:[/getAllTipoServicio]
[2018-02-07T15:14:19.028] [INFO] ICC - RID:[1518038059028]-[SELECT]-[START]
[2018-02-07T15:14:19.042] [INFO] ICC - RID:[1518038059028]-[SELECT]-[END]:[OK]
[2018-02-07T15:14:19.042] [INFO] ICC - RID:[1518038059028]-[REQUEST]-[END]:[/getAllTipoServicio]
[2018-02-07T15:14:19.058] [INFO] ICC - RID:[1518038059058]-[REQUEST]-[START]:[/getAllSubZona]
[2018-02-07T15:14:19.058] [INFO] ICC - RID:[1518038059058]-[SELECT]-[START]
[2018-02-07T15:14:19.076] [INFO] ICC - RID:[1518038059058]-[SELECT]-[END]:[OK]
[2018-02-07T15:14:19.076] [INFO] ICC - RID:[1518038059058]-[REQUEST]-[END]:[/getAllSubZona]
[2018-02-07T15:14:19.149] [INFO] ICC - RID:[1518038059149]-[REQUEST]-[START]:[/getAllServicios]
[2018-02-07T15:14:19.149] [INFO] ICC - RID:[1518038059149]-[SELECT]-[START]
[2018-02-07T15:14:19.170] [INFO] ICC - RID:[1518038059149]-[SELECT]-[END]:[OK]
[2018-02-07T15:14:19.170] [INFO] ICC - RID:[1518038059149]-[REQUEST]-[END]:[/getAllServicios]
[2018-02-07T15:14:19.185] [INFO] ICC - RID:[1518038059185]-[REQUEST]-[START]:[/getAllProvedores]
[2018-02-07T15:14:19.186] [INFO] ICC - RID:[1518038059185]-[SELECT]-[START]
[2018-02-07T15:14:19.197] [INFO] ICC - RID:[1518038059185]-[SELECT]-[END]:[OK]
[2018-02-07T15:14:19.198] [INFO] ICC - RID:[1518038059185]-[REQUEST]-[END]:[/getAllProvedores]
[2018-02-07T15:14:19.271] [INFO] ICC - RID:[1518038059271]-[REQUEST]-[START]:[/getUnidadYPrecioUnitarioXServicio]
[2018-02-07T15:14:19.271] [INFO] ICC - RID:[1518038059271]-[SELECT]-[START]
[2018-02-07T15:14:19.285] [INFO] ICC - RID:[1518038059271]-[SELECT]-[END]:[OK]
[2018-02-07T15:14:19.286] [INFO] ICC - RID:[1518038059271]-[REQUEST]-[END]:[/getUnidadYPrecioUnitarioXServicio]
[2018-02-07T15:14:20.156] [INFO] ICC - RID:[1518038060156]-[REQUEST]-[START]:[/getAllTipoServicio]
[2018-02-07T15:14:20.156] [INFO] ICC - RID:[1518038060156]-[SELECT]-[START]
[2018-02-07T15:14:20.168] [INFO] ICC - RID:[1518038060156]-[SELECT]-[END]:[OK]
[2018-02-07T15:14:20.169] [INFO] ICC - RID:[1518038060156]-[REQUEST]-[END]:[/getAllTipoServicio]
[2018-02-07T15:14:20.186] [INFO] ICC - RID:[1518038060186]-[REQUEST]-[START]:[/getAllSubZona]
[2018-02-07T15:14:20.186] [INFO] ICC - RID:[1518038060186]-[SELECT]-[START]
[2018-02-07T15:14:20.305] [INFO] ICC - RID:[1518038060186]-[SELECT]-[END]:[OK]
[2018-02-07T15:14:20.305] [INFO] ICC - RID:[1518038060186]-[REQUEST]-[END]:[/getAllSubZona]
[2018-02-07T15:14:20.319] [INFO] ICC - RID:[1518038060319]-[REQUEST]-[START]:[/getAllServicios]
[2018-02-07T15:14:20.319] [INFO] ICC - RID:[1518038060319]-[SELECT]-[START]
[2018-02-07T15:14:20.337] [INFO] ICC - RID:[1518038060319]-[SELECT]-[END]:[OK]
[2018-02-07T15:14:20.337] [INFO] ICC - RID:[1518038060319]-[REQUEST]-[END]:[/getAllServicios]
[2018-02-07T15:14:20.380] [INFO] ICC - RID:[1518038060380]-[REQUEST]-[START]:[/getAllProvedores]
[2018-02-07T15:14:20.380] [INFO] ICC - RID:[1518038060380]-[SELECT]-[START]
[2018-02-07T15:14:20.404] [INFO] ICC - RID:[1518038060380]-[SELECT]-[END]:[OK]
[2018-02-07T15:14:20.404] [INFO] ICC - RID:[1518038060380]-[REQUEST]-[END]:[/getAllProvedores]
[2018-02-07T15:14:20.461] [INFO] ICC - RID:[1518038060461]-[REQUEST]-[START]:[/getUnidadYPrecioUnitarioXServicio]
[2018-02-07T15:14:20.461] [INFO] ICC - RID:[1518038060461]-[SELECT]-[START]
[2018-02-07T15:14:20.485] [INFO] ICC - RID:[1518038060461]-[SELECT]-[END]:[OK]
[2018-02-07T15:14:20.485] [INFO] ICC - RID:[1518038060461]-[REQUEST]-[END]:[/getUnidadYPrecioUnitarioXServicio]
[2018-02-07T15:14:21.093] [INFO] ICC - RID:[1518038061093]-[REQUEST]-[START]:[/getAllTipoServicio]
[2018-02-07T15:14:21.093] [INFO] ICC - RID:[1518038061093]-[SELECT]-[START]
[2018-02-07T15:14:21.110] [INFO] ICC - RID:[1518038061093]-[SELECT]-[END]:[OK]
[2018-02-07T15:14:21.110] [INFO] ICC - RID:[1518038061093]-[REQUEST]-[END]:[/getAllTipoServicio]
[2018-02-07T15:14:21.126] [INFO] ICC - RID:[1518038061126]-[REQUEST]-[START]:[/getAllSubZona]
[2018-02-07T15:14:21.126] [INFO] ICC - RID:[1518038061126]-[SELECT]-[START]
[2018-02-07T15:14:21.141] [INFO] ICC - RID:[1518038061126]-[SELECT]-[END]:[OK]
[2018-02-07T15:14:21.141] [INFO] ICC - RID:[1518038061126]-[REQUEST]-[END]:[/getAllSubZona]
[2018-02-07T15:14:21.226] [INFO] ICC - RID:[1518038061226]-[REQUEST]-[START]:[/getAllServicios]
[2018-02-07T15:14:21.226] [INFO] ICC - RID:[1518038061226]-[SELECT]-[START]
[2018-02-07T15:14:21.244] [INFO] ICC - RID:[1518038061226]-[SELECT]-[END]:[OK]
[2018-02-07T15:14:21.244] [INFO] ICC - RID:[1518038061226]-[REQUEST]-[END]:[/getAllServicios]
[2018-02-07T15:14:21.254] [INFO] ICC - RID:[1518038061254]-[REQUEST]-[START]:[/getAllProvedores]
[2018-02-07T15:14:21.254] [INFO] ICC - RID:[1518038061254]-[SELECT]-[START]
[2018-02-07T15:14:21.268] [INFO] ICC - RID:[1518038061254]-[SELECT]-[END]:[OK]
[2018-02-07T15:14:21.268] [INFO] ICC - RID:[1518038061254]-[REQUEST]-[END]:[/getAllProvedores]
[2018-02-07T15:14:21.311] [INFO] ICC - RID:[1518038061310]-[REQUEST]-[START]:[/getUnidadYPrecioUnitarioXServicio]
[2018-02-07T15:14:21.311] [INFO] ICC - RID:[1518038061310]-[SELECT]-[START]
[2018-02-07T15:14:21.347] [INFO] ICC - RID:[1518038061310]-[SELECT]-[END]:[OK]
[2018-02-07T15:14:21.347] [INFO] ICC - RID:[1518038061310]-[REQUEST]-[END]:[/getUnidadYPrecioUnitarioXServicio]
[2018-02-07T15:14:22.276] [INFO] ICC - RID:[1518038062276]-[REQUEST]-[START]:[/getAllTipoServicio]
[2018-02-07T15:14:22.276] [INFO] ICC - RID:[1518038062276]-[SELECT]-[START]
[2018-02-07T15:14:22.294] [INFO] ICC - RID:[1518038062276]-[SELECT]-[END]:[OK]
[2018-02-07T15:14:22.294] [INFO] ICC - RID:[1518038062276]-[REQUEST]-[END]:[/getAllTipoServicio]
[2018-02-07T15:14:22.315] [INFO] ICC - RID:[1518038062315]-[REQUEST]-[START]:[/getAllSubZona]
[2018-02-07T15:14:22.315] [INFO] ICC - RID:[1518038062315]-[SELECT]-[START]
[2018-02-07T15:14:22.329] [INFO] ICC - RID:[1518038062315]-[SELECT]-[END]:[OK]
[2018-02-07T15:14:22.329] [INFO] ICC - RID:[1518038062315]-[REQUEST]-[END]:[/getAllSubZona]
[2018-02-07T15:14:22.402] [INFO] ICC - RID:[1518038062402]-[REQUEST]-[START]:[/getAllServicios]
[2018-02-07T15:14:22.403] [INFO] ICC - RID:[1518038062402]-[SELECT]-[START]
[2018-02-07T15:14:22.419] [INFO] ICC - RID:[1518038062402]-[SELECT]-[END]:[OK]
[2018-02-07T15:14:22.420] [INFO] ICC - RID:[1518038062402]-[REQUEST]-[END]:[/getAllServicios]
[2018-02-07T15:14:22.427] [INFO] ICC - RID:[1518038062427]-[REQUEST]-[START]:[/getAllProvedores]
[2018-02-07T15:14:22.428] [INFO] ICC - RID:[1518038062427]-[SELECT]-[START]
[2018-02-07T15:14:22.446] [INFO] ICC - RID:[1518038062427]-[SELECT]-[END]:[OK]
[2018-02-07T15:14:22.447] [INFO] ICC - RID:[1518038062427]-[REQUEST]-[END]:[/getAllProvedores]
[2018-02-07T15:14:22.525] [INFO] ICC - RID:[1518038062525]-[REQUEST]-[START]:[/getUnidadYPrecioUnitarioXServicio]
[2018-02-07T15:14:22.525] [INFO] ICC - RID:[1518038062525]-[SELECT]-[START]
[2018-02-07T15:14:22.542] [INFO] ICC - RID:[1518038062525]-[SELECT]-[END]:[OK]
[2018-02-07T15:14:22.543] [INFO] ICC - RID:[1518038062525]-[REQUEST]-[END]:[/getUnidadYPrecioUnitarioXServicio]
[2018-02-07T15:14:23.651] [INFO] ICC - RID:[1518038063651]-[REQUEST]-[START]:[/getAllTipoServicio]
[2018-02-07T15:14:23.651] [INFO] ICC - RID:[1518038063651]-[SELECT]-[START]
[2018-02-07T15:14:23.669] [INFO] ICC - RID:[1518038063651]-[SELECT]-[END]:[OK]
[2018-02-07T15:14:23.669] [INFO] ICC - RID:[1518038063651]-[REQUEST]-[END]:[/getAllTipoServicio]
[2018-02-07T15:14:23.685] [INFO] ICC - RID:[1518038063685]-[REQUEST]-[START]:[/getAllSubZona]
[2018-02-07T15:14:23.685] [INFO] ICC - RID:[1518038063685]-[SELECT]-[START]
[2018-02-07T15:14:23.703] [INFO] ICC - RID:[1518038063685]-[SELECT]-[END]:[OK]
[2018-02-07T15:14:23.703] [INFO] ICC - RID:[1518038063685]-[REQUEST]-[END]:[/getAllSubZona]
[2018-02-07T15:14:23.774] [INFO] ICC - RID:[1518038063774]-[REQUEST]-[START]:[/getAllServicios]
[2018-02-07T15:14:23.774] [INFO] ICC - RID:[1518038063774]-[SELECT]-[START]
[2018-02-07T15:14:23.798] [INFO] ICC - RID:[1518038063774]-[SELECT]-[END]:[OK]
[2018-02-07T15:14:23.798] [INFO] ICC - RID:[1518038063774]-[REQUEST]-[END]:[/getAllServicios]
[2018-02-07T15:14:23.807] [INFO] ICC - RID:[1518038063807]-[REQUEST]-[START]:[/getAllProvedores]
[2018-02-07T15:14:23.807] [INFO] ICC - RID:[1518038063807]-[SELECT]-[START]
[2018-02-07T15:14:23.864] [INFO] ICC - RID:[1518038063807]-[SELECT]-[END]:[OK]
[2018-02-07T15:14:23.864] [INFO] ICC - RID:[1518038063807]-[REQUEST]-[END]:[/getAllProvedores]
[2018-02-07T15:14:23.906] [INFO] ICC - RID:[1518038063906]-[REQUEST]-[START]:[/getUnidadYPrecioUnitarioXServicio]
[2018-02-07T15:14:23.906] [INFO] ICC - RID:[1518038063906]-[SELECT]-[START]
[2018-02-07T15:14:23.924] [INFO] ICC - RID:[1518038063906]-[SELECT]-[END]:[OK]
[2018-02-07T15:14:23.924] [INFO] ICC - RID:[1518038063906]-[REQUEST]-[END]:[/getUnidadYPrecioUnitarioXServicio]
[2018-02-07T15:14:25.704] [INFO] ICC - RID:[1518038065704]-[REQUEST]-[START]:[/addCotizacion]
[2018-02-07T15:14:25.704] [INFO] ICC - RID:[1518038065704]-[FREE-DML]-[START]
[2018-02-07T15:14:25.716] [INFO] ICC - RID:[1518038065704]-[FREE-DML]-[END]:[OK]
[2018-02-07T15:14:25.716] [INFO] ICC - RID:[1518038065704]-[REQUEST]-[END]:[/addCotizacion]
[2018-02-07T15:14:25.821] [INFO] ICC - RID:[1518038065821]-[REQUEST]-[START]:[/getAllCotizacionXOrden]
[2018-02-07T15:14:25.821] [INFO] ICC - RID:[1518038065821]-[SELECT]-[START]
[2018-02-07T15:14:25.831] [INFO] ICC - RID:[1518038065821]-[SELECT]-[END]:[OK]
[2018-02-07T15:14:25.831] [INFO] ICC - RID:[1518038065821]-[REQUEST]-[END]:[/getAllCotizacionXOrden]
[2018-02-07T15:14:27.155] [INFO] ICC - RID:[1518038067155]-[REQUEST]-[START]:[/getAllTipoServicio]
[2018-02-07T15:14:27.155] [INFO] ICC - RID:[1518038067155]-[SELECT]-[START]
[2018-02-07T15:14:27.167] [INFO] ICC - RID:[1518038067155]-[SELECT]-[END]:[OK]
[2018-02-07T15:14:27.167] [INFO] ICC - RID:[1518038067155]-[REQUEST]-[END]:[/getAllTipoServicio]
[2018-02-07T15:14:27.198] [INFO] ICC - RID:[1518038067198]-[REQUEST]-[START]:[/getAllSubZona]
[2018-02-07T15:14:27.198] [INFO] ICC - RID:[1518038067198]-[SELECT]-[START]
[2018-02-07T15:14:27.210] [INFO] ICC - RID:[1518038067198]-[SELECT]-[END]:[OK]
[2018-02-07T15:14:27.210] [INFO] ICC - RID:[1518038067198]-[REQUEST]-[END]:[/getAllSubZona]
[2018-02-07T15:14:27.289] [INFO] ICC - RID:[1518038067289]-[REQUEST]-[START]:[/getAllServicios]
[2018-02-07T15:14:27.290] [INFO] ICC - RID:[1518038067289]-[SELECT]-[START]
[2018-02-07T15:14:27.305] [INFO] ICC - RID:[1518038067289]-[SELECT]-[END]:[OK]
[2018-02-07T15:14:27.306] [INFO] ICC - RID:[1518038067289]-[REQUEST]-[END]:[/getAllServicios]
[2018-02-07T15:14:27.327] [INFO] ICC - RID:[1518038067327]-[REQUEST]-[START]:[/getAllProvedores]
[2018-02-07T15:14:27.327] [INFO] ICC - RID:[1518038067327]-[SELECT]-[START]
[2018-02-07T15:14:27.341] [INFO] ICC - RID:[1518038067327]-[SELECT]-[END]:[OK]
[2018-02-07T15:14:27.341] [INFO] ICC - RID:[1518038067327]-[REQUEST]-[END]:[/getAllProvedores]
[2018-02-07T15:14:27.480] [INFO] ICC - RID:[1518038067480]-[REQUEST]-[START]:[/getUnidadYPrecioUnitarioXServicio]
[2018-02-07T15:14:27.481] [INFO] ICC - RID:[1518038067480]-[SELECT]-[START]
[2018-02-07T15:14:27.496] [INFO] ICC - RID:[1518038067480]-[SELECT]-[END]:[OK]
[2018-02-07T15:14:27.496] [INFO] ICC - RID:[1518038067480]-[REQUEST]-[END]:[/getUnidadYPrecioUnitarioXServicio]
[2018-02-07T15:14:28.004] [INFO] ICC - RID:[1518038068004]-[REQUEST]-[START]:[/getAllTipoServicio]
[2018-02-07T15:14:28.004] [INFO] ICC - RID:[1518038068004]-[SELECT]-[START]
[2018-02-07T15:14:28.024] [INFO] ICC - RID:[1518038068004]-[SELECT]-[END]:[OK]
[2018-02-07T15:14:28.024] [INFO] ICC - RID:[1518038068004]-[REQUEST]-[END]:[/getAllTipoServicio]
[2018-02-07T15:14:28.188] [INFO] ICC - RID:[1518038068188]-[REQUEST]-[START]:[/getAllSubZona]
[2018-02-07T15:14:28.188] [INFO] ICC - RID:[1518038068188]-[SELECT]-[START]
[2018-02-07T15:14:28.201] [INFO] ICC - RID:[1518038068188]-[SELECT]-[END]:[OK]
[2018-02-07T15:14:28.201] [INFO] ICC - RID:[1518038068188]-[REQUEST]-[END]:[/getAllSubZona]
[2018-02-07T15:14:28.234] [INFO] ICC - RID:[1518038068233]-[REQUEST]-[START]:[/getAllServicios]
[2018-02-07T15:14:28.234] [INFO] ICC - RID:[1518038068233]-[SELECT]-[START]
[2018-02-07T15:14:28.244] [INFO] ICC - RID:[1518038068233]-[SELECT]-[END]:[OK]
[2018-02-07T15:14:28.245] [INFO] ICC - RID:[1518038068233]-[REQUEST]-[END]:[/getAllServicios]
[2018-02-07T15:14:28.359] [INFO] ICC - RID:[1518038068359]-[REQUEST]-[START]:[/getAllProvedores]
[2018-02-07T15:14:28.360] [INFO] ICC - RID:[1518038068359]-[SELECT]-[START]
[2018-02-07T15:14:28.375] [INFO] ICC - RID:[1518038068359]-[SELECT]-[END]:[OK]
[2018-02-07T15:14:28.375] [INFO] ICC - RID:[1518038068359]-[REQUEST]-[END]:[/getAllProvedores]
[2018-02-07T15:14:28.386] [INFO] ICC - RID:[1518038068386]-[REQUEST]-[START]:[/getUnidadYPrecioUnitarioXServicio]
[2018-02-07T15:14:28.386] [INFO] ICC - RID:[1518038068386]-[SELECT]-[START]
[2018-02-07T15:14:28.403] [INFO] ICC - RID:[1518038068386]-[SELECT]-[END]:[OK]
[2018-02-07T15:14:28.403] [INFO] ICC - RID:[1518038068386]-[REQUEST]-[END]:[/getUnidadYPrecioUnitarioXServicio]
[2018-02-07T15:14:30.070] [INFO] ICC - RID:[1518038070070]-[REQUEST]-[START]:[/addCotizacion]
[2018-02-07T15:14:30.070] [INFO] ICC - RID:[1518038070070]-[FREE-DML]-[START]
[2018-02-07T15:14:30.100] [INFO] ICC - RID:[1518038070070]-[FREE-DML]-[END]:[OK]
[2018-02-07T15:14:30.100] [INFO] ICC - RID:[1518038070070]-[REQUEST]-[END]:[/addCotizacion]
[2018-02-07T15:14:30.205] [INFO] ICC - RID:[1518038070205]-[REQUEST]-[START]:[/getAllCotizacionXOrden]
[2018-02-07T15:14:30.205] [INFO] ICC - RID:[1518038070205]-[SELECT]-[START]
[2018-02-07T15:14:30.218] [INFO] ICC - RID:[1518038070205]-[SELECT]-[END]:[OK]
[2018-02-07T15:14:30.218] [INFO] ICC - RID:[1518038070205]-[REQUEST]-[END]:[/getAllCotizacionXOrden]
[2018-02-07T15:14:31.556] [INFO] ICC - RID:[1518038071556]-[REQUEST]-[START]:[/setStatusOrdenServicio]
[2018-02-07T15:14:31.556] [INFO] ICC - RID:[1518038071556]-[FREE-DML]-[START]
[2018-02-07T15:14:31.603] [INFO] ICC - RID:[1518038071556]-[FREE-DML]-[END]:[OK]
[2018-02-07T15:14:31.603] [INFO] ICC - RID:[1518038071556]-[REQUEST]-[END]:[/setStatusOrdenServicio]
[2018-02-07T15:14:31.992] [INFO] ICC - RID:[1518038071992]-[REQUEST]-[START]:[/getAllOrdenServicio]
[2018-02-07T15:14:31.992] [INFO] ICC - RID:[1518038071992]-[SELECT]-[START]
[2018-02-07T15:14:32.012] [INFO] ICC - RID:[1518038071992]-[SELECT]-[END]:[OK]
[2018-02-07T15:14:32.012] [INFO] ICC - RID:[1518038071992]-[REQUEST]-[END]:[/getAllOrdenServicio]
[2018-02-07T15:14:33.281] [INFO] ICC - RID:[1518038073281]-[REQUEST]-[START]:[/getAllOrdenServicio]
[2018-02-07T15:14:33.282] [INFO] ICC - RID:[1518038073281]-[SELECT]-[START]
[2018-02-07T15:14:33.307] [INFO] ICC - RID:[1518038073281]-[SELECT]-[END]:[OK]
[2018-02-07T15:14:33.308] [INFO] ICC - RID:[1518038073281]-[REQUEST]-[END]:[/getAllOrdenServicio]
[2018-02-07T15:31:59.585] [INFO] ICC - RID:[1518039119585]-[REQUEST]-[START]:[/defaultSelect]
[2018-02-07T15:31:59.585] [INFO] ICC - RID:[1518039119585]-[SELECT]-[START]
[2018-02-07T15:31:59.612] [INFO] ICC - RID:[1518039119585]-[SELECT]-[END]:[OK]
[2018-02-07T15:31:59.612] [INFO] ICC - RID:[1518039119585]-[REQUEST]-[END]:[/defaultSelect]
[2018-02-07T15:31:59.808] [INFO] ICC - RID:[1518039119808]-[REQUEST]-[START]:[/getAllOrdenServicio]
[2018-02-07T15:31:59.808] [INFO] ICC - RID:[1518039119808]-[SELECT]-[START]
[2018-02-07T15:31:59.831] [INFO] ICC - RID:[1518039119808]-[SELECT]-[END]:[OK]
[2018-02-07T15:31:59.832] [INFO] ICC - RID:[1518039119808]-[REQUEST]-[END]:[/getAllOrdenServicio]
[2018-02-07T15:32:01.446] [INFO] ICC - RID:[1518039121446]-[REQUEST]-[START]:[/getAllOrdenServicio]
[2018-02-07T15:32:01.446] [INFO] ICC - RID:[1518039121446]-[SELECT]-[START]
[2018-02-07T15:32:01.464] [INFO] ICC - RID:[1518039121446]-[SELECT]-[END]:[OK]
[2018-02-07T15:32:01.464] [INFO] ICC - RID:[1518039121446]-[REQUEST]-[END]:[/getAllOrdenServicio]
