[2018-02-02T17:00:21.116] [INFO] ICC - RID:[1517612421116]-[REQUEST]-[START]:[/getAllOrdenServicio]
[2018-02-02T17:00:21.116] [INFO] ICC - RID:[1517612421116]-[SELECT]-[START]
[2018-02-02T17:00:21.116] [DEBUG] DCC - RID:[1517612421116]-[SELECT]-[QUERY]:[SELECT  
	    [ORD].[ID_ORDEN_SERVICIO]
      ,[ORD].[NUM_ORDEN]
      ,[ORD].[FECHA_SOLICITUD]
      ,[ORD].[DOMICILIO]
      ,[ORD].[FIRMA1_USER1]
      ,[ORD].[FIRMA1_USER2]
      ,[ORD].[FIRMA2_USER1]
      ,[ORD].[FIRMA2_USER2]
      ,[ORD].[ID_STATUS]
      ,[ORD].[METAINFO_FECHA_CREACION]
      ,[ORD].[METAINFO_IP]
      ,[ORD].[METAINFO_MAC_ADRR]
      ,[ORD].[LLAVE_SISTEMA]
      ,[ORD].[CIERRE_TOTAL]
	  
	   ,[CRED].[ID_CREDENCIAL]
      ,[CRED].[NOMBRE]
      ,[CRED].[CARGO]
      ,[CRED].[TELEFONO]
      ,[CRED].[EXT]
      ,[CRED].[EMAIL]
      ,[CRED].[PTT]
      ,[CRED].[MOVIL]
      ,[CRED].[USUARIO_NOMBRE]
      ,[CRED].[USUARIO_PASSWORD]
      ,[CRED].[ID_ROL]
      ,[CRED].[ID_CREDENCIAL_SUPERIOR]

	   ,[AUTH].[ID_AUTORIDAD]
      ,[AUTH].[NOMBRE_AUTORIDAD]
      ,[AUTH].[ESTADO]
      ,[AUTH].[NIVEL]
      ,[AUTH].[SERVICIO]
      ,[AUTH].[ID_ZONA] 
             ,[STATUS].[NOMBRE_STATUS]
  FROM 
  [SLOAA_TR_ORDEN_SERVICIO] [ORD]
 LEFT JOIN [SLOAA_TR_CREDENCIAL] [CRED] ON  [CRED].[ID_CREDENCIAL]=[ORD].[ID_CREDENCIAL]
 LEFT JOIN [SLOAA_TC_AUTORIDAD] [AUTH] ON  [AUTH].[ID_AUTORIDAD]=[CRED].[ID_AUTORIDAD]
 LEFT JOIN [dbo].[SLOAA_TC_STATUS] [STATUS] ON  [ORD].[ID_STATUS]=[STATUS].[ID_STATUS]
  WHERE
  1=1
 ]
[2018-02-02T17:00:21.146] [INFO] ICC - RID:[1517612421116]-[SELECT]-[END]:[OK]
[2018-02-02T17:00:21.146] [INFO] ICC - RID:[1517612421116]-[REQUEST]-[END]:[/getAllOrdenServicio]
[2018-02-02T17:00:48.513] [INFO] ICC - RID:[1517612448513]-[REQUEST]-[START]:[/defaultSelect]
[2018-02-02T17:00:48.513] [INFO] ICC - RID:[1517612448513]-[SELECT]-[START]
[2018-02-02T17:00:48.513] [DEBUG] DCC - RID:[1517612448513]-[SELECT]-[QUERY]:[SELECT [CRED].[ID_CREDENCIAL]
      ,[CRED].[NOMBRE]
      ,[CRED].[USUARIO_NOMBRE]
      ,[CRED].[ID_AUTORIDAD]
	  ,[AUTH].[NOMBRE_AUTORIDAD]
	  ,[AUTH].[ID_ZONA]
         ,[CRED].[ID_ROL]
	  ,[ROL].[NOMBRE_ROL]
	  ,[ROL].[PRIVILEGIOS]
      ,[CRED].[ID_CREDENCIAL_SUPERIOR]
  FROM [dbo].[SLOAA_TR_CREDENCIAL] [CRED]
  LEFT JOIN  [dbo].[SLOAA_TC_AUTORIDAD] [AUTH] ON [CRED].[ID_AUTORIDAD]=[AUTH].[ID_AUTORIDAD]
  LEFT JOIN  [dbo].[SLOAA_TS_ROL] [ROL] ON [CRED].[ID_ROL]=[ROL].[ID_ROL]
  
  WHERE 
	            [CRED].[USUARIO_NOMBRE]='carlos.palacios'
		AND [CRED].[USUARIO_PASSWORD]='12345']
[2018-02-02T17:00:48.534] [INFO] ICC - RID:[1517612448513]-[SELECT]-[END]:[OK]
[2018-02-02T17:00:48.534] [INFO] ICC - RID:[1517612448513]-[REQUEST]-[END]:[/defaultSelect]
[2018-02-02T17:00:48.756] [INFO] ICC - RID:[1517612448755]-[REQUEST]-[START]:[/getAllOrdenServicio]
[2018-02-02T17:00:48.756] [INFO] ICC - RID:[1517612448755]-[SELECT]-[START]
[2018-02-02T17:00:48.756] [DEBUG] DCC - RID:[1517612448755]-[SELECT]-[QUERY]:[SELECT  
	    [ORD].[ID_ORDEN_SERVICIO]
      ,[ORD].[NUM_ORDEN]
      ,[ORD].[FECHA_SOLICITUD]
      ,[ORD].[DOMICILIO]
      ,[ORD].[FIRMA1_USER1]
      ,[ORD].[FIRMA1_USER2]
      ,[ORD].[FIRMA2_USER1]
      ,[ORD].[FIRMA2_USER2]
      ,[ORD].[ID_STATUS]
      ,[ORD].[METAINFO_FECHA_CREACION]
      ,[ORD].[METAINFO_IP]
      ,[ORD].[METAINFO_MAC_ADRR]
      ,[ORD].[LLAVE_SISTEMA]
      ,[ORD].[CIERRE_TOTAL]
	  
	   ,[CRED].[ID_CREDENCIAL]
      ,[CRED].[NOMBRE]
      ,[CRED].[CARGO]
      ,[CRED].[TELEFONO]
      ,[CRED].[EXT]
      ,[CRED].[EMAIL]
      ,[CRED].[PTT]
      ,[CRED].[MOVIL]
      ,[CRED].[USUARIO_NOMBRE]
      ,[CRED].[USUARIO_PASSWORD]
      ,[CRED].[ID_ROL]
      ,[CRED].[ID_CREDENCIAL_SUPERIOR]

	   ,[AUTH].[ID_AUTORIDAD]
      ,[AUTH].[NOMBRE_AUTORIDAD]
      ,[AUTH].[ESTADO]
      ,[AUTH].[NIVEL]
      ,[AUTH].[SERVICIO]
      ,[AUTH].[ID_ZONA] 
             ,[STATUS].[NOMBRE_STATUS]
  FROM 
  [SLOAA_TR_ORDEN_SERVICIO] [ORD]
 LEFT JOIN [SLOAA_TR_CREDENCIAL] [CRED] ON  [CRED].[ID_CREDENCIAL]=[ORD].[ID_CREDENCIAL]
 LEFT JOIN [SLOAA_TC_AUTORIDAD] [AUTH] ON  [AUTH].[ID_AUTORIDAD]=[CRED].[ID_AUTORIDAD]
 LEFT JOIN [dbo].[SLOAA_TC_STATUS] [STATUS] ON  [ORD].[ID_STATUS]=[STATUS].[ID_STATUS]
  WHERE
  1=1
 ]
[2018-02-02T17:00:48.776] [INFO] ICC - RID:[1517612448755]-[SELECT]-[END]:[OK]
[2018-02-02T17:00:48.776] [INFO] ICC - RID:[1517612448755]-[REQUEST]-[END]:[/getAllOrdenServicio]
[2018-02-02T17:00:52.540] [INFO] ICC - RID:[1517612452540]-[REQUEST]-[START]:[/createOrdenServicio]
[2018-02-02T17:00:52.540] [INFO] ICC - RID:[1517612452540]-[SELECT]-[START]
[2018-02-02T17:00:52.540] [DEBUG] DCC - RID:[1517612452540]-[SELECT]-[QUERY]:[SELECT [ID_AUTORIDAD]
      ,[NOMBRE_AUTORIDAD]
      ,[ESTADO]
      ,[NIVEL]
      ,[SERVICIO]
      ,[ID_ZONA]
  FROM [SOA_db].[dbo].[SLOAA_TC_AUTORIDAD]
  WHERE  [ID_AUTORIDAD]=103]
[2018-02-02T17:00:52.558] [INFO] ICC - RID:[1517612452540]-[SELECT]-[END]:[OK]
[2018-02-02T17:00:52.558] [INFO] ICC - RID:[1517612452540]-[SELECT]-[START]
[2018-02-02T17:00:52.558] [DEBUG] DCC - RID:[1517612452540]-[SELECT]-[QUERY]:[SELECT
	CASE
	WHEN  MAX([ORD].[NUM_ORDEN]) IS NULL THEN 1
	ELSE MAX([ORD].[NUM_ORDEN])+1
	END  NEW_ORDEN
      
  FROM [dbo].[SLOAA_TR_ORDEN_SERVICIO] [ORD]
  LEFT JOIN [dbo].[SLOAA_TR_CREDENCIAL] [CRED] ON [ORD].[ID_CREDENCIAL]=[CRED].[ID_CREDENCIAL]
  WHERE
  1=1
	AND YEAR([ORD].[METAINFO_FECHA_CREACION])= YEAR(GetDate()) 
	AND [CRED].[ID_AUTORIDAD]=103]
[2018-02-02T17:00:52.580] [INFO] ICC - RID:[1517612452540]-[SELECT]-[END]:[OK]
[2018-02-02T17:00:52.580] [INFO] ICC - RID:[1517612452540]-[FREE-DML]-[START]
[2018-02-02T17:00:52.580] [DEBUG] DCC - RID:[1517612452540]-[FREE-DML]-[DML]:[INSERT INTO [dbo].[SLOAA_TR_ORDEN_SERVICIO]
  (
		
       [ORD].[NUM_ORDEN]
      ,[ORD].[FECHA_SOLICITUD]
      ,[ORD].[ID_CREDENCIAL]
      ,[ORD].[DOMICILIO]
      ,[ORD].[ID_STATUS]
      ,[ORD].[METAINFO_FECHA_CREACION]
      ,[ORD].[METAINFO_IP]
      ,[ORD].[METAINFO_MAC_ADRR]
      ,[ORD].[LLAVE_SISTEMA]
	  )
	  VALUES
	  (
	    42,
		'2018-02-02T23:00:00.000Z',
		1,
		'hola',
		1,
		'2018-02-02T23:00:52.540Z',
		'::1',
		' ????????',
		'TNRS-Ciudad de México -AORS 6 Ciudad de México -2018-42'
	  )]
[2018-02-02T17:00:52.602] [INFO] ICC - RID:[1517612452540]-[FREE-DML]-[END]:[OK]
[2018-02-02T17:00:52.602] [INFO] ICC - RID:[1517612452540]-[SELECT]-[START]
[2018-02-02T17:00:52.602] [DEBUG] DCC - RID:[1517612452540]-[SELECT]-[QUERY]:[SELECT 
       [ID_ORDEN_SERVICIO]
      ,[NUM_ORDEN]
      ,[FECHA_SOLICITUD]
      ,[ID_CREDENCIAL]
      ,[DOMICILIO]
      ,[FIRMA1_USER1]
      ,[FIRMA1_USER2]
      ,[FIRMA2_USER1]
      ,[FIRMA2_USER2]
      ,[ID_STATUS]
      ,[METAINFO_FECHA_CREACION]
      ,[METAINFO_IP]
      ,[METAINFO_MAC_ADRR]
      ,[LLAVE_SISTEMA]
  FROM [SOA_db].[dbo].[SLOAA_TR_ORDEN_SERVICIO]
  WHERE [METAINFO_FECHA_CREACION]='2018-02-02T23:00:52.540Z']
[2018-02-02T17:00:52.642] [INFO] ICC - RID:[1517612452540]-[SELECT]-[END]:[OK]
[2018-02-02T17:00:52.643] [INFO] ICC - RID:[1517612452540]-[REQUEST]-[END]:[/createOrdenServicio]
[2018-02-02T17:00:53.049] [INFO] ICC - RID:[1517612453049]-[REQUEST]-[START]:[/getAllCotizacionXOrden]
[2018-02-02T17:00:53.049] [DEBUG] DCC - {"missing":[{"requiredFieldName":"idOrdenServicio","requiredFieldType":"string"}]}
[2018-02-02T17:00:53.049] [ERROR] ECC - RID:[1517612453049]-[REQUEST]-[ERROR]:[Input parameter problem.]:[/getAllCotizacionXOrden]
