[2018-02-02T17:00:21.116] [INFO] ICC - RID:[1517612421116]-[REQUEST]-[START]:[/getAllOrdenServicio]
[2018-02-02T17:00:21.116] [INFO] ICC - RID:[1517612421116]-[SELECT]-[START]
[2018-02-02T17:00:21.146] [INFO] ICC - RID:[1517612421116]-[SELECT]-[END]:[OK]
[2018-02-02T17:00:21.146] [INFO] ICC - RID:[1517612421116]-[REQUEST]-[END]:[/getAllOrdenServicio]
[2018-02-02T17:00:48.513] [INFO] ICC - RID:[1517612448513]-[REQUEST]-[START]:[/defaultSelect]
[2018-02-02T17:00:48.513] [INFO] ICC - RID:[1517612448513]-[SELECT]-[START]
[2018-02-02T17:00:48.534] [INFO] ICC - RID:[1517612448513]-[SELECT]-[END]:[OK]
[2018-02-02T17:00:48.534] [INFO] ICC - RID:[1517612448513]-[REQUEST]-[END]:[/defaultSelect]
[2018-02-02T17:00:48.756] [INFO] ICC - RID:[1517612448755]-[REQUEST]-[START]:[/getAllOrdenServicio]
[2018-02-02T17:00:48.756] [INFO] ICC - RID:[1517612448755]-[SELECT]-[START]
[2018-02-02T17:00:48.776] [INFO] ICC - RID:[1517612448755]-[SELECT]-[END]:[OK]
[2018-02-02T17:00:48.776] [INFO] ICC - RID:[1517612448755]-[REQUEST]-[END]:[/getAllOrdenServicio]
[2018-02-02T17:00:52.540] [INFO] ICC - RID:[1517612452540]-[REQUEST]-[START]:[/createOrdenServicio]
[2018-02-02T17:00:52.540] [INFO] ICC - RID:[1517612452540]-[SELECT]-[START]
[2018-02-02T17:00:52.558] [INFO] ICC - RID:[1517612452540]-[SELECT]-[END]:[OK]
[2018-02-02T17:00:52.558] [INFO] ICC - RID:[1517612452540]-[SELECT]-[START]
[2018-02-02T17:00:52.580] [INFO] ICC - RID:[1517612452540]-[SELECT]-[END]:[OK]
[2018-02-02T17:00:52.580] [INFO] ICC - RID:[1517612452540]-[FREE-DML]-[START]
[2018-02-02T17:00:52.602] [INFO] ICC - RID:[1517612452540]-[FREE-DML]-[END]:[OK]
[2018-02-02T17:00:52.602] [INFO] ICC - RID:[1517612452540]-[SELECT]-[START]
[2018-02-02T17:00:52.642] [INFO] ICC - RID:[1517612452540]-[SELECT]-[END]:[OK]
[2018-02-02T17:00:52.643] [INFO] ICC - RID:[1517612452540]-[REQUEST]-[END]:[/createOrdenServicio]
[2018-02-02T17:00:53.049] [INFO] ICC - RID:[1517612453049]-[REQUEST]-[START]:[/getAllCotizacionXOrden]
[2018-02-02T17:00:53.049] [ERROR] ECC - RID:[1517612453049]-[REQUEST]-[ERROR]:[Input parameter problem.]:[/getAllCotizacionXOrden]
