[2018-02-07T16:38:24.109] [INFO] ICC - [BACKEND]-[WEBSERVICES] init on port:[3000]
[2018-02-07T16:38:31.258] [INFO] ICC - RID:[1518043111258]-[REQUEST]-[START]:[/defaultSelect]
[2018-02-07T16:38:31.259] [INFO] ICC - RID:[1518043111258]-[SELECT]-[START]
[2018-02-07T16:38:31.259] [DEBUG] DCC - RID:[1518043111258]-[SELECT]-[QUERY]:[SELECT [CRED].[ID_CREDENCIAL]
      ,[CRED].[NOMBRE]
      ,[CRED].[USUARIO_NOMBRE]
      ,[CRED].[ID_AUTORIDAD]
	  ,[AUTH].[NOMBRE_AUTORIDAD]
	  ,[AUTH].[ID_ZONA]
         ,[CRED].[ID_ROL]
	  ,[ROL].[NOMBRE_ROL]
	  ,[ROL].[PRIVILEGIOS]
      ,[CRED].[ID_CREDENCIAL_SUPERIOR]
  FROM [dbo].[SLOAA_TR_CREDENCIAL] [CRED]
  LEFT JOIN  [dbo].[SLOAA_TC_AUTORIDAD] [AUTH] ON [CRED].[ID_AUTORIDAD]=[AUTH].[ID_AUTORIDAD]
  LEFT JOIN  [dbo].[SLOAA_TS_ROL] [ROL] ON [CRED].[ID_ROL]=[ROL].[ID_ROL]
  
  WHERE 
	            [CRED].[USUARIO_NOMBRE]='carlos.palacios'
		AND [CRED].[USUARIO_PASSWORD]='qwe321']
[2018-02-07T16:38:31.311] [INFO] ICC - RID:[1518043111258]-[SELECT]-[END]:[OK]
[2018-02-07T16:38:31.312] [INFO] ICC - RID:[1518043111258]-[REQUEST]-[END]:[/defaultSelect]
[2018-02-07T16:38:31.539] [INFO] ICC - RID:[1518043111539]-[REQUEST]-[START]:[/getAllOrdenServicio]
[2018-02-07T16:38:31.540] [INFO] ICC - RID:[1518043111539]-[SELECT]-[START]
[2018-02-07T16:38:31.540] [DEBUG] DCC - RID:[1518043111539]-[SELECT]-[QUERY]:[SELECT  
	    [ORD].[ID_ORDEN_SERVICIO]
      ,[ORD].[NUM_ORDEN]
      ,[ORD].[FECHA_SOLICITUD]
      ,[ORD].[DOMICILIO]
      ,[ORD].[FIRMA1_USER1]
      ,[ORD].[FIRMA1_USER2]
      ,[ORD].[FIRMA2_USER1]
      ,[ORD].[FIRMA2_USER2]
      ,[ORD].[ID_STATUS]
      ,[ORD].[METAINFO_FECHA_CREACION]
      ,[ORD].[METAINFO_IP]
      ,[ORD].[METAINFO_MAC_ADRR]
      ,[ORD].[LLAVE_SISTEMA]
      ,[ORD].[CIERRE_TOTAL]
	  
	   ,[CRED].[ID_CREDENCIAL]
      ,[CRED].[NOMBRE]
      ,[CRED].[CARGO]
      ,[CRED].[TELEFONO]
      ,[CRED].[EXT]
      ,[CRED].[EMAIL]
      ,[CRED].[PTT]
      ,[CRED].[MOVIL]
      ,[CRED].[USUARIO_NOMBRE]
      ,[CRED].[ID_ROL]
      ,[CRED].[ID_CREDENCIAL_SUPERIOR]

	   ,[AUTH].[ID_AUTORIDAD]
      ,[AUTH].[NOMBRE_AUTORIDAD]
      ,[AUTH].[ESTADO]
      ,[AUTH].[NIVEL]
      ,[AUTH].[SERVICIO]
      ,[AUTH].[ID_ZONA] 
             ,[STATUS].[NOMBRE_STATUS]
  FROM 
  [SLOAA_TR_ORDEN_SERVICIO] [ORD]
 LEFT JOIN [SLOAA_TR_CREDENCIAL] [CRED] ON  [CRED].[ID_CREDENCIAL]=[ORD].[ID_CREDENCIAL]
 LEFT JOIN [SLOAA_TC_AUTORIDAD] [AUTH] ON  [AUTH].[ID_AUTORIDAD]=[CRED].[ID_AUTORIDAD]
 LEFT JOIN [dbo].[SLOAA_TC_STATUS] [STATUS] ON  [ORD].[ID_STATUS]=[STATUS].[ID_STATUS]
  WHERE
  1=1
 ]
[2018-02-07T16:38:31.560] [INFO] ICC - RID:[1518043111539]-[SELECT]-[END]:[OK]
[2018-02-07T16:38:31.560] [INFO] ICC - RID:[1518043111539]-[REQUEST]-[END]:[/getAllOrdenServicio]
[2018-02-07T16:38:37.405] [INFO] ICC - RID:[1518043117405]-[REQUEST]-[START]:[/getAllCotizacionXOrden]
[2018-02-07T16:38:37.405] [INFO] ICC - RID:[1518043117405]-[SELECT]-[START]
[2018-02-07T16:38:37.405] [DEBUG] DCC - RID:[1518043117405]-[SELECT]-[QUERY]:[SELECT COT.ID_SERVICIO_COTIZACION, COT.ID_ORDEN_SERVICIO, COT.ID_TIPO_SERVICIO, COT.ID_SERVICIO, COT.ID_UNIDAD, COT.ID_ZONA, COT.ID_SUBZONA, COT.ID_PRESTADOR_SERVICIO, COT.PRECIO_UNITARIO, COT.CANTIDAD, COT.COTIZACION, COT.DEDUCCION, COT.DEDUCCION_JUSTIFICACION, COT.PRECIO_SERVICIO_FINAL, SERV.NOMBRE_SERVICIO, TIPO.TIPO, PRES.NOMBRE, SUBZ.SUBZONA, ZONA.ZONA FROM SLOAA_TR_SERVICIO_COTIZACION COT INNER JOIN SLOAA_TR_PRECIO_UNITARIO UNIT ON COT.ID_TIPO_SERVICIO = UNIT.ID_TIPO_SERVICIO AND COT.ID_SERVICIO = UNIT.ID_SERVICIO AND COT.ID_UNIDAD = UNIT.ID_UNIDAD INNER JOIN SLOAA_TC_SERVICIO SERV ON SERV.ID_SERVICIO = UNIT.ID_SERVICIO AND SERV.ID_SERVICIO = UNIT.ID_SERVICIO INNER JOIN SLOAA_TC_TIPO_SERVICIO TIPO ON TIPO.ID_TIPO_SERVICIO = SERV.ID_TIPO_SERVICIO INNER JOIN SLOAA_TC_PRESTADOR_SERVICIOS_X_SERVICIO PRESERV ON PRESERV.ID_PRESTADOR_SERVICIO = COT.ID_PRESTADOR_SERVICIO AND PRESERV.ID_TIPO_SERVICIO = COT.ID_TIPO_SERVICIO AND PRESERV.ID_SERVICIO = COT.ID_SERVICIO INNER JOIN SLOAA_TC_PRESTADOR_SERVICIOS PRES ON PRES.ID_PRESTADOR_SERVICIO = PRESERV.ID_PRESTADOR_SERVICIO AND PRES.ID_ZONA = PRESERV.ID_ZONA AND PRES.ID_SUBZONA = PRESERV.ID_SUBZONA INNER JOIN SLOAA_TC_SUBZONA SUBZ ON SUBZ.ID_ZONA = PRES.ID_ZONA AND SUBZ.ID_SUBZONA = PRES.ID_SUBZONA INNER JOIN SLOAA_TC_ZONA ZONA ON ZONA.ID_ZONA = SUBZ.ID_ZONA 
                        WHERE ID_ORDEN_SERVICIO =269]
[2018-02-07T16:38:37.448] [INFO] ICC - RID:[1518043117405]-[SELECT]-[END]:[OK]
[2018-02-07T16:38:37.449] [INFO] ICC - RID:[1518043117405]-[REQUEST]-[END]:[/getAllCotizacionXOrden]
[2018-02-07T16:38:41.331] [INFO] ICC - RID:[1518043121331]-[REQUEST]-[START]:[/getAllOrdenServicio]
[2018-02-07T16:38:41.332] [INFO] ICC - RID:[1518043121331]-[SELECT]-[START]
[2018-02-07T16:38:41.332] [DEBUG] DCC - RID:[1518043121331]-[SELECT]-[QUERY]:[SELECT  
[ORD].[FIRMA1_USERNAME1],[ORD].[FIRMA1_USERNAME2],[ORD].[FIRMA2_USERNAME1],[ORD].[FIRMA2_USERNAME2]  FROM 
  [SLOAA_TR_ORDEN_SERVICIO] [ORD]
 LEFT JOIN [SLOAA_TR_CREDENCIAL] [CRED] ON  [CRED].[ID_CREDENCIAL]=[ORD].[ID_CREDENCIAL]
 LEFT JOIN [SLOAA_TC_AUTORIDAD] [AUTH] ON  [AUTH].[ID_AUTORIDAD]=[CRED].[ID_AUTORIDAD]
  WHERE
  1=1 AND [ORD].[ID_ORDEN_SERVICIO]=269   AND  [AUTH].[ID_AUTORIDAD]=103
    AND  ([CRED].[ID_CREDENCIAL]=1   OR  [CRED].[ID_CREDENCIAL_SUPERIOR]=1    )
 ]
[2018-02-07T16:38:41.359] [INFO] ICC - RID:[1518043121331]-[SELECT]-[END]:[OK]
[2018-02-07T16:38:41.359] [INFO] ICC - RID:[1518043121331]-[REQUEST]-[END]:[/getAllOrdenServicio]
[2018-02-07T16:38:42.718] [INFO] ICC - RID:[1518043122718]-[REQUEST]-[START]:[/getAllOrdenServicio]
[2018-02-07T16:38:42.718] [INFO] ICC - RID:[1518043122718]-[SELECT]-[START]
[2018-02-07T16:38:42.718] [DEBUG] DCC - RID:[1518043122718]-[SELECT]-[QUERY]:[SELECT  
	    [ORD].[ID_ORDEN_SERVICIO]
      ,[ORD].[NUM_ORDEN]
      ,[ORD].[FECHA_SOLICITUD]
      ,[ORD].[DOMICILIO]
      ,[ORD].[FIRMA1_USER1]
      ,[ORD].[FIRMA1_USER2]
      ,[ORD].[FIRMA2_USER1]
      ,[ORD].[FIRMA2_USER2]
      ,[ORD].[ID_STATUS]
      ,[ORD].[METAINFO_FECHA_CREACION]
      ,[ORD].[METAINFO_IP]
      ,[ORD].[METAINFO_MAC_ADRR]
      ,[ORD].[LLAVE_SISTEMA]
      ,[ORD].[CIERRE_TOTAL]
	  
	   ,[CRED].[ID_CREDENCIAL]
      ,[CRED].[NOMBRE]
      ,[CRED].[CARGO]
      ,[CRED].[TELEFONO]
      ,[CRED].[EXT]
      ,[CRED].[EMAIL]
      ,[CRED].[PTT]
      ,[CRED].[MOVIL]
      ,[CRED].[USUARIO_NOMBRE]
      ,[CRED].[ID_ROL]
      ,[CRED].[ID_CREDENCIAL_SUPERIOR]

	   ,[AUTH].[ID_AUTORIDAD]
      ,[AUTH].[NOMBRE_AUTORIDAD]
      ,[AUTH].[ESTADO]
      ,[AUTH].[NIVEL]
      ,[AUTH].[SERVICIO]
      ,[AUTH].[ID_ZONA] 
             ,[STATUS].[NOMBRE_STATUS]
  FROM 
  [SLOAA_TR_ORDEN_SERVICIO] [ORD]
 LEFT JOIN [SLOAA_TR_CREDENCIAL] [CRED] ON  [CRED].[ID_CREDENCIAL]=[ORD].[ID_CREDENCIAL]
 LEFT JOIN [SLOAA_TC_AUTORIDAD] [AUTH] ON  [AUTH].[ID_AUTORIDAD]=[CRED].[ID_AUTORIDAD]
 LEFT JOIN [dbo].[SLOAA_TC_STATUS] [STATUS] ON  [ORD].[ID_STATUS]=[STATUS].[ID_STATUS]
  WHERE
  1=1
 ]
[2018-02-07T16:38:42.735] [INFO] ICC - RID:[1518043122718]-[SELECT]-[END]:[OK]
[2018-02-07T16:38:42.735] [INFO] ICC - RID:[1518043122718]-[REQUEST]-[END]:[/getAllOrdenServicio]
[2018-02-07T16:38:47.397] [INFO] ICC - RID:[1518043127397]-[REQUEST]-[START]:[/getAllOrdenServicio]
[2018-02-07T16:38:47.398] [INFO] ICC - RID:[1518043127397]-[SELECT]-[START]
[2018-02-07T16:38:47.398] [DEBUG] DCC - RID:[1518043127397]-[SELECT]-[QUERY]:[SELECT  
	    [ORD].[ID_ORDEN_SERVICIO]
      ,[ORD].[NUM_ORDEN]
      ,[ORD].[FECHA_SOLICITUD]
      ,[ORD].[DOMICILIO]
      ,[ORD].[FIRMA1_USER1]
      ,[ORD].[FIRMA1_USER2]
      ,[ORD].[FIRMA2_USER1]
      ,[ORD].[FIRMA2_USER2]
      ,[ORD].[ID_STATUS]
      ,[ORD].[METAINFO_FECHA_CREACION]
      ,[ORD].[METAINFO_IP]
      ,[ORD].[METAINFO_MAC_ADRR]
      ,[ORD].[LLAVE_SISTEMA]
      ,[ORD].[CIERRE_TOTAL]
	  
	   ,[CRED].[ID_CREDENCIAL]
      ,[CRED].[NOMBRE]
      ,[CRED].[CARGO]
      ,[CRED].[TELEFONO]
      ,[CRED].[EXT]
      ,[CRED].[EMAIL]
      ,[CRED].[PTT]
      ,[CRED].[MOVIL]
      ,[CRED].[USUARIO_NOMBRE]
      ,[CRED].[ID_ROL]
      ,[CRED].[ID_CREDENCIAL_SUPERIOR]

	   ,[AUTH].[ID_AUTORIDAD]
      ,[AUTH].[NOMBRE_AUTORIDAD]
      ,[AUTH].[ESTADO]
      ,[AUTH].[NIVEL]
      ,[AUTH].[SERVICIO]
      ,[AUTH].[ID_ZONA] 
             ,[STATUS].[NOMBRE_STATUS]
  FROM 
  [SLOAA_TR_ORDEN_SERVICIO] [ORD]
 LEFT JOIN [SLOAA_TR_CREDENCIAL] [CRED] ON  [CRED].[ID_CREDENCIAL]=[ORD].[ID_CREDENCIAL]
 LEFT JOIN [SLOAA_TC_AUTORIDAD] [AUTH] ON  [AUTH].[ID_AUTORIDAD]=[CRED].[ID_AUTORIDAD]
 LEFT JOIN [dbo].[SLOAA_TC_STATUS] [STATUS] ON  [ORD].[ID_STATUS]=[STATUS].[ID_STATUS]
  WHERE
  1=1
 ]
[2018-02-07T16:38:47.414] [INFO] ICC - RID:[1518043127397]-[SELECT]-[END]:[OK]
[2018-02-07T16:38:47.414] [INFO] ICC - RID:[1518043127397]-[REQUEST]-[END]:[/getAllOrdenServicio]
[2018-02-07T16:38:49.568] [INFO] ICC - RID:[1518043129568]-[REQUEST]-[START]:[/createOrdenServicio]
[2018-02-07T16:38:49.569] [INFO] ICC - RID:[1518043129568]-[SELECT]-[START]
[2018-02-07T16:38:49.569] [DEBUG] DCC - RID:[1518043129568]-[SELECT]-[QUERY]:[SELECT [ID_AUTORIDAD]
      ,[NOMBRE_AUTORIDAD]
      ,[ESTADO]
      ,[NIVEL]
      ,[SERVICIO]
      ,[ID_ZONA]
  FROM [SOA_db].[dbo].[SLOAA_TC_AUTORIDAD]
  WHERE  [ID_AUTORIDAD]=103]
[2018-02-07T16:38:49.582] [INFO] ICC - RID:[1518043129568]-[SELECT]-[END]:[OK]
[2018-02-07T16:38:49.583] [INFO] ICC - RID:[1518043129568]-[SELECT]-[START]
[2018-02-07T16:38:49.583] [DEBUG] DCC - RID:[1518043129568]-[SELECT]-[QUERY]:[SELECT
	CASE
	WHEN  MAX([ORD].[NUM_ORDEN]) IS NULL THEN 1
	ELSE MAX([ORD].[NUM_ORDEN])+1
	END  NEW_ORDEN
      
  FROM [dbo].[SLOAA_TR_ORDEN_SERVICIO] [ORD]
  LEFT JOIN [dbo].[SLOAA_TR_CREDENCIAL] [CRED] ON [ORD].[ID_CREDENCIAL]=[CRED].[ID_CREDENCIAL]
  WHERE
  1=1
	AND YEAR([ORD].[METAINFO_FECHA_CREACION])= YEAR(GetDate()) 
	AND [CRED].[ID_AUTORIDAD]=103]
[2018-02-07T16:38:49.597] [INFO] ICC - RID:[1518043129568]-[SELECT]-[END]:[OK]
[2018-02-07T16:38:49.598] [INFO] ICC - RID:[1518043129568]-[FREE-DML]-[START]
[2018-02-07T16:38:49.598] [DEBUG] DCC - RID:[1518043129568]-[FREE-DML]-[DML]:[INSERT INTO [dbo].[SLOAA_TR_ORDEN_SERVICIO]
  (
		
       [ORD].[NUM_ORDEN]
      ,[ORD].[FECHA_SOLICITUD]
      ,[ORD].[ID_CREDENCIAL]
      ,[ORD].[DOMICILIO]
      ,[ORD].[ID_STATUS]
      ,[ORD].[METAINFO_FECHA_CREACION]
      ,[ORD].[METAINFO_IP]
      ,[ORD].[METAINFO_MAC_ADRR]
      ,[ORD].[LLAVE_SISTEMA]
	  )
	  VALUES
	  (
	    1,
		'2018-02-07T22:38:00.000Z',
		1,
		'test',
		1,
		'2018-02-07T22:38:49.569Z',
		'::1',
		' ????????',
		'TNRS-Ciudad de México -AORS 6 Ciudad de México -2018-1'
	  )]
[2018-02-07T16:38:49.615] [INFO] ICC - RID:[1518043129568]-[FREE-DML]-[END]:[OK]
[2018-02-07T16:38:49.615] [INFO] ICC - RID:[1518043129568]-[SELECT]-[START]
[2018-02-07T16:38:49.615] [DEBUG] DCC - RID:[1518043129568]-[SELECT]-[QUERY]:[SELECT 
       [ID_ORDEN_SERVICIO]
      ,[NUM_ORDEN]
      ,[FECHA_SOLICITUD]
      ,[ID_CREDENCIAL]
      ,[DOMICILIO]
      ,[FIRMA1_USER1]
      ,[FIRMA1_USER2]
      ,[FIRMA2_USER1]
      ,[FIRMA2_USER2]
      ,[ID_STATUS]
      ,[METAINFO_FECHA_CREACION]
      ,[METAINFO_IP]
      ,[METAINFO_MAC_ADRR]
      ,[LLAVE_SISTEMA]
  FROM [SOA_db].[dbo].[SLOAA_TR_ORDEN_SERVICIO]
  WHERE [METAINFO_FECHA_CREACION]='2018-02-07T22:38:49.569Z']
[2018-02-07T16:38:49.637] [INFO] ICC - RID:[1518043129568]-[SELECT]-[END]:[OK]
[2018-02-07T16:38:49.637] [INFO] ICC - RID:[1518043129568]-[REQUEST]-[END]:[/createOrdenServicio]
[2018-02-07T16:38:50.031] [INFO] ICC - RID:[1518043130031]-[REQUEST]-[START]:[/getAllCotizacionXOrden]
[2018-02-07T16:38:50.031] [DEBUG] DCC - {"missing":[{"requiredFieldName":"idOrdenServicio","requiredFieldType":"string"}]}
[2018-02-07T16:38:50.031] [ERROR] ECC - RID:[1518043130031]-[REQUEST]-[ERROR]:[Input parameter problem.]:[/getAllCotizacionXOrden]
[2018-02-07T16:38:50.106] [INFO] ICC - RID:[1518043130105]-[REQUEST]-[START]:[/getAllTipoServicio]
[2018-02-07T16:38:50.106] [INFO] ICC - RID:[1518043130105]-[SELECT]-[START]
[2018-02-07T16:38:50.106] [DEBUG] DCC - RID:[1518043130105]-[SELECT]-[QUERY]:[SELECT 
 DISTINCT([SEL].[ID_TIPO_SERVICIO]),
		  [SEL].[TIPO]
 FROM  (
		SELECT [PSXS].[ID_PRESTADOR_SERVICIO]
			  ,[PSXS].[ID_ZONA]
			  ,[PSXS].[ID_SUBZONA]
			  ,[PSXS].[ID_TIPO_SERVICIO]
			  ,[TS].[TIPO]
			  ,[PSXS].[ID_SERVICIO]
		  FROM [SLOAA_TC_PRESTADOR_SERVICIOS_X_SERVICIO] [PSXS]
		  LEFT JOIN [SLOAA_TC_TIPO_SERVICIO] [TS] ON [PSXS].[ID_TIPO_SERVICIO]=[TS].[ID_TIPO_SERVICIO]
		  WHERE 
		  1=1
		  AND [PSXS].[ID_ZONA]=3
  )[SEL] ]
[2018-02-07T16:38:50.129] [INFO] ICC - RID:[1518043130105]-[SELECT]-[END]:[OK]
[2018-02-07T16:38:50.129] [INFO] ICC - RID:[1518043130105]-[REQUEST]-[END]:[/getAllTipoServicio]
[2018-02-07T16:38:50.455] [INFO] ICC - RID:[1518043130455]-[REQUEST]-[START]:[/getAllSubZona]
[2018-02-07T16:38:50.455] [INFO] ICC - RID:[1518043130455]-[SELECT]-[START]
[2018-02-07T16:38:50.455] [DEBUG] DCC - RID:[1518043130455]-[SELECT]-[QUERY]:[SELECT [ID_SUBZONA],[SUBZONA] FROM [SLOAA_TC_SUBZONA] WHERE 1=1 AND [ID_ZONA]=3]
[2018-02-07T16:38:50.473] [INFO] ICC - RID:[1518043130455]-[SELECT]-[END]:[OK]
[2018-02-07T16:38:50.474] [INFO] ICC - RID:[1518043130455]-[REQUEST]-[END]:[/getAllSubZona]
[2018-02-07T16:38:50.713] [INFO] ICC - RID:[1518043130713]-[REQUEST]-[START]:[/getAllServicios]
[2018-02-07T16:38:50.714] [INFO] ICC - RID:[1518043130713]-[SELECT]-[START]
[2018-02-07T16:38:50.714] [DEBUG] DCC - RID:[1518043130713]-[SELECT]-[QUERY]:[SELECT 
 DISTINCT([SEL].[ID_SERVICIO]),
		  [SEL].[NOMBRE_SERVICIO]
 FROM  (
		SELECT [PSXS].[ID_PRESTADOR_SERVICIO]
			  ,[PSXS].[ID_ZONA]
			  ,[PSXS].[ID_SUBZONA]
			  ,[PSXS].[ID_TIPO_SERVICIO]
			  ,[PSXS].[ID_SERVICIO]
			  ,[SERV].[NOMBRE_SERVICIO]
		  FROM [SLOAA_TC_PRESTADOR_SERVICIOS_X_SERVICIO] [PSXS]
		  LEFT JOIN [SLOAA_TC_SERVICIO] [SERV] ON [PSXS].[ID_SERVICIO]=[SERV].[ID_SERVICIO]
		  WHERE 
		  1=1
		  AND [PSXS].[ID_ZONA]=3
		  AND [PSXS].[ID_SUBZONA]=1
		  AND [PSXS].[ID_TIPO_SERVICIO]=1
  )[SEL]]
[2018-02-07T16:38:50.734] [INFO] ICC - RID:[1518043130713]-[SELECT]-[END]:[OK]
[2018-02-07T16:38:50.734] [INFO] ICC - RID:[1518043130713]-[REQUEST]-[END]:[/getAllServicios]
[2018-02-07T16:38:50.973] [INFO] ICC - RID:[1518043130973]-[REQUEST]-[START]:[/getPrefacturaMensual]
[2018-02-07T16:38:50.973] [INFO] ICC - RID:[1518043130973]-[SELECT]-[START]
[2018-02-07T16:38:50.973] [DEBUG] DCC - RID:[1518043130973]-[SELECT]-[QUERY]:[SELECT 
	  [SERV].*
	, [ORD].* 
	, [UNI].* 
	, [SS].* 
	, [CRED].* 
	, [AUTH].* 
FROM [SLOAA_TR_SERVICIO_COTIZACION] [SERV]
LEFT JOIN [SLOAA_TR_ORDEN_SERVICIO] [ORD] ON  [SERV].[ID_ORDEN_SERVICIO]=[ORD].[ID_ORDEN_SERVICIO]
LEFT JOIN [SLOAA_TC_UNIDAD] [UNI] ON  [SERV].[ID_UNIDAD]=[UNI].[ID_UNIDAD]
LEFT JOIN [SLOAA_TC_SERVICIO] [SS] ON  [SERV].[ID_SERVICIO]=[SS].[ID_SERVICIO] and [SERV].[ID_TIPO_SERVICIO]=[SS].[ID_TIPO_SERVICIO]
LEFT JOIN [SLOAA_TR_CREDENCIAL] [CRED] ON  [CRED].[ID_CREDENCIAL]=[ORD].[ID_CREDENCIAL]
LEFT JOIN [SLOAA_TC_AUTORIDAD] [AUTH] ON  [AUTH].[ID_AUTORIDAD]=[CRED].[ID_AUTORIDAD]

WHERE 
1=1
AND [ORD].[ID_STATUS]=7 
 AND MONTH([ORD].[FECHA_SOLICITUD])=MONTH(GetDate()) 
 AND [AUTH].[ID_AUTORIDAD]=103 

ORDER BY
[ORD].[FECHA_SOLICITUD],
[ORD].[ID_ORDEN_SERVICIO],
[SERV].[ID_SERVICIO]]
[2018-02-07T16:38:51.015] [INFO] ICC - RID:[1518043131015]-[REQUEST]-[START]:[/getAllProvedores]
[2018-02-07T16:38:51.015] [INFO] ICC - RID:[1518043131015]-[SELECT]-[START]
[2018-02-07T16:38:51.015] [DEBUG] DCC - RID:[1518043131015]-[SELECT]-[QUERY]:[SELECT 
 DISTINCT([SEL].[ID_PRESTADOR_SERVICIO]),
		  [SEL].[NOMBRE]
 FROM  (
		SELECT [PSXS].[ID_PRESTADOR_SERVICIO]
			  ,[PSXS].[ID_ZONA]
			  ,[PSXS].[ID_SUBZONA]
			  ,[PSXS].[ID_TIPO_SERVICIO]
			  ,[PSXS].[ID_SERVICIO]
			  ,[PS].[NOMBRE]
			  ,[PS].[CORREO_ELECTRONICO]
		  FROM [SLOAA_TC_PRESTADOR_SERVICIOS_X_SERVICIO] [PSXS]
		  LEFT JOIN [SLOAA_TC_PRESTADOR_SERVICIOS] [PS] ON [PSXS].[ID_PRESTADOR_SERVICIO]=[PS].[ID_PRESTADOR_SERVICIO]
		  WHERE 
		  1=1
		  AND [PSXS].[ID_ZONA]=3
		  AND [PSXS].[ID_SUBZONA]=1
		  AND [PSXS].[ID_TIPO_SERVICIO]=1
		  AND [PSXS].[ID_SERVICIO]=1001
  )[SEL]]
