[2018-02-07T16:38:24.109] [INFO] ICC - [BACKEND]-[WEBSERVICES] init on port:[3000]
[2018-02-07T16:38:31.258] [INFO] ICC - RID:[1518043111258]-[REQUEST]-[START]:[/defaultSelect]
[2018-02-07T16:38:31.259] [INFO] ICC - RID:[1518043111258]-[SELECT]-[START]
[2018-02-07T16:38:31.311] [INFO] ICC - RID:[1518043111258]-[SELECT]-[END]:[OK]
[2018-02-07T16:38:31.312] [INFO] ICC - RID:[1518043111258]-[REQUEST]-[END]:[/defaultSelect]
[2018-02-07T16:38:31.539] [INFO] ICC - RID:[1518043111539]-[REQUEST]-[START]:[/getAllOrdenServicio]
[2018-02-07T16:38:31.540] [INFO] ICC - RID:[1518043111539]-[SELECT]-[START]
[2018-02-07T16:38:31.560] [INFO] ICC - RID:[1518043111539]-[SELECT]-[END]:[OK]
[2018-02-07T16:38:31.560] [INFO] ICC - RID:[1518043111539]-[REQUEST]-[END]:[/getAllOrdenServicio]
[2018-02-07T16:38:37.405] [INFO] ICC - RID:[1518043117405]-[REQUEST]-[START]:[/getAllCotizacionXOrden]
[2018-02-07T16:38:37.405] [INFO] ICC - RID:[1518043117405]-[SELECT]-[START]
[2018-02-07T16:38:37.448] [INFO] ICC - RID:[1518043117405]-[SELECT]-[END]:[OK]
[2018-02-07T16:38:37.449] [INFO] ICC - RID:[1518043117405]-[REQUEST]-[END]:[/getAllCotizacionXOrden]
[2018-02-07T16:38:41.331] [INFO] ICC - RID:[1518043121331]-[REQUEST]-[START]:[/getAllOrdenServicio]
[2018-02-07T16:38:41.332] [INFO] ICC - RID:[1518043121331]-[SELECT]-[START]
[2018-02-07T16:38:41.359] [INFO] ICC - RID:[1518043121331]-[SELECT]-[END]:[OK]
[2018-02-07T16:38:41.359] [INFO] ICC - RID:[1518043121331]-[REQUEST]-[END]:[/getAllOrdenServicio]
[2018-02-07T16:38:42.718] [INFO] ICC - RID:[1518043122718]-[REQUEST]-[START]:[/getAllOrdenServicio]
[2018-02-07T16:38:42.718] [INFO] ICC - RID:[1518043122718]-[SELECT]-[START]
[2018-02-07T16:38:42.735] [INFO] ICC - RID:[1518043122718]-[SELECT]-[END]:[OK]
[2018-02-07T16:38:42.735] [INFO] ICC - RID:[1518043122718]-[REQUEST]-[END]:[/getAllOrdenServicio]
[2018-02-07T16:38:47.397] [INFO] ICC - RID:[1518043127397]-[REQUEST]-[START]:[/getAllOrdenServicio]
[2018-02-07T16:38:47.398] [INFO] ICC - RID:[1518043127397]-[SELECT]-[START]
[2018-02-07T16:38:47.414] [INFO] ICC - RID:[1518043127397]-[SELECT]-[END]:[OK]
[2018-02-07T16:38:47.414] [INFO] ICC - RID:[1518043127397]-[REQUEST]-[END]:[/getAllOrdenServicio]
[2018-02-07T16:38:49.568] [INFO] ICC - RID:[1518043129568]-[REQUEST]-[START]:[/createOrdenServicio]
[2018-02-07T16:38:49.569] [INFO] ICC - RID:[1518043129568]-[SELECT]-[START]
[2018-02-07T16:38:49.582] [INFO] ICC - RID:[1518043129568]-[SELECT]-[END]:[OK]
[2018-02-07T16:38:49.583] [INFO] ICC - RID:[1518043129568]-[SELECT]-[START]
[2018-02-07T16:38:49.597] [INFO] ICC - RID:[1518043129568]-[SELECT]-[END]:[OK]
[2018-02-07T16:38:49.598] [INFO] ICC - RID:[1518043129568]-[FREE-DML]-[START]
[2018-02-07T16:38:49.615] [INFO] ICC - RID:[1518043129568]-[FREE-DML]-[END]:[OK]
[2018-02-07T16:38:49.615] [INFO] ICC - RID:[1518043129568]-[SELECT]-[START]
[2018-02-07T16:38:49.637] [INFO] ICC - RID:[1518043129568]-[SELECT]-[END]:[OK]
[2018-02-07T16:38:49.637] [INFO] ICC - RID:[1518043129568]-[REQUEST]-[END]:[/createOrdenServicio]
[2018-02-07T16:38:50.031] [INFO] ICC - RID:[1518043130031]-[REQUEST]-[START]:[/getAllCotizacionXOrden]
[2018-02-07T16:38:50.031] [ERROR] ECC - RID:[1518043130031]-[REQUEST]-[ERROR]:[Input parameter problem.]:[/getAllCotizacionXOrden]
[2018-02-07T16:38:50.106] [INFO] ICC - RID:[1518043130105]-[REQUEST]-[START]:[/getAllTipoServicio]
[2018-02-07T16:38:50.106] [INFO] ICC - RID:[1518043130105]-[SELECT]-[START]
[2018-02-07T16:38:50.129] [INFO] ICC - RID:[1518043130105]-[SELECT]-[END]:[OK]
[2018-02-07T16:38:50.129] [INFO] ICC - RID:[1518043130105]-[REQUEST]-[END]:[/getAllTipoServicio]
[2018-02-07T16:38:50.455] [INFO] ICC - RID:[1518043130455]-[REQUEST]-[START]:[/getAllSubZona]
[2018-02-07T16:38:50.455] [INFO] ICC - RID:[1518043130455]-[SELECT]-[START]
[2018-02-07T16:38:50.473] [INFO] ICC - RID:[1518043130455]-[SELECT]-[END]:[OK]
[2018-02-07T16:38:50.474] [INFO] ICC - RID:[1518043130455]-[REQUEST]-[END]:[/getAllSubZona]
[2018-02-07T16:38:50.713] [INFO] ICC - RID:[1518043130713]-[REQUEST]-[START]:[/getAllServicios]
[2018-02-07T16:38:50.714] [INFO] ICC - RID:[1518043130713]-[SELECT]-[START]
[2018-02-07T16:38:50.734] [INFO] ICC - RID:[1518043130713]-[SELECT]-[END]:[OK]
[2018-02-07T16:38:50.734] [INFO] ICC - RID:[1518043130713]-[REQUEST]-[END]:[/getAllServicios]
[2018-02-07T16:38:50.973] [INFO] ICC - RID:[1518043130973]-[REQUEST]-[START]:[/getPrefacturaMensual]
[2018-02-07T16:38:50.973] [INFO] ICC - RID:[1518043130973]-[SELECT]-[START]
[2018-02-07T16:38:51.015] [INFO] ICC - RID:[1518043131015]-[REQUEST]-[START]:[/getAllProvedores]
[2018-02-07T16:38:51.015] [INFO] ICC - RID:[1518043131015]-[SELECT]-[START]
