[2018-02-09T16:10:52.573] [INFO] ICC - [BACKEND]-[WEBSERVICES] init on port:[3000]
[2018-02-09T16:10:57.839] [INFO] ICC - RID:[1518214257838]-[REQUEST]-[START]:[/defaultSelect]
[2018-02-09T16:10:57.839] [INFO] ICC - RID:[1518214257838]-[SELECT]-[START]
[2018-02-09T16:10:57.840] [DEBUG] DCC - RID:[1518214257838]-[SELECT]-[QUERY]:[SELECT [CRED].[ID_CREDENCIAL]
      ,[CRED].[NOMBRE]
      ,[CRED].[USUARIO_NOMBRE]
      ,[CRED].[ID_AUTORIDAD]
	  ,[AUTH].[NOMBRE_AUTORIDAD]
	  ,[AUTH].[ID_ZONA]
         ,[CRED].[ID_ROL]
	  ,[ROL].[NOMBRE_ROL]
	  ,[ROL].[PRIVILEGIOS]
      ,[CRED].[ID_CREDENCIAL_SUPERIOR]
  FROM [dbo].[SLOAA_TR_CREDENCIAL] [CRED]
  LEFT JOIN  [dbo].[SLOAA_TC_AUTORIDAD] [AUTH] ON [CRED].[ID_AUTORIDAD]=[AUTH].[ID_AUTORIDAD]
  LEFT JOIN  [dbo].[SLOAA_TS_ROL] [ROL] ON [CRED].[ID_ROL]=[ROL].[ID_ROL]
  
  WHERE 
	            [CRED].[USUARIO_NOMBRE]='carlos.palacios'
		AND [CRED].[USUARIO_PASSWORD]='qwe321']
[2018-02-09T16:10:57.884] [INFO] ICC - RID:[1518214257838]-[SELECT]-[END]:[OK]
[2018-02-09T16:10:57.885] [INFO] ICC - RID:[1518214257838]-[REQUEST]-[END]:[/defaultSelect]
[2018-02-09T16:10:58.131] [INFO] ICC - RID:[1518214258131]-[REQUEST]-[START]:[/getAllOrdenServicio]
[2018-02-09T16:10:58.132] [INFO] ICC - RID:[1518214258131]-[SELECT]-[START]
[2018-02-09T16:10:58.132] [DEBUG] DCC - RID:[1518214258131]-[SELECT]-[QUERY]:[SELECT  
	    [ORD].[ID_ORDEN_SERVICIO]
      ,[ORD].[NUM_ORDEN]
      ,[ORD].[FECHA_SOLICITUD]
      ,[ORD].[DOMICILIO]
      ,[ORD].[FIRMA1_USER1]
      ,[ORD].[FIRMA1_USER2]
      ,[ORD].[FIRMA2_USER1]
      ,[ORD].[FIRMA2_USER2]
      ,[ORD].[ID_STATUS]
      ,[ORD].[METAINFO_FECHA_CREACION]
      ,[ORD].[METAINFO_IP]
      ,[ORD].[METAINFO_MAC_ADRR]
      ,[ORD].[LLAVE_SISTEMA]
      ,[ORD].[CIERRE_TOTAL]
	  
	   ,[CRED].[ID_CREDENCIAL]
      ,[CRED].[NOMBRE]
      ,[CRED].[CARGO]
      ,[CRED].[TELEFONO]
      ,[CRED].[EXT]
      ,[CRED].[EMAIL]
      ,[CRED].[PTT]
      ,[CRED].[MOVIL]
      ,[CRED].[USUARIO_NOMBRE]
      ,[CRED].[ID_ROL]
      ,[CRED].[ID_CREDENCIAL_SUPERIOR]

	   ,[AUTH].[ID_AUTORIDAD]
      ,[AUTH].[NOMBRE_AUTORIDAD]
      ,[AUTH].[ESTADO]
      ,[AUTH].[NIVEL]
      ,[AUTH].[SERVICIO]
      ,[AUTH].[ID_ZONA] 
             ,[STATUS].[NOMBRE_STATUS]
  FROM 
  [SLOAA_TR_ORDEN_SERVICIO] [ORD]
 LEFT JOIN [SLOAA_TR_CREDENCIAL] [CRED] ON  [CRED].[ID_CREDENCIAL]=[ORD].[ID_CREDENCIAL]
 LEFT JOIN [SLOAA_TC_AUTORIDAD] [AUTH] ON  [AUTH].[ID_AUTORIDAD]=[CRED].[ID_AUTORIDAD]
 LEFT JOIN [dbo].[SLOAA_TC_STATUS] [STATUS] ON  [ORD].[ID_STATUS]=[STATUS].[ID_STATUS]
  WHERE
  1=1
 ]
[2018-02-09T16:10:58.145] [INFO] ICC - RID:[1518214258131]-[SELECT]-[END]:[OK]
[2018-02-09T16:10:58.146] [INFO] ICC - RID:[1518214258131]-[REQUEST]-[END]:[/getAllOrdenServicio]
[2018-02-09T16:11:01.103] [INFO] ICC - RID:[1518214261103]-[REQUEST]-[START]:[/getAllCotizacionXOrden]
[2018-02-09T16:11:01.104] [INFO] ICC - RID:[1518214261103]-[SELECT]-[START]
[2018-02-09T16:11:01.104] [DEBUG] DCC - RID:[1518214261103]-[SELECT]-[QUERY]:[SELECT COT.ID_SERVICIO_COTIZACION, COT.ID_ORDEN_SERVICIO, COT.ID_TIPO_SERVICIO, COT.ID_SERVICIO, COT.ID_UNIDAD, COT.ID_ZONA, COT.ID_SUBZONA, COT.ID_PRESTADOR_SERVICIO, COT.PRECIO_UNITARIO, COT.CANTIDAD, COT.COTIZACION, COT.DEDUCCION, COT.DEDUCCION_JUSTIFICACION, COT.PRECIO_SERVICIO_FINAL, COT.VALIDA_DISPONIBILIDAD SERV.NOMBRE_SERVICIO, TIPO.TIPO, PRES.NOMBRE, SUBZ.SUBZONA, ZONA.ZONA FROM SLOAA_TR_SERVICIO_COTIZACION COT INNER JOIN SLOAA_TR_PRECIO_UNITARIO UNIT ON COT.ID_TIPO_SERVICIO = UNIT.ID_TIPO_SERVICIO AND COT.ID_SERVICIO = UNIT.ID_SERVICIO AND COT.ID_UNIDAD = UNIT.ID_UNIDAD INNER JOIN SLOAA_TC_SERVICIO SERV ON SERV.ID_SERVICIO = UNIT.ID_SERVICIO AND SERV.ID_SERVICIO = UNIT.ID_SERVICIO INNER JOIN SLOAA_TC_TIPO_SERVICIO TIPO ON TIPO.ID_TIPO_SERVICIO = SERV.ID_TIPO_SERVICIO INNER JOIN SLOAA_TC_PRESTADOR_SERVICIOS_X_SERVICIO PRESERV ON PRESERV.ID_PRESTADOR_SERVICIO = COT.ID_PRESTADOR_SERVICIO AND PRESERV.ID_TIPO_SERVICIO = COT.ID_TIPO_SERVICIO AND PRESERV.ID_SERVICIO = COT.ID_SERVICIO INNER JOIN SLOAA_TC_PRESTADOR_SERVICIOS PRES ON PRES.ID_PRESTADOR_SERVICIO = PRESERV.ID_PRESTADOR_SERVICIO AND PRES.ID_ZONA = PRESERV.ID_ZONA AND PRES.ID_SUBZONA = PRESERV.ID_SUBZONA INNER JOIN SLOAA_TC_SUBZONA SUBZ ON SUBZ.ID_ZONA = PRES.ID_ZONA AND SUBZ.ID_SUBZONA = PRES.ID_SUBZONA INNER JOIN SLOAA_TC_ZONA ZONA ON ZONA.ID_ZONA = SUBZ.ID_ZONA 
                        WHERE ID_ORDEN_SERVICIO =248]
[2018-02-09T16:11:01.239] [ERROR] ECC - RID:[1518214261103]-[SELECT]-[END]:[FAIL]:[Incorrect syntax near '.'.]
[2018-02-09T16:11:01.240] [ERROR] ECC - RID:[1518214261103]-[REQUEST]-[ERROR]:[Incorrect syntax near '.'.]:[/getAllCotizacionXOrden]
