[2018-02-01T12:03:25.633] [INFO] ICC - RID:[1517508205633]-[REQUEST]-[START]:[/defaultSelect]
[2018-02-01T12:03:25.634] [INFO] ICC - RID:[1517508205633]-[SELECT]-[START]
[2018-02-01T12:03:25.657] [INFO] ICC - RID:[1517508205633]-[SELECT]-[END]:[OK]
[2018-02-01T12:03:25.657] [INFO] ICC - RID:[1517508205633]-[REQUEST]-[END]:[/defaultSelect]
[2018-02-01T12:03:25.936] [INFO] ICC - RID:[1517508205936]-[REQUEST]-[START]:[/getAllOrdenServicio]
[2018-02-01T12:03:25.937] [INFO] ICC - RID:[1517508205936]-[SELECT]-[START]
[2018-02-01T12:03:25.970] [INFO] ICC - RID:[1517508205936]-[SELECT]-[END]:[OK]
[2018-02-01T12:03:25.970] [INFO] ICC - RID:[1517508205936]-[REQUEST]-[END]:[/getAllOrdenServicio]
[2018-02-01T12:11:46.821] [INFO] ICC - RID:[1517508706820]-[REQUEST]-[START]:[/defaultSelect]
[2018-02-01T12:11:46.821] [INFO] ICC - RID:[1517508706820]-[SELECT]-[START]
[2018-02-01T12:11:46.852] [INFO] ICC - RID:[1517508706820]-[SELECT]-[END]:[OK]
[2018-02-01T12:11:46.852] [INFO] ICC - RID:[1517508706820]-[REQUEST]-[END]:[/defaultSelect]
[2018-02-01T12:11:47.111] [INFO] ICC - RID:[1517508707111]-[REQUEST]-[START]:[/getAllOrdenServicio]
[2018-02-01T12:11:47.111] [INFO] ICC - RID:[1517508707111]-[SELECT]-[START]
[2018-02-01T12:11:47.138] [INFO] ICC - RID:[1517508707111]-[SELECT]-[END]:[OK]
[2018-02-01T12:11:47.138] [INFO] ICC - RID:[1517508707111]-[REQUEST]-[END]:[/getAllOrdenServicio]
[2018-02-01T12:32:47.008] [INFO] ICC - RID:[1517509967008]-[REQUEST]-[START]:[/defaultSelect]
[2018-02-01T12:32:47.008] [INFO] ICC - RID:[1517509967008]-[SELECT]-[START]
[2018-02-01T12:32:47.041] [INFO] ICC - RID:[1517509967008]-[SELECT]-[END]:[OK]
[2018-02-01T12:32:47.041] [INFO] ICC - RID:[1517509967008]-[REQUEST]-[END]:[/defaultSelect]
[2018-02-01T12:32:47.293] [INFO] ICC - RID:[1517509967293]-[REQUEST]-[START]:[/getAllOrdenServicio]
[2018-02-01T12:32:47.294] [INFO] ICC - RID:[1517509967293]-[SELECT]-[START]
[2018-02-01T12:32:47.329] [INFO] ICC - RID:[1517509967293]-[SELECT]-[END]:[OK]
[2018-02-01T12:32:47.329] [INFO] ICC - RID:[1517509967293]-[REQUEST]-[END]:[/getAllOrdenServicio]
[2018-02-01T12:33:10.376] [INFO] ICC - RID:[1517509990376]-[REQUEST]-[START]:[/defaultSelect]
[2018-02-01T12:33:10.377] [INFO] ICC - RID:[1517509990376]-[SELECT]-[START]
[2018-02-01T12:33:10.403] [INFO] ICC - RID:[1517509990376]-[SELECT]-[END]:[OK]
[2018-02-01T12:33:10.403] [INFO] ICC - RID:[1517509990376]-[REQUEST]-[END]:[/defaultSelect]
[2018-02-01T12:33:10.635] [INFO] ICC - RID:[1517509990635]-[REQUEST]-[START]:[/getAllOrdenServicio]
[2018-02-01T12:33:10.635] [INFO] ICC - RID:[1517509990635]-[SELECT]-[START]
[2018-02-01T12:33:10.668] [INFO] ICC - RID:[1517509990635]-[SELECT]-[END]:[OK]
[2018-02-01T12:33:10.668] [INFO] ICC - RID:[1517509990635]-[REQUEST]-[END]:[/getAllOrdenServicio]
[2018-02-01T12:33:41.121] [INFO] ICC - RID:[1517510021121]-[REQUEST]-[START]:[/defaultSelect]
[2018-02-01T12:33:41.121] [INFO] ICC - RID:[1517510021121]-[SELECT]-[START]
[2018-02-01T12:33:41.138] [INFO] ICC - RID:[1517510021121]-[SELECT]-[END]:[OK]
[2018-02-01T12:33:41.139] [INFO] ICC - RID:[1517510021121]-[REQUEST]-[END]:[/defaultSelect]
[2018-02-01T12:33:41.377] [INFO] ICC - RID:[1517510021377]-[REQUEST]-[START]:[/getAllOrdenServicio]
[2018-02-01T12:33:41.378] [INFO] ICC - RID:[1517510021377]-[SELECT]-[START]
[2018-02-01T12:33:41.402] [INFO] ICC - RID:[1517510021377]-[SELECT]-[END]:[OK]
[2018-02-01T12:33:41.402] [INFO] ICC - RID:[1517510021377]-[REQUEST]-[END]:[/getAllOrdenServicio]
[2018-02-01T12:35:44.477] [INFO] ICC - RID:[1517510144477]-[REQUEST]-[START]:[/defaultSelect]
[2018-02-01T12:35:44.478] [INFO] ICC - RID:[1517510144477]-[SELECT]-[START]
[2018-02-01T12:35:44.504] [INFO] ICC - RID:[1517510144477]-[SELECT]-[END]:[OK]
[2018-02-01T12:35:44.504] [INFO] ICC - RID:[1517510144477]-[REQUEST]-[END]:[/defaultSelect]
[2018-02-01T12:35:44.776] [INFO] ICC - RID:[1517510144776]-[REQUEST]-[START]:[/getAllOrdenServicio]
[2018-02-01T12:35:44.776] [INFO] ICC - RID:[1517510144776]-[SELECT]-[START]
[2018-02-01T12:35:44.807] [INFO] ICC - RID:[1517510144776]-[SELECT]-[END]:[OK]
[2018-02-01T12:35:44.808] [INFO] ICC - RID:[1517510144776]-[REQUEST]-[END]:[/getAllOrdenServicio]
[2018-02-01T12:37:57.392] [INFO] ICC - RID:[1517510277392]-[REQUEST]-[START]:[/defaultSelect]
[2018-02-01T12:37:57.393] [INFO] ICC - RID:[1517510277392]-[SELECT]-[START]
[2018-02-01T12:37:57.423] [INFO] ICC - RID:[1517510277392]-[SELECT]-[END]:[OK]
[2018-02-01T12:37:57.423] [INFO] ICC - RID:[1517510277392]-[REQUEST]-[END]:[/defaultSelect]
[2018-02-01T12:37:57.647] [INFO] ICC - RID:[1517510277647]-[REQUEST]-[START]:[/getAllOrdenServicio]
[2018-02-01T12:37:57.647] [INFO] ICC - RID:[1517510277647]-[SELECT]-[START]
[2018-02-01T12:37:57.680] [INFO] ICC - RID:[1517510277647]-[SELECT]-[END]:[OK]
[2018-02-01T12:37:57.680] [INFO] ICC - RID:[1517510277647]-[REQUEST]-[END]:[/getAllOrdenServicio]
[2018-02-01T12:38:35.521] [INFO] ICC - RID:[1517510315521]-[REQUEST]-[START]:[/defaultSelect]
[2018-02-01T12:38:35.521] [INFO] ICC - RID:[1517510315521]-[SELECT]-[START]
[2018-02-01T12:38:35.554] [INFO] ICC - RID:[1517510315521]-[SELECT]-[END]:[OK]
[2018-02-01T12:38:35.554] [INFO] ICC - RID:[1517510315521]-[REQUEST]-[END]:[/defaultSelect]
[2018-02-01T12:38:35.805] [INFO] ICC - RID:[1517510315805]-[REQUEST]-[START]:[/getAllOrdenServicio]
[2018-02-01T12:38:35.805] [INFO] ICC - RID:[1517510315805]-[SELECT]-[START]
[2018-02-01T12:38:35.860] [INFO] ICC - RID:[1517510315805]-[SELECT]-[END]:[OK]
[2018-02-01T12:38:35.860] [INFO] ICC - RID:[1517510315805]-[REQUEST]-[END]:[/getAllOrdenServicio]
[2018-02-01T12:41:10.029] [INFO] ICC - RID:[1517510470029]-[REQUEST]-[START]:[/defaultSelect]
[2018-02-01T12:41:10.029] [INFO] ICC - RID:[1517510470029]-[SELECT]-[START]
[2018-02-01T12:41:10.056] [INFO] ICC - RID:[1517510470029]-[SELECT]-[END]:[OK]
[2018-02-01T12:41:10.057] [INFO] ICC - RID:[1517510470029]-[REQUEST]-[END]:[/defaultSelect]
[2018-02-01T12:41:10.347] [INFO] ICC - RID:[1517510470347]-[REQUEST]-[START]:[/getAllOrdenServicio]
[2018-02-01T12:41:10.347] [INFO] ICC - RID:[1517510470347]-[SELECT]-[START]
[2018-02-01T12:41:10.376] [INFO] ICC - RID:[1517510470347]-[SELECT]-[END]:[OK]
[2018-02-01T12:41:10.377] [INFO] ICC - RID:[1517510470347]-[REQUEST]-[END]:[/getAllOrdenServicio]
[2018-02-01T12:41:59.213] [INFO] ICC - RID:[1517510519213]-[REQUEST]-[START]:[/defaultSelect]
[2018-02-01T12:41:59.214] [INFO] ICC - RID:[1517510519213]-[SELECT]-[START]
[2018-02-01T12:41:59.248] [INFO] ICC - RID:[1517510519213]-[SELECT]-[END]:[OK]
[2018-02-01T12:41:59.249] [INFO] ICC - RID:[1517510519213]-[REQUEST]-[END]:[/defaultSelect]
[2018-02-01T12:41:59.590] [INFO] ICC - RID:[1517510519590]-[REQUEST]-[START]:[/getAllOrdenServicio]
[2018-02-01T12:41:59.590] [INFO] ICC - RID:[1517510519590]-[SELECT]-[START]
[2018-02-01T12:41:59.624] [INFO] ICC - RID:[1517510519590]-[SELECT]-[END]:[OK]
[2018-02-01T12:41:59.625] [INFO] ICC - RID:[1517510519590]-[REQUEST]-[END]:[/getAllOrdenServicio]
[2018-02-01T12:44:53.242] [INFO] ICC - RID:[1517510693242]-[REQUEST]-[START]:[/defaultSelect]
[2018-02-01T12:44:53.243] [INFO] ICC - RID:[1517510693242]-[SELECT]-[START]
[2018-02-01T12:44:53.258] [INFO] ICC - RID:[1517510693242]-[SELECT]-[END]:[OK]
[2018-02-01T12:44:53.259] [INFO] ICC - RID:[1517510693242]-[REQUEST]-[END]:[/defaultSelect]
[2018-02-01T12:44:53.490] [INFO] ICC - RID:[1517510693490]-[REQUEST]-[START]:[/getAllOrdenServicio]
[2018-02-01T12:44:53.491] [INFO] ICC - RID:[1517510693490]-[SELECT]-[START]
[2018-02-01T12:44:53.514] [INFO] ICC - RID:[1517510693490]-[SELECT]-[END]:[OK]
[2018-02-01T12:44:53.514] [INFO] ICC - RID:[1517510693490]-[REQUEST]-[END]:[/getAllOrdenServicio]
[2018-02-01T12:49:13.613] [INFO] ICC - RID:[1517510953613]-[REQUEST]-[START]:[/defaultSelect]
[2018-02-01T12:49:13.613] [INFO] ICC - RID:[1517510953613]-[SELECT]-[START]
[2018-02-01T12:49:13.630] [INFO] ICC - RID:[1517510953613]-[SELECT]-[END]:[OK]
[2018-02-01T12:49:13.631] [INFO] ICC - RID:[1517510953613]-[REQUEST]-[END]:[/defaultSelect]
[2018-02-01T12:49:13.853] [INFO] ICC - RID:[1517510953853]-[REQUEST]-[START]:[/getAllOrdenServicio]
[2018-02-01T12:49:13.853] [INFO] ICC - RID:[1517510953853]-[SELECT]-[START]
[2018-02-01T12:49:13.876] [INFO] ICC - RID:[1517510953853]-[SELECT]-[END]:[OK]
[2018-02-01T12:49:13.877] [INFO] ICC - RID:[1517510953853]-[REQUEST]-[END]:[/getAllOrdenServicio]
[2018-02-01T12:51:05.578] [INFO] ICC - RID:[1517511065578]-[REQUEST]-[START]:[/defaultSelect]
[2018-02-01T12:51:05.578] [INFO] ICC - RID:[1517511065578]-[SELECT]-[START]
[2018-02-01T12:51:05.605] [INFO] ICC - RID:[1517511065578]-[SELECT]-[END]:[OK]
[2018-02-01T12:51:05.605] [INFO] ICC - RID:[1517511065578]-[REQUEST]-[END]:[/defaultSelect]
[2018-02-01T12:51:05.818] [INFO] ICC - RID:[1517511065818]-[REQUEST]-[START]:[/getAllOrdenServicio]
[2018-02-01T12:51:05.819] [INFO] ICC - RID:[1517511065818]-[SELECT]-[START]
[2018-02-01T12:51:05.850] [INFO] ICC - RID:[1517511065818]-[SELECT]-[END]:[OK]
[2018-02-01T12:51:05.850] [INFO] ICC - RID:[1517511065818]-[REQUEST]-[END]:[/getAllOrdenServicio]
[2018-02-01T12:52:09.015] [INFO] ICC - RID:[1517511129015]-[REQUEST]-[START]:[/defaultSelect]
[2018-02-01T12:52:09.016] [INFO] ICC - RID:[1517511129015]-[SELECT]-[START]
[2018-02-01T12:52:09.044] [INFO] ICC - RID:[1517511129015]-[SELECT]-[END]:[OK]
[2018-02-01T12:52:09.044] [INFO] ICC - RID:[1517511129015]-[REQUEST]-[END]:[/defaultSelect]
[2018-02-01T12:52:09.823] [INFO] ICC - RID:[1517511129823]-[REQUEST]-[START]:[/getAllOrdenServicio]
[2018-02-01T12:52:09.823] [INFO] ICC - RID:[1517511129823]-[SELECT]-[START]
[2018-02-01T12:52:09.857] [INFO] ICC - RID:[1517511129823]-[SELECT]-[END]:[OK]
[2018-02-01T12:52:09.857] [INFO] ICC - RID:[1517511129823]-[REQUEST]-[END]:[/getAllOrdenServicio]
[2018-02-01T12:56:02.482] [INFO] ICC - RID:[1517511362482]-[REQUEST]-[START]:[/defaultSelect]
[2018-02-01T12:56:02.483] [INFO] ICC - RID:[1517511362482]-[SELECT]-[START]
[2018-02-01T12:56:02.502] [INFO] ICC - RID:[1517511362482]-[SELECT]-[END]:[OK]
[2018-02-01T12:56:02.502] [INFO] ICC - RID:[1517511362482]-[REQUEST]-[END]:[/defaultSelect]
[2018-02-01T12:56:02.733] [INFO] ICC - RID:[1517511362733]-[REQUEST]-[START]:[/getAllOrdenServicio]
[2018-02-01T12:56:02.733] [INFO] ICC - RID:[1517511362733]-[SELECT]-[START]
[2018-02-01T12:56:02.772] [INFO] ICC - RID:[1517511362733]-[SELECT]-[END]:[OK]
[2018-02-01T12:56:02.772] [INFO] ICC - RID:[1517511362733]-[REQUEST]-[END]:[/getAllOrdenServicio]
