[2018-01-20T17:11:15.307] [INFO] ICC - [BACKEND]-[WEBSERVICES] init on port:[3000]
[2018-01-20T17:11:45.214] [INFO] ICC - RID:[1516489905213]-[REQUEST]-[START]:[/createOrdenServicio]
[2018-01-20T17:11:45.229] [INFO] ICC - RID:[1516489905213]-[SELECT]-[START]
[2018-01-20T17:11:45.230] [DEBUG] DCC - RID:[1516489905213]-[SELECT]-[QUERY]:[SELECT [ID_AUTORIDAD]
      ,[NOMBRE_AUTORIDAD]
      ,[ESTADO]
      ,[NIVEL]
      ,[SERVICIO]
      ,[ZONA]
  FROM [SOA_db].[dbo].[SLOAA_TC_AUTORIDAD]
  WHERE  [ID_AUTORIDAD]=1]
[2018-01-20T17:11:52.492] [INFO] ICC - RID:[1516489905213]-[SELECT]-[END]:[OK]
[2018-01-20T17:11:52.493] [INFO] ICC - RID:[1516489905213]-[SELECT]-[START]
[2018-01-20T17:11:52.494] [DEBUG] DCC - RID:[1516489905213]-[SELECT]-[QUERY]:[SELECT
	CASE
	WHEN  MAX([ORD].[NUM_ORDEN]) IS NULL THEN 1
	ELSE MAX([ORD].[NUM_ORDEN])+1
	END  NEW_ORDEN
      
  FROM [dbo].[SLOAA_TR_ORDEN_SERVICIO] [ORD]
  LEFT JOIN [dbo].[SLOAA_TR_CREDENCIAL] [CRED] ON [ORD].[ID_CREDENCIAL]=[CRED].[ID_CREDENCIAL]
  WHERE
  1=1
	AND YEAR([ORD].[METAINFO_FECHA_CREACION])= YEAR(GetDate()) 
	AND [CRED].[ID_AUTORIDAD]=1]
[2018-01-20T17:11:59.354] [INFO] ICC - RID:[1516489905213]-[SELECT]-[END]:[OK]
[2018-01-20T17:11:59.357] [INFO] ICC - RID:[1516489905213]-[FREE-DML]-[START]
[2018-01-20T17:11:59.358] [DEBUG] DCC - RID:[1516489905213]-[FREE-DML]-[DML]:[INSERT INTO [dbo].[SLOAA_TR_ORDEN_SERVICIO]
  (
		
       [ORD].[NUM_ORDEN]
      ,[ORD].[FECHA_SOLICITUD]
      ,[ORD].[ID_CREDENCIAL]
      ,[ORD].[DOMICILIO]
      ,[ORD].[ID_STATUS]
      ,[ORD].[METAINFO_FECHA_CREACION]
      ,[ORD].[METAINFO_IP]
      ,[ORD].[METAINFO_MAC_ADRR]
      ,[ORD].[LLAVE_SISTEMA]
	  )
	  VALUES
	  (
	    38,
		'2012-06-18T10:34:09',
		1,
		'otro lugar',
		1,
		'2018-01-20T23:11:45.216Z',
		'::1',
		' ????????',
		'TNRS-Acapulco                                          -SRyS | Acapulco                                   -sur                                               -2018-38'
	  )]
[2018-01-20T17:12:06.326] [ERROR] ECC - RID:[1516489905213]-[FREE-DML]-[END]:[FAIL]:[String or binary data would be truncated.]
[2018-01-20T17:12:06.329] [ERROR] ECC - RID:[1516489905213]-[REQUEST]-[ERROR]:[String or binary data would be truncated.]:[/createOrdenServicio]
