[2018-01-20T01:32:23.942] [INFO] ICC - [BACKEND]-[WEBSERVICES] init on port:[3000]
[2018-01-20T01:32:36.023] [INFO] ICC - RID:[1516433556022]-[REQUEST]-[START]:[/createOrdenServicio]
[2018-01-20T01:32:36.025] [INFO] ICC - RID:[1516433556022]-[SELECT]-[START]
[2018-01-20T01:32:36.025] [DEBUG] DCC - RID:[1516433556022]-[SELECT]-[QUERY]:[SELECT
	CASE
	WHEN  MAX([ORD].[NUM_ORDEN]) IS NULL THEN 1
	ELSE MAX([ORD].[NUM_ORDEN])+1
	END  NEW_ORDEN
      
  FROM [dbo].[SLOAA_TR_ORDEN_SERVICIO] [ORD]
  LEFT JOIN [dbo].[SLOAA_TR_CREDENCIAL] [CRED] ON [ORD].[ID_CREDENCIAL]=[CRED].[ID_CREDENCIAL]
  WHERE
  1=1
	AND MONTH([ORD].[METAINFO_FECHA_CREACION])= MONTH(GetDate()) 
	AND YEAR([ORD].[METAINFO_FECHA_CREACION])= YEAR(GetDate()) 
	AND [CRED].[ID_AUTORIDAD]=1]
[2018-01-20T01:32:42.907] [INFO] ICC - RID:[1516433556022]-[SELECT]-[END]:[OK]
[2018-01-20T01:32:42.910] [INFO] ICC - RID:[1516433556022]-[FREE-DML]-[START]
[2018-01-20T01:32:42.911] [DEBUG] DCC - RID:[1516433556022]-[FREE-DML]-[DML]:[INSERT INTO [dbo].[SLOAA_TR_ORDEN_SERVICIO]
  (
		
       [ORD].[NUM_ORDEN]
      ,[ORD].[FECHA_SOLICITUD]
      ,[ORD].[ID_CREDENCIAL]
      ,[ORD].[DOMICILIO]
      ,[ORD].[ID_STATUS]
      ,[ORD].[METAINFO_FECHA_CREACION]
      ,[ORD].[METAINFO_IP]
      ,[ORD].[METAINFO_MAC_ADRR]
      ,[ORD].[LLAVE_SISTEMA]
	  )
	  VALUES
	  (
	    37,
		'2012-06-18T10:34:09',
		1,
		'otro lugar',
		1,
		'2018-01-20T07:32:36.024Z',
		'::1',
		' ????????',
		'332132132131ds'
	  )]
[2018-01-20T01:32:49.734] [INFO] ICC - RID:[1516433556022]-[FREE-DML]-[END]:[OK]
[2018-01-20T01:32:49.737] [INFO] ICC - RID:[1516433556022]-[SELECT]-[START]
[2018-01-20T01:32:49.738] [DEBUG] DCC - RID:[1516433556022]-[SELECT]-[QUERY]:[SELECT 
       [NUM_ORDEN]
      ,[FECHA_SOLICITUD]
      ,[ID_CREDENCIAL]
      ,[DOMICILIO]
      ,[FIRMA1_USER1]
      ,[FIRMA1_USER2]
      ,[FIRMA2_USER1]
      ,[FIRMA2_USER2]
      ,[ID_STATUS]
      ,[METAINFO_FECHA_CREACION]
      ,[METAINFO_IP]
      ,[METAINFO_MAC_ADRR]
      ,[LLAVE_SISTEMA]
  FROM [SOA_db].[dbo].[SLOAA_TR_ORDEN_SERVICIO]
  WHERE [METAINFO_FECHA_CREACION]='2018-01-20T07:32:36.024Z']
[2018-01-20T01:32:56.642] [INFO] ICC - RID:[1516433556022]-[SELECT]-[END]:[OK]
[2018-01-20T01:32:56.642] [INFO] ICC - RID:[1516433556022]-[REQUEST]-[END]:[/createOrdenServicio]
