[2018-02-07T11:15:21.888] [INFO] ICC - [BACKEND]-[WEBSERVICES] init on port:[3000]
[2018-02-07T11:15:24.899] [INFO] ICC - RID:[1518023724899]-[REQUEST]-[START]:[/defaultSelect]
[2018-02-07T11:15:24.900] [INFO] ICC - RID:[1518023724899]-[SELECT]-[START]
[2018-02-07T11:15:24.900] [DEBUG] DCC - RID:[1518023724899]-[SELECT]-[QUERY]:[SELECT [CRED].[ID_CREDENCIAL]
      ,[CRED].[NOMBRE]
      ,[CRED].[USUARIO_NOMBRE]
      ,[CRED].[ID_AUTORIDAD]
	  ,[AUTH].[NOMBRE_AUTORIDAD]
	  ,[AUTH].[ID_ZONA]
         ,[CRED].[ID_ROL]
	  ,[ROL].[NOMBRE_ROL]
	  ,[ROL].[PRIVILEGIOS]
      ,[CRED].[ID_CREDENCIAL_SUPERIOR]
  FROM [dbo].[SLOAA_TR_CREDENCIAL] [CRED]
  LEFT JOIN  [dbo].[SLOAA_TC_AUTORIDAD] [AUTH] ON [CRED].[ID_AUTORIDAD]=[AUTH].[ID_AUTORIDAD]
  LEFT JOIN  [dbo].[SLOAA_TS_ROL] [ROL] ON [CRED].[ID_ROL]=[ROL].[ID_ROL]
  
  WHERE 
	            [CRED].[USUARIO_NOMBRE]='carlos.palacios'
		AND [CRED].[USUARIO_PASSWORD]='12345']
[2018-02-07T11:15:24.950] [INFO] ICC - RID:[1518023724899]-[SELECT]-[END]:[OK]
[2018-02-07T11:15:24.950] [INFO] ICC - RID:[1518023724899]-[REQUEST]-[END]:[/defaultSelect]
[2018-02-07T11:15:25.183] [INFO] ICC - RID:[1518023725183]-[REQUEST]-[START]:[/getAllOrdenServicio]
[2018-02-07T11:15:25.183] [INFO] ICC - RID:[1518023725183]-[SELECT]-[START]
[2018-02-07T11:15:25.183] [DEBUG] DCC - RID:[1518023725183]-[SELECT]-[QUERY]:[SELECT  
	    [ORD].[ID_ORDEN_SERVICIO]
      ,[ORD].[NUM_ORDEN]
      ,[ORD].[FECHA_SOLICITUD]
      ,[ORD].[DOMICILIO]
      ,[ORD].[FIRMA1_USER1]
      ,[ORD].[FIRMA1_USER2]
      ,[ORD].[FIRMA2_USER1]
      ,[ORD].[FIRMA2_USER2]
      ,[ORD].[ID_STATUS]
      ,[ORD].[METAINFO_FECHA_CREACION]
      ,[ORD].[METAINFO_IP]
      ,[ORD].[METAINFO_MAC_ADRR]
      ,[ORD].[LLAVE_SISTEMA]
      ,[ORD].[CIERRE_TOTAL]
	  
	   ,[CRED].[ID_CREDENCIAL]
      ,[CRED].[NOMBRE]
      ,[CRED].[CARGO]
      ,[CRED].[TELEFONO]
      ,[CRED].[EXT]
      ,[CRED].[EMAIL]
      ,[CRED].[PTT]
      ,[CRED].[MOVIL]
      ,[CRED].[USUARIO_NOMBRE]
      ,[CRED].[USUARIO_PASSWORD]
      ,[CRED].[ID_ROL]
      ,[CRED].[ID_CREDENCIAL_SUPERIOR]

	   ,[AUTH].[ID_AUTORIDAD]
      ,[AUTH].[NOMBRE_AUTORIDAD]
      ,[AUTH].[ESTADO]
      ,[AUTH].[NIVEL]
      ,[AUTH].[SERVICIO]
      ,[AUTH].[ID_ZONA] 
             ,[STATUS].[NOMBRE_STATUS]
  FROM 
  [SLOAA_TR_ORDEN_SERVICIO] [ORD]
 LEFT JOIN [SLOAA_TR_CREDENCIAL] [CRED] ON  [CRED].[ID_CREDENCIAL]=[ORD].[ID_CREDENCIAL]
 LEFT JOIN [SLOAA_TC_AUTORIDAD] [AUTH] ON  [AUTH].[ID_AUTORIDAD]=[CRED].[ID_AUTORIDAD]
 LEFT JOIN [dbo].[SLOAA_TC_STATUS] [STATUS] ON  [ORD].[ID_STATUS]=[STATUS].[ID_STATUS]
  WHERE
  1=1
 ]
[2018-02-07T11:15:25.204] [INFO] ICC - RID:[1518023725183]-[SELECT]-[END]:[OK]
[2018-02-07T11:15:25.205] [INFO] ICC - RID:[1518023725183]-[REQUEST]-[END]:[/getAllOrdenServicio]
[2018-02-07T11:15:32.591] [INFO] ICC - RID:[1518023732591]-[REQUEST]-[START]:[/getAllOrdenServicio]
[2018-02-07T11:15:32.592] [INFO] ICC - RID:[1518023732591]-[SELECT]-[START]
[2018-02-07T11:15:32.592] [DEBUG] DCC - RID:[1518023732591]-[SELECT]-[QUERY]:[SELECT  
	    [ORD].[ID_ORDEN_SERVICIO]
      ,[ORD].[NUM_ORDEN]
      ,[ORD].[FECHA_SOLICITUD]
      ,[ORD].[DOMICILIO]
      ,[ORD].[FIRMA1_USER1]
      ,[ORD].[FIRMA1_USER2]
      ,[ORD].[FIRMA2_USER1]
      ,[ORD].[FIRMA2_USER2]
      ,[ORD].[ID_STATUS]
      ,[ORD].[METAINFO_FECHA_CREACION]
      ,[ORD].[METAINFO_IP]
      ,[ORD].[METAINFO_MAC_ADRR]
      ,[ORD].[LLAVE_SISTEMA]
      ,[ORD].[CIERRE_TOTAL]
	  
	   ,[CRED].[ID_CREDENCIAL]
      ,[CRED].[NOMBRE]
      ,[CRED].[CARGO]
      ,[CRED].[TELEFONO]
      ,[CRED].[EXT]
      ,[CRED].[EMAIL]
      ,[CRED].[PTT]
      ,[CRED].[MOVIL]
      ,[CRED].[USUARIO_NOMBRE]
      ,[CRED].[USUARIO_PASSWORD]
      ,[CRED].[ID_ROL]
      ,[CRED].[ID_CREDENCIAL_SUPERIOR]

	   ,[AUTH].[ID_AUTORIDAD]
      ,[AUTH].[NOMBRE_AUTORIDAD]
      ,[AUTH].[ESTADO]
      ,[AUTH].[NIVEL]
      ,[AUTH].[SERVICIO]
      ,[AUTH].[ID_ZONA] 
             ,[STATUS].[NOMBRE_STATUS]
  FROM 
  [SLOAA_TR_ORDEN_SERVICIO] [ORD]
 LEFT JOIN [SLOAA_TR_CREDENCIAL] [CRED] ON  [CRED].[ID_CREDENCIAL]=[ORD].[ID_CREDENCIAL]
 LEFT JOIN [SLOAA_TC_AUTORIDAD] [AUTH] ON  [AUTH].[ID_AUTORIDAD]=[CRED].[ID_AUTORIDAD]
 LEFT JOIN [dbo].[SLOAA_TC_STATUS] [STATUS] ON  [ORD].[ID_STATUS]=[STATUS].[ID_STATUS]
  WHERE
  1=1
 ]
[2018-02-07T11:15:32.613] [INFO] ICC - RID:[1518023732591]-[SELECT]-[END]:[OK]
[2018-02-07T11:15:32.613] [INFO] ICC - RID:[1518023732591]-[REQUEST]-[END]:[/getAllOrdenServicio]
[2018-02-07T11:15:35.494] [INFO] ICC - RID:[1518023735494]-[REQUEST]-[START]:[/createOrdenServicio]
[2018-02-07T11:15:35.495] [INFO] ICC - RID:[1518023735494]-[SELECT]-[START]
[2018-02-07T11:15:35.495] [DEBUG] DCC - RID:[1518023735494]-[SELECT]-[QUERY]:[SELECT [ID_AUTORIDAD]
      ,[NOMBRE_AUTORIDAD]
      ,[ESTADO]
      ,[NIVEL]
      ,[SERVICIO]
      ,[ID_ZONA]
  FROM [SOA_db].[dbo].[SLOAA_TC_AUTORIDAD]
  WHERE  [ID_AUTORIDAD]=103]
[2018-02-07T11:15:35.510] [INFO] ICC - RID:[1518023735494]-[SELECT]-[END]:[OK]
[2018-02-07T11:15:35.510] [INFO] ICC - RID:[1518023735494]-[SELECT]-[START]
[2018-02-07T11:15:35.510] [DEBUG] DCC - RID:[1518023735494]-[SELECT]-[QUERY]:[SELECT
	CASE
	WHEN  MAX([ORD].[NUM_ORDEN]) IS NULL THEN 1
	ELSE MAX([ORD].[NUM_ORDEN])+1
	END  NEW_ORDEN
      
  FROM [dbo].[SLOAA_TR_ORDEN_SERVICIO] [ORD]
  LEFT JOIN [dbo].[SLOAA_TR_CREDENCIAL] [CRED] ON [ORD].[ID_CREDENCIAL]=[CRED].[ID_CREDENCIAL]
  WHERE
  1=1
	AND YEAR([ORD].[METAINFO_FECHA_CREACION])= YEAR(GetDate()) 
	AND [CRED].[ID_AUTORIDAD]=103]
[2018-02-07T11:15:35.522] [INFO] ICC - RID:[1518023735494]-[SELECT]-[END]:[OK]
[2018-02-07T11:15:35.523] [INFO] ICC - RID:[1518023735494]-[FREE-DML]-[START]
[2018-02-07T11:15:35.523] [DEBUG] DCC - RID:[1518023735494]-[FREE-DML]-[DML]:[INSERT INTO [dbo].[SLOAA_TR_ORDEN_SERVICIO]
  (
		
       [ORD].[NUM_ORDEN]
      ,[ORD].[FECHA_SOLICITUD]
      ,[ORD].[ID_CREDENCIAL]
      ,[ORD].[DOMICILIO]
      ,[ORD].[ID_STATUS]
      ,[ORD].[METAINFO_FECHA_CREACION]
      ,[ORD].[METAINFO_IP]
      ,[ORD].[METAINFO_MAC_ADRR]
      ,[ORD].[LLAVE_SISTEMA]
	  )
	  VALUES
	  (
	    41,
		'2018-02-07T17:15:00.000Z',
		1,
		'test',
		1,
		'2018-02-07T17:15:35.495Z',
		'::1',
		' ????????',
		'TNRS-Ciudad de México -AORS 6 Ciudad de México -2018-41'
	  )]
[2018-02-07T11:15:35.535] [INFO] ICC - RID:[1518023735494]-[FREE-DML]-[END]:[OK]
[2018-02-07T11:15:35.535] [INFO] ICC - RID:[1518023735494]-[SELECT]-[START]
[2018-02-07T11:15:35.536] [DEBUG] DCC - RID:[1518023735494]-[SELECT]-[QUERY]:[SELECT 
       [ID_ORDEN_SERVICIO]
      ,[NUM_ORDEN]
      ,[FECHA_SOLICITUD]
      ,[ID_CREDENCIAL]
      ,[DOMICILIO]
      ,[FIRMA1_USER1]
      ,[FIRMA1_USER2]
      ,[FIRMA2_USER1]
      ,[FIRMA2_USER2]
      ,[ID_STATUS]
      ,[METAINFO_FECHA_CREACION]
      ,[METAINFO_IP]
      ,[METAINFO_MAC_ADRR]
      ,[LLAVE_SISTEMA]
  FROM [SOA_db].[dbo].[SLOAA_TR_ORDEN_SERVICIO]
  WHERE [METAINFO_FECHA_CREACION]='2018-02-07T17:15:35.495Z']
[2018-02-07T11:15:35.546] [INFO] ICC - RID:[1518023735494]-[SELECT]-[END]:[OK]
[2018-02-07T11:15:35.547] [INFO] ICC - RID:[1518023735494]-[REQUEST]-[END]:[/createOrdenServicio]
[2018-02-07T11:15:35.911] [INFO] ICC - RID:[1518023735911]-[REQUEST]-[START]:[/getAllCotizacionXOrden]
[2018-02-07T11:15:35.911] [DEBUG] DCC - {"missing":[{"requiredFieldName":"idOrdenServicio","requiredFieldType":"string"}]}
[2018-02-07T11:15:35.911] [ERROR] ECC - RID:[1518023735911]-[REQUEST]-[ERROR]:[Input parameter problem.]:[/getAllCotizacionXOrden]
[2018-02-07T11:15:36.304] [INFO] ICC - RID:[1518023736304]-[REQUEST]-[START]:[/getAllTipoServicio]
[2018-02-07T11:15:36.304] [INFO] ICC - RID:[1518023736304]-[SELECT]-[START]
[2018-02-07T11:15:36.304] [DEBUG] DCC - RID:[1518023736304]-[SELECT]-[QUERY]:[SELECT 
 DISTINCT([SEL].[ID_TIPO_SERVICIO]),
		  [SEL].[TIPO]
 FROM  (
		SELECT [PSXS].[ID_PRESTADOR_SERVICIO]
			  ,[PSXS].[ID_ZONA]
			  ,[PSXS].[ID_SUBZONA]
			  ,[PSXS].[ID_TIPO_SERVICIO]
			  ,[TS].[TIPO]
			  ,[PSXS].[ID_SERVICIO]
		  FROM [SLOAA_TC_PRESTADOR_SERVICIOS_X_SERVICIO] [PSXS]
		  LEFT JOIN [SLOAA_TC_TIPO_SERVICIO] [TS] ON [PSXS].[ID_TIPO_SERVICIO]=[TS].[ID_TIPO_SERVICIO]
		  WHERE 
		  1=1
		  AND [PSXS].[ID_ZONA]=3
  )[SEL] ]
[2018-02-07T11:15:36.318] [INFO] ICC - RID:[1518023736304]-[SELECT]-[END]:[OK]
[2018-02-07T11:15:36.318] [INFO] ICC - RID:[1518023736304]-[REQUEST]-[END]:[/getAllTipoServicio]
[2018-02-07T11:15:36.700] [INFO] ICC - RID:[1518023736700]-[REQUEST]-[START]:[/getAllSubZona]
[2018-02-07T11:15:36.701] [INFO] ICC - RID:[1518023736700]-[SELECT]-[START]
[2018-02-07T11:15:36.701] [DEBUG] DCC - RID:[1518023736700]-[SELECT]-[QUERY]:[SELECT [ID_SUBZONA],[SUBZONA] FROM [SLOAA_TC_SUBZONA] WHERE 1=1 AND [ID_ZONA]=3]
[2018-02-07T11:15:36.717] [INFO] ICC - RID:[1518023736700]-[SELECT]-[END]:[OK]
[2018-02-07T11:15:36.718] [INFO] ICC - RID:[1518023736700]-[REQUEST]-[END]:[/getAllSubZona]
[2018-02-07T11:15:36.979] [INFO] ICC - RID:[1518023736979]-[REQUEST]-[START]:[/getAllServicios]
[2018-02-07T11:15:36.980] [INFO] ICC - RID:[1518023736979]-[SELECT]-[START]
[2018-02-07T11:15:36.980] [DEBUG] DCC - RID:[1518023736979]-[SELECT]-[QUERY]:[SELECT 
 DISTINCT([SEL].[ID_SERVICIO]),
		  [SEL].[NOMBRE_SERVICIO]
 FROM  (
		SELECT [PSXS].[ID_PRESTADOR_SERVICIO]
			  ,[PSXS].[ID_ZONA]
			  ,[PSXS].[ID_SUBZONA]
			  ,[PSXS].[ID_TIPO_SERVICIO]
			  ,[PSXS].[ID_SERVICIO]
			  ,[SERV].[NOMBRE_SERVICIO]
		  FROM [SLOAA_TC_PRESTADOR_SERVICIOS_X_SERVICIO] [PSXS]
		  LEFT JOIN [SLOAA_TC_SERVICIO] [SERV] ON [PSXS].[ID_SERVICIO]=[SERV].[ID_SERVICIO]
		  WHERE 
		  1=1
		  AND [PSXS].[ID_ZONA]=3
		  AND [PSXS].[ID_SUBZONA]=1
		  AND [PSXS].[ID_TIPO_SERVICIO]=1
  )[SEL]]
[2018-02-07T11:15:36.999] [INFO] ICC - RID:[1518023736979]-[SELECT]-[END]:[OK]
[2018-02-07T11:15:36.999] [INFO] ICC - RID:[1518023736979]-[REQUEST]-[END]:[/getAllServicios]
[2018-02-07T11:15:37.307] [INFO] ICC - RID:[1518023737307]-[REQUEST]-[START]:[/getAllProvedores]
[2018-02-07T11:15:37.307] [INFO] ICC - RID:[1518023737307]-[SELECT]-[START]
[2018-02-07T11:15:37.307] [DEBUG] DCC - RID:[1518023737307]-[SELECT]-[QUERY]:[SELECT 
 DISTINCT([SEL].[ID_PRESTADOR_SERVICIO]),
		  [SEL].[NOMBRE]
 FROM  (
		SELECT [PSXS].[ID_PRESTADOR_SERVICIO]
			  ,[PSXS].[ID_ZONA]
			  ,[PSXS].[ID_SUBZONA]
			  ,[PSXS].[ID_TIPO_SERVICIO]
			  ,[PSXS].[ID_SERVICIO]
			  ,[PS].[NOMBRE]
			  ,[PS].[CORREO_ELECTRONICO]
		  FROM [SLOAA_TC_PRESTADOR_SERVICIOS_X_SERVICIO] [PSXS]
		  LEFT JOIN [SLOAA_TC_PRESTADOR_SERVICIOS] [PS] ON [PSXS].[ID_PRESTADOR_SERVICIO]=[PS].[ID_PRESTADOR_SERVICIO]
		  WHERE 
		  1=1
		  AND [PSXS].[ID_ZONA]=3
		  AND [PSXS].[ID_SUBZONA]=1
		  AND [PSXS].[ID_TIPO_SERVICIO]=1
		  AND [PSXS].[ID_SERVICIO]=1001
  )[SEL]]
[2018-02-07T11:15:37.322] [INFO] ICC - RID:[1518023737307]-[SELECT]-[END]:[OK]
[2018-02-07T11:15:37.322] [INFO] ICC - RID:[1518023737307]-[REQUEST]-[END]:[/getAllProvedores]
[2018-02-07T11:15:37.737] [INFO] ICC - RID:[1518023737737]-[REQUEST]-[START]:[/getUnidadYPrecioUnitarioXServicio]
[2018-02-07T11:15:37.738] [INFO] ICC - RID:[1518023737737]-[SELECT]-[START]
[2018-02-07T11:15:37.738] [DEBUG] DCC - RID:[1518023737737]-[SELECT]-[QUERY]:[SELECT [QRY].*,
	  [UNI].[UNIDAD]
	   FROM
(
  SELECT 
      DISTINCT([PU].[ID_UNIDAD]),
	  [PU].[PRECIO_UNITARIO]
  FROM [dbo].[SLOAA_TR_PRECIO_UNITARIO] [PU]
  WHERE 1=1 
  AND [PU].[ID_TIPO_SERVICIO]=1
  AND  [PU].[ID_SERVICIO]=1001
)[QRY]
LEFT JOIN [dbo].[SLOAA_TC_UNIDAD] [UNI] ON [QRY].[ID_UNIDAD]=[UNI].[ID_UNIDAD]]
[2018-02-07T11:15:37.758] [INFO] ICC - RID:[1518023737737]-[SELECT]-[END]:[OK]
[2018-02-07T11:15:37.759] [INFO] ICC - RID:[1518023737737]-[REQUEST]-[END]:[/getUnidadYPrecioUnitarioXServicio]
[2018-02-07T11:15:40.227] [INFO] ICC - RID:[1518023740227]-[REQUEST]-[START]:[/addCotizacion]
[2018-02-07T11:15:40.228] [INFO] ICC - RID:[1518023740227]-[FREE-DML]-[START]
[2018-02-07T11:15:40.228] [DEBUG] DCC - RID:[1518023740227]-[FREE-DML]-[DML]:[ INSERT INTO [dbo].[SLOAA_TR_SERVICIO_COTIZACION]
           (
            [ID_ORDEN_SERVICIO]
           ,[ID_TIPO_SERVICIO]
           ,[ID_SERVICIO]
           ,[ID_UNIDAD]
		   
		   
           ,[PRECIO_UNITARIO]
           ,[CANTIDAD]
           ,[COTIZACION]
		   
           ,[DEDUCCION_CANTIDAD]
           ,[DEDUCCION_TIEMPO]
           ,[CANCELACION]
           ,[DEDUCCION]
           ,[DEDUCCION_JUSTIFICACION]
           ,[PRECIO_SERVICIO_FINAL]
           ,[VALIDA_DISPONIBILIDAD]
           ,[ID_ZONA]
           ,[ID_SUBZONA]
           ,[ID_PRESTADOR_SERVICIO]
		   )
     VALUES
           (
		   247 
		   , 1 
		   , 1001 
		   , 1 
		   
		   , 1 
		   , 1 
		   , 1 
		   
		   
		   
		   , 0 
		   , 0 
		   , 0 
		   , 0 
		   , '' 
		   , 0 
		   , 0 
		   , 3
		   , 1
		   , 1
		   )]
[2018-02-07T11:15:40.251] [INFO] ICC - RID:[1518023740227]-[FREE-DML]-[END]:[OK]
[2018-02-07T11:15:40.251] [INFO] ICC - RID:[1518023740227]-[REQUEST]-[END]:[/addCotizacion]
[2018-02-07T11:15:40.331] [INFO] ICC - RID:[1518023740331]-[REQUEST]-[START]:[/getAllCotizacionXOrden]
[2018-02-07T11:15:40.331] [INFO] ICC - RID:[1518023740331]-[SELECT]-[START]
[2018-02-07T11:15:40.331] [DEBUG] DCC - RID:[1518023740331]-[SELECT]-[QUERY]:[SELECT COT.ID_SERVICIO_COTIZACION, COT.ID_ORDEN_SERVICIO, COT.ID_TIPO_SERVICIO, COT.ID_SERVICIO, COT.ID_UNIDAD, COT.ID_ZONA, COT.ID_SUBZONA, COT.PRECIO_UNITARIO, COT.CANTIDAD, COT.COTIZACION, COT.DEDUCCION, COT.DEDUCCION_JUSTIFICACION, COT.PRECIO_SERVICIO_FINAL, SERV.NOMBRE_SERVICIO, TIPO.TIPO, PRES.NOMBRE, SUBZ.SUBZONA, ZONA.ZONA FROM SLOAA_TR_SERVICIO_COTIZACION COT INNER JOIN SLOAA_TR_PRECIO_UNITARIO UNIT ON COT.ID_TIPO_SERVICIO = UNIT.ID_TIPO_SERVICIO AND COT.ID_SERVICIO = UNIT.ID_SERVICIO AND COT.ID_UNIDAD = UNIT.ID_UNIDAD INNER JOIN SLOAA_TC_SERVICIO SERV ON SERV.ID_SERVICIO = UNIT.ID_SERVICIO AND SERV.ID_SERVICIO = UNIT.ID_SERVICIO INNER JOIN SLOAA_TC_TIPO_SERVICIO TIPO ON TIPO.ID_TIPO_SERVICIO = SERV.ID_TIPO_SERVICIO INNER JOIN SLOAA_TC_PRESTADOR_SERVICIOS_X_SERVICIO PRESERV ON PRESERV.ID_PRESTADOR_SERVICIO = COT.ID_PRESTADOR_SERVICIO AND PRESERV.ID_TIPO_SERVICIO = COT.ID_TIPO_SERVICIO AND PRESERV.ID_SERVICIO = COT.ID_SERVICIO INNER JOIN SLOAA_TC_PRESTADOR_SERVICIOS PRES ON PRES.ID_PRESTADOR_SERVICIO = PRESERV.ID_PRESTADOR_SERVICIO AND PRES.ID_ZONA = PRESERV.ID_ZONA AND PRES.ID_SUBZONA = PRESERV.ID_SUBZONA INNER JOIN SLOAA_TC_SUBZONA SUBZ ON SUBZ.ID_ZONA = PRES.ID_ZONA AND SUBZ.ID_SUBZONA = PRES.ID_SUBZONA INNER JOIN SLOAA_TC_ZONA ZONA ON ZONA.ID_ZONA = SUBZ.ID_ZONA 
                        WHERE ID_ORDEN_SERVICIO =247]
[2018-02-07T11:15:40.364] [INFO] ICC - RID:[1518023740331]-[SELECT]-[END]:[OK]
[2018-02-07T11:15:40.365] [INFO] ICC - RID:[1518023740331]-[REQUEST]-[END]:[/getAllCotizacionXOrden]
[2018-02-07T11:15:42.529] [INFO] ICC - RID:[1518023742529]-[REQUEST]-[START]:[/getAllTipoServicio]
[2018-02-07T11:15:42.529] [INFO] ICC - RID:[1518023742529]-[SELECT]-[START]
[2018-02-07T11:15:42.529] [DEBUG] DCC - RID:[1518023742529]-[SELECT]-[QUERY]:[SELECT 
 DISTINCT([SEL].[ID_TIPO_SERVICIO]),
		  [SEL].[TIPO]
 FROM  (
		SELECT [PSXS].[ID_PRESTADOR_SERVICIO]
			  ,[PSXS].[ID_ZONA]
			  ,[PSXS].[ID_SUBZONA]
			  ,[PSXS].[ID_TIPO_SERVICIO]
			  ,[TS].[TIPO]
			  ,[PSXS].[ID_SERVICIO]
		  FROM [SLOAA_TC_PRESTADOR_SERVICIOS_X_SERVICIO] [PSXS]
		  LEFT JOIN [SLOAA_TC_TIPO_SERVICIO] [TS] ON [PSXS].[ID_TIPO_SERVICIO]=[TS].[ID_TIPO_SERVICIO]
		  WHERE 
		  1=1
		  AND [PSXS].[ID_ZONA]=3
  )[SEL] ]
[2018-02-07T11:15:42.550] [INFO] ICC - RID:[1518023742529]-[SELECT]-[END]:[OK]
[2018-02-07T11:15:42.550] [INFO] ICC - RID:[1518023742529]-[REQUEST]-[END]:[/getAllTipoServicio]
[2018-02-07T11:15:42.567] [INFO] ICC - RID:[1518023742567]-[REQUEST]-[START]:[/getAllSubZona]
[2018-02-07T11:15:42.567] [INFO] ICC - RID:[1518023742567]-[SELECT]-[START]
[2018-02-07T11:15:42.567] [DEBUG] DCC - RID:[1518023742567]-[SELECT]-[QUERY]:[SELECT [ID_SUBZONA],[SUBZONA] FROM [SLOAA_TC_SUBZONA] WHERE 1=1 AND [ID_ZONA]=3]
[2018-02-07T11:15:42.581] [INFO] ICC - RID:[1518023742567]-[SELECT]-[END]:[OK]
[2018-02-07T11:15:42.581] [INFO] ICC - RID:[1518023742567]-[REQUEST]-[END]:[/getAllSubZona]
[2018-02-07T11:15:42.620] [INFO] ICC - RID:[1518023742620]-[REQUEST]-[START]:[/getAllServicios]
[2018-02-07T11:15:42.621] [INFO] ICC - RID:[1518023742620]-[SELECT]-[START]
[2018-02-07T11:15:42.621] [DEBUG] DCC - RID:[1518023742620]-[SELECT]-[QUERY]:[SELECT 
 DISTINCT([SEL].[ID_SERVICIO]),
		  [SEL].[NOMBRE_SERVICIO]
 FROM  (
		SELECT [PSXS].[ID_PRESTADOR_SERVICIO]
			  ,[PSXS].[ID_ZONA]
			  ,[PSXS].[ID_SUBZONA]
			  ,[PSXS].[ID_TIPO_SERVICIO]
			  ,[PSXS].[ID_SERVICIO]
			  ,[SERV].[NOMBRE_SERVICIO]
		  FROM [SLOAA_TC_PRESTADOR_SERVICIOS_X_SERVICIO] [PSXS]
		  LEFT JOIN [SLOAA_TC_SERVICIO] [SERV] ON [PSXS].[ID_SERVICIO]=[SERV].[ID_SERVICIO]
		  WHERE 
		  1=1
		  AND [PSXS].[ID_ZONA]=3
		  AND [PSXS].[ID_SUBZONA]=1
		  AND [PSXS].[ID_TIPO_SERVICIO]=1
  )[SEL]]
[2018-02-07T11:15:42.638] [INFO] ICC - RID:[1518023742620]-[SELECT]-[END]:[OK]
[2018-02-07T11:15:42.639] [INFO] ICC - RID:[1518023742620]-[REQUEST]-[END]:[/getAllServicios]
[2018-02-07T11:15:42.658] [INFO] ICC - RID:[1518023742658]-[REQUEST]-[START]:[/getAllProvedores]
[2018-02-07T11:15:42.659] [INFO] ICC - RID:[1518023742658]-[SELECT]-[START]
[2018-02-07T11:15:42.659] [DEBUG] DCC - RID:[1518023742658]-[SELECT]-[QUERY]:[SELECT 
 DISTINCT([SEL].[ID_PRESTADOR_SERVICIO]),
		  [SEL].[NOMBRE]
 FROM  (
		SELECT [PSXS].[ID_PRESTADOR_SERVICIO]
			  ,[PSXS].[ID_ZONA]
			  ,[PSXS].[ID_SUBZONA]
			  ,[PSXS].[ID_TIPO_SERVICIO]
			  ,[PSXS].[ID_SERVICIO]
			  ,[PS].[NOMBRE]
			  ,[PS].[CORREO_ELECTRONICO]
		  FROM [SLOAA_TC_PRESTADOR_SERVICIOS_X_SERVICIO] [PSXS]
		  LEFT JOIN [SLOAA_TC_PRESTADOR_SERVICIOS] [PS] ON [PSXS].[ID_PRESTADOR_SERVICIO]=[PS].[ID_PRESTADOR_SERVICIO]
		  WHERE 
		  1=1
		  AND [PSXS].[ID_ZONA]=3
		  AND [PSXS].[ID_SUBZONA]=1
		  AND [PSXS].[ID_TIPO_SERVICIO]=1
		  AND [PSXS].[ID_SERVICIO]=1001
  )[SEL]]
[2018-02-07T11:15:42.677] [INFO] ICC - RID:[1518023742658]-[SELECT]-[END]:[OK]
[2018-02-07T11:15:42.679] [INFO] ICC - RID:[1518023742658]-[REQUEST]-[END]:[/getAllProvedores]
[2018-02-07T11:15:42.714] [INFO] ICC - RID:[1518023742714]-[REQUEST]-[START]:[/getUnidadYPrecioUnitarioXServicio]
[2018-02-07T11:15:42.714] [INFO] ICC - RID:[1518023742714]-[SELECT]-[START]
[2018-02-07T11:15:42.714] [DEBUG] DCC - RID:[1518023742714]-[SELECT]-[QUERY]:[SELECT [QRY].*,
	  [UNI].[UNIDAD]
	   FROM
(
  SELECT 
      DISTINCT([PU].[ID_UNIDAD]),
	  [PU].[PRECIO_UNITARIO]
  FROM [dbo].[SLOAA_TR_PRECIO_UNITARIO] [PU]
  WHERE 1=1 
  AND [PU].[ID_TIPO_SERVICIO]=
  AND  [PU].[ID_SERVICIO]=
)[QRY]
LEFT JOIN [dbo].[SLOAA_TC_UNIDAD] [UNI] ON [QRY].[ID_UNIDAD]=[UNI].[ID_UNIDAD]]
[2018-02-07T11:15:42.729] [ERROR] ECC - RID:[1518023742714]-[SELECT]-[END]:[FAIL]:[Incorrect syntax near the keyword 'AND'.]
[2018-02-07T11:15:42.729] [ERROR] ECC - RID:[1518023742714]-[REQUEST]-[ERROR]:[Incorrect syntax near the keyword 'AND'.]:[/getUnidadYPrecioUnitarioXServicio]
[2018-02-07T11:16:35.917] [INFO] ICC - RID:[1518023795917]-[REQUEST]-[START]:[/defaultSelect]
[2018-02-07T11:16:35.917] [INFO] ICC - RID:[1518023795917]-[SELECT]-[START]
[2018-02-07T11:16:35.917] [DEBUG] DCC - RID:[1518023795917]-[SELECT]-[QUERY]:[SELECT [CRED].[ID_CREDENCIAL]
      ,[CRED].[NOMBRE]
      ,[CRED].[USUARIO_NOMBRE]
      ,[CRED].[ID_AUTORIDAD]
	  ,[AUTH].[NOMBRE_AUTORIDAD]
	  ,[AUTH].[ID_ZONA]
         ,[CRED].[ID_ROL]
	  ,[ROL].[NOMBRE_ROL]
	  ,[ROL].[PRIVILEGIOS]
      ,[CRED].[ID_CREDENCIAL_SUPERIOR]
  FROM [dbo].[SLOAA_TR_CREDENCIAL] [CRED]
  LEFT JOIN  [dbo].[SLOAA_TC_AUTORIDAD] [AUTH] ON [CRED].[ID_AUTORIDAD]=[AUTH].[ID_AUTORIDAD]
  LEFT JOIN  [dbo].[SLOAA_TS_ROL] [ROL] ON [CRED].[ID_ROL]=[ROL].[ID_ROL]
  
  WHERE 
	            [CRED].[USUARIO_NOMBRE]='carlos.palacios'
		AND [CRED].[USUARIO_PASSWORD]='12345']
[2018-02-07T11:16:35.936] [INFO] ICC - RID:[1518023795917]-[SELECT]-[END]:[OK]
[2018-02-07T11:16:35.936] [INFO] ICC - RID:[1518023795917]-[REQUEST]-[END]:[/defaultSelect]
[2018-02-07T11:16:36.176] [INFO] ICC - RID:[1518023796176]-[REQUEST]-[START]:[/getAllOrdenServicio]
[2018-02-07T11:16:36.177] [INFO] ICC - RID:[1518023796176]-[SELECT]-[START]
[2018-02-07T11:16:36.177] [DEBUG] DCC - RID:[1518023796176]-[SELECT]-[QUERY]:[SELECT  
	    [ORD].[ID_ORDEN_SERVICIO]
      ,[ORD].[NUM_ORDEN]
      ,[ORD].[FECHA_SOLICITUD]
      ,[ORD].[DOMICILIO]
      ,[ORD].[FIRMA1_USER1]
      ,[ORD].[FIRMA1_USER2]
      ,[ORD].[FIRMA2_USER1]
      ,[ORD].[FIRMA2_USER2]
      ,[ORD].[ID_STATUS]
      ,[ORD].[METAINFO_FECHA_CREACION]
      ,[ORD].[METAINFO_IP]
      ,[ORD].[METAINFO_MAC_ADRR]
      ,[ORD].[LLAVE_SISTEMA]
      ,[ORD].[CIERRE_TOTAL]
	  
	   ,[CRED].[ID_CREDENCIAL]
      ,[CRED].[NOMBRE]
      ,[CRED].[CARGO]
      ,[CRED].[TELEFONO]
      ,[CRED].[EXT]
      ,[CRED].[EMAIL]
      ,[CRED].[PTT]
      ,[CRED].[MOVIL]
      ,[CRED].[USUARIO_NOMBRE]
      ,[CRED].[USUARIO_PASSWORD]
      ,[CRED].[ID_ROL]
      ,[CRED].[ID_CREDENCIAL_SUPERIOR]

	   ,[AUTH].[ID_AUTORIDAD]
      ,[AUTH].[NOMBRE_AUTORIDAD]
      ,[AUTH].[ESTADO]
      ,[AUTH].[NIVEL]
      ,[AUTH].[SERVICIO]
      ,[AUTH].[ID_ZONA] 
             ,[STATUS].[NOMBRE_STATUS]
  FROM 
  [SLOAA_TR_ORDEN_SERVICIO] [ORD]
 LEFT JOIN [SLOAA_TR_CREDENCIAL] [CRED] ON  [CRED].[ID_CREDENCIAL]=[ORD].[ID_CREDENCIAL]
 LEFT JOIN [SLOAA_TC_AUTORIDAD] [AUTH] ON  [AUTH].[ID_AUTORIDAD]=[CRED].[ID_AUTORIDAD]
 LEFT JOIN [dbo].[SLOAA_TC_STATUS] [STATUS] ON  [ORD].[ID_STATUS]=[STATUS].[ID_STATUS]
  WHERE
  1=1
 ]
[2018-02-07T11:16:36.198] [INFO] ICC - RID:[1518023796176]-[SELECT]-[END]:[OK]
[2018-02-07T11:16:36.198] [INFO] ICC - RID:[1518023796176]-[REQUEST]-[END]:[/getAllOrdenServicio]
[2018-02-07T11:16:38.938] [INFO] ICC - RID:[1518023798938]-[REQUEST]-[START]:[/getAllCotizacionXOrden]
[2018-02-07T11:16:38.938] [INFO] ICC - RID:[1518023798938]-[SELECT]-[START]
[2018-02-07T11:16:38.939] [DEBUG] DCC - RID:[1518023798938]-[SELECT]-[QUERY]:[SELECT COT.ID_SERVICIO_COTIZACION, COT.ID_ORDEN_SERVICIO, COT.ID_TIPO_SERVICIO, COT.ID_SERVICIO, COT.ID_UNIDAD, COT.ID_ZONA, COT.ID_SUBZONA, COT.PRECIO_UNITARIO, COT.CANTIDAD, COT.COTIZACION, COT.DEDUCCION, COT.DEDUCCION_JUSTIFICACION, COT.PRECIO_SERVICIO_FINAL, SERV.NOMBRE_SERVICIO, TIPO.TIPO, PRES.NOMBRE, SUBZ.SUBZONA, ZONA.ZONA FROM SLOAA_TR_SERVICIO_COTIZACION COT INNER JOIN SLOAA_TR_PRECIO_UNITARIO UNIT ON COT.ID_TIPO_SERVICIO = UNIT.ID_TIPO_SERVICIO AND COT.ID_SERVICIO = UNIT.ID_SERVICIO AND COT.ID_UNIDAD = UNIT.ID_UNIDAD INNER JOIN SLOAA_TC_SERVICIO SERV ON SERV.ID_SERVICIO = UNIT.ID_SERVICIO AND SERV.ID_SERVICIO = UNIT.ID_SERVICIO INNER JOIN SLOAA_TC_TIPO_SERVICIO TIPO ON TIPO.ID_TIPO_SERVICIO = SERV.ID_TIPO_SERVICIO INNER JOIN SLOAA_TC_PRESTADOR_SERVICIOS_X_SERVICIO PRESERV ON PRESERV.ID_PRESTADOR_SERVICIO = COT.ID_PRESTADOR_SERVICIO AND PRESERV.ID_TIPO_SERVICIO = COT.ID_TIPO_SERVICIO AND PRESERV.ID_SERVICIO = COT.ID_SERVICIO INNER JOIN SLOAA_TC_PRESTADOR_SERVICIOS PRES ON PRES.ID_PRESTADOR_SERVICIO = PRESERV.ID_PRESTADOR_SERVICIO AND PRES.ID_ZONA = PRESERV.ID_ZONA AND PRES.ID_SUBZONA = PRESERV.ID_SUBZONA INNER JOIN SLOAA_TC_SUBZONA SUBZ ON SUBZ.ID_ZONA = PRES.ID_ZONA AND SUBZ.ID_SUBZONA = PRES.ID_SUBZONA INNER JOIN SLOAA_TC_ZONA ZONA ON ZONA.ID_ZONA = SUBZ.ID_ZONA 
                        WHERE ID_ORDEN_SERVICIO =247]
[2018-02-07T11:16:38.960] [INFO] ICC - RID:[1518023798938]-[SELECT]-[END]:[OK]
[2018-02-07T11:16:38.961] [INFO] ICC - RID:[1518023798938]-[REQUEST]-[END]:[/getAllCotizacionXOrden]
[2018-02-07T11:16:39.709] [INFO] ICC - RID:[1518023799709]-[REQUEST]-[START]:[/getAllTipoServicio]
[2018-02-07T11:16:39.709] [INFO] ICC - RID:[1518023799709]-[SELECT]-[START]
[2018-02-07T11:16:39.710] [DEBUG] DCC - RID:[1518023799709]-[SELECT]-[QUERY]:[SELECT 
 DISTINCT([SEL].[ID_TIPO_SERVICIO]),
		  [SEL].[TIPO]
 FROM  (
		SELECT [PSXS].[ID_PRESTADOR_SERVICIO]
			  ,[PSXS].[ID_ZONA]
			  ,[PSXS].[ID_SUBZONA]
			  ,[PSXS].[ID_TIPO_SERVICIO]
			  ,[TS].[TIPO]
			  ,[PSXS].[ID_SERVICIO]
		  FROM [SLOAA_TC_PRESTADOR_SERVICIOS_X_SERVICIO] [PSXS]
		  LEFT JOIN [SLOAA_TC_TIPO_SERVICIO] [TS] ON [PSXS].[ID_TIPO_SERVICIO]=[TS].[ID_TIPO_SERVICIO]
		  WHERE 
		  1=1
		  AND [PSXS].[ID_ZONA]=3
  )[SEL] ]
[2018-02-07T11:16:39.722] [INFO] ICC - RID:[1518023799709]-[SELECT]-[END]:[OK]
[2018-02-07T11:16:39.722] [INFO] ICC - RID:[1518023799709]-[REQUEST]-[END]:[/getAllTipoServicio]
[2018-02-07T11:16:39.817] [INFO] ICC - RID:[1518023799817]-[REQUEST]-[START]:[/getAllSubZona]
[2018-02-07T11:16:39.818] [INFO] ICC - RID:[1518023799817]-[SELECT]-[START]
[2018-02-07T11:16:39.818] [DEBUG] DCC - RID:[1518023799817]-[SELECT]-[QUERY]:[SELECT [ID_SUBZONA],[SUBZONA] FROM [SLOAA_TC_SUBZONA] WHERE 1=1 AND [ID_ZONA]=3]
[2018-02-07T11:16:39.829] [INFO] ICC - RID:[1518023799817]-[SELECT]-[END]:[OK]
[2018-02-07T11:16:39.829] [INFO] ICC - RID:[1518023799817]-[REQUEST]-[END]:[/getAllSubZona]
[2018-02-07T11:16:39.920] [INFO] ICC - RID:[1518023799920]-[REQUEST]-[START]:[/getAllServicios]
[2018-02-07T11:16:39.920] [INFO] ICC - RID:[1518023799920]-[SELECT]-[START]
[2018-02-07T11:16:39.920] [DEBUG] DCC - RID:[1518023799920]-[SELECT]-[QUERY]:[SELECT 
 DISTINCT([SEL].[ID_SERVICIO]),
		  [SEL].[NOMBRE_SERVICIO]
 FROM  (
		SELECT [PSXS].[ID_PRESTADOR_SERVICIO]
			  ,[PSXS].[ID_ZONA]
			  ,[PSXS].[ID_SUBZONA]
			  ,[PSXS].[ID_TIPO_SERVICIO]
			  ,[PSXS].[ID_SERVICIO]
			  ,[SERV].[NOMBRE_SERVICIO]
		  FROM [SLOAA_TC_PRESTADOR_SERVICIOS_X_SERVICIO] [PSXS]
		  LEFT JOIN [SLOAA_TC_SERVICIO] [SERV] ON [PSXS].[ID_SERVICIO]=[SERV].[ID_SERVICIO]
		  WHERE 
		  1=1
		  AND [PSXS].[ID_ZONA]=3
		  AND [PSXS].[ID_SUBZONA]=1
		  AND [PSXS].[ID_TIPO_SERVICIO]=1
  )[SEL]]
[2018-02-07T11:16:39.933] [INFO] ICC - RID:[1518023799920]-[SELECT]-[END]:[OK]
[2018-02-07T11:16:39.933] [INFO] ICC - RID:[1518023799920]-[REQUEST]-[END]:[/getAllServicios]
[2018-02-07T11:16:40.018] [INFO] ICC - RID:[1518023800018]-[REQUEST]-[START]:[/getAllProvedores]
[2018-02-07T11:16:40.019] [INFO] ICC - RID:[1518023800018]-[SELECT]-[START]
[2018-02-07T11:16:40.019] [DEBUG] DCC - RID:[1518023800018]-[SELECT]-[QUERY]:[SELECT 
 DISTINCT([SEL].[ID_PRESTADOR_SERVICIO]),
		  [SEL].[NOMBRE]
 FROM  (
		SELECT [PSXS].[ID_PRESTADOR_SERVICIO]
			  ,[PSXS].[ID_ZONA]
			  ,[PSXS].[ID_SUBZONA]
			  ,[PSXS].[ID_TIPO_SERVICIO]
			  ,[PSXS].[ID_SERVICIO]
			  ,[PS].[NOMBRE]
			  ,[PS].[CORREO_ELECTRONICO]
		  FROM [SLOAA_TC_PRESTADOR_SERVICIOS_X_SERVICIO] [PSXS]
		  LEFT JOIN [SLOAA_TC_PRESTADOR_SERVICIOS] [PS] ON [PSXS].[ID_PRESTADOR_SERVICIO]=[PS].[ID_PRESTADOR_SERVICIO]
		  WHERE 
		  1=1
		  AND [PSXS].[ID_ZONA]=3
		  AND [PSXS].[ID_SUBZONA]=1
		  AND [PSXS].[ID_TIPO_SERVICIO]=1
		  AND [PSXS].[ID_SERVICIO]=1001
  )[SEL]]
[2018-02-07T11:16:40.032] [INFO] ICC - RID:[1518023800018]-[SELECT]-[END]:[OK]
[2018-02-07T11:16:40.033] [INFO] ICC - RID:[1518023800018]-[REQUEST]-[END]:[/getAllProvedores]
[2018-02-07T11:16:40.045] [INFO] ICC - RID:[1518023800045]-[REQUEST]-[START]:[/getUnidadYPrecioUnitarioXServicio]
[2018-02-07T11:16:40.045] [DEBUG] DCC - {"missing":[{"requiredFieldName":"idTipoServicio","requiredFieldType":"string"},{"requiredFieldName":"idServicio","requiredFieldType":"string"}]}
[2018-02-07T11:16:40.046] [ERROR] ECC - RID:[1518023800045]-[REQUEST]-[ERROR]:[Input parameter problem.]:[/getUnidadYPrecioUnitarioXServicio]
[2018-02-07T11:17:38.958] [INFO] ICC - RID:[1518023858958]-[REQUEST]-[START]:[/getAllProvedores]
[2018-02-07T11:17:38.958] [INFO] ICC - RID:[1518023858958]-[SELECT]-[START]
[2018-02-07T11:17:38.958] [DEBUG] DCC - RID:[1518023858958]-[SELECT]-[QUERY]:[SELECT 
 DISTINCT([SEL].[ID_PRESTADOR_SERVICIO]),
		  [SEL].[NOMBRE]
 FROM  (
		SELECT [PSXS].[ID_PRESTADOR_SERVICIO]
			  ,[PSXS].[ID_ZONA]
			  ,[PSXS].[ID_SUBZONA]
			  ,[PSXS].[ID_TIPO_SERVICIO]
			  ,[PSXS].[ID_SERVICIO]
			  ,[PS].[NOMBRE]
			  ,[PS].[CORREO_ELECTRONICO]
		  FROM [SLOAA_TC_PRESTADOR_SERVICIOS_X_SERVICIO] [PSXS]
		  LEFT JOIN [SLOAA_TC_PRESTADOR_SERVICIOS] [PS] ON [PSXS].[ID_PRESTADOR_SERVICIO]=[PS].[ID_PRESTADOR_SERVICIO]
		  WHERE 
		  1=1
		  AND [PSXS].[ID_ZONA]=3
		  AND [PSXS].[ID_SUBZONA]=1
		  AND [PSXS].[ID_TIPO_SERVICIO]=1
		  AND [PSXS].[ID_SERVICIO]=1001
  )[SEL]]
[2018-02-07T11:17:38.979] [INFO] ICC - RID:[1518023858958]-[SELECT]-[END]:[OK]
[2018-02-07T11:17:38.980] [INFO] ICC - RID:[1518023858958]-[REQUEST]-[END]:[/getAllProvedores]
[2018-02-07T11:17:41.793] [INFO] ICC - RID:[1518023861793]-[REQUEST]-[START]:[/getUnidadYPrecioUnitarioXServicio]
[2018-02-07T11:17:41.794] [INFO] ICC - RID:[1518023861793]-[SELECT]-[START]
[2018-02-07T11:17:41.794] [DEBUG] DCC - RID:[1518023861793]-[SELECT]-[QUERY]:[SELECT [QRY].*,
	  [UNI].[UNIDAD]
	   FROM
(
  SELECT 
      DISTINCT([PU].[ID_UNIDAD]),
	  [PU].[PRECIO_UNITARIO]
  FROM [dbo].[SLOAA_TR_PRECIO_UNITARIO] [PU]
  WHERE 1=1 
  AND [PU].[ID_TIPO_SERVICIO]=1
  AND  [PU].[ID_SERVICIO]=1001
)[QRY]
LEFT JOIN [dbo].[SLOAA_TC_UNIDAD] [UNI] ON [QRY].[ID_UNIDAD]=[UNI].[ID_UNIDAD]]
[2018-02-07T11:17:41.809] [INFO] ICC - RID:[1518023861793]-[SELECT]-[END]:[OK]
[2018-02-07T11:17:41.810] [INFO] ICC - RID:[1518023861793]-[REQUEST]-[END]:[/getUnidadYPrecioUnitarioXServicio]
[2018-02-07T11:17:43.389] [INFO] ICC - RID:[1518023863389]-[REQUEST]-[START]:[/addCotizacion]
[2018-02-07T11:17:43.390] [INFO] ICC - RID:[1518023863389]-[FREE-DML]-[START]
[2018-02-07T11:17:43.390] [DEBUG] DCC - RID:[1518023863389]-[FREE-DML]-[DML]:[ INSERT INTO [dbo].[SLOAA_TR_SERVICIO_COTIZACION]
           (
            [ID_ORDEN_SERVICIO]
           ,[ID_TIPO_SERVICIO]
           ,[ID_SERVICIO]
           ,[ID_UNIDAD]
		   
		   
           ,[PRECIO_UNITARIO]
           ,[CANTIDAD]
           ,[COTIZACION]
		   
           ,[DEDUCCION_CANTIDAD]
           ,[DEDUCCION_TIEMPO]
           ,[CANCELACION]
           ,[DEDUCCION]
           ,[DEDUCCION_JUSTIFICACION]
           ,[PRECIO_SERVICIO_FINAL]
           ,[VALIDA_DISPONIBILIDAD]
           ,[ID_ZONA]
           ,[ID_SUBZONA]
           ,[ID_PRESTADOR_SERVICIO]
		   )
     VALUES
           (
		   247 
		   , 1 
		   , 1001 
		   , 1 
		   
		   , 1 
		   , 1 
		   , 1 
		   
		   
		   
		   , 0 
		   , 0 
		   , 0 
		   , 0 
		   , '' 
		   , 0 
		   , 0 
		   , 3
		   , 1
		   , 1
		   )]
[2018-02-07T11:17:43.407] [INFO] ICC - RID:[1518023863389]-[FREE-DML]-[END]:[OK]
[2018-02-07T11:17:43.407] [INFO] ICC - RID:[1518023863389]-[REQUEST]-[END]:[/addCotizacion]
[2018-02-07T11:17:43.910] [INFO] ICC - RID:[1518023863910]-[REQUEST]-[START]:[/getAllCotizacionXOrden]
[2018-02-07T11:17:43.910] [INFO] ICC - RID:[1518023863910]-[SELECT]-[START]
[2018-02-07T11:17:43.910] [DEBUG] DCC - RID:[1518023863910]-[SELECT]-[QUERY]:[SELECT COT.ID_SERVICIO_COTIZACION, COT.ID_ORDEN_SERVICIO, COT.ID_TIPO_SERVICIO, COT.ID_SERVICIO, COT.ID_UNIDAD, COT.ID_ZONA, COT.ID_SUBZONA, COT.PRECIO_UNITARIO, COT.CANTIDAD, COT.COTIZACION, COT.DEDUCCION, COT.DEDUCCION_JUSTIFICACION, COT.PRECIO_SERVICIO_FINAL, SERV.NOMBRE_SERVICIO, TIPO.TIPO, PRES.NOMBRE, SUBZ.SUBZONA, ZONA.ZONA FROM SLOAA_TR_SERVICIO_COTIZACION COT INNER JOIN SLOAA_TR_PRECIO_UNITARIO UNIT ON COT.ID_TIPO_SERVICIO = UNIT.ID_TIPO_SERVICIO AND COT.ID_SERVICIO = UNIT.ID_SERVICIO AND COT.ID_UNIDAD = UNIT.ID_UNIDAD INNER JOIN SLOAA_TC_SERVICIO SERV ON SERV.ID_SERVICIO = UNIT.ID_SERVICIO AND SERV.ID_SERVICIO = UNIT.ID_SERVICIO INNER JOIN SLOAA_TC_TIPO_SERVICIO TIPO ON TIPO.ID_TIPO_SERVICIO = SERV.ID_TIPO_SERVICIO INNER JOIN SLOAA_TC_PRESTADOR_SERVICIOS_X_SERVICIO PRESERV ON PRESERV.ID_PRESTADOR_SERVICIO = COT.ID_PRESTADOR_SERVICIO AND PRESERV.ID_TIPO_SERVICIO = COT.ID_TIPO_SERVICIO AND PRESERV.ID_SERVICIO = COT.ID_SERVICIO INNER JOIN SLOAA_TC_PRESTADOR_SERVICIOS PRES ON PRES.ID_PRESTADOR_SERVICIO = PRESERV.ID_PRESTADOR_SERVICIO AND PRES.ID_ZONA = PRESERV.ID_ZONA AND PRES.ID_SUBZONA = PRESERV.ID_SUBZONA INNER JOIN SLOAA_TC_SUBZONA SUBZ ON SUBZ.ID_ZONA = PRES.ID_ZONA AND SUBZ.ID_SUBZONA = PRES.ID_SUBZONA INNER JOIN SLOAA_TC_ZONA ZONA ON ZONA.ID_ZONA = SUBZ.ID_ZONA 
                        WHERE ID_ORDEN_SERVICIO =247]
[2018-02-07T11:17:43.930] [INFO] ICC - RID:[1518023863910]-[SELECT]-[END]:[OK]
[2018-02-07T11:17:43.930] [INFO] ICC - RID:[1518023863910]-[REQUEST]-[END]:[/getAllCotizacionXOrden]
[2018-02-07T11:17:46.077] [INFO] ICC - RID:[1518023866077]-[REQUEST]-[START]:[/getAllTipoServicio]
[2018-02-07T11:17:46.078] [INFO] ICC - RID:[1518023866077]-[SELECT]-[START]
[2018-02-07T11:17:46.078] [DEBUG] DCC - RID:[1518023866077]-[SELECT]-[QUERY]:[SELECT 
 DISTINCT([SEL].[ID_TIPO_SERVICIO]),
		  [SEL].[TIPO]
 FROM  (
		SELECT [PSXS].[ID_PRESTADOR_SERVICIO]
			  ,[PSXS].[ID_ZONA]
			  ,[PSXS].[ID_SUBZONA]
			  ,[PSXS].[ID_TIPO_SERVICIO]
			  ,[TS].[TIPO]
			  ,[PSXS].[ID_SERVICIO]
		  FROM [SLOAA_TC_PRESTADOR_SERVICIOS_X_SERVICIO] [PSXS]
		  LEFT JOIN [SLOAA_TC_TIPO_SERVICIO] [TS] ON [PSXS].[ID_TIPO_SERVICIO]=[TS].[ID_TIPO_SERVICIO]
		  WHERE 
		  1=1
		  AND [PSXS].[ID_ZONA]=3
  )[SEL] ]
[2018-02-07T11:17:46.090] [INFO] ICC - RID:[1518023866077]-[SELECT]-[END]:[OK]
[2018-02-07T11:17:46.091] [INFO] ICC - RID:[1518023866077]-[REQUEST]-[END]:[/getAllTipoServicio]
[2018-02-07T11:17:46.146] [INFO] ICC - RID:[1518023866146]-[REQUEST]-[START]:[/getAllSubZona]
[2018-02-07T11:17:46.147] [INFO] ICC - RID:[1518023866146]-[SELECT]-[START]
[2018-02-07T11:17:46.147] [DEBUG] DCC - RID:[1518023866146]-[SELECT]-[QUERY]:[SELECT [ID_SUBZONA],[SUBZONA] FROM [SLOAA_TC_SUBZONA] WHERE 1=1 AND [ID_ZONA]=3]
[2018-02-07T11:17:46.167] [INFO] ICC - RID:[1518023866146]-[SELECT]-[END]:[OK]
[2018-02-07T11:17:46.167] [INFO] ICC - RID:[1518023866146]-[REQUEST]-[END]:[/getAllSubZona]
[2018-02-07T11:17:46.183] [INFO] ICC - RID:[1518023866183]-[REQUEST]-[START]:[/getAllServicios]
[2018-02-07T11:17:46.183] [INFO] ICC - RID:[1518023866183]-[SELECT]-[START]
[2018-02-07T11:17:46.183] [DEBUG] DCC - RID:[1518023866183]-[SELECT]-[QUERY]:[SELECT 
 DISTINCT([SEL].[ID_SERVICIO]),
		  [SEL].[NOMBRE_SERVICIO]
 FROM  (
		SELECT [PSXS].[ID_PRESTADOR_SERVICIO]
			  ,[PSXS].[ID_ZONA]
			  ,[PSXS].[ID_SUBZONA]
			  ,[PSXS].[ID_TIPO_SERVICIO]
			  ,[PSXS].[ID_SERVICIO]
			  ,[SERV].[NOMBRE_SERVICIO]
		  FROM [SLOAA_TC_PRESTADOR_SERVICIOS_X_SERVICIO] [PSXS]
		  LEFT JOIN [SLOAA_TC_SERVICIO] [SERV] ON [PSXS].[ID_SERVICIO]=[SERV].[ID_SERVICIO]
		  WHERE 
		  1=1
		  AND [PSXS].[ID_ZONA]=3
		  AND [PSXS].[ID_SUBZONA]=1
		  AND [PSXS].[ID_TIPO_SERVICIO]=1
  )[SEL]]
[2018-02-07T11:17:46.205] [INFO] ICC - RID:[1518023866183]-[SELECT]-[END]:[OK]
[2018-02-07T11:17:46.206] [INFO] ICC - RID:[1518023866183]-[REQUEST]-[END]:[/getAllServicios]
[2018-02-07T11:17:46.249] [INFO] ICC - RID:[1518023866249]-[REQUEST]-[START]:[/getAllProvedores]
[2018-02-07T11:17:46.249] [INFO] ICC - RID:[1518023866249]-[SELECT]-[START]
[2018-02-07T11:17:46.250] [DEBUG] DCC - RID:[1518023866249]-[SELECT]-[QUERY]:[SELECT 
 DISTINCT([SEL].[ID_PRESTADOR_SERVICIO]),
		  [SEL].[NOMBRE]
 FROM  (
		SELECT [PSXS].[ID_PRESTADOR_SERVICIO]
			  ,[PSXS].[ID_ZONA]
			  ,[PSXS].[ID_SUBZONA]
			  ,[PSXS].[ID_TIPO_SERVICIO]
			  ,[PSXS].[ID_SERVICIO]
			  ,[PS].[NOMBRE]
			  ,[PS].[CORREO_ELECTRONICO]
		  FROM [SLOAA_TC_PRESTADOR_SERVICIOS_X_SERVICIO] [PSXS]
		  LEFT JOIN [SLOAA_TC_PRESTADOR_SERVICIOS] [PS] ON [PSXS].[ID_PRESTADOR_SERVICIO]=[PS].[ID_PRESTADOR_SERVICIO]
		  WHERE 
		  1=1
		  AND [PSXS].[ID_ZONA]=3
		  AND [PSXS].[ID_SUBZONA]=1
		  AND [PSXS].[ID_TIPO_SERVICIO]=1
		  AND [PSXS].[ID_SERVICIO]=1001
  )[SEL]]
[2018-02-07T11:17:46.271] [INFO] ICC - RID:[1518023866249]-[SELECT]-[END]:[OK]
[2018-02-07T11:17:46.271] [INFO] ICC - RID:[1518023866249]-[REQUEST]-[END]:[/getAllProvedores]
