[2018-02-07T11:15:21.888] [INFO] ICC - [BACKEND]-[WEBSERVICES] init on port:[3000]
[2018-02-07T11:15:24.899] [INFO] ICC - RID:[1518023724899]-[REQUEST]-[START]:[/defaultSelect]
[2018-02-07T11:15:24.900] [INFO] ICC - RID:[1518023724899]-[SELECT]-[START]
[2018-02-07T11:15:24.950] [INFO] ICC - RID:[1518023724899]-[SELECT]-[END]:[OK]
[2018-02-07T11:15:24.950] [INFO] ICC - RID:[1518023724899]-[REQUEST]-[END]:[/defaultSelect]
[2018-02-07T11:15:25.183] [INFO] ICC - RID:[1518023725183]-[REQUEST]-[START]:[/getAllOrdenServicio]
[2018-02-07T11:15:25.183] [INFO] ICC - RID:[1518023725183]-[SELECT]-[START]
[2018-02-07T11:15:25.204] [INFO] ICC - RID:[1518023725183]-[SELECT]-[END]:[OK]
[2018-02-07T11:15:25.205] [INFO] ICC - RID:[1518023725183]-[REQUEST]-[END]:[/getAllOrdenServicio]
[2018-02-07T11:15:32.591] [INFO] ICC - RID:[1518023732591]-[REQUEST]-[START]:[/getAllOrdenServicio]
[2018-02-07T11:15:32.592] [INFO] ICC - RID:[1518023732591]-[SELECT]-[START]
[2018-02-07T11:15:32.613] [INFO] ICC - RID:[1518023732591]-[SELECT]-[END]:[OK]
[2018-02-07T11:15:32.613] [INFO] ICC - RID:[1518023732591]-[REQUEST]-[END]:[/getAllOrdenServicio]
[2018-02-07T11:15:35.494] [INFO] ICC - RID:[1518023735494]-[REQUEST]-[START]:[/createOrdenServicio]
[2018-02-07T11:15:35.495] [INFO] ICC - RID:[1518023735494]-[SELECT]-[START]
[2018-02-07T11:15:35.510] [INFO] ICC - RID:[1518023735494]-[SELECT]-[END]:[OK]
[2018-02-07T11:15:35.510] [INFO] ICC - RID:[1518023735494]-[SELECT]-[START]
[2018-02-07T11:15:35.522] [INFO] ICC - RID:[1518023735494]-[SELECT]-[END]:[OK]
[2018-02-07T11:15:35.523] [INFO] ICC - RID:[1518023735494]-[FREE-DML]-[START]
[2018-02-07T11:15:35.535] [INFO] ICC - RID:[1518023735494]-[FREE-DML]-[END]:[OK]
[2018-02-07T11:15:35.535] [INFO] ICC - RID:[1518023735494]-[SELECT]-[START]
[2018-02-07T11:15:35.546] [INFO] ICC - RID:[1518023735494]-[SELECT]-[END]:[OK]
[2018-02-07T11:15:35.547] [INFO] ICC - RID:[1518023735494]-[REQUEST]-[END]:[/createOrdenServicio]
[2018-02-07T11:15:35.911] [INFO] ICC - RID:[1518023735911]-[REQUEST]-[START]:[/getAllCotizacionXOrden]
[2018-02-07T11:15:35.911] [ERROR] ECC - RID:[1518023735911]-[REQUEST]-[ERROR]:[Input parameter problem.]:[/getAllCotizacionXOrden]
[2018-02-07T11:15:36.304] [INFO] ICC - RID:[1518023736304]-[REQUEST]-[START]:[/getAllTipoServicio]
[2018-02-07T11:15:36.304] [INFO] ICC - RID:[1518023736304]-[SELECT]-[START]
[2018-02-07T11:15:36.318] [INFO] ICC - RID:[1518023736304]-[SELECT]-[END]:[OK]
[2018-02-07T11:15:36.318] [INFO] ICC - RID:[1518023736304]-[REQUEST]-[END]:[/getAllTipoServicio]
[2018-02-07T11:15:36.700] [INFO] ICC - RID:[1518023736700]-[REQUEST]-[START]:[/getAllSubZona]
[2018-02-07T11:15:36.701] [INFO] ICC - RID:[1518023736700]-[SELECT]-[START]
[2018-02-07T11:15:36.717] [INFO] ICC - RID:[1518023736700]-[SELECT]-[END]:[OK]
[2018-02-07T11:15:36.718] [INFO] ICC - RID:[1518023736700]-[REQUEST]-[END]:[/getAllSubZona]
[2018-02-07T11:15:36.979] [INFO] ICC - RID:[1518023736979]-[REQUEST]-[START]:[/getAllServicios]
[2018-02-07T11:15:36.980] [INFO] ICC - RID:[1518023736979]-[SELECT]-[START]
[2018-02-07T11:15:36.999] [INFO] ICC - RID:[1518023736979]-[SELECT]-[END]:[OK]
[2018-02-07T11:15:36.999] [INFO] ICC - RID:[1518023736979]-[REQUEST]-[END]:[/getAllServicios]
[2018-02-07T11:15:37.307] [INFO] ICC - RID:[1518023737307]-[REQUEST]-[START]:[/getAllProvedores]
[2018-02-07T11:15:37.307] [INFO] ICC - RID:[1518023737307]-[SELECT]-[START]
[2018-02-07T11:15:37.322] [INFO] ICC - RID:[1518023737307]-[SELECT]-[END]:[OK]
[2018-02-07T11:15:37.322] [INFO] ICC - RID:[1518023737307]-[REQUEST]-[END]:[/getAllProvedores]
[2018-02-07T11:15:37.737] [INFO] ICC - RID:[1518023737737]-[REQUEST]-[START]:[/getUnidadYPrecioUnitarioXServicio]
[2018-02-07T11:15:37.738] [INFO] ICC - RID:[1518023737737]-[SELECT]-[START]
[2018-02-07T11:15:37.758] [INFO] ICC - RID:[1518023737737]-[SELECT]-[END]:[OK]
[2018-02-07T11:15:37.759] [INFO] ICC - RID:[1518023737737]-[REQUEST]-[END]:[/getUnidadYPrecioUnitarioXServicio]
[2018-02-07T11:15:40.227] [INFO] ICC - RID:[1518023740227]-[REQUEST]-[START]:[/addCotizacion]
[2018-02-07T11:15:40.228] [INFO] ICC - RID:[1518023740227]-[FREE-DML]-[START]
[2018-02-07T11:15:40.251] [INFO] ICC - RID:[1518023740227]-[FREE-DML]-[END]:[OK]
[2018-02-07T11:15:40.251] [INFO] ICC - RID:[1518023740227]-[REQUEST]-[END]:[/addCotizacion]
[2018-02-07T11:15:40.331] [INFO] ICC - RID:[1518023740331]-[REQUEST]-[START]:[/getAllCotizacionXOrden]
[2018-02-07T11:15:40.331] [INFO] ICC - RID:[1518023740331]-[SELECT]-[START]
[2018-02-07T11:15:40.364] [INFO] ICC - RID:[1518023740331]-[SELECT]-[END]:[OK]
[2018-02-07T11:15:40.365] [INFO] ICC - RID:[1518023740331]-[REQUEST]-[END]:[/getAllCotizacionXOrden]
[2018-02-07T11:15:42.529] [INFO] ICC - RID:[1518023742529]-[REQUEST]-[START]:[/getAllTipoServicio]
[2018-02-07T11:15:42.529] [INFO] ICC - RID:[1518023742529]-[SELECT]-[START]
[2018-02-07T11:15:42.550] [INFO] ICC - RID:[1518023742529]-[SELECT]-[END]:[OK]
[2018-02-07T11:15:42.550] [INFO] ICC - RID:[1518023742529]-[REQUEST]-[END]:[/getAllTipoServicio]
[2018-02-07T11:15:42.567] [INFO] ICC - RID:[1518023742567]-[REQUEST]-[START]:[/getAllSubZona]
[2018-02-07T11:15:42.567] [INFO] ICC - RID:[1518023742567]-[SELECT]-[START]
[2018-02-07T11:15:42.581] [INFO] ICC - RID:[1518023742567]-[SELECT]-[END]:[OK]
[2018-02-07T11:15:42.581] [INFO] ICC - RID:[1518023742567]-[REQUEST]-[END]:[/getAllSubZona]
[2018-02-07T11:15:42.620] [INFO] ICC - RID:[1518023742620]-[REQUEST]-[START]:[/getAllServicios]
[2018-02-07T11:15:42.621] [INFO] ICC - RID:[1518023742620]-[SELECT]-[START]
[2018-02-07T11:15:42.638] [INFO] ICC - RID:[1518023742620]-[SELECT]-[END]:[OK]
[2018-02-07T11:15:42.639] [INFO] ICC - RID:[1518023742620]-[REQUEST]-[END]:[/getAllServicios]
[2018-02-07T11:15:42.658] [INFO] ICC - RID:[1518023742658]-[REQUEST]-[START]:[/getAllProvedores]
[2018-02-07T11:15:42.659] [INFO] ICC - RID:[1518023742658]-[SELECT]-[START]
[2018-02-07T11:15:42.677] [INFO] ICC - RID:[1518023742658]-[SELECT]-[END]:[OK]
[2018-02-07T11:15:42.679] [INFO] ICC - RID:[1518023742658]-[REQUEST]-[END]:[/getAllProvedores]
[2018-02-07T11:15:42.714] [INFO] ICC - RID:[1518023742714]-[REQUEST]-[START]:[/getUnidadYPrecioUnitarioXServicio]
[2018-02-07T11:15:42.714] [INFO] ICC - RID:[1518023742714]-[SELECT]-[START]
[2018-02-07T11:15:42.729] [ERROR] ECC - RID:[1518023742714]-[SELECT]-[END]:[FAIL]:[Incorrect syntax near the keyword 'AND'.]
[2018-02-07T11:15:42.729] [ERROR] ECC - RID:[1518023742714]-[REQUEST]-[ERROR]:[Incorrect syntax near the keyword 'AND'.]:[/getUnidadYPrecioUnitarioXServicio]
[2018-02-07T11:16:35.917] [INFO] ICC - RID:[1518023795917]-[REQUEST]-[START]:[/defaultSelect]
[2018-02-07T11:16:35.917] [INFO] ICC - RID:[1518023795917]-[SELECT]-[START]
[2018-02-07T11:16:35.936] [INFO] ICC - RID:[1518023795917]-[SELECT]-[END]:[OK]
[2018-02-07T11:16:35.936] [INFO] ICC - RID:[1518023795917]-[REQUEST]-[END]:[/defaultSelect]
[2018-02-07T11:16:36.176] [INFO] ICC - RID:[1518023796176]-[REQUEST]-[START]:[/getAllOrdenServicio]
[2018-02-07T11:16:36.177] [INFO] ICC - RID:[1518023796176]-[SELECT]-[START]
[2018-02-07T11:16:36.198] [INFO] ICC - RID:[1518023796176]-[SELECT]-[END]:[OK]
[2018-02-07T11:16:36.198] [INFO] ICC - RID:[1518023796176]-[REQUEST]-[END]:[/getAllOrdenServicio]
[2018-02-07T11:16:38.938] [INFO] ICC - RID:[1518023798938]-[REQUEST]-[START]:[/getAllCotizacionXOrden]
[2018-02-07T11:16:38.938] [INFO] ICC - RID:[1518023798938]-[SELECT]-[START]
[2018-02-07T11:16:38.960] [INFO] ICC - RID:[1518023798938]-[SELECT]-[END]:[OK]
[2018-02-07T11:16:38.961] [INFO] ICC - RID:[1518023798938]-[REQUEST]-[END]:[/getAllCotizacionXOrden]
[2018-02-07T11:16:39.709] [INFO] ICC - RID:[1518023799709]-[REQUEST]-[START]:[/getAllTipoServicio]
[2018-02-07T11:16:39.709] [INFO] ICC - RID:[1518023799709]-[SELECT]-[START]
[2018-02-07T11:16:39.722] [INFO] ICC - RID:[1518023799709]-[SELECT]-[END]:[OK]
[2018-02-07T11:16:39.722] [INFO] ICC - RID:[1518023799709]-[REQUEST]-[END]:[/getAllTipoServicio]
[2018-02-07T11:16:39.817] [INFO] ICC - RID:[1518023799817]-[REQUEST]-[START]:[/getAllSubZona]
[2018-02-07T11:16:39.818] [INFO] ICC - RID:[1518023799817]-[SELECT]-[START]
[2018-02-07T11:16:39.829] [INFO] ICC - RID:[1518023799817]-[SELECT]-[END]:[OK]
[2018-02-07T11:16:39.829] [INFO] ICC - RID:[1518023799817]-[REQUEST]-[END]:[/getAllSubZona]
[2018-02-07T11:16:39.920] [INFO] ICC - RID:[1518023799920]-[REQUEST]-[START]:[/getAllServicios]
[2018-02-07T11:16:39.920] [INFO] ICC - RID:[1518023799920]-[SELECT]-[START]
[2018-02-07T11:16:39.933] [INFO] ICC - RID:[1518023799920]-[SELECT]-[END]:[OK]
[2018-02-07T11:16:39.933] [INFO] ICC - RID:[1518023799920]-[REQUEST]-[END]:[/getAllServicios]
[2018-02-07T11:16:40.018] [INFO] ICC - RID:[1518023800018]-[REQUEST]-[START]:[/getAllProvedores]
[2018-02-07T11:16:40.019] [INFO] ICC - RID:[1518023800018]-[SELECT]-[START]
[2018-02-07T11:16:40.032] [INFO] ICC - RID:[1518023800018]-[SELECT]-[END]:[OK]
[2018-02-07T11:16:40.033] [INFO] ICC - RID:[1518023800018]-[REQUEST]-[END]:[/getAllProvedores]
[2018-02-07T11:16:40.045] [INFO] ICC - RID:[1518023800045]-[REQUEST]-[START]:[/getUnidadYPrecioUnitarioXServicio]
[2018-02-07T11:16:40.046] [ERROR] ECC - RID:[1518023800045]-[REQUEST]-[ERROR]:[Input parameter problem.]:[/getUnidadYPrecioUnitarioXServicio]
[2018-02-07T11:17:38.958] [INFO] ICC - RID:[1518023858958]-[REQUEST]-[START]:[/getAllProvedores]
[2018-02-07T11:17:38.958] [INFO] ICC - RID:[1518023858958]-[SELECT]-[START]
[2018-02-07T11:17:38.979] [INFO] ICC - RID:[1518023858958]-[SELECT]-[END]:[OK]
[2018-02-07T11:17:38.980] [INFO] ICC - RID:[1518023858958]-[REQUEST]-[END]:[/getAllProvedores]
[2018-02-07T11:17:41.793] [INFO] ICC - RID:[1518023861793]-[REQUEST]-[START]:[/getUnidadYPrecioUnitarioXServicio]
[2018-02-07T11:17:41.794] [INFO] ICC - RID:[1518023861793]-[SELECT]-[START]
[2018-02-07T11:17:41.809] [INFO] ICC - RID:[1518023861793]-[SELECT]-[END]:[OK]
[2018-02-07T11:17:41.810] [INFO] ICC - RID:[1518023861793]-[REQUEST]-[END]:[/getUnidadYPrecioUnitarioXServicio]
[2018-02-07T11:17:43.389] [INFO] ICC - RID:[1518023863389]-[REQUEST]-[START]:[/addCotizacion]
[2018-02-07T11:17:43.390] [INFO] ICC - RID:[1518023863389]-[FREE-DML]-[START]
[2018-02-07T11:17:43.407] [INFO] ICC - RID:[1518023863389]-[FREE-DML]-[END]:[OK]
[2018-02-07T11:17:43.407] [INFO] ICC - RID:[1518023863389]-[REQUEST]-[END]:[/addCotizacion]
[2018-02-07T11:17:43.910] [INFO] ICC - RID:[1518023863910]-[REQUEST]-[START]:[/getAllCotizacionXOrden]
[2018-02-07T11:17:43.910] [INFO] ICC - RID:[1518023863910]-[SELECT]-[START]
[2018-02-07T11:17:43.930] [INFO] ICC - RID:[1518023863910]-[SELECT]-[END]:[OK]
[2018-02-07T11:17:43.930] [INFO] ICC - RID:[1518023863910]-[REQUEST]-[END]:[/getAllCotizacionXOrden]
[2018-02-07T11:17:46.077] [INFO] ICC - RID:[1518023866077]-[REQUEST]-[START]:[/getAllTipoServicio]
[2018-02-07T11:17:46.078] [INFO] ICC - RID:[1518023866077]-[SELECT]-[START]
[2018-02-07T11:17:46.090] [INFO] ICC - RID:[1518023866077]-[SELECT]-[END]:[OK]
[2018-02-07T11:17:46.091] [INFO] ICC - RID:[1518023866077]-[REQUEST]-[END]:[/getAllTipoServicio]
[2018-02-07T11:17:46.146] [INFO] ICC - RID:[1518023866146]-[REQUEST]-[START]:[/getAllSubZona]
[2018-02-07T11:17:46.147] [INFO] ICC - RID:[1518023866146]-[SELECT]-[START]
[2018-02-07T11:17:46.167] [INFO] ICC - RID:[1518023866146]-[SELECT]-[END]:[OK]
[2018-02-07T11:17:46.167] [INFO] ICC - RID:[1518023866146]-[REQUEST]-[END]:[/getAllSubZona]
[2018-02-07T11:17:46.183] [INFO] ICC - RID:[1518023866183]-[REQUEST]-[START]:[/getAllServicios]
[2018-02-07T11:17:46.183] [INFO] ICC - RID:[1518023866183]-[SELECT]-[START]
[2018-02-07T11:17:46.205] [INFO] ICC - RID:[1518023866183]-[SELECT]-[END]:[OK]
[2018-02-07T11:17:46.206] [INFO] ICC - RID:[1518023866183]-[REQUEST]-[END]:[/getAllServicios]
[2018-02-07T11:17:46.249] [INFO] ICC - RID:[1518023866249]-[REQUEST]-[START]:[/getAllProvedores]
[2018-02-07T11:17:46.249] [INFO] ICC - RID:[1518023866249]-[SELECT]-[START]
[2018-02-07T11:17:46.271] [INFO] ICC - RID:[1518023866249]-[SELECT]-[END]:[OK]
[2018-02-07T11:17:46.271] [INFO] ICC - RID:[1518023866249]-[REQUEST]-[END]:[/getAllProvedores]
