[2018-01-20T17:16:26.657] [INFO] ICC - [BACKEND]-[WEBSERVICES] init on port:[3000]
[2018-01-20T17:16:30.605] [INFO] ICC - RID:[1516490190603]-[REQUEST]-[START]:[/createOrdenServicio]
[2018-01-20T17:16:30.606] [INFO] ICC - RID:[1516490190603]-[SELECT]-[START]
[2018-01-20T17:16:30.607] [DEBUG] DCC - RID:[1516490190603]-[SELECT]-[QUERY]:[SELECT [ID_AUTORIDAD]
      ,[NOMBRE_AUTORIDAD]
      ,[ESTADO]
      ,[NIVEL]
      ,[SERVICIO]
      ,[ZONA]
  FROM [SOA_db].[dbo].[SLOAA_TC_AUTORIDAD]
  WHERE  [ID_AUTORIDAD]=1]
[2018-01-20T17:16:37.546] [INFO] ICC - RID:[1516490190603]-[SELECT]-[END]:[OK]
[2018-01-20T17:16:37.585] [INFO] ICC - RID:[1516490190603]-[SELECT]-[START]
[2018-01-20T17:16:37.585] [DEBUG] DCC - RID:[1516490190603]-[SELECT]-[QUERY]:[SELECT
	CASE
	WHEN  MAX([ORD].[NUM_ORDEN]) IS NULL THEN 1
	ELSE MAX([ORD].[NUM_ORDEN])+1
	END  NEW_ORDEN
      
  FROM [dbo].[SLOAA_TR_ORDEN_SERVICIO] [ORD]
  LEFT JOIN [dbo].[SLOAA_TR_CREDENCIAL] [CRED] ON [ORD].[ID_CREDENCIAL]=[CRED].[ID_CREDENCIAL]
  WHERE
  1=1
	AND YEAR([ORD].[METAINFO_FECHA_CREACION])= YEAR(GetDate()) 
	AND [CRED].[ID_AUTORIDAD]=1]
[2018-01-20T17:16:44.435] [INFO] ICC - RID:[1516490190603]-[SELECT]-[END]:[OK]
[2018-01-20T17:16:44.439] [INFO] ICC - RID:[1516490190603]-[FREE-DML]-[START]
[2018-01-20T17:16:44.440] [DEBUG] DCC - RID:[1516490190603]-[FREE-DML]-[DML]:[INSERT INTO [dbo].[SLOAA_TR_ORDEN_SERVICIO]
  (
		
       [ORD].[NUM_ORDEN]
      ,[ORD].[FECHA_SOLICITUD]
      ,[ORD].[ID_CREDENCIAL]
      ,[ORD].[DOMICILIO]
      ,[ORD].[ID_STATUS]
      ,[ORD].[METAINFO_FECHA_CREACION]
      ,[ORD].[METAINFO_IP]
      ,[ORD].[METAINFO_MAC_ADRR]
      ,[ORD].[LLAVE_SISTEMA]
	  )
	  VALUES
	  (
	    38,
		'2012-06-18T10:34:09',
		1,
		'otro lugar',
		1,
		'2018-01-20T23:16:30.606Z',
		'::1',
		' ????????',
		'TNRS-Acapulco -SRyS | Acapulco -sur -2018-38'
	  )]
[2018-01-20T17:16:51.306] [INFO] ICC - RID:[1516490190603]-[FREE-DML]-[END]:[OK]
[2018-01-20T17:16:51.307] [INFO] ICC - RID:[1516490190603]-[SELECT]-[START]
[2018-01-20T17:16:51.308] [DEBUG] DCC - RID:[1516490190603]-[SELECT]-[QUERY]:[SELECT 
       [NUM_ORDEN]
      ,[FECHA_SOLICITUD]
      ,[ID_CREDENCIAL]
      ,[DOMICILIO]
      ,[FIRMA1_USER1]
      ,[FIRMA1_USER2]
      ,[FIRMA2_USER1]
      ,[FIRMA2_USER2]
      ,[ID_STATUS]
      ,[METAINFO_FECHA_CREACION]
      ,[METAINFO_IP]
      ,[METAINFO_MAC_ADRR]
      ,[LLAVE_SISTEMA]
  FROM [SOA_db].[dbo].[SLOAA_TR_ORDEN_SERVICIO]
  WHERE [METAINFO_FECHA_CREACION]='2018-01-20T23:16:30.606Z']
[2018-01-20T17:16:58.116] [INFO] ICC - RID:[1516490190603]-[SELECT]-[END]:[OK]
[2018-01-20T17:16:58.118] [INFO] ICC - RID:[1516490190603]-[REQUEST]-[END]:[/createOrdenServicio]
