[2018-01-29T13:31:07.224] [INFO] ICC - [BACKEND]-[WEBSERVICES] init on port:[3000]
[2018-01-29T13:31:31.878] [INFO] ICC - RID:[1517254291878]-[REQUEST]-[START]:[/defaultSelect]
[2018-01-29T13:31:31.879] [INFO] ICC - RID:[1517254291878]-[SELECT]-[START]
[2018-01-29T13:31:31.880] [DEBUG] DCC - RID:[1517254291878]-[SELECT]-[QUERY]:[SELECT [CRED].[ID_CREDENCIAL]
      ,[CRED].[NOMBRE]
      ,[CRED].[USUARIO_NOMBRE]
      ,[CRED].[ID_AUTORIDAD]
	  ,[AUTH].[NOMBRE_AUTORIDAD]
	  ,[AUTH].[ID_ZONA]
         ,[CRED].[ID_ROL]
	  ,[ROL].[NOMBRE_ROL]
	  ,[ROL].[PRIVILEGIOS]
      ,[CRED].[ID_CREDENCIAL_SUPERIOR]
  FROM [dbo].[SLOAA_TR_CREDENCIAL] [CRED]
  LEFT JOIN  [dbo].[SLOAA_TC_AUTORIDAD] [AUTH] ON [CRED].[ID_AUTORIDAD]=[AUTH].[ID_AUTORIDAD]
  LEFT JOIN  [dbo].[SLOAA_TS_ROL] [ROL] ON [CRED].[ID_ROL]=[ROL].[ID_ROL]
  
  WHERE 
	            [CRED].[USUARIO_NOMBRE]='carlos.palacios'
		AND [CRED].[USUARIO_PASSWORD]='12345']
[2018-01-29T13:31:31.928] [INFO] ICC - RID:[1517254291878]-[SELECT]-[END]:[OK]
[2018-01-29T13:31:31.928] [INFO] ICC - RID:[1517254291878]-[REQUEST]-[END]:[/defaultSelect]
[2018-01-29T13:31:32.135] [INFO] ICC - RID:[1517254292135]-[REQUEST]-[START]:[/getAllOrdenServicio]
[2018-01-29T13:31:32.135] [INFO] ICC - RID:[1517254292135]-[SELECT]-[START]
[2018-01-29T13:31:32.136] [DEBUG] DCC - RID:[1517254292135]-[SELECT]-[QUERY]:[SELECT  
	    [ORD].[ID_ORDEN_SERVICIO]
      ,[ORD].[NUM_ORDEN]
      ,[ORD].[FECHA_SOLICITUD]
      ,[ORD].[DOMICILIO]
      ,[ORD].[FIRMA1_USER1]
      ,[ORD].[FIRMA1_USER2]
      ,[ORD].[FIRMA2_USER1]
      ,[ORD].[FIRMA2_USER2]
      ,[ORD].[ID_STATUS]
      ,[ORD].[METAINFO_FECHA_CREACION]
      ,[ORD].[METAINFO_IP]
      ,[ORD].[METAINFO_MAC_ADRR]
      ,[ORD].[LLAVE_SISTEMA]
      ,[ORD].[CIERRE_TOTAL]
	  
	   ,[CRED].[ID_CREDENCIAL]
      ,[CRED].[NOMBRE]
      ,[CRED].[CARGO]
      ,[CRED].[TELEFONO]
      ,[CRED].[EXT]
      ,[CRED].[EMAIL]
      ,[CRED].[PTT]
      ,[CRED].[MOVIL]
      ,[CRED].[USUARIO_NOMBRE]
      ,[CRED].[USUARIO_PASSWORD]
      ,[CRED].[ID_ROL]
      ,[CRED].[ID_CREDENCIAL_SUPERIOR]

	   ,[AUTH].[ID_AUTORIDAD]
      ,[AUTH].[NOMBRE_AUTORIDAD]
      ,[AUTH].[ESTADO]
      ,[AUTH].[NIVEL]
      ,[AUTH].[SERVICIO]
      ,[AUTH].[ID_ZONA] 
         FROM 
  [SLOAA_TR_ORDEN_SERVICIO] [ORD]
 LEFT JOIN [SLOAA_TR_CREDENCIAL] [CRED] ON  [CRED].[ID_CREDENCIAL]=[ORD].[ID_CREDENCIAL]
 LEFT JOIN [SLOAA_TC_AUTORIDAD] [AUTH] ON  [AUTH].[ID_AUTORIDAD]=[CRED].[ID_AUTORIDAD]
  WHERE
  1=1
 ]
[2018-01-29T13:31:32.162] [INFO] ICC - RID:[1517254292135]-[SELECT]-[END]:[OK]
[2018-01-29T13:31:32.163] [INFO] ICC - RID:[1517254292135]-[REQUEST]-[END]:[/getAllOrdenServicio]
[2018-01-29T13:31:33.310] [INFO] ICC - RID:[1517254293310]-[REQUEST]-[START]:[/getAllCotizacionXOrden]
[2018-01-29T13:31:33.312] [DEBUG] DCC - {"missing":[{"requiredFieldName":"idOrdenServicio","requiredFieldType":"string"}],"extra":[{"inputFieldName":"_dc","inputFieldType":"string"},{"inputFieldName":"uno","inputFieldType":"string"},{"inputFieldName":"page","inputFieldType":"string"},{"inputFieldName":"start","inputFieldType":"string"},{"inputFieldName":"limit","inputFieldType":"string"},{"inputFieldName":"callback","inputFieldType":"string"}]}
[2018-01-29T13:31:33.312] [ERROR] ECC - RID:[1517254293310]-[REQUEST]-[ERROR]:[Input parameter problem.]:[/getAllCotizacionXOrden]
[2018-01-29T13:31:33.328] [INFO] ICC - RID:[1517254293328]-[REQUEST]-[START]:[/getAllCotizacionXOrden]
[2018-01-29T13:31:33.328] [DEBUG] DCC - {"missing":[{"requiredFieldName":"idOrdenServicio","requiredFieldType":"string"}],"extra":[{"inputFieldName":"_dc","inputFieldType":"string"},{"inputFieldName":"uno","inputFieldType":"string"},{"inputFieldName":"page","inputFieldType":"string"},{"inputFieldName":"start","inputFieldType":"string"},{"inputFieldName":"limit","inputFieldType":"string"},{"inputFieldName":"callback","inputFieldType":"string"}]}
[2018-01-29T13:31:33.328] [ERROR] ECC - RID:[1517254293328]-[REQUEST]-[ERROR]:[Input parameter problem.]:[/getAllCotizacionXOrden]
[2018-01-29T13:31:36.586] [INFO] ICC - RID:[1517254296586]-[REQUEST]-[START]:[/createOrdenServicio]
[2018-01-29T13:31:36.586] [INFO] ICC - RID:[1517254296586]-[SELECT]-[START]
[2018-01-29T13:31:36.587] [DEBUG] DCC - RID:[1517254296586]-[SELECT]-[QUERY]:[SELECT [ID_AUTORIDAD]
      ,[NOMBRE_AUTORIDAD]
      ,[ESTADO]
      ,[NIVEL]
      ,[SERVICIO]
      ,[ID_ZONA]
  FROM [SOA_db].[dbo].[SLOAA_TC_AUTORIDAD]
  WHERE  [ID_AUTORIDAD]=1]
[2018-01-29T13:31:36.603] [INFO] ICC - RID:[1517254296586]-[SELECT]-[END]:[OK]
[2018-01-29T13:31:36.603] [INFO] ICC - RID:[1517254296586]-[SELECT]-[START]
[2018-01-29T13:31:36.603] [DEBUG] DCC - RID:[1517254296586]-[SELECT]-[QUERY]:[SELECT
	CASE
	WHEN  MAX([ORD].[NUM_ORDEN]) IS NULL THEN 1
	ELSE MAX([ORD].[NUM_ORDEN])+1
	END  NEW_ORDEN
      
  FROM [dbo].[SLOAA_TR_ORDEN_SERVICIO] [ORD]
  LEFT JOIN [dbo].[SLOAA_TR_CREDENCIAL] [CRED] ON [ORD].[ID_CREDENCIAL]=[CRED].[ID_CREDENCIAL]
  WHERE
  1=1
	AND YEAR([ORD].[METAINFO_FECHA_CREACION])= YEAR(GetDate()) 
	AND [CRED].[ID_AUTORIDAD]=1]
[2018-01-29T13:31:36.618] [INFO] ICC - RID:[1517254296586]-[SELECT]-[END]:[OK]
[2018-01-29T13:31:36.618] [INFO] ICC - RID:[1517254296586]-[FREE-DML]-[START]
[2018-01-29T13:31:36.619] [DEBUG] DCC - RID:[1517254296586]-[FREE-DML]-[DML]:[INSERT INTO [dbo].[SLOAA_TR_ORDEN_SERVICIO]
  (
		
       [ORD].[NUM_ORDEN]
      ,[ORD].[FECHA_SOLICITUD]
      ,[ORD].[ID_CREDENCIAL]
      ,[ORD].[DOMICILIO]
      ,[ORD].[ID_STATUS]
      ,[ORD].[METAINFO_FECHA_CREACION]
      ,[ORD].[METAINFO_IP]
      ,[ORD].[METAINFO_MAC_ADRR]
      ,[ORD].[LLAVE_SISTEMA]
	  )
	  VALUES
	  (
	    42,
		'2018-01-29T19:31:00.000Z',
		1,
		'test',
		1,
		'2018-01-29T19:31:36.586Z',
		'::1',
		' ????????',
		'TNRS-Acapulco -SRyS Acapulco -2018-42'
	  )]
[2018-01-29T13:31:36.686] [INFO] ICC - RID:[1517254296586]-[FREE-DML]-[END]:[OK]
[2018-01-29T13:31:36.686] [INFO] ICC - RID:[1517254296586]-[SELECT]-[START]
[2018-01-29T13:31:36.687] [DEBUG] DCC - RID:[1517254296586]-[SELECT]-[QUERY]:[SELECT 
       [ID_ORDEN_SERVICIO]
      ,[NUM_ORDEN]
      ,[FECHA_SOLICITUD]
      ,[ID_CREDENCIAL]
      ,[DOMICILIO]
      ,[FIRMA1_USER1]
      ,[FIRMA1_USER2]
      ,[FIRMA2_USER1]
      ,[FIRMA2_USER2]
      ,[ID_STATUS]
      ,[METAINFO_FECHA_CREACION]
      ,[METAINFO_IP]
      ,[METAINFO_MAC_ADRR]
      ,[LLAVE_SISTEMA]
  FROM [SOA_db].[dbo].[SLOAA_TR_ORDEN_SERVICIO]
  WHERE [METAINFO_FECHA_CREACION]='2018-01-29T19:31:36.586Z']
[2018-01-29T13:31:36.708] [INFO] ICC - RID:[1517254296586]-[SELECT]-[END]:[OK]
[2018-01-29T13:31:36.708] [INFO] ICC - RID:[1517254296586]-[REQUEST]-[END]:[/createOrdenServicio]
[2018-01-29T13:31:37.718] [INFO] ICC - RID:[1517254297718]-[REQUEST]-[START]:[/getAllTipoServicio]
[2018-01-29T13:31:37.719] [INFO] ICC - RID:[1517254297718]-[SELECT]-[START]
[2018-01-29T13:31:37.719] [DEBUG] DCC - RID:[1517254297718]-[SELECT]-[QUERY]:[SELECT 
 DISTINCT([SEL].[ID_TIPO_SERVICIO]),
		  [SEL].[TIPO]
 FROM  (
		SELECT [PSXS].[ID_PRESTADOR_SERVICIO]
			  ,[PSXS].[ID_ZONA]
			  ,[PSXS].[ID_SUBZONA]
			  ,[PSXS].[ID_TIPO_SERVICIO]
			  ,[TS].[TIPO]
			  ,[PSXS].[ID_SERVICIO]
		  FROM [SLOAA_TC_PRESTADOR_SERVICIOS_X_SERVICIO] [PSXS]
		  LEFT JOIN [SLOAA_TC_TIPO_SERVICIO] [TS] ON [PSXS].[ID_TIPO_SERVICIO]=[TS].[ID_TIPO_SERVICIO]
		  WHERE 
		  1=1
		  AND [PSXS].[ID_ZONA]=3
  )[SEL] ]
[2018-01-29T13:31:37.740] [INFO] ICC - RID:[1517254297718]-[SELECT]-[END]:[OK]
[2018-01-29T13:31:37.740] [INFO] ICC - RID:[1517254297718]-[REQUEST]-[END]:[/getAllTipoServicio]
[2018-01-29T13:31:38.920] [INFO] ICC - RID:[1517254298920]-[REQUEST]-[START]:[/getAllSubZona]
[2018-01-29T13:31:38.920] [INFO] ICC - RID:[1517254298920]-[SELECT]-[START]
[2018-01-29T13:31:38.920] [DEBUG] DCC - RID:[1517254298920]-[SELECT]-[QUERY]:[SELECT [ID_SUBZONA],[SUBZONA] FROM [SLOAA_TC_SUBZONA] WHERE 1=1 AND [ID_ZONA]=3]
[2018-01-29T13:31:38.939] [INFO] ICC - RID:[1517254298920]-[SELECT]-[END]:[OK]
[2018-01-29T13:31:38.939] [INFO] ICC - RID:[1517254298920]-[REQUEST]-[END]:[/getAllSubZona]
[2018-01-29T13:31:40.423] [INFO] ICC - RID:[1517254300423]-[REQUEST]-[START]:[/getAllServicios]
[2018-01-29T13:31:40.424] [INFO] ICC - RID:[1517254300423]-[SELECT]-[START]
[2018-01-29T13:31:40.424] [DEBUG] DCC - RID:[1517254300423]-[SELECT]-[QUERY]:[SELECT 
 DISTINCT([SEL].[ID_SERVICIO]),
		  [SEL].[NOMBRE_SERVICIO]
 FROM  (
		SELECT [PSXS].[ID_PRESTADOR_SERVICIO]
			  ,[PSXS].[ID_ZONA]
			  ,[PSXS].[ID_SUBZONA]
			  ,[PSXS].[ID_TIPO_SERVICIO]
			  ,[PSXS].[ID_SERVICIO]
			  ,[SERV].[NOMBRE_SERVICIO]
		  FROM [SLOAA_TC_PRESTADOR_SERVICIOS_X_SERVICIO] [PSXS]
		  LEFT JOIN [SLOAA_TC_SERVICIO] [SERV] ON [PSXS].[ID_SERVICIO]=[SERV].[ID_SERVICIO]
		  WHERE 
		  1=1
		  AND [PSXS].[ID_ZONA]=3
		  AND [PSXS].[ID_SUBZONA]=1
		  AND [PSXS].[ID_TIPO_SERVICIO]=1
  )[SEL]]
[2018-01-29T13:31:40.441] [INFO] ICC - RID:[1517254300423]-[SELECT]-[END]:[OK]
[2018-01-29T13:31:40.441] [INFO] ICC - RID:[1517254300423]-[REQUEST]-[END]:[/getAllServicios]
[2018-01-29T13:31:41.681] [INFO] ICC - RID:[1517254301681]-[REQUEST]-[START]:[/getAllProvedores]
[2018-01-29T13:31:41.682] [INFO] ICC - RID:[1517254301681]-[SELECT]-[START]
[2018-01-29T13:31:41.682] [DEBUG] DCC - RID:[1517254301681]-[SELECT]-[QUERY]:[SELECT 
 DISTINCT([SEL].[ID_PRESTADOR_SERVICIO]),
		  [SEL].[NOMBRE]
 FROM  (
		SELECT [PSXS].[ID_PRESTADOR_SERVICIO]
			  ,[PSXS].[ID_ZONA]
			  ,[PSXS].[ID_SUBZONA]
			  ,[PSXS].[ID_TIPO_SERVICIO]
			  ,[PSXS].[ID_SERVICIO]
			  ,[PS].[NOMBRE]
			  ,[PS].[CORREO_ELECTRONICO]
		  FROM [SLOAA_TC_PRESTADOR_SERVICIOS_X_SERVICIO] [PSXS]
		  LEFT JOIN [SLOAA_TC_PRESTADOR_SERVICIOS] [PS] ON [PSXS].[ID_PRESTADOR_SERVICIO]=[PS].[ID_PRESTADOR_SERVICIO]
		  WHERE 
		  1=1
		  AND [PSXS].[ID_ZONA]=3
		  AND [PSXS].[ID_SUBZONA]=1
		  AND [PSXS].[ID_TIPO_SERVICIO]=1
		  AND [PSXS].[ID_SERVICIO]=1001
  )[SEL]]
[2018-01-29T13:31:41.701] [INFO] ICC - RID:[1517254301681]-[SELECT]-[END]:[OK]
[2018-01-29T13:31:41.701] [INFO] ICC - RID:[1517254301681]-[REQUEST]-[END]:[/getAllProvedores]
[2018-01-29T13:31:42.883] [INFO] ICC - RID:[1517254302883]-[REQUEST]-[START]:[/getUnidadYPrecioUnitarioXServicio]
[2018-01-29T13:31:42.883] [INFO] ICC - RID:[1517254302883]-[SELECT]-[START]
[2018-01-29T13:31:42.883] [DEBUG] DCC - RID:[1517254302883]-[SELECT]-[QUERY]:[SELECT [QRY].*,
	  [UNI].[UNIDAD]
	   FROM
(
  SELECT 
      DISTINCT([PU].[ID_UNIDAD]),
	  [PU].[PRECIO_UNITARIO]
  FROM [dbo].[SLOAA_TR_PRECIO_UNITARIO] [PU]
  WHERE 1=1 
  AND [PU].[ID_TIPO_SERVICIO]=1
  AND  [PU].[ID_SERVICIO]=1001
)[QRY]
LEFT JOIN [dbo].[SLOAA_TC_UNIDAD] [UNI] ON [QRY].[ID_UNIDAD]=[UNI].[ID_UNIDAD]]
[2018-01-29T13:31:42.904] [INFO] ICC - RID:[1517254302883]-[SELECT]-[END]:[OK]
[2018-01-29T13:31:42.904] [INFO] ICC - RID:[1517254302883]-[REQUEST]-[END]:[/getUnidadYPrecioUnitarioXServicio]
[2018-01-29T13:31:45.742] [INFO] ICC - RID:[1517254305742]-[REQUEST]-[START]:[/addCotizacion]
[2018-01-29T13:31:45.743] [DEBUG] DCC - {"typeFail":[{"requiredFieldName":"cantidad","requiredFieldType":"string","inputFieldType":"array"}]}
[2018-01-29T13:31:45.743] [ERROR] ECC - RID:[1517254305742]-[REQUEST]-[ERROR]:[Input parameter problem.]:[/addCotizacion]
[2018-01-29T13:32:39.781] [INFO] ICC - RID:[1517254359781]-[REQUEST]-[START]:[/defaultSelect]
[2018-01-29T13:32:39.782] [INFO] ICC - RID:[1517254359781]-[SELECT]-[START]
[2018-01-29T13:32:39.782] [DEBUG] DCC - RID:[1517254359781]-[SELECT]-[QUERY]:[SELECT [CRED].[ID_CREDENCIAL]
      ,[CRED].[NOMBRE]
      ,[CRED].[USUARIO_NOMBRE]
      ,[CRED].[ID_AUTORIDAD]
	  ,[AUTH].[NOMBRE_AUTORIDAD]
	  ,[AUTH].[ID_ZONA]
         ,[CRED].[ID_ROL]
	  ,[ROL].[NOMBRE_ROL]
	  ,[ROL].[PRIVILEGIOS]
      ,[CRED].[ID_CREDENCIAL_SUPERIOR]
  FROM [dbo].[SLOAA_TR_CREDENCIAL] [CRED]
  LEFT JOIN  [dbo].[SLOAA_TC_AUTORIDAD] [AUTH] ON [CRED].[ID_AUTORIDAD]=[AUTH].[ID_AUTORIDAD]
  LEFT JOIN  [dbo].[SLOAA_TS_ROL] [ROL] ON [CRED].[ID_ROL]=[ROL].[ID_ROL]
  
  WHERE 
	            [CRED].[USUARIO_NOMBRE]='carlos.palacios'
		AND [CRED].[USUARIO_PASSWORD]='12345']
[2018-01-29T13:32:39.799] [INFO] ICC - RID:[1517254359781]-[SELECT]-[END]:[OK]
[2018-01-29T13:32:39.799] [INFO] ICC - RID:[1517254359781]-[REQUEST]-[END]:[/defaultSelect]
[2018-01-29T13:32:40.043] [INFO] ICC - RID:[1517254360043]-[REQUEST]-[START]:[/getAllOrdenServicio]
[2018-01-29T13:32:40.043] [INFO] ICC - RID:[1517254360043]-[SELECT]-[START]
[2018-01-29T13:32:40.044] [DEBUG] DCC - RID:[1517254360043]-[SELECT]-[QUERY]:[SELECT  
	    [ORD].[ID_ORDEN_SERVICIO]
      ,[ORD].[NUM_ORDEN]
      ,[ORD].[FECHA_SOLICITUD]
      ,[ORD].[DOMICILIO]
      ,[ORD].[FIRMA1_USER1]
      ,[ORD].[FIRMA1_USER2]
      ,[ORD].[FIRMA2_USER1]
      ,[ORD].[FIRMA2_USER2]
      ,[ORD].[ID_STATUS]
      ,[ORD].[METAINFO_FECHA_CREACION]
      ,[ORD].[METAINFO_IP]
      ,[ORD].[METAINFO_MAC_ADRR]
      ,[ORD].[LLAVE_SISTEMA]
      ,[ORD].[CIERRE_TOTAL]
	  
	   ,[CRED].[ID_CREDENCIAL]
      ,[CRED].[NOMBRE]
      ,[CRED].[CARGO]
      ,[CRED].[TELEFONO]
      ,[CRED].[EXT]
      ,[CRED].[EMAIL]
      ,[CRED].[PTT]
      ,[CRED].[MOVIL]
      ,[CRED].[USUARIO_NOMBRE]
      ,[CRED].[USUARIO_PASSWORD]
      ,[CRED].[ID_ROL]
      ,[CRED].[ID_CREDENCIAL_SUPERIOR]

	   ,[AUTH].[ID_AUTORIDAD]
      ,[AUTH].[NOMBRE_AUTORIDAD]
      ,[AUTH].[ESTADO]
      ,[AUTH].[NIVEL]
      ,[AUTH].[SERVICIO]
      ,[AUTH].[ID_ZONA] 
         FROM 
  [SLOAA_TR_ORDEN_SERVICIO] [ORD]
 LEFT JOIN [SLOAA_TR_CREDENCIAL] [CRED] ON  [CRED].[ID_CREDENCIAL]=[ORD].[ID_CREDENCIAL]
 LEFT JOIN [SLOAA_TC_AUTORIDAD] [AUTH] ON  [AUTH].[ID_AUTORIDAD]=[CRED].[ID_AUTORIDAD]
  WHERE
  1=1
 ]
[2018-01-29T13:32:40.069] [INFO] ICC - RID:[1517254360043]-[SELECT]-[END]:[OK]
[2018-01-29T13:32:40.069] [INFO] ICC - RID:[1517254360043]-[REQUEST]-[END]:[/getAllOrdenServicio]
[2018-01-29T13:32:42.662] [INFO] ICC - RID:[1517254362662]-[REQUEST]-[START]:[/getAllCotizacionXOrden]
[2018-01-29T13:32:42.663] [DEBUG] DCC - {"missing":[{"requiredFieldName":"idOrdenServicio","requiredFieldType":"string"}],"extra":[{"inputFieldName":"_dc","inputFieldType":"string"},{"inputFieldName":"uno","inputFieldType":"string"},{"inputFieldName":"page","inputFieldType":"string"},{"inputFieldName":"start","inputFieldType":"string"},{"inputFieldName":"limit","inputFieldType":"string"},{"inputFieldName":"callback","inputFieldType":"string"}]}
[2018-01-29T13:32:42.663] [ERROR] ECC - RID:[1517254362662]-[REQUEST]-[ERROR]:[Input parameter problem.]:[/getAllCotizacionXOrden]
[2018-01-29T13:32:42.673] [INFO] ICC - RID:[1517254362673]-[REQUEST]-[START]:[/getAllCotizacionXOrden]
[2018-01-29T13:32:42.673] [DEBUG] DCC - {"missing":[{"requiredFieldName":"idOrdenServicio","requiredFieldType":"string"}],"extra":[{"inputFieldName":"_dc","inputFieldType":"string"},{"inputFieldName":"uno","inputFieldType":"string"},{"inputFieldName":"page","inputFieldType":"string"},{"inputFieldName":"start","inputFieldType":"string"},{"inputFieldName":"limit","inputFieldType":"string"},{"inputFieldName":"callback","inputFieldType":"string"}]}
[2018-01-29T13:32:42.673] [ERROR] ECC - RID:[1517254362673]-[REQUEST]-[ERROR]:[Input parameter problem.]:[/getAllCotizacionXOrden]
[2018-01-29T13:32:45.611] [INFO] ICC - RID:[1517254365611]-[REQUEST]-[START]:[/createOrdenServicio]
[2018-01-29T13:32:45.611] [INFO] ICC - RID:[1517254365611]-[SELECT]-[START]
[2018-01-29T13:32:45.611] [DEBUG] DCC - RID:[1517254365611]-[SELECT]-[QUERY]:[SELECT [ID_AUTORIDAD]
      ,[NOMBRE_AUTORIDAD]
      ,[ESTADO]
      ,[NIVEL]
      ,[SERVICIO]
      ,[ID_ZONA]
  FROM [SOA_db].[dbo].[SLOAA_TC_AUTORIDAD]
  WHERE  [ID_AUTORIDAD]=1]
[2018-01-29T13:32:45.631] [INFO] ICC - RID:[1517254365611]-[SELECT]-[END]:[OK]
[2018-01-29T13:32:45.631] [INFO] ICC - RID:[1517254365611]-[SELECT]-[START]
[2018-01-29T13:32:45.631] [DEBUG] DCC - RID:[1517254365611]-[SELECT]-[QUERY]:[SELECT
	CASE
	WHEN  MAX([ORD].[NUM_ORDEN]) IS NULL THEN 1
	ELSE MAX([ORD].[NUM_ORDEN])+1
	END  NEW_ORDEN
      
  FROM [dbo].[SLOAA_TR_ORDEN_SERVICIO] [ORD]
  LEFT JOIN [dbo].[SLOAA_TR_CREDENCIAL] [CRED] ON [ORD].[ID_CREDENCIAL]=[CRED].[ID_CREDENCIAL]
  WHERE
  1=1
	AND YEAR([ORD].[METAINFO_FECHA_CREACION])= YEAR(GetDate()) 
	AND [CRED].[ID_AUTORIDAD]=1]
[2018-01-29T13:32:45.652] [INFO] ICC - RID:[1517254365611]-[SELECT]-[END]:[OK]
[2018-01-29T13:32:45.652] [INFO] ICC - RID:[1517254365611]-[FREE-DML]-[START]
[2018-01-29T13:32:45.653] [DEBUG] DCC - RID:[1517254365611]-[FREE-DML]-[DML]:[INSERT INTO [dbo].[SLOAA_TR_ORDEN_SERVICIO]
  (
		
       [ORD].[NUM_ORDEN]
      ,[ORD].[FECHA_SOLICITUD]
      ,[ORD].[ID_CREDENCIAL]
      ,[ORD].[DOMICILIO]
      ,[ORD].[ID_STATUS]
      ,[ORD].[METAINFO_FECHA_CREACION]
      ,[ORD].[METAINFO_IP]
      ,[ORD].[METAINFO_MAC_ADRR]
      ,[ORD].[LLAVE_SISTEMA]
	  )
	  VALUES
	  (
	    42,
		'2018-01-29T19:32:00.000Z',
		1,
		'test',
		1,
		'2018-01-29T19:32:45.611Z',
		'::1',
		' ????????',
		'TNRS-Acapulco -SRyS Acapulco -2018-42'
	  )]
[2018-01-29T13:32:45.673] [INFO] ICC - RID:[1517254365611]-[FREE-DML]-[END]:[OK]
[2018-01-29T13:32:45.673] [INFO] ICC - RID:[1517254365611]-[SELECT]-[START]
[2018-01-29T13:32:45.673] [DEBUG] DCC - RID:[1517254365611]-[SELECT]-[QUERY]:[SELECT 
       [ID_ORDEN_SERVICIO]
      ,[NUM_ORDEN]
      ,[FECHA_SOLICITUD]
      ,[ID_CREDENCIAL]
      ,[DOMICILIO]
      ,[FIRMA1_USER1]
      ,[FIRMA1_USER2]
      ,[FIRMA2_USER1]
      ,[FIRMA2_USER2]
      ,[ID_STATUS]
      ,[METAINFO_FECHA_CREACION]
      ,[METAINFO_IP]
      ,[METAINFO_MAC_ADRR]
      ,[LLAVE_SISTEMA]
  FROM [SOA_db].[dbo].[SLOAA_TR_ORDEN_SERVICIO]
  WHERE [METAINFO_FECHA_CREACION]='2018-01-29T19:32:45.611Z']
[2018-01-29T13:32:45.691] [INFO] ICC - RID:[1517254365611]-[SELECT]-[END]:[OK]
[2018-01-29T13:32:45.691] [INFO] ICC - RID:[1517254365611]-[REQUEST]-[END]:[/createOrdenServicio]
[2018-01-29T13:32:46.708] [INFO] ICC - RID:[1517254366708]-[REQUEST]-[START]:[/getAllTipoServicio]
[2018-01-29T13:32:46.708] [INFO] ICC - RID:[1517254366708]-[SELECT]-[START]
[2018-01-29T13:32:46.708] [DEBUG] DCC - RID:[1517254366708]-[SELECT]-[QUERY]:[SELECT 
 DISTINCT([SEL].[ID_TIPO_SERVICIO]),
		  [SEL].[TIPO]
 FROM  (
		SELECT [PSXS].[ID_PRESTADOR_SERVICIO]
			  ,[PSXS].[ID_ZONA]
			  ,[PSXS].[ID_SUBZONA]
			  ,[PSXS].[ID_TIPO_SERVICIO]
			  ,[TS].[TIPO]
			  ,[PSXS].[ID_SERVICIO]
		  FROM [SLOAA_TC_PRESTADOR_SERVICIOS_X_SERVICIO] [PSXS]
		  LEFT JOIN [SLOAA_TC_TIPO_SERVICIO] [TS] ON [PSXS].[ID_TIPO_SERVICIO]=[TS].[ID_TIPO_SERVICIO]
		  WHERE 
		  1=1
		  AND [PSXS].[ID_ZONA]=3
  )[SEL] ]
[2018-01-29T13:32:46.725] [INFO] ICC - RID:[1517254366708]-[SELECT]-[END]:[OK]
[2018-01-29T13:32:46.725] [INFO] ICC - RID:[1517254366708]-[REQUEST]-[END]:[/getAllTipoServicio]
[2018-01-29T13:32:47.602] [INFO] ICC - RID:[1517254367602]-[REQUEST]-[START]:[/getAllSubZona]
[2018-01-29T13:32:47.603] [INFO] ICC - RID:[1517254367602]-[SELECT]-[START]
[2018-01-29T13:32:47.603] [DEBUG] DCC - RID:[1517254367602]-[SELECT]-[QUERY]:[SELECT [ID_SUBZONA],[SUBZONA] FROM [SLOAA_TC_SUBZONA] WHERE 1=1 AND [ID_ZONA]=3]
[2018-01-29T13:32:47.622] [INFO] ICC - RID:[1517254367602]-[SELECT]-[END]:[OK]
[2018-01-29T13:32:47.622] [INFO] ICC - RID:[1517254367602]-[REQUEST]-[END]:[/getAllSubZona]
[2018-01-29T13:32:48.873] [INFO] ICC - RID:[1517254368873]-[REQUEST]-[START]:[/getAllServicios]
[2018-01-29T13:32:48.873] [INFO] ICC - RID:[1517254368873]-[SELECT]-[START]
[2018-01-29T13:32:48.873] [DEBUG] DCC - RID:[1517254368873]-[SELECT]-[QUERY]:[SELECT 
 DISTINCT([SEL].[ID_SERVICIO]),
		  [SEL].[NOMBRE_SERVICIO]
 FROM  (
		SELECT [PSXS].[ID_PRESTADOR_SERVICIO]
			  ,[PSXS].[ID_ZONA]
			  ,[PSXS].[ID_SUBZONA]
			  ,[PSXS].[ID_TIPO_SERVICIO]
			  ,[PSXS].[ID_SERVICIO]
			  ,[SERV].[NOMBRE_SERVICIO]
		  FROM [SLOAA_TC_PRESTADOR_SERVICIOS_X_SERVICIO] [PSXS]
		  LEFT JOIN [SLOAA_TC_SERVICIO] [SERV] ON [PSXS].[ID_SERVICIO]=[SERV].[ID_SERVICIO]
		  WHERE 
		  1=1
		  AND [PSXS].[ID_ZONA]=3
		  AND [PSXS].[ID_SUBZONA]=1
		  AND [PSXS].[ID_TIPO_SERVICIO]=1
  )[SEL]]
[2018-01-29T13:32:48.891] [INFO] ICC - RID:[1517254368873]-[SELECT]-[END]:[OK]
[2018-01-29T13:32:48.891] [INFO] ICC - RID:[1517254368873]-[REQUEST]-[END]:[/getAllServicios]
[2018-01-29T13:32:49.829] [INFO] ICC - RID:[1517254369829]-[REQUEST]-[START]:[/getAllProvedores]
[2018-01-29T13:32:49.829] [INFO] ICC - RID:[1517254369829]-[SELECT]-[START]
[2018-01-29T13:32:49.829] [DEBUG] DCC - RID:[1517254369829]-[SELECT]-[QUERY]:[SELECT 
 DISTINCT([SEL].[ID_PRESTADOR_SERVICIO]),
		  [SEL].[NOMBRE]
 FROM  (
		SELECT [PSXS].[ID_PRESTADOR_SERVICIO]
			  ,[PSXS].[ID_ZONA]
			  ,[PSXS].[ID_SUBZONA]
			  ,[PSXS].[ID_TIPO_SERVICIO]
			  ,[PSXS].[ID_SERVICIO]
			  ,[PS].[NOMBRE]
			  ,[PS].[CORREO_ELECTRONICO]
		  FROM [SLOAA_TC_PRESTADOR_SERVICIOS_X_SERVICIO] [PSXS]
		  LEFT JOIN [SLOAA_TC_PRESTADOR_SERVICIOS] [PS] ON [PSXS].[ID_PRESTADOR_SERVICIO]=[PS].[ID_PRESTADOR_SERVICIO]
		  WHERE 
		  1=1
		  AND [PSXS].[ID_ZONA]=3
		  AND [PSXS].[ID_SUBZONA]=1
		  AND [PSXS].[ID_TIPO_SERVICIO]=1
		  AND [PSXS].[ID_SERVICIO]=1001
  )[SEL]]
[2018-01-29T13:32:49.847] [INFO] ICC - RID:[1517254369829]-[SELECT]-[END]:[OK]
[2018-01-29T13:32:49.848] [INFO] ICC - RID:[1517254369829]-[REQUEST]-[END]:[/getAllProvedores]
[2018-01-29T13:32:51.038] [INFO] ICC - RID:[1517254371038]-[REQUEST]-[START]:[/getUnidadYPrecioUnitarioXServicio]
[2018-01-29T13:32:51.039] [INFO] ICC - RID:[1517254371038]-[SELECT]-[START]
[2018-01-29T13:32:51.039] [DEBUG] DCC - RID:[1517254371038]-[SELECT]-[QUERY]:[SELECT [QRY].*,
	  [UNI].[UNIDAD]
	   FROM
(
  SELECT 
      DISTINCT([PU].[ID_UNIDAD]),
	  [PU].[PRECIO_UNITARIO]
  FROM [dbo].[SLOAA_TR_PRECIO_UNITARIO] [PU]
  WHERE 1=1 
  AND [PU].[ID_TIPO_SERVICIO]=1
  AND  [PU].[ID_SERVICIO]=1001
)[QRY]
LEFT JOIN [dbo].[SLOAA_TC_UNIDAD] [UNI] ON [QRY].[ID_UNIDAD]=[UNI].[ID_UNIDAD]]
[2018-01-29T13:32:51.057] [INFO] ICC - RID:[1517254371038]-[SELECT]-[END]:[OK]
[2018-01-29T13:32:51.057] [INFO] ICC - RID:[1517254371038]-[REQUEST]-[END]:[/getUnidadYPrecioUnitarioXServicio]
[2018-01-29T13:32:52.655] [INFO] ICC - RID:[1517254372655]-[REQUEST]-[START]:[/addCotizacion]
[2018-01-29T13:32:52.656] [INFO] ICC - RID:[1517254372655]-[FREE-DML]-[START]
[2018-01-29T13:32:52.656] [DEBUG] DCC - RID:[1517254372655]-[FREE-DML]-[DML]:[ INSERT INTO [dbo].[SLOAA_TR_SERVICIO_COTIZACION]
           (
            [ID_ORDEN_SERVICIO]
           ,[ID_TIPO_SERVICIO]
           ,[ID_SERVICIO]
           ,[ID_UNIDAD]
		   
		   
           ,[PRECIO_UNITARIO]
           ,[CANTIDAD]
           ,[COTIZACION]
		   
           ,[DEDUCCION_CANTIDAD]
           ,[DEDUCCION_TIEMPO]
           ,[CANCELACION]
           ,[DEDUCCION]
           ,[DEDUCCION_JUSTIFICACION]
           ,[PRECIO_SERVICIO_FINAL]
           ,[VALIDA_DISPONIBILIDAD]
           ,[ID_ZONA]
           ,[ID_SUBZONA]
           ,[ID_PRESTADOR_SERVICIO]
		   )
     VALUES
           (
		   21 
		   , 1 
		   , 1001 
		   , 1 
		   
		   , 1 
		   , 1 
		   , 1 
		   
		   
		   
		   , 0 
		   , 0 
		   , 0 
		   , 0 
		   , '' 
		   , 0 
		   , 0 
		   , 3
		   , 1
		   , 1
		   )]
[2018-01-29T13:32:52.722] [INFO] ICC - RID:[1517254372655]-[FREE-DML]-[END]:[OK]
[2018-01-29T13:32:52.722] [INFO] ICC - RID:[1517254372655]-[REQUEST]-[END]:[/addCotizacion]
[2018-01-29T13:32:52.787] [INFO] ICC - RID:[1517254372787]-[REQUEST]-[START]:[/getAllCotizacionXOrden]
[2018-01-29T13:32:52.787] [DEBUG] DCC - {"missing":[{"requiredFieldName":"idOrdenServicio","requiredFieldType":"string"}],"extra":[{"inputFieldName":"_dc","inputFieldType":"string"},{"inputFieldName":"uno","inputFieldType":"string"},{"inputFieldName":"page","inputFieldType":"string"},{"inputFieldName":"start","inputFieldType":"string"},{"inputFieldName":"limit","inputFieldType":"string"},{"inputFieldName":"callback","inputFieldType":"string"}]}
[2018-01-29T13:32:52.787] [ERROR] ECC - RID:[1517254372787]-[REQUEST]-[ERROR]:[Input parameter problem.]:[/getAllCotizacionXOrden]
[2018-01-29T13:37:09.945] [INFO] ICC - RID:[1517254629945]-[REQUEST]-[START]:[/defaultSelect]
[2018-01-29T13:37:09.946] [INFO] ICC - RID:[1517254629945]-[SELECT]-[START]
[2018-01-29T13:37:09.946] [DEBUG] DCC - RID:[1517254629945]-[SELECT]-[QUERY]:[SELECT [CRED].[ID_CREDENCIAL]
      ,[CRED].[NOMBRE]
      ,[CRED].[USUARIO_NOMBRE]
      ,[CRED].[ID_AUTORIDAD]
	  ,[AUTH].[NOMBRE_AUTORIDAD]
	  ,[AUTH].[ID_ZONA]
         ,[CRED].[ID_ROL]
	  ,[ROL].[NOMBRE_ROL]
	  ,[ROL].[PRIVILEGIOS]
      ,[CRED].[ID_CREDENCIAL_SUPERIOR]
  FROM [dbo].[SLOAA_TR_CREDENCIAL] [CRED]
  LEFT JOIN  [dbo].[SLOAA_TC_AUTORIDAD] [AUTH] ON [CRED].[ID_AUTORIDAD]=[AUTH].[ID_AUTORIDAD]
  LEFT JOIN  [dbo].[SLOAA_TS_ROL] [ROL] ON [CRED].[ID_ROL]=[ROL].[ID_ROL]
  
  WHERE 
	            [CRED].[USUARIO_NOMBRE]='carlos.palacios'
		AND [CRED].[USUARIO_PASSWORD]='12345']
[2018-01-29T13:37:09.966] [INFO] ICC - RID:[1517254629945]-[SELECT]-[END]:[OK]
[2018-01-29T13:37:09.966] [INFO] ICC - RID:[1517254629945]-[REQUEST]-[END]:[/defaultSelect]
[2018-01-29T13:37:10.201] [INFO] ICC - RID:[1517254630201]-[REQUEST]-[START]:[/getAllOrdenServicio]
[2018-01-29T13:37:10.202] [INFO] ICC - RID:[1517254630201]-[SELECT]-[START]
[2018-01-29T13:37:10.202] [DEBUG] DCC - RID:[1517254630201]-[SELECT]-[QUERY]:[SELECT  
	    [ORD].[ID_ORDEN_SERVICIO]
      ,[ORD].[NUM_ORDEN]
      ,[ORD].[FECHA_SOLICITUD]
      ,[ORD].[DOMICILIO]
      ,[ORD].[FIRMA1_USER1]
      ,[ORD].[FIRMA1_USER2]
      ,[ORD].[FIRMA2_USER1]
      ,[ORD].[FIRMA2_USER2]
      ,[ORD].[ID_STATUS]
      ,[ORD].[METAINFO_FECHA_CREACION]
      ,[ORD].[METAINFO_IP]
      ,[ORD].[METAINFO_MAC_ADRR]
      ,[ORD].[LLAVE_SISTEMA]
      ,[ORD].[CIERRE_TOTAL]
	  
	   ,[CRED].[ID_CREDENCIAL]
      ,[CRED].[NOMBRE]
      ,[CRED].[CARGO]
      ,[CRED].[TELEFONO]
      ,[CRED].[EXT]
      ,[CRED].[EMAIL]
      ,[CRED].[PTT]
      ,[CRED].[MOVIL]
      ,[CRED].[USUARIO_NOMBRE]
      ,[CRED].[USUARIO_PASSWORD]
      ,[CRED].[ID_ROL]
      ,[CRED].[ID_CREDENCIAL_SUPERIOR]

	   ,[AUTH].[ID_AUTORIDAD]
      ,[AUTH].[NOMBRE_AUTORIDAD]
      ,[AUTH].[ESTADO]
      ,[AUTH].[NIVEL]
      ,[AUTH].[SERVICIO]
      ,[AUTH].[ID_ZONA] 
         FROM 
  [SLOAA_TR_ORDEN_SERVICIO] [ORD]
 LEFT JOIN [SLOAA_TR_CREDENCIAL] [CRED] ON  [CRED].[ID_CREDENCIAL]=[ORD].[ID_CREDENCIAL]
 LEFT JOIN [SLOAA_TC_AUTORIDAD] [AUTH] ON  [AUTH].[ID_AUTORIDAD]=[CRED].[ID_AUTORIDAD]
  WHERE
  1=1
 ]
[2018-01-29T13:37:10.234] [INFO] ICC - RID:[1517254630201]-[SELECT]-[END]:[OK]
[2018-01-29T13:37:10.234] [INFO] ICC - RID:[1517254630201]-[REQUEST]-[END]:[/getAllOrdenServicio]
