[2018-01-29T13:31:07.224] [INFO] ICC - [BACKEND]-[WEBSERVICES] init on port:[3000]
[2018-01-29T13:31:31.878] [INFO] ICC - RID:[1517254291878]-[REQUEST]-[START]:[/defaultSelect]
[2018-01-29T13:31:31.879] [INFO] ICC - RID:[1517254291878]-[SELECT]-[START]
[2018-01-29T13:31:31.928] [INFO] ICC - RID:[1517254291878]-[SELECT]-[END]:[OK]
[2018-01-29T13:31:31.928] [INFO] ICC - RID:[1517254291878]-[REQUEST]-[END]:[/defaultSelect]
[2018-01-29T13:31:32.135] [INFO] ICC - RID:[1517254292135]-[REQUEST]-[START]:[/getAllOrdenServicio]
[2018-01-29T13:31:32.135] [INFO] ICC - RID:[1517254292135]-[SELECT]-[START]
[2018-01-29T13:31:32.162] [INFO] ICC - RID:[1517254292135]-[SELECT]-[END]:[OK]
[2018-01-29T13:31:32.163] [INFO] ICC - RID:[1517254292135]-[REQUEST]-[END]:[/getAllOrdenServicio]
[2018-01-29T13:31:33.310] [INFO] ICC - RID:[1517254293310]-[REQUEST]-[START]:[/getAllCotizacionXOrden]
[2018-01-29T13:31:33.312] [ERROR] ECC - RID:[1517254293310]-[REQUEST]-[ERROR]:[Input parameter problem.]:[/getAllCotizacionXOrden]
[2018-01-29T13:31:33.328] [INFO] ICC - RID:[1517254293328]-[REQUEST]-[START]:[/getAllCotizacionXOrden]
[2018-01-29T13:31:33.328] [ERROR] ECC - RID:[1517254293328]-[REQUEST]-[ERROR]:[Input parameter problem.]:[/getAllCotizacionXOrden]
[2018-01-29T13:31:36.586] [INFO] ICC - RID:[1517254296586]-[REQUEST]-[START]:[/createOrdenServicio]
[2018-01-29T13:31:36.586] [INFO] ICC - RID:[1517254296586]-[SELECT]-[START]
[2018-01-29T13:31:36.603] [INFO] ICC - RID:[1517254296586]-[SELECT]-[END]:[OK]
[2018-01-29T13:31:36.603] [INFO] ICC - RID:[1517254296586]-[SELECT]-[START]
[2018-01-29T13:31:36.618] [INFO] ICC - RID:[1517254296586]-[SELECT]-[END]:[OK]
[2018-01-29T13:31:36.618] [INFO] ICC - RID:[1517254296586]-[FREE-DML]-[START]
[2018-01-29T13:31:36.686] [INFO] ICC - RID:[1517254296586]-[FREE-DML]-[END]:[OK]
[2018-01-29T13:31:36.686] [INFO] ICC - RID:[1517254296586]-[SELECT]-[START]
[2018-01-29T13:31:36.708] [INFO] ICC - RID:[1517254296586]-[SELECT]-[END]:[OK]
[2018-01-29T13:31:36.708] [INFO] ICC - RID:[1517254296586]-[REQUEST]-[END]:[/createOrdenServicio]
[2018-01-29T13:31:37.718] [INFO] ICC - RID:[1517254297718]-[REQUEST]-[START]:[/getAllTipoServicio]
[2018-01-29T13:31:37.719] [INFO] ICC - RID:[1517254297718]-[SELECT]-[START]
[2018-01-29T13:31:37.740] [INFO] ICC - RID:[1517254297718]-[SELECT]-[END]:[OK]
[2018-01-29T13:31:37.740] [INFO] ICC - RID:[1517254297718]-[REQUEST]-[END]:[/getAllTipoServicio]
[2018-01-29T13:31:38.920] [INFO] ICC - RID:[1517254298920]-[REQUEST]-[START]:[/getAllSubZona]
[2018-01-29T13:31:38.920] [INFO] ICC - RID:[1517254298920]-[SELECT]-[START]
[2018-01-29T13:31:38.939] [INFO] ICC - RID:[1517254298920]-[SELECT]-[END]:[OK]
[2018-01-29T13:31:38.939] [INFO] ICC - RID:[1517254298920]-[REQUEST]-[END]:[/getAllSubZona]
[2018-01-29T13:31:40.423] [INFO] ICC - RID:[1517254300423]-[REQUEST]-[START]:[/getAllServicios]
[2018-01-29T13:31:40.424] [INFO] ICC - RID:[1517254300423]-[SELECT]-[START]
[2018-01-29T13:31:40.441] [INFO] ICC - RID:[1517254300423]-[SELECT]-[END]:[OK]
[2018-01-29T13:31:40.441] [INFO] ICC - RID:[1517254300423]-[REQUEST]-[END]:[/getAllServicios]
[2018-01-29T13:31:41.681] [INFO] ICC - RID:[1517254301681]-[REQUEST]-[START]:[/getAllProvedores]
[2018-01-29T13:31:41.682] [INFO] ICC - RID:[1517254301681]-[SELECT]-[START]
[2018-01-29T13:31:41.701] [INFO] ICC - RID:[1517254301681]-[SELECT]-[END]:[OK]
[2018-01-29T13:31:41.701] [INFO] ICC - RID:[1517254301681]-[REQUEST]-[END]:[/getAllProvedores]
[2018-01-29T13:31:42.883] [INFO] ICC - RID:[1517254302883]-[REQUEST]-[START]:[/getUnidadYPrecioUnitarioXServicio]
[2018-01-29T13:31:42.883] [INFO] ICC - RID:[1517254302883]-[SELECT]-[START]
[2018-01-29T13:31:42.904] [INFO] ICC - RID:[1517254302883]-[SELECT]-[END]:[OK]
[2018-01-29T13:31:42.904] [INFO] ICC - RID:[1517254302883]-[REQUEST]-[END]:[/getUnidadYPrecioUnitarioXServicio]
[2018-01-29T13:31:45.742] [INFO] ICC - RID:[1517254305742]-[REQUEST]-[START]:[/addCotizacion]
[2018-01-29T13:31:45.743] [ERROR] ECC - RID:[1517254305742]-[REQUEST]-[ERROR]:[Input parameter problem.]:[/addCotizacion]
[2018-01-29T13:32:39.781] [INFO] ICC - RID:[1517254359781]-[REQUEST]-[START]:[/defaultSelect]
[2018-01-29T13:32:39.782] [INFO] ICC - RID:[1517254359781]-[SELECT]-[START]
[2018-01-29T13:32:39.799] [INFO] ICC - RID:[1517254359781]-[SELECT]-[END]:[OK]
[2018-01-29T13:32:39.799] [INFO] ICC - RID:[1517254359781]-[REQUEST]-[END]:[/defaultSelect]
[2018-01-29T13:32:40.043] [INFO] ICC - RID:[1517254360043]-[REQUEST]-[START]:[/getAllOrdenServicio]
[2018-01-29T13:32:40.043] [INFO] ICC - RID:[1517254360043]-[SELECT]-[START]
[2018-01-29T13:32:40.069] [INFO] ICC - RID:[1517254360043]-[SELECT]-[END]:[OK]
[2018-01-29T13:32:40.069] [INFO] ICC - RID:[1517254360043]-[REQUEST]-[END]:[/getAllOrdenServicio]
[2018-01-29T13:32:42.662] [INFO] ICC - RID:[1517254362662]-[REQUEST]-[START]:[/getAllCotizacionXOrden]
[2018-01-29T13:32:42.663] [ERROR] ECC - RID:[1517254362662]-[REQUEST]-[ERROR]:[Input parameter problem.]:[/getAllCotizacionXOrden]
[2018-01-29T13:32:42.673] [INFO] ICC - RID:[1517254362673]-[REQUEST]-[START]:[/getAllCotizacionXOrden]
[2018-01-29T13:32:42.673] [ERROR] ECC - RID:[1517254362673]-[REQUEST]-[ERROR]:[Input parameter problem.]:[/getAllCotizacionXOrden]
[2018-01-29T13:32:45.611] [INFO] ICC - RID:[1517254365611]-[REQUEST]-[START]:[/createOrdenServicio]
[2018-01-29T13:32:45.611] [INFO] ICC - RID:[1517254365611]-[SELECT]-[START]
[2018-01-29T13:32:45.631] [INFO] ICC - RID:[1517254365611]-[SELECT]-[END]:[OK]
[2018-01-29T13:32:45.631] [INFO] ICC - RID:[1517254365611]-[SELECT]-[START]
[2018-01-29T13:32:45.652] [INFO] ICC - RID:[1517254365611]-[SELECT]-[END]:[OK]
[2018-01-29T13:32:45.652] [INFO] ICC - RID:[1517254365611]-[FREE-DML]-[START]
[2018-01-29T13:32:45.673] [INFO] ICC - RID:[1517254365611]-[FREE-DML]-[END]:[OK]
[2018-01-29T13:32:45.673] [INFO] ICC - RID:[1517254365611]-[SELECT]-[START]
[2018-01-29T13:32:45.691] [INFO] ICC - RID:[1517254365611]-[SELECT]-[END]:[OK]
[2018-01-29T13:32:45.691] [INFO] ICC - RID:[1517254365611]-[REQUEST]-[END]:[/createOrdenServicio]
[2018-01-29T13:32:46.708] [INFO] ICC - RID:[1517254366708]-[REQUEST]-[START]:[/getAllTipoServicio]
[2018-01-29T13:32:46.708] [INFO] ICC - RID:[1517254366708]-[SELECT]-[START]
[2018-01-29T13:32:46.725] [INFO] ICC - RID:[1517254366708]-[SELECT]-[END]:[OK]
[2018-01-29T13:32:46.725] [INFO] ICC - RID:[1517254366708]-[REQUEST]-[END]:[/getAllTipoServicio]
[2018-01-29T13:32:47.602] [INFO] ICC - RID:[1517254367602]-[REQUEST]-[START]:[/getAllSubZona]
[2018-01-29T13:32:47.603] [INFO] ICC - RID:[1517254367602]-[SELECT]-[START]
[2018-01-29T13:32:47.622] [INFO] ICC - RID:[1517254367602]-[SELECT]-[END]:[OK]
[2018-01-29T13:32:47.622] [INFO] ICC - RID:[1517254367602]-[REQUEST]-[END]:[/getAllSubZona]
[2018-01-29T13:32:48.873] [INFO] ICC - RID:[1517254368873]-[REQUEST]-[START]:[/getAllServicios]
[2018-01-29T13:32:48.873] [INFO] ICC - RID:[1517254368873]-[SELECT]-[START]
[2018-01-29T13:32:48.891] [INFO] ICC - RID:[1517254368873]-[SELECT]-[END]:[OK]
[2018-01-29T13:32:48.891] [INFO] ICC - RID:[1517254368873]-[REQUEST]-[END]:[/getAllServicios]
[2018-01-29T13:32:49.829] [INFO] ICC - RID:[1517254369829]-[REQUEST]-[START]:[/getAllProvedores]
[2018-01-29T13:32:49.829] [INFO] ICC - RID:[1517254369829]-[SELECT]-[START]
[2018-01-29T13:32:49.847] [INFO] ICC - RID:[1517254369829]-[SELECT]-[END]:[OK]
[2018-01-29T13:32:49.848] [INFO] ICC - RID:[1517254369829]-[REQUEST]-[END]:[/getAllProvedores]
[2018-01-29T13:32:51.038] [INFO] ICC - RID:[1517254371038]-[REQUEST]-[START]:[/getUnidadYPrecioUnitarioXServicio]
[2018-01-29T13:32:51.039] [INFO] ICC - RID:[1517254371038]-[SELECT]-[START]
[2018-01-29T13:32:51.057] [INFO] ICC - RID:[1517254371038]-[SELECT]-[END]:[OK]
[2018-01-29T13:32:51.057] [INFO] ICC - RID:[1517254371038]-[REQUEST]-[END]:[/getUnidadYPrecioUnitarioXServicio]
[2018-01-29T13:32:52.655] [INFO] ICC - RID:[1517254372655]-[REQUEST]-[START]:[/addCotizacion]
[2018-01-29T13:32:52.656] [INFO] ICC - RID:[1517254372655]-[FREE-DML]-[START]
[2018-01-29T13:32:52.722] [INFO] ICC - RID:[1517254372655]-[FREE-DML]-[END]:[OK]
[2018-01-29T13:32:52.722] [INFO] ICC - RID:[1517254372655]-[REQUEST]-[END]:[/addCotizacion]
[2018-01-29T13:32:52.787] [INFO] ICC - RID:[1517254372787]-[REQUEST]-[START]:[/getAllCotizacionXOrden]
[2018-01-29T13:32:52.787] [ERROR] ECC - RID:[1517254372787]-[REQUEST]-[ERROR]:[Input parameter problem.]:[/getAllCotizacionXOrden]
[2018-01-29T13:37:09.945] [INFO] ICC - RID:[1517254629945]-[REQUEST]-[START]:[/defaultSelect]
[2018-01-29T13:37:09.946] [INFO] ICC - RID:[1517254629945]-[SELECT]-[START]
[2018-01-29T13:37:09.966] [INFO] ICC - RID:[1517254629945]-[SELECT]-[END]:[OK]
[2018-01-29T13:37:09.966] [INFO] ICC - RID:[1517254629945]-[REQUEST]-[END]:[/defaultSelect]
[2018-01-29T13:37:10.201] [INFO] ICC - RID:[1517254630201]-[REQUEST]-[START]:[/getAllOrdenServicio]
[2018-01-29T13:37:10.202] [INFO] ICC - RID:[1517254630201]-[SELECT]-[START]
[2018-01-29T13:37:10.234] [INFO] ICC - RID:[1517254630201]-[SELECT]-[END]:[OK]
[2018-01-29T13:37:10.234] [INFO] ICC - RID:[1517254630201]-[REQUEST]-[END]:[/getAllOrdenServicio]
