[2018-01-19T22:38:16.091] [INFO] ICC - [BACKEND]-[WEBSERVICES] init on port:[3000]
[2018-01-19T22:38:29.232] [INFO] ICC - RID:[1516423109230]-[REQUEST]-[START]:[/getAllOrdenServicio]
[2018-01-19T22:38:29.233] [INFO] ICC - RID:[1516423109230]-[SELECT]-[START]
[2018-01-19T22:38:29.233] [DEBUG] DCC - RID:[1516423109230]-[SELECT]-[QUERY]:[SELECT  [ORD].[ID_ORDEN_SERVICIO]
      ,[ORD].[NUM_ORDEN]
      ,[ORD].[FECHA_SOLICITUD]
      ,[ORD].[ID_CREDENCIAL]
      ,[ORD].[DOMICILIO]
      ,[ORD].[FIRMA1_USER1]
      ,[ORD].[FIRMA1_USER2]
      ,[ORD].[FIRMA2_USER1]
      ,[ORD].[FIRMA2_USER2]
      ,[ORD].[ID_STATUS]
      ,[ORD].[METAINFO_FECHA_CREACION]
      ,[ORD].[METAINFO_IP]
      ,[ORD].[METAINFO_MAC_ADRR]
      ,[ORD].[LLAVE_SISTEMA]
  FROM [dbo].[SLOAA_TR_ORDEN_SERVICIO] [ORD]
  WHERE
  1=1
 ]
[2018-01-19T22:38:36.158] [INFO] ICC - RID:[1516423109230]-[SELECT]-[END]:[OK]
[2018-01-19T22:38:36.159] [INFO] ICC - RID:[1516423109230]-[REQUEST]-[END]:[/getAllOrdenServicio]
[2018-01-19T22:39:52.090] [INFO] ICC - RID:[1516423192090]-[REQUEST]-[START]:[/getAllOrdenServicio]
[2018-01-19T22:39:52.091] [INFO] ICC - RID:[1516423192090]-[SELECT]-[START]
[2018-01-19T22:39:52.092] [DEBUG] DCC - RID:[1516423192090]-[SELECT]-[QUERY]:[SELECT  [ORD].[ID_ORDEN_SERVICIO]
      ,[ORD].[NUM_ORDEN]
      ,[ORD].[FECHA_SOLICITUD]
      ,[ORD].[ID_CREDENCIAL]
      ,[ORD].[DOMICILIO]
      ,[ORD].[FIRMA1_USER1]
      ,[ORD].[FIRMA1_USER2]
      ,[ORD].[FIRMA2_USER1]
      ,[ORD].[FIRMA2_USER2]
      ,[ORD].[ID_STATUS]
      ,[ORD].[METAINFO_FECHA_CREACION]
      ,[ORD].[METAINFO_IP]
      ,[ORD].[METAINFO_MAC_ADRR]
      ,[ORD].[LLAVE_SISTEMA]
  FROM [dbo].[SLOAA_TR_ORDEN_SERVICIO] [ORD]
  WHERE
  1=1
    AND  [ORD].[ID_CREDENCIAL]=1
 ]
[2018-01-19T22:39:56.192] [INFO] ICC - RID:[1516423192090]-[SELECT]-[END]:[OK]
[2018-01-19T22:39:56.194] [INFO] ICC - RID:[1516423192090]-[REQUEST]-[END]:[/getAllOrdenServicio]
[2018-01-19T22:40:02.563] [INFO] ICC - RID:[1516423202562]-[REQUEST]-[START]:[/getAllOrdenServicio]
[2018-01-19T22:40:02.563] [INFO] ICC - RID:[1516423202562]-[SELECT]-[START]
[2018-01-19T22:40:02.563] [DEBUG] DCC - RID:[1516423202562]-[SELECT]-[QUERY]:[SELECT  [ORD].[ID_ORDEN_SERVICIO]
      ,[ORD].[NUM_ORDEN]
      ,[ORD].[FECHA_SOLICITUD]
      ,[ORD].[ID_CREDENCIAL]
      ,[ORD].[DOMICILIO]
      ,[ORD].[FIRMA1_USER1]
      ,[ORD].[FIRMA1_USER2]
      ,[ORD].[FIRMA2_USER1]
      ,[ORD].[FIRMA2_USER2]
      ,[ORD].[ID_STATUS]
      ,[ORD].[METAINFO_FECHA_CREACION]
      ,[ORD].[METAINFO_IP]
      ,[ORD].[METAINFO_MAC_ADRR]
      ,[ORD].[LLAVE_SISTEMA]
  FROM [dbo].[SLOAA_TR_ORDEN_SERVICIO] [ORD]
  WHERE
  1=1
    AND  [ORD].[ID_CREDENCIAL]=2
 ]
[2018-01-19T22:40:09.488] [INFO] ICC - RID:[1516423202562]-[SELECT]-[END]:[OK]
[2018-01-19T22:40:09.488] [INFO] ICC - RID:[1516423202562]-[REQUEST]-[END]:[/getAllOrdenServicio]
[2018-01-19T22:40:15.651] [INFO] ICC - RID:[1516423215651]-[REQUEST]-[START]:[/getAllOrdenServicio]
[2018-01-19T22:40:15.651] [INFO] ICC - RID:[1516423215651]-[SELECT]-[START]
[2018-01-19T22:40:15.651] [DEBUG] DCC - RID:[1516423215651]-[SELECT]-[QUERY]:[SELECT  [ORD].[ID_ORDEN_SERVICIO]
      ,[ORD].[NUM_ORDEN]
      ,[ORD].[FECHA_SOLICITUD]
      ,[ORD].[ID_CREDENCIAL]
      ,[ORD].[DOMICILIO]
      ,[ORD].[FIRMA1_USER1]
      ,[ORD].[FIRMA1_USER2]
      ,[ORD].[FIRMA2_USER1]
      ,[ORD].[FIRMA2_USER2]
      ,[ORD].[ID_STATUS]
      ,[ORD].[METAINFO_FECHA_CREACION]
      ,[ORD].[METAINFO_IP]
      ,[ORD].[METAINFO_MAC_ADRR]
      ,[ORD].[LLAVE_SISTEMA]
  FROM [dbo].[SLOAA_TR_ORDEN_SERVICIO] [ORD]
  WHERE
  1=1
    AND  [ORD].[ID_CREDENCIAL]=0
 ]
[2018-01-19T22:40:22.453] [INFO] ICC - RID:[1516423215651]-[SELECT]-[END]:[OK]
[2018-01-19T22:40:22.454] [INFO] ICC - RID:[1516423215651]-[REQUEST]-[END]:[/getAllOrdenServicio]
