[2018-01-21T00:01:17.071] [INFO] ICC - [BACKEND]-[WEBSERVICES] init on port:[3000]
[2018-01-21T00:01:21.665] [INFO] ICC - RID:[1516514481663]-[REQUEST]-[START]:[/createOrdenServicio]
[2018-01-21T00:01:21.693] [INFO] ICC - RID:[1516514481663]-[SELECT]-[START]
[2018-01-21T00:01:21.693] [DEBUG] DCC - RID:[1516514481663]-[SELECT]-[QUERY]:[SELECT [ID_AUTORIDAD]
      ,[NOMBRE_AUTORIDAD]
      ,[ESTADO]
      ,[NIVEL]
      ,[SERVICIO]
      ,[ZONA]
  FROM [SOA_db].[dbo].[SLOAA_TC_AUTORIDAD]
  WHERE  [ID_AUTORIDAD]=1]
[2018-01-21T00:01:28.608] [INFO] ICC - RID:[1516514481663]-[SELECT]-[END]:[OK]
[2018-01-21T00:01:28.610] [INFO] ICC - RID:[1516514481663]-[SELECT]-[START]
[2018-01-21T00:01:28.610] [DEBUG] DCC - RID:[1516514481663]-[SELECT]-[QUERY]:[SELECT
	CASE
	WHEN  MAX([ORD].[NUM_ORDEN]) IS NULL THEN 1
	ELSE MAX([ORD].[NUM_ORDEN])+1
	END  NEW_ORDEN
      
  FROM [dbo].[SLOAA_TR_ORDEN_SERVICIO] [ORD]
  LEFT JOIN [dbo].[SLOAA_TR_CREDENCIAL] [CRED] ON [ORD].[ID_CREDENCIAL]=[CRED].[ID_CREDENCIAL]
  WHERE
  1=1
	AND YEAR([ORD].[METAINFO_FECHA_CREACION])= YEAR(GetDate()) 
	AND [CRED].[ID_AUTORIDAD]=1]
[2018-01-21T00:01:35.494] [INFO] ICC - RID:[1516514481663]-[SELECT]-[END]:[OK]
[2018-01-21T00:01:35.497] [INFO] ICC - RID:[1516514481663]-[FREE-DML]-[START]
[2018-01-21T00:01:35.498] [DEBUG] DCC - RID:[1516514481663]-[FREE-DML]-[DML]:[INSERT INTO [dbo].[SLOAA_TR_ORDEN_SERVICIO]
  (
		
       [ORD].[NUM_ORDEN]
      ,[ORD].[FECHA_SOLICITUD]
      ,[ORD].[ID_CREDENCIAL]
      ,[ORD].[DOMICILIO]
      ,[ORD].[ID_STATUS]
      ,[ORD].[METAINFO_FECHA_CREACION]
      ,[ORD].[METAINFO_IP]
      ,[ORD].[METAINFO_MAC_ADRR]
      ,[ORD].[LLAVE_SISTEMA]
	  )
	  VALUES
	  (
	    41,
		'2012-06-18T10:34:09',
		1,
		'otro lugar',
		1,
		'2018-01-21T06:01:21.666Z',
		'::1',
		' ????????',
		'TNRS-Acapulco -SRyS Acapulco -2018-41'
	  )]
[2018-01-21T00:01:42.366] [INFO] ICC - RID:[1516514481663]-[FREE-DML]-[END]:[OK]
[2018-01-21T00:01:42.368] [INFO] ICC - RID:[1516514481663]-[SELECT]-[START]
[2018-01-21T00:01:42.369] [DEBUG] DCC - RID:[1516514481663]-[SELECT]-[QUERY]:[SELECT 
       [NUM_ORDEN]
      ,[FECHA_SOLICITUD]
      ,[ID_CREDENCIAL]
      ,[DOMICILIO]
      ,[FIRMA1_USER1]
      ,[FIRMA1_USER2]
      ,[FIRMA2_USER1]
      ,[FIRMA2_USER2]
      ,[ID_STATUS]
      ,[METAINFO_FECHA_CREACION]
      ,[METAINFO_IP]
      ,[METAINFO_MAC_ADRR]
      ,[LLAVE_SISTEMA]
  FROM [SOA_db].[dbo].[SLOAA_TR_ORDEN_SERVICIO]
  WHERE [METAINFO_FECHA_CREACION]='2018-01-21T06:01:21.666Z']
[2018-01-21T00:01:49.185] [INFO] ICC - RID:[1516514481663]-[SELECT]-[END]:[OK]
[2018-01-21T00:01:49.186] [INFO] ICC - RID:[1516514481663]-[REQUEST]-[END]:[/createOrdenServicio]
[2018-01-21T00:02:50.979] [INFO] ICC - RID:[1516514570979]-[REQUEST]-[START]:[/closeOrdenServicio]
[2018-01-21T00:02:50.980] [INFO] ICC - RID:[1516514570979]-[SELECT]-[START]
[2018-01-21T00:02:50.980] [DEBUG] DCC - RID:[1516514570979]-[SELECT]-[QUERY]:[  SELECT
	SUM([COTIZACION]-[DEDUCCION]) TOTAL
  FROM [dbo].[SLOAA_TR_SERVICIO_COTIZACION] [COT]
  WHERE
  [COT].[ID_ORDEN_SERVICIO]14]
[2018-01-21T00:02:57.774] [ERROR] ECC - RID:[1516514570979]-[SELECT]-[END]:[FAIL]:[Incorrect syntax near '14'.]
[2018-01-21T00:02:57.777] [ERROR] ECC - RID:[1516514570979]-[REQUEST]-[ERROR]:[Incorrect syntax near '14'.]:[/closeOrdenServicio]
